<?xml version="1.0" encoding="UTF-8"?>
<<<<<<< HEAD
<testsuite xmlns:xsi="http://www.w3.org/2001/XMLSchema-instance" xsi:noNamespaceSchemaLocation="https://maven.apache.org/surefire/maven-failsafe-plugin/xsd/failsafe-test-report-3.0.xsd" version="3.0" name="user on register page" time="59.369" tests="8" errors="0" skipped="0" failures="0">
  <properties>
    <property name="java.specification.version" value="17"/>
    <property name="webdriver.chrome.driver" value="C:\Users\LENOVO-PC\.cache\selenium\chromedriver\win32\103.0.5060.53\chromedriver.exe"/>
    <property name="sun.cpu.isalist" value="amd64"/>
    <property name="sun.jnu.encoding" value="Cp1252"/>
    <property name="java.class.path" value="C:\Users\LENOVO-PC\OneDrive - IT-PLN\Dokumen\apenim\Diskusiaza-QE\WEB DISKUSIAZA\target\test-classes;C:\Users\LENOVO-PC\.m2\repository\ch\qos\logback\logback-classic\1.2.3\logback-classic-1.2.3.jar;C:\Users\LENOVO-PC\.m2\repository\ch\qos\logback\logback-core\1.2.3\logback-core-1.2.3.jar;C:\Users\LENOVO-PC\.m2\repository\org\slf4j\slf4j-api\1.7.25\slf4j-api-1.7.25.jar;C:\Users\LENOVO-PC\.m2\repository\net\serenity-bdd\serenity-core\2.4.51\serenity-core-2.4.51.jar;C:\Users\LENOVO-PC\.m2\repository\net\serenity-bdd\serenity-model\2.4.51\serenity-model-2.4.51.jar;C:\Users\LENOVO-PC\.m2\repository\org\apache\commons\commons-text\1.9\commons-text-1.9.jar;C:\Users\LENOVO-PC\.m2\repository\commons-net\commons-net\3.6\commons-net-3.6.jar;C:\Users\LENOVO-PC\.m2\repository\com\google\guava\guava\30.1-jre\guava-30.1-jre.jar;C:\Users\LENOVO-PC\.m2\repository\com\google\guava\failureaccess\1.0.1\failureaccess-1.0.1.jar;C:\Users\LENOVO-PC\.m2\repository\com\google\guava\listenablefuture\9999.0-empty-to-avoid-conflict-with-guava\listenablefuture-9999.0-empty-to-avoid-conflict-with-guava.jar;C:\Users\LENOVO-PC\.m2\repository\com\google\code\findbugs\jsr305\3.0.2\jsr305-3.0.2.jar;C:\Users\LENOVO-PC\.m2\repository\org\checkerframework\checker-qual\3.5.0\checker-qual-3.5.0.jar;C:\Users\LENOVO-PC\.m2\repository\com\google\errorprone\error_prone_annotations\2.3.4\error_prone_annotations-2.3.4.jar;C:\Users\LENOVO-PC\.m2\repository\com\google\j2objc\j2objc-annotations\1.3\j2objc-annotations-1.3.jar;C:\Users\LENOVO-PC\.m2\repository\com\google\inject\guice\5.0.1\guice-5.0.1.jar;C:\Users\LENOVO-PC\.m2\repository\javax\inject\javax.inject\1\javax.inject-1.jar;C:\Users\LENOVO-PC\.m2\repository\aopalliance\aopalliance\1.0\aopalliance-1.0.jar;C:\Users\LENOVO-PC\.m2\repository\org\jsoup\jsoup\1.13.1\jsoup-1.13.1.jar;C:\Users\LENOVO-PC\.m2\repository\com\thoughtworks\xstream\xstream\1.4.17\xstream-1.4.17.jar;C:\Users\LENOVO-PC\.m2\repository\io\github\x-stream\mxparser\1.2.1\mxparser-1.2.1.jar;C:\Users\LENOVO-PC\.m2\repository\xmlpull\xmlpull\1.1.3.1\xmlpull-1.1.3.1.jar;C:\Users\LENOVO-PC\.m2\repository\io\cucumber\cucumber-core\6.10.2\cucumber-core-6.10.2.jar;C:\Users\LENOVO-PC\.m2\repository\io\cucumber\cucumber-gherkin\6.10.2\cucumber-gherkin-6.10.2.jar;C:\Users\LENOVO-PC\.m2\repository\io\cucumber\cucumber-gherkin-messages\6.10.2\cucumber-gherkin-messages-6.10.2.jar;C:\Users\LENOVO-PC\.m2\repository\io\cucumber\messages\14.0.1\messages-14.0.1.jar;C:\Users\LENOVO-PC\.m2\repository\io\cucumber\tag-expressions\3.0.0\tag-expressions-3.0.0.jar;C:\Users\LENOVO-PC\.m2\repository\io\cucumber\cucumber-expressions\10.3.0\cucumber-expressions-10.3.0.jar;C:\Users\LENOVO-PC\.m2\repository\io\cucumber\cucumber-plugin\6.10.2\cucumber-plugin-6.10.2.jar;C:\Users\LENOVO-PC\.m2\repository\io\cucumber\docstring\6.10.2\docstring-6.10.2.jar;C:\Users\LENOVO-PC\.m2\repository\io\cucumber\html-formatter\12.0.0\html-formatter-12.0.0.jar;C:\Users\LENOVO-PC\.m2\repository\io\cucumber\create-meta\3.0.0\create-meta-3.0.0.jar;C:\Users\LENOVO-PC\.m2\repository\com\typesafe\config\1.3.1\config-1.3.1.jar;C:\Users\LENOVO-PC\.m2\repository\org\imgscalr\imgscalr-lib\4.2\imgscalr-lib-4.2.jar;C:\Users\LENOVO-PC\.m2\repository\org\awaitility\awaitility\4.0.3\awaitility-4.0.3.jar;C:\Users\LENOVO-PC\.m2\repository\org\freemarker\freemarker\2.3.29\freemarker-2.3.29.jar;C:\Users\LENOVO-PC\.m2\repository\net\sourceforge\jexcelapi\jxl\2.6.12\jxl-2.6.12.jar;C:\Users\LENOVO-PC\.m2\repository\org\asciidoctor\asciidoctorj\2.5.1\asciidoctorj-2.5.1.jar;C:\Users\LENOVO-PC\.m2\repository\org\asciidoctor\asciidoctorj-api\2.5.1\asciidoctorj-api-2.5.1.jar;C:\Users\LENOVO-PC\.m2\repository\org\jruby\jruby\9.2.17.0\jruby-9.2.17.0.jar;C:\Users\LENOVO-PC\.m2\repository\org\jruby\jruby-core\9.2.17.0\jruby-core-9.2.17.0.jar;C:\Users\LENOVO-PC\.m2\repository\com\github\jnr\jnr-netdb\1.2.0\jnr-netdb-1.2.0.jar;C:\Users\LENOVO-PC\.m2\repository\com\github\jnr\jnr-enxio\0.32.3\jnr-enxio-0.32.3.jar;C:\Users\LENOVO-PC\.m2\repository\com\github\jnr\jnr-unixsocket\0.38.5\jnr-unixsocket-0.38.5.jar;C:\Users\LENOVO-PC\.m2\repository\com\github\jnr\jnr-posix\3.1.4\jnr-posix-3.1.4.jar;C:\Users\LENOVO-PC\.m2\repository\com\github\jnr\jnr-constants\0.10.1\jnr-constants-0.10.1.jar;C:\Users\LENOVO-PC\.m2\repository\com\github\jnr\jffi\1.3.1\jffi-1.3.1.jar;C:\Users\LENOVO-PC\.m2\repository\com\github\jnr\jffi\1.3.1\jffi-1.3.1-native.jar;C:\Users\LENOVO-PC\.m2\repository\org\jruby\joni\joni\2.1.31\joni-2.1.31.jar;C:\Users\LENOVO-PC\.m2\repository\org\jruby\jcodings\jcodings\1.0.46\jcodings-1.0.46.jar;C:\Users\LENOVO-PC\.m2\repository\org\jruby\dirgra\0.3\dirgra-0.3.jar;C:\Users\LENOVO-PC\.m2\repository\com\headius\invokebinder\1.11\invokebinder-1.11.jar;C:\Users\LENOVO-PC\.m2\repository\com\headius\options\1.4\options-1.4.jar;C:\Users\LENOVO-PC\.m2\repository\com\jcraft\jzlib\1.1.3\jzlib-1.1.3.jar;C:\Users\LENOVO-PC\.m2\repository\com\martiansoftware\nailgun-server\0.9.1\nailgun-server-0.9.1.jar;C:\Users\LENOVO-PC\.m2\repository\com\headius\backport9\1.8\backport9-1.8.jar;C:\Users\LENOVO-PC\.m2\repository\javax\annotation\javax.annotation-api\1.3.1\javax.annotation-api-1.3.1.jar;C:\Users\LENOVO-PC\.m2\repository\org\jruby\jruby-stdlib\9.2.17.0\jruby-stdlib-9.2.17.0.jar;C:\Users\LENOVO-PC\.m2\repository\net\bytebuddy\byte-buddy\1.11.1\byte-buddy-1.11.1.jar;C:\Users\LENOVO-PC\.m2\repository\net\bytebuddy\byte-buddy-agent\1.11.1\byte-buddy-agent-1.11.1.jar;C:\Users\LENOVO-PC\.m2\repository\org\objenesis\objenesis\3.1\objenesis-3.1.jar;C:\Users\LENOVO-PC\.m2\repository\net\serenity-bdd\serenity-reports\2.4.51\serenity-reports-2.4.51.jar;C:\Users\LENOVO-PC\.m2\repository\net\serenity-bdd\serenity-stats\2.4.51\serenity-stats-2.4.51.jar;C:\Users\LENOVO-PC\.m2\repository\org\jetbrains\kotlin\kotlin-stdlib\1.5.0\kotlin-stdlib-1.5.0.jar;C:\Users\LENOVO-PC\.m2\repository\org\jetbrains\annotations\13.0\annotations-13.0.jar;C:\Users\LENOVO-PC\.m2\repository\org\jetbrains\kotlin\kotlin-stdlib-common\1.5.0\kotlin-stdlib-common-1.5.0.jar;C:\Users\LENOVO-PC\.m2\repository\net\serenity-bdd\serenity-reports-configuration\2.4.51\serenity-reports-configuration-2.4.51.jar;C:\Users\LENOVO-PC\.m2\repository\com\vladsch\flexmark\flexmark-all\0.34.30\flexmark-all-0.34.30.jar;C:\Users\LENOVO-PC\.m2\repository\com\vladsch\flexmark\flexmark\0.34.30\flexmark-0.34.30.jar;C:\Users\LENOVO-PC\.m2\repository\com\vladsch\flexmark\flexmark-ext-abbreviation\0.34.30\flexmark-ext-abbreviation-0.34.30.jar;C:\Users\LENOVO-PC\.m2\repository\com\vladsch\flexmark\flexmark-ext-admonition\0.34.30\flexmark-ext-admonition-0.34.30.jar;C:\Users\LENOVO-PC\.m2\repository\com\vladsch\flexmark\flexmark-ext-anchorlink\0.34.30\flexmark-ext-anchorlink-0.34.30.jar;C:\Users\LENOVO-PC\.m2\repository\com\vladsch\flexmark\flexmark-ext-aside\0.34.30\flexmark-ext-aside-0.34.30.jar;C:\Users\LENOVO-PC\.m2\repository\com\vladsch\flexmark\flexmark-ext-attributes\0.34.30\flexmark-ext-attributes-0.34.30.jar;C:\Users\LENOVO-PC\.m2\repository\com\vladsch\flexmark\flexmark-ext-autolink\0.34.30\flexmark-ext-autolink-0.34.30.jar;C:\Users\LENOVO-PC\.m2\repository\org\nibor\autolink\autolink\0.6.0\autolink-0.6.0.jar;C:\Users\LENOVO-PC\.m2\repository\com\vladsch\flexmark\flexmark-ext-definition\0.34.30\flexmark-ext-definition-0.34.30.jar;C:\Users\LENOVO-PC\.m2\repository\com\vladsch\flexmark\flexmark-ext-emoji\0.34.30\flexmark-ext-emoji-0.34.30.jar;C:\Users\LENOVO-PC\.m2\repository\com\vladsch\flexmark\flexmark-ext-enumerated-reference\0.34.30\flexmark-ext-enumerated-reference-0.34.30.jar;C:\Users\LENOVO-PC\.m2\repository\com\vladsch\flexmark\flexmark-ext-escaped-character\0.34.30\flexmark-ext-escaped-character-0.34.30.jar;C:\Users\LENOVO-PC\.m2\repository\com\vladsch\flexmark\flexmark-ext-footnotes\0.34.30\flexmark-ext-footnotes-0.34.30.jar;C:\Users\LENOVO-PC\.m2\repository\com\vladsch\flexmark\flexmark-ext-gfm-issues\0.34.30\flexmark-ext-gfm-issues-0.34.30.jar;C:\Users\LENOVO-PC\.m2\repository\com\vladsch\flexmark\flexmark-ext-gfm-strikethrough\0.34.30\flexmark-ext-gfm-strikethrough-0.34.30.jar;C:\Users\LENOVO-PC\.m2\repository\com\vladsch\flexmark\flexmark-ext-gfm-tables\0.34.30\flexmark-ext-gfm-tables-0.34.30.jar;C:\Users\LENOVO-PC\.m2\repository\com\vladsch\flexmark\flexmark-ext-gfm-tasklist\0.34.30\flexmark-ext-gfm-tasklist-0.34.30.jar;C:\Users\LENOVO-PC\.m2\repository\com\vladsch\flexmark\flexmark-ext-gfm-users\0.34.30\flexmark-ext-gfm-users-0.34.30.jar;C:\Users\LENOVO-PC\.m2\repository\com\vladsch\flexmark\flexmark-ext-gitlab\0.34.30\flexmark-ext-gitlab-0.34.30.jar;C:\Users\LENOVO-PC\.m2\repository\com\vladsch\flexmark\flexmark-ext-jekyll-front-matter\0.34.30\flexmark-ext-jekyll-front-matter-0.34.30.jar;C:\Users\LENOVO-PC\.m2\repository\com\vladsch\flexmark\flexmark-ext-jekyll-tag\0.34.30\flexmark-ext-jekyll-tag-0.34.30.jar;C:\Users\LENOVO-PC\.m2\repository\com\vladsch\flexmark\flexmark-ext-media-tags\0.34.30\flexmark-ext-media-tags-0.34.30.jar;C:\Users\LENOVO-PC\.m2\repository\com\vladsch\flexmark\flexmark-test-util\0.34.30\flexmark-test-util-0.34.30.jar;C:\Users\LENOVO-PC\.m2\repository\com\vladsch\flexmark\flexmark-ext-ins\0.34.30\flexmark-ext-ins-0.34.30.jar;C:\Users\LENOVO-PC\.m2\repository\com\vladsch\flexmark\flexmark-ext-xwiki-macros\0.34.30\flexmark-ext-xwiki-macros-0.34.30.jar;C:\Users\LENOVO-PC\.m2\repository\com\vladsch\flexmark\flexmark-ext-superscript\0.34.30\flexmark-ext-superscript-0.34.30.jar;C:\Users\LENOVO-PC\.m2\repository\com\vladsch\flexmark\flexmark-ext-tables\0.34.30\flexmark-ext-tables-0.34.30.jar;C:\Users\LENOVO-PC\.m2\repository\com\vladsch\flexmark\flexmark-ext-toc\0.34.30\flexmark-ext-toc-0.34.30.jar;C:\Users\LENOVO-PC\.m2\repository\com\vladsch\flexmark\flexmark-ext-typographic\0.34.30\flexmark-ext-typographic-0.34.30.jar;C:\Users\LENOVO-PC\.m2\repository\com\vladsch\flexmark\flexmark-ext-wikilink\0.34.30\flexmark-ext-wikilink-0.34.30.jar;C:\Users\LENOVO-PC\.m2\repository\com\vladsch\flexmark\flexmark-ext-yaml-front-matter\0.34.30\flexmark-ext-yaml-front-matter-0.34.30.jar;C:\Users\LENOVO-PC\.m2\repository\com\vladsch\flexmark\flexmark-ext-youtube-embedded\0.34.30\flexmark-ext-youtube-embedded-0.34.30.jar;C:\Users\LENOVO-PC\.m2\repository\com\vladsch\flexmark\flexmark-formatter\0.34.30\flexmark-formatter-0.34.30.jar;C:\Users\LENOVO-PC\.m2\repository\com\vladsch\flexmark\flexmark-html-parser\0.34.30\flexmark-html-parser-0.34.30.jar;C:\Users\LENOVO-PC\.m2\repository\com\vladsch\flexmark\flexmark-jira-converter\0.34.30\flexmark-jira-converter-0.34.30.jar;C:\Users\LENOVO-PC\.m2\repository\com\vladsch\flexmark\flexmark-pdf-converter\0.34.30\flexmark-pdf-converter-0.34.30.jar;C:\Users\LENOVO-PC\.m2\repository\com\openhtmltopdf\openhtmltopdf-core\0.0.1-RC13\openhtmltopdf-core-0.0.1-RC13.jar;C:\Users\LENOVO-PC\.m2\repository\com\openhtmltopdf\openhtmltopdf-pdfbox\0.0.1-RC13\openhtmltopdf-pdfbox-0.0.1-RC13.jar;C:\Users\LENOVO-PC\.m2\repository\org\apache\pdfbox\pdfbox\2.0.8\pdfbox-2.0.8.jar;C:\Users\LENOVO-PC\.m2\repository\org\apache\pdfbox\fontbox\2.0.8\fontbox-2.0.8.jar;C:\Users\LENOVO-PC\.m2\repository\org\apache\pdfbox\xmpbox\2.0.8\xmpbox-2.0.8.jar;C:\Users\LENOVO-PC\.m2\repository\de\rototor\pdfbox\graphics2d\0.12\graphics2d-0.12.jar;C:\Users\LENOVO-PC\.m2\repository\com\openhtmltopdf\openhtmltopdf-rtl-support\0.0.1-RC13\openhtmltopdf-rtl-support-0.0.1-RC13.jar;C:\Users\LENOVO-PC\.m2\repository\com\ibm\icu\icu4j\59.1\icu4j-59.1.jar;C:\Users\LENOVO-PC\.m2\repository\com\openhtmltopdf\openhtmltopdf-jsoup-dom-converter\0.0.1-RC13\openhtmltopdf-jsoup-dom-converter-0.0.1-RC13.jar;C:\Users\LENOVO-PC\.m2\repository\com\vladsch\flexmark\flexmark-profile-pegdown\0.34.30\flexmark-profile-pegdown-0.34.30.jar;C:\Users\LENOVO-PC\.m2\repository\com\vladsch\flexmark\flexmark-util\0.34.30\flexmark-util-0.34.30.jar;C:\Users\LENOVO-PC\.m2\repository\com\vladsch\flexmark\flexmark-youtrack-converter\0.34.30\flexmark-youtrack-converter-0.34.30.jar;C:\Users\LENOVO-PC\.m2\repository\es\nitaur\markdown\txtmark\0.16\txtmark-0.16.jar;C:\Users\LENOVO-PC\.m2\repository\net\serenity-bdd\serenity-report-resources\2.4.51\serenity-report-resources-2.4.51.jar;C:\Users\LENOVO-PC\.m2\repository\com\google\code\gson\gson\2.8.7\gson-2.8.7.jar;C:\Users\LENOVO-PC\.m2\repository\com\fasterxml\jackson\core\jackson-core\2.12.4\jackson-core-2.12.4.jar;C:\Users\LENOVO-PC\.m2\repository\com\fasterxml\jackson\core\jackson-databind\2.12.4\jackson-databind-2.12.4.jar;C:\Users\LENOVO-PC\.m2\repository\com\fasterxml\jackson\core\jackson-annotations\2.12.4\jackson-annotations-2.12.4.jar;C:\Users\LENOVO-PC\.m2\repository\commons-codec\commons-codec\1.15\commons-codec-1.15.jar;C:\Users\LENOVO-PC\.m2\repository\commons-io\commons-io\2.8.0\commons-io-2.8.0.jar;C:\Users\LENOVO-PC\.m2\repository\org\seleniumhq\selenium\selenium-server\3.141.59\selenium-server-3.141.59.jar;C:\Users\LENOVO-PC\.m2\repository\org\seleniumhq\selenium\selenium-opera-driver\3.141.59\selenium-opera-driver-3.141.59.jar;C:\Users\LENOVO-PC\.m2\repository\org\seleniumhq\selenium\selenium-remote-driver\3.141.59\selenium-remote-driver-3.141.59.jar;C:\Users\LENOVO-PC\.m2\repository\org\seleniumhq\selenium\selenium-safari-driver\3.141.59\selenium-safari-driver-3.141.59.jar;C:\Users\LENOVO-PC\.m2\repository\com\beust\jcommander\1.72\jcommander-1.72.jar;C:\Users\LENOVO-PC\.m2\repository\org\apache\commons\commons-exec\1.3\commons-exec-1.3.jar;C:\Users\LENOVO-PC\.m2\repository\net\jcip\jcip-annotations\1.0\jcip-annotations-1.0.jar;C:\Users\LENOVO-PC\.m2\repository\org\seleniumhq\selenium\jetty-repacked\9.4.12.v20180830\jetty-repacked-9.4.12.v20180830.jar;C:\Users\LENOVO-PC\.m2\repository\com\squareup\okhttp3\okhttp\3.11.0\okhttp-3.11.0.jar;C:\Users\LENOVO-PC\.m2\repository\com\squareup\okio\okio\1.14.0\okio-1.14.0.jar;C:\Users\LENOVO-PC\.m2\repository\javax\servlet\javax.servlet-api\3.1.0\javax.servlet-api-3.1.0.jar;C:\Users\LENOVO-PC\.m2\repository\org\yaml\snakeyaml\1.19\snakeyaml-1.19.jar;C:\Users\LENOVO-PC\.m2\repository\org\seleniumhq\selenium\selenium-java\3.141.59\selenium-java-3.141.59.jar;C:\Users\LENOVO-PC\.m2\repository\org\seleniumhq\selenium\selenium-api\3.141.59\selenium-api-3.141.59.jar;C:\Users\LENOVO-PC\.m2\repository\org\seleniumhq\selenium\selenium-support\3.141.59\selenium-support-3.141.59.jar;C:\Users\LENOVO-PC\.m2\repository\org\seleniumhq\selenium\selenium-chrome-driver\3.141.59\selenium-chrome-driver-3.141.59.jar;C:\Users\LENOVO-PC\.m2\repository\org\seleniumhq\selenium\selenium-firefox-driver\3.141.59\selenium-firefox-driver-3.141.59.jar;C:\Users\LENOVO-PC\.m2\repository\org\seleniumhq\selenium\selenium-edge-driver\3.141.59\selenium-edge-driver-3.141.59.jar;C:\Users\LENOVO-PC\.m2\repository\org\seleniumhq\selenium\selenium-ie-driver\3.141.59\selenium-ie-driver-3.141.59.jar;C:\Users\LENOVO-PC\.m2\repository\net\sourceforge\htmlunit\htmlunit\2.47.1\htmlunit-2.47.1.jar;C:\Users\LENOVO-PC\.m2\repository\xalan\xalan\2.7.2\xalan-2.7.2.jar;C:\Users\LENOVO-PC\.m2\repository\xalan\serializer\2.7.2\serializer-2.7.2.jar;C:\Users\LENOVO-PC\.m2\repository\net\sourceforge\htmlunit\htmlunit-core-js\2.47.0\htmlunit-core-js-2.47.0.jar;C:\Users\LENOVO-PC\.m2\repository\net\sourceforge\htmlunit\neko-htmlunit\2.47.1\neko-htmlunit-2.47.1.jar;C:\Users\LENOVO-PC\.m2\repository\xerces\xercesImpl\2.12.0\xercesImpl-2.12.0.jar;C:\Users\LENOVO-PC\.m2\repository\xml-apis\xml-apis\1.4.01\xml-apis-1.4.01.jar;C:\Users\LENOVO-PC\.m2\repository\net\sourceforge\htmlunit\htmlunit-cssparser\1.7.0\htmlunit-cssparser-1.7.0.jar;C:\Users\LENOVO-PC\.m2\repository\org\brotli\dec\0.1.2\dec-0.1.2.jar;C:\Users\LENOVO-PC\.m2\repository\com\shapesecurity\salvation2\3.0.0\salvation2-3.0.0.jar;C:\Users\LENOVO-PC\.m2\repository\org\eclipse\jetty\websocket\websocket-client\9.4.36.v20210114\websocket-client-9.4.36.v20210114.jar;C:\Users\LENOVO-PC\.m2\repository\org\eclipse\jetty\jetty-client\9.4.36.v20210114\jetty-client-9.4.36.v20210114.jar;C:\Users\LENOVO-PC\.m2\repository\org\eclipse\jetty\jetty-http\9.4.36.v20210114\jetty-http-9.4.36.v20210114.jar;C:\Users\LENOVO-PC\.m2\repository\org\eclipse\jetty\jetty-util\9.4.36.v20210114\jetty-util-9.4.36.v20210114.jar;C:\Users\LENOVO-PC\.m2\repository\org\eclipse\jetty\jetty-io\9.4.36.v20210114\jetty-io-9.4.36.v20210114.jar;C:\Users\LENOVO-PC\.m2\repository\org\eclipse\jetty\websocket\websocket-common\9.4.36.v20210114\websocket-common-9.4.36.v20210114.jar;C:\Users\LENOVO-PC\.m2\repository\org\eclipse\jetty\websocket\websocket-api\9.4.36.v20210114\websocket-api-9.4.36.v20210114.jar;C:\Users\LENOVO-PC\.m2\repository\org\projectlombok\lombok\1.18.20\lombok-1.18.20.jar;C:\Users\LENOVO-PC\.m2\repository\org\seleniumhq\selenium\htmlunit-driver\2.47.1\htmlunit-driver-2.47.1.jar;C:\Users\LENOVO-PC\.m2\repository\com\codeborne\phantomjsdriver\1.4.4\phantomjsdriver-1.4.4.jar;C:\Users\LENOVO-PC\.m2\repository\io\appium\java-client\7.5.1\java-client-7.5.1.jar;C:\Users\LENOVO-PC\.m2\repository\commons-validator\commons-validator\1.7\commons-validator-1.7.jar;C:\Users\LENOVO-PC\.m2\repository\commons-digester\commons-digester\2.1\commons-digester-2.1.jar;C:\Users\LENOVO-PC\.m2\repository\org\aspectj\aspectjweaver\1.9.6\aspectjweaver-1.9.6.jar;C:\Users\LENOVO-PC\.m2\repository\net\sf\opencsv\opencsv\2.0\opencsv-2.0.jar;C:\Users\LENOVO-PC\.m2\repository\commons-beanutils\commons-beanutils\1.9.4\commons-beanutils-1.9.4.jar;C:\Users\LENOVO-PC\.m2\repository\org\apache\commons\commons-lang3\3.11\commons-lang3-3.11.jar;C:\Users\LENOVO-PC\.m2\repository\commons-collections\commons-collections\3.2.2\commons-collections-3.2.2.jar;C:\Users\LENOVO-PC\.m2\repository\org\fluentlenium\fluentlenium-core\0.10.2\fluentlenium-core-0.10.2.jar;C:\Users\LENOVO-PC\.m2\repository\io\github\bonigarcia\webdrivermanager\4.4.1\webdrivermanager-4.4.1.jar;C:\Users\LENOVO-PC\.m2\repository\org\apache\httpcomponents\client5\httpclient5\5.0.3\httpclient5-5.0.3.jar;C:\Users\LENOVO-PC\.m2\repository\org\apache\httpcomponents\core5\httpcore5\5.0.2\httpcore5-5.0.2.jar;C:\Users\LENOVO-PC\.m2\repository\org\apache\httpcomponents\core5\httpcore5-h2\5.0.2\httpcore5-h2-5.0.2.jar;C:\Users\LENOVO-PC\.m2\repository\org\rauschig\jarchivelib\1.1.0\jarchivelib-1.1.0.jar;C:\Users\LENOVO-PC\.m2\repository\org\apache\commons\commons-compress\1.20\commons-compress-1.20.jar;C:\Users\LENOVO-PC\.m2\repository\com\jhlabs\filters\2.0.235\filters-2.0.235.jar;C:\Users\LENOVO-PC\.m2\repository\com\paulhammant\ngwebdriver\1.1.5\ngwebdriver-1.1.5.jar;C:\Users\LENOVO-PC\.m2\repository\joda-time\joda-time\2.8.2\joda-time-2.8.2.jar;C:\Users\LENOVO-PC\.m2\repository\com\google\jimfs\jimfs\1.1\jimfs-1.1.jar;C:\Users\LENOVO-PC\.m2\repository\org\mockito\mockito-core\3.3.3\mockito-core-3.3.3.jar;C:\Users\LENOVO-PC\.m2\repository\javax\xml\bind\jaxb-api\2.3.1\jaxb-api-2.3.1.jar;C:\Users\LENOVO-PC\.m2\repository\javax\activation\javax.activation-api\1.2.0\javax.activation-api-1.2.0.jar;C:\Users\LENOVO-PC\.m2\repository\com\sun\xml\bind\jaxb-core\2.3.0.1\jaxb-core-2.3.0.1.jar;C:\Users\LENOVO-PC\.m2\repository\com\sun\xml\bind\jaxb-impl\2.3.3\jaxb-impl-2.3.3.jar;C:\Users\LENOVO-PC\.m2\repository\com\sun\activation\jakarta.activation\1.2.2\jakarta.activation-1.2.2.jar;C:\Users\LENOVO-PC\.m2\repository\javax\activation\activation\1.1.1\activation-1.1.1.jar;C:\Users\LENOVO-PC\.m2\repository\net\serenity-bdd\serenity-junit\2.4.51\serenity-junit-2.4.51.jar;C:\Users\LENOVO-PC\.m2\repository\com\googlecode\json-simple\json-simple\1.1.1\json-simple-1.1.1.jar;C:\Users\LENOVO-PC\.m2\repository\net\serenity-bdd\serenity-rest-assured\2.4.51\serenity-rest-assured-2.4.51.jar;C:\Users\LENOVO-PC\.m2\repository\org\codehaus\groovy\groovy-json\3.0.8\groovy-json-3.0.8.jar;C:\Users\LENOVO-PC\.m2\repository\org\opentest4j\opentest4j\1.2.0\opentest4j-1.2.0.jar;C:\Users\LENOVO-PC\.m2\repository\net\serenity-bdd\serenity-screenplay\2.4.51\serenity-screenplay-2.4.51.jar;C:\Users\LENOVO-PC\.m2\repository\net\serenity-bdd\serenity-screenplay-rest\2.4.51\serenity-screenplay-rest-2.4.51.jar;C:\Users\LENOVO-PC\.m2\repository\net\serenity-bdd\serenity-cucumber6\2.4.51\serenity-cucumber6-2.4.51.jar;C:\Users\LENOVO-PC\.m2\repository\net\serenity-bdd\serenity-screenplay-webdriver\2.4.51\serenity-screenplay-webdriver-2.4.51.jar;C:\Users\LENOVO-PC\.m2\repository\io\cucumber\cucumber-java\6.10.4\cucumber-java-6.10.4.jar;C:\Users\LENOVO-PC\.m2\repository\org\apiguardian\apiguardian-api\1.1.1\apiguardian-api-1.1.1.jar;C:\Users\LENOVO-PC\.m2\repository\io\cucumber\cucumber-junit\6.10.4\cucumber-junit-6.10.4.jar;C:\Users\LENOVO-PC\.m2\repository\io\cucumber\datatable-matchers\3.4.0\datatable-matchers-3.4.0.jar;C:\Users\LENOVO-PC\.m2\repository\io\cucumber\datatable\3.4.0\datatable-3.4.0.jar;C:\Users\LENOVO-PC\.m2\repository\commons-logging\commons-logging\1.2\commons-logging-1.2.jar;C:\Users\LENOVO-PC\.m2\repository\org\apache\commons\commons-csv\1.5\commons-csv-1.5.jar;C:\Users\LENOVO-PC\.m2\repository\io\rest-assured\rest-assured\4.3.2\rest-assured-4.3.2.jar;C:\Users\LENOVO-PC\.m2\repository\org\apache\httpcomponents\httpclient\4.5.3\httpclient-4.5.3.jar;C:\Users\LENOVO-PC\.m2\repository\org\apache\httpcomponents\httpcore\4.4.6\httpcore-4.4.6.jar;C:\Users\LENOVO-PC\.m2\repository\org\apache\httpcomponents\httpmime\4.5.3\httpmime-4.5.3.jar;C:\Users\LENOVO-PC\.m2\repository\org\ccil\cowan\tagsoup\tagsoup\1.2.1\tagsoup-1.2.1.jar;C:\Users\LENOVO-PC\.m2\repository\io\rest-assured\json-path\4.3.3\json-path-4.3.3.jar;C:\Users\LENOVO-PC\.m2\repository\io\rest-assured\rest-assured-common\4.3.3\rest-assured-common-4.3.3.jar;C:\Users\LENOVO-PC\.m2\repository\io\rest-assured\xml-path\4.3.3\xml-path-4.3.3.jar;C:\Users\LENOVO-PC\.m2\repository\jakarta\xml\bind\jakarta.xml.bind-api\2.3.3\jakarta.xml.bind-api-2.3.3.jar;C:\Users\LENOVO-PC\.m2\repository\jakarta\activation\jakarta.activation-api\1.2.2\jakarta.activation-api-1.2.2.jar;C:\Users\LENOVO-PC\.m2\repository\org\codehaus\groovy\groovy\3.0.6\groovy-3.0.6.jar;C:\Users\LENOVO-PC\.m2\repository\org\codehaus\groovy\groovy-xml\3.0.6\groovy-xml-3.0.6.jar;C:\Users\LENOVO-PC\.m2\repository\junit\junit\4.13.1\junit-4.13.1.jar;C:\Users\LENOVO-PC\.m2\repository\org\hamcrest\hamcrest-core\1.3\hamcrest-core-1.3.jar;C:\Users\LENOVO-PC\.m2\repository\org\assertj\assertj-core\3.6.2\assertj-core-3.6.2.jar;C:\Users\LENOVO-PC\.m2\repository\org\hamcrest\hamcrest\2.2\hamcrest-2.2.jar;C:\Users\LENOVO-PC\.m2\repository\com\github\javafaker\javafaker\0.15\javafaker-0.15.jar;C:\Users\LENOVO-PC\.m2\repository\org\yaml\snakeyaml\1.20\snakeyaml-1.20-android.jar;C:\Users\LENOVO-PC\.m2\repository\com\github\mifmif\generex\1.0.2\generex-1.0.2.jar;C:\Users\LENOVO-PC\.m2\repository\dk\brics\automaton\automaton\1.11-8\automaton-1.11-8.jar;"/>
    <property name="java.vm.vendor" value="Oracle Corporation"/>
    <property name="sun.arch.data.model" value="64"/>
    <property name="user.variant" value=""/>
    <property name="java.vendor.url" value="https://java.oracle.com/"/>
    <property name="user.timezone" value="Asia/Jakarta"/>
    <property name="os.name" value="Windows 11"/>
    <property name="java.vm.specification.version" value="17"/>
    <property name="sun.java.launcher" value="SUN_STANDARD"/>
    <property name="user.country" value="ID"/>
    <property name="sun.boot.library.path" value="C:\Program Files\Java\jdk-17.0.2\bin"/>
    <property name="sun.java.command" value="org.apache.maven.surefire.booter.ForkedBooter C:\Users\LENOVO-PC\AppData\Local\Temp\surefire13699323819959967451 2022-07-17T20-11-00_243-jvmRun1 surefire2661697977132647985tmp surefire_014290020752479945519tmp"/>
    <property name="jdk.debug" value="release"/>
    <property name="surefire.test.class.path" value="C:\Users\LENOVO-PC\OneDrive - IT-PLN\Dokumen\apenim\Diskusiaza-QE\WEB DISKUSIAZA\target\test-classes;C:\Users\LENOVO-PC\.m2\repository\ch\qos\logback\logback-classic\1.2.3\logback-classic-1.2.3.jar;C:\Users\LENOVO-PC\.m2\repository\ch\qos\logback\logback-core\1.2.3\logback-core-1.2.3.jar;C:\Users\LENOVO-PC\.m2\repository\org\slf4j\slf4j-api\1.7.25\slf4j-api-1.7.25.jar;C:\Users\LENOVO-PC\.m2\repository\net\serenity-bdd\serenity-core\2.4.51\serenity-core-2.4.51.jar;C:\Users\LENOVO-PC\.m2\repository\net\serenity-bdd\serenity-model\2.4.51\serenity-model-2.4.51.jar;C:\Users\LENOVO-PC\.m2\repository\org\apache\commons\commons-text\1.9\commons-text-1.9.jar;C:\Users\LENOVO-PC\.m2\repository\commons-net\commons-net\3.6\commons-net-3.6.jar;C:\Users\LENOVO-PC\.m2\repository\com\google\guava\guava\30.1-jre\guava-30.1-jre.jar;C:\Users\LENOVO-PC\.m2\repository\com\google\guava\failureaccess\1.0.1\failureaccess-1.0.1.jar;C:\Users\LENOVO-PC\.m2\repository\com\google\guava\listenablefuture\9999.0-empty-to-avoid-conflict-with-guava\listenablefuture-9999.0-empty-to-avoid-conflict-with-guava.jar;C:\Users\LENOVO-PC\.m2\repository\com\google\code\findbugs\jsr305\3.0.2\jsr305-3.0.2.jar;C:\Users\LENOVO-PC\.m2\repository\org\checkerframework\checker-qual\3.5.0\checker-qual-3.5.0.jar;C:\Users\LENOVO-PC\.m2\repository\com\google\errorprone\error_prone_annotations\2.3.4\error_prone_annotations-2.3.4.jar;C:\Users\LENOVO-PC\.m2\repository\com\google\j2objc\j2objc-annotations\1.3\j2objc-annotations-1.3.jar;C:\Users\LENOVO-PC\.m2\repository\com\google\inject\guice\5.0.1\guice-5.0.1.jar;C:\Users\LENOVO-PC\.m2\repository\javax\inject\javax.inject\1\javax.inject-1.jar;C:\Users\LENOVO-PC\.m2\repository\aopalliance\aopalliance\1.0\aopalliance-1.0.jar;C:\Users\LENOVO-PC\.m2\repository\org\jsoup\jsoup\1.13.1\jsoup-1.13.1.jar;C:\Users\LENOVO-PC\.m2\repository\com\thoughtworks\xstream\xstream\1.4.17\xstream-1.4.17.jar;C:\Users\LENOVO-PC\.m2\repository\io\github\x-stream\mxparser\1.2.1\mxparser-1.2.1.jar;C:\Users\LENOVO-PC\.m2\repository\xmlpull\xmlpull\1.1.3.1\xmlpull-1.1.3.1.jar;C:\Users\LENOVO-PC\.m2\repository\io\cucumber\cucumber-core\6.10.2\cucumber-core-6.10.2.jar;C:\Users\LENOVO-PC\.m2\repository\io\cucumber\cucumber-gherkin\6.10.2\cucumber-gherkin-6.10.2.jar;C:\Users\LENOVO-PC\.m2\repository\io\cucumber\cucumber-gherkin-messages\6.10.2\cucumber-gherkin-messages-6.10.2.jar;C:\Users\LENOVO-PC\.m2\repository\io\cucumber\messages\14.0.1\messages-14.0.1.jar;C:\Users\LENOVO-PC\.m2\repository\io\cucumber\tag-expressions\3.0.0\tag-expressions-3.0.0.jar;C:\Users\LENOVO-PC\.m2\repository\io\cucumber\cucumber-expressions\10.3.0\cucumber-expressions-10.3.0.jar;C:\Users\LENOVO-PC\.m2\repository\io\cucumber\cucumber-plugin\6.10.2\cucumber-plugin-6.10.2.jar;C:\Users\LENOVO-PC\.m2\repository\io\cucumber\docstring\6.10.2\docstring-6.10.2.jar;C:\Users\LENOVO-PC\.m2\repository\io\cucumber\html-formatter\12.0.0\html-formatter-12.0.0.jar;C:\Users\LENOVO-PC\.m2\repository\io\cucumber\create-meta\3.0.0\create-meta-3.0.0.jar;C:\Users\LENOVO-PC\.m2\repository\com\typesafe\config\1.3.1\config-1.3.1.jar;C:\Users\LENOVO-PC\.m2\repository\org\imgscalr\imgscalr-lib\4.2\imgscalr-lib-4.2.jar;C:\Users\LENOVO-PC\.m2\repository\org\awaitility\awaitility\4.0.3\awaitility-4.0.3.jar;C:\Users\LENOVO-PC\.m2\repository\org\freemarker\freemarker\2.3.29\freemarker-2.3.29.jar;C:\Users\LENOVO-PC\.m2\repository\net\sourceforge\jexcelapi\jxl\2.6.12\jxl-2.6.12.jar;C:\Users\LENOVO-PC\.m2\repository\org\asciidoctor\asciidoctorj\2.5.1\asciidoctorj-2.5.1.jar;C:\Users\LENOVO-PC\.m2\repository\org\asciidoctor\asciidoctorj-api\2.5.1\asciidoctorj-api-2.5.1.jar;C:\Users\LENOVO-PC\.m2\repository\org\jruby\jruby\9.2.17.0\jruby-9.2.17.0.jar;C:\Users\LENOVO-PC\.m2\repository\org\jruby\jruby-core\9.2.17.0\jruby-core-9.2.17.0.jar;C:\Users\LENOVO-PC\.m2\repository\com\github\jnr\jnr-netdb\1.2.0\jnr-netdb-1.2.0.jar;C:\Users\LENOVO-PC\.m2\repository\com\github\jnr\jnr-enxio\0.32.3\jnr-enxio-0.32.3.jar;C:\Users\LENOVO-PC\.m2\repository\com\github\jnr\jnr-unixsocket\0.38.5\jnr-unixsocket-0.38.5.jar;C:\Users\LENOVO-PC\.m2\repository\com\github\jnr\jnr-posix\3.1.4\jnr-posix-3.1.4.jar;C:\Users\LENOVO-PC\.m2\repository\com\github\jnr\jnr-constants\0.10.1\jnr-constants-0.10.1.jar;C:\Users\LENOVO-PC\.m2\repository\com\github\jnr\jffi\1.3.1\jffi-1.3.1.jar;C:\Users\LENOVO-PC\.m2\repository\com\github\jnr\jffi\1.3.1\jffi-1.3.1-native.jar;C:\Users\LENOVO-PC\.m2\repository\org\jruby\joni\joni\2.1.31\joni-2.1.31.jar;C:\Users\LENOVO-PC\.m2\repository\org\jruby\jcodings\jcodings\1.0.46\jcodings-1.0.46.jar;C:\Users\LENOVO-PC\.m2\repository\org\jruby\dirgra\0.3\dirgra-0.3.jar;C:\Users\LENOVO-PC\.m2\repository\com\headius\invokebinder\1.11\invokebinder-1.11.jar;C:\Users\LENOVO-PC\.m2\repository\com\headius\options\1.4\options-1.4.jar;C:\Users\LENOVO-PC\.m2\repository\com\jcraft\jzlib\1.1.3\jzlib-1.1.3.jar;C:\Users\LENOVO-PC\.m2\repository\com\martiansoftware\nailgun-server\0.9.1\nailgun-server-0.9.1.jar;C:\Users\LENOVO-PC\.m2\repository\com\headius\backport9\1.8\backport9-1.8.jar;C:\Users\LENOVO-PC\.m2\repository\javax\annotation\javax.annotation-api\1.3.1\javax.annotation-api-1.3.1.jar;C:\Users\LENOVO-PC\.m2\repository\org\jruby\jruby-stdlib\9.2.17.0\jruby-stdlib-9.2.17.0.jar;C:\Users\LENOVO-PC\.m2\repository\net\bytebuddy\byte-buddy\1.11.1\byte-buddy-1.11.1.jar;C:\Users\LENOVO-PC\.m2\repository\net\bytebuddy\byte-buddy-agent\1.11.1\byte-buddy-agent-1.11.1.jar;C:\Users\LENOVO-PC\.m2\repository\org\objenesis\objenesis\3.1\objenesis-3.1.jar;C:\Users\LENOVO-PC\.m2\repository\net\serenity-bdd\serenity-reports\2.4.51\serenity-reports-2.4.51.jar;C:\Users\LENOVO-PC\.m2\repository\net\serenity-bdd\serenity-stats\2.4.51\serenity-stats-2.4.51.jar;C:\Users\LENOVO-PC\.m2\repository\org\jetbrains\kotlin\kotlin-stdlib\1.5.0\kotlin-stdlib-1.5.0.jar;C:\Users\LENOVO-PC\.m2\repository\org\jetbrains\annotations\13.0\annotations-13.0.jar;C:\Users\LENOVO-PC\.m2\repository\org\jetbrains\kotlin\kotlin-stdlib-common\1.5.0\kotlin-stdlib-common-1.5.0.jar;C:\Users\LENOVO-PC\.m2\repository\net\serenity-bdd\serenity-reports-configuration\2.4.51\serenity-reports-configuration-2.4.51.jar;C:\Users\LENOVO-PC\.m2\repository\com\vladsch\flexmark\flexmark-all\0.34.30\flexmark-all-0.34.30.jar;C:\Users\LENOVO-PC\.m2\repository\com\vladsch\flexmark\flexmark\0.34.30\flexmark-0.34.30.jar;C:\Users\LENOVO-PC\.m2\repository\com\vladsch\flexmark\flexmark-ext-abbreviation\0.34.30\flexmark-ext-abbreviation-0.34.30.jar;C:\Users\LENOVO-PC\.m2\repository\com\vladsch\flexmark\flexmark-ext-admonition\0.34.30\flexmark-ext-admonition-0.34.30.jar;C:\Users\LENOVO-PC\.m2\repository\com\vladsch\flexmark\flexmark-ext-anchorlink\0.34.30\flexmark-ext-anchorlink-0.34.30.jar;C:\Users\LENOVO-PC\.m2\repository\com\vladsch\flexmark\flexmark-ext-aside\0.34.30\flexmark-ext-aside-0.34.30.jar;C:\Users\LENOVO-PC\.m2\repository\com\vladsch\flexmark\flexmark-ext-attributes\0.34.30\flexmark-ext-attributes-0.34.30.jar;C:\Users\LENOVO-PC\.m2\repository\com\vladsch\flexmark\flexmark-ext-autolink\0.34.30\flexmark-ext-autolink-0.34.30.jar;C:\Users\LENOVO-PC\.m2\repository\org\nibor\autolink\autolink\0.6.0\autolink-0.6.0.jar;C:\Users\LENOVO-PC\.m2\repository\com\vladsch\flexmark\flexmark-ext-definition\0.34.30\flexmark-ext-definition-0.34.30.jar;C:\Users\LENOVO-PC\.m2\repository\com\vladsch\flexmark\flexmark-ext-emoji\0.34.30\flexmark-ext-emoji-0.34.30.jar;C:\Users\LENOVO-PC\.m2\repository\com\vladsch\flexmark\flexmark-ext-enumerated-reference\0.34.30\flexmark-ext-enumerated-reference-0.34.30.jar;C:\Users\LENOVO-PC\.m2\repository\com\vladsch\flexmark\flexmark-ext-escaped-character\0.34.30\flexmark-ext-escaped-character-0.34.30.jar;C:\Users\LENOVO-PC\.m2\repository\com\vladsch\flexmark\flexmark-ext-footnotes\0.34.30\flexmark-ext-footnotes-0.34.30.jar;C:\Users\LENOVO-PC\.m2\repository\com\vladsch\flexmark\flexmark-ext-gfm-issues\0.34.30\flexmark-ext-gfm-issues-0.34.30.jar;C:\Users\LENOVO-PC\.m2\repository\com\vladsch\flexmark\flexmark-ext-gfm-strikethrough\0.34.30\flexmark-ext-gfm-strikethrough-0.34.30.jar;C:\Users\LENOVO-PC\.m2\repository\com\vladsch\flexmark\flexmark-ext-gfm-tables\0.34.30\flexmark-ext-gfm-tables-0.34.30.jar;C:\Users\LENOVO-PC\.m2\repository\com\vladsch\flexmark\flexmark-ext-gfm-tasklist\0.34.30\flexmark-ext-gfm-tasklist-0.34.30.jar;C:\Users\LENOVO-PC\.m2\repository\com\vladsch\flexmark\flexmark-ext-gfm-users\0.34.30\flexmark-ext-gfm-users-0.34.30.jar;C:\Users\LENOVO-PC\.m2\repository\com\vladsch\flexmark\flexmark-ext-gitlab\0.34.30\flexmark-ext-gitlab-0.34.30.jar;C:\Users\LENOVO-PC\.m2\repository\com\vladsch\flexmark\flexmark-ext-jekyll-front-matter\0.34.30\flexmark-ext-jekyll-front-matter-0.34.30.jar;C:\Users\LENOVO-PC\.m2\repository\com\vladsch\flexmark\flexmark-ext-jekyll-tag\0.34.30\flexmark-ext-jekyll-tag-0.34.30.jar;C:\Users\LENOVO-PC\.m2\repository\com\vladsch\flexmark\flexmark-ext-media-tags\0.34.30\flexmark-ext-media-tags-0.34.30.jar;C:\Users\LENOVO-PC\.m2\repository\com\vladsch\flexmark\flexmark-test-util\0.34.30\flexmark-test-util-0.34.30.jar;C:\Users\LENOVO-PC\.m2\repository\com\vladsch\flexmark\flexmark-ext-ins\0.34.30\flexmark-ext-ins-0.34.30.jar;C:\Users\LENOVO-PC\.m2\repository\com\vladsch\flexmark\flexmark-ext-xwiki-macros\0.34.30\flexmark-ext-xwiki-macros-0.34.30.jar;C:\Users\LENOVO-PC\.m2\repository\com\vladsch\flexmark\flexmark-ext-superscript\0.34.30\flexmark-ext-superscript-0.34.30.jar;C:\Users\LENOVO-PC\.m2\repository\com\vladsch\flexmark\flexmark-ext-tables\0.34.30\flexmark-ext-tables-0.34.30.jar;C:\Users\LENOVO-PC\.m2\repository\com\vladsch\flexmark\flexmark-ext-toc\0.34.30\flexmark-ext-toc-0.34.30.jar;C:\Users\LENOVO-PC\.m2\repository\com\vladsch\flexmark\flexmark-ext-typographic\0.34.30\flexmark-ext-typographic-0.34.30.jar;C:\Users\LENOVO-PC\.m2\repository\com\vladsch\flexmark\flexmark-ext-wikilink\0.34.30\flexmark-ext-wikilink-0.34.30.jar;C:\Users\LENOVO-PC\.m2\repository\com\vladsch\flexmark\flexmark-ext-yaml-front-matter\0.34.30\flexmark-ext-yaml-front-matter-0.34.30.jar;C:\Users\LENOVO-PC\.m2\repository\com\vladsch\flexmark\flexmark-ext-youtube-embedded\0.34.30\flexmark-ext-youtube-embedded-0.34.30.jar;C:\Users\LENOVO-PC\.m2\repository\com\vladsch\flexmark\flexmark-formatter\0.34.30\flexmark-formatter-0.34.30.jar;C:\Users\LENOVO-PC\.m2\repository\com\vladsch\flexmark\flexmark-html-parser\0.34.30\flexmark-html-parser-0.34.30.jar;C:\Users\LENOVO-PC\.m2\repository\com\vladsch\flexmark\flexmark-jira-converter\0.34.30\flexmark-jira-converter-0.34.30.jar;C:\Users\LENOVO-PC\.m2\repository\com\vladsch\flexmark\flexmark-pdf-converter\0.34.30\flexmark-pdf-converter-0.34.30.jar;C:\Users\LENOVO-PC\.m2\repository\com\openhtmltopdf\openhtmltopdf-core\0.0.1-RC13\openhtmltopdf-core-0.0.1-RC13.jar;C:\Users\LENOVO-PC\.m2\repository\com\openhtmltopdf\openhtmltopdf-pdfbox\0.0.1-RC13\openhtmltopdf-pdfbox-0.0.1-RC13.jar;C:\Users\LENOVO-PC\.m2\repository\org\apache\pdfbox\pdfbox\2.0.8\pdfbox-2.0.8.jar;C:\Users\LENOVO-PC\.m2\repository\org\apache\pdfbox\fontbox\2.0.8\fontbox-2.0.8.jar;C:\Users\LENOVO-PC\.m2\repository\org\apache\pdfbox\xmpbox\2.0.8\xmpbox-2.0.8.jar;C:\Users\LENOVO-PC\.m2\repository\de\rototor\pdfbox\graphics2d\0.12\graphics2d-0.12.jar;C:\Users\LENOVO-PC\.m2\repository\com\openhtmltopdf\openhtmltopdf-rtl-support\0.0.1-RC13\openhtmltopdf-rtl-support-0.0.1-RC13.jar;C:\Users\LENOVO-PC\.m2\repository\com\ibm\icu\icu4j\59.1\icu4j-59.1.jar;C:\Users\LENOVO-PC\.m2\repository\com\openhtmltopdf\openhtmltopdf-jsoup-dom-converter\0.0.1-RC13\openhtmltopdf-jsoup-dom-converter-0.0.1-RC13.jar;C:\Users\LENOVO-PC\.m2\repository\com\vladsch\flexmark\flexmark-profile-pegdown\0.34.30\flexmark-profile-pegdown-0.34.30.jar;C:\Users\LENOVO-PC\.m2\repository\com\vladsch\flexmark\flexmark-util\0.34.30\flexmark-util-0.34.30.jar;C:\Users\LENOVO-PC\.m2\repository\com\vladsch\flexmark\flexmark-youtrack-converter\0.34.30\flexmark-youtrack-converter-0.34.30.jar;C:\Users\LENOVO-PC\.m2\repository\es\nitaur\markdown\txtmark\0.16\txtmark-0.16.jar;C:\Users\LENOVO-PC\.m2\repository\net\serenity-bdd\serenity-report-resources\2.4.51\serenity-report-resources-2.4.51.jar;C:\Users\LENOVO-PC\.m2\repository\com\google\code\gson\gson\2.8.7\gson-2.8.7.jar;C:\Users\LENOVO-PC\.m2\repository\com\fasterxml\jackson\core\jackson-core\2.12.4\jackson-core-2.12.4.jar;C:\Users\LENOVO-PC\.m2\repository\com\fasterxml\jackson\core\jackson-databind\2.12.4\jackson-databind-2.12.4.jar;C:\Users\LENOVO-PC\.m2\repository\com\fasterxml\jackson\core\jackson-annotations\2.12.4\jackson-annotations-2.12.4.jar;C:\Users\LENOVO-PC\.m2\repository\commons-codec\commons-codec\1.15\commons-codec-1.15.jar;C:\Users\LENOVO-PC\.m2\repository\commons-io\commons-io\2.8.0\commons-io-2.8.0.jar;C:\Users\LENOVO-PC\.m2\repository\org\seleniumhq\selenium\selenium-server\3.141.59\selenium-server-3.141.59.jar;C:\Users\LENOVO-PC\.m2\repository\org\seleniumhq\selenium\selenium-opera-driver\3.141.59\selenium-opera-driver-3.141.59.jar;C:\Users\LENOVO-PC\.m2\repository\org\seleniumhq\selenium\selenium-remote-driver\3.141.59\selenium-remote-driver-3.141.59.jar;C:\Users\LENOVO-PC\.m2\repository\org\seleniumhq\selenium\selenium-safari-driver\3.141.59\selenium-safari-driver-3.141.59.jar;C:\Users\LENOVO-PC\.m2\repository\com\beust\jcommander\1.72\jcommander-1.72.jar;C:\Users\LENOVO-PC\.m2\repository\org\apache\commons\commons-exec\1.3\commons-exec-1.3.jar;C:\Users\LENOVO-PC\.m2\repository\net\jcip\jcip-annotations\1.0\jcip-annotations-1.0.jar;C:\Users\LENOVO-PC\.m2\repository\org\seleniumhq\selenium\jetty-repacked\9.4.12.v20180830\jetty-repacked-9.4.12.v20180830.jar;C:\Users\LENOVO-PC\.m2\repository\com\squareup\okhttp3\okhttp\3.11.0\okhttp-3.11.0.jar;C:\Users\LENOVO-PC\.m2\repository\com\squareup\okio\okio\1.14.0\okio-1.14.0.jar;C:\Users\LENOVO-PC\.m2\repository\javax\servlet\javax.servlet-api\3.1.0\javax.servlet-api-3.1.0.jar;C:\Users\LENOVO-PC\.m2\repository\org\yaml\snakeyaml\1.19\snakeyaml-1.19.jar;C:\Users\LENOVO-PC\.m2\repository\org\seleniumhq\selenium\selenium-java\3.141.59\selenium-java-3.141.59.jar;C:\Users\LENOVO-PC\.m2\repository\org\seleniumhq\selenium\selenium-api\3.141.59\selenium-api-3.141.59.jar;C:\Users\LENOVO-PC\.m2\repository\org\seleniumhq\selenium\selenium-support\3.141.59\selenium-support-3.141.59.jar;C:\Users\LENOVO-PC\.m2\repository\org\seleniumhq\selenium\selenium-chrome-driver\3.141.59\selenium-chrome-driver-3.141.59.jar;C:\Users\LENOVO-PC\.m2\repository\org\seleniumhq\selenium\selenium-firefox-driver\3.141.59\selenium-firefox-driver-3.141.59.jar;C:\Users\LENOVO-PC\.m2\repository\org\seleniumhq\selenium\selenium-edge-driver\3.141.59\selenium-edge-driver-3.141.59.jar;C:\Users\LENOVO-PC\.m2\repository\org\seleniumhq\selenium\selenium-ie-driver\3.141.59\selenium-ie-driver-3.141.59.jar;C:\Users\LENOVO-PC\.m2\repository\net\sourceforge\htmlunit\htmlunit\2.47.1\htmlunit-2.47.1.jar;C:\Users\LENOVO-PC\.m2\repository\xalan\xalan\2.7.2\xalan-2.7.2.jar;C:\Users\LENOVO-PC\.m2\repository\xalan\serializer\2.7.2\serializer-2.7.2.jar;C:\Users\LENOVO-PC\.m2\repository\net\sourceforge\htmlunit\htmlunit-core-js\2.47.0\htmlunit-core-js-2.47.0.jar;C:\Users\LENOVO-PC\.m2\repository\net\sourceforge\htmlunit\neko-htmlunit\2.47.1\neko-htmlunit-2.47.1.jar;C:\Users\LENOVO-PC\.m2\repository\xerces\xercesImpl\2.12.0\xercesImpl-2.12.0.jar;C:\Users\LENOVO-PC\.m2\repository\xml-apis\xml-apis\1.4.01\xml-apis-1.4.01.jar;C:\Users\LENOVO-PC\.m2\repository\net\sourceforge\htmlunit\htmlunit-cssparser\1.7.0\htmlunit-cssparser-1.7.0.jar;C:\Users\LENOVO-PC\.m2\repository\org\brotli\dec\0.1.2\dec-0.1.2.jar;C:\Users\LENOVO-PC\.m2\repository\com\shapesecurity\salvation2\3.0.0\salvation2-3.0.0.jar;C:\Users\LENOVO-PC\.m2\repository\org\eclipse\jetty\websocket\websocket-client\9.4.36.v20210114\websocket-client-9.4.36.v20210114.jar;C:\Users\LENOVO-PC\.m2\repository\org\eclipse\jetty\jetty-client\9.4.36.v20210114\jetty-client-9.4.36.v20210114.jar;C:\Users\LENOVO-PC\.m2\repository\org\eclipse\jetty\jetty-http\9.4.36.v20210114\jetty-http-9.4.36.v20210114.jar;C:\Users\LENOVO-PC\.m2\repository\org\eclipse\jetty\jetty-util\9.4.36.v20210114\jetty-util-9.4.36.v20210114.jar;C:\Users\LENOVO-PC\.m2\repository\org\eclipse\jetty\jetty-io\9.4.36.v20210114\jetty-io-9.4.36.v20210114.jar;C:\Users\LENOVO-PC\.m2\repository\org\eclipse\jetty\websocket\websocket-common\9.4.36.v20210114\websocket-common-9.4.36.v20210114.jar;C:\Users\LENOVO-PC\.m2\repository\org\eclipse\jetty\websocket\websocket-api\9.4.36.v20210114\websocket-api-9.4.36.v20210114.jar;C:\Users\LENOVO-PC\.m2\repository\org\projectlombok\lombok\1.18.20\lombok-1.18.20.jar;C:\Users\LENOVO-PC\.m2\repository\org\seleniumhq\selenium\htmlunit-driver\2.47.1\htmlunit-driver-2.47.1.jar;C:\Users\LENOVO-PC\.m2\repository\com\codeborne\phantomjsdriver\1.4.4\phantomjsdriver-1.4.4.jar;C:\Users\LENOVO-PC\.m2\repository\io\appium\java-client\7.5.1\java-client-7.5.1.jar;C:\Users\LENOVO-PC\.m2\repository\commons-validator\commons-validator\1.7\commons-validator-1.7.jar;C:\Users\LENOVO-PC\.m2\repository\commons-digester\commons-digester\2.1\commons-digester-2.1.jar;C:\Users\LENOVO-PC\.m2\repository\org\aspectj\aspectjweaver\1.9.6\aspectjweaver-1.9.6.jar;C:\Users\LENOVO-PC\.m2\repository\net\sf\opencsv\opencsv\2.0\opencsv-2.0.jar;C:\Users\LENOVO-PC\.m2\repository\commons-beanutils\commons-beanutils\1.9.4\commons-beanutils-1.9.4.jar;C:\Users\LENOVO-PC\.m2\repository\org\apache\commons\commons-lang3\3.11\commons-lang3-3.11.jar;C:\Users\LENOVO-PC\.m2\repository\commons-collections\commons-collections\3.2.2\commons-collections-3.2.2.jar;C:\Users\LENOVO-PC\.m2\repository\org\fluentlenium\fluentlenium-core\0.10.2\fluentlenium-core-0.10.2.jar;C:\Users\LENOVO-PC\.m2\repository\io\github\bonigarcia\webdrivermanager\4.4.1\webdrivermanager-4.4.1.jar;C:\Users\LENOVO-PC\.m2\repository\org\apache\httpcomponents\client5\httpclient5\5.0.3\httpclient5-5.0.3.jar;C:\Users\LENOVO-PC\.m2\repository\org\apache\httpcomponents\core5\httpcore5\5.0.2\httpcore5-5.0.2.jar;C:\Users\LENOVO-PC\.m2\repository\org\apache\httpcomponents\core5\httpcore5-h2\5.0.2\httpcore5-h2-5.0.2.jar;C:\Users\LENOVO-PC\.m2\repository\org\rauschig\jarchivelib\1.1.0\jarchivelib-1.1.0.jar;C:\Users\LENOVO-PC\.m2\repository\org\apache\commons\commons-compress\1.20\commons-compress-1.20.jar;C:\Users\LENOVO-PC\.m2\repository\com\jhlabs\filters\2.0.235\filters-2.0.235.jar;C:\Users\LENOVO-PC\.m2\repository\com\paulhammant\ngwebdriver\1.1.5\ngwebdriver-1.1.5.jar;C:\Users\LENOVO-PC\.m2\repository\joda-time\joda-time\2.8.2\joda-time-2.8.2.jar;C:\Users\LENOVO-PC\.m2\repository\com\google\jimfs\jimfs\1.1\jimfs-1.1.jar;C:\Users\LENOVO-PC\.m2\repository\org\mockito\mockito-core\3.3.3\mockito-core-3.3.3.jar;C:\Users\LENOVO-PC\.m2\repository\javax\xml\bind\jaxb-api\2.3.1\jaxb-api-2.3.1.jar;C:\Users\LENOVO-PC\.m2\repository\javax\activation\javax.activation-api\1.2.0\javax.activation-api-1.2.0.jar;C:\Users\LENOVO-PC\.m2\repository\com\sun\xml\bind\jaxb-core\2.3.0.1\jaxb-core-2.3.0.1.jar;C:\Users\LENOVO-PC\.m2\repository\com\sun\xml\bind\jaxb-impl\2.3.3\jaxb-impl-2.3.3.jar;C:\Users\LENOVO-PC\.m2\repository\com\sun\activation\jakarta.activation\1.2.2\jakarta.activation-1.2.2.jar;C:\Users\LENOVO-PC\.m2\repository\javax\activation\activation\1.1.1\activation-1.1.1.jar;C:\Users\LENOVO-PC\.m2\repository\net\serenity-bdd\serenity-junit\2.4.51\serenity-junit-2.4.51.jar;C:\Users\LENOVO-PC\.m2\repository\com\googlecode\json-simple\json-simple\1.1.1\json-simple-1.1.1.jar;C:\Users\LENOVO-PC\.m2\repository\net\serenity-bdd\serenity-rest-assured\2.4.51\serenity-rest-assured-2.4.51.jar;C:\Users\LENOVO-PC\.m2\repository\org\codehaus\groovy\groovy-json\3.0.8\groovy-json-3.0.8.jar;C:\Users\LENOVO-PC\.m2\repository\org\opentest4j\opentest4j\1.2.0\opentest4j-1.2.0.jar;C:\Users\LENOVO-PC\.m2\repository\net\serenity-bdd\serenity-screenplay\2.4.51\serenity-screenplay-2.4.51.jar;C:\Users\LENOVO-PC\.m2\repository\net\serenity-bdd\serenity-screenplay-rest\2.4.51\serenity-screenplay-rest-2.4.51.jar;C:\Users\LENOVO-PC\.m2\repository\net\serenity-bdd\serenity-cucumber6\2.4.51\serenity-cucumber6-2.4.51.jar;C:\Users\LENOVO-PC\.m2\repository\net\serenity-bdd\serenity-screenplay-webdriver\2.4.51\serenity-screenplay-webdriver-2.4.51.jar;C:\Users\LENOVO-PC\.m2\repository\io\cucumber\cucumber-java\6.10.4\cucumber-java-6.10.4.jar;C:\Users\LENOVO-PC\.m2\repository\org\apiguardian\apiguardian-api\1.1.1\apiguardian-api-1.1.1.jar;C:\Users\LENOVO-PC\.m2\repository\io\cucumber\cucumber-junit\6.10.4\cucumber-junit-6.10.4.jar;C:\Users\LENOVO-PC\.m2\repository\io\cucumber\datatable-matchers\3.4.0\datatable-matchers-3.4.0.jar;C:\Users\LENOVO-PC\.m2\repository\io\cucumber\datatable\3.4.0\datatable-3.4.0.jar;C:\Users\LENOVO-PC\.m2\repository\commons-logging\commons-logging\1.2\commons-logging-1.2.jar;C:\Users\LENOVO-PC\.m2\repository\org\apache\commons\commons-csv\1.5\commons-csv-1.5.jar;C:\Users\LENOVO-PC\.m2\repository\io\rest-assured\rest-assured\4.3.2\rest-assured-4.3.2.jar;C:\Users\LENOVO-PC\.m2\repository\org\apache\httpcomponents\httpclient\4.5.3\httpclient-4.5.3.jar;C:\Users\LENOVO-PC\.m2\repository\org\apache\httpcomponents\httpcore\4.4.6\httpcore-4.4.6.jar;C:\Users\LENOVO-PC\.m2\repository\org\apache\httpcomponents\httpmime\4.5.3\httpmime-4.5.3.jar;C:\Users\LENOVO-PC\.m2\repository\org\ccil\cowan\tagsoup\tagsoup\1.2.1\tagsoup-1.2.1.jar;C:\Users\LENOVO-PC\.m2\repository\io\rest-assured\json-path\4.3.3\json-path-4.3.3.jar;C:\Users\LENOVO-PC\.m2\repository\io\rest-assured\rest-assured-common\4.3.3\rest-assured-common-4.3.3.jar;C:\Users\LENOVO-PC\.m2\repository\io\rest-assured\xml-path\4.3.3\xml-path-4.3.3.jar;C:\Users\LENOVO-PC\.m2\repository\jakarta\xml\bind\jakarta.xml.bind-api\2.3.3\jakarta.xml.bind-api-2.3.3.jar;C:\Users\LENOVO-PC\.m2\repository\jakarta\activation\jakarta.activation-api\1.2.2\jakarta.activation-api-1.2.2.jar;C:\Users\LENOVO-PC\.m2\repository\org\codehaus\groovy\groovy\3.0.6\groovy-3.0.6.jar;C:\Users\LENOVO-PC\.m2\repository\org\codehaus\groovy\groovy-xml\3.0.6\groovy-xml-3.0.6.jar;C:\Users\LENOVO-PC\.m2\repository\junit\junit\4.13.1\junit-4.13.1.jar;C:\Users\LENOVO-PC\.m2\repository\org\hamcrest\hamcrest-core\1.3\hamcrest-core-1.3.jar;C:\Users\LENOVO-PC\.m2\repository\org\assertj\assertj-core\3.6.2\assertj-core-3.6.2.jar;C:\Users\LENOVO-PC\.m2\repository\org\hamcrest\hamcrest\2.2\hamcrest-2.2.jar;C:\Users\LENOVO-PC\.m2\repository\com\github\javafaker\javafaker\0.15\javafaker-0.15.jar;C:\Users\LENOVO-PC\.m2\repository\org\yaml\snakeyaml\1.20\snakeyaml-1.20-android.jar;C:\Users\LENOVO-PC\.m2\repository\com\github\mifmif\generex\1.0.2\generex-1.0.2.jar;C:\Users\LENOVO-PC\.m2\repository\dk\brics\automaton\automaton\1.11-8\automaton-1.11-8.jar;"/>
    <property name="sun.cpu.endian" value="little"/>
    <property name="user.home" value="C:\Users\LENOVO-PC"/>
    <property name="user.language" value="en"/>
    <property name="java.specification.vendor" value="Oracle Corporation"/>
    <property name="jdk.module.path" value="C:\Users\LENOVO-PC\OneDrive - IT-PLN\Dokumen\apenim\Diskusiaza-QE\WEB DISKUSIAZA\target\rest-api-1.0-SNAPSHOT.jar"/>
    <property name="java.version.date" value="2022-01-18"/>
    <property name="java.home" value="C:\Program Files\Java\jdk-17.0.2"/>
    <property name="file.separator" value="\"/>
    <property name="basedir" value="C:\Users\LENOVO-PC\OneDrive - IT-PLN\Dokumen\apenim\Diskusiaza-QE\WEB DISKUSIAZA"/>
    <property name="java.vm.compressedOopsMode" value="32-bit"/>
    <property name="line.separator" value="&#10;"/>
    <property name="java.vm.specification.vendor" value="Oracle Corporation"/>
    <property name="java.specification.name" value="Java Platform API Specification"/>
    <property name="surefire.real.class.path" value="C:\Users\LENOVO-PC\.m2\repository\org\apache\maven\surefire\surefire-booter\3.0.0-M5\surefire-booter-3.0.0-M5.jar;C:\Users\LENOVO-PC\.m2\repository\org\apache\maven\surefire\surefire-api\3.0.0-M5\surefire-api-3.0.0-M5.jar;C:\Users\LENOVO-PC\.m2\repository\org\apache\maven\surefire\surefire-logger-api\3.0.0-M5\surefire-logger-api-3.0.0-M5.jar;C:\Users\LENOVO-PC\.m2\repository\org\apache\maven\surefire\surefire-shared-utils\3.0.0-M4\surefire-shared-utils-3.0.0-M4.jar;C:\Users\LENOVO-PC\.m2\repository\org\apache\maven\surefire\surefire-extensions-spi\3.0.0-M5\surefire-extensions-spi-3.0.0-M5.jar;C:\Users\LENOVO-PC\OneDrive - IT-PLN\Dokumen\apenim\Diskusiaza-QE\WEB DISKUSIAZA\target\test-classes;C:\Users\LENOVO-PC\.m2\repository\ch\qos\logback\logback-classic\1.2.3\logback-classic-1.2.3.jar;C:\Users\LENOVO-PC\.m2\repository\ch\qos\logback\logback-core\1.2.3\logback-core-1.2.3.jar;C:\Users\LENOVO-PC\.m2\repository\org\slf4j\slf4j-api\1.7.25\slf4j-api-1.7.25.jar;C:\Users\LENOVO-PC\.m2\repository\net\serenity-bdd\serenity-core\2.4.51\serenity-core-2.4.51.jar;C:\Users\LENOVO-PC\.m2\repository\net\serenity-bdd\serenity-model\2.4.51\serenity-model-2.4.51.jar;C:\Users\LENOVO-PC\.m2\repository\org\apache\commons\commons-text\1.9\commons-text-1.9.jar;C:\Users\LENOVO-PC\.m2\repository\commons-net\commons-net\3.6\commons-net-3.6.jar;C:\Users\LENOVO-PC\.m2\repository\com\google\guava\guava\30.1-jre\guava-30.1-jre.jar;C:\Users\LENOVO-PC\.m2\repository\com\google\guava\failureaccess\1.0.1\failureaccess-1.0.1.jar;C:\Users\LENOVO-PC\.m2\repository\com\google\guava\listenablefuture\9999.0-empty-to-avoid-conflict-with-guava\listenablefuture-9999.0-empty-to-avoid-conflict-with-guava.jar;C:\Users\LENOVO-PC\.m2\repository\com\google\code\findbugs\jsr305\3.0.2\jsr305-3.0.2.jar;C:\Users\LENOVO-PC\.m2\repository\org\checkerframework\checker-qual\3.5.0\checker-qual-3.5.0.jar;C:\Users\LENOVO-PC\.m2\repository\com\google\errorprone\error_prone_annotations\2.3.4\error_prone_annotations-2.3.4.jar;C:\Users\LENOVO-PC\.m2\repository\com\google\j2objc\j2objc-annotations\1.3\j2objc-annotations-1.3.jar;C:\Users\LENOVO-PC\.m2\repository\com\google\inject\guice\5.0.1\guice-5.0.1.jar;C:\Users\LENOVO-PC\.m2\repository\javax\inject\javax.inject\1\javax.inject-1.jar;C:\Users\LENOVO-PC\.m2\repository\aopalliance\aopalliance\1.0\aopalliance-1.0.jar;C:\Users\LENOVO-PC\.m2\repository\org\jsoup\jsoup\1.13.1\jsoup-1.13.1.jar;C:\Users\LENOVO-PC\.m2\repository\com\thoughtworks\xstream\xstream\1.4.17\xstream-1.4.17.jar;C:\Users\LENOVO-PC\.m2\repository\io\github\x-stream\mxparser\1.2.1\mxparser-1.2.1.jar;C:\Users\LENOVO-PC\.m2\repository\xmlpull\xmlpull\1.1.3.1\xmlpull-1.1.3.1.jar;C:\Users\LENOVO-PC\.m2\repository\io\cucumber\cucumber-core\6.10.2\cucumber-core-6.10.2.jar;C:\Users\LENOVO-PC\.m2\repository\io\cucumber\cucumber-gherkin\6.10.2\cucumber-gherkin-6.10.2.jar;C:\Users\LENOVO-PC\.m2\repository\io\cucumber\cucumber-gherkin-messages\6.10.2\cucumber-gherkin-messages-6.10.2.jar;C:\Users\LENOVO-PC\.m2\repository\io\cucumber\messages\14.0.1\messages-14.0.1.jar;C:\Users\LENOVO-PC\.m2\repository\io\cucumber\tag-expressions\3.0.0\tag-expressions-3.0.0.jar;C:\Users\LENOVO-PC\.m2\repository\io\cucumber\cucumber-expressions\10.3.0\cucumber-expressions-10.3.0.jar;C:\Users\LENOVO-PC\.m2\repository\io\cucumber\cucumber-plugin\6.10.2\cucumber-plugin-6.10.2.jar;C:\Users\LENOVO-PC\.m2\repository\io\cucumber\docstring\6.10.2\docstring-6.10.2.jar;C:\Users\LENOVO-PC\.m2\repository\io\cucumber\html-formatter\12.0.0\html-formatter-12.0.0.jar;C:\Users\LENOVO-PC\.m2\repository\io\cucumber\create-meta\3.0.0\create-meta-3.0.0.jar;C:\Users\LENOVO-PC\.m2\repository\com\typesafe\config\1.3.1\config-1.3.1.jar;C:\Users\LENOVO-PC\.m2\repository\org\imgscalr\imgscalr-lib\4.2\imgscalr-lib-4.2.jar;C:\Users\LENOVO-PC\.m2\repository\org\awaitility\awaitility\4.0.3\awaitility-4.0.3.jar;C:\Users\LENOVO-PC\.m2\repository\org\freemarker\freemarker\2.3.29\freemarker-2.3.29.jar;C:\Users\LENOVO-PC\.m2\repository\net\sourceforge\jexcelapi\jxl\2.6.12\jxl-2.6.12.jar;C:\Users\LENOVO-PC\.m2\repository\org\asciidoctor\asciidoctorj\2.5.1\asciidoctorj-2.5.1.jar;C:\Users\LENOVO-PC\.m2\repository\org\asciidoctor\asciidoctorj-api\2.5.1\asciidoctorj-api-2.5.1.jar;C:\Users\LENOVO-PC\.m2\repository\org\jruby\jruby\9.2.17.0\jruby-9.2.17.0.jar;C:\Users\LENOVO-PC\.m2\repository\org\jruby\jruby-core\9.2.17.0\jruby-core-9.2.17.0.jar;C:\Users\LENOVO-PC\.m2\repository\com\github\jnr\jnr-netdb\1.2.0\jnr-netdb-1.2.0.jar;C:\Users\LENOVO-PC\.m2\repository\com\github\jnr\jnr-enxio\0.32.3\jnr-enxio-0.32.3.jar;C:\Users\LENOVO-PC\.m2\repository\com\github\jnr\jnr-unixsocket\0.38.5\jnr-unixsocket-0.38.5.jar;C:\Users\LENOVO-PC\.m2\repository\com\github\jnr\jnr-posix\3.1.4\jnr-posix-3.1.4.jar;C:\Users\LENOVO-PC\.m2\repository\com\github\jnr\jnr-constants\0.10.1\jnr-constants-0.10.1.jar;C:\Users\LENOVO-PC\.m2\repository\com\github\jnr\jffi\1.3.1\jffi-1.3.1.jar;C:\Users\LENOVO-PC\.m2\repository\com\github\jnr\jffi\1.3.1\jffi-1.3.1-native.jar;C:\Users\LENOVO-PC\.m2\repository\org\jruby\joni\joni\2.1.31\joni-2.1.31.jar;C:\Users\LENOVO-PC\.m2\repository\org\jruby\jcodings\jcodings\1.0.46\jcodings-1.0.46.jar;C:\Users\LENOVO-PC\.m2\repository\org\jruby\dirgra\0.3\dirgra-0.3.jar;C:\Users\LENOVO-PC\.m2\repository\com\headius\invokebinder\1.11\invokebinder-1.11.jar;C:\Users\LENOVO-PC\.m2\repository\com\headius\options\1.4\options-1.4.jar;C:\Users\LENOVO-PC\.m2\repository\com\jcraft\jzlib\1.1.3\jzlib-1.1.3.jar;C:\Users\LENOVO-PC\.m2\repository\com\martiansoftware\nailgun-server\0.9.1\nailgun-server-0.9.1.jar;C:\Users\LENOVO-PC\.m2\repository\com\headius\backport9\1.8\backport9-1.8.jar;C:\Users\LENOVO-PC\.m2\repository\javax\annotation\javax.annotation-api\1.3.1\javax.annotation-api-1.3.1.jar;C:\Users\LENOVO-PC\.m2\repository\org\jruby\jruby-stdlib\9.2.17.0\jruby-stdlib-9.2.17.0.jar;C:\Users\LENOVO-PC\.m2\repository\net\bytebuddy\byte-buddy\1.11.1\byte-buddy-1.11.1.jar;C:\Users\LENOVO-PC\.m2\repository\net\bytebuddy\byte-buddy-agent\1.11.1\byte-buddy-agent-1.11.1.jar;C:\Users\LENOVO-PC\.m2\repository\org\objenesis\objenesis\3.1\objenesis-3.1.jar;C:\Users\LENOVO-PC\.m2\repository\net\serenity-bdd\serenity-reports\2.4.51\serenity-reports-2.4.51.jar;C:\Users\LENOVO-PC\.m2\repository\net\serenity-bdd\serenity-stats\2.4.51\serenity-stats-2.4.51.jar;C:\Users\LENOVO-PC\.m2\repository\org\jetbrains\kotlin\kotlin-stdlib\1.5.0\kotlin-stdlib-1.5.0.jar;C:\Users\LENOVO-PC\.m2\repository\org\jetbrains\annotations\13.0\annotations-13.0.jar;C:\Users\LENOVO-PC\.m2\repository\org\jetbrains\kotlin\kotlin-stdlib-common\1.5.0\kotlin-stdlib-common-1.5.0.jar;C:\Users\LENOVO-PC\.m2\repository\net\serenity-bdd\serenity-reports-configuration\2.4.51\serenity-reports-configuration-2.4.51.jar;C:\Users\LENOVO-PC\.m2\repository\com\vladsch\flexmark\flexmark-all\0.34.30\flexmark-all-0.34.30.jar;C:\Users\LENOVO-PC\.m2\repository\com\vladsch\flexmark\flexmark\0.34.30\flexmark-0.34.30.jar;C:\Users\LENOVO-PC\.m2\repository\com\vladsch\flexmark\flexmark-ext-abbreviation\0.34.30\flexmark-ext-abbreviation-0.34.30.jar;C:\Users\LENOVO-PC\.m2\repository\com\vladsch\flexmark\flexmark-ext-admonition\0.34.30\flexmark-ext-admonition-0.34.30.jar;C:\Users\LENOVO-PC\.m2\repository\com\vladsch\flexmark\flexmark-ext-anchorlink\0.34.30\flexmark-ext-anchorlink-0.34.30.jar;C:\Users\LENOVO-PC\.m2\repository\com\vladsch\flexmark\flexmark-ext-aside\0.34.30\flexmark-ext-aside-0.34.30.jar;C:\Users\LENOVO-PC\.m2\repository\com\vladsch\flexmark\flexmark-ext-attributes\0.34.30\flexmark-ext-attributes-0.34.30.jar;C:\Users\LENOVO-PC\.m2\repository\com\vladsch\flexmark\flexmark-ext-autolink\0.34.30\flexmark-ext-autolink-0.34.30.jar;C:\Users\LENOVO-PC\.m2\repository\org\nibor\autolink\autolink\0.6.0\autolink-0.6.0.jar;C:\Users\LENOVO-PC\.m2\repository\com\vladsch\flexmark\flexmark-ext-definition\0.34.30\flexmark-ext-definition-0.34.30.jar;C:\Users\LENOVO-PC\.m2\repository\com\vladsch\flexmark\flexmark-ext-emoji\0.34.30\flexmark-ext-emoji-0.34.30.jar;C:\Users\LENOVO-PC\.m2\repository\com\vladsch\flexmark\flexmark-ext-enumerated-reference\0.34.30\flexmark-ext-enumerated-reference-0.34.30.jar;C:\Users\LENOVO-PC\.m2\repository\com\vladsch\flexmark\flexmark-ext-escaped-character\0.34.30\flexmark-ext-escaped-character-0.34.30.jar;C:\Users\LENOVO-PC\.m2\repository\com\vladsch\flexmark\flexmark-ext-footnotes\0.34.30\flexmark-ext-footnotes-0.34.30.jar;C:\Users\LENOVO-PC\.m2\repository\com\vladsch\flexmark\flexmark-ext-gfm-issues\0.34.30\flexmark-ext-gfm-issues-0.34.30.jar;C:\Users\LENOVO-PC\.m2\repository\com\vladsch\flexmark\flexmark-ext-gfm-strikethrough\0.34.30\flexmark-ext-gfm-strikethrough-0.34.30.jar;C:\Users\LENOVO-PC\.m2\repository\com\vladsch\flexmark\flexmark-ext-gfm-tables\0.34.30\flexmark-ext-gfm-tables-0.34.30.jar;C:\Users\LENOVO-PC\.m2\repository\com\vladsch\flexmark\flexmark-ext-gfm-tasklist\0.34.30\flexmark-ext-gfm-tasklist-0.34.30.jar;C:\Users\LENOVO-PC\.m2\repository\com\vladsch\flexmark\flexmark-ext-gfm-users\0.34.30\flexmark-ext-gfm-users-0.34.30.jar;C:\Users\LENOVO-PC\.m2\repository\com\vladsch\flexmark\flexmark-ext-gitlab\0.34.30\flexmark-ext-gitlab-0.34.30.jar;C:\Users\LENOVO-PC\.m2\repository\com\vladsch\flexmark\flexmark-ext-jekyll-front-matter\0.34.30\flexmark-ext-jekyll-front-matter-0.34.30.jar;C:\Users\LENOVO-PC\.m2\repository\com\vladsch\flexmark\flexmark-ext-jekyll-tag\0.34.30\flexmark-ext-jekyll-tag-0.34.30.jar;C:\Users\LENOVO-PC\.m2\repository\com\vladsch\flexmark\flexmark-ext-media-tags\0.34.30\flexmark-ext-media-tags-0.34.30.jar;C:\Users\LENOVO-PC\.m2\repository\com\vladsch\flexmark\flexmark-test-util\0.34.30\flexmark-test-util-0.34.30.jar;C:\Users\LENOVO-PC\.m2\repository\com\vladsch\flexmark\flexmark-ext-ins\0.34.30\flexmark-ext-ins-0.34.30.jar;C:\Users\LENOVO-PC\.m2\repository\com\vladsch\flexmark\flexmark-ext-xwiki-macros\0.34.30\flexmark-ext-xwiki-macros-0.34.30.jar;C:\Users\LENOVO-PC\.m2\repository\com\vladsch\flexmark\flexmark-ext-superscript\0.34.30\flexmark-ext-superscript-0.34.30.jar;C:\Users\LENOVO-PC\.m2\repository\com\vladsch\flexmark\flexmark-ext-tables\0.34.30\flexmark-ext-tables-0.34.30.jar;C:\Users\LENOVO-PC\.m2\repository\com\vladsch\flexmark\flexmark-ext-toc\0.34.30\flexmark-ext-toc-0.34.30.jar;C:\Users\LENOVO-PC\.m2\repository\com\vladsch\flexmark\flexmark-ext-typographic\0.34.30\flexmark-ext-typographic-0.34.30.jar;C:\Users\LENOVO-PC\.m2\repository\com\vladsch\flexmark\flexmark-ext-wikilink\0.34.30\flexmark-ext-wikilink-0.34.30.jar;C:\Users\LENOVO-PC\.m2\repository\com\vladsch\flexmark\flexmark-ext-yaml-front-matter\0.34.30\flexmark-ext-yaml-front-matter-0.34.30.jar;C:\Users\LENOVO-PC\.m2\repository\com\vladsch\flexmark\flexmark-ext-youtube-embedded\0.34.30\flexmark-ext-youtube-embedded-0.34.30.jar;C:\Users\LENOVO-PC\.m2\repository\com\vladsch\flexmark\flexmark-formatter\0.34.30\flexmark-formatter-0.34.30.jar;C:\Users\LENOVO-PC\.m2\repository\com\vladsch\flexmark\flexmark-html-parser\0.34.30\flexmark-html-parser-0.34.30.jar;C:\Users\LENOVO-PC\.m2\repository\com\vladsch\flexmark\flexmark-jira-converter\0.34.30\flexmark-jira-converter-0.34.30.jar;C:\Users\LENOVO-PC\.m2\repository\com\vladsch\flexmark\flexmark-pdf-converter\0.34.30\flexmark-pdf-converter-0.34.30.jar;C:\Users\LENOVO-PC\.m2\repository\com\openhtmltopdf\openhtmltopdf-core\0.0.1-RC13\openhtmltopdf-core-0.0.1-RC13.jar;C:\Users\LENOVO-PC\.m2\repository\com\openhtmltopdf\openhtmltopdf-pdfbox\0.0.1-RC13\openhtmltopdf-pdfbox-0.0.1-RC13.jar;C:\Users\LENOVO-PC\.m2\repository\org\apache\pdfbox\pdfbox\2.0.8\pdfbox-2.0.8.jar;C:\Users\LENOVO-PC\.m2\repository\org\apache\pdfbox\fontbox\2.0.8\fontbox-2.0.8.jar;C:\Users\LENOVO-PC\.m2\repository\org\apache\pdfbox\xmpbox\2.0.8\xmpbox-2.0.8.jar;C:\Users\LENOVO-PC\.m2\repository\de\rototor\pdfbox\graphics2d\0.12\graphics2d-0.12.jar;C:\Users\LENOVO-PC\.m2\repository\com\openhtmltopdf\openhtmltopdf-rtl-support\0.0.1-RC13\openhtmltopdf-rtl-support-0.0.1-RC13.jar;C:\Users\LENOVO-PC\.m2\repository\com\ibm\icu\icu4j\59.1\icu4j-59.1.jar;C:\Users\LENOVO-PC\.m2\repository\com\openhtmltopdf\openhtmltopdf-jsoup-dom-converter\0.0.1-RC13\openhtmltopdf-jsoup-dom-converter-0.0.1-RC13.jar;C:\Users\LENOVO-PC\.m2\repository\com\vladsch\flexmark\flexmark-profile-pegdown\0.34.30\flexmark-profile-pegdown-0.34.30.jar;C:\Users\LENOVO-PC\.m2\repository\com\vladsch\flexmark\flexmark-util\0.34.30\flexmark-util-0.34.30.jar;C:\Users\LENOVO-PC\.m2\repository\com\vladsch\flexmark\flexmark-youtrack-converter\0.34.30\flexmark-youtrack-converter-0.34.30.jar;C:\Users\LENOVO-PC\.m2\repository\es\nitaur\markdown\txtmark\0.16\txtmark-0.16.jar;C:\Users\LENOVO-PC\.m2\repository\net\serenity-bdd\serenity-report-resources\2.4.51\serenity-report-resources-2.4.51.jar;C:\Users\LENOVO-PC\.m2\repository\com\google\code\gson\gson\2.8.7\gson-2.8.7.jar;C:\Users\LENOVO-PC\.m2\repository\com\fasterxml\jackson\core\jackson-core\2.12.4\jackson-core-2.12.4.jar;C:\Users\LENOVO-PC\.m2\repository\com\fasterxml\jackson\core\jackson-databind\2.12.4\jackson-databind-2.12.4.jar;C:\Users\LENOVO-PC\.m2\repository\com\fasterxml\jackson\core\jackson-annotations\2.12.4\jackson-annotations-2.12.4.jar;C:\Users\LENOVO-PC\.m2\repository\commons-codec\commons-codec\1.15\commons-codec-1.15.jar;C:\Users\LENOVO-PC\.m2\repository\commons-io\commons-io\2.8.0\commons-io-2.8.0.jar;C:\Users\LENOVO-PC\.m2\repository\org\seleniumhq\selenium\selenium-server\3.141.59\selenium-server-3.141.59.jar;C:\Users\LENOVO-PC\.m2\repository\org\seleniumhq\selenium\selenium-opera-driver\3.141.59\selenium-opera-driver-3.141.59.jar;C:\Users\LENOVO-PC\.m2\repository\org\seleniumhq\selenium\selenium-remote-driver\3.141.59\selenium-remote-driver-3.141.59.jar;C:\Users\LENOVO-PC\.m2\repository\org\seleniumhq\selenium\selenium-safari-driver\3.141.59\selenium-safari-driver-3.141.59.jar;C:\Users\LENOVO-PC\.m2\repository\com\beust\jcommander\1.72\jcommander-1.72.jar;C:\Users\LENOVO-PC\.m2\repository\org\apache\commons\commons-exec\1.3\commons-exec-1.3.jar;C:\Users\LENOVO-PC\.m2\repository\net\jcip\jcip-annotations\1.0\jcip-annotations-1.0.jar;C:\Users\LENOVO-PC\.m2\repository\org\seleniumhq\selenium\jetty-repacked\9.4.12.v20180830\jetty-repacked-9.4.12.v20180830.jar;C:\Users\LENOVO-PC\.m2\repository\com\squareup\okhttp3\okhttp\3.11.0\okhttp-3.11.0.jar;C:\Users\LENOVO-PC\.m2\repository\com\squareup\okio\okio\1.14.0\okio-1.14.0.jar;C:\Users\LENOVO-PC\.m2\repository\javax\servlet\javax.servlet-api\3.1.0\javax.servlet-api-3.1.0.jar;C:\Users\LENOVO-PC\.m2\repository\org\yaml\snakeyaml\1.19\snakeyaml-1.19.jar;C:\Users\LENOVO-PC\.m2\repository\org\seleniumhq\selenium\selenium-java\3.141.59\selenium-java-3.141.59.jar;C:\Users\LENOVO-PC\.m2\repository\org\seleniumhq\selenium\selenium-api\3.141.59\selenium-api-3.141.59.jar;C:\Users\LENOVO-PC\.m2\repository\org\seleniumhq\selenium\selenium-support\3.141.59\selenium-support-3.141.59.jar;C:\Users\LENOVO-PC\.m2\repository\org\seleniumhq\selenium\selenium-chrome-driver\3.141.59\selenium-chrome-driver-3.141.59.jar;C:\Users\LENOVO-PC\.m2\repository\org\seleniumhq\selenium\selenium-firefox-driver\3.141.59\selenium-firefox-driver-3.141.59.jar;C:\Users\LENOVO-PC\.m2\repository\org\seleniumhq\selenium\selenium-edge-driver\3.141.59\selenium-edge-driver-3.141.59.jar;C:\Users\LENOVO-PC\.m2\repository\org\seleniumhq\selenium\selenium-ie-driver\3.141.59\selenium-ie-driver-3.141.59.jar;C:\Users\LENOVO-PC\.m2\repository\net\sourceforge\htmlunit\htmlunit\2.47.1\htmlunit-2.47.1.jar;C:\Users\LENOVO-PC\.m2\repository\xalan\xalan\2.7.2\xalan-2.7.2.jar;C:\Users\LENOVO-PC\.m2\repository\xalan\serializer\2.7.2\serializer-2.7.2.jar;C:\Users\LENOVO-PC\.m2\repository\net\sourceforge\htmlunit\htmlunit-core-js\2.47.0\htmlunit-core-js-2.47.0.jar;C:\Users\LENOVO-PC\.m2\repository\net\sourceforge\htmlunit\neko-htmlunit\2.47.1\neko-htmlunit-2.47.1.jar;C:\Users\LENOVO-PC\.m2\repository\xerces\xercesImpl\2.12.0\xercesImpl-2.12.0.jar;C:\Users\LENOVO-PC\.m2\repository\xml-apis\xml-apis\1.4.01\xml-apis-1.4.01.jar;C:\Users\LENOVO-PC\.m2\repository\net\sourceforge\htmlunit\htmlunit-cssparser\1.7.0\htmlunit-cssparser-1.7.0.jar;C:\Users\LENOVO-PC\.m2\repository\org\brotli\dec\0.1.2\dec-0.1.2.jar;C:\Users\LENOVO-PC\.m2\repository\com\shapesecurity\salvation2\3.0.0\salvation2-3.0.0.jar;C:\Users\LENOVO-PC\.m2\repository\org\eclipse\jetty\websocket\websocket-client\9.4.36.v20210114\websocket-client-9.4.36.v20210114.jar;C:\Users\LENOVO-PC\.m2\repository\org\eclipse\jetty\jetty-client\9.4.36.v20210114\jetty-client-9.4.36.v20210114.jar;C:\Users\LENOVO-PC\.m2\repository\org\eclipse\jetty\jetty-http\9.4.36.v20210114\jetty-http-9.4.36.v20210114.jar;C:\Users\LENOVO-PC\.m2\repository\org\eclipse\jetty\jetty-util\9.4.36.v20210114\jetty-util-9.4.36.v20210114.jar;C:\Users\LENOVO-PC\.m2\repository\org\eclipse\jetty\jetty-io\9.4.36.v20210114\jetty-io-9.4.36.v20210114.jar;C:\Users\LENOVO-PC\.m2\repository\org\eclipse\jetty\websocket\websocket-common\9.4.36.v20210114\websocket-common-9.4.36.v20210114.jar;C:\Users\LENOVO-PC\.m2\repository\org\eclipse\jetty\websocket\websocket-api\9.4.36.v20210114\websocket-api-9.4.36.v20210114.jar;C:\Users\LENOVO-PC\.m2\repository\org\projectlombok\lombok\1.18.20\lombok-1.18.20.jar;C:\Users\LENOVO-PC\.m2\repository\org\seleniumhq\selenium\htmlunit-driver\2.47.1\htmlunit-driver-2.47.1.jar;C:\Users\LENOVO-PC\.m2\repository\com\codeborne\phantomjsdriver\1.4.4\phantomjsdriver-1.4.4.jar;C:\Users\LENOVO-PC\.m2\repository\io\appium\java-client\7.5.1\java-client-7.5.1.jar;C:\Users\LENOVO-PC\.m2\repository\commons-validator\commons-validator\1.7\commons-validator-1.7.jar;C:\Users\LENOVO-PC\.m2\repository\commons-digester\commons-digester\2.1\commons-digester-2.1.jar;C:\Users\LENOVO-PC\.m2\repository\org\aspectj\aspectjweaver\1.9.6\aspectjweaver-1.9.6.jar;C:\Users\LENOVO-PC\.m2\repository\net\sf\opencsv\opencsv\2.0\opencsv-2.0.jar;C:\Users\LENOVO-PC\.m2\repository\commons-beanutils\commons-beanutils\1.9.4\commons-beanutils-1.9.4.jar;C:\Users\LENOVO-PC\.m2\repository\org\apache\commons\commons-lang3\3.11\commons-lang3-3.11.jar;C:\Users\LENOVO-PC\.m2\repository\commons-collections\commons-collections\3.2.2\commons-collections-3.2.2.jar;C:\Users\LENOVO-PC\.m2\repository\org\fluentlenium\fluentlenium-core\0.10.2\fluentlenium-core-0.10.2.jar;C:\Users\LENOVO-PC\.m2\repository\io\github\bonigarcia\webdrivermanager\4.4.1\webdrivermanager-4.4.1.jar;C:\Users\LENOVO-PC\.m2\repository\org\apache\httpcomponents\client5\httpclient5\5.0.3\httpclient5-5.0.3.jar;C:\Users\LENOVO-PC\.m2\repository\org\apache\httpcomponents\core5\httpcore5\5.0.2\httpcore5-5.0.2.jar;C:\Users\LENOVO-PC\.m2\repository\org\apache\httpcomponents\core5\httpcore5-h2\5.0.2\httpcore5-h2-5.0.2.jar;C:\Users\LENOVO-PC\.m2\repository\org\rauschig\jarchivelib\1.1.0\jarchivelib-1.1.0.jar;C:\Users\LENOVO-PC\.m2\repository\org\apache\commons\commons-compress\1.20\commons-compress-1.20.jar;C:\Users\LENOVO-PC\.m2\repository\com\jhlabs\filters\2.0.235\filters-2.0.235.jar;C:\Users\LENOVO-PC\.m2\repository\com\paulhammant\ngwebdriver\1.1.5\ngwebdriver-1.1.5.jar;C:\Users\LENOVO-PC\.m2\repository\joda-time\joda-time\2.8.2\joda-time-2.8.2.jar;C:\Users\LENOVO-PC\.m2\repository\com\google\jimfs\jimfs\1.1\jimfs-1.1.jar;C:\Users\LENOVO-PC\.m2\repository\org\mockito\mockito-core\3.3.3\mockito-core-3.3.3.jar;C:\Users\LENOVO-PC\.m2\repository\javax\xml\bind\jaxb-api\2.3.1\jaxb-api-2.3.1.jar;C:\Users\LENOVO-PC\.m2\repository\javax\activation\javax.activation-api\1.2.0\javax.activation-api-1.2.0.jar;C:\Users\LENOVO-PC\.m2\repository\com\sun\xml\bind\jaxb-core\2.3.0.1\jaxb-core-2.3.0.1.jar;C:\Users\LENOVO-PC\.m2\repository\com\sun\xml\bind\jaxb-impl\2.3.3\jaxb-impl-2.3.3.jar;C:\Users\LENOVO-PC\.m2\repository\com\sun\activation\jakarta.activation\1.2.2\jakarta.activation-1.2.2.jar;C:\Users\LENOVO-PC\.m2\repository\javax\activation\activation\1.1.1\activation-1.1.1.jar;C:\Users\LENOVO-PC\.m2\repository\net\serenity-bdd\serenity-junit\2.4.51\serenity-junit-2.4.51.jar;C:\Users\LENOVO-PC\.m2\repository\com\googlecode\json-simple\json-simple\1.1.1\json-simple-1.1.1.jar;C:\Users\LENOVO-PC\.m2\repository\net\serenity-bdd\serenity-rest-assured\2.4.51\serenity-rest-assured-2.4.51.jar;C:\Users\LENOVO-PC\.m2\repository\org\codehaus\groovy\groovy-json\3.0.8\groovy-json-3.0.8.jar;C:\Users\LENOVO-PC\.m2\repository\org\opentest4j\opentest4j\1.2.0\opentest4j-1.2.0.jar;C:\Users\LENOVO-PC\.m2\repository\net\serenity-bdd\serenity-screenplay\2.4.51\serenity-screenplay-2.4.51.jar;C:\Users\LENOVO-PC\.m2\repository\net\serenity-bdd\serenity-screenplay-rest\2.4.51\serenity-screenplay-rest-2.4.51.jar;C:\Users\LENOVO-PC\.m2\repository\net\serenity-bdd\serenity-cucumber6\2.4.51\serenity-cucumber6-2.4.51.jar;C:\Users\LENOVO-PC\.m2\repository\net\serenity-bdd\serenity-screenplay-webdriver\2.4.51\serenity-screenplay-webdriver-2.4.51.jar;C:\Users\LENOVO-PC\.m2\repository\io\cucumber\cucumber-java\6.10.4\cucumber-java-6.10.4.jar;C:\Users\LENOVO-PC\.m2\repository\org\apiguardian\apiguardian-api\1.1.1\apiguardian-api-1.1.1.jar;C:\Users\LENOVO-PC\.m2\repository\io\cucumber\cucumber-junit\6.10.4\cucumber-junit-6.10.4.jar;C:\Users\LENOVO-PC\.m2\repository\io\cucumber\datatable-matchers\3.4.0\datatable-matchers-3.4.0.jar;C:\Users\LENOVO-PC\.m2\repository\io\cucumber\datatable\3.4.0\datatable-3.4.0.jar;C:\Users\LENOVO-PC\.m2\repository\commons-logging\commons-logging\1.2\commons-logging-1.2.jar;C:\Users\LENOVO-PC\.m2\repository\org\apache\commons\commons-csv\1.5\commons-csv-1.5.jar;C:\Users\LENOVO-PC\.m2\repository\io\rest-assured\rest-assured\4.3.2\rest-assured-4.3.2.jar;C:\Users\LENOVO-PC\.m2\repository\org\apache\httpcomponents\httpclient\4.5.3\httpclient-4.5.3.jar;C:\Users\LENOVO-PC\.m2\repository\org\apache\httpcomponents\httpcore\4.4.6\httpcore-4.4.6.jar;C:\Users\LENOVO-PC\.m2\repository\org\apache\httpcomponents\httpmime\4.5.3\httpmime-4.5.3.jar;C:\Users\LENOVO-PC\.m2\repository\org\ccil\cowan\tagsoup\tagsoup\1.2.1\tagsoup-1.2.1.jar;C:\Users\LENOVO-PC\.m2\repository\io\rest-assured\json-path\4.3.3\json-path-4.3.3.jar;C:\Users\LENOVO-PC\.m2\repository\io\rest-assured\rest-assured-common\4.3.3\rest-assured-common-4.3.3.jar;C:\Users\LENOVO-PC\.m2\repository\io\rest-assured\xml-path\4.3.3\xml-path-4.3.3.jar;C:\Users\LENOVO-PC\.m2\repository\jakarta\xml\bind\jakarta.xml.bind-api\2.3.3\jakarta.xml.bind-api-2.3.3.jar;C:\Users\LENOVO-PC\.m2\repository\jakarta\activation\jakarta.activation-api\1.2.2\jakarta.activation-api-1.2.2.jar;C:\Users\LENOVO-PC\.m2\repository\org\codehaus\groovy\groovy\3.0.6\groovy-3.0.6.jar;C:\Users\LENOVO-PC\.m2\repository\org\codehaus\groovy\groovy-xml\3.0.6\groovy-xml-3.0.6.jar;C:\Users\LENOVO-PC\.m2\repository\junit\junit\4.13.1\junit-4.13.1.jar;C:\Users\LENOVO-PC\.m2\repository\org\hamcrest\hamcrest-core\1.3\hamcrest-core-1.3.jar;C:\Users\LENOVO-PC\.m2\repository\org\assertj\assertj-core\3.6.2\assertj-core-3.6.2.jar;C:\Users\LENOVO-PC\.m2\repository\org\hamcrest\hamcrest\2.2\hamcrest-2.2.jar;C:\Users\LENOVO-PC\.m2\repository\com\github\javafaker\javafaker\0.15\javafaker-0.15.jar;C:\Users\LENOVO-PC\.m2\repository\org\yaml\snakeyaml\1.20\snakeyaml-1.20-android.jar;C:\Users\LENOVO-PC\.m2\repository\com\github\mifmif\generex\1.0.2\generex-1.0.2.jar;C:\Users\LENOVO-PC\.m2\repository\dk\brics\automaton\automaton\1.11-8\automaton-1.11-8.jar;C:\Users\LENOVO-PC\.m2\repository\org\apache\maven\surefire\surefire-junit47\3.0.0-M5\surefire-junit47-3.0.0-M5.jar;C:\Users\LENOVO-PC\.m2\repository\org\apache\maven\surefire\common-java5\3.0.0-M5\common-java5-3.0.0-M5.jar;C:\Users\LENOVO-PC\.m2\repository\org\apache\maven\surefire\common-junit3\3.0.0-M5\common-junit3-3.0.0-M5.jar;C:\Users\LENOVO-PC\.m2\repository\org\apache\maven\surefire\common-junit4\3.0.0-M5\common-junit4-3.0.0-M5.jar;C:\Users\LENOVO-PC\.m2\repository\org\apache\maven\surefire\common-junit48\3.0.0-M5\common-junit48-3.0.0-M5.jar;C:\Users\LENOVO-PC\.m2\repository\org\apache\maven\surefire\surefire-grouper\3.0.0-M5\surefire-grouper-3.0.0-M5.jar"/>
    <property name="user.script" value=""/>
    <property name="java.protocol.handler.pkgs" value="com.google.common"/>
    <property name="sun.management.compiler" value="HotSpot 64-Bit Tiered Compilers"/>
    <property name="java.runtime.version" value="17.0.2+8-LTS-86"/>
    <property name="user.name" value="LENOVO-PC"/>
=======
<testsuite xmlns:xsi="http://www.w3.org/2001/XMLSchema-instance" xsi:noNamespaceSchemaLocation="https://maven.apache.org/surefire/maven-failsafe-plugin/xsd/failsafe-test-report-3.0.xsd" version="3.0" name="user on register page" time="320.359" tests="8" errors="0" skipped="0" failures="0">
  <properties>
    <property name="sun.desktop" value="windows"/>
    <property name="awt.toolkit" value="sun.awt.windows.WToolkit"/>
    <property name="java.specification.version" value="11"/>
    <property name="webdriver.chrome.driver" value="C:\Users\Siti Nurlatipah\.cache\selenium\chromedriver\win32\103.0.5060.53\chromedriver.exe"/>
    <property name="sun.cpu.isalist" value="amd64"/>
    <property name="sun.jnu.encoding" value="Cp1252"/>
    <property name="java.class.path" value="D:\CAPSTONE PROJECT KELOMPOK 32\WEB DISKUSIAZA\target\test-classes;C:\Users\Siti Nurlatipah\.m2\repository\ch\qos\logback\logback-classic\1.2.3\logback-classic-1.2.3.jar;C:\Users\Siti Nurlatipah\.m2\repository\ch\qos\logback\logback-core\1.2.3\logback-core-1.2.3.jar;C:\Users\Siti Nurlatipah\.m2\repository\org\slf4j\slf4j-api\1.7.25\slf4j-api-1.7.25.jar;C:\Users\Siti Nurlatipah\.m2\repository\net\serenity-bdd\serenity-core\2.4.51\serenity-core-2.4.51.jar;C:\Users\Siti Nurlatipah\.m2\repository\net\serenity-bdd\serenity-model\2.4.51\serenity-model-2.4.51.jar;C:\Users\Siti Nurlatipah\.m2\repository\org\apache\commons\commons-text\1.9\commons-text-1.9.jar;C:\Users\Siti Nurlatipah\.m2\repository\commons-net\commons-net\3.6\commons-net-3.6.jar;C:\Users\Siti Nurlatipah\.m2\repository\com\google\guava\guava\30.1-jre\guava-30.1-jre.jar;C:\Users\Siti Nurlatipah\.m2\repository\com\google\guava\failureaccess\1.0.1\failureaccess-1.0.1.jar;C:\Users\Siti Nurlatipah\.m2\repository\com\google\guava\listenablefuture\9999.0-empty-to-avoid-conflict-with-guava\listenablefuture-9999.0-empty-to-avoid-conflict-with-guava.jar;C:\Users\Siti Nurlatipah\.m2\repository\com\google\code\findbugs\jsr305\3.0.2\jsr305-3.0.2.jar;C:\Users\Siti Nurlatipah\.m2\repository\org\checkerframework\checker-qual\3.5.0\checker-qual-3.5.0.jar;C:\Users\Siti Nurlatipah\.m2\repository\com\google\errorprone\error_prone_annotations\2.3.4\error_prone_annotations-2.3.4.jar;C:\Users\Siti Nurlatipah\.m2\repository\com\google\j2objc\j2objc-annotations\1.3\j2objc-annotations-1.3.jar;C:\Users\Siti Nurlatipah\.m2\repository\com\google\inject\guice\5.0.1\guice-5.0.1.jar;C:\Users\Siti Nurlatipah\.m2\repository\javax\inject\javax.inject\1\javax.inject-1.jar;C:\Users\Siti Nurlatipah\.m2\repository\aopalliance\aopalliance\1.0\aopalliance-1.0.jar;C:\Users\Siti Nurlatipah\.m2\repository\org\jsoup\jsoup\1.13.1\jsoup-1.13.1.jar;C:\Users\Siti Nurlatipah\.m2\repository\com\thoughtworks\xstream\xstream\1.4.17\xstream-1.4.17.jar;C:\Users\Siti Nurlatipah\.m2\repository\io\github\x-stream\mxparser\1.2.1\mxparser-1.2.1.jar;C:\Users\Siti Nurlatipah\.m2\repository\xmlpull\xmlpull\1.1.3.1\xmlpull-1.1.3.1.jar;C:\Users\Siti Nurlatipah\.m2\repository\io\cucumber\cucumber-core\6.10.2\cucumber-core-6.10.2.jar;C:\Users\Siti Nurlatipah\.m2\repository\io\cucumber\cucumber-gherkin\6.10.2\cucumber-gherkin-6.10.2.jar;C:\Users\Siti Nurlatipah\.m2\repository\io\cucumber\cucumber-gherkin-messages\6.10.2\cucumber-gherkin-messages-6.10.2.jar;C:\Users\Siti Nurlatipah\.m2\repository\io\cucumber\messages\14.0.1\messages-14.0.1.jar;C:\Users\Siti Nurlatipah\.m2\repository\io\cucumber\tag-expressions\3.0.0\tag-expressions-3.0.0.jar;C:\Users\Siti Nurlatipah\.m2\repository\io\cucumber\cucumber-expressions\10.3.0\cucumber-expressions-10.3.0.jar;C:\Users\Siti Nurlatipah\.m2\repository\io\cucumber\cucumber-plugin\6.10.2\cucumber-plugin-6.10.2.jar;C:\Users\Siti Nurlatipah\.m2\repository\io\cucumber\docstring\6.10.2\docstring-6.10.2.jar;C:\Users\Siti Nurlatipah\.m2\repository\io\cucumber\html-formatter\12.0.0\html-formatter-12.0.0.jar;C:\Users\Siti Nurlatipah\.m2\repository\io\cucumber\create-meta\3.0.0\create-meta-3.0.0.jar;C:\Users\Siti Nurlatipah\.m2\repository\com\typesafe\config\1.3.1\config-1.3.1.jar;C:\Users\Siti Nurlatipah\.m2\repository\org\imgscalr\imgscalr-lib\4.2\imgscalr-lib-4.2.jar;C:\Users\Siti Nurlatipah\.m2\repository\org\awaitility\awaitility\4.0.3\awaitility-4.0.3.jar;C:\Users\Siti Nurlatipah\.m2\repository\org\freemarker\freemarker\2.3.29\freemarker-2.3.29.jar;C:\Users\Siti Nurlatipah\.m2\repository\net\sourceforge\jexcelapi\jxl\2.6.12\jxl-2.6.12.jar;C:\Users\Siti Nurlatipah\.m2\repository\org\asciidoctor\asciidoctorj\2.5.1\asciidoctorj-2.5.1.jar;C:\Users\Siti Nurlatipah\.m2\repository\org\asciidoctor\asciidoctorj-api\2.5.1\asciidoctorj-api-2.5.1.jar;C:\Users\Siti Nurlatipah\.m2\repository\org\jruby\jruby\9.2.17.0\jruby-9.2.17.0.jar;C:\Users\Siti Nurlatipah\.m2\repository\org\jruby\jruby-core\9.2.17.0\jruby-core-9.2.17.0.jar;C:\Users\Siti Nurlatipah\.m2\repository\com\github\jnr\jnr-netdb\1.2.0\jnr-netdb-1.2.0.jar;C:\Users\Siti Nurlatipah\.m2\repository\com\github\jnr\jnr-enxio\0.32.3\jnr-enxio-0.32.3.jar;C:\Users\Siti Nurlatipah\.m2\repository\com\github\jnr\jnr-unixsocket\0.38.5\jnr-unixsocket-0.38.5.jar;C:\Users\Siti Nurlatipah\.m2\repository\com\github\jnr\jnr-posix\3.1.4\jnr-posix-3.1.4.jar;C:\Users\Siti Nurlatipah\.m2\repository\com\github\jnr\jnr-constants\0.10.1\jnr-constants-0.10.1.jar;C:\Users\Siti Nurlatipah\.m2\repository\com\github\jnr\jffi\1.3.1\jffi-1.3.1.jar;C:\Users\Siti Nurlatipah\.m2\repository\com\github\jnr\jffi\1.3.1\jffi-1.3.1-native.jar;C:\Users\Siti Nurlatipah\.m2\repository\org\jruby\joni\joni\2.1.31\joni-2.1.31.jar;C:\Users\Siti Nurlatipah\.m2\repository\org\jruby\jcodings\jcodings\1.0.46\jcodings-1.0.46.jar;C:\Users\Siti Nurlatipah\.m2\repository\org\jruby\dirgra\0.3\dirgra-0.3.jar;C:\Users\Siti Nurlatipah\.m2\repository\com\headius\invokebinder\1.11\invokebinder-1.11.jar;C:\Users\Siti Nurlatipah\.m2\repository\com\headius\options\1.4\options-1.4.jar;C:\Users\Siti Nurlatipah\.m2\repository\com\jcraft\jzlib\1.1.3\jzlib-1.1.3.jar;C:\Users\Siti Nurlatipah\.m2\repository\com\martiansoftware\nailgun-server\0.9.1\nailgun-server-0.9.1.jar;C:\Users\Siti Nurlatipah\.m2\repository\com\headius\backport9\1.8\backport9-1.8.jar;C:\Users\Siti Nurlatipah\.m2\repository\javax\annotation\javax.annotation-api\1.3.1\javax.annotation-api-1.3.1.jar;C:\Users\Siti Nurlatipah\.m2\repository\org\jruby\jruby-stdlib\9.2.17.0\jruby-stdlib-9.2.17.0.jar;C:\Users\Siti Nurlatipah\.m2\repository\net\bytebuddy\byte-buddy\1.11.1\byte-buddy-1.11.1.jar;C:\Users\Siti Nurlatipah\.m2\repository\net\bytebuddy\byte-buddy-agent\1.11.1\byte-buddy-agent-1.11.1.jar;C:\Users\Siti Nurlatipah\.m2\repository\org\objenesis\objenesis\3.1\objenesis-3.1.jar;C:\Users\Siti Nurlatipah\.m2\repository\net\serenity-bdd\serenity-reports\2.4.51\serenity-reports-2.4.51.jar;C:\Users\Siti Nurlatipah\.m2\repository\net\serenity-bdd\serenity-stats\2.4.51\serenity-stats-2.4.51.jar;C:\Users\Siti Nurlatipah\.m2\repository\org\jetbrains\kotlin\kotlin-stdlib\1.5.0\kotlin-stdlib-1.5.0.jar;C:\Users\Siti Nurlatipah\.m2\repository\org\jetbrains\annotations\13.0\annotations-13.0.jar;C:\Users\Siti Nurlatipah\.m2\repository\org\jetbrains\kotlin\kotlin-stdlib-common\1.5.0\kotlin-stdlib-common-1.5.0.jar;C:\Users\Siti Nurlatipah\.m2\repository\net\serenity-bdd\serenity-reports-configuration\2.4.51\serenity-reports-configuration-2.4.51.jar;C:\Users\Siti Nurlatipah\.m2\repository\com\vladsch\flexmark\flexmark-all\0.34.30\flexmark-all-0.34.30.jar;C:\Users\Siti Nurlatipah\.m2\repository\com\vladsch\flexmark\flexmark\0.34.30\flexmark-0.34.30.jar;C:\Users\Siti Nurlatipah\.m2\repository\com\vladsch\flexmark\flexmark-ext-abbreviation\0.34.30\flexmark-ext-abbreviation-0.34.30.jar;C:\Users\Siti Nurlatipah\.m2\repository\com\vladsch\flexmark\flexmark-ext-admonition\0.34.30\flexmark-ext-admonition-0.34.30.jar;C:\Users\Siti Nurlatipah\.m2\repository\com\vladsch\flexmark\flexmark-ext-anchorlink\0.34.30\flexmark-ext-anchorlink-0.34.30.jar;C:\Users\Siti Nurlatipah\.m2\repository\com\vladsch\flexmark\flexmark-ext-aside\0.34.30\flexmark-ext-aside-0.34.30.jar;C:\Users\Siti Nurlatipah\.m2\repository\com\vladsch\flexmark\flexmark-ext-attributes\0.34.30\flexmark-ext-attributes-0.34.30.jar;C:\Users\Siti Nurlatipah\.m2\repository\com\vladsch\flexmark\flexmark-ext-autolink\0.34.30\flexmark-ext-autolink-0.34.30.jar;C:\Users\Siti Nurlatipah\.m2\repository\org\nibor\autolink\autolink\0.6.0\autolink-0.6.0.jar;C:\Users\Siti Nurlatipah\.m2\repository\com\vladsch\flexmark\flexmark-ext-definition\0.34.30\flexmark-ext-definition-0.34.30.jar;C:\Users\Siti Nurlatipah\.m2\repository\com\vladsch\flexmark\flexmark-ext-emoji\0.34.30\flexmark-ext-emoji-0.34.30.jar;C:\Users\Siti Nurlatipah\.m2\repository\com\vladsch\flexmark\flexmark-ext-enumerated-reference\0.34.30\flexmark-ext-enumerated-reference-0.34.30.jar;C:\Users\Siti Nurlatipah\.m2\repository\com\vladsch\flexmark\flexmark-ext-escaped-character\0.34.30\flexmark-ext-escaped-character-0.34.30.jar;C:\Users\Siti Nurlatipah\.m2\repository\com\vladsch\flexmark\flexmark-ext-footnotes\0.34.30\flexmark-ext-footnotes-0.34.30.jar;C:\Users\Siti Nurlatipah\.m2\repository\com\vladsch\flexmark\flexmark-ext-gfm-issues\0.34.30\flexmark-ext-gfm-issues-0.34.30.jar;C:\Users\Siti Nurlatipah\.m2\repository\com\vladsch\flexmark\flexmark-ext-gfm-strikethrough\0.34.30\flexmark-ext-gfm-strikethrough-0.34.30.jar;C:\Users\Siti Nurlatipah\.m2\repository\com\vladsch\flexmark\flexmark-ext-gfm-tables\0.34.30\flexmark-ext-gfm-tables-0.34.30.jar;C:\Users\Siti Nurlatipah\.m2\repository\com\vladsch\flexmark\flexmark-ext-gfm-tasklist\0.34.30\flexmark-ext-gfm-tasklist-0.34.30.jar;C:\Users\Siti Nurlatipah\.m2\repository\com\vladsch\flexmark\flexmark-ext-gfm-users\0.34.30\flexmark-ext-gfm-users-0.34.30.jar;C:\Users\Siti Nurlatipah\.m2\repository\com\vladsch\flexmark\flexmark-ext-gitlab\0.34.30\flexmark-ext-gitlab-0.34.30.jar;C:\Users\Siti Nurlatipah\.m2\repository\com\vladsch\flexmark\flexmark-ext-jekyll-front-matter\0.34.30\flexmark-ext-jekyll-front-matter-0.34.30.jar;C:\Users\Siti Nurlatipah\.m2\repository\com\vladsch\flexmark\flexmark-ext-jekyll-tag\0.34.30\flexmark-ext-jekyll-tag-0.34.30.jar;C:\Users\Siti Nurlatipah\.m2\repository\com\vladsch\flexmark\flexmark-ext-media-tags\0.34.30\flexmark-ext-media-tags-0.34.30.jar;C:\Users\Siti Nurlatipah\.m2\repository\com\vladsch\flexmark\flexmark-test-util\0.34.30\flexmark-test-util-0.34.30.jar;C:\Users\Siti Nurlatipah\.m2\repository\com\vladsch\flexmark\flexmark-ext-ins\0.34.30\flexmark-ext-ins-0.34.30.jar;C:\Users\Siti Nurlatipah\.m2\repository\com\vladsch\flexmark\flexmark-ext-xwiki-macros\0.34.30\flexmark-ext-xwiki-macros-0.34.30.jar;C:\Users\Siti Nurlatipah\.m2\repository\com\vladsch\flexmark\flexmark-ext-superscript\0.34.30\flexmark-ext-superscript-0.34.30.jar;C:\Users\Siti Nurlatipah\.m2\repository\com\vladsch\flexmark\flexmark-ext-tables\0.34.30\flexmark-ext-tables-0.34.30.jar;C:\Users\Siti Nurlatipah\.m2\repository\com\vladsch\flexmark\flexmark-ext-toc\0.34.30\flexmark-ext-toc-0.34.30.jar;C:\Users\Siti Nurlatipah\.m2\repository\com\vladsch\flexmark\flexmark-ext-typographic\0.34.30\flexmark-ext-typographic-0.34.30.jar;C:\Users\Siti Nurlatipah\.m2\repository\com\vladsch\flexmark\flexmark-ext-wikilink\0.34.30\flexmark-ext-wikilink-0.34.30.jar;C:\Users\Siti Nurlatipah\.m2\repository\com\vladsch\flexmark\flexmark-ext-yaml-front-matter\0.34.30\flexmark-ext-yaml-front-matter-0.34.30.jar;C:\Users\Siti Nurlatipah\.m2\repository\com\vladsch\flexmark\flexmark-ext-youtube-embedded\0.34.30\flexmark-ext-youtube-embedded-0.34.30.jar;C:\Users\Siti Nurlatipah\.m2\repository\com\vladsch\flexmark\flexmark-formatter\0.34.30\flexmark-formatter-0.34.30.jar;C:\Users\Siti Nurlatipah\.m2\repository\com\vladsch\flexmark\flexmark-html-parser\0.34.30\flexmark-html-parser-0.34.30.jar;C:\Users\Siti Nurlatipah\.m2\repository\com\vladsch\flexmark\flexmark-jira-converter\0.34.30\flexmark-jira-converter-0.34.30.jar;C:\Users\Siti Nurlatipah\.m2\repository\com\vladsch\flexmark\flexmark-pdf-converter\0.34.30\flexmark-pdf-converter-0.34.30.jar;C:\Users\Siti Nurlatipah\.m2\repository\com\openhtmltopdf\openhtmltopdf-core\0.0.1-RC13\openhtmltopdf-core-0.0.1-RC13.jar;C:\Users\Siti Nurlatipah\.m2\repository\com\openhtmltopdf\openhtmltopdf-pdfbox\0.0.1-RC13\openhtmltopdf-pdfbox-0.0.1-RC13.jar;C:\Users\Siti Nurlatipah\.m2\repository\org\apache\pdfbox\pdfbox\2.0.8\pdfbox-2.0.8.jar;C:\Users\Siti Nurlatipah\.m2\repository\org\apache\pdfbox\fontbox\2.0.8\fontbox-2.0.8.jar;C:\Users\Siti Nurlatipah\.m2\repository\org\apache\pdfbox\xmpbox\2.0.8\xmpbox-2.0.8.jar;C:\Users\Siti Nurlatipah\.m2\repository\de\rototor\pdfbox\graphics2d\0.12\graphics2d-0.12.jar;C:\Users\Siti Nurlatipah\.m2\repository\com\openhtmltopdf\openhtmltopdf-rtl-support\0.0.1-RC13\openhtmltopdf-rtl-support-0.0.1-RC13.jar;C:\Users\Siti Nurlatipah\.m2\repository\com\ibm\icu\icu4j\59.1\icu4j-59.1.jar;C:\Users\Siti Nurlatipah\.m2\repository\com\openhtmltopdf\openhtmltopdf-jsoup-dom-converter\0.0.1-RC13\openhtmltopdf-jsoup-dom-converter-0.0.1-RC13.jar;C:\Users\Siti Nurlatipah\.m2\repository\com\vladsch\flexmark\flexmark-profile-pegdown\0.34.30\flexmark-profile-pegdown-0.34.30.jar;C:\Users\Siti Nurlatipah\.m2\repository\com\vladsch\flexmark\flexmark-util\0.34.30\flexmark-util-0.34.30.jar;C:\Users\Siti Nurlatipah\.m2\repository\com\vladsch\flexmark\flexmark-youtrack-converter\0.34.30\flexmark-youtrack-converter-0.34.30.jar;C:\Users\Siti Nurlatipah\.m2\repository\es\nitaur\markdown\txtmark\0.16\txtmark-0.16.jar;C:\Users\Siti Nurlatipah\.m2\repository\net\serenity-bdd\serenity-report-resources\2.4.51\serenity-report-resources-2.4.51.jar;C:\Users\Siti Nurlatipah\.m2\repository\com\google\code\gson\gson\2.8.7\gson-2.8.7.jar;C:\Users\Siti Nurlatipah\.m2\repository\com\fasterxml\jackson\core\jackson-core\2.12.4\jackson-core-2.12.4.jar;C:\Users\Siti Nurlatipah\.m2\repository\com\fasterxml\jackson\core\jackson-databind\2.12.4\jackson-databind-2.12.4.jar;C:\Users\Siti Nurlatipah\.m2\repository\com\fasterxml\jackson\core\jackson-annotations\2.12.4\jackson-annotations-2.12.4.jar;C:\Users\Siti Nurlatipah\.m2\repository\commons-codec\commons-codec\1.15\commons-codec-1.15.jar;C:\Users\Siti Nurlatipah\.m2\repository\commons-io\commons-io\2.8.0\commons-io-2.8.0.jar;C:\Users\Siti Nurlatipah\.m2\repository\org\seleniumhq\selenium\selenium-server\3.141.59\selenium-server-3.141.59.jar;C:\Users\Siti Nurlatipah\.m2\repository\org\seleniumhq\selenium\selenium-opera-driver\3.141.59\selenium-opera-driver-3.141.59.jar;C:\Users\Siti Nurlatipah\.m2\repository\org\seleniumhq\selenium\selenium-remote-driver\3.141.59\selenium-remote-driver-3.141.59.jar;C:\Users\Siti Nurlatipah\.m2\repository\org\seleniumhq\selenium\selenium-safari-driver\3.141.59\selenium-safari-driver-3.141.59.jar;C:\Users\Siti Nurlatipah\.m2\repository\com\beust\jcommander\1.72\jcommander-1.72.jar;C:\Users\Siti Nurlatipah\.m2\repository\org\apache\commons\commons-exec\1.3\commons-exec-1.3.jar;C:\Users\Siti Nurlatipah\.m2\repository\net\jcip\jcip-annotations\1.0\jcip-annotations-1.0.jar;C:\Users\Siti Nurlatipah\.m2\repository\org\seleniumhq\selenium\jetty-repacked\9.4.12.v20180830\jetty-repacked-9.4.12.v20180830.jar;C:\Users\Siti Nurlatipah\.m2\repository\com\squareup\okhttp3\okhttp\3.11.0\okhttp-3.11.0.jar;C:\Users\Siti Nurlatipah\.m2\repository\com\squareup\okio\okio\1.14.0\okio-1.14.0.jar;C:\Users\Siti Nurlatipah\.m2\repository\javax\servlet\javax.servlet-api\3.1.0\javax.servlet-api-3.1.0.jar;C:\Users\Siti Nurlatipah\.m2\repository\org\yaml\snakeyaml\1.19\snakeyaml-1.19.jar;C:\Users\Siti Nurlatipah\.m2\repository\org\seleniumhq\selenium\selenium-java\3.141.59\selenium-java-3.141.59.jar;C:\Users\Siti Nurlatipah\.m2\repository\org\seleniumhq\selenium\selenium-api\3.141.59\selenium-api-3.141.59.jar;C:\Users\Siti Nurlatipah\.m2\repository\org\seleniumhq\selenium\selenium-support\3.141.59\selenium-support-3.141.59.jar;C:\Users\Siti Nurlatipah\.m2\repository\org\seleniumhq\selenium\selenium-chrome-driver\3.141.59\selenium-chrome-driver-3.141.59.jar;C:\Users\Siti Nurlatipah\.m2\repository\org\seleniumhq\selenium\selenium-firefox-driver\3.141.59\selenium-firefox-driver-3.141.59.jar;C:\Users\Siti Nurlatipah\.m2\repository\org\seleniumhq\selenium\selenium-edge-driver\3.141.59\selenium-edge-driver-3.141.59.jar;C:\Users\Siti Nurlatipah\.m2\repository\org\seleniumhq\selenium\selenium-ie-driver\3.141.59\selenium-ie-driver-3.141.59.jar;C:\Users\Siti Nurlatipah\.m2\repository\net\sourceforge\htmlunit\htmlunit\2.47.1\htmlunit-2.47.1.jar;C:\Users\Siti Nurlatipah\.m2\repository\xalan\xalan\2.7.2\xalan-2.7.2.jar;C:\Users\Siti Nurlatipah\.m2\repository\xalan\serializer\2.7.2\serializer-2.7.2.jar;C:\Users\Siti Nurlatipah\.m2\repository\net\sourceforge\htmlunit\htmlunit-core-js\2.47.0\htmlunit-core-js-2.47.0.jar;C:\Users\Siti Nurlatipah\.m2\repository\net\sourceforge\htmlunit\neko-htmlunit\2.47.1\neko-htmlunit-2.47.1.jar;C:\Users\Siti Nurlatipah\.m2\repository\xerces\xercesImpl\2.12.0\xercesImpl-2.12.0.jar;C:\Users\Siti Nurlatipah\.m2\repository\xml-apis\xml-apis\1.4.01\xml-apis-1.4.01.jar;C:\Users\Siti Nurlatipah\.m2\repository\net\sourceforge\htmlunit\htmlunit-cssparser\1.7.0\htmlunit-cssparser-1.7.0.jar;C:\Users\Siti Nurlatipah\.m2\repository\org\brotli\dec\0.1.2\dec-0.1.2.jar;C:\Users\Siti Nurlatipah\.m2\repository\com\shapesecurity\salvation2\3.0.0\salvation2-3.0.0.jar;C:\Users\Siti Nurlatipah\.m2\repository\org\eclipse\jetty\websocket\websocket-client\9.4.36.v20210114\websocket-client-9.4.36.v20210114.jar;C:\Users\Siti Nurlatipah\.m2\repository\org\eclipse\jetty\jetty-client\9.4.36.v20210114\jetty-client-9.4.36.v20210114.jar;C:\Users\Siti Nurlatipah\.m2\repository\org\eclipse\jetty\jetty-http\9.4.36.v20210114\jetty-http-9.4.36.v20210114.jar;C:\Users\Siti Nurlatipah\.m2\repository\org\eclipse\jetty\jetty-util\9.4.36.v20210114\jetty-util-9.4.36.v20210114.jar;C:\Users\Siti Nurlatipah\.m2\repository\org\eclipse\jetty\jetty-io\9.4.36.v20210114\jetty-io-9.4.36.v20210114.jar;C:\Users\Siti Nurlatipah\.m2\repository\org\eclipse\jetty\websocket\websocket-common\9.4.36.v20210114\websocket-common-9.4.36.v20210114.jar;C:\Users\Siti Nurlatipah\.m2\repository\org\eclipse\jetty\websocket\websocket-api\9.4.36.v20210114\websocket-api-9.4.36.v20210114.jar;C:\Users\Siti Nurlatipah\.m2\repository\org\projectlombok\lombok\1.18.20\lombok-1.18.20.jar;C:\Users\Siti Nurlatipah\.m2\repository\org\seleniumhq\selenium\htmlunit-driver\2.47.1\htmlunit-driver-2.47.1.jar;C:\Users\Siti Nurlatipah\.m2\repository\com\codeborne\phantomjsdriver\1.4.4\phantomjsdriver-1.4.4.jar;C:\Users\Siti Nurlatipah\.m2\repository\io\appium\java-client\7.5.1\java-client-7.5.1.jar;C:\Users\Siti Nurlatipah\.m2\repository\commons-validator\commons-validator\1.7\commons-validator-1.7.jar;C:\Users\Siti Nurlatipah\.m2\repository\commons-digester\commons-digester\2.1\commons-digester-2.1.jar;C:\Users\Siti Nurlatipah\.m2\repository\org\aspectj\aspectjweaver\1.9.6\aspectjweaver-1.9.6.jar;C:\Users\Siti Nurlatipah\.m2\repository\net\sf\opencsv\opencsv\2.0\opencsv-2.0.jar;C:\Users\Siti Nurlatipah\.m2\repository\commons-beanutils\commons-beanutils\1.9.4\commons-beanutils-1.9.4.jar;C:\Users\Siti Nurlatipah\.m2\repository\org\apache\commons\commons-lang3\3.11\commons-lang3-3.11.jar;C:\Users\Siti Nurlatipah\.m2\repository\commons-collections\commons-collections\3.2.2\commons-collections-3.2.2.jar;C:\Users\Siti Nurlatipah\.m2\repository\org\fluentlenium\fluentlenium-core\0.10.2\fluentlenium-core-0.10.2.jar;C:\Users\Siti Nurlatipah\.m2\repository\io\github\bonigarcia\webdrivermanager\4.4.1\webdrivermanager-4.4.1.jar;C:\Users\Siti Nurlatipah\.m2\repository\org\apache\httpcomponents\client5\httpclient5\5.0.3\httpclient5-5.0.3.jar;C:\Users\Siti Nurlatipah\.m2\repository\org\apache\httpcomponents\core5\httpcore5\5.0.2\httpcore5-5.0.2.jar;C:\Users\Siti Nurlatipah\.m2\repository\org\apache\httpcomponents\core5\httpcore5-h2\5.0.2\httpcore5-h2-5.0.2.jar;C:\Users\Siti Nurlatipah\.m2\repository\org\rauschig\jarchivelib\1.1.0\jarchivelib-1.1.0.jar;C:\Users\Siti Nurlatipah\.m2\repository\org\apache\commons\commons-compress\1.20\commons-compress-1.20.jar;C:\Users\Siti Nurlatipah\.m2\repository\com\jhlabs\filters\2.0.235\filters-2.0.235.jar;C:\Users\Siti Nurlatipah\.m2\repository\com\paulhammant\ngwebdriver\1.1.5\ngwebdriver-1.1.5.jar;C:\Users\Siti Nurlatipah\.m2\repository\joda-time\joda-time\2.8.2\joda-time-2.8.2.jar;C:\Users\Siti Nurlatipah\.m2\repository\com\google\jimfs\jimfs\1.1\jimfs-1.1.jar;C:\Users\Siti Nurlatipah\.m2\repository\org\mockito\mockito-core\3.3.3\mockito-core-3.3.3.jar;C:\Users\Siti Nurlatipah\.m2\repository\javax\xml\bind\jaxb-api\2.3.1\jaxb-api-2.3.1.jar;C:\Users\Siti Nurlatipah\.m2\repository\javax\activation\javax.activation-api\1.2.0\javax.activation-api-1.2.0.jar;C:\Users\Siti Nurlatipah\.m2\repository\com\sun\xml\bind\jaxb-core\2.3.0.1\jaxb-core-2.3.0.1.jar;C:\Users\Siti Nurlatipah\.m2\repository\com\sun\xml\bind\jaxb-impl\2.3.3\jaxb-impl-2.3.3.jar;C:\Users\Siti Nurlatipah\.m2\repository\com\sun\activation\jakarta.activation\1.2.2\jakarta.activation-1.2.2.jar;C:\Users\Siti Nurlatipah\.m2\repository\javax\activation\activation\1.1.1\activation-1.1.1.jar;C:\Users\Siti Nurlatipah\.m2\repository\net\serenity-bdd\serenity-junit\2.4.51\serenity-junit-2.4.51.jar;C:\Users\Siti Nurlatipah\.m2\repository\com\googlecode\json-simple\json-simple\1.1.1\json-simple-1.1.1.jar;C:\Users\Siti Nurlatipah\.m2\repository\net\serenity-bdd\serenity-rest-assured\2.4.51\serenity-rest-assured-2.4.51.jar;C:\Users\Siti Nurlatipah\.m2\repository\org\codehaus\groovy\groovy-json\3.0.8\groovy-json-3.0.8.jar;C:\Users\Siti Nurlatipah\.m2\repository\org\opentest4j\opentest4j\1.2.0\opentest4j-1.2.0.jar;C:\Users\Siti Nurlatipah\.m2\repository\net\serenity-bdd\serenity-screenplay\2.4.51\serenity-screenplay-2.4.51.jar;C:\Users\Siti Nurlatipah\.m2\repository\net\serenity-bdd\serenity-screenplay-rest\2.4.51\serenity-screenplay-rest-2.4.51.jar;C:\Users\Siti Nurlatipah\.m2\repository\net\serenity-bdd\serenity-cucumber6\2.4.51\serenity-cucumber6-2.4.51.jar;C:\Users\Siti Nurlatipah\.m2\repository\net\serenity-bdd\serenity-screenplay-webdriver\2.4.51\serenity-screenplay-webdriver-2.4.51.jar;C:\Users\Siti Nurlatipah\.m2\repository\io\cucumber\cucumber-java\6.10.4\cucumber-java-6.10.4.jar;C:\Users\Siti Nurlatipah\.m2\repository\org\apiguardian\apiguardian-api\1.1.1\apiguardian-api-1.1.1.jar;C:\Users\Siti Nurlatipah\.m2\repository\io\cucumber\cucumber-junit\6.10.4\cucumber-junit-6.10.4.jar;C:\Users\Siti Nurlatipah\.m2\repository\io\cucumber\datatable-matchers\3.4.0\datatable-matchers-3.4.0.jar;C:\Users\Siti Nurlatipah\.m2\repository\io\cucumber\datatable\3.4.0\datatable-3.4.0.jar;C:\Users\Siti Nurlatipah\.m2\repository\commons-logging\commons-logging\1.2\commons-logging-1.2.jar;C:\Users\Siti Nurlatipah\.m2\repository\org\apache\commons\commons-csv\1.5\commons-csv-1.5.jar;C:\Users\Siti Nurlatipah\.m2\repository\io\rest-assured\rest-assured\4.3.2\rest-assured-4.3.2.jar;C:\Users\Siti Nurlatipah\.m2\repository\org\apache\httpcomponents\httpclient\4.5.3\httpclient-4.5.3.jar;C:\Users\Siti Nurlatipah\.m2\repository\org\apache\httpcomponents\httpcore\4.4.6\httpcore-4.4.6.jar;C:\Users\Siti Nurlatipah\.m2\repository\org\apache\httpcomponents\httpmime\4.5.3\httpmime-4.5.3.jar;C:\Users\Siti Nurlatipah\.m2\repository\org\ccil\cowan\tagsoup\tagsoup\1.2.1\tagsoup-1.2.1.jar;C:\Users\Siti Nurlatipah\.m2\repository\io\rest-assured\json-path\4.3.3\json-path-4.3.3.jar;C:\Users\Siti Nurlatipah\.m2\repository\io\rest-assured\rest-assured-common\4.3.3\rest-assured-common-4.3.3.jar;C:\Users\Siti Nurlatipah\.m2\repository\io\rest-assured\xml-path\4.3.3\xml-path-4.3.3.jar;C:\Users\Siti Nurlatipah\.m2\repository\jakarta\xml\bind\jakarta.xml.bind-api\2.3.3\jakarta.xml.bind-api-2.3.3.jar;C:\Users\Siti Nurlatipah\.m2\repository\jakarta\activation\jakarta.activation-api\1.2.2\jakarta.activation-api-1.2.2.jar;C:\Users\Siti Nurlatipah\.m2\repository\org\codehaus\groovy\groovy\3.0.6\groovy-3.0.6.jar;C:\Users\Siti Nurlatipah\.m2\repository\org\codehaus\groovy\groovy-xml\3.0.6\groovy-xml-3.0.6.jar;C:\Users\Siti Nurlatipah\.m2\repository\junit\junit\4.13.1\junit-4.13.1.jar;C:\Users\Siti Nurlatipah\.m2\repository\org\hamcrest\hamcrest-core\1.3\hamcrest-core-1.3.jar;C:\Users\Siti Nurlatipah\.m2\repository\org\assertj\assertj-core\3.6.2\assertj-core-3.6.2.jar;C:\Users\Siti Nurlatipah\.m2\repository\org\hamcrest\hamcrest\2.2\hamcrest-2.2.jar;C:\Users\Siti Nurlatipah\.m2\repository\com\github\javafaker\javafaker\0.15\javafaker-0.15.jar;C:\Users\Siti Nurlatipah\.m2\repository\org\yaml\snakeyaml\1.20\snakeyaml-1.20-android.jar;C:\Users\Siti Nurlatipah\.m2\repository\com\github\mifmif\generex\1.0.2\generex-1.0.2.jar;C:\Users\Siti Nurlatipah\.m2\repository\dk\brics\automaton\automaton\1.11-8\automaton-1.11-8.jar;"/>
    <property name="java.vm.vendor" value="Oracle Corporation"/>
    <property name="sun.arch.data.model" value="64"/>
    <property name="user.variant" value=""/>
    <property name="java.vendor.url" value="https://openjdk.java.net/"/>
    <property name="user.timezone" value="Asia/Bangkok"/>
    <property name="java.vm.specification.version" value="11"/>
    <property name="os.name" value="Windows 10"/>
    <property name="sun.java.launcher" value="SUN_STANDARD"/>
    <property name="user.country" value="ID"/>
    <property name="sun.boot.library.path" value="C:\Program Files\Java\jdk-11.0.14\bin"/>
    <property name="sun.java.command" value="org.apache.maven.surefire.booter.ForkedBooter C:\Users\Siti Nurlatipah\AppData\Local\Temp\surefire9953489925287815031 2022-07-17T19-04-24_507-jvmRun1 surefire3099549283445716969tmp surefire_09762136326302336205tmp"/>
    <property name="jdk.debug" value="release"/>
    <property name="surefire.test.class.path" value="D:\CAPSTONE PROJECT KELOMPOK 32\WEB DISKUSIAZA\target\test-classes;C:\Users\Siti Nurlatipah\.m2\repository\ch\qos\logback\logback-classic\1.2.3\logback-classic-1.2.3.jar;C:\Users\Siti Nurlatipah\.m2\repository\ch\qos\logback\logback-core\1.2.3\logback-core-1.2.3.jar;C:\Users\Siti Nurlatipah\.m2\repository\org\slf4j\slf4j-api\1.7.25\slf4j-api-1.7.25.jar;C:\Users\Siti Nurlatipah\.m2\repository\net\serenity-bdd\serenity-core\2.4.51\serenity-core-2.4.51.jar;C:\Users\Siti Nurlatipah\.m2\repository\net\serenity-bdd\serenity-model\2.4.51\serenity-model-2.4.51.jar;C:\Users\Siti Nurlatipah\.m2\repository\org\apache\commons\commons-text\1.9\commons-text-1.9.jar;C:\Users\Siti Nurlatipah\.m2\repository\commons-net\commons-net\3.6\commons-net-3.6.jar;C:\Users\Siti Nurlatipah\.m2\repository\com\google\guava\guava\30.1-jre\guava-30.1-jre.jar;C:\Users\Siti Nurlatipah\.m2\repository\com\google\guava\failureaccess\1.0.1\failureaccess-1.0.1.jar;C:\Users\Siti Nurlatipah\.m2\repository\com\google\guava\listenablefuture\9999.0-empty-to-avoid-conflict-with-guava\listenablefuture-9999.0-empty-to-avoid-conflict-with-guava.jar;C:\Users\Siti Nurlatipah\.m2\repository\com\google\code\findbugs\jsr305\3.0.2\jsr305-3.0.2.jar;C:\Users\Siti Nurlatipah\.m2\repository\org\checkerframework\checker-qual\3.5.0\checker-qual-3.5.0.jar;C:\Users\Siti Nurlatipah\.m2\repository\com\google\errorprone\error_prone_annotations\2.3.4\error_prone_annotations-2.3.4.jar;C:\Users\Siti Nurlatipah\.m2\repository\com\google\j2objc\j2objc-annotations\1.3\j2objc-annotations-1.3.jar;C:\Users\Siti Nurlatipah\.m2\repository\com\google\inject\guice\5.0.1\guice-5.0.1.jar;C:\Users\Siti Nurlatipah\.m2\repository\javax\inject\javax.inject\1\javax.inject-1.jar;C:\Users\Siti Nurlatipah\.m2\repository\aopalliance\aopalliance\1.0\aopalliance-1.0.jar;C:\Users\Siti Nurlatipah\.m2\repository\org\jsoup\jsoup\1.13.1\jsoup-1.13.1.jar;C:\Users\Siti Nurlatipah\.m2\repository\com\thoughtworks\xstream\xstream\1.4.17\xstream-1.4.17.jar;C:\Users\Siti Nurlatipah\.m2\repository\io\github\x-stream\mxparser\1.2.1\mxparser-1.2.1.jar;C:\Users\Siti Nurlatipah\.m2\repository\xmlpull\xmlpull\1.1.3.1\xmlpull-1.1.3.1.jar;C:\Users\Siti Nurlatipah\.m2\repository\io\cucumber\cucumber-core\6.10.2\cucumber-core-6.10.2.jar;C:\Users\Siti Nurlatipah\.m2\repository\io\cucumber\cucumber-gherkin\6.10.2\cucumber-gherkin-6.10.2.jar;C:\Users\Siti Nurlatipah\.m2\repository\io\cucumber\cucumber-gherkin-messages\6.10.2\cucumber-gherkin-messages-6.10.2.jar;C:\Users\Siti Nurlatipah\.m2\repository\io\cucumber\messages\14.0.1\messages-14.0.1.jar;C:\Users\Siti Nurlatipah\.m2\repository\io\cucumber\tag-expressions\3.0.0\tag-expressions-3.0.0.jar;C:\Users\Siti Nurlatipah\.m2\repository\io\cucumber\cucumber-expressions\10.3.0\cucumber-expressions-10.3.0.jar;C:\Users\Siti Nurlatipah\.m2\repository\io\cucumber\cucumber-plugin\6.10.2\cucumber-plugin-6.10.2.jar;C:\Users\Siti Nurlatipah\.m2\repository\io\cucumber\docstring\6.10.2\docstring-6.10.2.jar;C:\Users\Siti Nurlatipah\.m2\repository\io\cucumber\html-formatter\12.0.0\html-formatter-12.0.0.jar;C:\Users\Siti Nurlatipah\.m2\repository\io\cucumber\create-meta\3.0.0\create-meta-3.0.0.jar;C:\Users\Siti Nurlatipah\.m2\repository\com\typesafe\config\1.3.1\config-1.3.1.jar;C:\Users\Siti Nurlatipah\.m2\repository\org\imgscalr\imgscalr-lib\4.2\imgscalr-lib-4.2.jar;C:\Users\Siti Nurlatipah\.m2\repository\org\awaitility\awaitility\4.0.3\awaitility-4.0.3.jar;C:\Users\Siti Nurlatipah\.m2\repository\org\freemarker\freemarker\2.3.29\freemarker-2.3.29.jar;C:\Users\Siti Nurlatipah\.m2\repository\net\sourceforge\jexcelapi\jxl\2.6.12\jxl-2.6.12.jar;C:\Users\Siti Nurlatipah\.m2\repository\org\asciidoctor\asciidoctorj\2.5.1\asciidoctorj-2.5.1.jar;C:\Users\Siti Nurlatipah\.m2\repository\org\asciidoctor\asciidoctorj-api\2.5.1\asciidoctorj-api-2.5.1.jar;C:\Users\Siti Nurlatipah\.m2\repository\org\jruby\jruby\9.2.17.0\jruby-9.2.17.0.jar;C:\Users\Siti Nurlatipah\.m2\repository\org\jruby\jruby-core\9.2.17.0\jruby-core-9.2.17.0.jar;C:\Users\Siti Nurlatipah\.m2\repository\com\github\jnr\jnr-netdb\1.2.0\jnr-netdb-1.2.0.jar;C:\Users\Siti Nurlatipah\.m2\repository\com\github\jnr\jnr-enxio\0.32.3\jnr-enxio-0.32.3.jar;C:\Users\Siti Nurlatipah\.m2\repository\com\github\jnr\jnr-unixsocket\0.38.5\jnr-unixsocket-0.38.5.jar;C:\Users\Siti Nurlatipah\.m2\repository\com\github\jnr\jnr-posix\3.1.4\jnr-posix-3.1.4.jar;C:\Users\Siti Nurlatipah\.m2\repository\com\github\jnr\jnr-constants\0.10.1\jnr-constants-0.10.1.jar;C:\Users\Siti Nurlatipah\.m2\repository\com\github\jnr\jffi\1.3.1\jffi-1.3.1.jar;C:\Users\Siti Nurlatipah\.m2\repository\com\github\jnr\jffi\1.3.1\jffi-1.3.1-native.jar;C:\Users\Siti Nurlatipah\.m2\repository\org\jruby\joni\joni\2.1.31\joni-2.1.31.jar;C:\Users\Siti Nurlatipah\.m2\repository\org\jruby\jcodings\jcodings\1.0.46\jcodings-1.0.46.jar;C:\Users\Siti Nurlatipah\.m2\repository\org\jruby\dirgra\0.3\dirgra-0.3.jar;C:\Users\Siti Nurlatipah\.m2\repository\com\headius\invokebinder\1.11\invokebinder-1.11.jar;C:\Users\Siti Nurlatipah\.m2\repository\com\headius\options\1.4\options-1.4.jar;C:\Users\Siti Nurlatipah\.m2\repository\com\jcraft\jzlib\1.1.3\jzlib-1.1.3.jar;C:\Users\Siti Nurlatipah\.m2\repository\com\martiansoftware\nailgun-server\0.9.1\nailgun-server-0.9.1.jar;C:\Users\Siti Nurlatipah\.m2\repository\com\headius\backport9\1.8\backport9-1.8.jar;C:\Users\Siti Nurlatipah\.m2\repository\javax\annotation\javax.annotation-api\1.3.1\javax.annotation-api-1.3.1.jar;C:\Users\Siti Nurlatipah\.m2\repository\org\jruby\jruby-stdlib\9.2.17.0\jruby-stdlib-9.2.17.0.jar;C:\Users\Siti Nurlatipah\.m2\repository\net\bytebuddy\byte-buddy\1.11.1\byte-buddy-1.11.1.jar;C:\Users\Siti Nurlatipah\.m2\repository\net\bytebuddy\byte-buddy-agent\1.11.1\byte-buddy-agent-1.11.1.jar;C:\Users\Siti Nurlatipah\.m2\repository\org\objenesis\objenesis\3.1\objenesis-3.1.jar;C:\Users\Siti Nurlatipah\.m2\repository\net\serenity-bdd\serenity-reports\2.4.51\serenity-reports-2.4.51.jar;C:\Users\Siti Nurlatipah\.m2\repository\net\serenity-bdd\serenity-stats\2.4.51\serenity-stats-2.4.51.jar;C:\Users\Siti Nurlatipah\.m2\repository\org\jetbrains\kotlin\kotlin-stdlib\1.5.0\kotlin-stdlib-1.5.0.jar;C:\Users\Siti Nurlatipah\.m2\repository\org\jetbrains\annotations\13.0\annotations-13.0.jar;C:\Users\Siti Nurlatipah\.m2\repository\org\jetbrains\kotlin\kotlin-stdlib-common\1.5.0\kotlin-stdlib-common-1.5.0.jar;C:\Users\Siti Nurlatipah\.m2\repository\net\serenity-bdd\serenity-reports-configuration\2.4.51\serenity-reports-configuration-2.4.51.jar;C:\Users\Siti Nurlatipah\.m2\repository\com\vladsch\flexmark\flexmark-all\0.34.30\flexmark-all-0.34.30.jar;C:\Users\Siti Nurlatipah\.m2\repository\com\vladsch\flexmark\flexmark\0.34.30\flexmark-0.34.30.jar;C:\Users\Siti Nurlatipah\.m2\repository\com\vladsch\flexmark\flexmark-ext-abbreviation\0.34.30\flexmark-ext-abbreviation-0.34.30.jar;C:\Users\Siti Nurlatipah\.m2\repository\com\vladsch\flexmark\flexmark-ext-admonition\0.34.30\flexmark-ext-admonition-0.34.30.jar;C:\Users\Siti Nurlatipah\.m2\repository\com\vladsch\flexmark\flexmark-ext-anchorlink\0.34.30\flexmark-ext-anchorlink-0.34.30.jar;C:\Users\Siti Nurlatipah\.m2\repository\com\vladsch\flexmark\flexmark-ext-aside\0.34.30\flexmark-ext-aside-0.34.30.jar;C:\Users\Siti Nurlatipah\.m2\repository\com\vladsch\flexmark\flexmark-ext-attributes\0.34.30\flexmark-ext-attributes-0.34.30.jar;C:\Users\Siti Nurlatipah\.m2\repository\com\vladsch\flexmark\flexmark-ext-autolink\0.34.30\flexmark-ext-autolink-0.34.30.jar;C:\Users\Siti Nurlatipah\.m2\repository\org\nibor\autolink\autolink\0.6.0\autolink-0.6.0.jar;C:\Users\Siti Nurlatipah\.m2\repository\com\vladsch\flexmark\flexmark-ext-definition\0.34.30\flexmark-ext-definition-0.34.30.jar;C:\Users\Siti Nurlatipah\.m2\repository\com\vladsch\flexmark\flexmark-ext-emoji\0.34.30\flexmark-ext-emoji-0.34.30.jar;C:\Users\Siti Nurlatipah\.m2\repository\com\vladsch\flexmark\flexmark-ext-enumerated-reference\0.34.30\flexmark-ext-enumerated-reference-0.34.30.jar;C:\Users\Siti Nurlatipah\.m2\repository\com\vladsch\flexmark\flexmark-ext-escaped-character\0.34.30\flexmark-ext-escaped-character-0.34.30.jar;C:\Users\Siti Nurlatipah\.m2\repository\com\vladsch\flexmark\flexmark-ext-footnotes\0.34.30\flexmark-ext-footnotes-0.34.30.jar;C:\Users\Siti Nurlatipah\.m2\repository\com\vladsch\flexmark\flexmark-ext-gfm-issues\0.34.30\flexmark-ext-gfm-issues-0.34.30.jar;C:\Users\Siti Nurlatipah\.m2\repository\com\vladsch\flexmark\flexmark-ext-gfm-strikethrough\0.34.30\flexmark-ext-gfm-strikethrough-0.34.30.jar;C:\Users\Siti Nurlatipah\.m2\repository\com\vladsch\flexmark\flexmark-ext-gfm-tables\0.34.30\flexmark-ext-gfm-tables-0.34.30.jar;C:\Users\Siti Nurlatipah\.m2\repository\com\vladsch\flexmark\flexmark-ext-gfm-tasklist\0.34.30\flexmark-ext-gfm-tasklist-0.34.30.jar;C:\Users\Siti Nurlatipah\.m2\repository\com\vladsch\flexmark\flexmark-ext-gfm-users\0.34.30\flexmark-ext-gfm-users-0.34.30.jar;C:\Users\Siti Nurlatipah\.m2\repository\com\vladsch\flexmark\flexmark-ext-gitlab\0.34.30\flexmark-ext-gitlab-0.34.30.jar;C:\Users\Siti Nurlatipah\.m2\repository\com\vladsch\flexmark\flexmark-ext-jekyll-front-matter\0.34.30\flexmark-ext-jekyll-front-matter-0.34.30.jar;C:\Users\Siti Nurlatipah\.m2\repository\com\vladsch\flexmark\flexmark-ext-jekyll-tag\0.34.30\flexmark-ext-jekyll-tag-0.34.30.jar;C:\Users\Siti Nurlatipah\.m2\repository\com\vladsch\flexmark\flexmark-ext-media-tags\0.34.30\flexmark-ext-media-tags-0.34.30.jar;C:\Users\Siti Nurlatipah\.m2\repository\com\vladsch\flexmark\flexmark-test-util\0.34.30\flexmark-test-util-0.34.30.jar;C:\Users\Siti Nurlatipah\.m2\repository\com\vladsch\flexmark\flexmark-ext-ins\0.34.30\flexmark-ext-ins-0.34.30.jar;C:\Users\Siti Nurlatipah\.m2\repository\com\vladsch\flexmark\flexmark-ext-xwiki-macros\0.34.30\flexmark-ext-xwiki-macros-0.34.30.jar;C:\Users\Siti Nurlatipah\.m2\repository\com\vladsch\flexmark\flexmark-ext-superscript\0.34.30\flexmark-ext-superscript-0.34.30.jar;C:\Users\Siti Nurlatipah\.m2\repository\com\vladsch\flexmark\flexmark-ext-tables\0.34.30\flexmark-ext-tables-0.34.30.jar;C:\Users\Siti Nurlatipah\.m2\repository\com\vladsch\flexmark\flexmark-ext-toc\0.34.30\flexmark-ext-toc-0.34.30.jar;C:\Users\Siti Nurlatipah\.m2\repository\com\vladsch\flexmark\flexmark-ext-typographic\0.34.30\flexmark-ext-typographic-0.34.30.jar;C:\Users\Siti Nurlatipah\.m2\repository\com\vladsch\flexmark\flexmark-ext-wikilink\0.34.30\flexmark-ext-wikilink-0.34.30.jar;C:\Users\Siti Nurlatipah\.m2\repository\com\vladsch\flexmark\flexmark-ext-yaml-front-matter\0.34.30\flexmark-ext-yaml-front-matter-0.34.30.jar;C:\Users\Siti Nurlatipah\.m2\repository\com\vladsch\flexmark\flexmark-ext-youtube-embedded\0.34.30\flexmark-ext-youtube-embedded-0.34.30.jar;C:\Users\Siti Nurlatipah\.m2\repository\com\vladsch\flexmark\flexmark-formatter\0.34.30\flexmark-formatter-0.34.30.jar;C:\Users\Siti Nurlatipah\.m2\repository\com\vladsch\flexmark\flexmark-html-parser\0.34.30\flexmark-html-parser-0.34.30.jar;C:\Users\Siti Nurlatipah\.m2\repository\com\vladsch\flexmark\flexmark-jira-converter\0.34.30\flexmark-jira-converter-0.34.30.jar;C:\Users\Siti Nurlatipah\.m2\repository\com\vladsch\flexmark\flexmark-pdf-converter\0.34.30\flexmark-pdf-converter-0.34.30.jar;C:\Users\Siti Nurlatipah\.m2\repository\com\openhtmltopdf\openhtmltopdf-core\0.0.1-RC13\openhtmltopdf-core-0.0.1-RC13.jar;C:\Users\Siti Nurlatipah\.m2\repository\com\openhtmltopdf\openhtmltopdf-pdfbox\0.0.1-RC13\openhtmltopdf-pdfbox-0.0.1-RC13.jar;C:\Users\Siti Nurlatipah\.m2\repository\org\apache\pdfbox\pdfbox\2.0.8\pdfbox-2.0.8.jar;C:\Users\Siti Nurlatipah\.m2\repository\org\apache\pdfbox\fontbox\2.0.8\fontbox-2.0.8.jar;C:\Users\Siti Nurlatipah\.m2\repository\org\apache\pdfbox\xmpbox\2.0.8\xmpbox-2.0.8.jar;C:\Users\Siti Nurlatipah\.m2\repository\de\rototor\pdfbox\graphics2d\0.12\graphics2d-0.12.jar;C:\Users\Siti Nurlatipah\.m2\repository\com\openhtmltopdf\openhtmltopdf-rtl-support\0.0.1-RC13\openhtmltopdf-rtl-support-0.0.1-RC13.jar;C:\Users\Siti Nurlatipah\.m2\repository\com\ibm\icu\icu4j\59.1\icu4j-59.1.jar;C:\Users\Siti Nurlatipah\.m2\repository\com\openhtmltopdf\openhtmltopdf-jsoup-dom-converter\0.0.1-RC13\openhtmltopdf-jsoup-dom-converter-0.0.1-RC13.jar;C:\Users\Siti Nurlatipah\.m2\repository\com\vladsch\flexmark\flexmark-profile-pegdown\0.34.30\flexmark-profile-pegdown-0.34.30.jar;C:\Users\Siti Nurlatipah\.m2\repository\com\vladsch\flexmark\flexmark-util\0.34.30\flexmark-util-0.34.30.jar;C:\Users\Siti Nurlatipah\.m2\repository\com\vladsch\flexmark\flexmark-youtrack-converter\0.34.30\flexmark-youtrack-converter-0.34.30.jar;C:\Users\Siti Nurlatipah\.m2\repository\es\nitaur\markdown\txtmark\0.16\txtmark-0.16.jar;C:\Users\Siti Nurlatipah\.m2\repository\net\serenity-bdd\serenity-report-resources\2.4.51\serenity-report-resources-2.4.51.jar;C:\Users\Siti Nurlatipah\.m2\repository\com\google\code\gson\gson\2.8.7\gson-2.8.7.jar;C:\Users\Siti Nurlatipah\.m2\repository\com\fasterxml\jackson\core\jackson-core\2.12.4\jackson-core-2.12.4.jar;C:\Users\Siti Nurlatipah\.m2\repository\com\fasterxml\jackson\core\jackson-databind\2.12.4\jackson-databind-2.12.4.jar;C:\Users\Siti Nurlatipah\.m2\repository\com\fasterxml\jackson\core\jackson-annotations\2.12.4\jackson-annotations-2.12.4.jar;C:\Users\Siti Nurlatipah\.m2\repository\commons-codec\commons-codec\1.15\commons-codec-1.15.jar;C:\Users\Siti Nurlatipah\.m2\repository\commons-io\commons-io\2.8.0\commons-io-2.8.0.jar;C:\Users\Siti Nurlatipah\.m2\repository\org\seleniumhq\selenium\selenium-server\3.141.59\selenium-server-3.141.59.jar;C:\Users\Siti Nurlatipah\.m2\repository\org\seleniumhq\selenium\selenium-opera-driver\3.141.59\selenium-opera-driver-3.141.59.jar;C:\Users\Siti Nurlatipah\.m2\repository\org\seleniumhq\selenium\selenium-remote-driver\3.141.59\selenium-remote-driver-3.141.59.jar;C:\Users\Siti Nurlatipah\.m2\repository\org\seleniumhq\selenium\selenium-safari-driver\3.141.59\selenium-safari-driver-3.141.59.jar;C:\Users\Siti Nurlatipah\.m2\repository\com\beust\jcommander\1.72\jcommander-1.72.jar;C:\Users\Siti Nurlatipah\.m2\repository\org\apache\commons\commons-exec\1.3\commons-exec-1.3.jar;C:\Users\Siti Nurlatipah\.m2\repository\net\jcip\jcip-annotations\1.0\jcip-annotations-1.0.jar;C:\Users\Siti Nurlatipah\.m2\repository\org\seleniumhq\selenium\jetty-repacked\9.4.12.v20180830\jetty-repacked-9.4.12.v20180830.jar;C:\Users\Siti Nurlatipah\.m2\repository\com\squareup\okhttp3\okhttp\3.11.0\okhttp-3.11.0.jar;C:\Users\Siti Nurlatipah\.m2\repository\com\squareup\okio\okio\1.14.0\okio-1.14.0.jar;C:\Users\Siti Nurlatipah\.m2\repository\javax\servlet\javax.servlet-api\3.1.0\javax.servlet-api-3.1.0.jar;C:\Users\Siti Nurlatipah\.m2\repository\org\yaml\snakeyaml\1.19\snakeyaml-1.19.jar;C:\Users\Siti Nurlatipah\.m2\repository\org\seleniumhq\selenium\selenium-java\3.141.59\selenium-java-3.141.59.jar;C:\Users\Siti Nurlatipah\.m2\repository\org\seleniumhq\selenium\selenium-api\3.141.59\selenium-api-3.141.59.jar;C:\Users\Siti Nurlatipah\.m2\repository\org\seleniumhq\selenium\selenium-support\3.141.59\selenium-support-3.141.59.jar;C:\Users\Siti Nurlatipah\.m2\repository\org\seleniumhq\selenium\selenium-chrome-driver\3.141.59\selenium-chrome-driver-3.141.59.jar;C:\Users\Siti Nurlatipah\.m2\repository\org\seleniumhq\selenium\selenium-firefox-driver\3.141.59\selenium-firefox-driver-3.141.59.jar;C:\Users\Siti Nurlatipah\.m2\repository\org\seleniumhq\selenium\selenium-edge-driver\3.141.59\selenium-edge-driver-3.141.59.jar;C:\Users\Siti Nurlatipah\.m2\repository\org\seleniumhq\selenium\selenium-ie-driver\3.141.59\selenium-ie-driver-3.141.59.jar;C:\Users\Siti Nurlatipah\.m2\repository\net\sourceforge\htmlunit\htmlunit\2.47.1\htmlunit-2.47.1.jar;C:\Users\Siti Nurlatipah\.m2\repository\xalan\xalan\2.7.2\xalan-2.7.2.jar;C:\Users\Siti Nurlatipah\.m2\repository\xalan\serializer\2.7.2\serializer-2.7.2.jar;C:\Users\Siti Nurlatipah\.m2\repository\net\sourceforge\htmlunit\htmlunit-core-js\2.47.0\htmlunit-core-js-2.47.0.jar;C:\Users\Siti Nurlatipah\.m2\repository\net\sourceforge\htmlunit\neko-htmlunit\2.47.1\neko-htmlunit-2.47.1.jar;C:\Users\Siti Nurlatipah\.m2\repository\xerces\xercesImpl\2.12.0\xercesImpl-2.12.0.jar;C:\Users\Siti Nurlatipah\.m2\repository\xml-apis\xml-apis\1.4.01\xml-apis-1.4.01.jar;C:\Users\Siti Nurlatipah\.m2\repository\net\sourceforge\htmlunit\htmlunit-cssparser\1.7.0\htmlunit-cssparser-1.7.0.jar;C:\Users\Siti Nurlatipah\.m2\repository\org\brotli\dec\0.1.2\dec-0.1.2.jar;C:\Users\Siti Nurlatipah\.m2\repository\com\shapesecurity\salvation2\3.0.0\salvation2-3.0.0.jar;C:\Users\Siti Nurlatipah\.m2\repository\org\eclipse\jetty\websocket\websocket-client\9.4.36.v20210114\websocket-client-9.4.36.v20210114.jar;C:\Users\Siti Nurlatipah\.m2\repository\org\eclipse\jetty\jetty-client\9.4.36.v20210114\jetty-client-9.4.36.v20210114.jar;C:\Users\Siti Nurlatipah\.m2\repository\org\eclipse\jetty\jetty-http\9.4.36.v20210114\jetty-http-9.4.36.v20210114.jar;C:\Users\Siti Nurlatipah\.m2\repository\org\eclipse\jetty\jetty-util\9.4.36.v20210114\jetty-util-9.4.36.v20210114.jar;C:\Users\Siti Nurlatipah\.m2\repository\org\eclipse\jetty\jetty-io\9.4.36.v20210114\jetty-io-9.4.36.v20210114.jar;C:\Users\Siti Nurlatipah\.m2\repository\org\eclipse\jetty\websocket\websocket-common\9.4.36.v20210114\websocket-common-9.4.36.v20210114.jar;C:\Users\Siti Nurlatipah\.m2\repository\org\eclipse\jetty\websocket\websocket-api\9.4.36.v20210114\websocket-api-9.4.36.v20210114.jar;C:\Users\Siti Nurlatipah\.m2\repository\org\projectlombok\lombok\1.18.20\lombok-1.18.20.jar;C:\Users\Siti Nurlatipah\.m2\repository\org\seleniumhq\selenium\htmlunit-driver\2.47.1\htmlunit-driver-2.47.1.jar;C:\Users\Siti Nurlatipah\.m2\repository\com\codeborne\phantomjsdriver\1.4.4\phantomjsdriver-1.4.4.jar;C:\Users\Siti Nurlatipah\.m2\repository\io\appium\java-client\7.5.1\java-client-7.5.1.jar;C:\Users\Siti Nurlatipah\.m2\repository\commons-validator\commons-validator\1.7\commons-validator-1.7.jar;C:\Users\Siti Nurlatipah\.m2\repository\commons-digester\commons-digester\2.1\commons-digester-2.1.jar;C:\Users\Siti Nurlatipah\.m2\repository\org\aspectj\aspectjweaver\1.9.6\aspectjweaver-1.9.6.jar;C:\Users\Siti Nurlatipah\.m2\repository\net\sf\opencsv\opencsv\2.0\opencsv-2.0.jar;C:\Users\Siti Nurlatipah\.m2\repository\commons-beanutils\commons-beanutils\1.9.4\commons-beanutils-1.9.4.jar;C:\Users\Siti Nurlatipah\.m2\repository\org\apache\commons\commons-lang3\3.11\commons-lang3-3.11.jar;C:\Users\Siti Nurlatipah\.m2\repository\commons-collections\commons-collections\3.2.2\commons-collections-3.2.2.jar;C:\Users\Siti Nurlatipah\.m2\repository\org\fluentlenium\fluentlenium-core\0.10.2\fluentlenium-core-0.10.2.jar;C:\Users\Siti Nurlatipah\.m2\repository\io\github\bonigarcia\webdrivermanager\4.4.1\webdrivermanager-4.4.1.jar;C:\Users\Siti Nurlatipah\.m2\repository\org\apache\httpcomponents\client5\httpclient5\5.0.3\httpclient5-5.0.3.jar;C:\Users\Siti Nurlatipah\.m2\repository\org\apache\httpcomponents\core5\httpcore5\5.0.2\httpcore5-5.0.2.jar;C:\Users\Siti Nurlatipah\.m2\repository\org\apache\httpcomponents\core5\httpcore5-h2\5.0.2\httpcore5-h2-5.0.2.jar;C:\Users\Siti Nurlatipah\.m2\repository\org\rauschig\jarchivelib\1.1.0\jarchivelib-1.1.0.jar;C:\Users\Siti Nurlatipah\.m2\repository\org\apache\commons\commons-compress\1.20\commons-compress-1.20.jar;C:\Users\Siti Nurlatipah\.m2\repository\com\jhlabs\filters\2.0.235\filters-2.0.235.jar;C:\Users\Siti Nurlatipah\.m2\repository\com\paulhammant\ngwebdriver\1.1.5\ngwebdriver-1.1.5.jar;C:\Users\Siti Nurlatipah\.m2\repository\joda-time\joda-time\2.8.2\joda-time-2.8.2.jar;C:\Users\Siti Nurlatipah\.m2\repository\com\google\jimfs\jimfs\1.1\jimfs-1.1.jar;C:\Users\Siti Nurlatipah\.m2\repository\org\mockito\mockito-core\3.3.3\mockito-core-3.3.3.jar;C:\Users\Siti Nurlatipah\.m2\repository\javax\xml\bind\jaxb-api\2.3.1\jaxb-api-2.3.1.jar;C:\Users\Siti Nurlatipah\.m2\repository\javax\activation\javax.activation-api\1.2.0\javax.activation-api-1.2.0.jar;C:\Users\Siti Nurlatipah\.m2\repository\com\sun\xml\bind\jaxb-core\2.3.0.1\jaxb-core-2.3.0.1.jar;C:\Users\Siti Nurlatipah\.m2\repository\com\sun\xml\bind\jaxb-impl\2.3.3\jaxb-impl-2.3.3.jar;C:\Users\Siti Nurlatipah\.m2\repository\com\sun\activation\jakarta.activation\1.2.2\jakarta.activation-1.2.2.jar;C:\Users\Siti Nurlatipah\.m2\repository\javax\activation\activation\1.1.1\activation-1.1.1.jar;C:\Users\Siti Nurlatipah\.m2\repository\net\serenity-bdd\serenity-junit\2.4.51\serenity-junit-2.4.51.jar;C:\Users\Siti Nurlatipah\.m2\repository\com\googlecode\json-simple\json-simple\1.1.1\json-simple-1.1.1.jar;C:\Users\Siti Nurlatipah\.m2\repository\net\serenity-bdd\serenity-rest-assured\2.4.51\serenity-rest-assured-2.4.51.jar;C:\Users\Siti Nurlatipah\.m2\repository\org\codehaus\groovy\groovy-json\3.0.8\groovy-json-3.0.8.jar;C:\Users\Siti Nurlatipah\.m2\repository\org\opentest4j\opentest4j\1.2.0\opentest4j-1.2.0.jar;C:\Users\Siti Nurlatipah\.m2\repository\net\serenity-bdd\serenity-screenplay\2.4.51\serenity-screenplay-2.4.51.jar;C:\Users\Siti Nurlatipah\.m2\repository\net\serenity-bdd\serenity-screenplay-rest\2.4.51\serenity-screenplay-rest-2.4.51.jar;C:\Users\Siti Nurlatipah\.m2\repository\net\serenity-bdd\serenity-cucumber6\2.4.51\serenity-cucumber6-2.4.51.jar;C:\Users\Siti Nurlatipah\.m2\repository\net\serenity-bdd\serenity-screenplay-webdriver\2.4.51\serenity-screenplay-webdriver-2.4.51.jar;C:\Users\Siti Nurlatipah\.m2\repository\io\cucumber\cucumber-java\6.10.4\cucumber-java-6.10.4.jar;C:\Users\Siti Nurlatipah\.m2\repository\org\apiguardian\apiguardian-api\1.1.1\apiguardian-api-1.1.1.jar;C:\Users\Siti Nurlatipah\.m2\repository\io\cucumber\cucumber-junit\6.10.4\cucumber-junit-6.10.4.jar;C:\Users\Siti Nurlatipah\.m2\repository\io\cucumber\datatable-matchers\3.4.0\datatable-matchers-3.4.0.jar;C:\Users\Siti Nurlatipah\.m2\repository\io\cucumber\datatable\3.4.0\datatable-3.4.0.jar;C:\Users\Siti Nurlatipah\.m2\repository\commons-logging\commons-logging\1.2\commons-logging-1.2.jar;C:\Users\Siti Nurlatipah\.m2\repository\org\apache\commons\commons-csv\1.5\commons-csv-1.5.jar;C:\Users\Siti Nurlatipah\.m2\repository\io\rest-assured\rest-assured\4.3.2\rest-assured-4.3.2.jar;C:\Users\Siti Nurlatipah\.m2\repository\org\apache\httpcomponents\httpclient\4.5.3\httpclient-4.5.3.jar;C:\Users\Siti Nurlatipah\.m2\repository\org\apache\httpcomponents\httpcore\4.4.6\httpcore-4.4.6.jar;C:\Users\Siti Nurlatipah\.m2\repository\org\apache\httpcomponents\httpmime\4.5.3\httpmime-4.5.3.jar;C:\Users\Siti Nurlatipah\.m2\repository\org\ccil\cowan\tagsoup\tagsoup\1.2.1\tagsoup-1.2.1.jar;C:\Users\Siti Nurlatipah\.m2\repository\io\rest-assured\json-path\4.3.3\json-path-4.3.3.jar;C:\Users\Siti Nurlatipah\.m2\repository\io\rest-assured\rest-assured-common\4.3.3\rest-assured-common-4.3.3.jar;C:\Users\Siti Nurlatipah\.m2\repository\io\rest-assured\xml-path\4.3.3\xml-path-4.3.3.jar;C:\Users\Siti Nurlatipah\.m2\repository\jakarta\xml\bind\jakarta.xml.bind-api\2.3.3\jakarta.xml.bind-api-2.3.3.jar;C:\Users\Siti Nurlatipah\.m2\repository\jakarta\activation\jakarta.activation-api\1.2.2\jakarta.activation-api-1.2.2.jar;C:\Users\Siti Nurlatipah\.m2\repository\org\codehaus\groovy\groovy\3.0.6\groovy-3.0.6.jar;C:\Users\Siti Nurlatipah\.m2\repository\org\codehaus\groovy\groovy-xml\3.0.6\groovy-xml-3.0.6.jar;C:\Users\Siti Nurlatipah\.m2\repository\junit\junit\4.13.1\junit-4.13.1.jar;C:\Users\Siti Nurlatipah\.m2\repository\org\hamcrest\hamcrest-core\1.3\hamcrest-core-1.3.jar;C:\Users\Siti Nurlatipah\.m2\repository\org\assertj\assertj-core\3.6.2\assertj-core-3.6.2.jar;C:\Users\Siti Nurlatipah\.m2\repository\org\hamcrest\hamcrest\2.2\hamcrest-2.2.jar;C:\Users\Siti Nurlatipah\.m2\repository\com\github\javafaker\javafaker\0.15\javafaker-0.15.jar;C:\Users\Siti Nurlatipah\.m2\repository\org\yaml\snakeyaml\1.20\snakeyaml-1.20-android.jar;C:\Users\Siti Nurlatipah\.m2\repository\com\github\mifmif\generex\1.0.2\generex-1.0.2.jar;C:\Users\Siti Nurlatipah\.m2\repository\dk\brics\automaton\automaton\1.11-8\automaton-1.11-8.jar;"/>
    <property name="sun.cpu.endian" value="little"/>
    <property name="user.home" value="C:\Users\Siti Nurlatipah"/>
    <property name="user.language" value="en"/>
    <property name="java.specification.vendor" value="Oracle Corporation"/>
    <property name="jdk.module.path" value="D:\CAPSTONE PROJECT KELOMPOK 32\WEB DISKUSIAZA\target\rest-api-1.0-SNAPSHOT.jar"/>
    <property name="java.version.date" value="2022-01-18"/>
    <property name="java.home" value="C:\Program Files\Java\jdk-11.0.14"/>
    <property name="file.separator" value="\"/>
    <property name="basedir" value="D:\CAPSTONE PROJECT KELOMPOK 32\WEB DISKUSIAZA"/>
    <property name="java.vm.compressedOopsMode" value="32-bit"/>
    <property name="line.separator" value="&#10;"/>
    <property name="java.specification.name" value="Java Platform API Specification"/>
    <property name="java.vm.specification.vendor" value="Oracle Corporation"/>
    <property name="java.awt.graphicsenv" value="sun.awt.Win32GraphicsEnvironment"/>
    <property name="surefire.real.class.path" value="C:\Users\Siti Nurlatipah\.m2\repository\org\apache\maven\surefire\surefire-booter\3.0.0-M5\surefire-booter-3.0.0-M5.jar;C:\Users\Siti Nurlatipah\.m2\repository\org\apache\maven\surefire\surefire-api\3.0.0-M5\surefire-api-3.0.0-M5.jar;C:\Users\Siti Nurlatipah\.m2\repository\org\apache\maven\surefire\surefire-logger-api\3.0.0-M5\surefire-logger-api-3.0.0-M5.jar;C:\Users\Siti Nurlatipah\.m2\repository\org\apache\maven\surefire\surefire-shared-utils\3.0.0-M4\surefire-shared-utils-3.0.0-M4.jar;C:\Users\Siti Nurlatipah\.m2\repository\org\apache\maven\surefire\surefire-extensions-spi\3.0.0-M5\surefire-extensions-spi-3.0.0-M5.jar;D:\CAPSTONE PROJECT KELOMPOK 32\WEB DISKUSIAZA\target\test-classes;C:\Users\Siti Nurlatipah\.m2\repository\ch\qos\logback\logback-classic\1.2.3\logback-classic-1.2.3.jar;C:\Users\Siti Nurlatipah\.m2\repository\ch\qos\logback\logback-core\1.2.3\logback-core-1.2.3.jar;C:\Users\Siti Nurlatipah\.m2\repository\org\slf4j\slf4j-api\1.7.25\slf4j-api-1.7.25.jar;C:\Users\Siti Nurlatipah\.m2\repository\net\serenity-bdd\serenity-core\2.4.51\serenity-core-2.4.51.jar;C:\Users\Siti Nurlatipah\.m2\repository\net\serenity-bdd\serenity-model\2.4.51\serenity-model-2.4.51.jar;C:\Users\Siti Nurlatipah\.m2\repository\org\apache\commons\commons-text\1.9\commons-text-1.9.jar;C:\Users\Siti Nurlatipah\.m2\repository\commons-net\commons-net\3.6\commons-net-3.6.jar;C:\Users\Siti Nurlatipah\.m2\repository\com\google\guava\guava\30.1-jre\guava-30.1-jre.jar;C:\Users\Siti Nurlatipah\.m2\repository\com\google\guava\failureaccess\1.0.1\failureaccess-1.0.1.jar;C:\Users\Siti Nurlatipah\.m2\repository\com\google\guava\listenablefuture\9999.0-empty-to-avoid-conflict-with-guava\listenablefuture-9999.0-empty-to-avoid-conflict-with-guava.jar;C:\Users\Siti Nurlatipah\.m2\repository\com\google\code\findbugs\jsr305\3.0.2\jsr305-3.0.2.jar;C:\Users\Siti Nurlatipah\.m2\repository\org\checkerframework\checker-qual\3.5.0\checker-qual-3.5.0.jar;C:\Users\Siti Nurlatipah\.m2\repository\com\google\errorprone\error_prone_annotations\2.3.4\error_prone_annotations-2.3.4.jar;C:\Users\Siti Nurlatipah\.m2\repository\com\google\j2objc\j2objc-annotations\1.3\j2objc-annotations-1.3.jar;C:\Users\Siti Nurlatipah\.m2\repository\com\google\inject\guice\5.0.1\guice-5.0.1.jar;C:\Users\Siti Nurlatipah\.m2\repository\javax\inject\javax.inject\1\javax.inject-1.jar;C:\Users\Siti Nurlatipah\.m2\repository\aopalliance\aopalliance\1.0\aopalliance-1.0.jar;C:\Users\Siti Nurlatipah\.m2\repository\org\jsoup\jsoup\1.13.1\jsoup-1.13.1.jar;C:\Users\Siti Nurlatipah\.m2\repository\com\thoughtworks\xstream\xstream\1.4.17\xstream-1.4.17.jar;C:\Users\Siti Nurlatipah\.m2\repository\io\github\x-stream\mxparser\1.2.1\mxparser-1.2.1.jar;C:\Users\Siti Nurlatipah\.m2\repository\xmlpull\xmlpull\1.1.3.1\xmlpull-1.1.3.1.jar;C:\Users\Siti Nurlatipah\.m2\repository\io\cucumber\cucumber-core\6.10.2\cucumber-core-6.10.2.jar;C:\Users\Siti Nurlatipah\.m2\repository\io\cucumber\cucumber-gherkin\6.10.2\cucumber-gherkin-6.10.2.jar;C:\Users\Siti Nurlatipah\.m2\repository\io\cucumber\cucumber-gherkin-messages\6.10.2\cucumber-gherkin-messages-6.10.2.jar;C:\Users\Siti Nurlatipah\.m2\repository\io\cucumber\messages\14.0.1\messages-14.0.1.jar;C:\Users\Siti Nurlatipah\.m2\repository\io\cucumber\tag-expressions\3.0.0\tag-expressions-3.0.0.jar;C:\Users\Siti Nurlatipah\.m2\repository\io\cucumber\cucumber-expressions\10.3.0\cucumber-expressions-10.3.0.jar;C:\Users\Siti Nurlatipah\.m2\repository\io\cucumber\cucumber-plugin\6.10.2\cucumber-plugin-6.10.2.jar;C:\Users\Siti Nurlatipah\.m2\repository\io\cucumber\docstring\6.10.2\docstring-6.10.2.jar;C:\Users\Siti Nurlatipah\.m2\repository\io\cucumber\html-formatter\12.0.0\html-formatter-12.0.0.jar;C:\Users\Siti Nurlatipah\.m2\repository\io\cucumber\create-meta\3.0.0\create-meta-3.0.0.jar;C:\Users\Siti Nurlatipah\.m2\repository\com\typesafe\config\1.3.1\config-1.3.1.jar;C:\Users\Siti Nurlatipah\.m2\repository\org\imgscalr\imgscalr-lib\4.2\imgscalr-lib-4.2.jar;C:\Users\Siti Nurlatipah\.m2\repository\org\awaitility\awaitility\4.0.3\awaitility-4.0.3.jar;C:\Users\Siti Nurlatipah\.m2\repository\org\freemarker\freemarker\2.3.29\freemarker-2.3.29.jar;C:\Users\Siti Nurlatipah\.m2\repository\net\sourceforge\jexcelapi\jxl\2.6.12\jxl-2.6.12.jar;C:\Users\Siti Nurlatipah\.m2\repository\org\asciidoctor\asciidoctorj\2.5.1\asciidoctorj-2.5.1.jar;C:\Users\Siti Nurlatipah\.m2\repository\org\asciidoctor\asciidoctorj-api\2.5.1\asciidoctorj-api-2.5.1.jar;C:\Users\Siti Nurlatipah\.m2\repository\org\jruby\jruby\9.2.17.0\jruby-9.2.17.0.jar;C:\Users\Siti Nurlatipah\.m2\repository\org\jruby\jruby-core\9.2.17.0\jruby-core-9.2.17.0.jar;C:\Users\Siti Nurlatipah\.m2\repository\com\github\jnr\jnr-netdb\1.2.0\jnr-netdb-1.2.0.jar;C:\Users\Siti Nurlatipah\.m2\repository\com\github\jnr\jnr-enxio\0.32.3\jnr-enxio-0.32.3.jar;C:\Users\Siti Nurlatipah\.m2\repository\com\github\jnr\jnr-unixsocket\0.38.5\jnr-unixsocket-0.38.5.jar;C:\Users\Siti Nurlatipah\.m2\repository\com\github\jnr\jnr-posix\3.1.4\jnr-posix-3.1.4.jar;C:\Users\Siti Nurlatipah\.m2\repository\com\github\jnr\jnr-constants\0.10.1\jnr-constants-0.10.1.jar;C:\Users\Siti Nurlatipah\.m2\repository\com\github\jnr\jffi\1.3.1\jffi-1.3.1.jar;C:\Users\Siti Nurlatipah\.m2\repository\com\github\jnr\jffi\1.3.1\jffi-1.3.1-native.jar;C:\Users\Siti Nurlatipah\.m2\repository\org\jruby\joni\joni\2.1.31\joni-2.1.31.jar;C:\Users\Siti Nurlatipah\.m2\repository\org\jruby\jcodings\jcodings\1.0.46\jcodings-1.0.46.jar;C:\Users\Siti Nurlatipah\.m2\repository\org\jruby\dirgra\0.3\dirgra-0.3.jar;C:\Users\Siti Nurlatipah\.m2\repository\com\headius\invokebinder\1.11\invokebinder-1.11.jar;C:\Users\Siti Nurlatipah\.m2\repository\com\headius\options\1.4\options-1.4.jar;C:\Users\Siti Nurlatipah\.m2\repository\com\jcraft\jzlib\1.1.3\jzlib-1.1.3.jar;C:\Users\Siti Nurlatipah\.m2\repository\com\martiansoftware\nailgun-server\0.9.1\nailgun-server-0.9.1.jar;C:\Users\Siti Nurlatipah\.m2\repository\com\headius\backport9\1.8\backport9-1.8.jar;C:\Users\Siti Nurlatipah\.m2\repository\javax\annotation\javax.annotation-api\1.3.1\javax.annotation-api-1.3.1.jar;C:\Users\Siti Nurlatipah\.m2\repository\org\jruby\jruby-stdlib\9.2.17.0\jruby-stdlib-9.2.17.0.jar;C:\Users\Siti Nurlatipah\.m2\repository\net\bytebuddy\byte-buddy\1.11.1\byte-buddy-1.11.1.jar;C:\Users\Siti Nurlatipah\.m2\repository\net\bytebuddy\byte-buddy-agent\1.11.1\byte-buddy-agent-1.11.1.jar;C:\Users\Siti Nurlatipah\.m2\repository\org\objenesis\objenesis\3.1\objenesis-3.1.jar;C:\Users\Siti Nurlatipah\.m2\repository\net\serenity-bdd\serenity-reports\2.4.51\serenity-reports-2.4.51.jar;C:\Users\Siti Nurlatipah\.m2\repository\net\serenity-bdd\serenity-stats\2.4.51\serenity-stats-2.4.51.jar;C:\Users\Siti Nurlatipah\.m2\repository\org\jetbrains\kotlin\kotlin-stdlib\1.5.0\kotlin-stdlib-1.5.0.jar;C:\Users\Siti Nurlatipah\.m2\repository\org\jetbrains\annotations\13.0\annotations-13.0.jar;C:\Users\Siti Nurlatipah\.m2\repository\org\jetbrains\kotlin\kotlin-stdlib-common\1.5.0\kotlin-stdlib-common-1.5.0.jar;C:\Users\Siti Nurlatipah\.m2\repository\net\serenity-bdd\serenity-reports-configuration\2.4.51\serenity-reports-configuration-2.4.51.jar;C:\Users\Siti Nurlatipah\.m2\repository\com\vladsch\flexmark\flexmark-all\0.34.30\flexmark-all-0.34.30.jar;C:\Users\Siti Nurlatipah\.m2\repository\com\vladsch\flexmark\flexmark\0.34.30\flexmark-0.34.30.jar;C:\Users\Siti Nurlatipah\.m2\repository\com\vladsch\flexmark\flexmark-ext-abbreviation\0.34.30\flexmark-ext-abbreviation-0.34.30.jar;C:\Users\Siti Nurlatipah\.m2\repository\com\vladsch\flexmark\flexmark-ext-admonition\0.34.30\flexmark-ext-admonition-0.34.30.jar;C:\Users\Siti Nurlatipah\.m2\repository\com\vladsch\flexmark\flexmark-ext-anchorlink\0.34.30\flexmark-ext-anchorlink-0.34.30.jar;C:\Users\Siti Nurlatipah\.m2\repository\com\vladsch\flexmark\flexmark-ext-aside\0.34.30\flexmark-ext-aside-0.34.30.jar;C:\Users\Siti Nurlatipah\.m2\repository\com\vladsch\flexmark\flexmark-ext-attributes\0.34.30\flexmark-ext-attributes-0.34.30.jar;C:\Users\Siti Nurlatipah\.m2\repository\com\vladsch\flexmark\flexmark-ext-autolink\0.34.30\flexmark-ext-autolink-0.34.30.jar;C:\Users\Siti Nurlatipah\.m2\repository\org\nibor\autolink\autolink\0.6.0\autolink-0.6.0.jar;C:\Users\Siti Nurlatipah\.m2\repository\com\vladsch\flexmark\flexmark-ext-definition\0.34.30\flexmark-ext-definition-0.34.30.jar;C:\Users\Siti Nurlatipah\.m2\repository\com\vladsch\flexmark\flexmark-ext-emoji\0.34.30\flexmark-ext-emoji-0.34.30.jar;C:\Users\Siti Nurlatipah\.m2\repository\com\vladsch\flexmark\flexmark-ext-enumerated-reference\0.34.30\flexmark-ext-enumerated-reference-0.34.30.jar;C:\Users\Siti Nurlatipah\.m2\repository\com\vladsch\flexmark\flexmark-ext-escaped-character\0.34.30\flexmark-ext-escaped-character-0.34.30.jar;C:\Users\Siti Nurlatipah\.m2\repository\com\vladsch\flexmark\flexmark-ext-footnotes\0.34.30\flexmark-ext-footnotes-0.34.30.jar;C:\Users\Siti Nurlatipah\.m2\repository\com\vladsch\flexmark\flexmark-ext-gfm-issues\0.34.30\flexmark-ext-gfm-issues-0.34.30.jar;C:\Users\Siti Nurlatipah\.m2\repository\com\vladsch\flexmark\flexmark-ext-gfm-strikethrough\0.34.30\flexmark-ext-gfm-strikethrough-0.34.30.jar;C:\Users\Siti Nurlatipah\.m2\repository\com\vladsch\flexmark\flexmark-ext-gfm-tables\0.34.30\flexmark-ext-gfm-tables-0.34.30.jar;C:\Users\Siti Nurlatipah\.m2\repository\com\vladsch\flexmark\flexmark-ext-gfm-tasklist\0.34.30\flexmark-ext-gfm-tasklist-0.34.30.jar;C:\Users\Siti Nurlatipah\.m2\repository\com\vladsch\flexmark\flexmark-ext-gfm-users\0.34.30\flexmark-ext-gfm-users-0.34.30.jar;C:\Users\Siti Nurlatipah\.m2\repository\com\vladsch\flexmark\flexmark-ext-gitlab\0.34.30\flexmark-ext-gitlab-0.34.30.jar;C:\Users\Siti Nurlatipah\.m2\repository\com\vladsch\flexmark\flexmark-ext-jekyll-front-matter\0.34.30\flexmark-ext-jekyll-front-matter-0.34.30.jar;C:\Users\Siti Nurlatipah\.m2\repository\com\vladsch\flexmark\flexmark-ext-jekyll-tag\0.34.30\flexmark-ext-jekyll-tag-0.34.30.jar;C:\Users\Siti Nurlatipah\.m2\repository\com\vladsch\flexmark\flexmark-ext-media-tags\0.34.30\flexmark-ext-media-tags-0.34.30.jar;C:\Users\Siti Nurlatipah\.m2\repository\com\vladsch\flexmark\flexmark-test-util\0.34.30\flexmark-test-util-0.34.30.jar;C:\Users\Siti Nurlatipah\.m2\repository\com\vladsch\flexmark\flexmark-ext-ins\0.34.30\flexmark-ext-ins-0.34.30.jar;C:\Users\Siti Nurlatipah\.m2\repository\com\vladsch\flexmark\flexmark-ext-xwiki-macros\0.34.30\flexmark-ext-xwiki-macros-0.34.30.jar;C:\Users\Siti Nurlatipah\.m2\repository\com\vladsch\flexmark\flexmark-ext-superscript\0.34.30\flexmark-ext-superscript-0.34.30.jar;C:\Users\Siti Nurlatipah\.m2\repository\com\vladsch\flexmark\flexmark-ext-tables\0.34.30\flexmark-ext-tables-0.34.30.jar;C:\Users\Siti Nurlatipah\.m2\repository\com\vladsch\flexmark\flexmark-ext-toc\0.34.30\flexmark-ext-toc-0.34.30.jar;C:\Users\Siti Nurlatipah\.m2\repository\com\vladsch\flexmark\flexmark-ext-typographic\0.34.30\flexmark-ext-typographic-0.34.30.jar;C:\Users\Siti Nurlatipah\.m2\repository\com\vladsch\flexmark\flexmark-ext-wikilink\0.34.30\flexmark-ext-wikilink-0.34.30.jar;C:\Users\Siti Nurlatipah\.m2\repository\com\vladsch\flexmark\flexmark-ext-yaml-front-matter\0.34.30\flexmark-ext-yaml-front-matter-0.34.30.jar;C:\Users\Siti Nurlatipah\.m2\repository\com\vladsch\flexmark\flexmark-ext-youtube-embedded\0.34.30\flexmark-ext-youtube-embedded-0.34.30.jar;C:\Users\Siti Nurlatipah\.m2\repository\com\vladsch\flexmark\flexmark-formatter\0.34.30\flexmark-formatter-0.34.30.jar;C:\Users\Siti Nurlatipah\.m2\repository\com\vladsch\flexmark\flexmark-html-parser\0.34.30\flexmark-html-parser-0.34.30.jar;C:\Users\Siti Nurlatipah\.m2\repository\com\vladsch\flexmark\flexmark-jira-converter\0.34.30\flexmark-jira-converter-0.34.30.jar;C:\Users\Siti Nurlatipah\.m2\repository\com\vladsch\flexmark\flexmark-pdf-converter\0.34.30\flexmark-pdf-converter-0.34.30.jar;C:\Users\Siti Nurlatipah\.m2\repository\com\openhtmltopdf\openhtmltopdf-core\0.0.1-RC13\openhtmltopdf-core-0.0.1-RC13.jar;C:\Users\Siti Nurlatipah\.m2\repository\com\openhtmltopdf\openhtmltopdf-pdfbox\0.0.1-RC13\openhtmltopdf-pdfbox-0.0.1-RC13.jar;C:\Users\Siti Nurlatipah\.m2\repository\org\apache\pdfbox\pdfbox\2.0.8\pdfbox-2.0.8.jar;C:\Users\Siti Nurlatipah\.m2\repository\org\apache\pdfbox\fontbox\2.0.8\fontbox-2.0.8.jar;C:\Users\Siti Nurlatipah\.m2\repository\org\apache\pdfbox\xmpbox\2.0.8\xmpbox-2.0.8.jar;C:\Users\Siti Nurlatipah\.m2\repository\de\rototor\pdfbox\graphics2d\0.12\graphics2d-0.12.jar;C:\Users\Siti Nurlatipah\.m2\repository\com\openhtmltopdf\openhtmltopdf-rtl-support\0.0.1-RC13\openhtmltopdf-rtl-support-0.0.1-RC13.jar;C:\Users\Siti Nurlatipah\.m2\repository\com\ibm\icu\icu4j\59.1\icu4j-59.1.jar;C:\Users\Siti Nurlatipah\.m2\repository\com\openhtmltopdf\openhtmltopdf-jsoup-dom-converter\0.0.1-RC13\openhtmltopdf-jsoup-dom-converter-0.0.1-RC13.jar;C:\Users\Siti Nurlatipah\.m2\repository\com\vladsch\flexmark\flexmark-profile-pegdown\0.34.30\flexmark-profile-pegdown-0.34.30.jar;C:\Users\Siti Nurlatipah\.m2\repository\com\vladsch\flexmark\flexmark-util\0.34.30\flexmark-util-0.34.30.jar;C:\Users\Siti Nurlatipah\.m2\repository\com\vladsch\flexmark\flexmark-youtrack-converter\0.34.30\flexmark-youtrack-converter-0.34.30.jar;C:\Users\Siti Nurlatipah\.m2\repository\es\nitaur\markdown\txtmark\0.16\txtmark-0.16.jar;C:\Users\Siti Nurlatipah\.m2\repository\net\serenity-bdd\serenity-report-resources\2.4.51\serenity-report-resources-2.4.51.jar;C:\Users\Siti Nurlatipah\.m2\repository\com\google\code\gson\gson\2.8.7\gson-2.8.7.jar;C:\Users\Siti Nurlatipah\.m2\repository\com\fasterxml\jackson\core\jackson-core\2.12.4\jackson-core-2.12.4.jar;C:\Users\Siti Nurlatipah\.m2\repository\com\fasterxml\jackson\core\jackson-databind\2.12.4\jackson-databind-2.12.4.jar;C:\Users\Siti Nurlatipah\.m2\repository\com\fasterxml\jackson\core\jackson-annotations\2.12.4\jackson-annotations-2.12.4.jar;C:\Users\Siti Nurlatipah\.m2\repository\commons-codec\commons-codec\1.15\commons-codec-1.15.jar;C:\Users\Siti Nurlatipah\.m2\repository\commons-io\commons-io\2.8.0\commons-io-2.8.0.jar;C:\Users\Siti Nurlatipah\.m2\repository\org\seleniumhq\selenium\selenium-server\3.141.59\selenium-server-3.141.59.jar;C:\Users\Siti Nurlatipah\.m2\repository\org\seleniumhq\selenium\selenium-opera-driver\3.141.59\selenium-opera-driver-3.141.59.jar;C:\Users\Siti Nurlatipah\.m2\repository\org\seleniumhq\selenium\selenium-remote-driver\3.141.59\selenium-remote-driver-3.141.59.jar;C:\Users\Siti Nurlatipah\.m2\repository\org\seleniumhq\selenium\selenium-safari-driver\3.141.59\selenium-safari-driver-3.141.59.jar;C:\Users\Siti Nurlatipah\.m2\repository\com\beust\jcommander\1.72\jcommander-1.72.jar;C:\Users\Siti Nurlatipah\.m2\repository\org\apache\commons\commons-exec\1.3\commons-exec-1.3.jar;C:\Users\Siti Nurlatipah\.m2\repository\net\jcip\jcip-annotations\1.0\jcip-annotations-1.0.jar;C:\Users\Siti Nurlatipah\.m2\repository\org\seleniumhq\selenium\jetty-repacked\9.4.12.v20180830\jetty-repacked-9.4.12.v20180830.jar;C:\Users\Siti Nurlatipah\.m2\repository\com\squareup\okhttp3\okhttp\3.11.0\okhttp-3.11.0.jar;C:\Users\Siti Nurlatipah\.m2\repository\com\squareup\okio\okio\1.14.0\okio-1.14.0.jar;C:\Users\Siti Nurlatipah\.m2\repository\javax\servlet\javax.servlet-api\3.1.0\javax.servlet-api-3.1.0.jar;C:\Users\Siti Nurlatipah\.m2\repository\org\yaml\snakeyaml\1.19\snakeyaml-1.19.jar;C:\Users\Siti Nurlatipah\.m2\repository\org\seleniumhq\selenium\selenium-java\3.141.59\selenium-java-3.141.59.jar;C:\Users\Siti Nurlatipah\.m2\repository\org\seleniumhq\selenium\selenium-api\3.141.59\selenium-api-3.141.59.jar;C:\Users\Siti Nurlatipah\.m2\repository\org\seleniumhq\selenium\selenium-support\3.141.59\selenium-support-3.141.59.jar;C:\Users\Siti Nurlatipah\.m2\repository\org\seleniumhq\selenium\selenium-chrome-driver\3.141.59\selenium-chrome-driver-3.141.59.jar;C:\Users\Siti Nurlatipah\.m2\repository\org\seleniumhq\selenium\selenium-firefox-driver\3.141.59\selenium-firefox-driver-3.141.59.jar;C:\Users\Siti Nurlatipah\.m2\repository\org\seleniumhq\selenium\selenium-edge-driver\3.141.59\selenium-edge-driver-3.141.59.jar;C:\Users\Siti Nurlatipah\.m2\repository\org\seleniumhq\selenium\selenium-ie-driver\3.141.59\selenium-ie-driver-3.141.59.jar;C:\Users\Siti Nurlatipah\.m2\repository\net\sourceforge\htmlunit\htmlunit\2.47.1\htmlunit-2.47.1.jar;C:\Users\Siti Nurlatipah\.m2\repository\xalan\xalan\2.7.2\xalan-2.7.2.jar;C:\Users\Siti Nurlatipah\.m2\repository\xalan\serializer\2.7.2\serializer-2.7.2.jar;C:\Users\Siti Nurlatipah\.m2\repository\net\sourceforge\htmlunit\htmlunit-core-js\2.47.0\htmlunit-core-js-2.47.0.jar;C:\Users\Siti Nurlatipah\.m2\repository\net\sourceforge\htmlunit\neko-htmlunit\2.47.1\neko-htmlunit-2.47.1.jar;C:\Users\Siti Nurlatipah\.m2\repository\xerces\xercesImpl\2.12.0\xercesImpl-2.12.0.jar;C:\Users\Siti Nurlatipah\.m2\repository\xml-apis\xml-apis\1.4.01\xml-apis-1.4.01.jar;C:\Users\Siti Nurlatipah\.m2\repository\net\sourceforge\htmlunit\htmlunit-cssparser\1.7.0\htmlunit-cssparser-1.7.0.jar;C:\Users\Siti Nurlatipah\.m2\repository\org\brotli\dec\0.1.2\dec-0.1.2.jar;C:\Users\Siti Nurlatipah\.m2\repository\com\shapesecurity\salvation2\3.0.0\salvation2-3.0.0.jar;C:\Users\Siti Nurlatipah\.m2\repository\org\eclipse\jetty\websocket\websocket-client\9.4.36.v20210114\websocket-client-9.4.36.v20210114.jar;C:\Users\Siti Nurlatipah\.m2\repository\org\eclipse\jetty\jetty-client\9.4.36.v20210114\jetty-client-9.4.36.v20210114.jar;C:\Users\Siti Nurlatipah\.m2\repository\org\eclipse\jetty\jetty-http\9.4.36.v20210114\jetty-http-9.4.36.v20210114.jar;C:\Users\Siti Nurlatipah\.m2\repository\org\eclipse\jetty\jetty-util\9.4.36.v20210114\jetty-util-9.4.36.v20210114.jar;C:\Users\Siti Nurlatipah\.m2\repository\org\eclipse\jetty\jetty-io\9.4.36.v20210114\jetty-io-9.4.36.v20210114.jar;C:\Users\Siti Nurlatipah\.m2\repository\org\eclipse\jetty\websocket\websocket-common\9.4.36.v20210114\websocket-common-9.4.36.v20210114.jar;C:\Users\Siti Nurlatipah\.m2\repository\org\eclipse\jetty\websocket\websocket-api\9.4.36.v20210114\websocket-api-9.4.36.v20210114.jar;C:\Users\Siti Nurlatipah\.m2\repository\org\projectlombok\lombok\1.18.20\lombok-1.18.20.jar;C:\Users\Siti Nurlatipah\.m2\repository\org\seleniumhq\selenium\htmlunit-driver\2.47.1\htmlunit-driver-2.47.1.jar;C:\Users\Siti Nurlatipah\.m2\repository\com\codeborne\phantomjsdriver\1.4.4\phantomjsdriver-1.4.4.jar;C:\Users\Siti Nurlatipah\.m2\repository\io\appium\java-client\7.5.1\java-client-7.5.1.jar;C:\Users\Siti Nurlatipah\.m2\repository\commons-validator\commons-validator\1.7\commons-validator-1.7.jar;C:\Users\Siti Nurlatipah\.m2\repository\commons-digester\commons-digester\2.1\commons-digester-2.1.jar;C:\Users\Siti Nurlatipah\.m2\repository\org\aspectj\aspectjweaver\1.9.6\aspectjweaver-1.9.6.jar;C:\Users\Siti Nurlatipah\.m2\repository\net\sf\opencsv\opencsv\2.0\opencsv-2.0.jar;C:\Users\Siti Nurlatipah\.m2\repository\commons-beanutils\commons-beanutils\1.9.4\commons-beanutils-1.9.4.jar;C:\Users\Siti Nurlatipah\.m2\repository\org\apache\commons\commons-lang3\3.11\commons-lang3-3.11.jar;C:\Users\Siti Nurlatipah\.m2\repository\commons-collections\commons-collections\3.2.2\commons-collections-3.2.2.jar;C:\Users\Siti Nurlatipah\.m2\repository\org\fluentlenium\fluentlenium-core\0.10.2\fluentlenium-core-0.10.2.jar;C:\Users\Siti Nurlatipah\.m2\repository\io\github\bonigarcia\webdrivermanager\4.4.1\webdrivermanager-4.4.1.jar;C:\Users\Siti Nurlatipah\.m2\repository\org\apache\httpcomponents\client5\httpclient5\5.0.3\httpclient5-5.0.3.jar;C:\Users\Siti Nurlatipah\.m2\repository\org\apache\httpcomponents\core5\httpcore5\5.0.2\httpcore5-5.0.2.jar;C:\Users\Siti Nurlatipah\.m2\repository\org\apache\httpcomponents\core5\httpcore5-h2\5.0.2\httpcore5-h2-5.0.2.jar;C:\Users\Siti Nurlatipah\.m2\repository\org\rauschig\jarchivelib\1.1.0\jarchivelib-1.1.0.jar;C:\Users\Siti Nurlatipah\.m2\repository\org\apache\commons\commons-compress\1.20\commons-compress-1.20.jar;C:\Users\Siti Nurlatipah\.m2\repository\com\jhlabs\filters\2.0.235\filters-2.0.235.jar;C:\Users\Siti Nurlatipah\.m2\repository\com\paulhammant\ngwebdriver\1.1.5\ngwebdriver-1.1.5.jar;C:\Users\Siti Nurlatipah\.m2\repository\joda-time\joda-time\2.8.2\joda-time-2.8.2.jar;C:\Users\Siti Nurlatipah\.m2\repository\com\google\jimfs\jimfs\1.1\jimfs-1.1.jar;C:\Users\Siti Nurlatipah\.m2\repository\org\mockito\mockito-core\3.3.3\mockito-core-3.3.3.jar;C:\Users\Siti Nurlatipah\.m2\repository\javax\xml\bind\jaxb-api\2.3.1\jaxb-api-2.3.1.jar;C:\Users\Siti Nurlatipah\.m2\repository\javax\activation\javax.activation-api\1.2.0\javax.activation-api-1.2.0.jar;C:\Users\Siti Nurlatipah\.m2\repository\com\sun\xml\bind\jaxb-core\2.3.0.1\jaxb-core-2.3.0.1.jar;C:\Users\Siti Nurlatipah\.m2\repository\com\sun\xml\bind\jaxb-impl\2.3.3\jaxb-impl-2.3.3.jar;C:\Users\Siti Nurlatipah\.m2\repository\com\sun\activation\jakarta.activation\1.2.2\jakarta.activation-1.2.2.jar;C:\Users\Siti Nurlatipah\.m2\repository\javax\activation\activation\1.1.1\activation-1.1.1.jar;C:\Users\Siti Nurlatipah\.m2\repository\net\serenity-bdd\serenity-junit\2.4.51\serenity-junit-2.4.51.jar;C:\Users\Siti Nurlatipah\.m2\repository\com\googlecode\json-simple\json-simple\1.1.1\json-simple-1.1.1.jar;C:\Users\Siti Nurlatipah\.m2\repository\net\serenity-bdd\serenity-rest-assured\2.4.51\serenity-rest-assured-2.4.51.jar;C:\Users\Siti Nurlatipah\.m2\repository\org\codehaus\groovy\groovy-json\3.0.8\groovy-json-3.0.8.jar;C:\Users\Siti Nurlatipah\.m2\repository\org\opentest4j\opentest4j\1.2.0\opentest4j-1.2.0.jar;C:\Users\Siti Nurlatipah\.m2\repository\net\serenity-bdd\serenity-screenplay\2.4.51\serenity-screenplay-2.4.51.jar;C:\Users\Siti Nurlatipah\.m2\repository\net\serenity-bdd\serenity-screenplay-rest\2.4.51\serenity-screenplay-rest-2.4.51.jar;C:\Users\Siti Nurlatipah\.m2\repository\net\serenity-bdd\serenity-cucumber6\2.4.51\serenity-cucumber6-2.4.51.jar;C:\Users\Siti Nurlatipah\.m2\repository\net\serenity-bdd\serenity-screenplay-webdriver\2.4.51\serenity-screenplay-webdriver-2.4.51.jar;C:\Users\Siti Nurlatipah\.m2\repository\io\cucumber\cucumber-java\6.10.4\cucumber-java-6.10.4.jar;C:\Users\Siti Nurlatipah\.m2\repository\org\apiguardian\apiguardian-api\1.1.1\apiguardian-api-1.1.1.jar;C:\Users\Siti Nurlatipah\.m2\repository\io\cucumber\cucumber-junit\6.10.4\cucumber-junit-6.10.4.jar;C:\Users\Siti Nurlatipah\.m2\repository\io\cucumber\datatable-matchers\3.4.0\datatable-matchers-3.4.0.jar;C:\Users\Siti Nurlatipah\.m2\repository\io\cucumber\datatable\3.4.0\datatable-3.4.0.jar;C:\Users\Siti Nurlatipah\.m2\repository\commons-logging\commons-logging\1.2\commons-logging-1.2.jar;C:\Users\Siti Nurlatipah\.m2\repository\org\apache\commons\commons-csv\1.5\commons-csv-1.5.jar;C:\Users\Siti Nurlatipah\.m2\repository\io\rest-assured\rest-assured\4.3.2\rest-assured-4.3.2.jar;C:\Users\Siti Nurlatipah\.m2\repository\org\apache\httpcomponents\httpclient\4.5.3\httpclient-4.5.3.jar;C:\Users\Siti Nurlatipah\.m2\repository\org\apache\httpcomponents\httpcore\4.4.6\httpcore-4.4.6.jar;C:\Users\Siti Nurlatipah\.m2\repository\org\apache\httpcomponents\httpmime\4.5.3\httpmime-4.5.3.jar;C:\Users\Siti Nurlatipah\.m2\repository\org\ccil\cowan\tagsoup\tagsoup\1.2.1\tagsoup-1.2.1.jar;C:\Users\Siti Nurlatipah\.m2\repository\io\rest-assured\json-path\4.3.3\json-path-4.3.3.jar;C:\Users\Siti Nurlatipah\.m2\repository\io\rest-assured\rest-assured-common\4.3.3\rest-assured-common-4.3.3.jar;C:\Users\Siti Nurlatipah\.m2\repository\io\rest-assured\xml-path\4.3.3\xml-path-4.3.3.jar;C:\Users\Siti Nurlatipah\.m2\repository\jakarta\xml\bind\jakarta.xml.bind-api\2.3.3\jakarta.xml.bind-api-2.3.3.jar;C:\Users\Siti Nurlatipah\.m2\repository\jakarta\activation\jakarta.activation-api\1.2.2\jakarta.activation-api-1.2.2.jar;C:\Users\Siti Nurlatipah\.m2\repository\org\codehaus\groovy\groovy\3.0.6\groovy-3.0.6.jar;C:\Users\Siti Nurlatipah\.m2\repository\org\codehaus\groovy\groovy-xml\3.0.6\groovy-xml-3.0.6.jar;C:\Users\Siti Nurlatipah\.m2\repository\junit\junit\4.13.1\junit-4.13.1.jar;C:\Users\Siti Nurlatipah\.m2\repository\org\hamcrest\hamcrest-core\1.3\hamcrest-core-1.3.jar;C:\Users\Siti Nurlatipah\.m2\repository\org\assertj\assertj-core\3.6.2\assertj-core-3.6.2.jar;C:\Users\Siti Nurlatipah\.m2\repository\org\hamcrest\hamcrest\2.2\hamcrest-2.2.jar;C:\Users\Siti Nurlatipah\.m2\repository\com\github\javafaker\javafaker\0.15\javafaker-0.15.jar;C:\Users\Siti Nurlatipah\.m2\repository\org\yaml\snakeyaml\1.20\snakeyaml-1.20-android.jar;C:\Users\Siti Nurlatipah\.m2\repository\com\github\mifmif\generex\1.0.2\generex-1.0.2.jar;C:\Users\Siti Nurlatipah\.m2\repository\dk\brics\automaton\automaton\1.11-8\automaton-1.11-8.jar;C:\Users\Siti Nurlatipah\.m2\repository\org\apache\maven\surefire\surefire-junit47\3.0.0-M5\surefire-junit47-3.0.0-M5.jar;C:\Users\Siti Nurlatipah\.m2\repository\org\apache\maven\surefire\common-java5\3.0.0-M5\common-java5-3.0.0-M5.jar;C:\Users\Siti Nurlatipah\.m2\repository\org\apache\maven\surefire\common-junit3\3.0.0-M5\common-junit3-3.0.0-M5.jar;C:\Users\Siti Nurlatipah\.m2\repository\org\apache\maven\surefire\common-junit4\3.0.0-M5\common-junit4-3.0.0-M5.jar;C:\Users\Siti Nurlatipah\.m2\repository\org\apache\maven\surefire\common-junit48\3.0.0-M5\common-junit48-3.0.0-M5.jar;C:\Users\Siti Nurlatipah\.m2\repository\org\apache\maven\surefire\surefire-grouper\3.0.0-M5\surefire-grouper-3.0.0-M5.jar"/>
    <property name="user.script" value=""/>
    <property name="java.protocol.handler.pkgs" value="com.google.common"/>
    <property name="sun.management.compiler" value="HotSpot 64-Bit Tiered Compilers"/>
    <property name="java.runtime.version" value="11.0.14+8-LTS-263"/>
    <property name="user.name" value="Siti Nurlatipah"/>
>>>>>>> 3eb7ed59fd558cd82a68549bb500382e6b35ceb5
    <property name="path.separator" value=";"/>
    <property name="os.version" value="10.0"/>
    <property name="java.runtime.name" value="Java(TM) SE Runtime Environment"/>
    <property name="file.encoding" value="Cp1252"/>
    <property name="java.vm.name" value="Java HotSpot(TM) 64-Bit Server VM"/>
<<<<<<< HEAD
    <property name="localRepository" value="C:\Users\LENOVO-PC\.m2\repository"/>
    <property name="java.vendor.url.bug" value="https://bugreport.java.com/bugreport/"/>
    <property name="java.io.tmpdir" value="C:\Users\LENOVO~1\AppData\Local\Temp\"/>
    <property name="java.version" value="17.0.2"/>
    <property name="user.dir" value="C:\Users\LENOVO-PC\OneDrive - IT-PLN\Dokumen\apenim\Diskusiaza-QE\WEB DISKUSIAZA"/>
    <property name="os.arch" value="amd64"/>
    <property name="java.vm.specification.name" value="Java Virtual Machine Specification"/>
    <property name="sun.os.patch.level" value=""/>
    <property name="native.encoding" value="Cp1252"/>
    <property name="java.library.path" value="C:\Program Files\Java\jdk-17.0.2\bin;C:\WINDOWS\Sun\Java\bin;C:\WINDOWS\system32;C:\WINDOWS;C:\Program Files\Common Files\Oracle\Java\javapath;C:\WINDOWS\system32;C:\WINDOWS;C:\WINDOWS\System32\Wbem;C:\WINDOWS\System32\WindowsPowerShell\v1.0\;C:\WINDOWS\System32\OpenSSH\;C:\Program Files\MATLAB\R2017a\bin;C:\Program Files\Git\cmd;C:\Program Files\Microsoft SQL Server\110\Tools\Binn\;C:\apache-maven-3.8.5\bin;%ANDROID_HOME;C:\Users\LENOVO-PC\AppData\Local\Android\Sdk\platform-tools;C:\Program Files\nodejs\;C:\Users\LENOVO-PC\AppData\Local\Microsoft\WindowsApps;C:\Users\LENOVO-PC\AppData\Roaming\npm;."/>
    <property name="java.vm.info" value="mixed mode"/>
    <property name="java.vendor" value="Oracle Corporation"/>
    <property name="java.vm.version" value="17.0.2+8-LTS-86"/>
    <property name="sun.io.unicode.encoding" value="UnicodeLittle"/>
    <property name="java.class.version" value="61.0"/>
  </properties>
  <testcase name="User input valid data" classname="user on register page" time="9.706">
    <system-out><![CDATA[

&amp#27;[31mFailed scenarios:&amp#27;[0m

file:///C:/Users/LENOVO-PC/OneDrive%20-%20IT-PLN/Dokumen/apenim/Diskusiaza-QE/WEB%20DISKUSIAZA/src/test/resources/web/PageJawab.feature:3 # User menjawab pertanyaan



29
 Scenarios (
&amp#27;[31m1 failed&amp#27;[0m
, 
&amp#27;[32m28 passed&amp#27;[0m
)

148
 Steps (
&amp#27;[31m1 failed&amp#27;[0m
, 
&amp#27;[36m4 skipped&amp#27;[0m
, 
&amp#27;[32m143 passed&amp#27;[0m
)

2m
31.501s





net.thucydides.core.webdriver.exceptions.ElementShouldBeEnabledException: Expected enabled element was not enabled

	at net.serenitybdd.core.pages.WebElementFacadeImpl.waitUntilEnabled(WebElementFacadeImpl.java:1178)

	at net.serenitybdd.core.pages.WebElementFacadeImpl.waitUntilElementAvailable(WebElementFacadeImpl.java:980)

	at net.serenitybdd.core.pages.WebElementFacadeImpl.click(WebElementFacadeImpl.java:1260)

	at net.serenitybdd.core.pages.WebElementFacadeImpl.click(WebElementFacadeImpl.java:1279)

	at rest.api@1.0-SNAPSHOT/Starter.PageJawab.clickJawabButton(PageJawab.java:15)

	at rest.api@1.0-SNAPSHOT/Starter.PageJawab$ByteBuddy$y1w2LL7V.clickJawabButton$accessor$hZewq8h6(Unknown Source)

	at java.base/jdk.internal.reflect.NativeMethodAccessorImpl.invoke0(Native Method)

	at java.base/jdk.internal.reflect.NativeMethodAccessorImpl.invoke(NativeMethodAccessorImpl.java:77)

	at java.base/jdk.internal.reflect.DelegatingMethodAccessorImpl.invoke(DelegatingMethodAccessorImpl.java:43)

	at java.base/java.lang.reflect.Method.invoke(Method.java:568)

	at net.thucydides.core.steps.StepInterceptor.invokeMethod(StepInterceptor.java:492)

	at net.thucydides.core.steps.StepInterceptor.executeTestStepMethod(StepInterceptor.java:472)

	at net.thucydides.core.steps.StepInterceptor.runTestStep(StepInterceptor.java:445)

	at net.thucydides.core.steps.StepInterceptor.runOrSkipMethod(StepInterceptor.java:201)

	at net.thucydides.core.steps.StepInterceptor.testStepResult(StepInterceptor.java:188)

	at net.thucydides.core.steps.StepInterceptor.intercept(StepInterceptor.java:76)

	at net.thucydides.core.steps.ProxyConfiguration$InterceptorDispatcher.intercept(ProxyConfiguration.java:51)

	at rest.api@1.0-SNAPSHOT/Starter.PageJawab$ByteBuddy$y1w2LL7V.clickJawabButton(Unknown Source)

	at rest.api@1.0-SNAPSHOT/StepDefinition.PageJawabSteps.pilihPertanyaan(PageJawabSteps.java:23)

	at ?.user memilih pertanyaan(file:///C:/Users/LENOVO-PC/OneDrive%20-%20IT-PLN/Dokumen/apenim/Diskusiaza-QE/WEB%20DISKUSIAZA/src/test/resources/web/PageJawab.feature:5)

Caused by: org.openqa.selenium.TimeoutException: Expected condition failed: waiting for By.xpath:  to be enabled (tried for 5 second(s) with 100 milliseconds interval)

	at org.openqa.selenium.support.ui.FluentWait.timeoutException(FluentWait.java:304)

	at org.openqa.selenium.support.ui.FluentWait.until(FluentWait.java:272)

	at net.serenitybdd.core.pages.WebElementFacadeImpl.waitUntilEnabled(WebElementFacadeImpl.java:1175)

	at net.serenitybdd.core.pages.WebElementFacadeImpl.waitUntilElementAvailable(WebElementFacadeImpl.java:980)

	at net.serenitybdd.core.pages.WebElementFacadeImpl.click(WebElementFacadeImpl.java:1260)

	at net.serenitybdd.core.pages.WebElementFacadeImpl.click(WebElementFacadeImpl.java:1279)

	at rest.api@1.0-SNAPSHOT/Starter.PageJawab.clickJawabButton(PageJawab.java:15)

	at rest.api@1.0-SNAPSHOT/Starter.PageJawab$ByteBuddy$y1w2LL7V.clickJawabButton$accessor$hZewq8h6(Unknown Source)

	at java.base/jdk.internal.reflect.NativeMethodAccessorImpl.invoke0(Native Method)

	at java.base/jdk.internal.reflect.NativeMethodAccessorImpl.invoke(NativeMethodAccessorImpl.java:77)

	at java.base/jdk.internal.reflect.DelegatingMethodAccessorImpl.invoke(DelegatingMethodAccessorImpl.java:43)

	at java.base/java.lang.reflect.Method.invoke(Method.java:568)

	at net.thucydides.core.steps.StepInterceptor.invokeMethod(StepInterceptor.java:492)

	at net.thucydides.core.steps.StepInterceptor.executeTestStepMethod(StepInterceptor.java:472)

	at net.thucydides.core.steps.StepInterceptor.runTestStep(StepInterceptor.java:445)

	at net.thucydides.core.steps.StepInterceptor.runOrSkipMethod(StepInterceptor.java:201)

	at net.thucydides.core.steps.StepInterceptor.testStepResult(StepInterceptor.java:188)

	at net.thucydides.core.steps.StepInterceptor.intercept(StepInterceptor.java:76)

	at net.thucydides.core.steps.ProxyConfiguration$InterceptorDispatcher.intercept(ProxyConfiguration.java:51)

	at rest.api@1.0-SNAPSHOT/Starter.PageJawab$ByteBuddy$y1w2LL7V.clickJawabButton(Unknown Source)

	at rest.api@1.0-SNAPSHOT/StepDefinition.PageJawabSteps.pilihPertanyaan(PageJawabSteps.java:23)

	at java.base/jdk.internal.reflect.NativeMethodAccessorImpl.invoke0(Native Method)

	at java.base/jdk.internal.reflect.NativeMethodAccessorImpl.invoke(NativeMethodAccessorImpl.java:77)

	at java.base/jdk.internal.reflect.DelegatingMethodAccessorImpl.invoke(DelegatingMethodAccessorImpl.java:43)

	at java.base/java.lang.reflect.Method.invoke(Method.java:568)

	at io.cucumber.java.Invoker.doInvoke(Invoker.java:66)

	at io.cucumber.java.Invoker.invoke(Invoker.java:24)

	at io.cucumber.java.AbstractGlueDefinition.invokeMethod(AbstractGlueDefinition.java:47)

	at io.cucumber.java.JavaStepDefinition.execute(JavaStepDefinition.java:29)

	at io.cucumber.core.runner.CoreStepDefinition.execute(CoreStepDefinition.java:66)

	at io.cucumber.core.runner.PickleStepDefinitionMatch.runStep(PickleStepDefinitionMatch.java:63)

	at io.cucumber.core.runner.ExecutionMode$1.execute(ExecutionMode.java:10)

	at io.cucumber.core.runner.TestStep.executeStep(TestStep.java:92)

	at io.cucumber.core.runner.TestStep.run(TestStep.java:64)

	at io.cucumber.core.runner.PickleStepTestStep.run(PickleStepTestStep.java:51)

	at io.cucumber.core.runner.TestCase.run(TestCase.java:104)

	at io.cucumber.core.runner.Runner.runPickle(Runner.java:73)

	at io.cucumber.junit.PickleRunners$NoStepDescriptions.run(PickleRunners.java:151)

	at io.cucumber.junit.FeatureRunner.runChild(FeatureRunner.java:135)

	at io.cucumber.junit.FeatureRunner.runChild(FeatureRunner.java:27)

	at org.junit.runners.ParentRunner$4.run(ParentRunner.java:331)

	at org.junit.runners.ParentRunner$1.schedule(ParentRunner.java:79)

	at org.junit.runners.ParentRunner.runChildren(ParentRunner.java:329)

	at org.junit.runners.ParentRunner.access$100(ParentRunner.java:66)

	at org.junit.runners.ParentRunner$2.evaluate(ParentRunner.java:293)

	at org.junit.runners.ParentRunner$3.evaluate(ParentRunner.java:306)

	at org.junit.runners.ParentRunner.run(ParentRunner.java:413)

	at io.cucumber.junit.CucumberSerenityRunner.runChild(CucumberSerenityRunner.java:258)

	at io.cucumber.junit.CucumberSerenityRunner.runChild(CucumberSerenityRunner.java:57)

	at org.junit.runners.ParentRunner$4.run(ParentRunner.java:331)

	at org.apache.maven.surefire.junitcore.pc.Scheduler$1.run(Scheduler.java:405)

	at org.apache.maven.surefire.junitcore.pc.InvokerStrategy.schedule(InvokerStrategy.java:54)

	at org.apache.maven.surefire.junitcore.pc.Scheduler.schedule(Scheduler.java:362)

	at org.junit.runners.ParentRunner.runChildren(ParentRunner.java:329)

	at org.junit.runners.ParentRunner.access$100(ParentRunner.java:66)

	at org.junit.runners.ParentRunner$2.evaluate(ParentRunner.java:293)

	at io.cucumber.junit.CucumberSerenityRunner$RunCucumber.evaluate(CucumberSerenityRunner.java:286)

	at org.junit.runners.ParentRunner$3.evaluate(ParentRunner.java:306)

	at org.junit.runners.ParentRunner.run(ParentRunner.java:413)

	at org.junit.runners.Suite.runChild(Suite.java:128)

	at org.junit.runners.Suite.runChild(Suite.java:27)

	at org.junit.runners.ParentRunner$4.run(ParentRunner.java:331)

	at org.apache.maven.surefire.junitcore.pc.Scheduler$1.run(Scheduler.java:405)

	at java.base/java.util.concurrent.Executors$RunnableAdapter.call(Executors.java:539)

	at java.base/java.util.concurrent.FutureTask.run(FutureTask.java:264)

	at java.base/java.util.concurrent.ThreadPoolExecutor.runWorker(ThreadPoolExecutor.java:1136)

	at java.base/java.util.concurrent.ThreadPoolExecutor$Worker.run(ThreadPoolExecutor.java:635)

	at java.base/java.lang.Thread.run(Thread.java:833)

Caused by: org.openqa.selenium.InvalidSelectorException: invalid selector: Unable to locate an element with the xpath expression  because of the following error:
SyntaxError: Failed to execute 'evaluate' on 'Document': The string '' is not a valid XPath expression.
  (Session info: chrome=103.0.5060.114)
For documentation on this error, please visit: https://www.seleniumhq.org/exceptions/invalid_selector_exception.html
Build info: version: '3.141.59', revision: 'e82be7d358', time: '2018-11-14T08:17:03'
System info: host: 'MUTHIA17', ip: '192.168.1.20', os.name: 'Windows 11', os.arch: 'amd64', os.version: '10.0', java.version: '17.0.2'
Driver info: org.openqa.selenium.chrome.ChromeDriver
Capabilities {acceptInsecureCerts: false, browserName: chrome, browserVersion: 103.0.5060.114, chrome: {chromedriverVersion: 103.0.5060.53 (a1711811edd7..., userDataDir: C:\Users\LENOVO~1\AppData\L...}, goog:chromeOptions: {debuggerAddress: localhost:63298}, javascriptEnabled: true, networkConnectionEnabled: false, pageLoadStrategy: normal, platform: WINDOWS, platformName: WINDOWS, proxy: Proxy(), setWindowRect: true, strictFileInteractability: false, timeouts: {implicit: 0, pageLoad: 300000, script: 30000}, unhandledPromptBehavior: dismiss and notify, webauthn:extension:credBlob: true, webauthn:extension:largeBlob: true, webauthn:virtualAuthenticators: true}
Session ID: 5076889a94eff828e7098304083733cb
*** Element info: {Using=xpath, value=}

	at jdk.internal.reflect.GeneratedConstructorAccessor22.newInstance(Unknown Source)

	at java.base/jdk.internal.reflect.DelegatingConstructorAccessorImpl.newInstance(DelegatingConstructorAccessorImpl.java:45)

	at java.base/java.lang.reflect.Constructor.newInstanceWithCaller(Constructor.java:499)

	at java.base/java.lang.reflect.Constructor.newInstance(Constructor.java:480)

	at org.openqa.selenium.remote.http.W3CHttpResponseCodec.createException(W3CHttpResponseCodec.java:187)

	at org.openqa.selenium.remote.http.W3CHttpResponseCodec.decode(W3CHttpResponseCodec.java:122)

	at org.openqa.selenium.remote.http.W3CHttpResponseCodec.decode(W3CHttpResponseCodec.java:49)

	at org.openqa.selenium.remote.HttpCommandExecutor.execute(HttpCommandExecutor.java:158)

	at org.openqa.selenium.remote.service.DriverCommandExecutor.execute(DriverCommandExecutor.java:83)

	at org.openqa.selenium.remote.RemoteWebDriver.execute(RemoteWebDriver.java:552)

	at org.openqa.selenium.remote.RemoteWebDriver.findElement(RemoteWebDriver.java:323)

	at org.openqa.selenium.remote.RemoteWebDriver.findElementByXPath(RemoteWebDriver.java:428)

	at org.openqa.selenium.By$ByXPath.findElement(By.java:353)

	at org.openqa.selenium.remote.RemoteWebDriver.findElement(RemoteWebDriver.java:315)

	at net.thucydides.core.webdriver.WebDriverFacade.findElement(WebDriverFacade.java:222)

	at net.serenitybdd.core.pages.WebElementResolverByLocator.resolveForDriver(WebElementResolverByLocator.java:25)

	at net.serenitybdd.core.pages.WebElementFacadeImpl.getResolvedElement(WebElementFacadeImpl.java:231)

	at net.serenitybdd.core.pages.WebElementFacadeImpl.getElement(WebElementFacadeImpl.java:226)

	at net.serenitybdd.core.pages.WebElementExpectations$3.apply(WebElementExpectations.java:63)

	at net.serenitybdd.core.pages.WebElementExpectations$3.apply(WebElementExpectations.java:55)

	at org.openqa.selenium.support.ui.FluentWait.until(FluentWait.java:249)

	... 66 more





20:13:36.176 [pool-2-thread-1] DEBUG net.thucydides.core.reports.ReportService - Reporting formats: [JSON, HTML]

20:13:36.272 [pool-2-thread-1] DEBUG net.thucydides.core.reports.ReportService - Reporting formats: [JSON, HTML]

20:13:36.292 [pool-2-thread-1] DEBUG net.thucydides.core.reports.ReportService - Generating reports for 29 test outcomes using: net.thucydides.core.reports.json.JSONTestOutcomeReporter@411a8e88

20:13:36.295 [pool-2-thread-1] DEBUG net.thucydides.core.reports.ReportService - Processing test outcome User on landing page:User membuka page pertanyaan

20:13:36.295 [pool-2-thread-1] INFO net.thucydides.core.reports.ReportService - net.thucydides.core.reports.json.JSONTestOutcomeReporter@411a8e88: Generating report for test outcome: User on landing page:User membuka page pertanyaan

20:13:36.295 [pool-2-thread-2] DEBUG net.thucydides.core.reports.ReportService - Processing test outcome User on landing page:User membuka tulis jawaban

20:13:36.295 [pool-2-thread-2] INFO net.thucydides.core.reports.ReportService - net.thucydides.core.reports.json.JSONTestOutcomeReporter@411a8e88: Generating report for test outcome: User on landing page:User membuka tulis jawaban

20:13:36.295 [pool-2-thread-3] DEBUG net.thucydides.core.reports.ReportService - Processing test outcome User on landing page:user membuka notifikasi

20:13:36.295 [pool-2-thread-3] INFO net.thucydides.core.reports.ReportService - net.thucydides.core.reports.json.JSONTestOutcomeReporter@411a8e88: Generating report for test outcome: User on landing page:user membuka notifikasi

20:13:36.296 [pool-2-thread-5] DEBUG net.thucydides.core.reports.ReportService - Processing test outcome User on landing page:User membuka Explore

20:13:36.296 [pool-2-thread-4] DEBUG net.thucydides.core.reports.ReportService - Processing test outcome User on landing page:User membuka search field

20:13:36.296 [pool-2-thread-5] INFO net.thucydides.core.reports.ReportService - net.thucydides.core.reports.json.JSONTestOutcomeReporter@411a8e88: Generating report for test outcome: User on landing page:User membuka Explore

20:13:36.296 [pool-2-thread-4] INFO net.thucydides.core.reports.ReportService - net.thucydides.core.reports.json.JSONTestOutcomeReporter@411a8e88: Generating report for test outcome: User on landing page:User membuka search field

20:13:36.296 [pool-2-thread-6] DEBUG net.thucydides.core.reports.ReportService - Processing test outcome User on landing page:User membuka Trending

20:13:36.296 [pool-2-thread-6] INFO net.thucydides.core.reports.ReportService - net.thucydides.core.reports.json.JSONTestOutcomeReporter@411a8e88: Generating report for test outcome: User on landing page:User membuka Trending

20:13:36.298 [pool-2-thread-6] DEBUG net.thucydides.core.reports.json.JSONTestOutcomeReporter - Generating JSON report for User membuka Trending to file C:\Users\LENOVO-PC\OneDrive - IT-PLN\Dokumen\apenim\Diskusiaza-QE\WEB DISKUSIAZA\target\site\serenity\a8816166a65d9df0ea7a683c804b825cd9a24bba04a376b184024cb9f792d147.json (using temp file C:\Users\LENOVO-PC\OneDrive - IT-PLN\Dokumen\apenim\Diskusiaza-QE\WEB DISKUSIAZA\target\site\serenity\a8816166a65d9df0ea7a683c804b825cd9a24bba04a376b184024cb9f792d147.jsonf71de4a9-1680-428a-bd79-612d05de11ed)

20:13:36.298 [pool-2-thread-5] DEBUG net.thucydides.core.reports.json.JSONTestOutcomeReporter - Generating JSON report for User membuka Explore to file C:\Users\LENOVO-PC\OneDrive - IT-PLN\Dokumen\apenim\Diskusiaza-QE\WEB DISKUSIAZA\target\site\serenity\39eda1b92b2e02b7994cdbeb27f0a1f575f0dcaeeabbb879187821be643646b7.json (using temp file C:\Users\LENOVO-PC\OneDrive - IT-PLN\Dokumen\apenim\Diskusiaza-QE\WEB DISKUSIAZA\target\site\serenity\39eda1b92b2e02b7994cdbeb27f0a1f575f0dcaeeabbb879187821be643646b7.json16e6cb18-982c-44a9-83e4-d4e97177aa4a)

20:13:36.298 [pool-2-thread-2] DEBUG net.thucydides.core.reports.json.JSONTestOutcomeReporter - Generating JSON report for User membuka tulis jawaban to file C:\Users\LENOVO-PC\OneDrive - IT-PLN\Dokumen\apenim\Diskusiaza-QE\WEB DISKUSIAZA\target\site\serenity\b153fbece3954b54120338ebe71b63d82b0ea84b4d81b4f5f39333bfeda61e57.json (using temp file C:\Users\LENOVO-PC\OneDrive - IT-PLN\Dokumen\apenim\Diskusiaza-QE\WEB DISKUSIAZA\target\site\serenity\b153fbece3954b54120338ebe71b63d82b0ea84b4d81b4f5f39333bfeda61e57.json2e79f0f1-b487-4f0b-8081-7be41d4d412f)

20:13:36.298 [pool-2-thread-1] DEBUG net.thucydides.core.reports.json.JSONTestOutcomeReporter - Generating JSON report for User membuka page pertanyaan to file C:\Users\LENOVO-PC\OneDrive - IT-PLN\Dokumen\apenim\Diskusiaza-QE\WEB DISKUSIAZA\target\site\serenity\23ecde3a838fae936802e3c8ab3e2316e1a96fd306e6d6fc8c78426a70ae0ad3.json (using temp file C:\Users\LENOVO-PC\OneDrive - IT-PLN\Dokumen\apenim\Diskusiaza-QE\WEB DISKUSIAZA\target\site\serenity\23ecde3a838fae936802e3c8ab3e2316e1a96fd306e6d6fc8c78426a70ae0ad3.jsonf2261f5f-63bf-423e-bc39-5789b0b0c65d)

20:13:36.298 [pool-2-thread-3] DEBUG net.thucydides.core.reports.json.JSONTestOutcomeReporter - Generating JSON report for user membuka notifikasi to file C:\Users\LENOVO-PC\OneDrive - IT-PLN\Dokumen\apenim\Diskusiaza-QE\WEB DISKUSIAZA\target\site\serenity\40d18987f16c39d6d9169b91e80c63888e40d8d2b3c2444061c7828908059be8.json (using temp file C:\Users\LENOVO-PC\OneDrive - IT-PLN\Dokumen\apenim\Diskusiaza-QE\WEB DISKUSIAZA\target\site\serenity\40d18987f16c39d6d9169b91e80c63888e40d8d2b3c2444061c7828908059be8.jsond60e460e-c582-4afd-ad70-d52e077131ed)

20:13:36.298 [pool-2-thread-4] DEBUG net.thucydides.core.reports.json.JSONTestOutcomeReporter - Generating JSON report for User membuka search field to file C:\Users\LENOVO-PC\OneDrive - IT-PLN\Dokumen\apenim\Diskusiaza-QE\WEB DISKUSIAZA\target\site\serenity\a26ab33c0fbad157582ec32342d8cfaeed604019a8b62492f5a9380044202eab.json (using temp file C:\Users\LENOVO-PC\OneDrive - IT-PLN\Dokumen\apenim\Diskusiaza-QE\WEB DISKUSIAZA\target\site\serenity\a26ab33c0fbad157582ec32342d8cfaeed604019a8b62492f5a9380044202eab.jsondcde8515-0d72-4cb3-a6a4-d5aecbd7145b)

20:13:36.351 [pool-2-thread-3] DEBUG net.thucydides.core.reports.ReportService - Processing test outcome User on landing page:user membuka notifikasi done

20:13:36.351 [pool-2-thread-2] DEBUG net.thucydides.core.reports.ReportService - Processing test outcome User on landing page:User membuka tulis jawaban done

20:13:36.351 [pool-2-thread-2] DEBUG net.thucydides.core.reports.ReportService - Processing test outcome User on landing page:User membuka message

20:13:36.351 [pool-2-thread-2] INFO net.thucydides.core.reports.ReportService - net.thucydides.core.reports.json.JSONTestOutcomeReporter@411a8e88: Generating report for test outcome: User on landing page:User membuka message

20:13:36.351 [pool-2-thread-3] DEBUG net.thucydides.core.reports.ReportService - Processing test outcome User on landing page:User membuka Bookmarks

20:13:36.351 [pool-2-thread-3] INFO net.thucydides.core.reports.ReportService - net.thucydides.core.reports.json.JSONTestOutcomeReporter@411a8e88: Generating report for test outcome: User on landing page:User membuka Bookmarks

20:13:36.352 [pool-2-thread-1] DEBUG net.thucydides.core.reports.ReportService - Processing test outcome User on landing page:User membuka page pertanyaan done

20:13:36.352 [pool-2-thread-1] DEBUG net.thucydides.core.reports.ReportService - Processing test outcome User on landing page:User membuka Jawab

20:13:36.352 [pool-2-thread-1] INFO net.thucydides.core.reports.ReportService - net.thucydides.core.reports.json.JSONTestOutcomeReporter@411a8e88: Generating report for test outcome: User on landing page:User membuka Jawab

20:13:36.353 [pool-2-thread-5] DEBUG net.thucydides.core.reports.ReportService - Processing test outcome User on landing page:User membuka Explore done

20:13:36.353 [pool-2-thread-5] DEBUG net.thucydides.core.reports.ReportService - Processing test outcome User on landing page:User membuka Ruang

20:13:36.353 [pool-2-thread-5] INFO net.thucydides.core.reports.ReportService - net.thucydides.core.reports.json.JSONTestOutcomeReporter@411a8e88: Generating report for test outcome: User on landing page:User membuka Ruang

20:13:36.353 [pool-2-thread-4] DEBUG net.thucydides.core.reports.ReportService - Processing test outcome User on landing page:User membuka search field done

20:13:36.353 [pool-2-thread-4] DEBUG net.thucydides.core.reports.ReportService - Processing test outcome User on landing page:User membuka Profil

20:13:36.353 [pool-2-thread-4] INFO net.thucydides.core.reports.ReportService - net.thucydides.core.reports.json.JSONTestOutcomeReporter@411a8e88: Generating report for test outcome: User on landing page:User membuka Profil

20:13:36.353 [pool-2-thread-2] DEBUG net.thucydides.core.reports.json.JSONTestOutcomeReporter - Generating JSON report for User membuka message to file C:\Users\LENOVO-PC\OneDrive - IT-PLN\Dokumen\apenim\Diskusiaza-QE\WEB DISKUSIAZA\target\site\serenity\1041c432f9c4aa2f2da47ab8893148efa4ce7ab3af66129a8f6cb6b1733b65a4.json (using temp file C:\Users\LENOVO-PC\OneDrive - IT-PLN\Dokumen\apenim\Diskusiaza-QE\WEB DISKUSIAZA\target\site\serenity\1041c432f9c4aa2f2da47ab8893148efa4ce7ab3af66129a8f6cb6b1733b65a4.json2f34e554-28e5-47e0-99dd-91d5f3d74029)

20:13:36.353 [pool-2-thread-3] DEBUG net.thucydides.core.reports.json.JSONTestOutcomeReporter - Generating JSON report for User membuka Bookmarks to file C:\Users\LENOVO-PC\OneDrive - IT-PLN\Dokumen\apenim\Diskusiaza-QE\WEB DISKUSIAZA\target\site\serenity\0553885811323a25bc1f21beb22ae62437917ed39fa7d290c6537a33a2db3e14.json (using temp file C:\Users\LENOVO-PC\OneDrive - IT-PLN\Dokumen\apenim\Diskusiaza-QE\WEB DISKUSIAZA\target\site\serenity\0553885811323a25bc1f21beb22ae62437917ed39fa7d290c6537a33a2db3e14.jsonf41e766a-f0f8-4def-aa92-288a55ee1fec)

20:13:36.353 [pool-2-thread-6] DEBUG net.thucydides.core.reports.ReportService - Processing test outcome User on landing page:User membuka Trending done

20:13:36.353 [pool-2-thread-6] DEBUG net.thucydides.core.reports.ReportService - Processing test outcome User on landing page:User membuat Thread

20:13:36.353 [pool-2-thread-6] INFO net.thucydides.core.reports.ReportService - net.thucydides.core.reports.json.JSONTestOutcomeReporter@411a8e88: Generating report for test outcome: User on landing page:User membuat Thread

20:13:36.357 [pool-2-thread-1] DEBUG net.thucydides.core.reports.json.JSONTestOutcomeReporter - Generating JSON report for User membuka Jawab to file C:\Users\LENOVO-PC\OneDrive - IT-PLN\Dokumen\apenim\Diskusiaza-QE\WEB DISKUSIAZA\target\site\serenity\4c09e39d7af5dbc23557071ed41e0466aabd0dfd1e48629e40c20fde61a2b665.json (using temp file C:\Users\LENOVO-PC\OneDrive - IT-PLN\Dokumen\apenim\Diskusiaza-QE\WEB DISKUSIAZA\target\site\serenity\4c09e39d7af5dbc23557071ed41e0466aabd0dfd1e48629e40c20fde61a2b665.jsond14e3832-c924-4333-8c9f-81fe86728318)

20:13:36.357 [pool-2-thread-5] DEBUG net.thucydides.core.reports.json.JSONTestOutcomeReporter - Generating JSON report for User membuka Ruang to file C:\Users\LENOVO-PC\OneDrive - IT-PLN\Dokumen\apenim\Diskusiaza-QE\WEB DISKUSIAZA\target\site\serenity\f0d8016d39dbfa8275651d1415badcfbfedab8fc26a01e22901f1b3d7a64e558.json (using temp file C:\Users\LENOVO-PC\OneDrive - IT-PLN\Dokumen\apenim\Diskusiaza-QE\WEB DISKUSIAZA\target\site\serenity\f0d8016d39dbfa8275651d1415badcfbfedab8fc26a01e22901f1b3d7a64e558.json9eb0ecbf-a71f-4f8c-ae9e-47a4cdf43da5)

20:13:36.367 [pool-2-thread-2] DEBUG net.thucydides.core.reports.ReportService - Processing test outcome User on landing page:User membuka message done

20:13:36.367 [pool-2-thread-2] DEBUG net.thucydides.core.reports.ReportService - Processing test outcome User on login page:User input valid email and password

20:13:36.367 [pool-2-thread-2] INFO net.thucydides.core.reports.ReportService - net.thucydides.core.reports.json.JSONTestOutcomeReporter@411a8e88: Generating report for test outcome: User on login page:User input valid email and password

20:13:36.369 [pool-2-thread-4] DEBUG net.thucydides.core.reports.json.JSONTestOutcomeReporter - Generating JSON report for User membuka Profil to file C:\Users\LENOVO-PC\OneDrive - IT-PLN\Dokumen\apenim\Diskusiaza-QE\WEB DISKUSIAZA\target\site\serenity\e49ceeae63e5cbe69c66753597a35ef6241d56d43afa593f592fdf900f6d167a.json (using temp file C:\Users\LENOVO-PC\OneDrive - IT-PLN\Dokumen\apenim\Diskusiaza-QE\WEB DISKUSIAZA\target\site\serenity\e49ceeae63e5cbe69c66753597a35ef6241d56d43afa593f592fdf900f6d167a.json30e4708b-8ea2-4b8c-8ee7-9811cddf9fa8)

20:13:36.369 [pool-2-thread-6] DEBUG net.thucydides.core.reports.json.JSONTestOutcomeReporter - Generating JSON report for User membuat Thread to file C:\Users\LENOVO-PC\OneDrive - IT-PLN\Dokumen\apenim\Diskusiaza-QE\WEB DISKUSIAZA\target\site\serenity\c0b49df0c57ca1279e35f5691b5aab79bf5b7449a8dceb3ac16fa067895c6c72.json (using temp file C:\Users\LENOVO-PC\OneDrive - IT-PLN\Dokumen\apenim\Diskusiaza-QE\WEB DISKUSIAZA\target\site\serenity\c0b49df0c57ca1279e35f5691b5aab79bf5b7449a8dceb3ac16fa067895c6c72.json6fc87888-07d9-43aa-9f96-148cf11b90c9)

20:13:36.369 [pool-2-thread-3] DEBUG net.thucydides.core.reports.ReportService - Processing test outcome User on landing page:User membuka Bookmarks done

20:13:36.369 [pool-2-thread-3] DEBUG net.thucydides.core.reports.ReportService - Processing test outcome User on login page:user input valid email and invalid password

20:13:36.369 [pool-2-thread-3] INFO net.thucydides.core.reports.ReportService - net.thucydides.core.reports.json.JSONTestOutcomeReporter@411a8e88: Generating report for test outcome: User on login page:user input valid email and invalid password

20:13:36.369 [pool-2-thread-2] DEBUG net.thucydides.core.reports.json.JSONTestOutcomeReporter - Generating JSON report for User input valid email and password to file C:\Users\LENOVO-PC\OneDrive - IT-PLN\Dokumen\apenim\Diskusiaza-QE\WEB DISKUSIAZA\target\site\serenity\9c437cbd66f0ca0fa73497773c56ca666a8659da165f1c3343de041045e442ac.json (using temp file C:\Users\LENOVO-PC\OneDrive - IT-PLN\Dokumen\apenim\Diskusiaza-QE\WEB DISKUSIAZA\target\site\serenity\9c437cbd66f0ca0fa73497773c56ca666a8659da165f1c3343de041045e442ac.json6c3ac5e2-05fc-422a-b6f9-b6780c7647c4)

20:13:36.369 [pool-2-thread-1] DEBUG net.thucydides.core.reports.ReportService - Processing test outcome User on landing page:User membuka Jawab done

20:13:36.369 [pool-2-thread-1] DEBUG net.thucydides.core.reports.ReportService - Processing test outcome User on login page:user input invalid email and valid password

20:13:36.369 [pool-2-thread-1] INFO net.thucydides.core.reports.ReportService - net.thucydides.core.reports.json.JSONTestOutcomeReporter@411a8e88: Generating report for test outcome: User on login page:user input invalid email and valid password

20:13:36.376 [pool-2-thread-3] DEBUG net.thucydides.core.reports.json.JSONTestOutcomeReporter - Generating JSON report for user input valid email and invalid password to file C:\Users\LENOVO-PC\OneDrive - IT-PLN\Dokumen\apenim\Diskusiaza-QE\WEB DISKUSIAZA\target\site\serenity\427a57ba4f81f4ec6500c78164c03fb64eee10fd1051db611f78c9f827b986c8.json (using temp file C:\Users\LENOVO-PC\OneDrive - IT-PLN\Dokumen\apenim\Diskusiaza-QE\WEB DISKUSIAZA\target\site\serenity\427a57ba4f81f4ec6500c78164c03fb64eee10fd1051db611f78c9f827b986c8.json6e2dcbd5-277a-4f6d-8b01-0ce8af2504eb)

20:13:36.381 [pool-2-thread-1] DEBUG net.thucydides.core.reports.json.JSONTestOutcomeReporter - Generating JSON report for user input invalid email and valid password to file C:\Users\LENOVO-PC\OneDrive - IT-PLN\Dokumen\apenim\Diskusiaza-QE\WEB DISKUSIAZA\target\site\serenity\429a47232607fc1e00dccde1ac2192369a8754188adfac0e3107628c9536c1b3.json (using temp file C:\Users\LENOVO-PC\OneDrive - IT-PLN\Dokumen\apenim\Diskusiaza-QE\WEB DISKUSIAZA\target\site\serenity\429a47232607fc1e00dccde1ac2192369a8754188adfac0e3107628c9536c1b3.json3d4d06c9-6bb9-400b-8c89-7652fdacd297)

20:13:36.381 [pool-2-thread-5] DEBUG net.thucydides.core.reports.ReportService - Processing test outcome User on landing page:User membuka Ruang done

20:13:36.381 [pool-2-thread-5] DEBUG net.thucydides.core.reports.ReportService - Processing test outcome User on login page:user input invalid email and invalid password

20:13:36.381 [pool-2-thread-5] INFO net.thucydides.core.reports.ReportService - net.thucydides.core.reports.json.JSONTestOutcomeReporter@411a8e88: Generating report for test outcome: User on login page:user input invalid email and invalid password

20:13:36.381 [pool-2-thread-2] DEBUG net.thucydides.core.reports.ReportService - Processing test outcome User on login page:User input valid email and password done

20:13:36.383 [pool-2-thread-2] DEBUG net.thucydides.core.reports.ReportService - Processing test outcome user on page jawaban:User menjawab pertanyaan

20:13:36.383 [pool-2-thread-2] INFO net.thucydides.core.reports.ReportService - net.thucydides.core.reports.json.JSONTestOutcomeReporter@411a8e88: Generating report for test outcome: user on page jawaban:User menjawab pertanyaan

20:13:36.383 [pool-2-thread-2] DEBUG net.thucydides.core.reports.json.JSONTestOutcomeReporter - Generating JSON report for User menjawab pertanyaan to file C:\Users\LENOVO-PC\OneDrive - IT-PLN\Dokumen\apenim\Diskusiaza-QE\WEB DISKUSIAZA\target\site\serenity\54a9c32c9d5b59337d40e80914f897da5cc2fe76309bf107edb583b9ef07617d.json (using temp file C:\Users\LENOVO-PC\OneDrive - IT-PLN\Dokumen\apenim\Diskusiaza-QE\WEB DISKUSIAZA\target\site\serenity\54a9c32c9d5b59337d40e80914f897da5cc2fe76309bf107edb583b9ef07617d.json31df898c-49ba-45a4-bbea-06cab60eca24)

20:13:36.387 [pool-2-thread-3] DEBUG net.thucydides.core.reports.ReportService - Processing test outcome User on login page:user input valid email and invalid password done

20:13:36.387 [pool-2-thread-3] DEBUG net.thucydides.core.reports.ReportService - Processing test outcome user on page pertanyaan:User mengirimkan pertanyaan

20:13:36.387 [pool-2-thread-3] INFO net.thucydides.core.reports.ReportService - net.thucydides.core.reports.json.JSONTestOutcomeReporter@411a8e88: Generating report for test outcome: user on page pertanyaan:User mengirimkan pertanyaan

20:13:36.392 [pool-2-thread-1] DEBUG net.thucydides.core.reports.ReportService - Processing test outcome User on login page:user input invalid email and valid password done

20:13:36.392 [pool-2-thread-1] DEBUG net.thucydides.core.reports.ReportService - Processing test outcome user on page ruang admin:User membuat ruang

20:13:36.392 [pool-2-thread-1] INFO net.thucydides.core.reports.ReportService - net.thucydides.core.reports.json.JSONTestOutcomeReporter@411a8e88: Generating report for test outcome: user on page ruang admin:User membuat ruang

20:13:36.392 [pool-2-thread-3] DEBUG net.thucydides.core.reports.json.JSONTestOutcomeReporter - Generating JSON report for User mengirimkan pertanyaan to file C:\Users\LENOVO-PC\OneDrive - IT-PLN\Dokumen\apenim\Diskusiaza-QE\WEB DISKUSIAZA\target\site\serenity\2d4062a51f1ff10697d0fa3585eb486c01f3b9cc41862548e2e2170f219e07e2.json (using temp file C:\Users\LENOVO-PC\OneDrive - IT-PLN\Dokumen\apenim\Diskusiaza-QE\WEB DISKUSIAZA\target\site\serenity\2d4062a51f1ff10697d0fa3585eb486c01f3b9cc41862548e2e2170f219e07e2.json426f9e1d-7d91-4be4-bee4-a29e15da04a5)

20:13:36.392 [pool-2-thread-4] DEBUG net.thucydides.core.reports.ReportService - Processing test outcome User on landing page:User membuka Profil done

20:13:36.392 [pool-2-thread-4] DEBUG net.thucydides.core.reports.ReportService - Processing test outcome user on page ruang moderator:Moderator membuka ruang

20:13:36.392 [pool-2-thread-4] INFO net.thucydides.core.reports.ReportService - net.thucydides.core.reports.json.JSONTestOutcomeReporter@411a8e88: Generating report for test outcome: user on page ruang moderator:Moderator membuka ruang

20:13:36.398 [pool-2-thread-1] DEBUG net.thucydides.core.reports.json.JSONTestOutcomeReporter - Generating JSON report for User membuat ruang to file C:\Users\LENOVO-PC\OneDrive - IT-PLN\Dokumen\apenim\Diskusiaza-QE\WEB DISKUSIAZA\target\site\serenity\62ba2552a6d03a26d179ad5a9fa937b1602c072e8991488eff664f125ca67d78.json (using temp file C:\Users\LENOVO-PC\OneDrive - IT-PLN\Dokumen\apenim\Diskusiaza-QE\WEB DISKUSIAZA\target\site\serenity\62ba2552a6d03a26d179ad5a9fa937b1602c072e8991488eff664f125ca67d78.json30930c04-467e-4c94-9ec8-98f3fe0b1cd8)

20:13:36.398 [pool-2-thread-2] DEBUG net.thucydides.core.reports.ReportService - Processing test outcome user on page jawaban:User menjawab pertanyaan done

20:13:36.398 [pool-2-thread-2] DEBUG net.thucydides.core.reports.ReportService - Processing test outcome user on page ruang user:user membuka salah satu ruang

20:13:36.403 [pool-2-thread-2] INFO net.thucydides.core.reports.ReportService - net.thucydides.core.reports.json.JSONTestOutcomeReporter@411a8e88: Generating report for test outcome: user on page ruang user:user membuka salah satu ruang

20:13:36.410 [pool-2-thread-4] DEBUG net.thucydides.core.reports.json.JSONTestOutcomeReporter - Generating JSON report for Moderator membuka ruang to file C:\Users\LENOVO-PC\OneDrive - IT-PLN\Dokumen\apenim\Diskusiaza-QE\WEB DISKUSIAZA\target\site\serenity\0aa7c5a3ae5d3ea7641cdaaa0700dc6b3abd668b92a10edf0f629a10b543a1f1.json (using temp file C:\Users\LENOVO-PC\OneDrive - IT-PLN\Dokumen\apenim\Diskusiaza-QE\WEB DISKUSIAZA\target\site\serenity\0aa7c5a3ae5d3ea7641cdaaa0700dc6b3abd668b92a10edf0f629a10b543a1f1.jsona2fe18fa-aea1-45e6-b6f9-ae98eeac57a5)

20:13:36.410 [pool-2-thread-2] DEBUG net.thucydides.core.reports.json.JSONTestOutcomeReporter - Generating JSON report for user membuka salah satu ruang to file C:\Users\LENOVO-PC\OneDrive - IT-PLN\Dokumen\apenim\Diskusiaza-QE\WEB DISKUSIAZA\target\site\serenity\b6922b973e4b97f724a8d0201dc652438c6cd38fead702489b7763c517d1b8b4.json (using temp file C:\Users\LENOVO-PC\OneDrive - IT-PLN\Dokumen\apenim\Diskusiaza-QE\WEB DISKUSIAZA\target\site\serenity\b6922b973e4b97f724a8d0201dc652438c6cd38fead702489b7763c517d1b8b4.json1052ba4c-29eb-4fb0-98c2-cce7e6f0eee9)

20:13:36.410 [pool-2-thread-3] DEBUG net.thucydides.core.reports.ReportService - Processing test outcome user on page pertanyaan:User mengirimkan pertanyaan done

20:13:36.410 [pool-2-thread-3] DEBUG net.thucydides.core.reports.ReportService - Processing test outcome user on register page:User input valid data

20:13:36.410 [pool-2-thread-3] INFO net.thucydides.core.reports.ReportService - net.thucydides.core.reports.json.JSONTestOutcomeReporter@411a8e88: Generating report for test outcome: user on register page:User input valid data

20:13:36.410 [pool-2-thread-5] DEBUG net.thucydides.core.reports.json.JSONTestOutcomeReporter - Generating JSON report for user input invalid email and invalid password to file C:\Users\LENOVO-PC\OneDrive - IT-PLN\Dokumen\apenim\Diskusiaza-QE\WEB DISKUSIAZA\target\site\serenity\e4866abacba6a42c5e9d20910431803dfb52611a1e42f8e5cf90f393e7d29c86.json (using temp file C:\Users\LENOVO-PC\OneDrive - IT-PLN\Dokumen\apenim\Diskusiaza-QE\WEB DISKUSIAZA\target\site\serenity\e4866abacba6a42c5e9d20910431803dfb52611a1e42f8e5cf90f393e7d29c86.json9bfb80ea-c2be-41e3-ade6-8aae313a4e40)

20:13:36.410 [pool-2-thread-1] DEBUG net.thucydides.core.reports.ReportService - Processing test outcome user on page ruang admin:User membuat ruang done

20:13:36.410 [pool-2-thread-1] DEBUG net.thucydides.core.reports.ReportService - Processing test outcome user on register page:user input email tanpa menggunakan '@'

20:13:36.410 [pool-2-thread-1] INFO net.thucydides.core.reports.ReportService - net.thucydides.core.reports.json.JSONTestOutcomeReporter@411a8e88: Generating report for test outcome: user on register page:user input email tanpa menggunakan '@'

20:13:36.414 [pool-2-thread-3] DEBUG net.thucydides.core.reports.json.JSONTestOutcomeReporter - Generating JSON report for User input valid data to file C:\Users\LENOVO-PC\OneDrive - IT-PLN\Dokumen\apenim\Diskusiaza-QE\WEB DISKUSIAZA\target\site\serenity\8fc61d68489e671b97fdd5ac99e512f2e60e08e95a14bca1c40461f30f12f183.json (using temp file C:\Users\LENOVO-PC\OneDrive - IT-PLN\Dokumen\apenim\Diskusiaza-QE\WEB DISKUSIAZA\target\site\serenity\8fc61d68489e671b97fdd5ac99e512f2e60e08e95a14bca1c40461f30f12f183.jsonc7c5d37d-bfe9-4f3c-8280-767a661f5fdd)

20:13:36.414 [pool-2-thread-6] DEBUG net.thucydides.core.reports.ReportService - Processing test outcome User on landing page:User membuat Thread done

20:13:36.414 [pool-2-thread-6] DEBUG net.thucydides.core.reports.ReportService - Processing test outcome user on register page:user tidak memasukkan email

20:13:36.414 [pool-2-thread-6] INFO net.thucydides.core.reports.ReportService - net.thucydides.core.reports.json.JSONTestOutcomeReporter@411a8e88: Generating report for test outcome: user on register page:user tidak memasukkan email

20:13:36.414 [pool-2-thread-1] DEBUG net.thucydides.core.reports.json.JSONTestOutcomeReporter - Generating JSON report for user input email tanpa menggunakan '@' to file C:\Users\LENOVO-PC\OneDrive - IT-PLN\Dokumen\apenim\Diskusiaza-QE\WEB DISKUSIAZA\target\site\serenity\5b1119f4e15d34099703a44666bb035bafe5c5f41540f77abb2292f8f356de26.json (using temp file C:\Users\LENOVO-PC\OneDrive - IT-PLN\Dokumen\apenim\Diskusiaza-QE\WEB DISKUSIAZA\target\site\serenity\5b1119f4e15d34099703a44666bb035bafe5c5f41540f77abb2292f8f356de26.jsonc5c39860-4d75-4280-a4b0-d4407cc67f50)

20:13:36.414 [pool-2-thread-5] DEBUG net.thucydides.core.reports.ReportService - Processing test outcome User on login page:user input invalid email and invalid password done

20:13:36.414 [pool-2-thread-5] DEBUG net.thucydides.core.reports.ReportService - Processing test outcome user on register page:user tidak memasukan nama depan

20:13:36.414 [pool-2-thread-5] INFO net.thucydides.core.reports.ReportService - net.thucydides.core.reports.json.JSONTestOutcomeReporter@411a8e88: Generating report for test outcome: user on register page:user tidak memasukan nama depan

20:13:36.414 [pool-2-thread-6] DEBUG net.thucydides.core.reports.json.JSONTestOutcomeReporter - Generating JSON report for user tidak memasukkan email to file C:\Users\LENOVO-PC\OneDrive - IT-PLN\Dokumen\apenim\Diskusiaza-QE\WEB DISKUSIAZA\target\site\serenity\5fdb7e472f21e9c2d2152f78fd39fd98a574861da93943ecdb4192a4ee0ffe0c.json (using temp file C:\Users\LENOVO-PC\OneDrive - IT-PLN\Dokumen\apenim\Diskusiaza-QE\WEB DISKUSIAZA\target\site\serenity\5fdb7e472f21e9c2d2152f78fd39fd98a574861da93943ecdb4192a4ee0ffe0c.jsonf4c48b7b-f637-4379-9829-e03bc8cc56ce)

20:13:36.414 [pool-2-thread-4] DEBUG net.thucydides.core.reports.ReportService - Processing test outcome user on page ruang moderator:Moderator membuka ruang done

20:13:36.421 [pool-2-thread-4] DEBUG net.thucydides.core.reports.ReportService - Processing test outcome user on register page:user tidak memasukkan password

20:13:36.421 [pool-2-thread-4] INFO net.thucydides.core.reports.ReportService - net.thucydides.core.reports.json.JSONTestOutcomeReporter@411a8e88: Generating report for test outcome: user on register page:user tidak memasukkan password

20:13:36.414 [pool-2-thread-2] DEBUG net.thucydides.core.reports.ReportService - Processing test outcome user on page ruang user:user membuka salah satu ruang done

20:13:36.421 [pool-2-thread-2] DEBUG net.thucydides.core.reports.ReportService - Processing test outcome user on register page:user tidak memasukkan nama belakang

20:13:36.421 [pool-2-thread-2] INFO net.thucydides.core.reports.ReportService - net.thucydides.core.reports.json.JSONTestOutcomeReporter@411a8e88: Generating report for test outcome: user on register page:user tidak memasukkan nama belakang

20:13:36.421 [pool-2-thread-5] DEBUG net.thucydides.core.reports.json.JSONTestOutcomeReporter - Generating JSON report for user tidak memasukan nama depan to file C:\Users\LENOVO-PC\OneDrive - IT-PLN\Dokumen\apenim\Diskusiaza-QE\WEB DISKUSIAZA\target\site\serenity\5b102b2638287ebc0ea99542512b605c4b676cfa0324efa67cd3c214405c6f22.json (using temp file C:\Users\LENOVO-PC\OneDrive - IT-PLN\Dokumen\apenim\Diskusiaza-QE\WEB DISKUSIAZA\target\site\serenity\5b102b2638287ebc0ea99542512b605c4b676cfa0324efa67cd3c214405c6f22.jsonbc9d408d-9b12-4f35-bcac-840dab11757f)

20:13:36.421 [pool-2-thread-2] DEBUG net.thucydides.core.reports.json.JSONTestOutcomeReporter - Generating JSON report for user tidak memasukkan nama belakang to file C:\Users\LENOVO-PC\OneDrive - IT-PLN\Dokumen\apenim\Diskusiaza-QE\WEB DISKUSIAZA\target\site\serenity\f382969343fd1ebad49413d6be5ce66206b4b5d26e12004e7d8a511ba18f9c65.json (using temp file C:\Users\LENOVO-PC\OneDrive - IT-PLN\Dokumen\apenim\Diskusiaza-QE\WEB DISKUSIAZA\target\site\serenity\f382969343fd1ebad49413d6be5ce66206b4b5d26e12004e7d8a511ba18f9c65.json32b7000f-76c4-4e3e-86c2-86a94d30fc3f)

20:13:36.421 [pool-2-thread-4] DEBUG net.thucydides.core.reports.json.JSONTestOutcomeReporter - Generating JSON report for user tidak memasukkan password to file C:\Users\LENOVO-PC\OneDrive - IT-PLN\Dokumen\apenim\Diskusiaza-QE\WEB DISKUSIAZA\target\site\serenity\936f4cba8efd0a35bb1fdc963e1776e4151af3cb8e0a0f6d43fa57821996b722.json (using temp file C:\Users\LENOVO-PC\OneDrive - IT-PLN\Dokumen\apenim\Diskusiaza-QE\WEB DISKUSIAZA\target\site\serenity\936f4cba8efd0a35bb1fdc963e1776e4151af3cb8e0a0f6d43fa57821996b722.json21f2f262-f98d-48ee-9730-309dca2d771d)

20:13:36.421 [pool-2-thread-5] DEBUG net.thucydides.core.reports.ReportService - Processing test outcome user on register page:user tidak memasukan nama depan done

20:13:36.421 [pool-2-thread-5] DEBUG net.thucydides.core.reports.ReportService - Processing test outcome user on register page:user tidak memasukkan jenis kelamin

20:13:36.421 [pool-2-thread-5] INFO net.thucydides.core.reports.ReportService - net.thucydides.core.reports.json.JSONTestOutcomeReporter@411a8e88: Generating report for test outcome: user on register page:user tidak memasukkan jenis kelamin

20:13:36.421 [pool-2-thread-1] DEBUG net.thucydides.core.reports.ReportService - Processing test outcome user on register page:user input email tanpa menggunakan '@' done

20:13:36.421 [pool-2-thread-1] DEBUG net.thucydides.core.reports.ReportService - Processing test outcome user on register page:user tidak mengisi confirm password

20:13:36.421 [pool-2-thread-1] INFO net.thucydides.core.reports.ReportService - net.thucydides.core.reports.json.JSONTestOutcomeReporter@411a8e88: Generating report for test outcome: user on register page:user tidak mengisi confirm password

20:13:36.430 [pool-2-thread-5] DEBUG net.thucydides.core.reports.json.JSONTestOutcomeReporter - Generating JSON report for user tidak memasukkan jenis kelamin to file C:\Users\LENOVO-PC\OneDrive - IT-PLN\Dokumen\apenim\Diskusiaza-QE\WEB DISKUSIAZA\target\site\serenity\bbc2598324256bbbaa6f1b878f85bb3b3c1d436437698821dd4fa42742fa5abe.json (using temp file C:\Users\LENOVO-PC\OneDrive - IT-PLN\Dokumen\apenim\Diskusiaza-QE\WEB DISKUSIAZA\target\site\serenity\bbc2598324256bbbaa6f1b878f85bb3b3c1d436437698821dd4fa42742fa5abe.json7a0cd1ba-cc8b-418e-a309-58e901441179)

20:13:36.433 [pool-2-thread-1] DEBUG net.thucydides.core.reports.json.JSONTestOutcomeReporter - Generating JSON report for user tidak mengisi confirm password to file C:\Users\LENOVO-PC\OneDrive - IT-PLN\Dokumen\apenim\Diskusiaza-QE\WEB DISKUSIAZA\target\site\serenity\813cbb439d50d958d6c4d6982623d66a319ec8a257704edf4ac57788ad0def35.json (using temp file C:\Users\LENOVO-PC\OneDrive - IT-PLN\Dokumen\apenim\Diskusiaza-QE\WEB DISKUSIAZA\target\site\serenity\813cbb439d50d958d6c4d6982623d66a319ec8a257704edf4ac57788ad0def35.jsond64058a8-2a23-4271-b3f9-de7f289a5629)

20:13:36.433 [pool-2-thread-4] DEBUG net.thucydides.core.reports.ReportService - Processing test outcome user on register page:user tidak memasukkan password done

20:13:36.433 [pool-2-thread-6] DEBUG net.thucydides.core.reports.ReportService - Processing test outcome user on register page:user tidak memasukkan email done

20:13:36.433 [pool-2-thread-5] DEBUG net.thucydides.core.reports.ReportService - Processing test outcome user on register page:user tidak memasukkan jenis kelamin done

20:13:36.433 [pool-2-thread-3] DEBUG net.thucydides.core.reports.ReportService - Processing test outcome user on register page:User input valid data done

20:13:36.433 [pool-2-thread-2] DEBUG net.thucydides.core.reports.ReportService - Processing test outcome user on register page:user tidak memasukkan nama belakang done

20:13:36.433 [pool-2-thread-1] DEBUG net.thucydides.core.reports.ReportService - Processing test outcome user on register page:user tidak mengisi confirm password done

20:13:36.433 [pool-2-thread-1] DEBUG net.thucydides.core.reports.ReportService - Shutting down executor service

20:13:36.433 [pool-2-thread-1] DEBUG net.thucydides.core.reports.ReportService - Reports generated in: 141 ms

20:13:36.433 [pool-2-thread-1] DEBUG net.thucydides.core.reports.ReportService - Generating reports for 29 test outcomes using: net.thucydides.core.reports.html.HtmlAcceptanceTestReporter@3e2432c2

20:13:36.444 [pool-3-thread-3] DEBUG net.thucydides.core.reports.ReportService - Processing test outcome User on landing page:user membuka notifikasi

20:13:36.444 [pool-3-thread-3] INFO net.thucydides.core.reports.ReportService - net.thucydides.core.reports.html.HtmlAcceptanceTestReporter@3e2432c2: Generating report for test outcome: User on landing page:user membuka notifikasi

20:13:36.444 [pool-3-thread-4] DEBUG net.thucydides.core.reports.ReportService - Processing test outcome User on landing page:User membuka search field

20:13:36.444 [pool-3-thread-4] INFO net.thucydides.core.reports.ReportService - net.thucydides.core.reports.html.HtmlAcceptanceTestReporter@3e2432c2: Generating report for test outcome: User on landing page:User membuka search field

20:13:36.465 [pool-3-thread-1] DEBUG net.thucydides.core.reports.ReportService - Processing test outcome User on landing page:User membuka page pertanyaan

20:13:36.466 [pool-3-thread-1] INFO net.thucydides.core.reports.ReportService - net.thucydides.core.reports.html.HtmlAcceptanceTestReporter@3e2432c2: Generating report for test outcome: User on landing page:User membuka page pertanyaan

20:13:36.466 [pool-3-thread-2] DEBUG net.thucydides.core.reports.ReportService - Processing test outcome User on landing page:User membuka tulis jawaban

20:13:36.466 [pool-3-thread-6] DEBUG net.thucydides.core.reports.ReportService - Processing test outcome User on landing page:User membuka Trending

20:13:36.466 [pool-3-thread-2] INFO net.thucydides.core.reports.ReportService - net.thucydides.core.reports.html.HtmlAcceptanceTestReporter@3e2432c2: Generating report for test outcome: User on landing page:User membuka tulis jawaban

20:13:36.466 [pool-3-thread-6] INFO net.thucydides.core.reports.ReportService - net.thucydides.core.reports.html.HtmlAcceptanceTestReporter@3e2432c2: Generating report for test outcome: User on landing page:User membuka Trending

20:13:36.466 [pool-3-thread-5] DEBUG net.thucydides.core.reports.ReportService - Processing test outcome User on landing page:User membuka Explore

20:13:36.466 [pool-3-thread-5] INFO net.thucydides.core.reports.ReportService - net.thucydides.core.reports.html.HtmlAcceptanceTestReporter@3e2432c2: Generating report for test outcome: User on landing page:User membuka Explore

20:13:36.477 [pool-3-thread-5] WARN net.thucydides.core.requirements.RequirementsTagProvider - Failed to load requirements: Illegal char <:> at index 4: file:\C:\Users\LENOVO-PC\OneDrive%20-%20IT-PLN\Dokumen\apenim\Diskusiaza-QE\WEB%20DISKUSIAZA\src\test\resources\web\LandingPage.feature
java.nio.file.InvalidPathException: Illegal char <:> at index 4: file:\C:\Users\LENOVO-PC\OneDrive%20-%20IT-PLN\Dokumen\apenim\Diskusiaza-QE\WEB%20DISKUSIAZA\src\test\resources\web\LandingPage.feature
	at java.base/sun.nio.fs.WindowsPathParser.normalize(WindowsPathParser.java:182)
	at java.base/sun.nio.fs.WindowsPathParser.parse(WindowsPathParser.java:153)
	at java.base/sun.nio.fs.WindowsPathParser.parse(WindowsPathParser.java:77)
	at java.base/sun.nio.fs.WindowsPath.parse(WindowsPath.java:92)
	at java.base/sun.nio.fs.WindowsFileSystem.getPath(WindowsFileSystem.java:232)
	at java.base/java.io.File.toPath(File.java:2387)
	at net.thucydides.core.requirements.RootDirectory.getRelativePathOf(RootDirectory.java:364)
	at net.thucydides.core.requirements.FileSystemRequirementsTagProvider.requirementWithMatchingPath(FileSystemRequirementsTagProvider.java:372)
	at net.thucydides.core.requirements.FileSystemRequirementsTagProvider.getParentRequirementOf(FileSystemRequirementsTagProvider.java:335)
	at net.thucydides.core.requirements.ParentRequirementsProvided.forOutcome(ParentRequirementsProvided.java:26)
	at net.thucydides.core.requirements.BaseRequirementsService.getParentRequirementOf(BaseRequirementsService.java:138)
	at net.thucydides.core.requirements.BaseRequirementsService.getParentRequirementFor(BaseRequirementsService.java:48)
	at net.thucydides.core.reports.html.HtmlAcceptanceTestReporter.addParentRequirmentFieldToContext(HtmlAcceptanceTestReporter.java:196)
	at net.thucydides.core.reports.html.HtmlAcceptanceTestReporter.addTestOutcomeToContext(HtmlAcceptanceTestReporter.java:190)
	at net.thucydides.core.reports.html.HtmlAcceptanceTestReporter.generateReportFor(HtmlAcceptanceTestReporter.java:105)
	at net.thucydides.core.reports.ReportService.generateReportFor(ReportService.java:246)
	at net.thucydides.core.reports.ReportService.lambda$generateReportsFor$0(ReportService.java:184)
	at java.base/java.util.concurrent.Executors$RunnableAdapter.call(Executors.java:539)
	at java.base/java.util.concurrent.FutureTask.run(FutureTask.java:264)
	at java.base/java.util.concurrent.ThreadPoolExecutor.runWorker(ThreadPoolExecutor.java:1136)
	at java.base/java.util.concurrent.ThreadPoolExecutor$Worker.run(ThreadPoolExecutor.java:635)
	at java.base/java.lang.Thread.run(Thread.java:833)

20:13:36.482 [pool-3-thread-5] WARN net.thucydides.core.requirements.RequirementsTagProvider - Failed to load requirements: Illegal char <:> at index 4: file:\C:\Users\LENOVO-PC\OneDrive%20-%20IT-PLN\Dokumen\apenim\Diskusiaza-QE\WEB%20DISKUSIAZA\src\test\resources\web\LandingPage.feature
java.nio.file.InvalidPathException: Illegal char <:> at index 4: file:\C:\Users\LENOVO-PC\OneDrive%20-%20IT-PLN\Dokumen\apenim\Diskusiaza-QE\WEB%20DISKUSIAZA\src\test\resources\web\LandingPage.feature
	at java.base/sun.nio.fs.WindowsPathParser.normalize(WindowsPathParser.java:182)
	at java.base/sun.nio.fs.WindowsPathParser.parse(WindowsPathParser.java:153)
	at java.base/sun.nio.fs.WindowsPathParser.parse(WindowsPathParser.java:77)
	at java.base/sun.nio.fs.WindowsPath.parse(WindowsPath.java:92)
	at java.base/sun.nio.fs.WindowsFileSystem.getPath(WindowsFileSystem.java:232)
	at java.base/java.io.File.toPath(File.java:2387)
	at net.thucydides.core.requirements.RootDirectory.getRelativePathOf(RootDirectory.java:364)
	at net.thucydides.core.requirements.FileSystemRequirementsTagProvider.requirementWithMatchingPath(FileSystemRequirementsTagProvider.java:372)
	at net.thucydides.core.requirements.FileSystemRequirementsTagProvider.getParentRequirementOf(FileSystemRequirementsTagProvider.java:335)
	at net.thucydides.core.requirements.ParentRequirementsProvided.forOutcome(ParentRequirementsProvided.java:26)
	at net.thucydides.core.requirements.BaseRequirementsService.getParentRequirementOf(BaseRequirementsService.java:138)
	at net.thucydides.core.requirements.BaseRequirementsService.getAncestorRequirementsFor(BaseRequirementsService.java:78)
	at net.thucydides.core.reports.html.HtmlAcceptanceTestReporter.addBreadcrumbs(HtmlAcceptanceTestReporter.java:226)
	at net.thucydides.core.reports.html.HtmlAcceptanceTestReporter.addParentRequirmentFieldToContext(HtmlAcceptanceTestReporter.java:214)
	at net.thucydides.core.reports.html.HtmlAcceptanceTestReporter.addTestOutcomeToContext(HtmlAcceptanceTestReporter.java:190)
	at net.thucydides.core.reports.html.HtmlAcceptanceTestReporter.generateReportFor(HtmlAcceptanceTestReporter.java:105)
	at net.thucydides.core.reports.ReportService.generateReportFor(ReportService.java:246)
	at net.thucydides.core.reports.ReportService.lambda$generateReportsFor$0(ReportService.java:184)
	at java.base/java.util.concurrent.Executors$RunnableAdapter.call(Executors.java:539)
	at java.base/java.util.concurrent.FutureTask.run(FutureTask.java:264)
	at java.base/java.util.concurrent.ThreadPoolExecutor.runWorker(ThreadPoolExecutor.java:1136)
	at java.base/java.util.concurrent.ThreadPoolExecutor$Worker.run(ThreadPoolExecutor.java:635)
	at java.base/java.lang.Thread.run(Thread.java:833)

20:13:36.509 [pool-3-thread-5] WARN net.thucydides.core.requirements.RequirementsTagProvider - Failed to load requirements: Illegal char <:> at index 4: file:\C:\Users\LENOVO-PC\OneDrive%20-%20IT-PLN\Dokumen\apenim\Diskusiaza-QE\WEB%20DISKUSIAZA\src\test\resources\web\LandingPage.feature
java.nio.file.InvalidPathException: Illegal char <:> at index 4: file:\C:\Users\LENOVO-PC\OneDrive%20-%20IT-PLN\Dokumen\apenim\Diskusiaza-QE\WEB%20DISKUSIAZA\src\test\resources\web\LandingPage.feature
	at java.base/sun.nio.fs.WindowsPathParser.normalize(WindowsPathParser.java:182)
	at java.base/sun.nio.fs.WindowsPathParser.parse(WindowsPathParser.java:153)
	at java.base/sun.nio.fs.WindowsPathParser.parse(WindowsPathParser.java:77)
	at java.base/sun.nio.fs.WindowsPath.parse(WindowsPath.java:92)
	at java.base/sun.nio.fs.WindowsFileSystem.getPath(WindowsFileSystem.java:232)
	at java.base/java.io.File.toPath(File.java:2387)
	at net.thucydides.core.requirements.RootDirectory.getRelativePathOf(RootDirectory.java:364)
	at net.thucydides.core.requirements.FileSystemRequirementsTagProvider.requirementWithMatchingPath(FileSystemRequirementsTagProvider.java:372)
	at net.thucydides.core.requirements.FileSystemRequirementsTagProvider.getParentRequirementOf(FileSystemRequirementsTagProvider.java:335)
	at net.thucydides.core.requirements.ParentRequirementsProvided.forOutcome(ParentRequirementsProvided.java:26)
	at net.thucydides.core.requirements.BaseRequirementsService.getParentRequirementOf(BaseRequirementsService.java:138)
	at net.thucydides.core.requirements.BaseRequirementsService.getAncestorRequirementsFor(BaseRequirementsService.java:78)
	at net.thucydides.core.tags.BreadcrumbTagFilter.getRequirementBreadcrumbsFrom(BreadcrumbTagFilter.java:51)
	at net.thucydides.core.reports.html.HtmlAcceptanceTestReporter.addBreadcrumbs(HtmlAcceptanceTestReporter.java:227)
	at net.thucydides.core.reports.html.HtmlAcceptanceTestReporter.addParentRequirmentFieldToContext(HtmlAcceptanceTestReporter.java:214)
	at net.thucydides.core.reports.html.HtmlAcceptanceTestReporter.addTestOutcomeToContext(HtmlAcceptanceTestReporter.java:190)
	at net.thucydides.core.reports.html.HtmlAcceptanceTestReporter.generateReportFor(HtmlAcceptanceTestReporter.java:105)
	at net.thucydides.core.reports.ReportService.generateReportFor(ReportService.java:246)
	at net.thucydides.core.reports.ReportService.lambda$generateReportsFor$0(ReportService.java:184)
	at java.base/java.util.concurrent.Executors$RunnableAdapter.call(Executors.java:539)
	at java.base/java.util.concurrent.FutureTask.run(FutureTask.java:264)
	at java.base/java.util.concurrent.ThreadPoolExecutor.runWorker(ThreadPoolExecutor.java:1136)
	at java.base/java.util.concurrent.ThreadPoolExecutor$Worker.run(ThreadPoolExecutor.java:635)
	at java.base/java.lang.Thread.run(Thread.java:833)

20:13:36.513 [pool-3-thread-4] WARN net.thucydides.core.requirements.RequirementsTagProvider - Failed to load requirements: Illegal char <:> at index 4: file:\C:\Users\LENOVO-PC\OneDrive%20-%20IT-PLN\Dokumen\apenim\Diskusiaza-QE\WEB%20DISKUSIAZA\src\test\resources\web\LandingPage.feature
java.nio.file.InvalidPathException: Illegal char <:> at index 4: file:\C:\Users\LENOVO-PC\OneDrive%20-%20IT-PLN\Dokumen\apenim\Diskusiaza-QE\WEB%20DISKUSIAZA\src\test\resources\web\LandingPage.feature
	at java.base/sun.nio.fs.WindowsPathParser.normalize(WindowsPathParser.java:182)
	at java.base/sun.nio.fs.WindowsPathParser.parse(WindowsPathParser.java:153)
	at java.base/sun.nio.fs.WindowsPathParser.parse(WindowsPathParser.java:77)
	at java.base/sun.nio.fs.WindowsPath.parse(WindowsPath.java:92)
	at java.base/sun.nio.fs.WindowsFileSystem.getPath(WindowsFileSystem.java:232)
	at java.base/java.io.File.toPath(File.java:2387)
	at net.thucydides.core.requirements.RootDirectory.getRelativePathOf(RootDirectory.java:364)
	at net.thucydides.core.requirements.FileSystemRequirementsTagProvider.requirementWithMatchingPath(FileSystemRequirementsTagProvider.java:372)
	at net.thucydides.core.requirements.FileSystemRequirementsTagProvider.getParentRequirementOf(FileSystemRequirementsTagProvider.java:335)
	at net.thucydides.core.requirements.ParentRequirementsProvided.forOutcome(ParentRequirementsProvided.java:26)
	at net.thucydides.core.requirements.BaseRequirementsService.getParentRequirementOf(BaseRequirementsService.java:138)
	at net.thucydides.core.requirements.BaseRequirementsService.getParentRequirementFor(BaseRequirementsService.java:48)
	at net.thucydides.core.reports.html.HtmlAcceptanceTestReporter.addParentRequirmentFieldToContext(HtmlAcceptanceTestReporter.java:196)
	at net.thucydides.core.reports.html.HtmlAcceptanceTestReporter.addTestOutcomeToContext(HtmlAcceptanceTestReporter.java:190)
	at net.thucydides.core.reports.html.HtmlAcceptanceTestReporter.generateReportFor(HtmlAcceptanceTestReporter.java:105)
	at net.thucydides.core.reports.ReportService.generateReportFor(ReportService.java:246)
	at net.thucydides.core.reports.ReportService.lambda$generateReportsFor$0(ReportService.java:184)
	at java.base/java.util.concurrent.Executors$RunnableAdapter.call(Executors.java:539)
	at java.base/java.util.concurrent.FutureTask.run(FutureTask.java:264)
	at java.base/java.util.concurrent.ThreadPoolExecutor.runWorker(ThreadPoolExecutor.java:1136)
	at java.base/java.util.concurrent.ThreadPoolExecutor$Worker.run(ThreadPoolExecutor.java:635)
	at java.base/java.lang.Thread.run(Thread.java:833)

20:13:36.513 [pool-3-thread-4] WARN net.thucydides.core.requirements.RequirementsTagProvider - Failed to load requirements: Illegal char <:> at index 4: file:\C:\Users\LENOVO-PC\OneDrive%20-%20IT-PLN\Dokumen\apenim\Diskusiaza-QE\WEB%20DISKUSIAZA\src\test\resources\web\LandingPage.feature
java.nio.file.InvalidPathException: Illegal char <:> at index 4: file:\C:\Users\LENOVO-PC\OneDrive%20-%20IT-PLN\Dokumen\apenim\Diskusiaza-QE\WEB%20DISKUSIAZA\src\test\resources\web\LandingPage.feature
	at java.base/sun.nio.fs.WindowsPathParser.normalize(WindowsPathParser.java:182)
	at java.base/sun.nio.fs.WindowsPathParser.parse(WindowsPathParser.java:153)
	at java.base/sun.nio.fs.WindowsPathParser.parse(WindowsPathParser.java:77)
	at java.base/sun.nio.fs.WindowsPath.parse(WindowsPath.java:92)
	at java.base/sun.nio.fs.WindowsFileSystem.getPath(WindowsFileSystem.java:232)
	at java.base/java.io.File.toPath(File.java:2387)
	at net.thucydides.core.requirements.RootDirectory.getRelativePathOf(RootDirectory.java:364)
	at net.thucydides.core.requirements.FileSystemRequirementsTagProvider.requirementWithMatchingPath(FileSystemRequirementsTagProvider.java:372)
	at net.thucydides.core.requirements.FileSystemRequirementsTagProvider.getParentRequirementOf(FileSystemRequirementsTagProvider.java:335)
	at net.thucydides.core.requirements.ParentRequirementsProvided.forOutcome(ParentRequirementsProvided.java:26)
	at net.thucydides.core.requirements.BaseRequirementsService.getParentRequirementOf(BaseRequirementsService.java:138)
	at net.thucydides.core.requirements.BaseRequirementsService.getAncestorRequirementsFor(BaseRequirementsService.java:78)
	at net.thucydides.core.reports.html.HtmlAcceptanceTestReporter.addBreadcrumbs(HtmlAcceptanceTestReporter.java:226)
	at net.thucydides.core.reports.html.HtmlAcceptanceTestReporter.addParentRequirmentFieldToContext(HtmlAcceptanceTestReporter.java:214)
	at net.thucydides.core.reports.html.HtmlAcceptanceTestReporter.addTestOutcomeToContext(HtmlAcceptanceTestReporter.java:190)
	at net.thucydides.core.reports.html.HtmlAcceptanceTestReporter.generateReportFor(HtmlAcceptanceTestReporter.java:105)
	at net.thucydides.core.reports.ReportService.generateReportFor(ReportService.java:246)
	at net.thucydides.core.reports.ReportService.lambda$generateReportsFor$0(ReportService.java:184)
	at java.base/java.util.concurrent.Executors$RunnableAdapter.call(Executors.java:539)
	at java.base/java.util.concurrent.FutureTask.run(FutureTask.java:264)
	at java.base/java.util.concurrent.ThreadPoolExecutor.runWorker(ThreadPoolExecutor.java:1136)
	at java.base/java.util.concurrent.ThreadPoolExecutor$Worker.run(ThreadPoolExecutor.java:635)
	at java.base/java.lang.Thread.run(Thread.java:833)

20:13:36.513 [pool-3-thread-4] WARN net.thucydides.core.requirements.RequirementsTagProvider - Failed to load requirements: Illegal char <:> at index 4: file:\C:\Users\LENOVO-PC\OneDrive%20-%20IT-PLN\Dokumen\apenim\Diskusiaza-QE\WEB%20DISKUSIAZA\src\test\resources\web\LandingPage.feature
java.nio.file.InvalidPathException: Illegal char <:> at index 4: file:\C:\Users\LENOVO-PC\OneDrive%20-%20IT-PLN\Dokumen\apenim\Diskusiaza-QE\WEB%20DISKUSIAZA\src\test\resources\web\LandingPage.feature
	at java.base/sun.nio.fs.WindowsPathParser.normalize(WindowsPathParser.java:182)
	at java.base/sun.nio.fs.WindowsPathParser.parse(WindowsPathParser.java:153)
	at java.base/sun.nio.fs.WindowsPathParser.parse(WindowsPathParser.java:77)
	at java.base/sun.nio.fs.WindowsPath.parse(WindowsPath.java:92)
	at java.base/sun.nio.fs.WindowsFileSystem.getPath(WindowsFileSystem.java:232)
	at java.base/java.io.File.toPath(File.java:2387)
	at net.thucydides.core.requirements.RootDirectory.getRelativePathOf(RootDirectory.java:364)
	at net.thucydides.core.requirements.FileSystemRequirementsTagProvider.requirementWithMatchingPath(FileSystemRequirementsTagProvider.java:372)
	at net.thucydides.core.requirements.FileSystemRequirementsTagProvider.getParentRequirementOf(FileSystemRequirementsTagProvider.java:335)
	at net.thucydides.core.requirements.ParentRequirementsProvided.forOutcome(ParentRequirementsProvided.java:26)
	at net.thucydides.core.requirements.BaseRequirementsService.getParentRequirementOf(BaseRequirementsService.java:138)
	at net.thucydides.core.requirements.BaseRequirementsService.getAncestorRequirementsFor(BaseRequirementsService.java:78)
	at net.thucydides.core.tags.BreadcrumbTagFilter.getRequirementBreadcrumbsFrom(BreadcrumbTagFilter.java:51)
	at net.thucydides.core.reports.html.HtmlAcceptanceTestReporter.addBreadcrumbs(HtmlAcceptanceTestReporter.java:227)
	at net.thucydides.core.reports.html.HtmlAcceptanceTestReporter.addParentRequirmentFieldToContext(HtmlAcceptanceTestReporter.java:214)
	at net.thucydides.core.reports.html.HtmlAcceptanceTestReporter.addTestOutcomeToContext(HtmlAcceptanceTestReporter.java:190)
	at net.thucydides.core.reports.html.HtmlAcceptanceTestReporter.generateReportFor(HtmlAcceptanceTestReporter.java:105)
	at net.thucydides.core.reports.ReportService.generateReportFor(ReportService.java:246)
	at net.thucydides.core.reports.ReportService.lambda$generateReportsFor$0(ReportService.java:184)
	at java.base/java.util.concurrent.Executors$RunnableAdapter.call(Executors.java:539)
	at java.base/java.util.concurrent.FutureTask.run(FutureTask.java:264)
	at java.base/java.util.concurrent.ThreadPoolExecutor.runWorker(ThreadPoolExecutor.java:1136)
	at java.base/java.util.concurrent.ThreadPoolExecutor$Worker.run(ThreadPoolExecutor.java:635)
	at java.base/java.lang.Thread.run(Thread.java:833)

20:13:36.545 [pool-3-thread-6] WARN net.thucydides.core.requirements.RequirementsTagProvider - Failed to load requirements: Illegal char <:> at index 4: file:\C:\Users\LENOVO-PC\OneDrive%20-%20IT-PLN\Dokumen\apenim\Diskusiaza-QE\WEB%20DISKUSIAZA\src\test\resources\web\LandingPage.feature
java.nio.file.InvalidPathException: Illegal char <:> at index 4: file:\C:\Users\LENOVO-PC\OneDrive%20-%20IT-PLN\Dokumen\apenim\Diskusiaza-QE\WEB%20DISKUSIAZA\src\test\resources\web\LandingPage.feature
	at java.base/sun.nio.fs.WindowsPathParser.normalize(WindowsPathParser.java:182)
	at java.base/sun.nio.fs.WindowsPathParser.parse(WindowsPathParser.java:153)
	at java.base/sun.nio.fs.WindowsPathParser.parse(WindowsPathParser.java:77)
	at java.base/sun.nio.fs.WindowsPath.parse(WindowsPath.java:92)
	at java.base/sun.nio.fs.WindowsFileSystem.getPath(WindowsFileSystem.java:232)
	at java.base/java.io.File.toPath(File.java:2387)
	at net.thucydides.core.requirements.RootDirectory.getRelativePathOf(RootDirectory.java:364)
	at net.thucydides.core.requirements.FileSystemRequirementsTagProvider.requirementWithMatchingPath(FileSystemRequirementsTagProvider.java:372)
	at net.thucydides.core.requirements.FileSystemRequirementsTagProvider.getParentRequirementOf(FileSystemRequirementsTagProvider.java:335)
	at net.thucydides.core.requirements.ParentRequirementsProvided.forOutcome(ParentRequirementsProvided.java:26)
	at net.thucydides.core.requirements.BaseRequirementsService.getParentRequirementOf(BaseRequirementsService.java:138)
	at net.thucydides.core.requirements.BaseRequirementsService.getParentRequirementFor(BaseRequirementsService.java:48)
	at net.thucydides.core.reports.html.HtmlAcceptanceTestReporter.addParentRequirmentFieldToContext(HtmlAcceptanceTestReporter.java:196)
	at net.thucydides.core.reports.html.HtmlAcceptanceTestReporter.addTestOutcomeToContext(HtmlAcceptanceTestReporter.java:190)
	at net.thucydides.core.reports.html.HtmlAcceptanceTestReporter.generateReportFor(HtmlAcceptanceTestReporter.java:105)
	at net.thucydides.core.reports.ReportService.generateReportFor(ReportService.java:246)
	at net.thucydides.core.reports.ReportService.lambda$generateReportsFor$0(ReportService.java:184)
	at java.base/java.util.concurrent.Executors$RunnableAdapter.call(Executors.java:539)
	at java.base/java.util.concurrent.FutureTask.run(FutureTask.java:264)
	at java.base/java.util.concurrent.ThreadPoolExecutor.runWorker(ThreadPoolExecutor.java:1136)
	at java.base/java.util.concurrent.ThreadPoolExecutor$Worker.run(ThreadPoolExecutor.java:635)
	at java.base/java.lang.Thread.run(Thread.java:833)

20:13:36.546 [pool-3-thread-6] WARN net.thucydides.core.requirements.RequirementsTagProvider - Failed to load requirements: Illegal char <:> at index 4: file:\C:\Users\LENOVO-PC\OneDrive%20-%20IT-PLN\Dokumen\apenim\Diskusiaza-QE\WEB%20DISKUSIAZA\src\test\resources\web\LandingPage.feature
java.nio.file.InvalidPathException: Illegal char <:> at index 4: file:\C:\Users\LENOVO-PC\OneDrive%20-%20IT-PLN\Dokumen\apenim\Diskusiaza-QE\WEB%20DISKUSIAZA\src\test\resources\web\LandingPage.feature
	at java.base/sun.nio.fs.WindowsPathParser.normalize(WindowsPathParser.java:182)
	at java.base/sun.nio.fs.WindowsPathParser.parse(WindowsPathParser.java:153)
	at java.base/sun.nio.fs.WindowsPathParser.parse(WindowsPathParser.java:77)
	at java.base/sun.nio.fs.WindowsPath.parse(WindowsPath.java:92)
	at java.base/sun.nio.fs.WindowsFileSystem.getPath(WindowsFileSystem.java:232)
	at java.base/java.io.File.toPath(File.java:2387)
	at net.thucydides.core.requirements.RootDirectory.getRelativePathOf(RootDirectory.java:364)
	at net.thucydides.core.requirements.FileSystemRequirementsTagProvider.requirementWithMatchingPath(FileSystemRequirementsTagProvider.java:372)
	at net.thucydides.core.requirements.FileSystemRequirementsTagProvider.getParentRequirementOf(FileSystemRequirementsTagProvider.java:335)
	at net.thucydides.core.requirements.ParentRequirementsProvided.forOutcome(ParentRequirementsProvided.java:26)
	at net.thucydides.core.requirements.BaseRequirementsService.getParentRequirementOf(BaseRequirementsService.java:138)
	at net.thucydides.core.requirements.BaseRequirementsService.getAncestorRequirementsFor(BaseRequirementsService.java:78)
	at net.thucydides.core.reports.html.HtmlAcceptanceTestReporter.addBreadcrumbs(HtmlAcceptanceTestReporter.java:226)
	at net.thucydides.core.reports.html.HtmlAcceptanceTestReporter.addParentRequirmentFieldToContext(HtmlAcceptanceTestReporter.java:214)
	at net.thucydides.core.reports.html.HtmlAcceptanceTestReporter.addTestOutcomeToContext(HtmlAcceptanceTestReporter.java:190)
	at net.thucydides.core.reports.html.HtmlAcceptanceTestReporter.generateReportFor(HtmlAcceptanceTestReporter.java:105)
	at net.thucydides.core.reports.ReportService.generateReportFor(ReportService.java:246)
	at net.thucydides.core.reports.ReportService.lambda$generateReportsFor$0(ReportService.java:184)
	at java.base/java.util.concurrent.Executors$RunnableAdapter.call(Executors.java:539)
	at java.base/java.util.concurrent.FutureTask.run(FutureTask.java:264)
	at java.base/java.util.concurrent.ThreadPoolExecutor.runWorker(ThreadPoolExecutor.java:1136)
	at java.base/java.util.concurrent.ThreadPoolExecutor$Worker.run(ThreadPoolExecutor.java:635)
	at java.base/java.lang.Thread.run(Thread.java:833)

20:13:36.546 [pool-3-thread-6] WARN net.thucydides.core.requirements.RequirementsTagProvider - Failed to load requirements: Illegal char <:> at index 4: file:\C:\Users\LENOVO-PC\OneDrive%20-%20IT-PLN\Dokumen\apenim\Diskusiaza-QE\WEB%20DISKUSIAZA\src\test\resources\web\LandingPage.feature
java.nio.file.InvalidPathException: Illegal char <:> at index 4: file:\C:\Users\LENOVO-PC\OneDrive%20-%20IT-PLN\Dokumen\apenim\Diskusiaza-QE\WEB%20DISKUSIAZA\src\test\resources\web\LandingPage.feature
	at java.base/sun.nio.fs.WindowsPathParser.normalize(WindowsPathParser.java:182)
	at java.base/sun.nio.fs.WindowsPathParser.parse(WindowsPathParser.java:153)
	at java.base/sun.nio.fs.WindowsPathParser.parse(WindowsPathParser.java:77)
	at java.base/sun.nio.fs.WindowsPath.parse(WindowsPath.java:92)
	at java.base/sun.nio.fs.WindowsFileSystem.getPath(WindowsFileSystem.java:232)
	at java.base/java.io.File.toPath(File.java:2387)
	at net.thucydides.core.requirements.RootDirectory.getRelativePathOf(RootDirectory.java:364)
	at net.thucydides.core.requirements.FileSystemRequirementsTagProvider.requirementWithMatchingPath(FileSystemRequirementsTagProvider.java:372)
	at net.thucydides.core.requirements.FileSystemRequirementsTagProvider.getParentRequirementOf(FileSystemRequirementsTagProvider.java:335)
	at net.thucydides.core.requirements.ParentRequirementsProvided.forOutcome(ParentRequirementsProvided.java:26)
	at net.thucydides.core.requirements.BaseRequirementsService.getParentRequirementOf(BaseRequirementsService.java:138)
	at net.thucydides.core.requirements.BaseRequirementsService.getAncestorRequirementsFor(BaseRequirementsService.java:78)
	at net.thucydides.core.tags.BreadcrumbTagFilter.getRequirementBreadcrumbsFrom(BreadcrumbTagFilter.java:51)
	at net.thucydides.core.reports.html.HtmlAcceptanceTestReporter.addBreadcrumbs(HtmlAcceptanceTestReporter.java:227)
	at net.thucydides.core.reports.html.HtmlAcceptanceTestReporter.addParentRequirmentFieldToContext(HtmlAcceptanceTestReporter.java:214)
	at net.thucydides.core.reports.html.HtmlAcceptanceTestReporter.addTestOutcomeToContext(HtmlAcceptanceTestReporter.java:190)
	at net.thucydides.core.reports.html.HtmlAcceptanceTestReporter.generateReportFor(HtmlAcceptanceTestReporter.java:105)
	at net.thucydides.core.reports.ReportService.generateReportFor(ReportService.java:246)
	at net.thucydides.core.reports.ReportService.lambda$generateReportsFor$0(ReportService.java:184)
	at java.base/java.util.concurrent.Executors$RunnableAdapter.call(Executors.java:539)
	at java.base/java.util.concurrent.FutureTask.run(FutureTask.java:264)
	at java.base/java.util.concurrent.ThreadPoolExecutor.runWorker(ThreadPoolExecutor.java:1136)
	at java.base/java.util.concurrent.ThreadPoolExecutor$Worker.run(ThreadPoolExecutor.java:635)
	at java.base/java.lang.Thread.run(Thread.java:833)

20:13:36.547 [pool-3-thread-2] WARN net.thucydides.core.requirements.RequirementsTagProvider - Failed to load requirements: Illegal char <:> at index 4: file:\C:\Users\LENOVO-PC\OneDrive%20-%20IT-PLN\Dokumen\apenim\Diskusiaza-QE\WEB%20DISKUSIAZA\src\test\resources\web\LandingPage.feature
java.nio.file.InvalidPathException: Illegal char <:> at index 4: file:\C:\Users\LENOVO-PC\OneDrive%20-%20IT-PLN\Dokumen\apenim\Diskusiaza-QE\WEB%20DISKUSIAZA\src\test\resources\web\LandingPage.feature
	at java.base/sun.nio.fs.WindowsPathParser.normalize(WindowsPathParser.java:182)
	at java.base/sun.nio.fs.WindowsPathParser.parse(WindowsPathParser.java:153)
	at java.base/sun.nio.fs.WindowsPathParser.parse(WindowsPathParser.java:77)
	at java.base/sun.nio.fs.WindowsPath.parse(WindowsPath.java:92)
	at java.base/sun.nio.fs.WindowsFileSystem.getPath(WindowsFileSystem.java:232)
	at java.base/java.io.File.toPath(File.java:2387)
	at net.thucydides.core.requirements.RootDirectory.getRelativePathOf(RootDirectory.java:364)
	at net.thucydides.core.requirements.FileSystemRequirementsTagProvider.requirementWithMatchingPath(FileSystemRequirementsTagProvider.java:372)
	at net.thucydides.core.requirements.FileSystemRequirementsTagProvider.getParentRequirementOf(FileSystemRequirementsTagProvider.java:335)
	at net.thucydides.core.requirements.ParentRequirementsProvided.forOutcome(ParentRequirementsProvided.java:26)
	at net.thucydides.core.requirements.BaseRequirementsService.getParentRequirementOf(BaseRequirementsService.java:138)
	at net.thucydides.core.requirements.BaseRequirementsService.getParentRequirementFor(BaseRequirementsService.java:48)
	at net.thucydides.core.reports.html.HtmlAcceptanceTestReporter.addParentRequirmentFieldToContext(HtmlAcceptanceTestReporter.java:196)
	at net.thucydides.core.reports.html.HtmlAcceptanceTestReporter.addTestOutcomeToContext(HtmlAcceptanceTestReporter.java:190)
	at net.thucydides.core.reports.html.HtmlAcceptanceTestReporter.generateReportFor(HtmlAcceptanceTestReporter.java:105)
	at net.thucydides.core.reports.ReportService.generateReportFor(ReportService.java:246)
	at net.thucydides.core.reports.ReportService.lambda$generateReportsFor$0(ReportService.java:184)
	at java.base/java.util.concurrent.Executors$RunnableAdapter.call(Executors.java:539)
	at java.base/java.util.concurrent.FutureTask.run(FutureTask.java:264)
	at java.base/java.util.concurrent.ThreadPoolExecutor.runWorker(ThreadPoolExecutor.java:1136)
	at java.base/java.util.concurrent.ThreadPoolExecutor$Worker.run(ThreadPoolExecutor.java:635)
	at java.base/java.lang.Thread.run(Thread.java:833)

20:13:36.548 [pool-3-thread-2] WARN net.thucydides.core.requirements.RequirementsTagProvider - Failed to load requirements: Illegal char <:> at index 4: file:\C:\Users\LENOVO-PC\OneDrive%20-%20IT-PLN\Dokumen\apenim\Diskusiaza-QE\WEB%20DISKUSIAZA\src\test\resources\web\LandingPage.feature
java.nio.file.InvalidPathException: Illegal char <:> at index 4: file:\C:\Users\LENOVO-PC\OneDrive%20-%20IT-PLN\Dokumen\apenim\Diskusiaza-QE\WEB%20DISKUSIAZA\src\test\resources\web\LandingPage.feature
	at java.base/sun.nio.fs.WindowsPathParser.normalize(WindowsPathParser.java:182)
	at java.base/sun.nio.fs.WindowsPathParser.parse(WindowsPathParser.java:153)
	at java.base/sun.nio.fs.WindowsPathParser.parse(WindowsPathParser.java:77)
	at java.base/sun.nio.fs.WindowsPath.parse(WindowsPath.java:92)
	at java.base/sun.nio.fs.WindowsFileSystem.getPath(WindowsFileSystem.java:232)
	at java.base/java.io.File.toPath(File.java:2387)
	at net.thucydides.core.requirements.RootDirectory.getRelativePathOf(RootDirectory.java:364)
	at net.thucydides.core.requirements.FileSystemRequirementsTagProvider.requirementWithMatchingPath(FileSystemRequirementsTagProvider.java:372)
	at net.thucydides.core.requirements.FileSystemRequirementsTagProvider.getParentRequirementOf(FileSystemRequirementsTagProvider.java:335)
	at net.thucydides.core.requirements.ParentRequirementsProvided.forOutcome(ParentRequirementsProvided.java:26)
	at net.thucydides.core.requirements.BaseRequirementsService.getParentRequirementOf(BaseRequirementsService.java:138)
	at net.thucydides.core.requirements.BaseRequirementsService.getAncestorRequirementsFor(BaseRequirementsService.java:78)
	at net.thucydides.core.reports.html.HtmlAcceptanceTestReporter.addBreadcrumbs(HtmlAcceptanceTestReporter.java:226)
	at net.thucydides.core.reports.html.HtmlAcceptanceTestReporter.addParentRequirmentFieldToContext(HtmlAcceptanceTestReporter.java:214)
	at net.thucydides.core.reports.html.HtmlAcceptanceTestReporter.addTestOutcomeToContext(HtmlAcceptanceTestReporter.java:190)
	at net.thucydides.core.reports.html.HtmlAcceptanceTestReporter.generateReportFor(HtmlAcceptanceTestReporter.java:105)
	at net.thucydides.core.reports.ReportService.generateReportFor(ReportService.java:246)
	at net.thucydides.core.reports.ReportService.lambda$generateReportsFor$0(ReportService.java:184)
	at java.base/java.util.concurrent.Executors$RunnableAdapter.call(Executors.java:539)
	at java.base/java.util.concurrent.FutureTask.run(FutureTask.java:264)
	at java.base/java.util.concurrent.ThreadPoolExecutor.runWorker(ThreadPoolExecutor.java:1136)
	at java.base/java.util.concurrent.ThreadPoolExecutor$Worker.run(ThreadPoolExecutor.java:635)
	at java.base/java.lang.Thread.run(Thread.java:833)

20:13:36.548 [pool-3-thread-2] WARN net.thucydides.core.requirements.RequirementsTagProvider - Failed to load requirements: Illegal char <:> at index 4: file:\C:\Users\LENOVO-PC\OneDrive%20-%20IT-PLN\Dokumen\apenim\Diskusiaza-QE\WEB%20DISKUSIAZA\src\test\resources\web\LandingPage.feature
java.nio.file.InvalidPathException: Illegal char <:> at index 4: file:\C:\Users\LENOVO-PC\OneDrive%20-%20IT-PLN\Dokumen\apenim\Diskusiaza-QE\WEB%20DISKUSIAZA\src\test\resources\web\LandingPage.feature
	at java.base/sun.nio.fs.WindowsPathParser.normalize(WindowsPathParser.java:182)
	at java.base/sun.nio.fs.WindowsPathParser.parse(WindowsPathParser.java:153)
	at java.base/sun.nio.fs.WindowsPathParser.parse(WindowsPathParser.java:77)
	at java.base/sun.nio.fs.WindowsPath.parse(WindowsPath.java:92)
	at java.base/sun.nio.fs.WindowsFileSystem.getPath(WindowsFileSystem.java:232)
	at java.base/java.io.File.toPath(File.java:2387)
	at net.thucydides.core.requirements.RootDirectory.getRelativePathOf(RootDirectory.java:364)
	at net.thucydides.core.requirements.FileSystemRequirementsTagProvider.requirementWithMatchingPath(FileSystemRequirementsTagProvider.java:372)
	at net.thucydides.core.requirements.FileSystemRequirementsTagProvider.getParentRequirementOf(FileSystemRequirementsTagProvider.java:335)
	at net.thucydides.core.requirements.ParentRequirementsProvided.forOutcome(ParentRequirementsProvided.java:26)
	at net.thucydides.core.requirements.BaseRequirementsService.getParentRequirementOf(BaseRequirementsService.java:138)
	at net.thucydides.core.requirements.BaseRequirementsService.getAncestorRequirementsFor(BaseRequirementsService.java:78)
	at net.thucydides.core.tags.BreadcrumbTagFilter.getRequirementBreadcrumbsFrom(BreadcrumbTagFilter.java:51)
	at net.thucydides.core.reports.html.HtmlAcceptanceTestReporter.addBreadcrumbs(HtmlAcceptanceTestReporter.java:227)
	at net.thucydides.core.reports.html.HtmlAcceptanceTestReporter.addParentRequirmentFieldToContext(HtmlAcceptanceTestReporter.java:214)
	at net.thucydides.core.reports.html.HtmlAcceptanceTestReporter.addTestOutcomeToContext(HtmlAcceptanceTestReporter.java:190)
	at net.thucydides.core.reports.html.HtmlAcceptanceTestReporter.generateReportFor(HtmlAcceptanceTestReporter.java:105)
	at net.thucydides.core.reports.ReportService.generateReportFor(ReportService.java:246)
	at net.thucydides.core.reports.ReportService.lambda$generateReportsFor$0(ReportService.java:184)
	at java.base/java.util.concurrent.Executors$RunnableAdapter.call(Executors.java:539)
	at java.base/java.util.concurrent.FutureTask.run(FutureTask.java:264)
	at java.base/java.util.concurrent.ThreadPoolExecutor.runWorker(ThreadPoolExecutor.java:1136)
	at java.base/java.util.concurrent.ThreadPoolExecutor$Worker.run(ThreadPoolExecutor.java:635)
	at java.base/java.lang.Thread.run(Thread.java:833)

20:13:36.550 [pool-3-thread-1] WARN net.thucydides.core.requirements.RequirementsTagProvider - Failed to load requirements: Illegal char <:> at index 4: file:\C:\Users\LENOVO-PC\OneDrive%20-%20IT-PLN\Dokumen\apenim\Diskusiaza-QE\WEB%20DISKUSIAZA\src\test\resources\web\LandingPage.feature
java.nio.file.InvalidPathException: Illegal char <:> at index 4: file:\C:\Users\LENOVO-PC\OneDrive%20-%20IT-PLN\Dokumen\apenim\Diskusiaza-QE\WEB%20DISKUSIAZA\src\test\resources\web\LandingPage.feature
	at java.base/sun.nio.fs.WindowsPathParser.normalize(WindowsPathParser.java:182)
	at java.base/sun.nio.fs.WindowsPathParser.parse(WindowsPathParser.java:153)
	at java.base/sun.nio.fs.WindowsPathParser.parse(WindowsPathParser.java:77)
	at java.base/sun.nio.fs.WindowsPath.parse(WindowsPath.java:92)
	at java.base/sun.nio.fs.WindowsFileSystem.getPath(WindowsFileSystem.java:232)
	at java.base/java.io.File.toPath(File.java:2387)
	at net.thucydides.core.requirements.RootDirectory.getRelativePathOf(RootDirectory.java:364)
	at net.thucydides.core.requirements.FileSystemRequirementsTagProvider.requirementWithMatchingPath(FileSystemRequirementsTagProvider.java:372)
	at net.thucydides.core.requirements.FileSystemRequirementsTagProvider.getParentRequirementOf(FileSystemRequirementsTagProvider.java:335)
	at net.thucydides.core.requirements.ParentRequirementsProvided.forOutcome(ParentRequirementsProvided.java:26)
	at net.thucydides.core.requirements.BaseRequirementsService.getParentRequirementOf(BaseRequirementsService.java:138)
	at net.thucydides.core.requirements.BaseRequirementsService.getParentRequirementFor(BaseRequirementsService.java:48)
	at net.thucydides.core.reports.html.HtmlAcceptanceTestReporter.addParentRequirmentFieldToContext(HtmlAcceptanceTestReporter.java:196)
	at net.thucydides.core.reports.html.HtmlAcceptanceTestReporter.addTestOutcomeToContext(HtmlAcceptanceTestReporter.java:190)
	at net.thucydides.core.reports.html.HtmlAcceptanceTestReporter.generateReportFor(HtmlAcceptanceTestReporter.java:105)
	at net.thucydides.core.reports.ReportService.generateReportFor(ReportService.java:246)
	at net.thucydides.core.reports.ReportService.lambda$generateReportsFor$0(ReportService.java:184)
	at java.base/java.util.concurrent.Executors$RunnableAdapter.call(Executors.java:539)
	at java.base/java.util.concurrent.FutureTask.run(FutureTask.java:264)
	at java.base/java.util.concurrent.ThreadPoolExecutor.runWorker(ThreadPoolExecutor.java:1136)
	at java.base/java.util.concurrent.ThreadPoolExecutor$Worker.run(ThreadPoolExecutor.java:635)
	at java.base/java.lang.Thread.run(Thread.java:833)

20:13:36.550 [pool-3-thread-1] WARN net.thucydides.core.requirements.RequirementsTagProvider - Failed to load requirements: Illegal char <:> at index 4: file:\C:\Users\LENOVO-PC\OneDrive%20-%20IT-PLN\Dokumen\apenim\Diskusiaza-QE\WEB%20DISKUSIAZA\src\test\resources\web\LandingPage.feature
java.nio.file.InvalidPathException: Illegal char <:> at index 4: file:\C:\Users\LENOVO-PC\OneDrive%20-%20IT-PLN\Dokumen\apenim\Diskusiaza-QE\WEB%20DISKUSIAZA\src\test\resources\web\LandingPage.feature
	at java.base/sun.nio.fs.WindowsPathParser.normalize(WindowsPathParser.java:182)
	at java.base/sun.nio.fs.WindowsPathParser.parse(WindowsPathParser.java:153)
	at java.base/sun.nio.fs.WindowsPathParser.parse(WindowsPathParser.java:77)
	at java.base/sun.nio.fs.WindowsPath.parse(WindowsPath.java:92)
	at java.base/sun.nio.fs.WindowsFileSystem.getPath(WindowsFileSystem.java:232)
	at java.base/java.io.File.toPath(File.java:2387)
	at net.thucydides.core.requirements.RootDirectory.getRelativePathOf(RootDirectory.java:364)
	at net.thucydides.core.requirements.FileSystemRequirementsTagProvider.requirementWithMatchingPath(FileSystemRequirementsTagProvider.java:372)
	at net.thucydides.core.requirements.FileSystemRequirementsTagProvider.getParentRequirementOf(FileSystemRequirementsTagProvider.java:335)
	at net.thucydides.core.requirements.ParentRequirementsProvided.forOutcome(ParentRequirementsProvided.java:26)
	at net.thucydides.core.requirements.BaseRequirementsService.getParentRequirementOf(BaseRequirementsService.java:138)
	at net.thucydides.core.requirements.BaseRequirementsService.getAncestorRequirementsFor(BaseRequirementsService.java:78)
	at net.thucydides.core.reports.html.HtmlAcceptanceTestReporter.addBreadcrumbs(HtmlAcceptanceTestReporter.java:226)
	at net.thucydides.core.reports.html.HtmlAcceptanceTestReporter.addParentRequirmentFieldToContext(HtmlAcceptanceTestReporter.java:214)
	at net.thucydides.core.reports.html.HtmlAcceptanceTestReporter.addTestOutcomeToContext(HtmlAcceptanceTestReporter.java:190)
	at net.thucydides.core.reports.html.HtmlAcceptanceTestReporter.generateReportFor(HtmlAcceptanceTestReporter.java:105)
	at net.thucydides.core.reports.ReportService.generateReportFor(ReportService.java:246)
	at net.thucydides.core.reports.ReportService.lambda$generateReportsFor$0(ReportService.java:184)
	at java.base/java.util.concurrent.Executors$RunnableAdapter.call(Executors.java:539)
	at java.base/java.util.concurrent.FutureTask.run(FutureTask.java:264)
	at java.base/java.util.concurrent.ThreadPoolExecutor.runWorker(ThreadPoolExecutor.java:1136)
	at java.base/java.util.concurrent.ThreadPoolExecutor$Worker.run(ThreadPoolExecutor.java:635)
	at java.base/java.lang.Thread.run(Thread.java:833)

20:13:36.553 [pool-3-thread-1] WARN net.thucydides.core.requirements.RequirementsTagProvider - Failed to load requirements: Illegal char <:> at index 4: file:\C:\Users\LENOVO-PC\OneDrive%20-%20IT-PLN\Dokumen\apenim\Diskusiaza-QE\WEB%20DISKUSIAZA\src\test\resources\web\LandingPage.feature
java.nio.file.InvalidPathException: Illegal char <:> at index 4: file:\C:\Users\LENOVO-PC\OneDrive%20-%20IT-PLN\Dokumen\apenim\Diskusiaza-QE\WEB%20DISKUSIAZA\src\test\resources\web\LandingPage.feature
	at java.base/sun.nio.fs.WindowsPathParser.normalize(WindowsPathParser.java:182)
	at java.base/sun.nio.fs.WindowsPathParser.parse(WindowsPathParser.java:153)
	at java.base/sun.nio.fs.WindowsPathParser.parse(WindowsPathParser.java:77)
	at java.base/sun.nio.fs.WindowsPath.parse(WindowsPath.java:92)
	at java.base/sun.nio.fs.WindowsFileSystem.getPath(WindowsFileSystem.java:232)
	at java.base/java.io.File.toPath(File.java:2387)
	at net.thucydides.core.requirements.RootDirectory.getRelativePathOf(RootDirectory.java:364)
	at net.thucydides.core.requirements.FileSystemRequirementsTagProvider.requirementWithMatchingPath(FileSystemRequirementsTagProvider.java:372)
	at net.thucydides.core.requirements.FileSystemRequirementsTagProvider.getParentRequirementOf(FileSystemRequirementsTagProvider.java:335)
	at net.thucydides.core.requirements.ParentRequirementsProvided.forOutcome(ParentRequirementsProvided.java:26)
	at net.thucydides.core.requirements.BaseRequirementsService.getParentRequirementOf(BaseRequirementsService.java:138)
	at net.thucydides.core.requirements.BaseRequirementsService.getAncestorRequirementsFor(BaseRequirementsService.java:78)
	at net.thucydides.core.tags.BreadcrumbTagFilter.getRequirementBreadcrumbsFrom(BreadcrumbTagFilter.java:51)
	at net.thucydides.core.reports.html.HtmlAcceptanceTestReporter.addBreadcrumbs(HtmlAcceptanceTestReporter.java:227)
	at net.thucydides.core.reports.html.HtmlAcceptanceTestReporter.addParentRequirmentFieldToContext(HtmlAcceptanceTestReporter.java:214)
	at net.thucydides.core.reports.html.HtmlAcceptanceTestReporter.addTestOutcomeToContext(HtmlAcceptanceTestReporter.java:190)
	at net.thucydides.core.reports.html.HtmlAcceptanceTestReporter.generateReportFor(HtmlAcceptanceTestReporter.java:105)
	at net.thucydides.core.reports.ReportService.generateReportFor(ReportService.java:246)
	at net.thucydides.core.reports.ReportService.lambda$generateReportsFor$0(ReportService.java:184)
	at java.base/java.util.concurrent.Executors$RunnableAdapter.call(Executors.java:539)
	at java.base/java.util.concurrent.FutureTask.run(FutureTask.java:264)
	at java.base/java.util.concurrent.ThreadPoolExecutor.runWorker(ThreadPoolExecutor.java:1136)
	at java.base/java.util.concurrent.ThreadPoolExecutor$Worker.run(ThreadPoolExecutor.java:635)
	at java.base/java.lang.Thread.run(Thread.java:833)

20:13:36.634 [pool-3-thread-3] WARN net.thucydides.core.requirements.RequirementsTagProvider - Failed to load requirements: Illegal char <:> at index 4: file:\C:\Users\LENOVO-PC\OneDrive%20-%20IT-PLN\Dokumen\apenim\Diskusiaza-QE\WEB%20DISKUSIAZA\src\test\resources\web\LandingPage.feature
java.nio.file.InvalidPathException: Illegal char <:> at index 4: file:\C:\Users\LENOVO-PC\OneDrive%20-%20IT-PLN\Dokumen\apenim\Diskusiaza-QE\WEB%20DISKUSIAZA\src\test\resources\web\LandingPage.feature
	at java.base/sun.nio.fs.WindowsPathParser.normalize(WindowsPathParser.java:182)
	at java.base/sun.nio.fs.WindowsPathParser.parse(WindowsPathParser.java:153)
	at java.base/sun.nio.fs.WindowsPathParser.parse(WindowsPathParser.java:77)
	at java.base/sun.nio.fs.WindowsPath.parse(WindowsPath.java:92)
	at java.base/sun.nio.fs.WindowsFileSystem.getPath(WindowsFileSystem.java:232)
	at java.base/java.io.File.toPath(File.java:2387)
	at net.thucydides.core.requirements.RootDirectory.getRelativePathOf(RootDirectory.java:364)
	at net.thucydides.core.requirements.FileSystemRequirementsTagProvider.requirementWithMatchingPath(FileSystemRequirementsTagProvider.java:372)
	at net.thucydides.core.requirements.FileSystemRequirementsTagProvider.getParentRequirementOf(FileSystemRequirementsTagProvider.java:335)
	at net.thucydides.core.requirements.ParentRequirementsProvided.forOutcome(ParentRequirementsProvided.java:26)
	at net.thucydides.core.requirements.BaseRequirementsService.getParentRequirementOf(BaseRequirementsService.java:138)
	at net.thucydides.core.requirements.BaseRequirementsService.getParentRequirementFor(BaseRequirementsService.java:48)
	at net.thucydides.core.reports.html.HtmlAcceptanceTestReporter.addParentRequirmentFieldToContext(HtmlAcceptanceTestReporter.java:196)
	at net.thucydides.core.reports.html.HtmlAcceptanceTestReporter.addTestOutcomeToContext(HtmlAcceptanceTestReporter.java:190)
	at net.thucydides.core.reports.html.HtmlAcceptanceTestReporter.generateReportFor(HtmlAcceptanceTestReporter.java:105)
	at net.thucydides.core.reports.ReportService.generateReportFor(ReportService.java:246)
	at net.thucydides.core.reports.ReportService.lambda$generateReportsFor$0(ReportService.java:184)
	at java.base/java.util.concurrent.Executors$RunnableAdapter.call(Executors.java:539)
	at java.base/java.util.concurrent.FutureTask.run(FutureTask.java:264)
	at java.base/java.util.concurrent.ThreadPoolExecutor.runWorker(ThreadPoolExecutor.java:1136)
	at java.base/java.util.concurrent.ThreadPoolExecutor$Worker.run(ThreadPoolExecutor.java:635)
	at java.base/java.lang.Thread.run(Thread.java:833)

20:13:36.666 [pool-3-thread-3] WARN net.thucydides.core.requirements.RequirementsTagProvider - Failed to load requirements: Illegal char <:> at index 4: file:\C:\Users\LENOVO-PC\OneDrive%20-%20IT-PLN\Dokumen\apenim\Diskusiaza-QE\WEB%20DISKUSIAZA\src\test\resources\web\LandingPage.feature
java.nio.file.InvalidPathException: Illegal char <:> at index 4: file:\C:\Users\LENOVO-PC\OneDrive%20-%20IT-PLN\Dokumen\apenim\Diskusiaza-QE\WEB%20DISKUSIAZA\src\test\resources\web\LandingPage.feature
	at java.base/sun.nio.fs.WindowsPathParser.normalize(WindowsPathParser.java:182)
	at java.base/sun.nio.fs.WindowsPathParser.parse(WindowsPathParser.java:153)
	at java.base/sun.nio.fs.WindowsPathParser.parse(WindowsPathParser.java:77)
	at java.base/sun.nio.fs.WindowsPath.parse(WindowsPath.java:92)
	at java.base/sun.nio.fs.WindowsFileSystem.getPath(WindowsFileSystem.java:232)
	at java.base/java.io.File.toPath(File.java:2387)
	at net.thucydides.core.requirements.RootDirectory.getRelativePathOf(RootDirectory.java:364)
	at net.thucydides.core.requirements.FileSystemRequirementsTagProvider.requirementWithMatchingPath(FileSystemRequirementsTagProvider.java:372)
	at net.thucydides.core.requirements.FileSystemRequirementsTagProvider.getParentRequirementOf(FileSystemRequirementsTagProvider.java:335)
	at net.thucydides.core.requirements.ParentRequirementsProvided.forOutcome(ParentRequirementsProvided.java:26)
	at net.thucydides.core.requirements.BaseRequirementsService.getParentRequirementOf(BaseRequirementsService.java:138)
	at net.thucydides.core.requirements.BaseRequirementsService.getAncestorRequirementsFor(BaseRequirementsService.java:78)
	at net.thucydides.core.reports.html.HtmlAcceptanceTestReporter.addBreadcrumbs(HtmlAcceptanceTestReporter.java:226)
	at net.thucydides.core.reports.html.HtmlAcceptanceTestReporter.addParentRequirmentFieldToContext(HtmlAcceptanceTestReporter.java:214)
	at net.thucydides.core.reports.html.HtmlAcceptanceTestReporter.addTestOutcomeToContext(HtmlAcceptanceTestReporter.java:190)
	at net.thucydides.core.reports.html.HtmlAcceptanceTestReporter.generateReportFor(HtmlAcceptanceTestReporter.java:105)
	at net.thucydides.core.reports.ReportService.generateReportFor(ReportService.java:246)
	at net.thucydides.core.reports.ReportService.lambda$generateReportsFor$0(ReportService.java:184)
	at java.base/java.util.concurrent.Executors$RunnableAdapter.call(Executors.java:539)
	at java.base/java.util.concurrent.FutureTask.run(FutureTask.java:264)
	at java.base/java.util.concurrent.ThreadPoolExecutor.runWorker(ThreadPoolExecutor.java:1136)
	at java.base/java.util.concurrent.ThreadPoolExecutor$Worker.run(ThreadPoolExecutor.java:635)
	at java.base/java.lang.Thread.run(Thread.java:833)

20:13:36.666 [pool-3-thread-3] WARN net.thucydides.core.requirements.RequirementsTagProvider - Failed to load requirements: Illegal char <:> at index 4: file:\C:\Users\LENOVO-PC\OneDrive%20-%20IT-PLN\Dokumen\apenim\Diskusiaza-QE\WEB%20DISKUSIAZA\src\test\resources\web\LandingPage.feature
java.nio.file.InvalidPathException: Illegal char <:> at index 4: file:\C:\Users\LENOVO-PC\OneDrive%20-%20IT-PLN\Dokumen\apenim\Diskusiaza-QE\WEB%20DISKUSIAZA\src\test\resources\web\LandingPage.feature
	at java.base/sun.nio.fs.WindowsPathParser.normalize(WindowsPathParser.java:182)
	at java.base/sun.nio.fs.WindowsPathParser.parse(WindowsPathParser.java:153)
	at java.base/sun.nio.fs.WindowsPathParser.parse(WindowsPathParser.java:77)
	at java.base/sun.nio.fs.WindowsPath.parse(WindowsPath.java:92)
	at java.base/sun.nio.fs.WindowsFileSystem.getPath(WindowsFileSystem.java:232)
	at java.base/java.io.File.toPath(File.java:2387)
	at net.thucydides.core.requirements.RootDirectory.getRelativePathOf(RootDirectory.java:364)
	at net.thucydides.core.requirements.FileSystemRequirementsTagProvider.requirementWithMatchingPath(FileSystemRequirementsTagProvider.java:372)
	at net.thucydides.core.requirements.FileSystemRequirementsTagProvider.getParentRequirementOf(FileSystemRequirementsTagProvider.java:335)
	at net.thucydides.core.requirements.ParentRequirementsProvided.forOutcome(ParentRequirementsProvided.java:26)
	at net.thucydides.core.requirements.BaseRequirementsService.getParentRequirementOf(BaseRequirementsService.java:138)
	at net.thucydides.core.requirements.BaseRequirementsService.getAncestorRequirementsFor(BaseRequirementsService.java:78)
	at net.thucydides.core.tags.BreadcrumbTagFilter.getRequirementBreadcrumbsFrom(BreadcrumbTagFilter.java:51)
	at net.thucydides.core.reports.html.HtmlAcceptanceTestReporter.addBreadcrumbs(HtmlAcceptanceTestReporter.java:227)
	at net.thucydides.core.reports.html.HtmlAcceptanceTestReporter.addParentRequirmentFieldToContext(HtmlAcceptanceTestReporter.java:214)
	at net.thucydides.core.reports.html.HtmlAcceptanceTestReporter.addTestOutcomeToContext(HtmlAcceptanceTestReporter.java:190)
	at net.thucydides.core.reports.html.HtmlAcceptanceTestReporter.generateReportFor(HtmlAcceptanceTestReporter.java:105)
	at net.thucydides.core.reports.ReportService.generateReportFor(ReportService.java:246)
	at net.thucydides.core.reports.ReportService.lambda$generateReportsFor$0(ReportService.java:184)
	at java.base/java.util.concurrent.Executors$RunnableAdapter.call(Executors.java:539)
	at java.base/java.util.concurrent.FutureTask.run(FutureTask.java:264)
	at java.base/java.util.concurrent.ThreadPoolExecutor.runWorker(ThreadPoolExecutor.java:1136)
	at java.base/java.util.concurrent.ThreadPoolExecutor$Worker.run(ThreadPoolExecutor.java:635)
	at java.base/java.lang.Thread.run(Thread.java:833)

20:13:36.825 [pool-3-thread-4] WARN net.thucydides.core.requirements.RequirementsTagProvider - Failed to load requirements: Illegal char <:> at index 4: file:\C:\Users\LENOVO-PC\OneDrive%20-%20IT-PLN\Dokumen\apenim\Diskusiaza-QE\WEB%20DISKUSIAZA\src\test\resources\web\LandingPage.feature
java.nio.file.InvalidPathException: Illegal char <:> at index 4: file:\C:\Users\LENOVO-PC\OneDrive%20-%20IT-PLN\Dokumen\apenim\Diskusiaza-QE\WEB%20DISKUSIAZA\src\test\resources\web\LandingPage.feature
	at java.base/sun.nio.fs.WindowsPathParser.normalize(WindowsPathParser.java:182)
	at java.base/sun.nio.fs.WindowsPathParser.parse(WindowsPathParser.java:153)
	at java.base/sun.nio.fs.WindowsPathParser.parse(WindowsPathParser.java:77)
	at java.base/sun.nio.fs.WindowsPath.parse(WindowsPath.java:92)
	at java.base/sun.nio.fs.WindowsFileSystem.getPath(WindowsFileSystem.java:232)
	at java.base/java.io.File.toPath(File.java:2387)
	at net.thucydides.core.requirements.RootDirectory.getRelativePathOf(RootDirectory.java:364)
	at net.thucydides.core.requirements.FileSystemRequirementsTagProvider.requirementWithMatchingPath(FileSystemRequirementsTagProvider.java:372)
	at net.thucydides.core.requirements.FileSystemRequirementsTagProvider.getParentRequirementOf(FileSystemRequirementsTagProvider.java:335)
	at net.thucydides.core.requirements.ParentRequirementsProvided.forOutcome(ParentRequirementsProvided.java:26)
	at net.thucydides.core.requirements.BaseRequirementsService.getParentRequirementOf(BaseRequirementsService.java:138)
	at net.thucydides.core.requirements.BaseRequirementsService.getParentRequirementFor(BaseRequirementsService.java:48)
	at net.thucydides.core.reports.html.HtmlAcceptanceTestReporter.addParentRequirmentFieldToContext(HtmlAcceptanceTestReporter.java:196)
	at net.thucydides.core.reports.html.HtmlAcceptanceTestReporter.addTestOutcomeToContext(HtmlAcceptanceTestReporter.java:190)
	at net.thucydides.core.reports.html.HtmlAcceptanceTestReporter.generateScreenshotReportsFor(HtmlAcceptanceTestReporter.java:254)
	at net.thucydides.core.reports.html.HtmlAcceptanceTestReporter.generateReportFor(HtmlAcceptanceTestReporter.java:108)
	at net.thucydides.core.reports.ReportService.generateReportFor(ReportService.java:246)
	at net.thucydides.core.reports.ReportService.lambda$generateReportsFor$0(ReportService.java:184)
	at java.base/java.util.concurrent.Executors$RunnableAdapter.call(Executors.java:539)
	at java.base/java.util.concurrent.FutureTask.run(FutureTask.java:264)
	at java.base/java.util.concurrent.ThreadPoolExecutor.runWorker(ThreadPoolExecutor.java:1136)
	at java.base/java.util.concurrent.ThreadPoolExecutor$Worker.run(ThreadPoolExecutor.java:635)
	at java.base/java.lang.Thread.run(Thread.java:833)

20:13:36.825 [pool-3-thread-2] WARN net.thucydides.core.requirements.RequirementsTagProvider - Failed to load requirements: Illegal char <:> at index 4: file:\C:\Users\LENOVO-PC\OneDrive%20-%20IT-PLN\Dokumen\apenim\Diskusiaza-QE\WEB%20DISKUSIAZA\src\test\resources\web\LandingPage.feature
java.nio.file.InvalidPathException: Illegal char <:> at index 4: file:\C:\Users\LENOVO-PC\OneDrive%20-%20IT-PLN\Dokumen\apenim\Diskusiaza-QE\WEB%20DISKUSIAZA\src\test\resources\web\LandingPage.feature
	at java.base/sun.nio.fs.WindowsPathParser.normalize(WindowsPathParser.java:182)
	at java.base/sun.nio.fs.WindowsPathParser.parse(WindowsPathParser.java:153)
	at java.base/sun.nio.fs.WindowsPathParser.parse(WindowsPathParser.java:77)
	at java.base/sun.nio.fs.WindowsPath.parse(WindowsPath.java:92)
	at java.base/sun.nio.fs.WindowsFileSystem.getPath(WindowsFileSystem.java:232)
	at java.base/java.io.File.toPath(File.java:2387)
	at net.thucydides.core.requirements.RootDirectory.getRelativePathOf(RootDirectory.java:364)
	at net.thucydides.core.requirements.FileSystemRequirementsTagProvider.requirementWithMatchingPath(FileSystemRequirementsTagProvider.java:372)
	at net.thucydides.core.requirements.FileSystemRequirementsTagProvider.getParentRequirementOf(FileSystemRequirementsTagProvider.java:335)
	at net.thucydides.core.requirements.ParentRequirementsProvided.forOutcome(ParentRequirementsProvided.java:26)
	at net.thucydides.core.requirements.BaseRequirementsService.getParentRequirementOf(BaseRequirementsService.java:138)
	at net.thucydides.core.requirements.BaseRequirementsService.getParentRequirementFor(BaseRequirementsService.java:48)
	at net.thucydides.core.reports.html.HtmlAcceptanceTestReporter.addParentRequirmentFieldToContext(HtmlAcceptanceTestReporter.java:196)
	at net.thucydides.core.reports.html.HtmlAcceptanceTestReporter.addTestOutcomeToContext(HtmlAcceptanceTestReporter.java:190)
	at net.thucydides.core.reports.html.HtmlAcceptanceTestReporter.generateScreenshotReportsFor(HtmlAcceptanceTestReporter.java:254)
	at net.thucydides.core.reports.html.HtmlAcceptanceTestReporter.generateReportFor(HtmlAcceptanceTestReporter.java:108)
	at net.thucydides.core.reports.ReportService.generateReportFor(ReportService.java:246)
	at net.thucydides.core.reports.ReportService.lambda$generateReportsFor$0(ReportService.java:184)
	at java.base/java.util.concurrent.Executors$RunnableAdapter.call(Executors.java:539)
	at java.base/java.util.concurrent.FutureTask.run(FutureTask.java:264)
	at java.base/java.util.concurrent.ThreadPoolExecutor.runWorker(ThreadPoolExecutor.java:1136)
	at java.base/java.util.concurrent.ThreadPoolExecutor$Worker.run(ThreadPoolExecutor.java:635)
	at java.base/java.lang.Thread.run(Thread.java:833)

20:13:36.825 [pool-3-thread-6] WARN net.thucydides.core.requirements.RequirementsTagProvider - Failed to load requirements: Illegal char <:> at index 4: file:\C:\Users\LENOVO-PC\OneDrive%20-%20IT-PLN\Dokumen\apenim\Diskusiaza-QE\WEB%20DISKUSIAZA\src\test\resources\web\LandingPage.feature
java.nio.file.InvalidPathException: Illegal char <:> at index 4: file:\C:\Users\LENOVO-PC\OneDrive%20-%20IT-PLN\Dokumen\apenim\Diskusiaza-QE\WEB%20DISKUSIAZA\src\test\resources\web\LandingPage.feature
	at java.base/sun.nio.fs.WindowsPathParser.normalize(WindowsPathParser.java:182)
	at java.base/sun.nio.fs.WindowsPathParser.parse(WindowsPathParser.java:153)
	at java.base/sun.nio.fs.WindowsPathParser.parse(WindowsPathParser.java:77)
	at java.base/sun.nio.fs.WindowsPath.parse(WindowsPath.java:92)
	at java.base/sun.nio.fs.WindowsFileSystem.getPath(WindowsFileSystem.java:232)
	at java.base/java.io.File.toPath(File.java:2387)
	at net.thucydides.core.requirements.RootDirectory.getRelativePathOf(RootDirectory.java:364)
	at net.thucydides.core.requirements.FileSystemRequirementsTagProvider.requirementWithMatchingPath(FileSystemRequirementsTagProvider.java:372)
	at net.thucydides.core.requirements.FileSystemRequirementsTagProvider.getParentRequirementOf(FileSystemRequirementsTagProvider.java:335)
	at net.thucydides.core.requirements.ParentRequirementsProvided.forOutcome(ParentRequirementsProvided.java:26)
	at net.thucydides.core.requirements.BaseRequirementsService.getParentRequirementOf(BaseRequirementsService.java:138)
	at net.thucydides.core.requirements.BaseRequirementsService.getParentRequirementFor(BaseRequirementsService.java:48)
	at net.thucydides.core.reports.html.HtmlAcceptanceTestReporter.addParentRequirmentFieldToContext(HtmlAcceptanceTestReporter.java:196)
	at net.thucydides.core.reports.html.HtmlAcceptanceTestReporter.addTestOutcomeToContext(HtmlAcceptanceTestReporter.java:190)
	at net.thucydides.core.reports.html.HtmlAcceptanceTestReporter.generateScreenshotReportsFor(HtmlAcceptanceTestReporter.java:254)
	at net.thucydides.core.reports.html.HtmlAcceptanceTestReporter.generateReportFor(HtmlAcceptanceTestReporter.java:108)
	at net.thucydides.core.reports.ReportService.generateReportFor(ReportService.java:246)
	at net.thucydides.core.reports.ReportService.lambda$generateReportsFor$0(ReportService.java:184)
	at java.base/java.util.concurrent.Executors$RunnableAdapter.call(Executors.java:539)
	at java.base/java.util.concurrent.FutureTask.run(FutureTask.java:264)
	at java.base/java.util.concurrent.ThreadPoolExecutor.runWorker(ThreadPoolExecutor.java:1136)
	at java.base/java.util.concurrent.ThreadPoolExecutor$Worker.run(ThreadPoolExecutor.java:635)
	at java.base/java.lang.Thread.run(Thread.java:833)

20:13:36.829 [pool-3-thread-2] WARN net.thucydides.core.requirements.RequirementsTagProvider - Failed to load requirements: Illegal char <:> at index 4: file:\C:\Users\LENOVO-PC\OneDrive%20-%20IT-PLN\Dokumen\apenim\Diskusiaza-QE\WEB%20DISKUSIAZA\src\test\resources\web\LandingPage.feature
java.nio.file.InvalidPathException: Illegal char <:> at index 4: file:\C:\Users\LENOVO-PC\OneDrive%20-%20IT-PLN\Dokumen\apenim\Diskusiaza-QE\WEB%20DISKUSIAZA\src\test\resources\web\LandingPage.feature
	at java.base/sun.nio.fs.WindowsPathParser.normalize(WindowsPathParser.java:182)
	at java.base/sun.nio.fs.WindowsPathParser.parse(WindowsPathParser.java:153)
	at java.base/sun.nio.fs.WindowsPathParser.parse(WindowsPathParser.java:77)
	at java.base/sun.nio.fs.WindowsPath.parse(WindowsPath.java:92)
	at java.base/sun.nio.fs.WindowsFileSystem.getPath(WindowsFileSystem.java:232)
	at java.base/java.io.File.toPath(File.java:2387)
	at net.thucydides.core.requirements.RootDirectory.getRelativePathOf(RootDirectory.java:364)
	at net.thucydides.core.requirements.FileSystemRequirementsTagProvider.requirementWithMatchingPath(FileSystemRequirementsTagProvider.java:372)
	at net.thucydides.core.requirements.FileSystemRequirementsTagProvider.getParentRequirementOf(FileSystemRequirementsTagProvider.java:335)
	at net.thucydides.core.requirements.ParentRequirementsProvided.forOutcome(ParentRequirementsProvided.java:26)
	at net.thucydides.core.requirements.BaseRequirementsService.getParentRequirementOf(BaseRequirementsService.java:138)
	at net.thucydides.core.requirements.BaseRequirementsService.getAncestorRequirementsFor(BaseRequirementsService.java:78)
	at net.thucydides.core.reports.html.HtmlAcceptanceTestReporter.addBreadcrumbs(HtmlAcceptanceTestReporter.java:226)
	at net.thucydides.core.reports.html.HtmlAcceptanceTestReporter.addParentRequirmentFieldToContext(HtmlAcceptanceTestReporter.java:214)
	at net.thucydides.core.reports.html.HtmlAcceptanceTestReporter.addTestOutcomeToContext(HtmlAcceptanceTestReporter.java:190)
	at net.thucydides.core.reports.html.HtmlAcceptanceTestReporter.generateScreenshotReportsFor(HtmlAcceptanceTestReporter.java:254)
	at net.thucydides.core.reports.html.HtmlAcceptanceTestReporter.generateReportFor(HtmlAcceptanceTestReporter.java:108)
	at net.thucydides.core.reports.ReportService.generateReportFor(ReportService.java:246)
	at net.thucydides.core.reports.ReportService.lambda$generateReportsFor$0(ReportService.java:184)
	at java.base/java.util.concurrent.Executors$RunnableAdapter.call(Executors.java:539)
	at java.base/java.util.concurrent.FutureTask.run(FutureTask.java:264)
	at java.base/java.util.concurrent.ThreadPoolExecutor.runWorker(ThreadPoolExecutor.java:1136)
	at java.base/java.util.concurrent.ThreadPoolExecutor$Worker.run(ThreadPoolExecutor.java:635)
	at java.base/java.lang.Thread.run(Thread.java:833)

20:13:36.825 [pool-3-thread-4] WARN net.thucydides.core.requirements.RequirementsTagProvider - Failed to load requirements: Illegal char <:> at index 4: file:\C:\Users\LENOVO-PC\OneDrive%20-%20IT-PLN\Dokumen\apenim\Diskusiaza-QE\WEB%20DISKUSIAZA\src\test\resources\web\LandingPage.feature
java.nio.file.InvalidPathException: Illegal char <:> at index 4: file:\C:\Users\LENOVO-PC\OneDrive%20-%20IT-PLN\Dokumen\apenim\Diskusiaza-QE\WEB%20DISKUSIAZA\src\test\resources\web\LandingPage.feature
	at java.base/sun.nio.fs.WindowsPathParser.normalize(WindowsPathParser.java:182)
	at java.base/sun.nio.fs.WindowsPathParser.parse(WindowsPathParser.java:153)
	at java.base/sun.nio.fs.WindowsPathParser.parse(WindowsPathParser.java:77)
	at java.base/sun.nio.fs.WindowsPath.parse(WindowsPath.java:92)
	at java.base/sun.nio.fs.WindowsFileSystem.getPath(WindowsFileSystem.java:232)
	at java.base/java.io.File.toPath(File.java:2387)
	at net.thucydides.core.requirements.RootDirectory.getRelativePathOf(RootDirectory.java:364)
	at net.thucydides.core.requirements.FileSystemRequirementsTagProvider.requirementWithMatchingPath(FileSystemRequirementsTagProvider.java:372)
	at net.thucydides.core.requirements.FileSystemRequirementsTagProvider.getParentRequirementOf(FileSystemRequirementsTagProvider.java:335)
	at net.thucydides.core.requirements.ParentRequirementsProvided.forOutcome(ParentRequirementsProvided.java:26)
	at net.thucydides.core.requirements.BaseRequirementsService.getParentRequirementOf(BaseRequirementsService.java:138)
	at net.thucydides.core.requirements.BaseRequirementsService.getAncestorRequirementsFor(BaseRequirementsService.java:78)
	at net.thucydides.core.reports.html.HtmlAcceptanceTestReporter.addBreadcrumbs(HtmlAcceptanceTestReporter.java:226)
	at net.thucydides.core.reports.html.HtmlAcceptanceTestReporter.addParentRequirmentFieldToContext(HtmlAcceptanceTestReporter.java:214)
	at net.thucydides.core.reports.html.HtmlAcceptanceTestReporter.addTestOutcomeToContext(HtmlAcceptanceTestReporter.java:190)
	at net.thucydides.core.reports.html.HtmlAcceptanceTestReporter.generateScreenshotReportsFor(HtmlAcceptanceTestReporter.java:254)
	at net.thucydides.core.reports.html.HtmlAcceptanceTestReporter.generateReportFor(HtmlAcceptanceTestReporter.java:108)
	at net.thucydides.core.reports.ReportService.generateReportFor(ReportService.java:246)
	at net.thucydides.core.reports.ReportService.lambda$generateReportsFor$0(ReportService.java:184)
	at java.base/java.util.concurrent.Executors$RunnableAdapter.call(Executors.java:539)
	at java.base/java.util.concurrent.FutureTask.run(FutureTask.java:264)
	at java.base/java.util.concurrent.ThreadPoolExecutor.runWorker(ThreadPoolExecutor.java:1136)
	at java.base/java.util.concurrent.ThreadPoolExecutor$Worker.run(ThreadPoolExecutor.java:635)
	at java.base/java.lang.Thread.run(Thread.java:833)

20:13:36.829 [pool-3-thread-1] WARN net.thucydides.core.requirements.RequirementsTagProvider - Failed to load requirements: Illegal char <:> at index 4: file:\C:\Users\LENOVO-PC\OneDrive%20-%20IT-PLN\Dokumen\apenim\Diskusiaza-QE\WEB%20DISKUSIAZA\src\test\resources\web\LandingPage.feature
java.nio.file.InvalidPathException: Illegal char <:> at index 4: file:\C:\Users\LENOVO-PC\OneDrive%20-%20IT-PLN\Dokumen\apenim\Diskusiaza-QE\WEB%20DISKUSIAZA\src\test\resources\web\LandingPage.feature
	at java.base/sun.nio.fs.WindowsPathParser.normalize(WindowsPathParser.java:182)
	at java.base/sun.nio.fs.WindowsPathParser.parse(WindowsPathParser.java:153)
	at java.base/sun.nio.fs.WindowsPathParser.parse(WindowsPathParser.java:77)
	at java.base/sun.nio.fs.WindowsPath.parse(WindowsPath.java:92)
	at java.base/sun.nio.fs.WindowsFileSystem.getPath(WindowsFileSystem.java:232)
	at java.base/java.io.File.toPath(File.java:2387)
	at net.thucydides.core.requirements.RootDirectory.getRelativePathOf(RootDirectory.java:364)
	at net.thucydides.core.requirements.FileSystemRequirementsTagProvider.requirementWithMatchingPath(FileSystemRequirementsTagProvider.java:372)
	at net.thucydides.core.requirements.FileSystemRequirementsTagProvider.getParentRequirementOf(FileSystemRequirementsTagProvider.java:335)
	at net.thucydides.core.requirements.ParentRequirementsProvided.forOutcome(ParentRequirementsProvided.java:26)
	at net.thucydides.core.requirements.BaseRequirementsService.getParentRequirementOf(BaseRequirementsService.java:138)
	at net.thucydides.core.requirements.BaseRequirementsService.getParentRequirementFor(BaseRequirementsService.java:48)
	at net.thucydides.core.reports.html.HtmlAcceptanceTestReporter.addParentRequirmentFieldToContext(HtmlAcceptanceTestReporter.java:196)
	at net.thucydides.core.reports.html.HtmlAcceptanceTestReporter.addTestOutcomeToContext(HtmlAcceptanceTestReporter.java:190)
	at net.thucydides.core.reports.html.HtmlAcceptanceTestReporter.generateScreenshotReportsFor(HtmlAcceptanceTestReporter.java:254)
	at net.thucydides.core.reports.html.HtmlAcceptanceTestReporter.generateReportFor(HtmlAcceptanceTestReporter.java:108)
	at net.thucydides.core.reports.ReportService.generateReportFor(ReportService.java:246)
	at net.thucydides.core.reports.ReportService.lambda$generateReportsFor$0(ReportService.java:184)
	at java.base/java.util.concurrent.Executors$RunnableAdapter.call(Executors.java:539)
	at java.base/java.util.concurrent.FutureTask.run(FutureTask.java:264)
	at java.base/java.util.concurrent.ThreadPoolExecutor.runWorker(ThreadPoolExecutor.java:1136)
	at java.base/java.util.concurrent.ThreadPoolExecutor$Worker.run(ThreadPoolExecutor.java:635)
	at java.base/java.lang.Thread.run(Thread.java:833)

20:13:36.829 [pool-3-thread-5] WARN net.thucydides.core.requirements.RequirementsTagProvider - Failed to load requirements: Illegal char <:> at index 4: file:\C:\Users\LENOVO-PC\OneDrive%20-%20IT-PLN\Dokumen\apenim\Diskusiaza-QE\WEB%20DISKUSIAZA\src\test\resources\web\LandingPage.feature
java.nio.file.InvalidPathException: Illegal char <:> at index 4: file:\C:\Users\LENOVO-PC\OneDrive%20-%20IT-PLN\Dokumen\apenim\Diskusiaza-QE\WEB%20DISKUSIAZA\src\test\resources\web\LandingPage.feature
	at java.base/sun.nio.fs.WindowsPathParser.normalize(WindowsPathParser.java:182)
	at java.base/sun.nio.fs.WindowsPathParser.parse(WindowsPathParser.java:153)
	at java.base/sun.nio.fs.WindowsPathParser.parse(WindowsPathParser.java:77)
	at java.base/sun.nio.fs.WindowsPath.parse(WindowsPath.java:92)
	at java.base/sun.nio.fs.WindowsFileSystem.getPath(WindowsFileSystem.java:232)
	at java.base/java.io.File.toPath(File.java:2387)
	at net.thucydides.core.requirements.RootDirectory.getRelativePathOf(RootDirectory.java:364)
	at net.thucydides.core.requirements.FileSystemRequirementsTagProvider.requirementWithMatchingPath(FileSystemRequirementsTagProvider.java:372)
	at net.thucydides.core.requirements.FileSystemRequirementsTagProvider.getParentRequirementOf(FileSystemRequirementsTagProvider.java:335)
	at net.thucydides.core.requirements.ParentRequirementsProvided.forOutcome(ParentRequirementsProvided.java:26)
	at net.thucydides.core.requirements.BaseRequirementsService.getParentRequirementOf(BaseRequirementsService.java:138)
	at net.thucydides.core.requirements.BaseRequirementsService.getParentRequirementFor(BaseRequirementsService.java:48)
	at net.thucydides.core.reports.html.HtmlAcceptanceTestReporter.addParentRequirmentFieldToContext(HtmlAcceptanceTestReporter.java:196)
	at net.thucydides.core.reports.html.HtmlAcceptanceTestReporter.addTestOutcomeToContext(HtmlAcceptanceTestReporter.java:190)
	at net.thucydides.core.reports.html.HtmlAcceptanceTestReporter.generateScreenshotReportsFor(HtmlAcceptanceTestReporter.java:254)
	at net.thucydides.core.reports.html.HtmlAcceptanceTestReporter.generateReportFor(HtmlAcceptanceTestReporter.java:108)
	at net.thucydides.core.reports.ReportService.generateReportFor(ReportService.java:246)
	at net.thucydides.core.reports.ReportService.lambda$generateReportsFor$0(ReportService.java:184)
	at java.base/java.util.concurrent.Executors$RunnableAdapter.call(Executors.java:539)
	at java.base/java.util.concurrent.FutureTask.run(FutureTask.java:264)
	at java.base/java.util.concurrent.ThreadPoolExecutor.runWorker(ThreadPoolExecutor.java:1136)
	at java.base/java.util.concurrent.ThreadPoolExecutor$Worker.run(ThreadPoolExecutor.java:635)
	at java.base/java.lang.Thread.run(Thread.java:833)

20:13:36.829 [pool-3-thread-6] WARN net.thucydides.core.requirements.RequirementsTagProvider - Failed to load requirements: Illegal char <:> at index 4: file:\C:\Users\LENOVO-PC\OneDrive%20-%20IT-PLN\Dokumen\apenim\Diskusiaza-QE\WEB%20DISKUSIAZA\src\test\resources\web\LandingPage.feature
java.nio.file.InvalidPathException: Illegal char <:> at index 4: file:\C:\Users\LENOVO-PC\OneDrive%20-%20IT-PLN\Dokumen\apenim\Diskusiaza-QE\WEB%20DISKUSIAZA\src\test\resources\web\LandingPage.feature
	at java.base/sun.nio.fs.WindowsPathParser.normalize(WindowsPathParser.java:182)
	at java.base/sun.nio.fs.WindowsPathParser.parse(WindowsPathParser.java:153)
	at java.base/sun.nio.fs.WindowsPathParser.parse(WindowsPathParser.java:77)
	at java.base/sun.nio.fs.WindowsPath.parse(WindowsPath.java:92)
	at java.base/sun.nio.fs.WindowsFileSystem.getPath(WindowsFileSystem.java:232)
	at java.base/java.io.File.toPath(File.java:2387)
	at net.thucydides.core.requirements.RootDirectory.getRelativePathOf(RootDirectory.java:364)
	at net.thucydides.core.requirements.FileSystemRequirementsTagProvider.requirementWithMatchingPath(FileSystemRequirementsTagProvider.java:372)
	at net.thucydides.core.requirements.FileSystemRequirementsTagProvider.getParentRequirementOf(FileSystemRequirementsTagProvider.java:335)
	at net.thucydides.core.requirements.ParentRequirementsProvided.forOutcome(ParentRequirementsProvided.java:26)
	at net.thucydides.core.requirements.BaseRequirementsService.getParentRequirementOf(BaseRequirementsService.java:138)
	at net.thucydides.core.requirements.BaseRequirementsService.getAncestorRequirementsFor(BaseRequirementsService.java:78)
	at net.thucydides.core.reports.html.HtmlAcceptanceTestReporter.addBreadcrumbs(HtmlAcceptanceTestReporter.java:226)
	at net.thucydides.core.reports.html.HtmlAcceptanceTestReporter.addParentRequirmentFieldToContext(HtmlAcceptanceTestReporter.java:214)
	at net.thucydides.core.reports.html.HtmlAcceptanceTestReporter.addTestOutcomeToContext(HtmlAcceptanceTestReporter.java:190)
	at net.thucydides.core.reports.html.HtmlAcceptanceTestReporter.generateScreenshotReportsFor(HtmlAcceptanceTestReporter.java:254)
	at net.thucydides.core.reports.html.HtmlAcceptanceTestReporter.generateReportFor(HtmlAcceptanceTestReporter.java:108)
	at net.thucydides.core.reports.ReportService.generateReportFor(ReportService.java:246)
	at net.thucydides.core.reports.ReportService.lambda$generateReportsFor$0(ReportService.java:184)
	at java.base/java.util.concurrent.Executors$RunnableAdapter.call(Executors.java:539)
	at java.base/java.util.concurrent.FutureTask.run(FutureTask.java:264)
	at java.base/java.util.concurrent.ThreadPoolExecutor.runWorker(ThreadPoolExecutor.java:1136)
	at java.base/java.util.concurrent.ThreadPoolExecutor$Worker.run(ThreadPoolExecutor.java:635)
	at java.base/java.lang.Thread.run(Thread.java:833)

20:13:36.829 [pool-3-thread-2] WARN net.thucydides.core.requirements.RequirementsTagProvider - Failed to load requirements: Illegal char <:> at index 4: file:\C:\Users\LENOVO-PC\OneDrive%20-%20IT-PLN\Dokumen\apenim\Diskusiaza-QE\WEB%20DISKUSIAZA\src\test\resources\web\LandingPage.feature
java.nio.file.InvalidPathException: Illegal char <:> at index 4: file:\C:\Users\LENOVO-PC\OneDrive%20-%20IT-PLN\Dokumen\apenim\Diskusiaza-QE\WEB%20DISKUSIAZA\src\test\resources\web\LandingPage.feature
	at java.base/sun.nio.fs.WindowsPathParser.normalize(WindowsPathParser.java:182)
	at java.base/sun.nio.fs.WindowsPathParser.parse(WindowsPathParser.java:153)
	at java.base/sun.nio.fs.WindowsPathParser.parse(WindowsPathParser.java:77)
	at java.base/sun.nio.fs.WindowsPath.parse(WindowsPath.java:92)
	at java.base/sun.nio.fs.WindowsFileSystem.getPath(WindowsFileSystem.java:232)
	at java.base/java.io.File.toPath(File.java:2387)
	at net.thucydides.core.requirements.RootDirectory.getRelativePathOf(RootDirectory.java:364)
	at net.thucydides.core.requirements.FileSystemRequirementsTagProvider.requirementWithMatchingPath(FileSystemRequirementsTagProvider.java:372)
	at net.thucydides.core.requirements.FileSystemRequirementsTagProvider.getParentRequirementOf(FileSystemRequirementsTagProvider.java:335)
	at net.thucydides.core.requirements.ParentRequirementsProvided.forOutcome(ParentRequirementsProvided.java:26)
	at net.thucydides.core.requirements.BaseRequirementsService.getParentRequirementOf(BaseRequirementsService.java:138)
	at net.thucydides.core.requirements.BaseRequirementsService.getAncestorRequirementsFor(BaseRequirementsService.java:78)
	at net.thucydides.core.tags.BreadcrumbTagFilter.getRequirementBreadcrumbsFrom(BreadcrumbTagFilter.java:51)
	at net.thucydides.core.reports.html.HtmlAcceptanceTestReporter.addBreadcrumbs(HtmlAcceptanceTestReporter.java:227)
	at net.thucydides.core.reports.html.HtmlAcceptanceTestReporter.addParentRequirmentFieldToContext(HtmlAcceptanceTestReporter.java:214)
	at net.thucydides.core.reports.html.HtmlAcceptanceTestReporter.addTestOutcomeToContext(HtmlAcceptanceTestReporter.java:190)
	at net.thucydides.core.reports.html.HtmlAcceptanceTestReporter.generateScreenshotReportsFor(HtmlAcceptanceTestReporter.java:254)
	at net.thucydides.core.reports.html.HtmlAcceptanceTestReporter.generateReportFor(HtmlAcceptanceTestReporter.java:108)
	at net.thucydides.core.reports.ReportService.generateReportFor(ReportService.java:246)
	at net.thucydides.core.reports.ReportService.lambda$generateReportsFor$0(ReportService.java:184)
	at java.base/java.util.concurrent.Executors$RunnableAdapter.call(Executors.java:539)
	at java.base/java.util.concurrent.FutureTask.run(FutureTask.java:264)
	at java.base/java.util.concurrent.ThreadPoolExecutor.runWorker(ThreadPoolExecutor.java:1136)
	at java.base/java.util.concurrent.ThreadPoolExecutor$Worker.run(ThreadPoolExecutor.java:635)
	at java.base/java.lang.Thread.run(Thread.java:833)

20:13:36.829 [pool-3-thread-4] WARN net.thucydides.core.requirements.RequirementsTagProvider - Failed to load requirements: Illegal char <:> at index 4: file:\C:\Users\LENOVO-PC\OneDrive%20-%20IT-PLN\Dokumen\apenim\Diskusiaza-QE\WEB%20DISKUSIAZA\src\test\resources\web\LandingPage.feature
java.nio.file.InvalidPathException: Illegal char <:> at index 4: file:\C:\Users\LENOVO-PC\OneDrive%20-%20IT-PLN\Dokumen\apenim\Diskusiaza-QE\WEB%20DISKUSIAZA\src\test\resources\web\LandingPage.feature
	at java.base/sun.nio.fs.WindowsPathParser.normalize(WindowsPathParser.java:182)
	at java.base/sun.nio.fs.WindowsPathParser.parse(WindowsPathParser.java:153)
	at java.base/sun.nio.fs.WindowsPathParser.parse(WindowsPathParser.java:77)
	at java.base/sun.nio.fs.WindowsPath.parse(WindowsPath.java:92)
	at java.base/sun.nio.fs.WindowsFileSystem.getPath(WindowsFileSystem.java:232)
	at java.base/java.io.File.toPath(File.java:2387)
	at net.thucydides.core.requirements.RootDirectory.getRelativePathOf(RootDirectory.java:364)
	at net.thucydides.core.requirements.FileSystemRequirementsTagProvider.requirementWithMatchingPath(FileSystemRequirementsTagProvider.java:372)
	at net.thucydides.core.requirements.FileSystemRequirementsTagProvider.getParentRequirementOf(FileSystemRequirementsTagProvider.java:335)
	at net.thucydides.core.requirements.ParentRequirementsProvided.forOutcome(ParentRequirementsProvided.java:26)
	at net.thucydides.core.requirements.BaseRequirementsService.getParentRequirementOf(BaseRequirementsService.java:138)
	at net.thucydides.core.requirements.BaseRequirementsService.getAncestorRequirementsFor(BaseRequirementsService.java:78)
	at net.thucydides.core.tags.BreadcrumbTagFilter.getRequirementBreadcrumbsFrom(BreadcrumbTagFilter.java:51)
	at net.thucydides.core.reports.html.HtmlAcceptanceTestReporter.addBreadcrumbs(HtmlAcceptanceTestReporter.java:227)
	at net.thucydides.core.reports.html.HtmlAcceptanceTestReporter.addParentRequirmentFieldToContext(HtmlAcceptanceTestReporter.java:214)
	at net.thucydides.core.reports.html.HtmlAcceptanceTestReporter.addTestOutcomeToContext(HtmlAcceptanceTestReporter.java:190)
	at net.thucydides.core.reports.html.HtmlAcceptanceTestReporter.generateScreenshotReportsFor(HtmlAcceptanceTestReporter.java:254)
	at net.thucydides.core.reports.html.HtmlAcceptanceTestReporter.generateReportFor(HtmlAcceptanceTestReporter.java:108)
	at net.thucydides.core.reports.ReportService.generateReportFor(ReportService.java:246)
	at net.thucydides.core.reports.ReportService.lambda$generateReportsFor$0(ReportService.java:184)
	at java.base/java.util.concurrent.Executors$RunnableAdapter.call(Executors.java:539)
	at java.base/java.util.concurrent.FutureTask.run(FutureTask.java:264)
	at java.base/java.util.concurrent.ThreadPoolExecutor.runWorker(ThreadPoolExecutor.java:1136)
	at java.base/java.util.concurrent.ThreadPoolExecutor$Worker.run(ThreadPoolExecutor.java:635)
	at java.base/java.lang.Thread.run(Thread.java:833)

20:13:36.834 [pool-3-thread-3] WARN net.thucydides.core.requirements.RequirementsTagProvider - Failed to load requirements: Illegal char <:> at index 4: file:\C:\Users\LENOVO-PC\OneDrive%20-%20IT-PLN\Dokumen\apenim\Diskusiaza-QE\WEB%20DISKUSIAZA\src\test\resources\web\LandingPage.feature
java.nio.file.InvalidPathException: Illegal char <:> at index 4: file:\C:\Users\LENOVO-PC\OneDrive%20-%20IT-PLN\Dokumen\apenim\Diskusiaza-QE\WEB%20DISKUSIAZA\src\test\resources\web\LandingPage.feature
	at java.base/sun.nio.fs.WindowsPathParser.normalize(WindowsPathParser.java:182)
	at java.base/sun.nio.fs.WindowsPathParser.parse(WindowsPathParser.java:153)
	at java.base/sun.nio.fs.WindowsPathParser.parse(WindowsPathParser.java:77)
	at java.base/sun.nio.fs.WindowsPath.parse(WindowsPath.java:92)
	at java.base/sun.nio.fs.WindowsFileSystem.getPath(WindowsFileSystem.java:232)
	at java.base/java.io.File.toPath(File.java:2387)
	at net.thucydides.core.requirements.RootDirectory.getRelativePathOf(RootDirectory.java:364)
	at net.thucydides.core.requirements.FileSystemRequirementsTagProvider.requirementWithMatchingPath(FileSystemRequirementsTagProvider.java:372)
	at net.thucydides.core.requirements.FileSystemRequirementsTagProvider.getParentRequirementOf(FileSystemRequirementsTagProvider.java:335)
	at net.thucydides.core.requirements.ParentRequirementsProvided.forOutcome(ParentRequirementsProvided.java:26)
	at net.thucydides.core.requirements.BaseRequirementsService.getParentRequirementOf(BaseRequirementsService.java:138)
	at net.thucydides.core.requirements.BaseRequirementsService.getParentRequirementFor(BaseRequirementsService.java:48)
	at net.thucydides.core.reports.html.HtmlAcceptanceTestReporter.addParentRequirmentFieldToContext(HtmlAcceptanceTestReporter.java:196)
	at net.thucydides.core.reports.html.HtmlAcceptanceTestReporter.addTestOutcomeToContext(HtmlAcceptanceTestReporter.java:190)
	at net.thucydides.core.reports.html.HtmlAcceptanceTestReporter.generateScreenshotReportsFor(HtmlAcceptanceTestReporter.java:254)
	at net.thucydides.core.reports.html.HtmlAcceptanceTestReporter.generateReportFor(HtmlAcceptanceTestReporter.java:108)
	at net.thucydides.core.reports.ReportService.generateReportFor(ReportService.java:246)
	at net.thucydides.core.reports.ReportService.lambda$generateReportsFor$0(ReportService.java:184)
	at java.base/java.util.concurrent.Executors$RunnableAdapter.call(Executors.java:539)
	at java.base/java.util.concurrent.FutureTask.run(FutureTask.java:264)
	at java.base/java.util.concurrent.ThreadPoolExecutor.runWorker(ThreadPoolExecutor.java:1136)
	at java.base/java.util.concurrent.ThreadPoolExecutor$Worker.run(ThreadPoolExecutor.java:635)
	at java.base/java.lang.Thread.run(Thread.java:833)

20:13:36.834 [pool-3-thread-6] WARN net.thucydides.core.requirements.RequirementsTagProvider - Failed to load requirements: Illegal char <:> at index 4: file:\C:\Users\LENOVO-PC\OneDrive%20-%20IT-PLN\Dokumen\apenim\Diskusiaza-QE\WEB%20DISKUSIAZA\src\test\resources\web\LandingPage.feature
java.nio.file.InvalidPathException: Illegal char <:> at index 4: file:\C:\Users\LENOVO-PC\OneDrive%20-%20IT-PLN\Dokumen\apenim\Diskusiaza-QE\WEB%20DISKUSIAZA\src\test\resources\web\LandingPage.feature
	at java.base/sun.nio.fs.WindowsPathParser.normalize(WindowsPathParser.java:182)
	at java.base/sun.nio.fs.WindowsPathParser.parse(WindowsPathParser.java:153)
	at java.base/sun.nio.fs.WindowsPathParser.parse(WindowsPathParser.java:77)
	at java.base/sun.nio.fs.WindowsPath.parse(WindowsPath.java:92)
	at java.base/sun.nio.fs.WindowsFileSystem.getPath(WindowsFileSystem.java:232)
	at java.base/java.io.File.toPath(File.java:2387)
	at net.thucydides.core.requirements.RootDirectory.getRelativePathOf(RootDirectory.java:364)
	at net.thucydides.core.requirements.FileSystemRequirementsTagProvider.requirementWithMatchingPath(FileSystemRequirementsTagProvider.java:372)
	at net.thucydides.core.requirements.FileSystemRequirementsTagProvider.getParentRequirementOf(FileSystemRequirementsTagProvider.java:335)
	at net.thucydides.core.requirements.ParentRequirementsProvided.forOutcome(ParentRequirementsProvided.java:26)
	at net.thucydides.core.requirements.BaseRequirementsService.getParentRequirementOf(BaseRequirementsService.java:138)
	at net.thucydides.core.requirements.BaseRequirementsService.getAncestorRequirementsFor(BaseRequirementsService.java:78)
	at net.thucydides.core.tags.BreadcrumbTagFilter.getRequirementBreadcrumbsFrom(BreadcrumbTagFilter.java:51)
	at net.thucydides.core.reports.html.HtmlAcceptanceTestReporter.addBreadcrumbs(HtmlAcceptanceTestReporter.java:227)
	at net.thucydides.core.reports.html.HtmlAcceptanceTestReporter.addParentRequirmentFieldToContext(HtmlAcceptanceTestReporter.java:214)
	at net.thucydides.core.reports.html.HtmlAcceptanceTestReporter.addTestOutcomeToContext(HtmlAcceptanceTestReporter.java:190)
	at net.thucydides.core.reports.html.HtmlAcceptanceTestReporter.generateScreenshotReportsFor(HtmlAcceptanceTestReporter.java:254)
	at net.thucydides.core.reports.html.HtmlAcceptanceTestReporter.generateReportFor(HtmlAcceptanceTestReporter.java:108)
	at net.thucydides.core.reports.ReportService.generateReportFor(ReportService.java:246)
	at net.thucydides.core.reports.ReportService.lambda$generateReportsFor$0(ReportService.java:184)
	at java.base/java.util.concurrent.Executors$RunnableAdapter.call(Executors.java:539)
	at java.base/java.util.concurrent.FutureTask.run(FutureTask.java:264)
	at java.base/java.util.concurrent.ThreadPoolExecutor.runWorker(ThreadPoolExecutor.java:1136)
	at java.base/java.util.concurrent.ThreadPoolExecutor$Worker.run(ThreadPoolExecutor.java:635)
	at java.base/java.lang.Thread.run(Thread.java:833)

20:13:36.834 [pool-3-thread-1] WARN net.thucydides.core.requirements.RequirementsTagProvider - Failed to load requirements: Illegal char <:> at index 4: file:\C:\Users\LENOVO-PC\OneDrive%20-%20IT-PLN\Dokumen\apenim\Diskusiaza-QE\WEB%20DISKUSIAZA\src\test\resources\web\LandingPage.feature
java.nio.file.InvalidPathException: Illegal char <:> at index 4: file:\C:\Users\LENOVO-PC\OneDrive%20-%20IT-PLN\Dokumen\apenim\Diskusiaza-QE\WEB%20DISKUSIAZA\src\test\resources\web\LandingPage.feature
	at java.base/sun.nio.fs.WindowsPathParser.normalize(WindowsPathParser.java:182)
	at java.base/sun.nio.fs.WindowsPathParser.parse(WindowsPathParser.java:153)
	at java.base/sun.nio.fs.WindowsPathParser.parse(WindowsPathParser.java:77)
	at java.base/sun.nio.fs.WindowsPath.parse(WindowsPath.java:92)
	at java.base/sun.nio.fs.WindowsFileSystem.getPath(WindowsFileSystem.java:232)
	at java.base/java.io.File.toPath(File.java:2387)
	at net.thucydides.core.requirements.RootDirectory.getRelativePathOf(RootDirectory.java:364)
	at net.thucydides.core.requirements.FileSystemRequirementsTagProvider.requirementWithMatchingPath(FileSystemRequirementsTagProvider.java:372)
	at net.thucydides.core.requirements.FileSystemRequirementsTagProvider.getParentRequirementOf(FileSystemRequirementsTagProvider.java:335)
	at net.thucydides.core.requirements.ParentRequirementsProvided.forOutcome(ParentRequirementsProvided.java:26)
	at net.thucydides.core.requirements.BaseRequirementsService.getParentRequirementOf(BaseRequirementsService.java:138)
	at net.thucydides.core.requirements.BaseRequirementsService.getAncestorRequirementsFor(BaseRequirementsService.java:78)
	at net.thucydides.core.reports.html.HtmlAcceptanceTestReporter.addBreadcrumbs(HtmlAcceptanceTestReporter.java:226)
	at net.thucydides.core.reports.html.HtmlAcceptanceTestReporter.addParentRequirmentFieldToContext(HtmlAcceptanceTestReporter.java:214)
	at net.thucydides.core.reports.html.HtmlAcceptanceTestReporter.addTestOutcomeToContext(HtmlAcceptanceTestReporter.java:190)
	at net.thucydides.core.reports.html.HtmlAcceptanceTestReporter.generateScreenshotReportsFor(HtmlAcceptanceTestReporter.java:254)
	at net.thucydides.core.reports.html.HtmlAcceptanceTestReporter.generateReportFor(HtmlAcceptanceTestReporter.java:108)
	at net.thucydides.core.reports.ReportService.generateReportFor(ReportService.java:246)
	at net.thucydides.core.reports.ReportService.lambda$generateReportsFor$0(ReportService.java:184)
	at java.base/java.util.concurrent.Executors$RunnableAdapter.call(Executors.java:539)
	at java.base/java.util.concurrent.FutureTask.run(FutureTask.java:264)
	at java.base/java.util.concurrent.ThreadPoolExecutor.runWorker(ThreadPoolExecutor.java:1136)
	at java.base/java.util.concurrent.ThreadPoolExecutor$Worker.run(ThreadPoolExecutor.java:635)
	at java.base/java.lang.Thread.run(Thread.java:833)

20:13:36.835 [pool-3-thread-1] WARN net.thucydides.core.requirements.RequirementsTagProvider - Failed to load requirements: Illegal char <:> at index 4: file:\C:\Users\LENOVO-PC\OneDrive%20-%20IT-PLN\Dokumen\apenim\Diskusiaza-QE\WEB%20DISKUSIAZA\src\test\resources\web\LandingPage.feature
java.nio.file.InvalidPathException: Illegal char <:> at index 4: file:\C:\Users\LENOVO-PC\OneDrive%20-%20IT-PLN\Dokumen\apenim\Diskusiaza-QE\WEB%20DISKUSIAZA\src\test\resources\web\LandingPage.feature
	at java.base/sun.nio.fs.WindowsPathParser.normalize(WindowsPathParser.java:182)
	at java.base/sun.nio.fs.WindowsPathParser.parse(WindowsPathParser.java:153)
	at java.base/sun.nio.fs.WindowsPathParser.parse(WindowsPathParser.java:77)
	at java.base/sun.nio.fs.WindowsPath.parse(WindowsPath.java:92)
	at java.base/sun.nio.fs.WindowsFileSystem.getPath(WindowsFileSystem.java:232)
	at java.base/java.io.File.toPath(File.java:2387)
	at net.thucydides.core.requirements.RootDirectory.getRelativePathOf(RootDirectory.java:364)
	at net.thucydides.core.requirements.FileSystemRequirementsTagProvider.requirementWithMatchingPath(FileSystemRequirementsTagProvider.java:372)
	at net.thucydides.core.requirements.FileSystemRequirementsTagProvider.getParentRequirementOf(FileSystemRequirementsTagProvider.java:335)
	at net.thucydides.core.requirements.ParentRequirementsProvided.forOutcome(ParentRequirementsProvided.java:26)
	at net.thucydides.core.requirements.BaseRequirementsService.getParentRequirementOf(BaseRequirementsService.java:138)
	at net.thucydides.core.requirements.BaseRequirementsService.getAncestorRequirementsFor(BaseRequirementsService.java:78)
	at net.thucydides.core.tags.BreadcrumbTagFilter.getRequirementBreadcrumbsFrom(BreadcrumbTagFilter.java:51)
	at net.thucydides.core.reports.html.HtmlAcceptanceTestReporter.addBreadcrumbs(HtmlAcceptanceTestReporter.java:227)
	at net.thucydides.core.reports.html.HtmlAcceptanceTestReporter.addParentRequirmentFieldToContext(HtmlAcceptanceTestReporter.java:214)
	at net.thucydides.core.reports.html.HtmlAcceptanceTestReporter.addTestOutcomeToContext(HtmlAcceptanceTestReporter.java:190)
	at net.thucydides.core.reports.html.HtmlAcceptanceTestReporter.generateScreenshotReportsFor(HtmlAcceptanceTestReporter.java:254)
	at net.thucydides.core.reports.html.HtmlAcceptanceTestReporter.generateReportFor(HtmlAcceptanceTestReporter.java:108)
	at net.thucydides.core.reports.ReportService.generateReportFor(ReportService.java:246)
	at net.thucydides.core.reports.ReportService.lambda$generateReportsFor$0(ReportService.java:184)
	at java.base/java.util.concurrent.Executors$RunnableAdapter.call(Executors.java:539)
	at java.base/java.util.concurrent.FutureTask.run(FutureTask.java:264)
	at java.base/java.util.concurrent.ThreadPoolExecutor.runWorker(ThreadPoolExecutor.java:1136)
	at java.base/java.util.concurrent.ThreadPoolExecutor$Worker.run(ThreadPoolExecutor.java:635)
	at java.base/java.lang.Thread.run(Thread.java:833)

20:13:36.835 [pool-3-thread-3] WARN net.thucydides.core.requirements.RequirementsTagProvider - Failed to load requirements: Illegal char <:> at index 4: file:\C:\Users\LENOVO-PC\OneDrive%20-%20IT-PLN\Dokumen\apenim\Diskusiaza-QE\WEB%20DISKUSIAZA\src\test\resources\web\LandingPage.feature
java.nio.file.InvalidPathException: Illegal char <:> at index 4: file:\C:\Users\LENOVO-PC\OneDrive%20-%20IT-PLN\Dokumen\apenim\Diskusiaza-QE\WEB%20DISKUSIAZA\src\test\resources\web\LandingPage.feature
	at java.base/sun.nio.fs.WindowsPathParser.normalize(WindowsPathParser.java:182)
	at java.base/sun.nio.fs.WindowsPathParser.parse(WindowsPathParser.java:153)
	at java.base/sun.nio.fs.WindowsPathParser.parse(WindowsPathParser.java:77)
	at java.base/sun.nio.fs.WindowsPath.parse(WindowsPath.java:92)
	at java.base/sun.nio.fs.WindowsFileSystem.getPath(WindowsFileSystem.java:232)
	at java.base/java.io.File.toPath(File.java:2387)
	at net.thucydides.core.requirements.RootDirectory.getRelativePathOf(RootDirectory.java:364)
	at net.thucydides.core.requirements.FileSystemRequirementsTagProvider.requirementWithMatchingPath(FileSystemRequirementsTagProvider.java:372)
	at net.thucydides.core.requirements.FileSystemRequirementsTagProvider.getParentRequirementOf(FileSystemRequirementsTagProvider.java:335)
	at net.thucydides.core.requirements.ParentRequirementsProvided.forOutcome(ParentRequirementsProvided.java:26)
	at net.thucydides.core.requirements.BaseRequirementsService.getParentRequirementOf(BaseRequirementsService.java:138)
	at net.thucydides.core.requirements.BaseRequirementsService.getAncestorRequirementsFor(BaseRequirementsService.java:78)
	at net.thucydides.core.reports.html.HtmlAcceptanceTestReporter.addBreadcrumbs(HtmlAcceptanceTestReporter.java:226)
	at net.thucydides.core.reports.html.HtmlAcceptanceTestReporter.addParentRequirmentFieldToContext(HtmlAcceptanceTestReporter.java:214)
	at net.thucydides.core.reports.html.HtmlAcceptanceTestReporter.addTestOutcomeToContext(HtmlAcceptanceTestReporter.java:190)
	at net.thucydides.core.reports.html.HtmlAcceptanceTestReporter.generateScreenshotReportsFor(HtmlAcceptanceTestReporter.java:254)
	at net.thucydides.core.reports.html.HtmlAcceptanceTestReporter.generateReportFor(HtmlAcceptanceTestReporter.java:108)
	at net.thucydides.core.reports.ReportService.generateReportFor(ReportService.java:246)
	at net.thucydides.core.reports.ReportService.lambda$generateReportsFor$0(ReportService.java:184)
	at java.base/java.util.concurrent.Executors$RunnableAdapter.call(Executors.java:539)
	at java.base/java.util.concurrent.FutureTask.run(FutureTask.java:264)
	at java.base/java.util.concurrent.ThreadPoolExecutor.runWorker(ThreadPoolExecutor.java:1136)
	at java.base/java.util.concurrent.ThreadPoolExecutor$Worker.run(ThreadPoolExecutor.java:635)
	at java.base/java.lang.Thread.run(Thread.java:833)

20:13:36.834 [pool-3-thread-5] WARN net.thucydides.core.requirements.RequirementsTagProvider - Failed to load requirements: Illegal char <:> at index 4: file:\C:\Users\LENOVO-PC\OneDrive%20-%20IT-PLN\Dokumen\apenim\Diskusiaza-QE\WEB%20DISKUSIAZA\src\test\resources\web\LandingPage.feature
java.nio.file.InvalidPathException: Illegal char <:> at index 4: file:\C:\Users\LENOVO-PC\OneDrive%20-%20IT-PLN\Dokumen\apenim\Diskusiaza-QE\WEB%20DISKUSIAZA\src\test\resources\web\LandingPage.feature
	at java.base/sun.nio.fs.WindowsPathParser.normalize(WindowsPathParser.java:182)
	at java.base/sun.nio.fs.WindowsPathParser.parse(WindowsPathParser.java:153)
	at java.base/sun.nio.fs.WindowsPathParser.parse(WindowsPathParser.java:77)
	at java.base/sun.nio.fs.WindowsPath.parse(WindowsPath.java:92)
	at java.base/sun.nio.fs.WindowsFileSystem.getPath(WindowsFileSystem.java:232)
	at java.base/java.io.File.toPath(File.java:2387)
	at net.thucydides.core.requirements.RootDirectory.getRelativePathOf(RootDirectory.java:364)
	at net.thucydides.core.requirements.FileSystemRequirementsTagProvider.requirementWithMatchingPath(FileSystemRequirementsTagProvider.java:372)
	at net.thucydides.core.requirements.FileSystemRequirementsTagProvider.getParentRequirementOf(FileSystemRequirementsTagProvider.java:335)
	at net.thucydides.core.requirements.ParentRequirementsProvided.forOutcome(ParentRequirementsProvided.java:26)
	at net.thucydides.core.requirements.BaseRequirementsService.getParentRequirementOf(BaseRequirementsService.java:138)
	at net.thucydides.core.requirements.BaseRequirementsService.getAncestorRequirementsFor(BaseRequirementsService.java:78)
	at net.thucydides.core.reports.html.HtmlAcceptanceTestReporter.addBreadcrumbs(HtmlAcceptanceTestReporter.java:226)
	at net.thucydides.core.reports.html.HtmlAcceptanceTestReporter.addParentRequirmentFieldToContext(HtmlAcceptanceTestReporter.java:214)
	at net.thucydides.core.reports.html.HtmlAcceptanceTestReporter.addTestOutcomeToContext(HtmlAcceptanceTestReporter.java:190)
	at net.thucydides.core.reports.html.HtmlAcceptanceTestReporter.generateScreenshotReportsFor(HtmlAcceptanceTestReporter.java:254)
	at net.thucydides.core.reports.html.HtmlAcceptanceTestReporter.generateReportFor(HtmlAcceptanceTestReporter.java:108)
	at net.thucydides.core.reports.ReportService.generateReportFor(ReportService.java:246)
	at net.thucydides.core.reports.ReportService.lambda$generateReportsFor$0(ReportService.java:184)
	at java.base/java.util.concurrent.Executors$RunnableAdapter.call(Executors.java:539)
	at java.base/java.util.concurrent.FutureTask.run(FutureTask.java:264)
	at java.base/java.util.concurrent.ThreadPoolExecutor.runWorker(ThreadPoolExecutor.java:1136)
	at java.base/java.util.concurrent.ThreadPoolExecutor$Worker.run(ThreadPoolExecutor.java:635)
	at java.base/java.lang.Thread.run(Thread.java:833)

20:13:36.836 [pool-3-thread-3] WARN net.thucydides.core.requirements.RequirementsTagProvider - Failed to load requirements: Illegal char <:> at index 4: file:\C:\Users\LENOVO-PC\OneDrive%20-%20IT-PLN\Dokumen\apenim\Diskusiaza-QE\WEB%20DISKUSIAZA\src\test\resources\web\LandingPage.feature
java.nio.file.InvalidPathException: Illegal char <:> at index 4: file:\C:\Users\LENOVO-PC\OneDrive%20-%20IT-PLN\Dokumen\apenim\Diskusiaza-QE\WEB%20DISKUSIAZA\src\test\resources\web\LandingPage.feature
	at java.base/sun.nio.fs.WindowsPathParser.normalize(WindowsPathParser.java:182)
	at java.base/sun.nio.fs.WindowsPathParser.parse(WindowsPathParser.java:153)
	at java.base/sun.nio.fs.WindowsPathParser.parse(WindowsPathParser.java:77)
	at java.base/sun.nio.fs.WindowsPath.parse(WindowsPath.java:92)
	at java.base/sun.nio.fs.WindowsFileSystem.getPath(WindowsFileSystem.java:232)
	at java.base/java.io.File.toPath(File.java:2387)
	at net.thucydides.core.requirements.RootDirectory.getRelativePathOf(RootDirectory.java:364)
	at net.thucydides.core.requirements.FileSystemRequirementsTagProvider.requirementWithMatchingPath(FileSystemRequirementsTagProvider.java:372)
	at net.thucydides.core.requirements.FileSystemRequirementsTagProvider.getParentRequirementOf(FileSystemRequirementsTagProvider.java:335)
	at net.thucydides.core.requirements.ParentRequirementsProvided.forOutcome(ParentRequirementsProvided.java:26)
	at net.thucydides.core.requirements.BaseRequirementsService.getParentRequirementOf(BaseRequirementsService.java:138)
	at net.thucydides.core.requirements.BaseRequirementsService.getAncestorRequirementsFor(BaseRequirementsService.java:78)
	at net.thucydides.core.tags.BreadcrumbTagFilter.getRequirementBreadcrumbsFrom(BreadcrumbTagFilter.java:51)
	at net.thucydides.core.reports.html.HtmlAcceptanceTestReporter.addBreadcrumbs(HtmlAcceptanceTestReporter.java:227)
	at net.thucydides.core.reports.html.HtmlAcceptanceTestReporter.addParentRequirmentFieldToContext(HtmlAcceptanceTestReporter.java:214)
	at net.thucydides.core.reports.html.HtmlAcceptanceTestReporter.addTestOutcomeToContext(HtmlAcceptanceTestReporter.java:190)
	at net.thucydides.core.reports.html.HtmlAcceptanceTestReporter.generateScreenshotReportsFor(HtmlAcceptanceTestReporter.java:254)
	at net.thucydides.core.reports.html.HtmlAcceptanceTestReporter.generateReportFor(HtmlAcceptanceTestReporter.java:108)
	at net.thucydides.core.reports.ReportService.generateReportFor(ReportService.java:246)
	at net.thucydides.core.reports.ReportService.lambda$generateReportsFor$0(ReportService.java:184)
	at java.base/java.util.concurrent.Executors$RunnableAdapter.call(Executors.java:539)
	at java.base/java.util.concurrent.FutureTask.run(FutureTask.java:264)
	at java.base/java.util.concurrent.ThreadPoolExecutor.runWorker(ThreadPoolExecutor.java:1136)
	at java.base/java.util.concurrent.ThreadPoolExecutor$Worker.run(ThreadPoolExecutor.java:635)
	at java.base/java.lang.Thread.run(Thread.java:833)

20:13:36.836 [pool-3-thread-5] WARN net.thucydides.core.requirements.RequirementsTagProvider - Failed to load requirements: Illegal char <:> at index 4: file:\C:\Users\LENOVO-PC\OneDrive%20-%20IT-PLN\Dokumen\apenim\Diskusiaza-QE\WEB%20DISKUSIAZA\src\test\resources\web\LandingPage.feature
java.nio.file.InvalidPathException: Illegal char <:> at index 4: file:\C:\Users\LENOVO-PC\OneDrive%20-%20IT-PLN\Dokumen\apenim\Diskusiaza-QE\WEB%20DISKUSIAZA\src\test\resources\web\LandingPage.feature
	at java.base/sun.nio.fs.WindowsPathParser.normalize(WindowsPathParser.java:182)
	at java.base/sun.nio.fs.WindowsPathParser.parse(WindowsPathParser.java:153)
	at java.base/sun.nio.fs.WindowsPathParser.parse(WindowsPathParser.java:77)
	at java.base/sun.nio.fs.WindowsPath.parse(WindowsPath.java:92)
	at java.base/sun.nio.fs.WindowsFileSystem.getPath(WindowsFileSystem.java:232)
	at java.base/java.io.File.toPath(File.java:2387)
	at net.thucydides.core.requirements.RootDirectory.getRelativePathOf(RootDirectory.java:364)
	at net.thucydides.core.requirements.FileSystemRequirementsTagProvider.requirementWithMatchingPath(FileSystemRequirementsTagProvider.java:372)
	at net.thucydides.core.requirements.FileSystemRequirementsTagProvider.getParentRequirementOf(FileSystemRequirementsTagProvider.java:335)
	at net.thucydides.core.requirements.ParentRequirementsProvided.forOutcome(ParentRequirementsProvided.java:26)
	at net.thucydides.core.requirements.BaseRequirementsService.getParentRequirementOf(BaseRequirementsService.java:138)
	at net.thucydides.core.requirements.BaseRequirementsService.getAncestorRequirementsFor(BaseRequirementsService.java:78)
	at net.thucydides.core.tags.BreadcrumbTagFilter.getRequirementBreadcrumbsFrom(BreadcrumbTagFilter.java:51)
	at net.thucydides.core.reports.html.HtmlAcceptanceTestReporter.addBreadcrumbs(HtmlAcceptanceTestReporter.java:227)
	at net.thucydides.core.reports.html.HtmlAcceptanceTestReporter.addParentRequirmentFieldToContext(HtmlAcceptanceTestReporter.java:214)
	at net.thucydides.core.reports.html.HtmlAcceptanceTestReporter.addTestOutcomeToContext(HtmlAcceptanceTestReporter.java:190)
	at net.thucydides.core.reports.html.HtmlAcceptanceTestReporter.generateScreenshotReportsFor(HtmlAcceptanceTestReporter.java:254)
	at net.thucydides.core.reports.html.HtmlAcceptanceTestReporter.generateReportFor(HtmlAcceptanceTestReporter.java:108)
	at net.thucydides.core.reports.ReportService.generateReportFor(ReportService.java:246)
	at net.thucydides.core.reports.ReportService.lambda$generateReportsFor$0(ReportService.java:184)
	at java.base/java.util.concurrent.Executors$RunnableAdapter.call(Executors.java:539)
	at java.base/java.util.concurrent.FutureTask.run(FutureTask.java:264)
	at java.base/java.util.concurrent.ThreadPoolExecutor.runWorker(ThreadPoolExecutor.java:1136)
	at java.base/java.util.concurrent.ThreadPoolExecutor$Worker.run(ThreadPoolExecutor.java:635)
	at java.base/java.lang.Thread.run(Thread.java:833)

20:13:36.947 [pool-3-thread-1] DEBUG serenity.reporting - Generating report in 23ecde3a838fae936802e3c8ab3e2316e1a96fd306e6d6fc8c78426a70ae0ad3_screenshots.html

20:13:36.947 [pool-3-thread-2] DEBUG serenity.reporting - Generating report in b153fbece3954b54120338ebe71b63d82b0ea84b4d81b4f5f39333bfeda61e57_screenshots.html

20:13:36.947 [pool-3-thread-3] DEBUG serenity.reporting - Generating report in 40d18987f16c39d6d9169b91e80c63888e40d8d2b3c2444061c7828908059be8_screenshots.html

20:13:36.947 [pool-3-thread-6] DEBUG serenity.reporting - Generating report in a8816166a65d9df0ea7a683c804b825cd9a24bba04a376b184024cb9f792d147_screenshots.html

20:13:36.947 [pool-3-thread-4] DEBUG serenity.reporting - Generating report in a26ab33c0fbad157582ec32342d8cfaeed604019a8b62492f5a9380044202eab_screenshots.html

20:13:36.947 [pool-3-thread-5] DEBUG serenity.reporting - Generating report in 39eda1b92b2e02b7994cdbeb27f0a1f575f0dcaeeabbb879187821be643646b7_screenshots.html

20:13:37.427 [pool-3-thread-6] DEBUG serenity.reporting - Generated report a8816166a65d9df0ea7a683c804b825cd9a24bba04a376b184024cb9f792d147_screenshots.html in 480 ms

20:13:37.427 [pool-3-thread-2] DEBUG serenity.reporting - Generated report b153fbece3954b54120338ebe71b63d82b0ea84b4d81b4f5f39333bfeda61e57_screenshots.html in 480 ms

20:13:37.437 [pool-3-thread-1] DEBUG serenity.reporting - Generated report 23ecde3a838fae936802e3c8ab3e2316e1a96fd306e6d6fc8c78426a70ae0ad3_screenshots.html in 490 ms

20:13:37.438 [pool-3-thread-4] DEBUG serenity.reporting - Generated report a26ab33c0fbad157582ec32342d8cfaeed604019a8b62492f5a9380044202eab_screenshots.html in 491 ms

20:13:37.438 [pool-3-thread-3] DEBUG serenity.reporting - Generated report 40d18987f16c39d6d9169b91e80c63888e40d8d2b3c2444061c7828908059be8_screenshots.html in 491 ms

20:13:37.443 [pool-3-thread-5] DEBUG serenity.reporting - Generated report 39eda1b92b2e02b7994cdbeb27f0a1f575f0dcaeeabbb879187821be643646b7_screenshots.html in 496 ms

20:13:37.443 [pool-3-thread-1] DEBUG serenity.reporting - Generating report in 23ecde3a838fae936802e3c8ab3e2316e1a96fd306e6d6fc8c78426a70ae0ad3.html

20:13:37.444 [pool-3-thread-5] DEBUG serenity.reporting - Generating report in 39eda1b92b2e02b7994cdbeb27f0a1f575f0dcaeeabbb879187821be643646b7.html

20:13:37.444 [pool-3-thread-3] DEBUG serenity.reporting - Generating report in 40d18987f16c39d6d9169b91e80c63888e40d8d2b3c2444061c7828908059be8.html

20:13:37.445 [pool-3-thread-4] DEBUG serenity.reporting - Generating report in a26ab33c0fbad157582ec32342d8cfaeed604019a8b62492f5a9380044202eab.html

20:13:37.608 [pool-3-thread-1] DEBUG serenity.reporting - Generated report 23ecde3a838fae936802e3c8ab3e2316e1a96fd306e6d6fc8c78426a70ae0ad3.html in 165 ms

20:13:37.608 [pool-3-thread-1] DEBUG net.thucydides.core.reports.ReportService - Processing test outcome User on landing page:User membuka page pertanyaan done

20:13:37.608 [pool-3-thread-1] DEBUG net.thucydides.core.reports.ReportService - Processing test outcome User on landing page:User membuka message

20:13:37.608 [pool-3-thread-1] INFO net.thucydides.core.reports.ReportService - net.thucydides.core.reports.html.HtmlAcceptanceTestReporter@3e2432c2: Generating report for test outcome: User on landing page:User membuka message

20:13:37.608 [pool-3-thread-1] WARN net.thucydides.core.requirements.RequirementsTagProvider - Failed to load requirements: Illegal char <:> at index 4: file:\C:\Users\LENOVO-PC\OneDrive%20-%20IT-PLN\Dokumen\apenim\Diskusiaza-QE\WEB%20DISKUSIAZA\src\test\resources\web\LandingPage.feature
java.nio.file.InvalidPathException: Illegal char <:> at index 4: file:\C:\Users\LENOVO-PC\OneDrive%20-%20IT-PLN\Dokumen\apenim\Diskusiaza-QE\WEB%20DISKUSIAZA\src\test\resources\web\LandingPage.feature
	at java.base/sun.nio.fs.WindowsPathParser.normalize(WindowsPathParser.java:182)
	at java.base/sun.nio.fs.WindowsPathParser.parse(WindowsPathParser.java:153)
	at java.base/sun.nio.fs.WindowsPathParser.parse(WindowsPathParser.java:77)
	at java.base/sun.nio.fs.WindowsPath.parse(WindowsPath.java:92)
	at java.base/sun.nio.fs.WindowsFileSystem.getPath(WindowsFileSystem.java:232)
	at java.base/java.io.File.toPath(File.java:2387)
	at net.thucydides.core.requirements.RootDirectory.getRelativePathOf(RootDirectory.java:364)
	at net.thucydides.core.requirements.FileSystemRequirementsTagProvider.requirementWithMatchingPath(FileSystemRequirementsTagProvider.java:372)
	at net.thucydides.core.requirements.FileSystemRequirementsTagProvider.getParentRequirementOf(FileSystemRequirementsTagProvider.java:335)
	at net.thucydides.core.requirements.ParentRequirementsProvided.forOutcome(ParentRequirementsProvided.java:26)
	at net.thucydides.core.requirements.BaseRequirementsService.getParentRequirementOf(BaseRequirementsService.java:138)
	at net.thucydides.core.requirements.BaseRequirementsService.getParentRequirementFor(BaseRequirementsService.java:48)
	at net.thucydides.core.reports.html.HtmlAcceptanceTestReporter.addParentRequirmentFieldToContext(HtmlAcceptanceTestReporter.java:196)
	at net.thucydides.core.reports.html.HtmlAcceptanceTestReporter.addTestOutcomeToContext(HtmlAcceptanceTestReporter.java:190)
	at net.thucydides.core.reports.html.HtmlAcceptanceTestReporter.generateReportFor(HtmlAcceptanceTestReporter.java:105)
	at net.thucydides.core.reports.ReportService.generateReportFor(ReportService.java:246)
	at net.thucydides.core.reports.ReportService.lambda$generateReportsFor$0(ReportService.java:184)
	at java.base/java.util.concurrent.Executors$RunnableAdapter.call(Executors.java:539)
	at java.base/java.util.concurrent.FutureTask.run(FutureTask.java:264)
	at java.base/java.util.concurrent.ThreadPoolExecutor.runWorker(ThreadPoolExecutor.java:1136)
	at java.base/java.util.concurrent.ThreadPoolExecutor$Worker.run(ThreadPoolExecutor.java:635)
	at java.base/java.lang.Thread.run(Thread.java:833)

20:13:37.608 [pool-3-thread-1] WARN net.thucydides.core.requirements.RequirementsTagProvider - Failed to load requirements: Illegal char <:> at index 4: file:\C:\Users\LENOVO-PC\OneDrive%20-%20IT-PLN\Dokumen\apenim\Diskusiaza-QE\WEB%20DISKUSIAZA\src\test\resources\web\LandingPage.feature
java.nio.file.InvalidPathException: Illegal char <:> at index 4: file:\C:\Users\LENOVO-PC\OneDrive%20-%20IT-PLN\Dokumen\apenim\Diskusiaza-QE\WEB%20DISKUSIAZA\src\test\resources\web\LandingPage.feature
	at java.base/sun.nio.fs.WindowsPathParser.normalize(WindowsPathParser.java:182)
	at java.base/sun.nio.fs.WindowsPathParser.parse(WindowsPathParser.java:153)
	at java.base/sun.nio.fs.WindowsPathParser.parse(WindowsPathParser.java:77)
	at java.base/sun.nio.fs.WindowsPath.parse(WindowsPath.java:92)
	at java.base/sun.nio.fs.WindowsFileSystem.getPath(WindowsFileSystem.java:232)
	at java.base/java.io.File.toPath(File.java:2387)
	at net.thucydides.core.requirements.RootDirectory.getRelativePathOf(RootDirectory.java:364)
	at net.thucydides.core.requirements.FileSystemRequirementsTagProvider.requirementWithMatchingPath(FileSystemRequirementsTagProvider.java:372)
	at net.thucydides.core.requirements.FileSystemRequirementsTagProvider.getParentRequirementOf(FileSystemRequirementsTagProvider.java:335)
	at net.thucydides.core.requirements.ParentRequirementsProvided.forOutcome(ParentRequirementsProvided.java:26)
	at net.thucydides.core.requirements.BaseRequirementsService.getParentRequirementOf(BaseRequirementsService.java:138)
	at net.thucydides.core.requirements.BaseRequirementsService.getAncestorRequirementsFor(BaseRequirementsService.java:78)
	at net.thucydides.core.reports.html.HtmlAcceptanceTestReporter.addBreadcrumbs(HtmlAcceptanceTestReporter.java:226)
	at net.thucydides.core.reports.html.HtmlAcceptanceTestReporter.addParentRequirmentFieldToContext(HtmlAcceptanceTestReporter.java:214)
	at net.thucydides.core.reports.html.HtmlAcceptanceTestReporter.addTestOutcomeToContext(HtmlAcceptanceTestReporter.java:190)
	at net.thucydides.core.reports.html.HtmlAcceptanceTestReporter.generateReportFor(HtmlAcceptanceTestReporter.java:105)
	at net.thucydides.core.reports.ReportService.generateReportFor(ReportService.java:246)
	at net.thucydides.core.reports.ReportService.lambda$generateReportsFor$0(ReportService.java:184)
	at java.base/java.util.concurrent.Executors$RunnableAdapter.call(Executors.java:539)
	at java.base/java.util.concurrent.FutureTask.run(FutureTask.java:264)
	at java.base/java.util.concurrent.ThreadPoolExecutor.runWorker(ThreadPoolExecutor.java:1136)
	at java.base/java.util.concurrent.ThreadPoolExecutor$Worker.run(ThreadPoolExecutor.java:635)
	at java.base/java.lang.Thread.run(Thread.java:833)

20:13:37.608 [pool-3-thread-1] WARN net.thucydides.core.requirements.RequirementsTagProvider - Failed to load requirements: Illegal char <:> at index 4: file:\C:\Users\LENOVO-PC\OneDrive%20-%20IT-PLN\Dokumen\apenim\Diskusiaza-QE\WEB%20DISKUSIAZA\src\test\resources\web\LandingPage.feature
java.nio.file.InvalidPathException: Illegal char <:> at index 4: file:\C:\Users\LENOVO-PC\OneDrive%20-%20IT-PLN\Dokumen\apenim\Diskusiaza-QE\WEB%20DISKUSIAZA\src\test\resources\web\LandingPage.feature
	at java.base/sun.nio.fs.WindowsPathParser.normalize(WindowsPathParser.java:182)
	at java.base/sun.nio.fs.WindowsPathParser.parse(WindowsPathParser.java:153)
	at java.base/sun.nio.fs.WindowsPathParser.parse(WindowsPathParser.java:77)
	at java.base/sun.nio.fs.WindowsPath.parse(WindowsPath.java:92)
	at java.base/sun.nio.fs.WindowsFileSystem.getPath(WindowsFileSystem.java:232)
	at java.base/java.io.File.toPath(File.java:2387)
	at net.thucydides.core.requirements.RootDirectory.getRelativePathOf(RootDirectory.java:364)
	at net.thucydides.core.requirements.FileSystemRequirementsTagProvider.requirementWithMatchingPath(FileSystemRequirementsTagProvider.java:372)
	at net.thucydides.core.requirements.FileSystemRequirementsTagProvider.getParentRequirementOf(FileSystemRequirementsTagProvider.java:335)
	at net.thucydides.core.requirements.ParentRequirementsProvided.forOutcome(ParentRequirementsProvided.java:26)
	at net.thucydides.core.requirements.BaseRequirementsService.getParentRequirementOf(BaseRequirementsService.java:138)
	at net.thucydides.core.requirements.BaseRequirementsService.getAncestorRequirementsFor(BaseRequirementsService.java:78)
	at net.thucydides.core.tags.BreadcrumbTagFilter.getRequirementBreadcrumbsFrom(BreadcrumbTagFilter.java:51)
	at net.thucydides.core.reports.html.HtmlAcceptanceTestReporter.addBreadcrumbs(HtmlAcceptanceTestReporter.java:227)
	at net.thucydides.core.reports.html.HtmlAcceptanceTestReporter.addParentRequirmentFieldToContext(HtmlAcceptanceTestReporter.java:214)
	at net.thucydides.core.reports.html.HtmlAcceptanceTestReporter.addTestOutcomeToContext(HtmlAcceptanceTestReporter.java:190)
	at net.thucydides.core.reports.html.HtmlAcceptanceTestReporter.generateReportFor(HtmlAcceptanceTestReporter.java:105)
	at net.thucydides.core.reports.ReportService.generateReportFor(ReportService.java:246)
	at net.thucydides.core.reports.ReportService.lambda$generateReportsFor$0(ReportService.java:184)
	at java.base/java.util.concurrent.Executors$RunnableAdapter.call(Executors.java:539)
	at java.base/java.util.concurrent.FutureTask.run(FutureTask.java:264)
	at java.base/java.util.concurrent.ThreadPoolExecutor.runWorker(ThreadPoolExecutor.java:1136)
	at java.base/java.util.concurrent.ThreadPoolExecutor$Worker.run(ThreadPoolExecutor.java:635)
	at java.base/java.lang.Thread.run(Thread.java:833)

20:13:37.615 [pool-3-thread-1] WARN net.thucydides.core.requirements.RequirementsTagProvider - Failed to load requirements: Illegal char <:> at index 4: file:\C:\Users\LENOVO-PC\OneDrive%20-%20IT-PLN\Dokumen\apenim\Diskusiaza-QE\WEB%20DISKUSIAZA\src\test\resources\web\LandingPage.feature
java.nio.file.InvalidPathException: Illegal char <:> at index 4: file:\C:\Users\LENOVO-PC\OneDrive%20-%20IT-PLN\Dokumen\apenim\Diskusiaza-QE\WEB%20DISKUSIAZA\src\test\resources\web\LandingPage.feature
	at java.base/sun.nio.fs.WindowsPathParser.normalize(WindowsPathParser.java:182)
	at java.base/sun.nio.fs.WindowsPathParser.parse(WindowsPathParser.java:153)
	at java.base/sun.nio.fs.WindowsPathParser.parse(WindowsPathParser.java:77)
	at java.base/sun.nio.fs.WindowsPath.parse(WindowsPath.java:92)
	at java.base/sun.nio.fs.WindowsFileSystem.getPath(WindowsFileSystem.java:232)
	at java.base/java.io.File.toPath(File.java:2387)
	at net.thucydides.core.requirements.RootDirectory.getRelativePathOf(RootDirectory.java:364)
	at net.thucydides.core.requirements.FileSystemRequirementsTagProvider.requirementWithMatchingPath(FileSystemRequirementsTagProvider.java:372)
	at net.thucydides.core.requirements.FileSystemRequirementsTagProvider.getParentRequirementOf(FileSystemRequirementsTagProvider.java:335)
	at net.thucydides.core.requirements.ParentRequirementsProvided.forOutcome(ParentRequirementsProvided.java:26)
	at net.thucydides.core.requirements.BaseRequirementsService.getParentRequirementOf(BaseRequirementsService.java:138)
	at net.thucydides.core.requirements.BaseRequirementsService.getParentRequirementFor(BaseRequirementsService.java:48)
	at net.thucydides.core.reports.html.HtmlAcceptanceTestReporter.addParentRequirmentFieldToContext(HtmlAcceptanceTestReporter.java:196)
	at net.thucydides.core.reports.html.HtmlAcceptanceTestReporter.addTestOutcomeToContext(HtmlAcceptanceTestReporter.java:190)
	at net.thucydides.core.reports.html.HtmlAcceptanceTestReporter.generateScreenshotReportsFor(HtmlAcceptanceTestReporter.java:254)
	at net.thucydides.core.reports.html.HtmlAcceptanceTestReporter.generateReportFor(HtmlAcceptanceTestReporter.java:108)
	at net.thucydides.core.reports.ReportService.generateReportFor(ReportService.java:246)
	at net.thucydides.core.reports.ReportService.lambda$generateReportsFor$0(ReportService.java:184)
	at java.base/java.util.concurrent.Executors$RunnableAdapter.call(Executors.java:539)
	at java.base/java.util.concurrent.FutureTask.run(FutureTask.java:264)
	at java.base/java.util.concurrent.ThreadPoolExecutor.runWorker(ThreadPoolExecutor.java:1136)
	at java.base/java.util.concurrent.ThreadPoolExecutor$Worker.run(ThreadPoolExecutor.java:635)
	at java.base/java.lang.Thread.run(Thread.java:833)

20:13:37.615 [pool-3-thread-1] WARN net.thucydides.core.requirements.RequirementsTagProvider - Failed to load requirements: Illegal char <:> at index 4: file:\C:\Users\LENOVO-PC\OneDrive%20-%20IT-PLN\Dokumen\apenim\Diskusiaza-QE\WEB%20DISKUSIAZA\src\test\resources\web\LandingPage.feature
java.nio.file.InvalidPathException: Illegal char <:> at index 4: file:\C:\Users\LENOVO-PC\OneDrive%20-%20IT-PLN\Dokumen\apenim\Diskusiaza-QE\WEB%20DISKUSIAZA\src\test\resources\web\LandingPage.feature
	at java.base/sun.nio.fs.WindowsPathParser.normalize(WindowsPathParser.java:182)
	at java.base/sun.nio.fs.WindowsPathParser.parse(WindowsPathParser.java:153)
	at java.base/sun.nio.fs.WindowsPathParser.parse(WindowsPathParser.java:77)
	at java.base/sun.nio.fs.WindowsPath.parse(WindowsPath.java:92)
	at java.base/sun.nio.fs.WindowsFileSystem.getPath(WindowsFileSystem.java:232)
	at java.base/java.io.File.toPath(File.java:2387)
	at net.thucydides.core.requirements.RootDirectory.getRelativePathOf(RootDirectory.java:364)
	at net.thucydides.core.requirements.FileSystemRequirementsTagProvider.requirementWithMatchingPath(FileSystemRequirementsTagProvider.java:372)
	at net.thucydides.core.requirements.FileSystemRequirementsTagProvider.getParentRequirementOf(FileSystemRequirementsTagProvider.java:335)
	at net.thucydides.core.requirements.ParentRequirementsProvided.forOutcome(ParentRequirementsProvided.java:26)
	at net.thucydides.core.requirements.BaseRequirementsService.getParentRequirementOf(BaseRequirementsService.java:138)
	at net.thucydides.core.requirements.BaseRequirementsService.getAncestorRequirementsFor(BaseRequirementsService.java:78)
	at net.thucydides.core.reports.html.HtmlAcceptanceTestReporter.addBreadcrumbs(HtmlAcceptanceTestReporter.java:226)
	at net.thucydides.core.reports.html.HtmlAcceptanceTestReporter.addParentRequirmentFieldToContext(HtmlAcceptanceTestReporter.java:214)
	at net.thucydides.core.reports.html.HtmlAcceptanceTestReporter.addTestOutcomeToContext(HtmlAcceptanceTestReporter.java:190)
	at net.thucydides.core.reports.html.HtmlAcceptanceTestReporter.generateScreenshotReportsFor(HtmlAcceptanceTestReporter.java:254)
	at net.thucydides.core.reports.html.HtmlAcceptanceTestReporter.generateReportFor(HtmlAcceptanceTestReporter.java:108)
	at net.thucydides.core.reports.ReportService.generateReportFor(ReportService.java:246)
	at net.thucydides.core.reports.ReportService.lambda$generateReportsFor$0(ReportService.java:184)
	at java.base/java.util.concurrent.Executors$RunnableAdapter.call(Executors.java:539)
	at java.base/java.util.concurrent.FutureTask.run(FutureTask.java:264)
	at java.base/java.util.concurrent.ThreadPoolExecutor.runWorker(ThreadPoolExecutor.java:1136)
	at java.base/java.util.concurrent.ThreadPoolExecutor$Worker.run(ThreadPoolExecutor.java:635)
	at java.base/java.lang.Thread.run(Thread.java:833)

20:13:37.615 [pool-3-thread-1] WARN net.thucydides.core.requirements.RequirementsTagProvider - Failed to load requirements: Illegal char <:> at index 4: file:\C:\Users\LENOVO-PC\OneDrive%20-%20IT-PLN\Dokumen\apenim\Diskusiaza-QE\WEB%20DISKUSIAZA\src\test\resources\web\LandingPage.feature
java.nio.file.InvalidPathException: Illegal char <:> at index 4: file:\C:\Users\LENOVO-PC\OneDrive%20-%20IT-PLN\Dokumen\apenim\Diskusiaza-QE\WEB%20DISKUSIAZA\src\test\resources\web\LandingPage.feature
	at java.base/sun.nio.fs.WindowsPathParser.normalize(WindowsPathParser.java:182)
	at java.base/sun.nio.fs.WindowsPathParser.parse(WindowsPathParser.java:153)
	at java.base/sun.nio.fs.WindowsPathParser.parse(WindowsPathParser.java:77)
	at java.base/sun.nio.fs.WindowsPath.parse(WindowsPath.java:92)
	at java.base/sun.nio.fs.WindowsFileSystem.getPath(WindowsFileSystem.java:232)
	at java.base/java.io.File.toPath(File.java:2387)
	at net.thucydides.core.requirements.RootDirectory.getRelativePathOf(RootDirectory.java:364)
	at net.thucydides.core.requirements.FileSystemRequirementsTagProvider.requirementWithMatchingPath(FileSystemRequirementsTagProvider.java:372)
	at net.thucydides.core.requirements.FileSystemRequirementsTagProvider.getParentRequirementOf(FileSystemRequirementsTagProvider.java:335)
	at net.thucydides.core.requirements.ParentRequirementsProvided.forOutcome(ParentRequirementsProvided.java:26)
	at net.thucydides.core.requirements.BaseRequirementsService.getParentRequirementOf(BaseRequirementsService.java:138)
	at net.thucydides.core.requirements.BaseRequirementsService.getAncestorRequirementsFor(BaseRequirementsService.java:78)
	at net.thucydides.core.tags.BreadcrumbTagFilter.getRequirementBreadcrumbsFrom(BreadcrumbTagFilter.java:51)
	at net.thucydides.core.reports.html.HtmlAcceptanceTestReporter.addBreadcrumbs(HtmlAcceptanceTestReporter.java:227)
	at net.thucydides.core.reports.html.HtmlAcceptanceTestReporter.addParentRequirmentFieldToContext(HtmlAcceptanceTestReporter.java:214)
	at net.thucydides.core.reports.html.HtmlAcceptanceTestReporter.addTestOutcomeToContext(HtmlAcceptanceTestReporter.java:190)
	at net.thucydides.core.reports.html.HtmlAcceptanceTestReporter.generateScreenshotReportsFor(HtmlAcceptanceTestReporter.java:254)
	at net.thucydides.core.reports.html.HtmlAcceptanceTestReporter.generateReportFor(HtmlAcceptanceTestReporter.java:108)
	at net.thucydides.core.reports.ReportService.generateReportFor(ReportService.java:246)
	at net.thucydides.core.reports.ReportService.lambda$generateReportsFor$0(ReportService.java:184)
	at java.base/java.util.concurrent.Executors$RunnableAdapter.call(Executors.java:539)
	at java.base/java.util.concurrent.FutureTask.run(FutureTask.java:264)
	at java.base/java.util.concurrent.ThreadPoolExecutor.runWorker(ThreadPoolExecutor.java:1136)
	at java.base/java.util.concurrent.ThreadPoolExecutor$Worker.run(ThreadPoolExecutor.java:635)
	at java.base/java.lang.Thread.run(Thread.java:833)

20:13:37.615 [pool-3-thread-1] DEBUG serenity.reporting - Generating report in 1041c432f9c4aa2f2da47ab8893148efa4ce7ab3af66129a8f6cb6b1733b65a4_screenshots.html

20:13:37.632 [pool-3-thread-1] DEBUG serenity.reporting - Generated report 1041c432f9c4aa2f2da47ab8893148efa4ce7ab3af66129a8f6cb6b1733b65a4_screenshots.html in 17 ms

20:13:37.633 [pool-3-thread-1] DEBUG serenity.reporting - Generating report in 1041c432f9c4aa2f2da47ab8893148efa4ce7ab3af66129a8f6cb6b1733b65a4.html

20:13:37.683 [pool-3-thread-1] DEBUG serenity.reporting - Generated report 1041c432f9c4aa2f2da47ab8893148efa4ce7ab3af66129a8f6cb6b1733b65a4.html in 50 ms

20:13:37.683 [pool-3-thread-1] DEBUG net.thucydides.core.reports.ReportService - Processing test outcome User on landing page:User membuka message done

20:13:37.683 [pool-3-thread-1] DEBUG net.thucydides.core.reports.ReportService - Processing test outcome User on landing page:User membuka Bookmarks

20:13:37.683 [pool-3-thread-1] INFO net.thucydides.core.reports.ReportService - net.thucydides.core.reports.html.HtmlAcceptanceTestReporter@3e2432c2: Generating report for test outcome: User on landing page:User membuka Bookmarks

20:13:37.683 [pool-3-thread-1] WARN net.thucydides.core.requirements.RequirementsTagProvider - Failed to load requirements: Illegal char <:> at index 4: file:\C:\Users\LENOVO-PC\OneDrive%20-%20IT-PLN\Dokumen\apenim\Diskusiaza-QE\WEB%20DISKUSIAZA\src\test\resources\web\LandingPage.feature
java.nio.file.InvalidPathException: Illegal char <:> at index 4: file:\C:\Users\LENOVO-PC\OneDrive%20-%20IT-PLN\Dokumen\apenim\Diskusiaza-QE\WEB%20DISKUSIAZA\src\test\resources\web\LandingPage.feature
	at java.base/sun.nio.fs.WindowsPathParser.normalize(WindowsPathParser.java:182)
	at java.base/sun.nio.fs.WindowsPathParser.parse(WindowsPathParser.java:153)
	at java.base/sun.nio.fs.WindowsPathParser.parse(WindowsPathParser.java:77)
	at java.base/sun.nio.fs.WindowsPath.parse(WindowsPath.java:92)
	at java.base/sun.nio.fs.WindowsFileSystem.getPath(WindowsFileSystem.java:232)
	at java.base/java.io.File.toPath(File.java:2387)
	at net.thucydides.core.requirements.RootDirectory.getRelativePathOf(RootDirectory.java:364)
	at net.thucydides.core.requirements.FileSystemRequirementsTagProvider.requirementWithMatchingPath(FileSystemRequirementsTagProvider.java:372)
	at net.thucydides.core.requirements.FileSystemRequirementsTagProvider.getParentRequirementOf(FileSystemRequirementsTagProvider.java:335)
	at net.thucydides.core.requirements.ParentRequirementsProvided.forOutcome(ParentRequirementsProvided.java:26)
	at net.thucydides.core.requirements.BaseRequirementsService.getParentRequirementOf(BaseRequirementsService.java:138)
	at net.thucydides.core.requirements.BaseRequirementsService.getParentRequirementFor(BaseRequirementsService.java:48)
	at net.thucydides.core.reports.html.HtmlAcceptanceTestReporter.addParentRequirmentFieldToContext(HtmlAcceptanceTestReporter.java:196)
	at net.thucydides.core.reports.html.HtmlAcceptanceTestReporter.addTestOutcomeToContext(HtmlAcceptanceTestReporter.java:190)
	at net.thucydides.core.reports.html.HtmlAcceptanceTestReporter.generateReportFor(HtmlAcceptanceTestReporter.java:105)
	at net.thucydides.core.reports.ReportService.generateReportFor(ReportService.java:246)
	at net.thucydides.core.reports.ReportService.lambda$generateReportsFor$0(ReportService.java:184)
	at java.base/java.util.concurrent.Executors$RunnableAdapter.call(Executors.java:539)
	at java.base/java.util.concurrent.FutureTask.run(FutureTask.java:264)
	at java.base/java.util.concurrent.ThreadPoolExecutor.runWorker(ThreadPoolExecutor.java:1136)
	at java.base/java.util.concurrent.ThreadPoolExecutor$Worker.run(ThreadPoolExecutor.java:635)
	at java.base/java.lang.Thread.run(Thread.java:833)

20:13:37.683 [pool-3-thread-5] DEBUG serenity.reporting - Generated report 39eda1b92b2e02b7994cdbeb27f0a1f575f0dcaeeabbb879187821be643646b7.html in 239 ms

20:13:37.683 [pool-3-thread-5] DEBUG net.thucydides.core.reports.ReportService - Processing test outcome User on landing page:User membuka Explore done

20:13:37.683 [pool-3-thread-5] DEBUG net.thucydides.core.reports.ReportService - Processing test outcome User on landing page:User membuka Jawab

20:13:37.683 [pool-3-thread-5] INFO net.thucydides.core.reports.ReportService - net.thucydides.core.reports.html.HtmlAcceptanceTestReporter@3e2432c2: Generating report for test outcome: User on landing page:User membuka Jawab

20:13:37.683 [pool-3-thread-1] WARN net.thucydides.core.requirements.RequirementsTagProvider - Failed to load requirements: Illegal char <:> at index 4: file:\C:\Users\LENOVO-PC\OneDrive%20-%20IT-PLN\Dokumen\apenim\Diskusiaza-QE\WEB%20DISKUSIAZA\src\test\resources\web\LandingPage.feature
java.nio.file.InvalidPathException: Illegal char <:> at index 4: file:\C:\Users\LENOVO-PC\OneDrive%20-%20IT-PLN\Dokumen\apenim\Diskusiaza-QE\WEB%20DISKUSIAZA\src\test\resources\web\LandingPage.feature
	at java.base/sun.nio.fs.WindowsPathParser.normalize(WindowsPathParser.java:182)
	at java.base/sun.nio.fs.WindowsPathParser.parse(WindowsPathParser.java:153)
	at java.base/sun.nio.fs.WindowsPathParser.parse(WindowsPathParser.java:77)
	at java.base/sun.nio.fs.WindowsPath.parse(WindowsPath.java:92)
	at java.base/sun.nio.fs.WindowsFileSystem.getPath(WindowsFileSystem.java:232)
	at java.base/java.io.File.toPath(File.java:2387)
	at net.thucydides.core.requirements.RootDirectory.getRelativePathOf(RootDirectory.java:364)
	at net.thucydides.core.requirements.FileSystemRequirementsTagProvider.requirementWithMatchingPath(FileSystemRequirementsTagProvider.java:372)
	at net.thucydides.core.requirements.FileSystemRequirementsTagProvider.getParentRequirementOf(FileSystemRequirementsTagProvider.java:335)
	at net.thucydides.core.requirements.ParentRequirementsProvided.forOutcome(ParentRequirementsProvided.java:26)
	at net.thucydides.core.requirements.BaseRequirementsService.getParentRequirementOf(BaseRequirementsService.java:138)
	at net.thucydides.core.requirements.BaseRequirementsService.getAncestorRequirementsFor(BaseRequirementsService.java:78)
	at net.thucydides.core.reports.html.HtmlAcceptanceTestReporter.addBreadcrumbs(HtmlAcceptanceTestReporter.java:226)
	at net.thucydides.core.reports.html.HtmlAcceptanceTestReporter.addParentRequirmentFieldToContext(HtmlAcceptanceTestReporter.java:214)
	at net.thucydides.core.reports.html.HtmlAcceptanceTestReporter.addTestOutcomeToContext(HtmlAcceptanceTestReporter.java:190)
	at net.thucydides.core.reports.html.HtmlAcceptanceTestReporter.generateReportFor(HtmlAcceptanceTestReporter.java:105)
	at net.thucydides.core.reports.ReportService.generateReportFor(ReportService.java:246)
	at net.thucydides.core.reports.ReportService.lambda$generateReportsFor$0(ReportService.java:184)
	at java.base/java.util.concurrent.Executors$RunnableAdapter.call(Executors.java:539)
	at java.base/java.util.concurrent.FutureTask.run(FutureTask.java:264)
	at java.base/java.util.concurrent.ThreadPoolExecutor.runWorker(ThreadPoolExecutor.java:1136)
	at java.base/java.util.concurrent.ThreadPoolExecutor$Worker.run(ThreadPoolExecutor.java:635)
	at java.base/java.lang.Thread.run(Thread.java:833)

20:13:37.683 [pool-3-thread-1] WARN net.thucydides.core.requirements.RequirementsTagProvider - Failed to load requirements: Illegal char <:> at index 4: file:\C:\Users\LENOVO-PC\OneDrive%20-%20IT-PLN\Dokumen\apenim\Diskusiaza-QE\WEB%20DISKUSIAZA\src\test\resources\web\LandingPage.feature
java.nio.file.InvalidPathException: Illegal char <:> at index 4: file:\C:\Users\LENOVO-PC\OneDrive%20-%20IT-PLN\Dokumen\apenim\Diskusiaza-QE\WEB%20DISKUSIAZA\src\test\resources\web\LandingPage.feature
	at java.base/sun.nio.fs.WindowsPathParser.normalize(WindowsPathParser.java:182)
	at java.base/sun.nio.fs.WindowsPathParser.parse(WindowsPathParser.java:153)
	at java.base/sun.nio.fs.WindowsPathParser.parse(WindowsPathParser.java:77)
	at java.base/sun.nio.fs.WindowsPath.parse(WindowsPath.java:92)
	at java.base/sun.nio.fs.WindowsFileSystem.getPath(WindowsFileSystem.java:232)
	at java.base/java.io.File.toPath(File.java:2387)
	at net.thucydides.core.requirements.RootDirectory.getRelativePathOf(RootDirectory.java:364)
	at net.thucydides.core.requirements.FileSystemRequirementsTagProvider.requirementWithMatchingPath(FileSystemRequirementsTagProvider.java:372)
	at net.thucydides.core.requirements.FileSystemRequirementsTagProvider.getParentRequirementOf(FileSystemRequirementsTagProvider.java:335)
	at net.thucydides.core.requirements.ParentRequirementsProvided.forOutcome(ParentRequirementsProvided.java:26)
	at net.thucydides.core.requirements.BaseRequirementsService.getParentRequirementOf(BaseRequirementsService.java:138)
	at net.thucydides.core.requirements.BaseRequirementsService.getAncestorRequirementsFor(BaseRequirementsService.java:78)
	at net.thucydides.core.tags.BreadcrumbTagFilter.getRequirementBreadcrumbsFrom(BreadcrumbTagFilter.java:51)
	at net.thucydides.core.reports.html.HtmlAcceptanceTestReporter.addBreadcrumbs(HtmlAcceptanceTestReporter.java:227)
	at net.thucydides.core.reports.html.HtmlAcceptanceTestReporter.addParentRequirmentFieldToContext(HtmlAcceptanceTestReporter.java:214)
	at net.thucydides.core.reports.html.HtmlAcceptanceTestReporter.addTestOutcomeToContext(HtmlAcceptanceTestReporter.java:190)
	at net.thucydides.core.reports.html.HtmlAcceptanceTestReporter.generateReportFor(HtmlAcceptanceTestReporter.java:105)
	at net.thucydides.core.reports.ReportService.generateReportFor(ReportService.java:246)
	at net.thucydides.core.reports.ReportService.lambda$generateReportsFor$0(ReportService.java:184)
	at java.base/java.util.concurrent.Executors$RunnableAdapter.call(Executors.java:539)
	at java.base/java.util.concurrent.FutureTask.run(FutureTask.java:264)
	at java.base/java.util.concurrent.ThreadPoolExecutor.runWorker(ThreadPoolExecutor.java:1136)
	at java.base/java.util.concurrent.ThreadPoolExecutor$Worker.run(ThreadPoolExecutor.java:635)
	at java.base/java.lang.Thread.run(Thread.java:833)

20:13:37.688 [pool-3-thread-5] WARN net.thucydides.core.requirements.RequirementsTagProvider - Failed to load requirements: Illegal char <:> at index 4: file:\C:\Users\LENOVO-PC\OneDrive%20-%20IT-PLN\Dokumen\apenim\Diskusiaza-QE\WEB%20DISKUSIAZA\src\test\resources\web\LandingPage.feature
java.nio.file.InvalidPathException: Illegal char <:> at index 4: file:\C:\Users\LENOVO-PC\OneDrive%20-%20IT-PLN\Dokumen\apenim\Diskusiaza-QE\WEB%20DISKUSIAZA\src\test\resources\web\LandingPage.feature
	at java.base/sun.nio.fs.WindowsPathParser.normalize(WindowsPathParser.java:182)
	at java.base/sun.nio.fs.WindowsPathParser.parse(WindowsPathParser.java:153)
	at java.base/sun.nio.fs.WindowsPathParser.parse(WindowsPathParser.java:77)
	at java.base/sun.nio.fs.WindowsPath.parse(WindowsPath.java:92)
	at java.base/sun.nio.fs.WindowsFileSystem.getPath(WindowsFileSystem.java:232)
	at java.base/java.io.File.toPath(File.java:2387)
	at net.thucydides.core.requirements.RootDirectory.getRelativePathOf(RootDirectory.java:364)
	at net.thucydides.core.requirements.FileSystemRequirementsTagProvider.requirementWithMatchingPath(FileSystemRequirementsTagProvider.java:372)
	at net.thucydides.core.requirements.FileSystemRequirementsTagProvider.getParentRequirementOf(FileSystemRequirementsTagProvider.java:335)
	at net.thucydides.core.requirements.ParentRequirementsProvided.forOutcome(ParentRequirementsProvided.java:26)
	at net.thucydides.core.requirements.BaseRequirementsService.getParentRequirementOf(BaseRequirementsService.java:138)
	at net.thucydides.core.requirements.BaseRequirementsService.getParentRequirementFor(BaseRequirementsService.java:48)
	at net.thucydides.core.reports.html.HtmlAcceptanceTestReporter.addParentRequirmentFieldToContext(HtmlAcceptanceTestReporter.java:196)
	at net.thucydides.core.reports.html.HtmlAcceptanceTestReporter.addTestOutcomeToContext(HtmlAcceptanceTestReporter.java:190)
	at net.thucydides.core.reports.html.HtmlAcceptanceTestReporter.generateReportFor(HtmlAcceptanceTestReporter.java:105)
	at net.thucydides.core.reports.ReportService.generateReportFor(ReportService.java:246)
	at net.thucydides.core.reports.ReportService.lambda$generateReportsFor$0(ReportService.java:184)
	at java.base/java.util.concurrent.Executors$RunnableAdapter.call(Executors.java:539)
	at java.base/java.util.concurrent.FutureTask.run(FutureTask.java:264)
	at java.base/java.util.concurrent.ThreadPoolExecutor.runWorker(ThreadPoolExecutor.java:1136)
	at java.base/java.util.concurrent.ThreadPoolExecutor$Worker.run(ThreadPoolExecutor.java:635)
	at java.base/java.lang.Thread.run(Thread.java:833)

20:13:37.688 [pool-3-thread-5] WARN net.thucydides.core.requirements.RequirementsTagProvider - Failed to load requirements: Illegal char <:> at index 4: file:\C:\Users\LENOVO-PC\OneDrive%20-%20IT-PLN\Dokumen\apenim\Diskusiaza-QE\WEB%20DISKUSIAZA\src\test\resources\web\LandingPage.feature
java.nio.file.InvalidPathException: Illegal char <:> at index 4: file:\C:\Users\LENOVO-PC\OneDrive%20-%20IT-PLN\Dokumen\apenim\Diskusiaza-QE\WEB%20DISKUSIAZA\src\test\resources\web\LandingPage.feature
	at java.base/sun.nio.fs.WindowsPathParser.normalize(WindowsPathParser.java:182)
	at java.base/sun.nio.fs.WindowsPathParser.parse(WindowsPathParser.java:153)
	at java.base/sun.nio.fs.WindowsPathParser.parse(WindowsPathParser.java:77)
	at java.base/sun.nio.fs.WindowsPath.parse(WindowsPath.java:92)
	at java.base/sun.nio.fs.WindowsFileSystem.getPath(WindowsFileSystem.java:232)
	at java.base/java.io.File.toPath(File.java:2387)
	at net.thucydides.core.requirements.RootDirectory.getRelativePathOf(RootDirectory.java:364)
	at net.thucydides.core.requirements.FileSystemRequirementsTagProvider.requirementWithMatchingPath(FileSystemRequirementsTagProvider.java:372)
	at net.thucydides.core.requirements.FileSystemRequirementsTagProvider.getParentRequirementOf(FileSystemRequirementsTagProvider.java:335)
	at net.thucydides.core.requirements.ParentRequirementsProvided.forOutcome(ParentRequirementsProvided.java:26)
	at net.thucydides.core.requirements.BaseRequirementsService.getParentRequirementOf(BaseRequirementsService.java:138)
	at net.thucydides.core.requirements.BaseRequirementsService.getAncestorRequirementsFor(BaseRequirementsService.java:78)
	at net.thucydides.core.reports.html.HtmlAcceptanceTestReporter.addBreadcrumbs(HtmlAcceptanceTestReporter.java:226)
	at net.thucydides.core.reports.html.HtmlAcceptanceTestReporter.addParentRequirmentFieldToContext(HtmlAcceptanceTestReporter.java:214)
	at net.thucydides.core.reports.html.HtmlAcceptanceTestReporter.addTestOutcomeToContext(HtmlAcceptanceTestReporter.java:190)
	at net.thucydides.core.reports.html.HtmlAcceptanceTestReporter.generateReportFor(HtmlAcceptanceTestReporter.java:105)
	at net.thucydides.core.reports.ReportService.generateReportFor(ReportService.java:246)
	at net.thucydides.core.reports.ReportService.lambda$generateReportsFor$0(ReportService.java:184)
	at java.base/java.util.concurrent.Executors$RunnableAdapter.call(Executors.java:539)
	at java.base/java.util.concurrent.FutureTask.run(FutureTask.java:264)
	at java.base/java.util.concurrent.ThreadPoolExecutor.runWorker(ThreadPoolExecutor.java:1136)
	at java.base/java.util.concurrent.ThreadPoolExecutor$Worker.run(ThreadPoolExecutor.java:635)
	at java.base/java.lang.Thread.run(Thread.java:833)

20:13:37.688 [pool-3-thread-5] WARN net.thucydides.core.requirements.RequirementsTagProvider - Failed to load requirements: Illegal char <:> at index 4: file:\C:\Users\LENOVO-PC\OneDrive%20-%20IT-PLN\Dokumen\apenim\Diskusiaza-QE\WEB%20DISKUSIAZA\src\test\resources\web\LandingPage.feature
java.nio.file.InvalidPathException: Illegal char <:> at index 4: file:\C:\Users\LENOVO-PC\OneDrive%20-%20IT-PLN\Dokumen\apenim\Diskusiaza-QE\WEB%20DISKUSIAZA\src\test\resources\web\LandingPage.feature
	at java.base/sun.nio.fs.WindowsPathParser.normalize(WindowsPathParser.java:182)
	at java.base/sun.nio.fs.WindowsPathParser.parse(WindowsPathParser.java:153)
	at java.base/sun.nio.fs.WindowsPathParser.parse(WindowsPathParser.java:77)
	at java.base/sun.nio.fs.WindowsPath.parse(WindowsPath.java:92)
	at java.base/sun.nio.fs.WindowsFileSystem.getPath(WindowsFileSystem.java:232)
	at java.base/java.io.File.toPath(File.java:2387)
	at net.thucydides.core.requirements.RootDirectory.getRelativePathOf(RootDirectory.java:364)
	at net.thucydides.core.requirements.FileSystemRequirementsTagProvider.requirementWithMatchingPath(FileSystemRequirementsTagProvider.java:372)
	at net.thucydides.core.requirements.FileSystemRequirementsTagProvider.getParentRequirementOf(FileSystemRequirementsTagProvider.java:335)
	at net.thucydides.core.requirements.ParentRequirementsProvided.forOutcome(ParentRequirementsProvided.java:26)
	at net.thucydides.core.requirements.BaseRequirementsService.getParentRequirementOf(BaseRequirementsService.java:138)
	at net.thucydides.core.requirements.BaseRequirementsService.getAncestorRequirementsFor(BaseRequirementsService.java:78)
	at net.thucydides.core.tags.BreadcrumbTagFilter.getRequirementBreadcrumbsFrom(BreadcrumbTagFilter.java:51)
	at net.thucydides.core.reports.html.HtmlAcceptanceTestReporter.addBreadcrumbs(HtmlAcceptanceTestReporter.java:227)
	at net.thucydides.core.reports.html.HtmlAcceptanceTestReporter.addParentRequirmentFieldToContext(HtmlAcceptanceTestReporter.java:214)
	at net.thucydides.core.reports.html.HtmlAcceptanceTestReporter.addTestOutcomeToContext(HtmlAcceptanceTestReporter.java:190)
	at net.thucydides.core.reports.html.HtmlAcceptanceTestReporter.generateReportFor(HtmlAcceptanceTestReporter.java:105)
	at net.thucydides.core.reports.ReportService.generateReportFor(ReportService.java:246)
	at net.thucydides.core.reports.ReportService.lambda$generateReportsFor$0(ReportService.java:184)
	at java.base/java.util.concurrent.Executors$RunnableAdapter.call(Executors.java:539)
	at java.base/java.util.concurrent.FutureTask.run(FutureTask.java:264)
	at java.base/java.util.concurrent.ThreadPoolExecutor.runWorker(ThreadPoolExecutor.java:1136)
	at java.base/java.util.concurrent.ThreadPoolExecutor$Worker.run(ThreadPoolExecutor.java:635)
	at java.base/java.lang.Thread.run(Thread.java:833)

20:13:37.691 [pool-3-thread-1] WARN net.thucydides.core.requirements.RequirementsTagProvider - Failed to load requirements: Illegal char <:> at index 4: file:\C:\Users\LENOVO-PC\OneDrive%20-%20IT-PLN\Dokumen\apenim\Diskusiaza-QE\WEB%20DISKUSIAZA\src\test\resources\web\LandingPage.feature
java.nio.file.InvalidPathException: Illegal char <:> at index 4: file:\C:\Users\LENOVO-PC\OneDrive%20-%20IT-PLN\Dokumen\apenim\Diskusiaza-QE\WEB%20DISKUSIAZA\src\test\resources\web\LandingPage.feature
	at java.base/sun.nio.fs.WindowsPathParser.normalize(WindowsPathParser.java:182)
	at java.base/sun.nio.fs.WindowsPathParser.parse(WindowsPathParser.java:153)
	at java.base/sun.nio.fs.WindowsPathParser.parse(WindowsPathParser.java:77)
	at java.base/sun.nio.fs.WindowsPath.parse(WindowsPath.java:92)
	at java.base/sun.nio.fs.WindowsFileSystem.getPath(WindowsFileSystem.java:232)
	at java.base/java.io.File.toPath(File.java:2387)
	at net.thucydides.core.requirements.RootDirectory.getRelativePathOf(RootDirectory.java:364)
	at net.thucydides.core.requirements.FileSystemRequirementsTagProvider.requirementWithMatchingPath(FileSystemRequirementsTagProvider.java:372)
	at net.thucydides.core.requirements.FileSystemRequirementsTagProvider.getParentRequirementOf(FileSystemRequirementsTagProvider.java:335)
	at net.thucydides.core.requirements.ParentRequirementsProvided.forOutcome(ParentRequirementsProvided.java:26)
	at net.thucydides.core.requirements.BaseRequirementsService.getParentRequirementOf(BaseRequirementsService.java:138)
	at net.thucydides.core.requirements.BaseRequirementsService.getParentRequirementFor(BaseRequirementsService.java:48)
	at net.thucydides.core.reports.html.HtmlAcceptanceTestReporter.addParentRequirmentFieldToContext(HtmlAcceptanceTestReporter.java:196)
	at net.thucydides.core.reports.html.HtmlAcceptanceTestReporter.addTestOutcomeToContext(HtmlAcceptanceTestReporter.java:190)
	at net.thucydides.core.reports.html.HtmlAcceptanceTestReporter.generateScreenshotReportsFor(HtmlAcceptanceTestReporter.java:254)
	at net.thucydides.core.reports.html.HtmlAcceptanceTestReporter.generateReportFor(HtmlAcceptanceTestReporter.java:108)
	at net.thucydides.core.reports.ReportService.generateReportFor(ReportService.java:246)
	at net.thucydides.core.reports.ReportService.lambda$generateReportsFor$0(ReportService.java:184)
	at java.base/java.util.concurrent.Executors$RunnableAdapter.call(Executors.java:539)
	at java.base/java.util.concurrent.FutureTask.run(FutureTask.java:264)
	at java.base/java.util.concurrent.ThreadPoolExecutor.runWorker(ThreadPoolExecutor.java:1136)
	at java.base/java.util.concurrent.ThreadPoolExecutor$Worker.run(ThreadPoolExecutor.java:635)
	at java.base/java.lang.Thread.run(Thread.java:833)

20:13:37.694 [pool-3-thread-1] WARN net.thucydides.core.requirements.RequirementsTagProvider - Failed to load requirements: Illegal char <:> at index 4: file:\C:\Users\LENOVO-PC\OneDrive%20-%20IT-PLN\Dokumen\apenim\Diskusiaza-QE\WEB%20DISKUSIAZA\src\test\resources\web\LandingPage.feature
java.nio.file.InvalidPathException: Illegal char <:> at index 4: file:\C:\Users\LENOVO-PC\OneDrive%20-%20IT-PLN\Dokumen\apenim\Diskusiaza-QE\WEB%20DISKUSIAZA\src\test\resources\web\LandingPage.feature
	at java.base/sun.nio.fs.WindowsPathParser.normalize(WindowsPathParser.java:182)
	at java.base/sun.nio.fs.WindowsPathParser.parse(WindowsPathParser.java:153)
	at java.base/sun.nio.fs.WindowsPathParser.parse(WindowsPathParser.java:77)
	at java.base/sun.nio.fs.WindowsPath.parse(WindowsPath.java:92)
	at java.base/sun.nio.fs.WindowsFileSystem.getPath(WindowsFileSystem.java:232)
	at java.base/java.io.File.toPath(File.java:2387)
	at net.thucydides.core.requirements.RootDirectory.getRelativePathOf(RootDirectory.java:364)
	at net.thucydides.core.requirements.FileSystemRequirementsTagProvider.requirementWithMatchingPath(FileSystemRequirementsTagProvider.java:372)
	at net.thucydides.core.requirements.FileSystemRequirementsTagProvider.getParentRequirementOf(FileSystemRequirementsTagProvider.java:335)
	at net.thucydides.core.requirements.ParentRequirementsProvided.forOutcome(ParentRequirementsProvided.java:26)
	at net.thucydides.core.requirements.BaseRequirementsService.getParentRequirementOf(BaseRequirementsService.java:138)
	at net.thucydides.core.requirements.BaseRequirementsService.getAncestorRequirementsFor(BaseRequirementsService.java:78)
	at net.thucydides.core.reports.html.HtmlAcceptanceTestReporter.addBreadcrumbs(HtmlAcceptanceTestReporter.java:226)
	at net.thucydides.core.reports.html.HtmlAcceptanceTestReporter.addParentRequirmentFieldToContext(HtmlAcceptanceTestReporter.java:214)
	at net.thucydides.core.reports.html.HtmlAcceptanceTestReporter.addTestOutcomeToContext(HtmlAcceptanceTestReporter.java:190)
	at net.thucydides.core.reports.html.HtmlAcceptanceTestReporter.generateScreenshotReportsFor(HtmlAcceptanceTestReporter.java:254)
	at net.thucydides.core.reports.html.HtmlAcceptanceTestReporter.generateReportFor(HtmlAcceptanceTestReporter.java:108)
	at net.thucydides.core.reports.ReportService.generateReportFor(ReportService.java:246)
	at net.thucydides.core.reports.ReportService.lambda$generateReportsFor$0(ReportService.java:184)
	at java.base/java.util.concurrent.Executors$RunnableAdapter.call(Executors.java:539)
	at java.base/java.util.concurrent.FutureTask.run(FutureTask.java:264)
	at java.base/java.util.concurrent.ThreadPoolExecutor.runWorker(ThreadPoolExecutor.java:1136)
	at java.base/java.util.concurrent.ThreadPoolExecutor$Worker.run(ThreadPoolExecutor.java:635)
	at java.base/java.lang.Thread.run(Thread.java:833)

20:13:37.698 [pool-3-thread-1] WARN net.thucydides.core.requirements.RequirementsTagProvider - Failed to load requirements: Illegal char <:> at index 4: file:\C:\Users\LENOVO-PC\OneDrive%20-%20IT-PLN\Dokumen\apenim\Diskusiaza-QE\WEB%20DISKUSIAZA\src\test\resources\web\LandingPage.feature
java.nio.file.InvalidPathException: Illegal char <:> at index 4: file:\C:\Users\LENOVO-PC\OneDrive%20-%20IT-PLN\Dokumen\apenim\Diskusiaza-QE\WEB%20DISKUSIAZA\src\test\resources\web\LandingPage.feature
	at java.base/sun.nio.fs.WindowsPathParser.normalize(WindowsPathParser.java:182)
	at java.base/sun.nio.fs.WindowsPathParser.parse(WindowsPathParser.java:153)
	at java.base/sun.nio.fs.WindowsPathParser.parse(WindowsPathParser.java:77)
	at java.base/sun.nio.fs.WindowsPath.parse(WindowsPath.java:92)
	at java.base/sun.nio.fs.WindowsFileSystem.getPath(WindowsFileSystem.java:232)
	at java.base/java.io.File.toPath(File.java:2387)
	at net.thucydides.core.requirements.RootDirectory.getRelativePathOf(RootDirectory.java:364)
	at net.thucydides.core.requirements.FileSystemRequirementsTagProvider.requirementWithMatchingPath(FileSystemRequirementsTagProvider.java:372)
	at net.thucydides.core.requirements.FileSystemRequirementsTagProvider.getParentRequirementOf(FileSystemRequirementsTagProvider.java:335)
	at net.thucydides.core.requirements.ParentRequirementsProvided.forOutcome(ParentRequirementsProvided.java:26)
	at net.thucydides.core.requirements.BaseRequirementsService.getParentRequirementOf(BaseRequirementsService.java:138)
	at net.thucydides.core.requirements.BaseRequirementsService.getAncestorRequirementsFor(BaseRequirementsService.java:78)
	at net.thucydides.core.tags.BreadcrumbTagFilter.getRequirementBreadcrumbsFrom(BreadcrumbTagFilter.java:51)
	at net.thucydides.core.reports.html.HtmlAcceptanceTestReporter.addBreadcrumbs(HtmlAcceptanceTestReporter.java:227)
	at net.thucydides.core.reports.html.HtmlAcceptanceTestReporter.addParentRequirmentFieldToContext(HtmlAcceptanceTestReporter.java:214)
	at net.thucydides.core.reports.html.HtmlAcceptanceTestReporter.addTestOutcomeToContext(HtmlAcceptanceTestReporter.java:190)
	at net.thucydides.core.reports.html.HtmlAcceptanceTestReporter.generateScreenshotReportsFor(HtmlAcceptanceTestReporter.java:254)
	at net.thucydides.core.reports.html.HtmlAcceptanceTestReporter.generateReportFor(HtmlAcceptanceTestReporter.java:108)
	at net.thucydides.core.reports.ReportService.generateReportFor(ReportService.java:246)
	at net.thucydides.core.reports.ReportService.lambda$generateReportsFor$0(ReportService.java:184)
	at java.base/java.util.concurrent.Executors$RunnableAdapter.call(Executors.java:539)
	at java.base/java.util.concurrent.FutureTask.run(FutureTask.java:264)
	at java.base/java.util.concurrent.ThreadPoolExecutor.runWorker(ThreadPoolExecutor.java:1136)
	at java.base/java.util.concurrent.ThreadPoolExecutor$Worker.run(ThreadPoolExecutor.java:635)
	at java.base/java.lang.Thread.run(Thread.java:833)

20:13:37.698 [pool-3-thread-1] DEBUG serenity.reporting - Generating report in 0553885811323a25bc1f21beb22ae62437917ed39fa7d290c6537a33a2db3e14_screenshots.html

20:13:37.724 [pool-3-thread-1] DEBUG serenity.reporting - Generated report 0553885811323a25bc1f21beb22ae62437917ed39fa7d290c6537a33a2db3e14_screenshots.html in 26 ms

20:13:37.724 [pool-3-thread-1] DEBUG serenity.reporting - Generating report in 0553885811323a25bc1f21beb22ae62437917ed39fa7d290c6537a33a2db3e14.html

20:13:37.886 [pool-3-thread-1] DEBUG serenity.reporting - Generated report 0553885811323a25bc1f21beb22ae62437917ed39fa7d290c6537a33a2db3e14.html in 162 ms

20:13:37.886 [pool-3-thread-1] DEBUG net.thucydides.core.reports.ReportService - Processing test outcome User on landing page:User membuka Bookmarks done

20:13:37.886 [pool-3-thread-1] DEBUG net.thucydides.core.reports.ReportService - Processing test outcome User on landing page:User membuka Ruang

20:13:37.886 [pool-3-thread-1] INFO net.thucydides.core.reports.ReportService - net.thucydides.core.reports.html.HtmlAcceptanceTestReporter@3e2432c2: Generating report for test outcome: User on landing page:User membuka Ruang

20:13:37.886 [pool-3-thread-1] WARN net.thucydides.core.requirements.RequirementsTagProvider - Failed to load requirements: Illegal char <:> at index 4: file:\C:\Users\LENOVO-PC\OneDrive%20-%20IT-PLN\Dokumen\apenim\Diskusiaza-QE\WEB%20DISKUSIAZA\src\test\resources\web\LandingPage.feature
java.nio.file.InvalidPathException: Illegal char <:> at index 4: file:\C:\Users\LENOVO-PC\OneDrive%20-%20IT-PLN\Dokumen\apenim\Diskusiaza-QE\WEB%20DISKUSIAZA\src\test\resources\web\LandingPage.feature
	at java.base/sun.nio.fs.WindowsPathParser.normalize(WindowsPathParser.java:182)
	at java.base/sun.nio.fs.WindowsPathParser.parse(WindowsPathParser.java:153)
	at java.base/sun.nio.fs.WindowsPathParser.parse(WindowsPathParser.java:77)
	at java.base/sun.nio.fs.WindowsPath.parse(WindowsPath.java:92)
	at java.base/sun.nio.fs.WindowsFileSystem.getPath(WindowsFileSystem.java:232)
	at java.base/java.io.File.toPath(File.java:2387)
	at net.thucydides.core.requirements.RootDirectory.getRelativePathOf(RootDirectory.java:364)
	at net.thucydides.core.requirements.FileSystemRequirementsTagProvider.requirementWithMatchingPath(FileSystemRequirementsTagProvider.java:372)
	at net.thucydides.core.requirements.FileSystemRequirementsTagProvider.getParentRequirementOf(FileSystemRequirementsTagProvider.java:335)
	at net.thucydides.core.requirements.ParentRequirementsProvided.forOutcome(ParentRequirementsProvided.java:26)
	at net.thucydides.core.requirements.BaseRequirementsService.getParentRequirementOf(BaseRequirementsService.java:138)
	at net.thucydides.core.requirements.BaseRequirementsService.getParentRequirementFor(BaseRequirementsService.java:48)
	at net.thucydides.core.reports.html.HtmlAcceptanceTestReporter.addParentRequirmentFieldToContext(HtmlAcceptanceTestReporter.java:196)
	at net.thucydides.core.reports.html.HtmlAcceptanceTestReporter.addTestOutcomeToContext(HtmlAcceptanceTestReporter.java:190)
	at net.thucydides.core.reports.html.HtmlAcceptanceTestReporter.generateReportFor(HtmlAcceptanceTestReporter.java:105)
	at net.thucydides.core.reports.ReportService.generateReportFor(ReportService.java:246)
	at net.thucydides.core.reports.ReportService.lambda$generateReportsFor$0(ReportService.java:184)
	at java.base/java.util.concurrent.Executors$RunnableAdapter.call(Executors.java:539)
	at java.base/java.util.concurrent.FutureTask.run(FutureTask.java:264)
	at java.base/java.util.concurrent.ThreadPoolExecutor.runWorker(ThreadPoolExecutor.java:1136)
	at java.base/java.util.concurrent.ThreadPoolExecutor$Worker.run(ThreadPoolExecutor.java:635)
	at java.base/java.lang.Thread.run(Thread.java:833)

20:13:37.886 [pool-3-thread-1] WARN net.thucydides.core.requirements.RequirementsTagProvider - Failed to load requirements: Illegal char <:> at index 4: file:\C:\Users\LENOVO-PC\OneDrive%20-%20IT-PLN\Dokumen\apenim\Diskusiaza-QE\WEB%20DISKUSIAZA\src\test\resources\web\LandingPage.feature
java.nio.file.InvalidPathException: Illegal char <:> at index 4: file:\C:\Users\LENOVO-PC\OneDrive%20-%20IT-PLN\Dokumen\apenim\Diskusiaza-QE\WEB%20DISKUSIAZA\src\test\resources\web\LandingPage.feature
	at java.base/sun.nio.fs.WindowsPathParser.normalize(WindowsPathParser.java:182)
	at java.base/sun.nio.fs.WindowsPathParser.parse(WindowsPathParser.java:153)
	at java.base/sun.nio.fs.WindowsPathParser.parse(WindowsPathParser.java:77)
	at java.base/sun.nio.fs.WindowsPath.parse(WindowsPath.java:92)
	at java.base/sun.nio.fs.WindowsFileSystem.getPath(WindowsFileSystem.java:232)
	at java.base/java.io.File.toPath(File.java:2387)
	at net.thucydides.core.requirements.RootDirectory.getRelativePathOf(RootDirectory.java:364)
	at net.thucydides.core.requirements.FileSystemRequirementsTagProvider.requirementWithMatchingPath(FileSystemRequirementsTagProvider.java:372)
	at net.thucydides.core.requirements.FileSystemRequirementsTagProvider.getParentRequirementOf(FileSystemRequirementsTagProvider.java:335)
	at net.thucydides.core.requirements.ParentRequirementsProvided.forOutcome(ParentRequirementsProvided.java:26)
	at net.thucydides.core.requirements.BaseRequirementsService.getParentRequirementOf(BaseRequirementsService.java:138)
	at net.thucydides.core.requirements.BaseRequirementsService.getAncestorRequirementsFor(BaseRequirementsService.java:78)
	at net.thucydides.core.reports.html.HtmlAcceptanceTestReporter.addBreadcrumbs(HtmlAcceptanceTestReporter.java:226)
	at net.thucydides.core.reports.html.HtmlAcceptanceTestReporter.addParentRequirmentFieldToContext(HtmlAcceptanceTestReporter.java:214)
	at net.thucydides.core.reports.html.HtmlAcceptanceTestReporter.addTestOutcomeToContext(HtmlAcceptanceTestReporter.java:190)
	at net.thucydides.core.reports.html.HtmlAcceptanceTestReporter.generateReportFor(HtmlAcceptanceTestReporter.java:105)
	at net.thucydides.core.reports.ReportService.generateReportFor(ReportService.java:246)
	at net.thucydides.core.reports.ReportService.lambda$generateReportsFor$0(ReportService.java:184)
	at java.base/java.util.concurrent.Executors$RunnableAdapter.call(Executors.java:539)
	at java.base/java.util.concurrent.FutureTask.run(FutureTask.java:264)
	at java.base/java.util.concurrent.ThreadPoolExecutor.runWorker(ThreadPoolExecutor.java:1136)
	at java.base/java.util.concurrent.ThreadPoolExecutor$Worker.run(ThreadPoolExecutor.java:635)
	at java.base/java.lang.Thread.run(Thread.java:833)

20:13:37.886 [pool-3-thread-1] WARN net.thucydides.core.requirements.RequirementsTagProvider - Failed to load requirements: Illegal char <:> at index 4: file:\C:\Users\LENOVO-PC\OneDrive%20-%20IT-PLN\Dokumen\apenim\Diskusiaza-QE\WEB%20DISKUSIAZA\src\test\resources\web\LandingPage.feature
java.nio.file.InvalidPathException: Illegal char <:> at index 4: file:\C:\Users\LENOVO-PC\OneDrive%20-%20IT-PLN\Dokumen\apenim\Diskusiaza-QE\WEB%20DISKUSIAZA\src\test\resources\web\LandingPage.feature
	at java.base/sun.nio.fs.WindowsPathParser.normalize(WindowsPathParser.java:182)
	at java.base/sun.nio.fs.WindowsPathParser.parse(WindowsPathParser.java:153)
	at java.base/sun.nio.fs.WindowsPathParser.parse(WindowsPathParser.java:77)
	at java.base/sun.nio.fs.WindowsPath.parse(WindowsPath.java:92)
	at java.base/sun.nio.fs.WindowsFileSystem.getPath(WindowsFileSystem.java:232)
	at java.base/java.io.File.toPath(File.java:2387)
	at net.thucydides.core.requirements.RootDirectory.getRelativePathOf(RootDirectory.java:364)
	at net.thucydides.core.requirements.FileSystemRequirementsTagProvider.requirementWithMatchingPath(FileSystemRequirementsTagProvider.java:372)
	at net.thucydides.core.requirements.FileSystemRequirementsTagProvider.getParentRequirementOf(FileSystemRequirementsTagProvider.java:335)
	at net.thucydides.core.requirements.ParentRequirementsProvided.forOutcome(ParentRequirementsProvided.java:26)
	at net.thucydides.core.requirements.BaseRequirementsService.getParentRequirementOf(BaseRequirementsService.java:138)
	at net.thucydides.core.requirements.BaseRequirementsService.getAncestorRequirementsFor(BaseRequirementsService.java:78)
	at net.thucydides.core.tags.BreadcrumbTagFilter.getRequirementBreadcrumbsFrom(BreadcrumbTagFilter.java:51)
	at net.thucydides.core.reports.html.HtmlAcceptanceTestReporter.addBreadcrumbs(HtmlAcceptanceTestReporter.java:227)
	at net.thucydides.core.reports.html.HtmlAcceptanceTestReporter.addParentRequirmentFieldToContext(HtmlAcceptanceTestReporter.java:214)
	at net.thucydides.core.reports.html.HtmlAcceptanceTestReporter.addTestOutcomeToContext(HtmlAcceptanceTestReporter.java:190)
	at net.thucydides.core.reports.html.HtmlAcceptanceTestReporter.generateReportFor(HtmlAcceptanceTestReporter.java:105)
	at net.thucydides.core.reports.ReportService.generateReportFor(ReportService.java:246)
	at net.thucydides.core.reports.ReportService.lambda$generateReportsFor$0(ReportService.java:184)
	at java.base/java.util.concurrent.Executors$RunnableAdapter.call(Executors.java:539)
	at java.base/java.util.concurrent.FutureTask.run(FutureTask.java:264)
	at java.base/java.util.concurrent.ThreadPoolExecutor.runWorker(ThreadPoolExecutor.java:1136)
	at java.base/java.util.concurrent.ThreadPoolExecutor$Worker.run(ThreadPoolExecutor.java:635)
	at java.base/java.lang.Thread.run(Thread.java:833)

20:13:37.893 [pool-3-thread-1] WARN net.thucydides.core.requirements.RequirementsTagProvider - Failed to load requirements: Illegal char <:> at index 4: file:\C:\Users\LENOVO-PC\OneDrive%20-%20IT-PLN\Dokumen\apenim\Diskusiaza-QE\WEB%20DISKUSIAZA\src\test\resources\web\LandingPage.feature
java.nio.file.InvalidPathException: Illegal char <:> at index 4: file:\C:\Users\LENOVO-PC\OneDrive%20-%20IT-PLN\Dokumen\apenim\Diskusiaza-QE\WEB%20DISKUSIAZA\src\test\resources\web\LandingPage.feature
	at java.base/sun.nio.fs.WindowsPathParser.normalize(WindowsPathParser.java:182)
	at java.base/sun.nio.fs.WindowsPathParser.parse(WindowsPathParser.java:153)
	at java.base/sun.nio.fs.WindowsPathParser.parse(WindowsPathParser.java:77)
	at java.base/sun.nio.fs.WindowsPath.parse(WindowsPath.java:92)
	at java.base/sun.nio.fs.WindowsFileSystem.getPath(WindowsFileSystem.java:232)
	at java.base/java.io.File.toPath(File.java:2387)
	at net.thucydides.core.requirements.RootDirectory.getRelativePathOf(RootDirectory.java:364)
	at net.thucydides.core.requirements.FileSystemRequirementsTagProvider.requirementWithMatchingPath(FileSystemRequirementsTagProvider.java:372)
	at net.thucydides.core.requirements.FileSystemRequirementsTagProvider.getParentRequirementOf(FileSystemRequirementsTagProvider.java:335)
	at net.thucydides.core.requirements.ParentRequirementsProvided.forOutcome(ParentRequirementsProvided.java:26)
	at net.thucydides.core.requirements.BaseRequirementsService.getParentRequirementOf(BaseRequirementsService.java:138)
	at net.thucydides.core.requirements.BaseRequirementsService.getParentRequirementFor(BaseRequirementsService.java:48)
	at net.thucydides.core.reports.html.HtmlAcceptanceTestReporter.addParentRequirmentFieldToContext(HtmlAcceptanceTestReporter.java:196)
	at net.thucydides.core.reports.html.HtmlAcceptanceTestReporter.addTestOutcomeToContext(HtmlAcceptanceTestReporter.java:190)
	at net.thucydides.core.reports.html.HtmlAcceptanceTestReporter.generateScreenshotReportsFor(HtmlAcceptanceTestReporter.java:254)
	at net.thucydides.core.reports.html.HtmlAcceptanceTestReporter.generateReportFor(HtmlAcceptanceTestReporter.java:108)
	at net.thucydides.core.reports.ReportService.generateReportFor(ReportService.java:246)
	at net.thucydides.core.reports.ReportService.lambda$generateReportsFor$0(ReportService.java:184)
	at java.base/java.util.concurrent.Executors$RunnableAdapter.call(Executors.java:539)
	at java.base/java.util.concurrent.FutureTask.run(FutureTask.java:264)
	at java.base/java.util.concurrent.ThreadPoolExecutor.runWorker(ThreadPoolExecutor.java:1136)
	at java.base/java.util.concurrent.ThreadPoolExecutor$Worker.run(ThreadPoolExecutor.java:635)
	at java.base/java.lang.Thread.run(Thread.java:833)

20:13:37.893 [pool-3-thread-1] WARN net.thucydides.core.requirements.RequirementsTagProvider - Failed to load requirements: Illegal char <:> at index 4: file:\C:\Users\LENOVO-PC\OneDrive%20-%20IT-PLN\Dokumen\apenim\Diskusiaza-QE\WEB%20DISKUSIAZA\src\test\resources\web\LandingPage.feature
java.nio.file.InvalidPathException: Illegal char <:> at index 4: file:\C:\Users\LENOVO-PC\OneDrive%20-%20IT-PLN\Dokumen\apenim\Diskusiaza-QE\WEB%20DISKUSIAZA\src\test\resources\web\LandingPage.feature
	at java.base/sun.nio.fs.WindowsPathParser.normalize(WindowsPathParser.java:182)
	at java.base/sun.nio.fs.WindowsPathParser.parse(WindowsPathParser.java:153)
	at java.base/sun.nio.fs.WindowsPathParser.parse(WindowsPathParser.java:77)
	at java.base/sun.nio.fs.WindowsPath.parse(WindowsPath.java:92)
	at java.base/sun.nio.fs.WindowsFileSystem.getPath(WindowsFileSystem.java:232)
	at java.base/java.io.File.toPath(File.java:2387)
	at net.thucydides.core.requirements.RootDirectory.getRelativePathOf(RootDirectory.java:364)
	at net.thucydides.core.requirements.FileSystemRequirementsTagProvider.requirementWithMatchingPath(FileSystemRequirementsTagProvider.java:372)
	at net.thucydides.core.requirements.FileSystemRequirementsTagProvider.getParentRequirementOf(FileSystemRequirementsTagProvider.java:335)
	at net.thucydides.core.requirements.ParentRequirementsProvided.forOutcome(ParentRequirementsProvided.java:26)
	at net.thucydides.core.requirements.BaseRequirementsService.getParentRequirementOf(BaseRequirementsService.java:138)
	at net.thucydides.core.requirements.BaseRequirementsService.getAncestorRequirementsFor(BaseRequirementsService.java:78)
	at net.thucydides.core.reports.html.HtmlAcceptanceTestReporter.addBreadcrumbs(HtmlAcceptanceTestReporter.java:226)
	at net.thucydides.core.reports.html.HtmlAcceptanceTestReporter.addParentRequirmentFieldToContext(HtmlAcceptanceTestReporter.java:214)
	at net.thucydides.core.reports.html.HtmlAcceptanceTestReporter.addTestOutcomeToContext(HtmlAcceptanceTestReporter.java:190)
	at net.thucydides.core.reports.html.HtmlAcceptanceTestReporter.generateScreenshotReportsFor(HtmlAcceptanceTestReporter.java:254)
	at net.thucydides.core.reports.html.HtmlAcceptanceTestReporter.generateReportFor(HtmlAcceptanceTestReporter.java:108)
	at net.thucydides.core.reports.ReportService.generateReportFor(ReportService.java:246)
	at net.thucydides.core.reports.ReportService.lambda$generateReportsFor$0(ReportService.java:184)
	at java.base/java.util.concurrent.Executors$RunnableAdapter.call(Executors.java:539)
	at java.base/java.util.concurrent.FutureTask.run(FutureTask.java:264)
	at java.base/java.util.concurrent.ThreadPoolExecutor.runWorker(ThreadPoolExecutor.java:1136)
	at java.base/java.util.concurrent.ThreadPoolExecutor$Worker.run(ThreadPoolExecutor.java:635)
	at java.base/java.lang.Thread.run(Thread.java:833)

20:13:37.893 [pool-3-thread-1] WARN net.thucydides.core.requirements.RequirementsTagProvider - Failed to load requirements: Illegal char <:> at index 4: file:\C:\Users\LENOVO-PC\OneDrive%20-%20IT-PLN\Dokumen\apenim\Diskusiaza-QE\WEB%20DISKUSIAZA\src\test\resources\web\LandingPage.feature
java.nio.file.InvalidPathException: Illegal char <:> at index 4: file:\C:\Users\LENOVO-PC\OneDrive%20-%20IT-PLN\Dokumen\apenim\Diskusiaza-QE\WEB%20DISKUSIAZA\src\test\resources\web\LandingPage.feature
	at java.base/sun.nio.fs.WindowsPathParser.normalize(WindowsPathParser.java:182)
	at java.base/sun.nio.fs.WindowsPathParser.parse(WindowsPathParser.java:153)
	at java.base/sun.nio.fs.WindowsPathParser.parse(WindowsPathParser.java:77)
	at java.base/sun.nio.fs.WindowsPath.parse(WindowsPath.java:92)
	at java.base/sun.nio.fs.WindowsFileSystem.getPath(WindowsFileSystem.java:232)
	at java.base/java.io.File.toPath(File.java:2387)
	at net.thucydides.core.requirements.RootDirectory.getRelativePathOf(RootDirectory.java:364)
	at net.thucydides.core.requirements.FileSystemRequirementsTagProvider.requirementWithMatchingPath(FileSystemRequirementsTagProvider.java:372)
	at net.thucydides.core.requirements.FileSystemRequirementsTagProvider.getParentRequirementOf(FileSystemRequirementsTagProvider.java:335)
	at net.thucydides.core.requirements.ParentRequirementsProvided.forOutcome(ParentRequirementsProvided.java:26)
	at net.thucydides.core.requirements.BaseRequirementsService.getParentRequirementOf(BaseRequirementsService.java:138)
	at net.thucydides.core.requirements.BaseRequirementsService.getAncestorRequirementsFor(BaseRequirementsService.java:78)
	at net.thucydides.core.tags.BreadcrumbTagFilter.getRequirementBreadcrumbsFrom(BreadcrumbTagFilter.java:51)
	at net.thucydides.core.reports.html.HtmlAcceptanceTestReporter.addBreadcrumbs(HtmlAcceptanceTestReporter.java:227)
	at net.thucydides.core.reports.html.HtmlAcceptanceTestReporter.addParentRequirmentFieldToContext(HtmlAcceptanceTestReporter.java:214)
	at net.thucydides.core.reports.html.HtmlAcceptanceTestReporter.addTestOutcomeToContext(HtmlAcceptanceTestReporter.java:190)
	at net.thucydides.core.reports.html.HtmlAcceptanceTestReporter.generateScreenshotReportsFor(HtmlAcceptanceTestReporter.java:254)
	at net.thucydides.core.reports.html.HtmlAcceptanceTestReporter.generateReportFor(HtmlAcceptanceTestReporter.java:108)
	at net.thucydides.core.reports.ReportService.generateReportFor(ReportService.java:246)
	at net.thucydides.core.reports.ReportService.lambda$generateReportsFor$0(ReportService.java:184)
	at java.base/java.util.concurrent.Executors$RunnableAdapter.call(Executors.java:539)
	at java.base/java.util.concurrent.FutureTask.run(FutureTask.java:264)
	at java.base/java.util.concurrent.ThreadPoolExecutor.runWorker(ThreadPoolExecutor.java:1136)
	at java.base/java.util.concurrent.ThreadPoolExecutor$Worker.run(ThreadPoolExecutor.java:635)
	at java.base/java.lang.Thread.run(Thread.java:833)

20:13:37.893 [pool-3-thread-1] DEBUG serenity.reporting - Generating report in f0d8016d39dbfa8275651d1415badcfbfedab8fc26a01e22901f1b3d7a64e558_screenshots.html

20:13:37.893 [pool-3-thread-1] DEBUG serenity.reporting - Generated report f0d8016d39dbfa8275651d1415badcfbfedab8fc26a01e22901f1b3d7a64e558_screenshots.html in 0 ms

20:13:37.901 [pool-3-thread-1] DEBUG serenity.reporting - Generating report in f0d8016d39dbfa8275651d1415badcfbfedab8fc26a01e22901f1b3d7a64e558.html

20:13:37.909 [pool-3-thread-4] DEBUG serenity.reporting - Generated report a26ab33c0fbad157582ec32342d8cfaeed604019a8b62492f5a9380044202eab.html in 464 ms

20:13:37.909 [pool-3-thread-4] DEBUG net.thucydides.core.reports.ReportService - Processing test outcome User on landing page:User membuka search field done

20:13:37.909 [pool-3-thread-4] DEBUG net.thucydides.core.reports.ReportService - Processing test outcome User on landing page:User membuka Profil

20:13:37.909 [pool-3-thread-4] INFO net.thucydides.core.reports.ReportService - net.thucydides.core.reports.html.HtmlAcceptanceTestReporter@3e2432c2: Generating report for test outcome: User on landing page:User membuka Profil

20:13:37.912 [pool-3-thread-3] DEBUG serenity.reporting - Generated report 40d18987f16c39d6d9169b91e80c63888e40d8d2b3c2444061c7828908059be8.html in 468 ms

20:13:37.912 [pool-3-thread-3] DEBUG net.thucydides.core.reports.ReportService - Processing test outcome User on landing page:user membuka notifikasi done

20:13:37.912 [pool-3-thread-3] DEBUG net.thucydides.core.reports.ReportService - Processing test outcome User on landing page:User membuat Thread

20:13:37.912 [pool-3-thread-3] INFO net.thucydides.core.reports.ReportService - net.thucydides.core.reports.html.HtmlAcceptanceTestReporter@3e2432c2: Generating report for test outcome: User on landing page:User membuat Thread

20:13:37.934 [pool-3-thread-4] WARN net.thucydides.core.requirements.RequirementsTagProvider - Failed to load requirements: Illegal char <:> at index 4: file:\C:\Users\LENOVO-PC\OneDrive%20-%20IT-PLN\Dokumen\apenim\Diskusiaza-QE\WEB%20DISKUSIAZA\src\test\resources\web\LandingPage.feature
java.nio.file.InvalidPathException: Illegal char <:> at index 4: file:\C:\Users\LENOVO-PC\OneDrive%20-%20IT-PLN\Dokumen\apenim\Diskusiaza-QE\WEB%20DISKUSIAZA\src\test\resources\web\LandingPage.feature
	at java.base/sun.nio.fs.WindowsPathParser.normalize(WindowsPathParser.java:182)
	at java.base/sun.nio.fs.WindowsPathParser.parse(WindowsPathParser.java:153)
	at java.base/sun.nio.fs.WindowsPathParser.parse(WindowsPathParser.java:77)
	at java.base/sun.nio.fs.WindowsPath.parse(WindowsPath.java:92)
	at java.base/sun.nio.fs.WindowsFileSystem.getPath(WindowsFileSystem.java:232)
	at java.base/java.io.File.toPath(File.java:2387)
	at net.thucydides.core.requirements.RootDirectory.getRelativePathOf(RootDirectory.java:364)
	at net.thucydides.core.requirements.FileSystemRequirementsTagProvider.requirementWithMatchingPath(FileSystemRequirementsTagProvider.java:372)
	at net.thucydides.core.requirements.FileSystemRequirementsTagProvider.getParentRequirementOf(FileSystemRequirementsTagProvider.java:335)
	at net.thucydides.core.requirements.ParentRequirementsProvided.forOutcome(ParentRequirementsProvided.java:26)
	at net.thucydides.core.requirements.BaseRequirementsService.getParentRequirementOf(BaseRequirementsService.java:138)
	at net.thucydides.core.requirements.BaseRequirementsService.getParentRequirementFor(BaseRequirementsService.java:48)
	at net.thucydides.core.reports.html.HtmlAcceptanceTestReporter.addParentRequirmentFieldToContext(HtmlAcceptanceTestReporter.java:196)
	at net.thucydides.core.reports.html.HtmlAcceptanceTestReporter.addTestOutcomeToContext(HtmlAcceptanceTestReporter.java:190)
	at net.thucydides.core.reports.html.HtmlAcceptanceTestReporter.generateReportFor(HtmlAcceptanceTestReporter.java:105)
	at net.thucydides.core.reports.ReportService.generateReportFor(ReportService.java:246)
	at net.thucydides.core.reports.ReportService.lambda$generateReportsFor$0(ReportService.java:184)
	at java.base/java.util.concurrent.Executors$RunnableAdapter.call(Executors.java:539)
	at java.base/java.util.concurrent.FutureTask.run(FutureTask.java:264)
	at java.base/java.util.concurrent.ThreadPoolExecutor.runWorker(ThreadPoolExecutor.java:1136)
	at java.base/java.util.concurrent.ThreadPoolExecutor$Worker.run(ThreadPoolExecutor.java:635)
	at java.base/java.lang.Thread.run(Thread.java:833)

20:13:37.947 [pool-3-thread-3] WARN net.thucydides.core.requirements.RequirementsTagProvider - Failed to load requirements: Illegal char <:> at index 4: file:\C:\Users\LENOVO-PC\OneDrive%20-%20IT-PLN\Dokumen\apenim\Diskusiaza-QE\WEB%20DISKUSIAZA\src\test\resources\web\LandingPage.feature
java.nio.file.InvalidPathException: Illegal char <:> at index 4: file:\C:\Users\LENOVO-PC\OneDrive%20-%20IT-PLN\Dokumen\apenim\Diskusiaza-QE\WEB%20DISKUSIAZA\src\test\resources\web\LandingPage.feature
	at java.base/sun.nio.fs.WindowsPathParser.normalize(WindowsPathParser.java:182)
	at java.base/sun.nio.fs.WindowsPathParser.parse(WindowsPathParser.java:153)
	at java.base/sun.nio.fs.WindowsPathParser.parse(WindowsPathParser.java:77)
	at java.base/sun.nio.fs.WindowsPath.parse(WindowsPath.java:92)
	at java.base/sun.nio.fs.WindowsFileSystem.getPath(WindowsFileSystem.java:232)
	at java.base/java.io.File.toPath(File.java:2387)
	at net.thucydides.core.requirements.RootDirectory.getRelativePathOf(RootDirectory.java:364)
	at net.thucydides.core.requirements.FileSystemRequirementsTagProvider.requirementWithMatchingPath(FileSystemRequirementsTagProvider.java:372)
	at net.thucydides.core.requirements.FileSystemRequirementsTagProvider.getParentRequirementOf(FileSystemRequirementsTagProvider.java:335)
	at net.thucydides.core.requirements.ParentRequirementsProvided.forOutcome(ParentRequirementsProvided.java:26)
	at net.thucydides.core.requirements.BaseRequirementsService.getParentRequirementOf(BaseRequirementsService.java:138)
	at net.thucydides.core.requirements.BaseRequirementsService.getParentRequirementFor(BaseRequirementsService.java:48)
	at net.thucydides.core.reports.html.HtmlAcceptanceTestReporter.addParentRequirmentFieldToContext(HtmlAcceptanceTestReporter.java:196)
	at net.thucydides.core.reports.html.HtmlAcceptanceTestReporter.addTestOutcomeToContext(HtmlAcceptanceTestReporter.java:190)
	at net.thucydides.core.reports.html.HtmlAcceptanceTestReporter.generateReportFor(HtmlAcceptanceTestReporter.java:105)
	at net.thucydides.core.reports.ReportService.generateReportFor(ReportService.java:246)
	at net.thucydides.core.reports.ReportService.lambda$generateReportsFor$0(ReportService.java:184)
	at java.base/java.util.concurrent.Executors$RunnableAdapter.call(Executors.java:539)
	at java.base/java.util.concurrent.FutureTask.run(FutureTask.java:264)
	at java.base/java.util.concurrent.ThreadPoolExecutor.runWorker(ThreadPoolExecutor.java:1136)
	at java.base/java.util.concurrent.ThreadPoolExecutor$Worker.run(ThreadPoolExecutor.java:635)
	at java.base/java.lang.Thread.run(Thread.java:833)

20:13:37.948 [pool-3-thread-4] WARN net.thucydides.core.requirements.RequirementsTagProvider - Failed to load requirements: Illegal char <:> at index 4: file:\C:\Users\LENOVO-PC\OneDrive%20-%20IT-PLN\Dokumen\apenim\Diskusiaza-QE\WEB%20DISKUSIAZA\src\test\resources\web\LandingPage.feature
java.nio.file.InvalidPathException: Illegal char <:> at index 4: file:\C:\Users\LENOVO-PC\OneDrive%20-%20IT-PLN\Dokumen\apenim\Diskusiaza-QE\WEB%20DISKUSIAZA\src\test\resources\web\LandingPage.feature
	at java.base/sun.nio.fs.WindowsPathParser.normalize(WindowsPathParser.java:182)
	at java.base/sun.nio.fs.WindowsPathParser.parse(WindowsPathParser.java:153)
	at java.base/sun.nio.fs.WindowsPathParser.parse(WindowsPathParser.java:77)
	at java.base/sun.nio.fs.WindowsPath.parse(WindowsPath.java:92)
	at java.base/sun.nio.fs.WindowsFileSystem.getPath(WindowsFileSystem.java:232)
	at java.base/java.io.File.toPath(File.java:2387)
	at net.thucydides.core.requirements.RootDirectory.getRelativePathOf(RootDirectory.java:364)
	at net.thucydides.core.requirements.FileSystemRequirementsTagProvider.requirementWithMatchingPath(FileSystemRequirementsTagProvider.java:372)
	at net.thucydides.core.requirements.FileSystemRequirementsTagProvider.getParentRequirementOf(FileSystemRequirementsTagProvider.java:335)
	at net.thucydides.core.requirements.ParentRequirementsProvided.forOutcome(ParentRequirementsProvided.java:26)
	at net.thucydides.core.requirements.BaseRequirementsService.getParentRequirementOf(BaseRequirementsService.java:138)
	at net.thucydides.core.requirements.BaseRequirementsService.getAncestorRequirementsFor(BaseRequirementsService.java:78)
	at net.thucydides.core.reports.html.HtmlAcceptanceTestReporter.addBreadcrumbs(HtmlAcceptanceTestReporter.java:226)
	at net.thucydides.core.reports.html.HtmlAcceptanceTestReporter.addParentRequirmentFieldToContext(HtmlAcceptanceTestReporter.java:214)
	at net.thucydides.core.reports.html.HtmlAcceptanceTestReporter.addTestOutcomeToContext(HtmlAcceptanceTestReporter.java:190)
	at net.thucydides.core.reports.html.HtmlAcceptanceTestReporter.generateReportFor(HtmlAcceptanceTestReporter.java:105)
	at net.thucydides.core.reports.ReportService.generateReportFor(ReportService.java:246)
	at net.thucydides.core.reports.ReportService.lambda$generateReportsFor$0(ReportService.java:184)
	at java.base/java.util.concurrent.Executors$RunnableAdapter.call(Executors.java:539)
	at java.base/java.util.concurrent.FutureTask.run(FutureTask.java:264)
	at java.base/java.util.concurrent.ThreadPoolExecutor.runWorker(ThreadPoolExecutor.java:1136)
	at java.base/java.util.concurrent.ThreadPoolExecutor$Worker.run(ThreadPoolExecutor.java:635)
	at java.base/java.lang.Thread.run(Thread.java:833)

20:13:37.948 [pool-3-thread-4] WARN net.thucydides.core.requirements.RequirementsTagProvider - Failed to load requirements: Illegal char <:> at index 4: file:\C:\Users\LENOVO-PC\OneDrive%20-%20IT-PLN\Dokumen\apenim\Diskusiaza-QE\WEB%20DISKUSIAZA\src\test\resources\web\LandingPage.feature
java.nio.file.InvalidPathException: Illegal char <:> at index 4: file:\C:\Users\LENOVO-PC\OneDrive%20-%20IT-PLN\Dokumen\apenim\Diskusiaza-QE\WEB%20DISKUSIAZA\src\test\resources\web\LandingPage.feature
	at java.base/sun.nio.fs.WindowsPathParser.normalize(WindowsPathParser.java:182)
	at java.base/sun.nio.fs.WindowsPathParser.parse(WindowsPathParser.java:153)
	at java.base/sun.nio.fs.WindowsPathParser.parse(WindowsPathParser.java:77)
	at java.base/sun.nio.fs.WindowsPath.parse(WindowsPath.java:92)
	at java.base/sun.nio.fs.WindowsFileSystem.getPath(WindowsFileSystem.java:232)
	at java.base/java.io.File.toPath(File.java:2387)
	at net.thucydides.core.requirements.RootDirectory.getRelativePathOf(RootDirectory.java:364)
	at net.thucydides.core.requirements.FileSystemRequirementsTagProvider.requirementWithMatchingPath(FileSystemRequirementsTagProvider.java:372)
	at net.thucydides.core.requirements.FileSystemRequirementsTagProvider.getParentRequirementOf(FileSystemRequirementsTagProvider.java:335)
	at net.thucydides.core.requirements.ParentRequirementsProvided.forOutcome(ParentRequirementsProvided.java:26)
	at net.thucydides.core.requirements.BaseRequirementsService.getParentRequirementOf(BaseRequirementsService.java:138)
	at net.thucydides.core.requirements.BaseRequirementsService.getAncestorRequirementsFor(BaseRequirementsService.java:78)
	at net.thucydides.core.tags.BreadcrumbTagFilter.getRequirementBreadcrumbsFrom(BreadcrumbTagFilter.java:51)
	at net.thucydides.core.reports.html.HtmlAcceptanceTestReporter.addBreadcrumbs(HtmlAcceptanceTestReporter.java:227)
	at net.thucydides.core.reports.html.HtmlAcceptanceTestReporter.addParentRequirmentFieldToContext(HtmlAcceptanceTestReporter.java:214)
	at net.thucydides.core.reports.html.HtmlAcceptanceTestReporter.addTestOutcomeToContext(HtmlAcceptanceTestReporter.java:190)
	at net.thucydides.core.reports.html.HtmlAcceptanceTestReporter.generateReportFor(HtmlAcceptanceTestReporter.java:105)
	at net.thucydides.core.reports.ReportService.generateReportFor(ReportService.java:246)
	at net.thucydides.core.reports.ReportService.lambda$generateReportsFor$0(ReportService.java:184)
	at java.base/java.util.concurrent.Executors$RunnableAdapter.call(Executors.java:539)
	at java.base/java.util.concurrent.FutureTask.run(FutureTask.java:264)
	at java.base/java.util.concurrent.ThreadPoolExecutor.runWorker(ThreadPoolExecutor.java:1136)
	at java.base/java.util.concurrent.ThreadPoolExecutor$Worker.run(ThreadPoolExecutor.java:635)
	at java.base/java.lang.Thread.run(Thread.java:833)

20:13:37.950 [pool-3-thread-3] WARN net.thucydides.core.requirements.RequirementsTagProvider - Failed to load requirements: Illegal char <:> at index 4: file:\C:\Users\LENOVO-PC\OneDrive%20-%20IT-PLN\Dokumen\apenim\Diskusiaza-QE\WEB%20DISKUSIAZA\src\test\resources\web\LandingPage.feature
java.nio.file.InvalidPathException: Illegal char <:> at index 4: file:\C:\Users\LENOVO-PC\OneDrive%20-%20IT-PLN\Dokumen\apenim\Diskusiaza-QE\WEB%20DISKUSIAZA\src\test\resources\web\LandingPage.feature
	at java.base/sun.nio.fs.WindowsPathParser.normalize(WindowsPathParser.java:182)
	at java.base/sun.nio.fs.WindowsPathParser.parse(WindowsPathParser.java:153)
	at java.base/sun.nio.fs.WindowsPathParser.parse(WindowsPathParser.java:77)
	at java.base/sun.nio.fs.WindowsPath.parse(WindowsPath.java:92)
	at java.base/sun.nio.fs.WindowsFileSystem.getPath(WindowsFileSystem.java:232)
	at java.base/java.io.File.toPath(File.java:2387)
	at net.thucydides.core.requirements.RootDirectory.getRelativePathOf(RootDirectory.java:364)
	at net.thucydides.core.requirements.FileSystemRequirementsTagProvider.requirementWithMatchingPath(FileSystemRequirementsTagProvider.java:372)
	at net.thucydides.core.requirements.FileSystemRequirementsTagProvider.getParentRequirementOf(FileSystemRequirementsTagProvider.java:335)
	at net.thucydides.core.requirements.ParentRequirementsProvided.forOutcome(ParentRequirementsProvided.java:26)
	at net.thucydides.core.requirements.BaseRequirementsService.getParentRequirementOf(BaseRequirementsService.java:138)
	at net.thucydides.core.requirements.BaseRequirementsService.getAncestorRequirementsFor(BaseRequirementsService.java:78)
	at net.thucydides.core.reports.html.HtmlAcceptanceTestReporter.addBreadcrumbs(HtmlAcceptanceTestReporter.java:226)
	at net.thucydides.core.reports.html.HtmlAcceptanceTestReporter.addParentRequirmentFieldToContext(HtmlAcceptanceTestReporter.java:214)
	at net.thucydides.core.reports.html.HtmlAcceptanceTestReporter.addTestOutcomeToContext(HtmlAcceptanceTestReporter.java:190)
	at net.thucydides.core.reports.html.HtmlAcceptanceTestReporter.generateReportFor(HtmlAcceptanceTestReporter.java:105)
	at net.thucydides.core.reports.ReportService.generateReportFor(ReportService.java:246)
	at net.thucydides.core.reports.ReportService.lambda$generateReportsFor$0(ReportService.java:184)
	at java.base/java.util.concurrent.Executors$RunnableAdapter.call(Executors.java:539)
	at java.base/java.util.concurrent.FutureTask.run(FutureTask.java:264)
	at java.base/java.util.concurrent.ThreadPoolExecutor.runWorker(ThreadPoolExecutor.java:1136)
	at java.base/java.util.concurrent.ThreadPoolExecutor$Worker.run(ThreadPoolExecutor.java:635)
	at java.base/java.lang.Thread.run(Thread.java:833)

20:13:37.934 [pool-3-thread-5] WARN net.thucydides.core.requirements.RequirementsTagProvider - Failed to load requirements: Illegal char <:> at index 4: file:\C:\Users\LENOVO-PC\OneDrive%20-%20IT-PLN\Dokumen\apenim\Diskusiaza-QE\WEB%20DISKUSIAZA\src\test\resources\web\LandingPage.feature
java.nio.file.InvalidPathException: Illegal char <:> at index 4: file:\C:\Users\LENOVO-PC\OneDrive%20-%20IT-PLN\Dokumen\apenim\Diskusiaza-QE\WEB%20DISKUSIAZA\src\test\resources\web\LandingPage.feature
	at java.base/sun.nio.fs.WindowsPathParser.normalize(WindowsPathParser.java:182)
	at java.base/sun.nio.fs.WindowsPathParser.parse(WindowsPathParser.java:153)
	at java.base/sun.nio.fs.WindowsPathParser.parse(WindowsPathParser.java:77)
	at java.base/sun.nio.fs.WindowsPath.parse(WindowsPath.java:92)
	at java.base/sun.nio.fs.WindowsFileSystem.getPath(WindowsFileSystem.java:232)
	at java.base/java.io.File.toPath(File.java:2387)
	at net.thucydides.core.requirements.RootDirectory.getRelativePathOf(RootDirectory.java:364)
	at net.thucydides.core.requirements.FileSystemRequirementsTagProvider.requirementWithMatchingPath(FileSystemRequirementsTagProvider.java:372)
	at net.thucydides.core.requirements.FileSystemRequirementsTagProvider.getParentRequirementOf(FileSystemRequirementsTagProvider.java:335)
	at net.thucydides.core.requirements.ParentRequirementsProvided.forOutcome(ParentRequirementsProvided.java:26)
	at net.thucydides.core.requirements.BaseRequirementsService.getParentRequirementOf(BaseRequirementsService.java:138)
	at net.thucydides.core.requirements.BaseRequirementsService.getParentRequirementFor(BaseRequirementsService.java:48)
	at net.thucydides.core.reports.html.HtmlAcceptanceTestReporter.addParentRequirmentFieldToContext(HtmlAcceptanceTestReporter.java:196)
	at net.thucydides.core.reports.html.HtmlAcceptanceTestReporter.addTestOutcomeToContext(HtmlAcceptanceTestReporter.java:190)
	at net.thucydides.core.reports.html.HtmlAcceptanceTestReporter.generateScreenshotReportsFor(HtmlAcceptanceTestReporter.java:254)
	at net.thucydides.core.reports.html.HtmlAcceptanceTestReporter.generateReportFor(HtmlAcceptanceTestReporter.java:108)
	at net.thucydides.core.reports.ReportService.generateReportFor(ReportService.java:246)
	at net.thucydides.core.reports.ReportService.lambda$generateReportsFor$0(ReportService.java:184)
	at java.base/java.util.concurrent.Executors$RunnableAdapter.call(Executors.java:539)
	at java.base/java.util.concurrent.FutureTask.run(FutureTask.java:264)
	at java.base/java.util.concurrent.ThreadPoolExecutor.runWorker(ThreadPoolExecutor.java:1136)
	at java.base/java.util.concurrent.ThreadPoolExecutor$Worker.run(ThreadPoolExecutor.java:635)
	at java.base/java.lang.Thread.run(Thread.java:833)

20:13:37.952 [pool-3-thread-5] WARN net.thucydides.core.requirements.RequirementsTagProvider - Failed to load requirements: Illegal char <:> at index 4: file:\C:\Users\LENOVO-PC\OneDrive%20-%20IT-PLN\Dokumen\apenim\Diskusiaza-QE\WEB%20DISKUSIAZA\src\test\resources\web\LandingPage.feature
java.nio.file.InvalidPathException: Illegal char <:> at index 4: file:\C:\Users\LENOVO-PC\OneDrive%20-%20IT-PLN\Dokumen\apenim\Diskusiaza-QE\WEB%20DISKUSIAZA\src\test\resources\web\LandingPage.feature
	at java.base/sun.nio.fs.WindowsPathParser.normalize(WindowsPathParser.java:182)
	at java.base/sun.nio.fs.WindowsPathParser.parse(WindowsPathParser.java:153)
	at java.base/sun.nio.fs.WindowsPathParser.parse(WindowsPathParser.java:77)
	at java.base/sun.nio.fs.WindowsPath.parse(WindowsPath.java:92)
	at java.base/sun.nio.fs.WindowsFileSystem.getPath(WindowsFileSystem.java:232)
	at java.base/java.io.File.toPath(File.java:2387)
	at net.thucydides.core.requirements.RootDirectory.getRelativePathOf(RootDirectory.java:364)
	at net.thucydides.core.requirements.FileSystemRequirementsTagProvider.requirementWithMatchingPath(FileSystemRequirementsTagProvider.java:372)
	at net.thucydides.core.requirements.FileSystemRequirementsTagProvider.getParentRequirementOf(FileSystemRequirementsTagProvider.java:335)
	at net.thucydides.core.requirements.ParentRequirementsProvided.forOutcome(ParentRequirementsProvided.java:26)
	at net.thucydides.core.requirements.BaseRequirementsService.getParentRequirementOf(BaseRequirementsService.java:138)
	at net.thucydides.core.requirements.BaseRequirementsService.getAncestorRequirementsFor(BaseRequirementsService.java:78)
	at net.thucydides.core.reports.html.HtmlAcceptanceTestReporter.addBreadcrumbs(HtmlAcceptanceTestReporter.java:226)
	at net.thucydides.core.reports.html.HtmlAcceptanceTestReporter.addParentRequirmentFieldToContext(HtmlAcceptanceTestReporter.java:214)
	at net.thucydides.core.reports.html.HtmlAcceptanceTestReporter.addTestOutcomeToContext(HtmlAcceptanceTestReporter.java:190)
	at net.thucydides.core.reports.html.HtmlAcceptanceTestReporter.generateScreenshotReportsFor(HtmlAcceptanceTestReporter.java:254)
	at net.thucydides.core.reports.html.HtmlAcceptanceTestReporter.generateReportFor(HtmlAcceptanceTestReporter.java:108)
	at net.thucydides.core.reports.ReportService.generateReportFor(ReportService.java:246)
	at net.thucydides.core.reports.ReportService.lambda$generateReportsFor$0(ReportService.java:184)
	at java.base/java.util.concurrent.Executors$RunnableAdapter.call(Executors.java:539)
	at java.base/java.util.concurrent.FutureTask.run(FutureTask.java:264)
	at java.base/java.util.concurrent.ThreadPoolExecutor.runWorker(ThreadPoolExecutor.java:1136)
	at java.base/java.util.concurrent.ThreadPoolExecutor$Worker.run(ThreadPoolExecutor.java:635)
	at java.base/java.lang.Thread.run(Thread.java:833)

20:13:37.952 [pool-3-thread-5] WARN net.thucydides.core.requirements.RequirementsTagProvider - Failed to load requirements: Illegal char <:> at index 4: file:\C:\Users\LENOVO-PC\OneDrive%20-%20IT-PLN\Dokumen\apenim\Diskusiaza-QE\WEB%20DISKUSIAZA\src\test\resources\web\LandingPage.feature
java.nio.file.InvalidPathException: Illegal char <:> at index 4: file:\C:\Users\LENOVO-PC\OneDrive%20-%20IT-PLN\Dokumen\apenim\Diskusiaza-QE\WEB%20DISKUSIAZA\src\test\resources\web\LandingPage.feature
	at java.base/sun.nio.fs.WindowsPathParser.normalize(WindowsPathParser.java:182)
	at java.base/sun.nio.fs.WindowsPathParser.parse(WindowsPathParser.java:153)
	at java.base/sun.nio.fs.WindowsPathParser.parse(WindowsPathParser.java:77)
	at java.base/sun.nio.fs.WindowsPath.parse(WindowsPath.java:92)
	at java.base/sun.nio.fs.WindowsFileSystem.getPath(WindowsFileSystem.java:232)
	at java.base/java.io.File.toPath(File.java:2387)
	at net.thucydides.core.requirements.RootDirectory.getRelativePathOf(RootDirectory.java:364)
	at net.thucydides.core.requirements.FileSystemRequirementsTagProvider.requirementWithMatchingPath(FileSystemRequirementsTagProvider.java:372)
	at net.thucydides.core.requirements.FileSystemRequirementsTagProvider.getParentRequirementOf(FileSystemRequirementsTagProvider.java:335)
	at net.thucydides.core.requirements.ParentRequirementsProvided.forOutcome(ParentRequirementsProvided.java:26)
	at net.thucydides.core.requirements.BaseRequirementsService.getParentRequirementOf(BaseRequirementsService.java:138)
	at net.thucydides.core.requirements.BaseRequirementsService.getAncestorRequirementsFor(BaseRequirementsService.java:78)
	at net.thucydides.core.tags.BreadcrumbTagFilter.getRequirementBreadcrumbsFrom(BreadcrumbTagFilter.java:51)
	at net.thucydides.core.reports.html.HtmlAcceptanceTestReporter.addBreadcrumbs(HtmlAcceptanceTestReporter.java:227)
	at net.thucydides.core.reports.html.HtmlAcceptanceTestReporter.addParentRequirmentFieldToContext(HtmlAcceptanceTestReporter.java:214)
	at net.thucydides.core.reports.html.HtmlAcceptanceTestReporter.addTestOutcomeToContext(HtmlAcceptanceTestReporter.java:190)
	at net.thucydides.core.reports.html.HtmlAcceptanceTestReporter.generateScreenshotReportsFor(HtmlAcceptanceTestReporter.java:254)
	at net.thucydides.core.reports.html.HtmlAcceptanceTestReporter.generateReportFor(HtmlAcceptanceTestReporter.java:108)
	at net.thucydides.core.reports.ReportService.generateReportFor(ReportService.java:246)
	at net.thucydides.core.reports.ReportService.lambda$generateReportsFor$0(ReportService.java:184)
	at java.base/java.util.concurrent.Executors$RunnableAdapter.call(Executors.java:539)
	at java.base/java.util.concurrent.FutureTask.run(FutureTask.java:264)
	at java.base/java.util.concurrent.ThreadPoolExecutor.runWorker(ThreadPoolExecutor.java:1136)
	at java.base/java.util.concurrent.ThreadPoolExecutor$Worker.run(ThreadPoolExecutor.java:635)
	at java.base/java.lang.Thread.run(Thread.java:833)

20:13:37.955 [pool-3-thread-3] WARN net.thucydides.core.requirements.RequirementsTagProvider - Failed to load requirements: Illegal char <:> at index 4: file:\C:\Users\LENOVO-PC\OneDrive%20-%20IT-PLN\Dokumen\apenim\Diskusiaza-QE\WEB%20DISKUSIAZA\src\test\resources\web\LandingPage.feature
java.nio.file.InvalidPathException: Illegal char <:> at index 4: file:\C:\Users\LENOVO-PC\OneDrive%20-%20IT-PLN\Dokumen\apenim\Diskusiaza-QE\WEB%20DISKUSIAZA\src\test\resources\web\LandingPage.feature
	at java.base/sun.nio.fs.WindowsPathParser.normalize(WindowsPathParser.java:182)
	at java.base/sun.nio.fs.WindowsPathParser.parse(WindowsPathParser.java:153)
	at java.base/sun.nio.fs.WindowsPathParser.parse(WindowsPathParser.java:77)
	at java.base/sun.nio.fs.WindowsPath.parse(WindowsPath.java:92)
	at java.base/sun.nio.fs.WindowsFileSystem.getPath(WindowsFileSystem.java:232)
	at java.base/java.io.File.toPath(File.java:2387)
	at net.thucydides.core.requirements.RootDirectory.getRelativePathOf(RootDirectory.java:364)
	at net.thucydides.core.requirements.FileSystemRequirementsTagProvider.requirementWithMatchingPath(FileSystemRequirementsTagProvider.java:372)
	at net.thucydides.core.requirements.FileSystemRequirementsTagProvider.getParentRequirementOf(FileSystemRequirementsTagProvider.java:335)
	at net.thucydides.core.requirements.ParentRequirementsProvided.forOutcome(ParentRequirementsProvided.java:26)
	at net.thucydides.core.requirements.BaseRequirementsService.getParentRequirementOf(BaseRequirementsService.java:138)
	at net.thucydides.core.requirements.BaseRequirementsService.getAncestorRequirementsFor(BaseRequirementsService.java:78)
	at net.thucydides.core.tags.BreadcrumbTagFilter.getRequirementBreadcrumbsFrom(BreadcrumbTagFilter.java:51)
	at net.thucydides.core.reports.html.HtmlAcceptanceTestReporter.addBreadcrumbs(HtmlAcceptanceTestReporter.java:227)
	at net.thucydides.core.reports.html.HtmlAcceptanceTestReporter.addParentRequirmentFieldToContext(HtmlAcceptanceTestReporter.java:214)
	at net.thucydides.core.reports.html.HtmlAcceptanceTestReporter.addTestOutcomeToContext(HtmlAcceptanceTestReporter.java:190)
	at net.thucydides.core.reports.html.HtmlAcceptanceTestReporter.generateReportFor(HtmlAcceptanceTestReporter.java:105)
	at net.thucydides.core.reports.ReportService.generateReportFor(ReportService.java:246)
	at net.thucydides.core.reports.ReportService.lambda$generateReportsFor$0(ReportService.java:184)
	at java.base/java.util.concurrent.Executors$RunnableAdapter.call(Executors.java:539)
	at java.base/java.util.concurrent.FutureTask.run(FutureTask.java:264)
	at java.base/java.util.concurrent.ThreadPoolExecutor.runWorker(ThreadPoolExecutor.java:1136)
	at java.base/java.util.concurrent.ThreadPoolExecutor$Worker.run(ThreadPoolExecutor.java:635)
	at java.base/java.lang.Thread.run(Thread.java:833)

20:13:37.960 [pool-3-thread-5] DEBUG serenity.reporting - Generating report in 4c09e39d7af5dbc23557071ed41e0466aabd0dfd1e48629e40c20fde61a2b665_screenshots.html

20:13:37.967 [pool-3-thread-3] WARN net.thucydides.core.requirements.RequirementsTagProvider - Failed to load requirements: Illegal char <:> at index 4: file:\C:\Users\LENOVO-PC\OneDrive%20-%20IT-PLN\Dokumen\apenim\Diskusiaza-QE\WEB%20DISKUSIAZA\src\test\resources\web\LandingPage.feature
java.nio.file.InvalidPathException: Illegal char <:> at index 4: file:\C:\Users\LENOVO-PC\OneDrive%20-%20IT-PLN\Dokumen\apenim\Diskusiaza-QE\WEB%20DISKUSIAZA\src\test\resources\web\LandingPage.feature
	at java.base/sun.nio.fs.WindowsPathParser.normalize(WindowsPathParser.java:182)
	at java.base/sun.nio.fs.WindowsPathParser.parse(WindowsPathParser.java:153)
	at java.base/sun.nio.fs.WindowsPathParser.parse(WindowsPathParser.java:77)
	at java.base/sun.nio.fs.WindowsPath.parse(WindowsPath.java:92)
	at java.base/sun.nio.fs.WindowsFileSystem.getPath(WindowsFileSystem.java:232)
	at java.base/java.io.File.toPath(File.java:2387)
	at net.thucydides.core.requirements.RootDirectory.getRelativePathOf(RootDirectory.java:364)
	at net.thucydides.core.requirements.FileSystemRequirementsTagProvider.requirementWithMatchingPath(FileSystemRequirementsTagProvider.java:372)
	at net.thucydides.core.requirements.FileSystemRequirementsTagProvider.getParentRequirementOf(FileSystemRequirementsTagProvider.java:335)
	at net.thucydides.core.requirements.ParentRequirementsProvided.forOutcome(ParentRequirementsProvided.java:26)
	at net.thucydides.core.requirements.BaseRequirementsService.getParentRequirementOf(BaseRequirementsService.java:138)
	at net.thucydides.core.requirements.BaseRequirementsService.getParentRequirementFor(BaseRequirementsService.java:48)
	at net.thucydides.core.reports.html.HtmlAcceptanceTestReporter.addParentRequirmentFieldToContext(HtmlAcceptanceTestReporter.java:196)
	at net.thucydides.core.reports.html.HtmlAcceptanceTestReporter.addTestOutcomeToContext(HtmlAcceptanceTestReporter.java:190)
	at net.thucydides.core.reports.html.HtmlAcceptanceTestReporter.generateScreenshotReportsFor(HtmlAcceptanceTestReporter.java:254)
	at net.thucydides.core.reports.html.HtmlAcceptanceTestReporter.generateReportFor(HtmlAcceptanceTestReporter.java:108)
	at net.thucydides.core.reports.ReportService.generateReportFor(ReportService.java:246)
	at net.thucydides.core.reports.ReportService.lambda$generateReportsFor$0(ReportService.java:184)
	at java.base/java.util.concurrent.Executors$RunnableAdapter.call(Executors.java:539)
	at java.base/java.util.concurrent.FutureTask.run(FutureTask.java:264)
	at java.base/java.util.concurrent.ThreadPoolExecutor.runWorker(ThreadPoolExecutor.java:1136)
	at java.base/java.util.concurrent.ThreadPoolExecutor$Worker.run(ThreadPoolExecutor.java:635)
	at java.base/java.lang.Thread.run(Thread.java:833)

20:13:37.967 [pool-3-thread-3] WARN net.thucydides.core.requirements.RequirementsTagProvider - Failed to load requirements: Illegal char <:> at index 4: file:\C:\Users\LENOVO-PC\OneDrive%20-%20IT-PLN\Dokumen\apenim\Diskusiaza-QE\WEB%20DISKUSIAZA\src\test\resources\web\LandingPage.feature
java.nio.file.InvalidPathException: Illegal char <:> at index 4: file:\C:\Users\LENOVO-PC\OneDrive%20-%20IT-PLN\Dokumen\apenim\Diskusiaza-QE\WEB%20DISKUSIAZA\src\test\resources\web\LandingPage.feature
	at java.base/sun.nio.fs.WindowsPathParser.normalize(WindowsPathParser.java:182)
	at java.base/sun.nio.fs.WindowsPathParser.parse(WindowsPathParser.java:153)
	at java.base/sun.nio.fs.WindowsPathParser.parse(WindowsPathParser.java:77)
	at java.base/sun.nio.fs.WindowsPath.parse(WindowsPath.java:92)
	at java.base/sun.nio.fs.WindowsFileSystem.getPath(WindowsFileSystem.java:232)
	at java.base/java.io.File.toPath(File.java:2387)
	at net.thucydides.core.requirements.RootDirectory.getRelativePathOf(RootDirectory.java:364)
	at net.thucydides.core.requirements.FileSystemRequirementsTagProvider.requirementWithMatchingPath(FileSystemRequirementsTagProvider.java:372)
	at net.thucydides.core.requirements.FileSystemRequirementsTagProvider.getParentRequirementOf(FileSystemRequirementsTagProvider.java:335)
	at net.thucydides.core.requirements.ParentRequirementsProvided.forOutcome(ParentRequirementsProvided.java:26)
	at net.thucydides.core.requirements.BaseRequirementsService.getParentRequirementOf(BaseRequirementsService.java:138)
	at net.thucydides.core.requirements.BaseRequirementsService.getAncestorRequirementsFor(BaseRequirementsService.java:78)
	at net.thucydides.core.reports.html.HtmlAcceptanceTestReporter.addBreadcrumbs(HtmlAcceptanceTestReporter.java:226)
	at net.thucydides.core.reports.html.HtmlAcceptanceTestReporter.addParentRequirmentFieldToContext(HtmlAcceptanceTestReporter.java:214)
	at net.thucydides.core.reports.html.HtmlAcceptanceTestReporter.addTestOutcomeToContext(HtmlAcceptanceTestReporter.java:190)
	at net.thucydides.core.reports.html.HtmlAcceptanceTestReporter.generateScreenshotReportsFor(HtmlAcceptanceTestReporter.java:254)
	at net.thucydides.core.reports.html.HtmlAcceptanceTestReporter.generateReportFor(HtmlAcceptanceTestReporter.java:108)
	at net.thucydides.core.reports.ReportService.generateReportFor(ReportService.java:246)
	at net.thucydides.core.reports.ReportService.lambda$generateReportsFor$0(ReportService.java:184)
	at java.base/java.util.concurrent.Executors$RunnableAdapter.call(Executors.java:539)
	at java.base/java.util.concurrent.FutureTask.run(FutureTask.java:264)
	at java.base/java.util.concurrent.ThreadPoolExecutor.runWorker(ThreadPoolExecutor.java:1136)
	at java.base/java.util.concurrent.ThreadPoolExecutor$Worker.run(ThreadPoolExecutor.java:635)
	at java.base/java.lang.Thread.run(Thread.java:833)

20:13:37.967 [pool-3-thread-3] WARN net.thucydides.core.requirements.RequirementsTagProvider - Failed to load requirements: Illegal char <:> at index 4: file:\C:\Users\LENOVO-PC\OneDrive%20-%20IT-PLN\Dokumen\apenim\Diskusiaza-QE\WEB%20DISKUSIAZA\src\test\resources\web\LandingPage.feature
java.nio.file.InvalidPathException: Illegal char <:> at index 4: file:\C:\Users\LENOVO-PC\OneDrive%20-%20IT-PLN\Dokumen\apenim\Diskusiaza-QE\WEB%20DISKUSIAZA\src\test\resources\web\LandingPage.feature
	at java.base/sun.nio.fs.WindowsPathParser.normalize(WindowsPathParser.java:182)
	at java.base/sun.nio.fs.WindowsPathParser.parse(WindowsPathParser.java:153)
	at java.base/sun.nio.fs.WindowsPathParser.parse(WindowsPathParser.java:77)
	at java.base/sun.nio.fs.WindowsPath.parse(WindowsPath.java:92)
	at java.base/sun.nio.fs.WindowsFileSystem.getPath(WindowsFileSystem.java:232)
	at java.base/java.io.File.toPath(File.java:2387)
	at net.thucydides.core.requirements.RootDirectory.getRelativePathOf(RootDirectory.java:364)
	at net.thucydides.core.requirements.FileSystemRequirementsTagProvider.requirementWithMatchingPath(FileSystemRequirementsTagProvider.java:372)
	at net.thucydides.core.requirements.FileSystemRequirementsTagProvider.getParentRequirementOf(FileSystemRequirementsTagProvider.java:335)
	at net.thucydides.core.requirements.ParentRequirementsProvided.forOutcome(ParentRequirementsProvided.java:26)
	at net.thucydides.core.requirements.BaseRequirementsService.getParentRequirementOf(BaseRequirementsService.java:138)
	at net.thucydides.core.requirements.BaseRequirementsService.getAncestorRequirementsFor(BaseRequirementsService.java:78)
	at net.thucydides.core.tags.BreadcrumbTagFilter.getRequirementBreadcrumbsFrom(BreadcrumbTagFilter.java:51)
	at net.thucydides.core.reports.html.HtmlAcceptanceTestReporter.addBreadcrumbs(HtmlAcceptanceTestReporter.java:227)
	at net.thucydides.core.reports.html.HtmlAcceptanceTestReporter.addParentRequirmentFieldToContext(HtmlAcceptanceTestReporter.java:214)
	at net.thucydides.core.reports.html.HtmlAcceptanceTestReporter.addTestOutcomeToContext(HtmlAcceptanceTestReporter.java:190)
	at net.thucydides.core.reports.html.HtmlAcceptanceTestReporter.generateScreenshotReportsFor(HtmlAcceptanceTestReporter.java:254)
	at net.thucydides.core.reports.html.HtmlAcceptanceTestReporter.generateReportFor(HtmlAcceptanceTestReporter.java:108)
	at net.thucydides.core.reports.ReportService.generateReportFor(ReportService.java:246)
	at net.thucydides.core.reports.ReportService.lambda$generateReportsFor$0(ReportService.java:184)
	at java.base/java.util.concurrent.Executors$RunnableAdapter.call(Executors.java:539)
	at java.base/java.util.concurrent.FutureTask.run(FutureTask.java:264)
	at java.base/java.util.concurrent.ThreadPoolExecutor.runWorker(ThreadPoolExecutor.java:1136)
	at java.base/java.util.concurrent.ThreadPoolExecutor$Worker.run(ThreadPoolExecutor.java:635)
	at java.base/java.lang.Thread.run(Thread.java:833)

20:13:37.967 [pool-3-thread-3] DEBUG serenity.reporting - Generating report in c0b49df0c57ca1279e35f5691b5aab79bf5b7449a8dceb3ac16fa067895c6c72_screenshots.html

20:13:37.976 [pool-3-thread-4] WARN net.thucydides.core.requirements.RequirementsTagProvider - Failed to load requirements: Illegal char <:> at index 4: file:\C:\Users\LENOVO-PC\OneDrive%20-%20IT-PLN\Dokumen\apenim\Diskusiaza-QE\WEB%20DISKUSIAZA\src\test\resources\web\LandingPage.feature
java.nio.file.InvalidPathException: Illegal char <:> at index 4: file:\C:\Users\LENOVO-PC\OneDrive%20-%20IT-PLN\Dokumen\apenim\Diskusiaza-QE\WEB%20DISKUSIAZA\src\test\resources\web\LandingPage.feature
	at java.base/sun.nio.fs.WindowsPathParser.normalize(WindowsPathParser.java:182)
	at java.base/sun.nio.fs.WindowsPathParser.parse(WindowsPathParser.java:153)
	at java.base/sun.nio.fs.WindowsPathParser.parse(WindowsPathParser.java:77)
	at java.base/sun.nio.fs.WindowsPath.parse(WindowsPath.java:92)
	at java.base/sun.nio.fs.WindowsFileSystem.getPath(WindowsFileSystem.java:232)
	at java.base/java.io.File.toPath(File.java:2387)
	at net.thucydides.core.requirements.RootDirectory.getRelativePathOf(RootDirectory.java:364)
	at net.thucydides.core.requirements.FileSystemRequirementsTagProvider.requirementWithMatchingPath(FileSystemRequirementsTagProvider.java:372)
	at net.thucydides.core.requirements.FileSystemRequirementsTagProvider.getParentRequirementOf(FileSystemRequirementsTagProvider.java:335)
	at net.thucydides.core.requirements.ParentRequirementsProvided.forOutcome(ParentRequirementsProvided.java:26)
	at net.thucydides.core.requirements.BaseRequirementsService.getParentRequirementOf(BaseRequirementsService.java:138)
	at net.thucydides.core.requirements.BaseRequirementsService.getParentRequirementFor(BaseRequirementsService.java:48)
	at net.thucydides.core.reports.html.HtmlAcceptanceTestReporter.addParentRequirmentFieldToContext(HtmlAcceptanceTestReporter.java:196)
	at net.thucydides.core.reports.html.HtmlAcceptanceTestReporter.addTestOutcomeToContext(HtmlAcceptanceTestReporter.java:190)
	at net.thucydides.core.reports.html.HtmlAcceptanceTestReporter.generateScreenshotReportsFor(HtmlAcceptanceTestReporter.java:254)
	at net.thucydides.core.reports.html.HtmlAcceptanceTestReporter.generateReportFor(HtmlAcceptanceTestReporter.java:108)
	at net.thucydides.core.reports.ReportService.generateReportFor(ReportService.java:246)
	at net.thucydides.core.reports.ReportService.lambda$generateReportsFor$0(ReportService.java:184)
	at java.base/java.util.concurrent.Executors$RunnableAdapter.call(Executors.java:539)
	at java.base/java.util.concurrent.FutureTask.run(FutureTask.java:264)
	at java.base/java.util.concurrent.ThreadPoolExecutor.runWorker(ThreadPoolExecutor.java:1136)
	at java.base/java.util.concurrent.ThreadPoolExecutor$Worker.run(ThreadPoolExecutor.java:635)
	at java.base/java.lang.Thread.run(Thread.java:833)

20:13:37.976 [pool-3-thread-4] WARN net.thucydides.core.requirements.RequirementsTagProvider - Failed to load requirements: Illegal char <:> at index 4: file:\C:\Users\LENOVO-PC\OneDrive%20-%20IT-PLN\Dokumen\apenim\Diskusiaza-QE\WEB%20DISKUSIAZA\src\test\resources\web\LandingPage.feature
java.nio.file.InvalidPathException: Illegal char <:> at index 4: file:\C:\Users\LENOVO-PC\OneDrive%20-%20IT-PLN\Dokumen\apenim\Diskusiaza-QE\WEB%20DISKUSIAZA\src\test\resources\web\LandingPage.feature
	at java.base/sun.nio.fs.WindowsPathParser.normalize(WindowsPathParser.java:182)
	at java.base/sun.nio.fs.WindowsPathParser.parse(WindowsPathParser.java:153)
	at java.base/sun.nio.fs.WindowsPathParser.parse(WindowsPathParser.java:77)
	at java.base/sun.nio.fs.WindowsPath.parse(WindowsPath.java:92)
	at java.base/sun.nio.fs.WindowsFileSystem.getPath(WindowsFileSystem.java:232)
	at java.base/java.io.File.toPath(File.java:2387)
	at net.thucydides.core.requirements.RootDirectory.getRelativePathOf(RootDirectory.java:364)
	at net.thucydides.core.requirements.FileSystemRequirementsTagProvider.requirementWithMatchingPath(FileSystemRequirementsTagProvider.java:372)
	at net.thucydides.core.requirements.FileSystemRequirementsTagProvider.getParentRequirementOf(FileSystemRequirementsTagProvider.java:335)
	at net.thucydides.core.requirements.ParentRequirementsProvided.forOutcome(ParentRequirementsProvided.java:26)
	at net.thucydides.core.requirements.BaseRequirementsService.getParentRequirementOf(BaseRequirementsService.java:138)
	at net.thucydides.core.requirements.BaseRequirementsService.getAncestorRequirementsFor(BaseRequirementsService.java:78)
	at net.thucydides.core.reports.html.HtmlAcceptanceTestReporter.addBreadcrumbs(HtmlAcceptanceTestReporter.java:226)
	at net.thucydides.core.reports.html.HtmlAcceptanceTestReporter.addParentRequirmentFieldToContext(HtmlAcceptanceTestReporter.java:214)
	at net.thucydides.core.reports.html.HtmlAcceptanceTestReporter.addTestOutcomeToContext(HtmlAcceptanceTestReporter.java:190)
	at net.thucydides.core.reports.html.HtmlAcceptanceTestReporter.generateScreenshotReportsFor(HtmlAcceptanceTestReporter.java:254)
	at net.thucydides.core.reports.html.HtmlAcceptanceTestReporter.generateReportFor(HtmlAcceptanceTestReporter.java:108)
	at net.thucydides.core.reports.ReportService.generateReportFor(ReportService.java:246)
	at net.thucydides.core.reports.ReportService.lambda$generateReportsFor$0(ReportService.java:184)
	at java.base/java.util.concurrent.Executors$RunnableAdapter.call(Executors.java:539)
	at java.base/java.util.concurrent.FutureTask.run(FutureTask.java:264)
	at java.base/java.util.concurrent.ThreadPoolExecutor.runWorker(ThreadPoolExecutor.java:1136)
	at java.base/java.util.concurrent.ThreadPoolExecutor$Worker.run(ThreadPoolExecutor.java:635)
	at java.base/java.lang.Thread.run(Thread.java:833)

20:13:37.976 [pool-3-thread-4] WARN net.thucydides.core.requirements.RequirementsTagProvider - Failed to load requirements: Illegal char <:> at index 4: file:\C:\Users\LENOVO-PC\OneDrive%20-%20IT-PLN\Dokumen\apenim\Diskusiaza-QE\WEB%20DISKUSIAZA\src\test\resources\web\LandingPage.feature
java.nio.file.InvalidPathException: Illegal char <:> at index 4: file:\C:\Users\LENOVO-PC\OneDrive%20-%20IT-PLN\Dokumen\apenim\Diskusiaza-QE\WEB%20DISKUSIAZA\src\test\resources\web\LandingPage.feature
	at java.base/sun.nio.fs.WindowsPathParser.normalize(WindowsPathParser.java:182)
	at java.base/sun.nio.fs.WindowsPathParser.parse(WindowsPathParser.java:153)
	at java.base/sun.nio.fs.WindowsPathParser.parse(WindowsPathParser.java:77)
	at java.base/sun.nio.fs.WindowsPath.parse(WindowsPath.java:92)
	at java.base/sun.nio.fs.WindowsFileSystem.getPath(WindowsFileSystem.java:232)
	at java.base/java.io.File.toPath(File.java:2387)
	at net.thucydides.core.requirements.RootDirectory.getRelativePathOf(RootDirectory.java:364)
	at net.thucydides.core.requirements.FileSystemRequirementsTagProvider.requirementWithMatchingPath(FileSystemRequirementsTagProvider.java:372)
	at net.thucydides.core.requirements.FileSystemRequirementsTagProvider.getParentRequirementOf(FileSystemRequirementsTagProvider.java:335)
	at net.thucydides.core.requirements.ParentRequirementsProvided.forOutcome(ParentRequirementsProvided.java:26)
	at net.thucydides.core.requirements.BaseRequirementsService.getParentRequirementOf(BaseRequirementsService.java:138)
	at net.thucydides.core.requirements.BaseRequirementsService.getAncestorRequirementsFor(BaseRequirementsService.java:78)
	at net.thucydides.core.tags.BreadcrumbTagFilter.getRequirementBreadcrumbsFrom(BreadcrumbTagFilter.java:51)
	at net.thucydides.core.reports.html.HtmlAcceptanceTestReporter.addBreadcrumbs(HtmlAcceptanceTestReporter.java:227)
	at net.thucydides.core.reports.html.HtmlAcceptanceTestReporter.addParentRequirmentFieldToContext(HtmlAcceptanceTestReporter.java:214)
	at net.thucydides.core.reports.html.HtmlAcceptanceTestReporter.addTestOutcomeToContext(HtmlAcceptanceTestReporter.java:190)
	at net.thucydides.core.reports.html.HtmlAcceptanceTestReporter.generateScreenshotReportsFor(HtmlAcceptanceTestReporter.java:254)
	at net.thucydides.core.reports.html.HtmlAcceptanceTestReporter.generateReportFor(HtmlAcceptanceTestReporter.java:108)
	at net.thucydides.core.reports.ReportService.generateReportFor(ReportService.java:246)
	at net.thucydides.core.reports.ReportService.lambda$generateReportsFor$0(ReportService.java:184)
	at java.base/java.util.concurrent.Executors$RunnableAdapter.call(Executors.java:539)
	at java.base/java.util.concurrent.FutureTask.run(FutureTask.java:264)
	at java.base/java.util.concurrent.ThreadPoolExecutor.runWorker(ThreadPoolExecutor.java:1136)
	at java.base/java.util.concurrent.ThreadPoolExecutor$Worker.run(ThreadPoolExecutor.java:635)
	at java.base/java.lang.Thread.run(Thread.java:833)

20:13:37.976 [pool-3-thread-4] DEBUG serenity.reporting - Generating report in e49ceeae63e5cbe69c66753597a35ef6241d56d43afa593f592fdf900f6d167a_screenshots.html

20:13:38.030 [pool-3-thread-1] DEBUG serenity.reporting - Generated report f0d8016d39dbfa8275651d1415badcfbfedab8fc26a01e22901f1b3d7a64e558.html in 129 ms

20:13:38.030 [pool-3-thread-1] DEBUG net.thucydides.core.reports.ReportService - Processing test outcome User on landing page:User membuka Ruang done

20:13:38.030 [pool-3-thread-1] DEBUG net.thucydides.core.reports.ReportService - Processing test outcome User on login page:User input valid email and password

20:13:38.030 [pool-3-thread-1] INFO net.thucydides.core.reports.ReportService - net.thucydides.core.reports.html.HtmlAcceptanceTestReporter@3e2432c2: Generating report for test outcome: User on login page:User input valid email and password

20:13:38.030 [pool-3-thread-1] WARN net.thucydides.core.requirements.RequirementsTagProvider - Failed to load requirements: Illegal char <:> at index 4: file:\C:\Users\LENOVO-PC\OneDrive%20-%20IT-PLN\Dokumen\apenim\Diskusiaza-QE\WEB%20DISKUSIAZA\src\test\resources\web\Login.feature
java.nio.file.InvalidPathException: Illegal char <:> at index 4: file:\C:\Users\LENOVO-PC\OneDrive%20-%20IT-PLN\Dokumen\apenim\Diskusiaza-QE\WEB%20DISKUSIAZA\src\test\resources\web\Login.feature
	at java.base/sun.nio.fs.WindowsPathParser.normalize(WindowsPathParser.java:182)
	at java.base/sun.nio.fs.WindowsPathParser.parse(WindowsPathParser.java:153)
	at java.base/sun.nio.fs.WindowsPathParser.parse(WindowsPathParser.java:77)
	at java.base/sun.nio.fs.WindowsPath.parse(WindowsPath.java:92)
	at java.base/sun.nio.fs.WindowsFileSystem.getPath(WindowsFileSystem.java:232)
	at java.base/java.io.File.toPath(File.java:2387)
	at net.thucydides.core.requirements.RootDirectory.getRelativePathOf(RootDirectory.java:364)
	at net.thucydides.core.requirements.FileSystemRequirementsTagProvider.requirementWithMatchingPath(FileSystemRequirementsTagProvider.java:372)
	at net.thucydides.core.requirements.FileSystemRequirementsTagProvider.getParentRequirementOf(FileSystemRequirementsTagProvider.java:335)
	at net.thucydides.core.requirements.ParentRequirementsProvided.forOutcome(ParentRequirementsProvided.java:26)
	at net.thucydides.core.requirements.BaseRequirementsService.getParentRequirementOf(BaseRequirementsService.java:138)
	at net.thucydides.core.requirements.BaseRequirementsService.getParentRequirementFor(BaseRequirementsService.java:48)
	at net.thucydides.core.reports.html.HtmlAcceptanceTestReporter.addParentRequirmentFieldToContext(HtmlAcceptanceTestReporter.java:196)
	at net.thucydides.core.reports.html.HtmlAcceptanceTestReporter.addTestOutcomeToContext(HtmlAcceptanceTestReporter.java:190)
	at net.thucydides.core.reports.html.HtmlAcceptanceTestReporter.generateReportFor(HtmlAcceptanceTestReporter.java:105)
	at net.thucydides.core.reports.ReportService.generateReportFor(ReportService.java:246)
	at net.thucydides.core.reports.ReportService.lambda$generateReportsFor$0(ReportService.java:184)
	at java.base/java.util.concurrent.Executors$RunnableAdapter.call(Executors.java:539)
	at java.base/java.util.concurrent.FutureTask.run(FutureTask.java:264)
	at java.base/java.util.concurrent.ThreadPoolExecutor.runWorker(ThreadPoolExecutor.java:1136)
	at java.base/java.util.concurrent.ThreadPoolExecutor$Worker.run(ThreadPoolExecutor.java:635)
	at java.base/java.lang.Thread.run(Thread.java:833)

20:13:38.031 [pool-3-thread-1] WARN net.thucydides.core.requirements.RequirementsTagProvider - Failed to load requirements: Illegal char <:> at index 4: file:\C:\Users\LENOVO-PC\OneDrive%20-%20IT-PLN\Dokumen\apenim\Diskusiaza-QE\WEB%20DISKUSIAZA\src\test\resources\web\Login.feature
java.nio.file.InvalidPathException: Illegal char <:> at index 4: file:\C:\Users\LENOVO-PC\OneDrive%20-%20IT-PLN\Dokumen\apenim\Diskusiaza-QE\WEB%20DISKUSIAZA\src\test\resources\web\Login.feature
	at java.base/sun.nio.fs.WindowsPathParser.normalize(WindowsPathParser.java:182)
	at java.base/sun.nio.fs.WindowsPathParser.parse(WindowsPathParser.java:153)
	at java.base/sun.nio.fs.WindowsPathParser.parse(WindowsPathParser.java:77)
	at java.base/sun.nio.fs.WindowsPath.parse(WindowsPath.java:92)
	at java.base/sun.nio.fs.WindowsFileSystem.getPath(WindowsFileSystem.java:232)
	at java.base/java.io.File.toPath(File.java:2387)
	at net.thucydides.core.requirements.RootDirectory.getRelativePathOf(RootDirectory.java:364)
	at net.thucydides.core.requirements.FileSystemRequirementsTagProvider.requirementWithMatchingPath(FileSystemRequirementsTagProvider.java:372)
	at net.thucydides.core.requirements.FileSystemRequirementsTagProvider.getParentRequirementOf(FileSystemRequirementsTagProvider.java:335)
	at net.thucydides.core.requirements.ParentRequirementsProvided.forOutcome(ParentRequirementsProvided.java:26)
	at net.thucydides.core.requirements.BaseRequirementsService.getParentRequirementOf(BaseRequirementsService.java:138)
	at net.thucydides.core.requirements.BaseRequirementsService.getAncestorRequirementsFor(BaseRequirementsService.java:78)
	at net.thucydides.core.reports.html.HtmlAcceptanceTestReporter.addBreadcrumbs(HtmlAcceptanceTestReporter.java:226)
	at net.thucydides.core.reports.html.HtmlAcceptanceTestReporter.addParentRequirmentFieldToContext(HtmlAcceptanceTestReporter.java:214)
	at net.thucydides.core.reports.html.HtmlAcceptanceTestReporter.addTestOutcomeToContext(HtmlAcceptanceTestReporter.java:190)
	at net.thucydides.core.reports.html.HtmlAcceptanceTestReporter.generateReportFor(HtmlAcceptanceTestReporter.java:105)
	at net.thucydides.core.reports.ReportService.generateReportFor(ReportService.java:246)
	at net.thucydides.core.reports.ReportService.lambda$generateReportsFor$0(ReportService.java:184)
	at java.base/java.util.concurrent.Executors$RunnableAdapter.call(Executors.java:539)
	at java.base/java.util.concurrent.FutureTask.run(FutureTask.java:264)
	at java.base/java.util.concurrent.ThreadPoolExecutor.runWorker(ThreadPoolExecutor.java:1136)
	at java.base/java.util.concurrent.ThreadPoolExecutor$Worker.run(ThreadPoolExecutor.java:635)
	at java.base/java.lang.Thread.run(Thread.java:833)

20:13:38.031 [pool-3-thread-1] WARN net.thucydides.core.requirements.RequirementsTagProvider - Failed to load requirements: Illegal char <:> at index 4: file:\C:\Users\LENOVO-PC\OneDrive%20-%20IT-PLN\Dokumen\apenim\Diskusiaza-QE\WEB%20DISKUSIAZA\src\test\resources\web\Login.feature
java.nio.file.InvalidPathException: Illegal char <:> at index 4: file:\C:\Users\LENOVO-PC\OneDrive%20-%20IT-PLN\Dokumen\apenim\Diskusiaza-QE\WEB%20DISKUSIAZA\src\test\resources\web\Login.feature
	at java.base/sun.nio.fs.WindowsPathParser.normalize(WindowsPathParser.java:182)
	at java.base/sun.nio.fs.WindowsPathParser.parse(WindowsPathParser.java:153)
	at java.base/sun.nio.fs.WindowsPathParser.parse(WindowsPathParser.java:77)
	at java.base/sun.nio.fs.WindowsPath.parse(WindowsPath.java:92)
	at java.base/sun.nio.fs.WindowsFileSystem.getPath(WindowsFileSystem.java:232)
	at java.base/java.io.File.toPath(File.java:2387)
	at net.thucydides.core.requirements.RootDirectory.getRelativePathOf(RootDirectory.java:364)
	at net.thucydides.core.requirements.FileSystemRequirementsTagProvider.requirementWithMatchingPath(FileSystemRequirementsTagProvider.java:372)
	at net.thucydides.core.requirements.FileSystemRequirementsTagProvider.getParentRequirementOf(FileSystemRequirementsTagProvider.java:335)
	at net.thucydides.core.requirements.ParentRequirementsProvided.forOutcome(ParentRequirementsProvided.java:26)
	at net.thucydides.core.requirements.BaseRequirementsService.getParentRequirementOf(BaseRequirementsService.java:138)
	at net.thucydides.core.requirements.BaseRequirementsService.getAncestorRequirementsFor(BaseRequirementsService.java:78)
	at net.thucydides.core.tags.BreadcrumbTagFilter.getRequirementBreadcrumbsFrom(BreadcrumbTagFilter.java:51)
	at net.thucydides.core.reports.html.HtmlAcceptanceTestReporter.addBreadcrumbs(HtmlAcceptanceTestReporter.java:227)
	at net.thucydides.core.reports.html.HtmlAcceptanceTestReporter.addParentRequirmentFieldToContext(HtmlAcceptanceTestReporter.java:214)
	at net.thucydides.core.reports.html.HtmlAcceptanceTestReporter.addTestOutcomeToContext(HtmlAcceptanceTestReporter.java:190)
	at net.thucydides.core.reports.html.HtmlAcceptanceTestReporter.generateReportFor(HtmlAcceptanceTestReporter.java:105)
	at net.thucydides.core.reports.ReportService.generateReportFor(ReportService.java:246)
	at net.thucydides.core.reports.ReportService.lambda$generateReportsFor$0(ReportService.java:184)
	at java.base/java.util.concurrent.Executors$RunnableAdapter.call(Executors.java:539)
	at java.base/java.util.concurrent.FutureTask.run(FutureTask.java:264)
	at java.base/java.util.concurrent.ThreadPoolExecutor.runWorker(ThreadPoolExecutor.java:1136)
	at java.base/java.util.concurrent.ThreadPoolExecutor$Worker.run(ThreadPoolExecutor.java:635)
	at java.base/java.lang.Thread.run(Thread.java:833)

20:13:38.040 [pool-3-thread-1] WARN net.thucydides.core.requirements.RequirementsTagProvider - Failed to load requirements: Illegal char <:> at index 4: file:\C:\Users\LENOVO-PC\OneDrive%20-%20IT-PLN\Dokumen\apenim\Diskusiaza-QE\WEB%20DISKUSIAZA\src\test\resources\web\Login.feature
java.nio.file.InvalidPathException: Illegal char <:> at index 4: file:\C:\Users\LENOVO-PC\OneDrive%20-%20IT-PLN\Dokumen\apenim\Diskusiaza-QE\WEB%20DISKUSIAZA\src\test\resources\web\Login.feature
	at java.base/sun.nio.fs.WindowsPathParser.normalize(WindowsPathParser.java:182)
	at java.base/sun.nio.fs.WindowsPathParser.parse(WindowsPathParser.java:153)
	at java.base/sun.nio.fs.WindowsPathParser.parse(WindowsPathParser.java:77)
	at java.base/sun.nio.fs.WindowsPath.parse(WindowsPath.java:92)
	at java.base/sun.nio.fs.WindowsFileSystem.getPath(WindowsFileSystem.java:232)
	at java.base/java.io.File.toPath(File.java:2387)
	at net.thucydides.core.requirements.RootDirectory.getRelativePathOf(RootDirectory.java:364)
	at net.thucydides.core.requirements.FileSystemRequirementsTagProvider.requirementWithMatchingPath(FileSystemRequirementsTagProvider.java:372)
	at net.thucydides.core.requirements.FileSystemRequirementsTagProvider.getParentRequirementOf(FileSystemRequirementsTagProvider.java:335)
	at net.thucydides.core.requirements.ParentRequirementsProvided.forOutcome(ParentRequirementsProvided.java:26)
	at net.thucydides.core.requirements.BaseRequirementsService.getParentRequirementOf(BaseRequirementsService.java:138)
	at net.thucydides.core.requirements.BaseRequirementsService.getParentRequirementFor(BaseRequirementsService.java:48)
	at net.thucydides.core.reports.html.HtmlAcceptanceTestReporter.addParentRequirmentFieldToContext(HtmlAcceptanceTestReporter.java:196)
	at net.thucydides.core.reports.html.HtmlAcceptanceTestReporter.addTestOutcomeToContext(HtmlAcceptanceTestReporter.java:190)
	at net.thucydides.core.reports.html.HtmlAcceptanceTestReporter.generateScreenshotReportsFor(HtmlAcceptanceTestReporter.java:254)
	at net.thucydides.core.reports.html.HtmlAcceptanceTestReporter.generateReportFor(HtmlAcceptanceTestReporter.java:108)
	at net.thucydides.core.reports.ReportService.generateReportFor(ReportService.java:246)
	at net.thucydides.core.reports.ReportService.lambda$generateReportsFor$0(ReportService.java:184)
	at java.base/java.util.concurrent.Executors$RunnableAdapter.call(Executors.java:539)
	at java.base/java.util.concurrent.FutureTask.run(FutureTask.java:264)
	at java.base/java.util.concurrent.ThreadPoolExecutor.runWorker(ThreadPoolExecutor.java:1136)
	at java.base/java.util.concurrent.ThreadPoolExecutor$Worker.run(ThreadPoolExecutor.java:635)
	at java.base/java.lang.Thread.run(Thread.java:833)

20:13:38.051 [pool-3-thread-1] WARN net.thucydides.core.requirements.RequirementsTagProvider - Failed to load requirements: Illegal char <:> at index 4: file:\C:\Users\LENOVO-PC\OneDrive%20-%20IT-PLN\Dokumen\apenim\Diskusiaza-QE\WEB%20DISKUSIAZA\src\test\resources\web\Login.feature
java.nio.file.InvalidPathException: Illegal char <:> at index 4: file:\C:\Users\LENOVO-PC\OneDrive%20-%20IT-PLN\Dokumen\apenim\Diskusiaza-QE\WEB%20DISKUSIAZA\src\test\resources\web\Login.feature
	at java.base/sun.nio.fs.WindowsPathParser.normalize(WindowsPathParser.java:182)
	at java.base/sun.nio.fs.WindowsPathParser.parse(WindowsPathParser.java:153)
	at java.base/sun.nio.fs.WindowsPathParser.parse(WindowsPathParser.java:77)
	at java.base/sun.nio.fs.WindowsPath.parse(WindowsPath.java:92)
	at java.base/sun.nio.fs.WindowsFileSystem.getPath(WindowsFileSystem.java:232)
	at java.base/java.io.File.toPath(File.java:2387)
	at net.thucydides.core.requirements.RootDirectory.getRelativePathOf(RootDirectory.java:364)
	at net.thucydides.core.requirements.FileSystemRequirementsTagProvider.requirementWithMatchingPath(FileSystemRequirementsTagProvider.java:372)
	at net.thucydides.core.requirements.FileSystemRequirementsTagProvider.getParentRequirementOf(FileSystemRequirementsTagProvider.java:335)
	at net.thucydides.core.requirements.ParentRequirementsProvided.forOutcome(ParentRequirementsProvided.java:26)
	at net.thucydides.core.requirements.BaseRequirementsService.getParentRequirementOf(BaseRequirementsService.java:138)
	at net.thucydides.core.requirements.BaseRequirementsService.getAncestorRequirementsFor(BaseRequirementsService.java:78)
	at net.thucydides.core.reports.html.HtmlAcceptanceTestReporter.addBreadcrumbs(HtmlAcceptanceTestReporter.java:226)
	at net.thucydides.core.reports.html.HtmlAcceptanceTestReporter.addParentRequirmentFieldToContext(HtmlAcceptanceTestReporter.java:214)
	at net.thucydides.core.reports.html.HtmlAcceptanceTestReporter.addTestOutcomeToContext(HtmlAcceptanceTestReporter.java:190)
	at net.thucydides.core.reports.html.HtmlAcceptanceTestReporter.generateScreenshotReportsFor(HtmlAcceptanceTestReporter.java:254)
	at net.thucydides.core.reports.html.HtmlAcceptanceTestReporter.generateReportFor(HtmlAcceptanceTestReporter.java:108)
	at net.thucydides.core.reports.ReportService.generateReportFor(ReportService.java:246)
	at net.thucydides.core.reports.ReportService.lambda$generateReportsFor$0(ReportService.java:184)
	at java.base/java.util.concurrent.Executors$RunnableAdapter.call(Executors.java:539)
	at java.base/java.util.concurrent.FutureTask.run(FutureTask.java:264)
	at java.base/java.util.concurrent.ThreadPoolExecutor.runWorker(ThreadPoolExecutor.java:1136)
	at java.base/java.util.concurrent.ThreadPoolExecutor$Worker.run(ThreadPoolExecutor.java:635)
	at java.base/java.lang.Thread.run(Thread.java:833)

20:13:38.051 [pool-3-thread-1] WARN net.thucydides.core.requirements.RequirementsTagProvider - Failed to load requirements: Illegal char <:> at index 4: file:\C:\Users\LENOVO-PC\OneDrive%20-%20IT-PLN\Dokumen\apenim\Diskusiaza-QE\WEB%20DISKUSIAZA\src\test\resources\web\Login.feature
java.nio.file.InvalidPathException: Illegal char <:> at index 4: file:\C:\Users\LENOVO-PC\OneDrive%20-%20IT-PLN\Dokumen\apenim\Diskusiaza-QE\WEB%20DISKUSIAZA\src\test\resources\web\Login.feature
	at java.base/sun.nio.fs.WindowsPathParser.normalize(WindowsPathParser.java:182)
	at java.base/sun.nio.fs.WindowsPathParser.parse(WindowsPathParser.java:153)
	at java.base/sun.nio.fs.WindowsPathParser.parse(WindowsPathParser.java:77)
	at java.base/sun.nio.fs.WindowsPath.parse(WindowsPath.java:92)
	at java.base/sun.nio.fs.WindowsFileSystem.getPath(WindowsFileSystem.java:232)
	at java.base/java.io.File.toPath(File.java:2387)
	at net.thucydides.core.requirements.RootDirectory.getRelativePathOf(RootDirectory.java:364)
	at net.thucydides.core.requirements.FileSystemRequirementsTagProvider.requirementWithMatchingPath(FileSystemRequirementsTagProvider.java:372)
	at net.thucydides.core.requirements.FileSystemRequirementsTagProvider.getParentRequirementOf(FileSystemRequirementsTagProvider.java:335)
	at net.thucydides.core.requirements.ParentRequirementsProvided.forOutcome(ParentRequirementsProvided.java:26)
	at net.thucydides.core.requirements.BaseRequirementsService.getParentRequirementOf(BaseRequirementsService.java:138)
	at net.thucydides.core.requirements.BaseRequirementsService.getAncestorRequirementsFor(BaseRequirementsService.java:78)
	at net.thucydides.core.tags.BreadcrumbTagFilter.getRequirementBreadcrumbsFrom(BreadcrumbTagFilter.java:51)
	at net.thucydides.core.reports.html.HtmlAcceptanceTestReporter.addBreadcrumbs(HtmlAcceptanceTestReporter.java:227)
	at net.thucydides.core.reports.html.HtmlAcceptanceTestReporter.addParentRequirmentFieldToContext(HtmlAcceptanceTestReporter.java:214)
	at net.thucydides.core.reports.html.HtmlAcceptanceTestReporter.addTestOutcomeToContext(HtmlAcceptanceTestReporter.java:190)
	at net.thucydides.core.reports.html.HtmlAcceptanceTestReporter.generateScreenshotReportsFor(HtmlAcceptanceTestReporter.java:254)
	at net.thucydides.core.reports.html.HtmlAcceptanceTestReporter.generateReportFor(HtmlAcceptanceTestReporter.java:108)
	at net.thucydides.core.reports.ReportService.generateReportFor(ReportService.java:246)
	at net.thucydides.core.reports.ReportService.lambda$generateReportsFor$0(ReportService.java:184)
	at java.base/java.util.concurrent.Executors$RunnableAdapter.call(Executors.java:539)
	at java.base/java.util.concurrent.FutureTask.run(FutureTask.java:264)
	at java.base/java.util.concurrent.ThreadPoolExecutor.runWorker(ThreadPoolExecutor.java:1136)
	at java.base/java.util.concurrent.ThreadPoolExecutor$Worker.run(ThreadPoolExecutor.java:635)
	at java.base/java.lang.Thread.run(Thread.java:833)

20:13:38.056 [pool-3-thread-1] DEBUG serenity.reporting - Generating report in 9c437cbd66f0ca0fa73497773c56ca666a8659da165f1c3343de041045e442ac_screenshots.html

20:13:38.112 [pool-3-thread-1] DEBUG serenity.reporting - Generated report 9c437cbd66f0ca0fa73497773c56ca666a8659da165f1c3343de041045e442ac_screenshots.html in 56 ms

20:13:38.115 [pool-3-thread-1] DEBUG serenity.reporting - Generating report in 9c437cbd66f0ca0fa73497773c56ca666a8659da165f1c3343de041045e442ac.html

20:13:38.270 [pool-3-thread-5] DEBUG serenity.reporting - Generated report 4c09e39d7af5dbc23557071ed41e0466aabd0dfd1e48629e40c20fde61a2b665_screenshots.html in 310 ms

20:13:38.280 [pool-3-thread-3] DEBUG serenity.reporting - Generated report c0b49df0c57ca1279e35f5691b5aab79bf5b7449a8dceb3ac16fa067895c6c72_screenshots.html in 313 ms

20:13:38.280 [pool-3-thread-3] DEBUG serenity.reporting - Generating report in c0b49df0c57ca1279e35f5691b5aab79bf5b7449a8dceb3ac16fa067895c6c72.html

20:13:38.288 [pool-3-thread-5] DEBUG serenity.reporting - Generating report in 4c09e39d7af5dbc23557071ed41e0466aabd0dfd1e48629e40c20fde61a2b665.html

20:13:38.288 [pool-3-thread-4] DEBUG serenity.reporting - Generated report e49ceeae63e5cbe69c66753597a35ef6241d56d43afa593f592fdf900f6d167a_screenshots.html in 312 ms

20:13:38.292 [pool-3-thread-4] DEBUG serenity.reporting - Generating report in e49ceeae63e5cbe69c66753597a35ef6241d56d43afa593f592fdf900f6d167a.html

20:13:38.292 [pool-3-thread-1] DEBUG serenity.reporting - Generated report 9c437cbd66f0ca0fa73497773c56ca666a8659da165f1c3343de041045e442ac.html in 177 ms

20:13:38.292 [pool-3-thread-1] DEBUG net.thucydides.core.reports.ReportService - Processing test outcome User on login page:User input valid email and password done

20:13:38.292 [pool-3-thread-1] DEBUG net.thucydides.core.reports.ReportService - Processing test outcome User on login page:user input valid email and invalid password

20:13:38.292 [pool-3-thread-1] INFO net.thucydides.core.reports.ReportService - net.thucydides.core.reports.html.HtmlAcceptanceTestReporter@3e2432c2: Generating report for test outcome: User on login page:user input valid email and invalid password

20:13:38.292 [pool-3-thread-1] WARN net.thucydides.core.requirements.RequirementsTagProvider - Failed to load requirements: Illegal char <:> at index 4: file:\C:\Users\LENOVO-PC\OneDrive%20-%20IT-PLN\Dokumen\apenim\Diskusiaza-QE\WEB%20DISKUSIAZA\src\test\resources\web\Login.feature
java.nio.file.InvalidPathException: Illegal char <:> at index 4: file:\C:\Users\LENOVO-PC\OneDrive%20-%20IT-PLN\Dokumen\apenim\Diskusiaza-QE\WEB%20DISKUSIAZA\src\test\resources\web\Login.feature
	at java.base/sun.nio.fs.WindowsPathParser.normalize(WindowsPathParser.java:182)
	at java.base/sun.nio.fs.WindowsPathParser.parse(WindowsPathParser.java:153)
	at java.base/sun.nio.fs.WindowsPathParser.parse(WindowsPathParser.java:77)
	at java.base/sun.nio.fs.WindowsPath.parse(WindowsPath.java:92)
	at java.base/sun.nio.fs.WindowsFileSystem.getPath(WindowsFileSystem.java:232)
	at java.base/java.io.File.toPath(File.java:2387)
	at net.thucydides.core.requirements.RootDirectory.getRelativePathOf(RootDirectory.java:364)
	at net.thucydides.core.requirements.FileSystemRequirementsTagProvider.requirementWithMatchingPath(FileSystemRequirementsTagProvider.java:372)
	at net.thucydides.core.requirements.FileSystemRequirementsTagProvider.getParentRequirementOf(FileSystemRequirementsTagProvider.java:335)
	at net.thucydides.core.requirements.ParentRequirementsProvided.forOutcome(ParentRequirementsProvided.java:26)
	at net.thucydides.core.requirements.BaseRequirementsService.getParentRequirementOf(BaseRequirementsService.java:138)
	at net.thucydides.core.requirements.BaseRequirementsService.getParentRequirementFor(BaseRequirementsService.java:48)
	at net.thucydides.core.reports.html.HtmlAcceptanceTestReporter.addParentRequirmentFieldToContext(HtmlAcceptanceTestReporter.java:196)
	at net.thucydides.core.reports.html.HtmlAcceptanceTestReporter.addTestOutcomeToContext(HtmlAcceptanceTestReporter.java:190)
	at net.thucydides.core.reports.html.HtmlAcceptanceTestReporter.generateReportFor(HtmlAcceptanceTestReporter.java:105)
	at net.thucydides.core.reports.ReportService.generateReportFor(ReportService.java:246)
	at net.thucydides.core.reports.ReportService.lambda$generateReportsFor$0(ReportService.java:184)
	at java.base/java.util.concurrent.Executors$RunnableAdapter.call(Executors.java:539)
	at java.base/java.util.concurrent.FutureTask.run(FutureTask.java:264)
	at java.base/java.util.concurrent.ThreadPoolExecutor.runWorker(ThreadPoolExecutor.java:1136)
	at java.base/java.util.concurrent.ThreadPoolExecutor$Worker.run(ThreadPoolExecutor.java:635)
	at java.base/java.lang.Thread.run(Thread.java:833)

20:13:38.292 [pool-3-thread-1] WARN net.thucydides.core.requirements.RequirementsTagProvider - Failed to load requirements: Illegal char <:> at index 4: file:\C:\Users\LENOVO-PC\OneDrive%20-%20IT-PLN\Dokumen\apenim\Diskusiaza-QE\WEB%20DISKUSIAZA\src\test\resources\web\Login.feature
java.nio.file.InvalidPathException: Illegal char <:> at index 4: file:\C:\Users\LENOVO-PC\OneDrive%20-%20IT-PLN\Dokumen\apenim\Diskusiaza-QE\WEB%20DISKUSIAZA\src\test\resources\web\Login.feature
	at java.base/sun.nio.fs.WindowsPathParser.normalize(WindowsPathParser.java:182)
	at java.base/sun.nio.fs.WindowsPathParser.parse(WindowsPathParser.java:153)
	at java.base/sun.nio.fs.WindowsPathParser.parse(WindowsPathParser.java:77)
	at java.base/sun.nio.fs.WindowsPath.parse(WindowsPath.java:92)
	at java.base/sun.nio.fs.WindowsFileSystem.getPath(WindowsFileSystem.java:232)
	at java.base/java.io.File.toPath(File.java:2387)
	at net.thucydides.core.requirements.RootDirectory.getRelativePathOf(RootDirectory.java:364)
	at net.thucydides.core.requirements.FileSystemRequirementsTagProvider.requirementWithMatchingPath(FileSystemRequirementsTagProvider.java:372)
	at net.thucydides.core.requirements.FileSystemRequirementsTagProvider.getParentRequirementOf(FileSystemRequirementsTagProvider.java:335)
	at net.thucydides.core.requirements.ParentRequirementsProvided.forOutcome(ParentRequirementsProvided.java:26)
	at net.thucydides.core.requirements.BaseRequirementsService.getParentRequirementOf(BaseRequirementsService.java:138)
	at net.thucydides.core.requirements.BaseRequirementsService.getAncestorRequirementsFor(BaseRequirementsService.java:78)
	at net.thucydides.core.reports.html.HtmlAcceptanceTestReporter.addBreadcrumbs(HtmlAcceptanceTestReporter.java:226)
	at net.thucydides.core.reports.html.HtmlAcceptanceTestReporter.addParentRequirmentFieldToContext(HtmlAcceptanceTestReporter.java:214)
	at net.thucydides.core.reports.html.HtmlAcceptanceTestReporter.addTestOutcomeToContext(HtmlAcceptanceTestReporter.java:190)
	at net.thucydides.core.reports.html.HtmlAcceptanceTestReporter.generateReportFor(HtmlAcceptanceTestReporter.java:105)
	at net.thucydides.core.reports.ReportService.generateReportFor(ReportService.java:246)
	at net.thucydides.core.reports.ReportService.lambda$generateReportsFor$0(ReportService.java:184)
	at java.base/java.util.concurrent.Executors$RunnableAdapter.call(Executors.java:539)
	at java.base/java.util.concurrent.FutureTask.run(FutureTask.java:264)
	at java.base/java.util.concurrent.ThreadPoolExecutor.runWorker(ThreadPoolExecutor.java:1136)
	at java.base/java.util.concurrent.ThreadPoolExecutor$Worker.run(ThreadPoolExecutor.java:635)
	at java.base/java.lang.Thread.run(Thread.java:833)

20:13:38.296 [pool-3-thread-1] WARN net.thucydides.core.requirements.RequirementsTagProvider - Failed to load requirements: Illegal char <:> at index 4: file:\C:\Users\LENOVO-PC\OneDrive%20-%20IT-PLN\Dokumen\apenim\Diskusiaza-QE\WEB%20DISKUSIAZA\src\test\resources\web\Login.feature
java.nio.file.InvalidPathException: Illegal char <:> at index 4: file:\C:\Users\LENOVO-PC\OneDrive%20-%20IT-PLN\Dokumen\apenim\Diskusiaza-QE\WEB%20DISKUSIAZA\src\test\resources\web\Login.feature
	at java.base/sun.nio.fs.WindowsPathParser.normalize(WindowsPathParser.java:182)
	at java.base/sun.nio.fs.WindowsPathParser.parse(WindowsPathParser.java:153)
	at java.base/sun.nio.fs.WindowsPathParser.parse(WindowsPathParser.java:77)
	at java.base/sun.nio.fs.WindowsPath.parse(WindowsPath.java:92)
	at java.base/sun.nio.fs.WindowsFileSystem.getPath(WindowsFileSystem.java:232)
	at java.base/java.io.File.toPath(File.java:2387)
	at net.thucydides.core.requirements.RootDirectory.getRelativePathOf(RootDirectory.java:364)
	at net.thucydides.core.requirements.FileSystemRequirementsTagProvider.requirementWithMatchingPath(FileSystemRequirementsTagProvider.java:372)
	at net.thucydides.core.requirements.FileSystemRequirementsTagProvider.getParentRequirementOf(FileSystemRequirementsTagProvider.java:335)
	at net.thucydides.core.requirements.ParentRequirementsProvided.forOutcome(ParentRequirementsProvided.java:26)
	at net.thucydides.core.requirements.BaseRequirementsService.getParentRequirementOf(BaseRequirementsService.java:138)
	at net.thucydides.core.requirements.BaseRequirementsService.getAncestorRequirementsFor(BaseRequirementsService.java:78)
	at net.thucydides.core.tags.BreadcrumbTagFilter.getRequirementBreadcrumbsFrom(BreadcrumbTagFilter.java:51)
	at net.thucydides.core.reports.html.HtmlAcceptanceTestReporter.addBreadcrumbs(HtmlAcceptanceTestReporter.java:227)
	at net.thucydides.core.reports.html.HtmlAcceptanceTestReporter.addParentRequirmentFieldToContext(HtmlAcceptanceTestReporter.java:214)
	at net.thucydides.core.reports.html.HtmlAcceptanceTestReporter.addTestOutcomeToContext(HtmlAcceptanceTestReporter.java:190)
	at net.thucydides.core.reports.html.HtmlAcceptanceTestReporter.generateReportFor(HtmlAcceptanceTestReporter.java:105)
	at net.thucydides.core.reports.ReportService.generateReportFor(ReportService.java:246)
	at net.thucydides.core.reports.ReportService.lambda$generateReportsFor$0(ReportService.java:184)
	at java.base/java.util.concurrent.Executors$RunnableAdapter.call(Executors.java:539)
	at java.base/java.util.concurrent.FutureTask.run(FutureTask.java:264)
	at java.base/java.util.concurrent.ThreadPoolExecutor.runWorker(ThreadPoolExecutor.java:1136)
	at java.base/java.util.concurrent.ThreadPoolExecutor$Worker.run(ThreadPoolExecutor.java:635)
	at java.base/java.lang.Thread.run(Thread.java:833)

20:13:38.299 [pool-3-thread-1] WARN net.thucydides.core.requirements.RequirementsTagProvider - Failed to load requirements: Illegal char <:> at index 4: file:\C:\Users\LENOVO-PC\OneDrive%20-%20IT-PLN\Dokumen\apenim\Diskusiaza-QE\WEB%20DISKUSIAZA\src\test\resources\web\Login.feature
java.nio.file.InvalidPathException: Illegal char <:> at index 4: file:\C:\Users\LENOVO-PC\OneDrive%20-%20IT-PLN\Dokumen\apenim\Diskusiaza-QE\WEB%20DISKUSIAZA\src\test\resources\web\Login.feature
	at java.base/sun.nio.fs.WindowsPathParser.normalize(WindowsPathParser.java:182)
	at java.base/sun.nio.fs.WindowsPathParser.parse(WindowsPathParser.java:153)
	at java.base/sun.nio.fs.WindowsPathParser.parse(WindowsPathParser.java:77)
	at java.base/sun.nio.fs.WindowsPath.parse(WindowsPath.java:92)
	at java.base/sun.nio.fs.WindowsFileSystem.getPath(WindowsFileSystem.java:232)
	at java.base/java.io.File.toPath(File.java:2387)
	at net.thucydides.core.requirements.RootDirectory.getRelativePathOf(RootDirectory.java:364)
	at net.thucydides.core.requirements.FileSystemRequirementsTagProvider.requirementWithMatchingPath(FileSystemRequirementsTagProvider.java:372)
	at net.thucydides.core.requirements.FileSystemRequirementsTagProvider.getParentRequirementOf(FileSystemRequirementsTagProvider.java:335)
	at net.thucydides.core.requirements.ParentRequirementsProvided.forOutcome(ParentRequirementsProvided.java:26)
	at net.thucydides.core.requirements.BaseRequirementsService.getParentRequirementOf(BaseRequirementsService.java:138)
	at net.thucydides.core.requirements.BaseRequirementsService.getParentRequirementFor(BaseRequirementsService.java:48)
	at net.thucydides.core.reports.html.HtmlAcceptanceTestReporter.addParentRequirmentFieldToContext(HtmlAcceptanceTestReporter.java:196)
	at net.thucydides.core.reports.html.HtmlAcceptanceTestReporter.addTestOutcomeToContext(HtmlAcceptanceTestReporter.java:190)
	at net.thucydides.core.reports.html.HtmlAcceptanceTestReporter.generateScreenshotReportsFor(HtmlAcceptanceTestReporter.java:254)
	at net.thucydides.core.reports.html.HtmlAcceptanceTestReporter.generateReportFor(HtmlAcceptanceTestReporter.java:108)
	at net.thucydides.core.reports.ReportService.generateReportFor(ReportService.java:246)
	at net.thucydides.core.reports.ReportService.lambda$generateReportsFor$0(ReportService.java:184)
	at java.base/java.util.concurrent.Executors$RunnableAdapter.call(Executors.java:539)
	at java.base/java.util.concurrent.FutureTask.run(FutureTask.java:264)
	at java.base/java.util.concurrent.ThreadPoolExecutor.runWorker(ThreadPoolExecutor.java:1136)
	at java.base/java.util.concurrent.ThreadPoolExecutor$Worker.run(ThreadPoolExecutor.java:635)
	at java.base/java.lang.Thread.run(Thread.java:833)

20:13:38.301 [pool-3-thread-1] WARN net.thucydides.core.requirements.RequirementsTagProvider - Failed to load requirements: Illegal char <:> at index 4: file:\C:\Users\LENOVO-PC\OneDrive%20-%20IT-PLN\Dokumen\apenim\Diskusiaza-QE\WEB%20DISKUSIAZA\src\test\resources\web\Login.feature
java.nio.file.InvalidPathException: Illegal char <:> at index 4: file:\C:\Users\LENOVO-PC\OneDrive%20-%20IT-PLN\Dokumen\apenim\Diskusiaza-QE\WEB%20DISKUSIAZA\src\test\resources\web\Login.feature
	at java.base/sun.nio.fs.WindowsPathParser.normalize(WindowsPathParser.java:182)
	at java.base/sun.nio.fs.WindowsPathParser.parse(WindowsPathParser.java:153)
	at java.base/sun.nio.fs.WindowsPathParser.parse(WindowsPathParser.java:77)
	at java.base/sun.nio.fs.WindowsPath.parse(WindowsPath.java:92)
	at java.base/sun.nio.fs.WindowsFileSystem.getPath(WindowsFileSystem.java:232)
	at java.base/java.io.File.toPath(File.java:2387)
	at net.thucydides.core.requirements.RootDirectory.getRelativePathOf(RootDirectory.java:364)
	at net.thucydides.core.requirements.FileSystemRequirementsTagProvider.requirementWithMatchingPath(FileSystemRequirementsTagProvider.java:372)
	at net.thucydides.core.requirements.FileSystemRequirementsTagProvider.getParentRequirementOf(FileSystemRequirementsTagProvider.java:335)
	at net.thucydides.core.requirements.ParentRequirementsProvided.forOutcome(ParentRequirementsProvided.java:26)
	at net.thucydides.core.requirements.BaseRequirementsService.getParentRequirementOf(BaseRequirementsService.java:138)
	at net.thucydides.core.requirements.BaseRequirementsService.getAncestorRequirementsFor(BaseRequirementsService.java:78)
	at net.thucydides.core.reports.html.HtmlAcceptanceTestReporter.addBreadcrumbs(HtmlAcceptanceTestReporter.java:226)
	at net.thucydides.core.reports.html.HtmlAcceptanceTestReporter.addParentRequirmentFieldToContext(HtmlAcceptanceTestReporter.java:214)
	at net.thucydides.core.reports.html.HtmlAcceptanceTestReporter.addTestOutcomeToContext(HtmlAcceptanceTestReporter.java:190)
	at net.thucydides.core.reports.html.HtmlAcceptanceTestReporter.generateScreenshotReportsFor(HtmlAcceptanceTestReporter.java:254)
	at net.thucydides.core.reports.html.HtmlAcceptanceTestReporter.generateReportFor(HtmlAcceptanceTestReporter.java:108)
	at net.thucydides.core.reports.ReportService.generateReportFor(ReportService.java:246)
	at net.thucydides.core.reports.ReportService.lambda$generateReportsFor$0(ReportService.java:184)
	at java.base/java.util.concurrent.Executors$RunnableAdapter.call(Executors.java:539)
	at java.base/java.util.concurrent.FutureTask.run(FutureTask.java:264)
	at java.base/java.util.concurrent.ThreadPoolExecutor.runWorker(ThreadPoolExecutor.java:1136)
	at java.base/java.util.concurrent.ThreadPoolExecutor$Worker.run(ThreadPoolExecutor.java:635)
	at java.base/java.lang.Thread.run(Thread.java:833)

20:13:38.301 [pool-3-thread-1] WARN net.thucydides.core.requirements.RequirementsTagProvider - Failed to load requirements: Illegal char <:> at index 4: file:\C:\Users\LENOVO-PC\OneDrive%20-%20IT-PLN\Dokumen\apenim\Diskusiaza-QE\WEB%20DISKUSIAZA\src\test\resources\web\Login.feature
java.nio.file.InvalidPathException: Illegal char <:> at index 4: file:\C:\Users\LENOVO-PC\OneDrive%20-%20IT-PLN\Dokumen\apenim\Diskusiaza-QE\WEB%20DISKUSIAZA\src\test\resources\web\Login.feature
	at java.base/sun.nio.fs.WindowsPathParser.normalize(WindowsPathParser.java:182)
	at java.base/sun.nio.fs.WindowsPathParser.parse(WindowsPathParser.java:153)
	at java.base/sun.nio.fs.WindowsPathParser.parse(WindowsPathParser.java:77)
	at java.base/sun.nio.fs.WindowsPath.parse(WindowsPath.java:92)
	at java.base/sun.nio.fs.WindowsFileSystem.getPath(WindowsFileSystem.java:232)
	at java.base/java.io.File.toPath(File.java:2387)
	at net.thucydides.core.requirements.RootDirectory.getRelativePathOf(RootDirectory.java:364)
	at net.thucydides.core.requirements.FileSystemRequirementsTagProvider.requirementWithMatchingPath(FileSystemRequirementsTagProvider.java:372)
	at net.thucydides.core.requirements.FileSystemRequirementsTagProvider.getParentRequirementOf(FileSystemRequirementsTagProvider.java:335)
	at net.thucydides.core.requirements.ParentRequirementsProvided.forOutcome(ParentRequirementsProvided.java:26)
	at net.thucydides.core.requirements.BaseRequirementsService.getParentRequirementOf(BaseRequirementsService.java:138)
	at net.thucydides.core.requirements.BaseRequirementsService.getAncestorRequirementsFor(BaseRequirementsService.java:78)
	at net.thucydides.core.tags.BreadcrumbTagFilter.getRequirementBreadcrumbsFrom(BreadcrumbTagFilter.java:51)
	at net.thucydides.core.reports.html.HtmlAcceptanceTestReporter.addBreadcrumbs(HtmlAcceptanceTestReporter.java:227)
	at net.thucydides.core.reports.html.HtmlAcceptanceTestReporter.addParentRequirmentFieldToContext(HtmlAcceptanceTestReporter.java:214)
	at net.thucydides.core.reports.html.HtmlAcceptanceTestReporter.addTestOutcomeToContext(HtmlAcceptanceTestReporter.java:190)
	at net.thucydides.core.reports.html.HtmlAcceptanceTestReporter.generateScreenshotReportsFor(HtmlAcceptanceTestReporter.java:254)
	at net.thucydides.core.reports.html.HtmlAcceptanceTestReporter.generateReportFor(HtmlAcceptanceTestReporter.java:108)
	at net.thucydides.core.reports.ReportService.generateReportFor(ReportService.java:246)
	at net.thucydides.core.reports.ReportService.lambda$generateReportsFor$0(ReportService.java:184)
	at java.base/java.util.concurrent.Executors$RunnableAdapter.call(Executors.java:539)
	at java.base/java.util.concurrent.FutureTask.run(FutureTask.java:264)
	at java.base/java.util.concurrent.ThreadPoolExecutor.runWorker(ThreadPoolExecutor.java:1136)
	at java.base/java.util.concurrent.ThreadPoolExecutor$Worker.run(ThreadPoolExecutor.java:635)
	at java.base/java.lang.Thread.run(Thread.java:833)

20:13:38.301 [pool-3-thread-1] DEBUG serenity.reporting - Generating report in 427a57ba4f81f4ec6500c78164c03fb64eee10fd1051db611f78c9f827b986c8_screenshots.html

20:13:38.308 [pool-3-thread-1] DEBUG serenity.reporting - Generated report 427a57ba4f81f4ec6500c78164c03fb64eee10fd1051db611f78c9f827b986c8_screenshots.html in 7 ms

20:13:38.308 [pool-3-thread-1] DEBUG serenity.reporting - Generating report in 427a57ba4f81f4ec6500c78164c03fb64eee10fd1051db611f78c9f827b986c8.html

20:13:38.384 [pool-3-thread-1] DEBUG serenity.reporting - Generated report 427a57ba4f81f4ec6500c78164c03fb64eee10fd1051db611f78c9f827b986c8.html in 76 ms

20:13:38.384 [pool-3-thread-1] DEBUG net.thucydides.core.reports.ReportService - Processing test outcome User on login page:user input valid email and invalid password done

20:13:38.384 [pool-3-thread-1] DEBUG net.thucydides.core.reports.ReportService - Processing test outcome User on login page:user input invalid email and valid password

20:13:38.384 [pool-3-thread-1] INFO net.thucydides.core.reports.ReportService - net.thucydides.core.reports.html.HtmlAcceptanceTestReporter@3e2432c2: Generating report for test outcome: User on login page:user input invalid email and valid password

20:13:38.384 [pool-3-thread-1] WARN net.thucydides.core.requirements.RequirementsTagProvider - Failed to load requirements: Illegal char <:> at index 4: file:\C:\Users\LENOVO-PC\OneDrive%20-%20IT-PLN\Dokumen\apenim\Diskusiaza-QE\WEB%20DISKUSIAZA\src\test\resources\web\Login.feature
java.nio.file.InvalidPathException: Illegal char <:> at index 4: file:\C:\Users\LENOVO-PC\OneDrive%20-%20IT-PLN\Dokumen\apenim\Diskusiaza-QE\WEB%20DISKUSIAZA\src\test\resources\web\Login.feature
	at java.base/sun.nio.fs.WindowsPathParser.normalize(WindowsPathParser.java:182)
	at java.base/sun.nio.fs.WindowsPathParser.parse(WindowsPathParser.java:153)
	at java.base/sun.nio.fs.WindowsPathParser.parse(WindowsPathParser.java:77)
	at java.base/sun.nio.fs.WindowsPath.parse(WindowsPath.java:92)
	at java.base/sun.nio.fs.WindowsFileSystem.getPath(WindowsFileSystem.java:232)
	at java.base/java.io.File.toPath(File.java:2387)
	at net.thucydides.core.requirements.RootDirectory.getRelativePathOf(RootDirectory.java:364)
	at net.thucydides.core.requirements.FileSystemRequirementsTagProvider.requirementWithMatchingPath(FileSystemRequirementsTagProvider.java:372)
	at net.thucydides.core.requirements.FileSystemRequirementsTagProvider.getParentRequirementOf(FileSystemRequirementsTagProvider.java:335)
	at net.thucydides.core.requirements.ParentRequirementsProvided.forOutcome(ParentRequirementsProvided.java:26)
	at net.thucydides.core.requirements.BaseRequirementsService.getParentRequirementOf(BaseRequirementsService.java:138)
	at net.thucydides.core.requirements.BaseRequirementsService.getParentRequirementFor(BaseRequirementsService.java:48)
	at net.thucydides.core.reports.html.HtmlAcceptanceTestReporter.addParentRequirmentFieldToContext(HtmlAcceptanceTestReporter.java:196)
	at net.thucydides.core.reports.html.HtmlAcceptanceTestReporter.addTestOutcomeToContext(HtmlAcceptanceTestReporter.java:190)
	at net.thucydides.core.reports.html.HtmlAcceptanceTestReporter.generateReportFor(HtmlAcceptanceTestReporter.java:105)
	at net.thucydides.core.reports.ReportService.generateReportFor(ReportService.java:246)
	at net.thucydides.core.reports.ReportService.lambda$generateReportsFor$0(ReportService.java:184)
	at java.base/java.util.concurrent.Executors$RunnableAdapter.call(Executors.java:539)
	at java.base/java.util.concurrent.FutureTask.run(FutureTask.java:264)
	at java.base/java.util.concurrent.ThreadPoolExecutor.runWorker(ThreadPoolExecutor.java:1136)
	at java.base/java.util.concurrent.ThreadPoolExecutor$Worker.run(ThreadPoolExecutor.java:635)
	at java.base/java.lang.Thread.run(Thread.java:833)

20:13:38.384 [pool-3-thread-1] WARN net.thucydides.core.requirements.RequirementsTagProvider - Failed to load requirements: Illegal char <:> at index 4: file:\C:\Users\LENOVO-PC\OneDrive%20-%20IT-PLN\Dokumen\apenim\Diskusiaza-QE\WEB%20DISKUSIAZA\src\test\resources\web\Login.feature
java.nio.file.InvalidPathException: Illegal char <:> at index 4: file:\C:\Users\LENOVO-PC\OneDrive%20-%20IT-PLN\Dokumen\apenim\Diskusiaza-QE\WEB%20DISKUSIAZA\src\test\resources\web\Login.feature
	at java.base/sun.nio.fs.WindowsPathParser.normalize(WindowsPathParser.java:182)
	at java.base/sun.nio.fs.WindowsPathParser.parse(WindowsPathParser.java:153)
	at java.base/sun.nio.fs.WindowsPathParser.parse(WindowsPathParser.java:77)
	at java.base/sun.nio.fs.WindowsPath.parse(WindowsPath.java:92)
	at java.base/sun.nio.fs.WindowsFileSystem.getPath(WindowsFileSystem.java:232)
	at java.base/java.io.File.toPath(File.java:2387)
	at net.thucydides.core.requirements.RootDirectory.getRelativePathOf(RootDirectory.java:364)
	at net.thucydides.core.requirements.FileSystemRequirementsTagProvider.requirementWithMatchingPath(FileSystemRequirementsTagProvider.java:372)
	at net.thucydides.core.requirements.FileSystemRequirementsTagProvider.getParentRequirementOf(FileSystemRequirementsTagProvider.java:335)
	at net.thucydides.core.requirements.ParentRequirementsProvided.forOutcome(ParentRequirementsProvided.java:26)
	at net.thucydides.core.requirements.BaseRequirementsService.getParentRequirementOf(BaseRequirementsService.java:138)
	at net.thucydides.core.requirements.BaseRequirementsService.getAncestorRequirementsFor(BaseRequirementsService.java:78)
	at net.thucydides.core.reports.html.HtmlAcceptanceTestReporter.addBreadcrumbs(HtmlAcceptanceTestReporter.java:226)
	at net.thucydides.core.reports.html.HtmlAcceptanceTestReporter.addParentRequirmentFieldToContext(HtmlAcceptanceTestReporter.java:214)
	at net.thucydides.core.reports.html.HtmlAcceptanceTestReporter.addTestOutcomeToContext(HtmlAcceptanceTestReporter.java:190)
	at net.thucydides.core.reports.html.HtmlAcceptanceTestReporter.generateReportFor(HtmlAcceptanceTestReporter.java:105)
	at net.thucydides.core.reports.ReportService.generateReportFor(ReportService.java:246)
	at net.thucydides.core.reports.ReportService.lambda$generateReportsFor$0(ReportService.java:184)
	at java.base/java.util.concurrent.Executors$RunnableAdapter.call(Executors.java:539)
	at java.base/java.util.concurrent.FutureTask.run(FutureTask.java:264)
	at java.base/java.util.concurrent.ThreadPoolExecutor.runWorker(ThreadPoolExecutor.java:1136)
	at java.base/java.util.concurrent.ThreadPoolExecutor$Worker.run(ThreadPoolExecutor.java:635)
	at java.base/java.lang.Thread.run(Thread.java:833)

20:13:38.384 [pool-3-thread-1] WARN net.thucydides.core.requirements.RequirementsTagProvider - Failed to load requirements: Illegal char <:> at index 4: file:\C:\Users\LENOVO-PC\OneDrive%20-%20IT-PLN\Dokumen\apenim\Diskusiaza-QE\WEB%20DISKUSIAZA\src\test\resources\web\Login.feature
java.nio.file.InvalidPathException: Illegal char <:> at index 4: file:\C:\Users\LENOVO-PC\OneDrive%20-%20IT-PLN\Dokumen\apenim\Diskusiaza-QE\WEB%20DISKUSIAZA\src\test\resources\web\Login.feature
	at java.base/sun.nio.fs.WindowsPathParser.normalize(WindowsPathParser.java:182)
	at java.base/sun.nio.fs.WindowsPathParser.parse(WindowsPathParser.java:153)
	at java.base/sun.nio.fs.WindowsPathParser.parse(WindowsPathParser.java:77)
	at java.base/sun.nio.fs.WindowsPath.parse(WindowsPath.java:92)
	at java.base/sun.nio.fs.WindowsFileSystem.getPath(WindowsFileSystem.java:232)
	at java.base/java.io.File.toPath(File.java:2387)
	at net.thucydides.core.requirements.RootDirectory.getRelativePathOf(RootDirectory.java:364)
	at net.thucydides.core.requirements.FileSystemRequirementsTagProvider.requirementWithMatchingPath(FileSystemRequirementsTagProvider.java:372)
	at net.thucydides.core.requirements.FileSystemRequirementsTagProvider.getParentRequirementOf(FileSystemRequirementsTagProvider.java:335)
	at net.thucydides.core.requirements.ParentRequirementsProvided.forOutcome(ParentRequirementsProvided.java:26)
	at net.thucydides.core.requirements.BaseRequirementsService.getParentRequirementOf(BaseRequirementsService.java:138)
	at net.thucydides.core.requirements.BaseRequirementsService.getAncestorRequirementsFor(BaseRequirementsService.java:78)
	at net.thucydides.core.tags.BreadcrumbTagFilter.getRequirementBreadcrumbsFrom(BreadcrumbTagFilter.java:51)
	at net.thucydides.core.reports.html.HtmlAcceptanceTestReporter.addBreadcrumbs(HtmlAcceptanceTestReporter.java:227)
	at net.thucydides.core.reports.html.HtmlAcceptanceTestReporter.addParentRequirmentFieldToContext(HtmlAcceptanceTestReporter.java:214)
	at net.thucydides.core.reports.html.HtmlAcceptanceTestReporter.addTestOutcomeToContext(HtmlAcceptanceTestReporter.java:190)
	at net.thucydides.core.reports.html.HtmlAcceptanceTestReporter.generateReportFor(HtmlAcceptanceTestReporter.java:105)
	at net.thucydides.core.reports.ReportService.generateReportFor(ReportService.java:246)
	at net.thucydides.core.reports.ReportService.lambda$generateReportsFor$0(ReportService.java:184)
	at java.base/java.util.concurrent.Executors$RunnableAdapter.call(Executors.java:539)
	at java.base/java.util.concurrent.FutureTask.run(FutureTask.java:264)
	at java.base/java.util.concurrent.ThreadPoolExecutor.runWorker(ThreadPoolExecutor.java:1136)
	at java.base/java.util.concurrent.ThreadPoolExecutor$Worker.run(ThreadPoolExecutor.java:635)
	at java.base/java.lang.Thread.run(Thread.java:833)

20:13:38.384 [pool-3-thread-1] WARN net.thucydides.core.requirements.RequirementsTagProvider - Failed to load requirements: Illegal char <:> at index 4: file:\C:\Users\LENOVO-PC\OneDrive%20-%20IT-PLN\Dokumen\apenim\Diskusiaza-QE\WEB%20DISKUSIAZA\src\test\resources\web\Login.feature
java.nio.file.InvalidPathException: Illegal char <:> at index 4: file:\C:\Users\LENOVO-PC\OneDrive%20-%20IT-PLN\Dokumen\apenim\Diskusiaza-QE\WEB%20DISKUSIAZA\src\test\resources\web\Login.feature
	at java.base/sun.nio.fs.WindowsPathParser.normalize(WindowsPathParser.java:182)
	at java.base/sun.nio.fs.WindowsPathParser.parse(WindowsPathParser.java:153)
	at java.base/sun.nio.fs.WindowsPathParser.parse(WindowsPathParser.java:77)
	at java.base/sun.nio.fs.WindowsPath.parse(WindowsPath.java:92)
	at java.base/sun.nio.fs.WindowsFileSystem.getPath(WindowsFileSystem.java:232)
	at java.base/java.io.File.toPath(File.java:2387)
	at net.thucydides.core.requirements.RootDirectory.getRelativePathOf(RootDirectory.java:364)
	at net.thucydides.core.requirements.FileSystemRequirementsTagProvider.requirementWithMatchingPath(FileSystemRequirementsTagProvider.java:372)
	at net.thucydides.core.requirements.FileSystemRequirementsTagProvider.getParentRequirementOf(FileSystemRequirementsTagProvider.java:335)
	at net.thucydides.core.requirements.ParentRequirementsProvided.forOutcome(ParentRequirementsProvided.java:26)
	at net.thucydides.core.requirements.BaseRequirementsService.getParentRequirementOf(BaseRequirementsService.java:138)
	at net.thucydides.core.requirements.BaseRequirementsService.getParentRequirementFor(BaseRequirementsService.java:48)
	at net.thucydides.core.reports.html.HtmlAcceptanceTestReporter.addParentRequirmentFieldToContext(HtmlAcceptanceTestReporter.java:196)
	at net.thucydides.core.reports.html.HtmlAcceptanceTestReporter.addTestOutcomeToContext(HtmlAcceptanceTestReporter.java:190)
	at net.thucydides.core.reports.html.HtmlAcceptanceTestReporter.generateScreenshotReportsFor(HtmlAcceptanceTestReporter.java:254)
	at net.thucydides.core.reports.html.HtmlAcceptanceTestReporter.generateReportFor(HtmlAcceptanceTestReporter.java:108)
	at net.thucydides.core.reports.ReportService.generateReportFor(ReportService.java:246)
	at net.thucydides.core.reports.ReportService.lambda$generateReportsFor$0(ReportService.java:184)
	at java.base/java.util.concurrent.Executors$RunnableAdapter.call(Executors.java:539)
	at java.base/java.util.concurrent.FutureTask.run(FutureTask.java:264)
	at java.base/java.util.concurrent.ThreadPoolExecutor.runWorker(ThreadPoolExecutor.java:1136)
	at java.base/java.util.concurrent.ThreadPoolExecutor$Worker.run(ThreadPoolExecutor.java:635)
	at java.base/java.lang.Thread.run(Thread.java:833)

20:13:38.384 [pool-3-thread-1] WARN net.thucydides.core.requirements.RequirementsTagProvider - Failed to load requirements: Illegal char <:> at index 4: file:\C:\Users\LENOVO-PC\OneDrive%20-%20IT-PLN\Dokumen\apenim\Diskusiaza-QE\WEB%20DISKUSIAZA\src\test\resources\web\Login.feature
java.nio.file.InvalidPathException: Illegal char <:> at index 4: file:\C:\Users\LENOVO-PC\OneDrive%20-%20IT-PLN\Dokumen\apenim\Diskusiaza-QE\WEB%20DISKUSIAZA\src\test\resources\web\Login.feature
	at java.base/sun.nio.fs.WindowsPathParser.normalize(WindowsPathParser.java:182)
	at java.base/sun.nio.fs.WindowsPathParser.parse(WindowsPathParser.java:153)
	at java.base/sun.nio.fs.WindowsPathParser.parse(WindowsPathParser.java:77)
	at java.base/sun.nio.fs.WindowsPath.parse(WindowsPath.java:92)
	at java.base/sun.nio.fs.WindowsFileSystem.getPath(WindowsFileSystem.java:232)
	at java.base/java.io.File.toPath(File.java:2387)
	at net.thucydides.core.requirements.RootDirectory.getRelativePathOf(RootDirectory.java:364)
	at net.thucydides.core.requirements.FileSystemRequirementsTagProvider.requirementWithMatchingPath(FileSystemRequirementsTagProvider.java:372)
	at net.thucydides.core.requirements.FileSystemRequirementsTagProvider.getParentRequirementOf(FileSystemRequirementsTagProvider.java:335)
	at net.thucydides.core.requirements.ParentRequirementsProvided.forOutcome(ParentRequirementsProvided.java:26)
	at net.thucydides.core.requirements.BaseRequirementsService.getParentRequirementOf(BaseRequirementsService.java:138)
	at net.thucydides.core.requirements.BaseRequirementsService.getAncestorRequirementsFor(BaseRequirementsService.java:78)
	at net.thucydides.core.reports.html.HtmlAcceptanceTestReporter.addBreadcrumbs(HtmlAcceptanceTestReporter.java:226)
	at net.thucydides.core.reports.html.HtmlAcceptanceTestReporter.addParentRequirmentFieldToContext(HtmlAcceptanceTestReporter.java:214)
	at net.thucydides.core.reports.html.HtmlAcceptanceTestReporter.addTestOutcomeToContext(HtmlAcceptanceTestReporter.java:190)
	at net.thucydides.core.reports.html.HtmlAcceptanceTestReporter.generateScreenshotReportsFor(HtmlAcceptanceTestReporter.java:254)
	at net.thucydides.core.reports.html.HtmlAcceptanceTestReporter.generateReportFor(HtmlAcceptanceTestReporter.java:108)
	at net.thucydides.core.reports.ReportService.generateReportFor(ReportService.java:246)
	at net.thucydides.core.reports.ReportService.lambda$generateReportsFor$0(ReportService.java:184)
	at java.base/java.util.concurrent.Executors$RunnableAdapter.call(Executors.java:539)
	at java.base/java.util.concurrent.FutureTask.run(FutureTask.java:264)
	at java.base/java.util.concurrent.ThreadPoolExecutor.runWorker(ThreadPoolExecutor.java:1136)
	at java.base/java.util.concurrent.ThreadPoolExecutor$Worker.run(ThreadPoolExecutor.java:635)
	at java.base/java.lang.Thread.run(Thread.java:833)

20:13:38.384 [pool-3-thread-1] WARN net.thucydides.core.requirements.RequirementsTagProvider - Failed to load requirements: Illegal char <:> at index 4: file:\C:\Users\LENOVO-PC\OneDrive%20-%20IT-PLN\Dokumen\apenim\Diskusiaza-QE\WEB%20DISKUSIAZA\src\test\resources\web\Login.feature
java.nio.file.InvalidPathException: Illegal char <:> at index 4: file:\C:\Users\LENOVO-PC\OneDrive%20-%20IT-PLN\Dokumen\apenim\Diskusiaza-QE\WEB%20DISKUSIAZA\src\test\resources\web\Login.feature
	at java.base/sun.nio.fs.WindowsPathParser.normalize(WindowsPathParser.java:182)
	at java.base/sun.nio.fs.WindowsPathParser.parse(WindowsPathParser.java:153)
	at java.base/sun.nio.fs.WindowsPathParser.parse(WindowsPathParser.java:77)
	at java.base/sun.nio.fs.WindowsPath.parse(WindowsPath.java:92)
	at java.base/sun.nio.fs.WindowsFileSystem.getPath(WindowsFileSystem.java:232)
	at java.base/java.io.File.toPath(File.java:2387)
	at net.thucydides.core.requirements.RootDirectory.getRelativePathOf(RootDirectory.java:364)
	at net.thucydides.core.requirements.FileSystemRequirementsTagProvider.requirementWithMatchingPath(FileSystemRequirementsTagProvider.java:372)
	at net.thucydides.core.requirements.FileSystemRequirementsTagProvider.getParentRequirementOf(FileSystemRequirementsTagProvider.java:335)
	at net.thucydides.core.requirements.ParentRequirementsProvided.forOutcome(ParentRequirementsProvided.java:26)
	at net.thucydides.core.requirements.BaseRequirementsService.getParentRequirementOf(BaseRequirementsService.java:138)
	at net.thucydides.core.requirements.BaseRequirementsService.getAncestorRequirementsFor(BaseRequirementsService.java:78)
	at net.thucydides.core.tags.BreadcrumbTagFilter.getRequirementBreadcrumbsFrom(BreadcrumbTagFilter.java:51)
	at net.thucydides.core.reports.html.HtmlAcceptanceTestReporter.addBreadcrumbs(HtmlAcceptanceTestReporter.java:227)
	at net.thucydides.core.reports.html.HtmlAcceptanceTestReporter.addParentRequirmentFieldToContext(HtmlAcceptanceTestReporter.java:214)
	at net.thucydides.core.reports.html.HtmlAcceptanceTestReporter.addTestOutcomeToContext(HtmlAcceptanceTestReporter.java:190)
	at net.thucydides.core.reports.html.HtmlAcceptanceTestReporter.generateScreenshotReportsFor(HtmlAcceptanceTestReporter.java:254)
	at net.thucydides.core.reports.html.HtmlAcceptanceTestReporter.generateReportFor(HtmlAcceptanceTestReporter.java:108)
	at net.thucydides.core.reports.ReportService.generateReportFor(ReportService.java:246)
	at net.thucydides.core.reports.ReportService.lambda$generateReportsFor$0(ReportService.java:184)
	at java.base/java.util.concurrent.Executors$RunnableAdapter.call(Executors.java:539)
	at java.base/java.util.concurrent.FutureTask.run(FutureTask.java:264)
	at java.base/java.util.concurrent.ThreadPoolExecutor.runWorker(ThreadPoolExecutor.java:1136)
	at java.base/java.util.concurrent.ThreadPoolExecutor$Worker.run(ThreadPoolExecutor.java:635)
	at java.base/java.lang.Thread.run(Thread.java:833)

20:13:38.393 [pool-3-thread-1] DEBUG serenity.reporting - Generating report in 429a47232607fc1e00dccde1ac2192369a8754188adfac0e3107628c9536c1b3_screenshots.html

20:13:38.397 [pool-3-thread-1] DEBUG serenity.reporting - Generated report 429a47232607fc1e00dccde1ac2192369a8754188adfac0e3107628c9536c1b3_screenshots.html in 4 ms

20:13:38.397 [pool-3-thread-1] DEBUG serenity.reporting - Generating report in 429a47232607fc1e00dccde1ac2192369a8754188adfac0e3107628c9536c1b3.html

20:13:38.438 [pool-3-thread-3] DEBUG serenity.reporting - Generated report c0b49df0c57ca1279e35f5691b5aab79bf5b7449a8dceb3ac16fa067895c6c72.html in 158 ms

20:13:38.438 [pool-3-thread-3] DEBUG net.thucydides.core.reports.ReportService - Processing test outcome User on landing page:User membuat Thread done

20:13:38.438 [pool-3-thread-3] DEBUG net.thucydides.core.reports.ReportService - Processing test outcome User on login page:user input invalid email and invalid password

20:13:38.438 [pool-3-thread-3] INFO net.thucydides.core.reports.ReportService - net.thucydides.core.reports.html.HtmlAcceptanceTestReporter@3e2432c2: Generating report for test outcome: User on login page:user input invalid email and invalid password

20:13:38.438 [pool-3-thread-3] WARN net.thucydides.core.requirements.RequirementsTagProvider - Failed to load requirements: Illegal char <:> at index 4: file:\C:\Users\LENOVO-PC\OneDrive%20-%20IT-PLN\Dokumen\apenim\Diskusiaza-QE\WEB%20DISKUSIAZA\src\test\resources\web\Login.feature
java.nio.file.InvalidPathException: Illegal char <:> at index 4: file:\C:\Users\LENOVO-PC\OneDrive%20-%20IT-PLN\Dokumen\apenim\Diskusiaza-QE\WEB%20DISKUSIAZA\src\test\resources\web\Login.feature
	at java.base/sun.nio.fs.WindowsPathParser.normalize(WindowsPathParser.java:182)
	at java.base/sun.nio.fs.WindowsPathParser.parse(WindowsPathParser.java:153)
	at java.base/sun.nio.fs.WindowsPathParser.parse(WindowsPathParser.java:77)
	at java.base/sun.nio.fs.WindowsPath.parse(WindowsPath.java:92)
	at java.base/sun.nio.fs.WindowsFileSystem.getPath(WindowsFileSystem.java:232)
	at java.base/java.io.File.toPath(File.java:2387)
	at net.thucydides.core.requirements.RootDirectory.getRelativePathOf(RootDirectory.java:364)
	at net.thucydides.core.requirements.FileSystemRequirementsTagProvider.requirementWithMatchingPath(FileSystemRequirementsTagProvider.java:372)
	at net.thucydides.core.requirements.FileSystemRequirementsTagProvider.getParentRequirementOf(FileSystemRequirementsTagProvider.java:335)
	at net.thucydides.core.requirements.ParentRequirementsProvided.forOutcome(ParentRequirementsProvided.java:26)
	at net.thucydides.core.requirements.BaseRequirementsService.getParentRequirementOf(BaseRequirementsService.java:138)
	at net.thucydides.core.requirements.BaseRequirementsService.getParentRequirementFor(BaseRequirementsService.java:48)
	at net.thucydides.core.reports.html.HtmlAcceptanceTestReporter.addParentRequirmentFieldToContext(HtmlAcceptanceTestReporter.java:196)
	at net.thucydides.core.reports.html.HtmlAcceptanceTestReporter.addTestOutcomeToContext(HtmlAcceptanceTestReporter.java:190)
	at net.thucydides.core.reports.html.HtmlAcceptanceTestReporter.generateReportFor(HtmlAcceptanceTestReporter.java:105)
	at net.thucydides.core.reports.ReportService.generateReportFor(ReportService.java:246)
	at net.thucydides.core.reports.ReportService.lambda$generateReportsFor$0(ReportService.java:184)
	at java.base/java.util.concurrent.Executors$RunnableAdapter.call(Executors.java:539)
	at java.base/java.util.concurrent.FutureTask.run(FutureTask.java:264)
	at java.base/java.util.concurrent.ThreadPoolExecutor.runWorker(ThreadPoolExecutor.java:1136)
	at java.base/java.util.concurrent.ThreadPoolExecutor$Worker.run(ThreadPoolExecutor.java:635)
	at java.base/java.lang.Thread.run(Thread.java:833)

20:13:38.438 [pool-3-thread-3] WARN net.thucydides.core.requirements.RequirementsTagProvider - Failed to load requirements: Illegal char <:> at index 4: file:\C:\Users\LENOVO-PC\OneDrive%20-%20IT-PLN\Dokumen\apenim\Diskusiaza-QE\WEB%20DISKUSIAZA\src\test\resources\web\Login.feature
java.nio.file.InvalidPathException: Illegal char <:> at index 4: file:\C:\Users\LENOVO-PC\OneDrive%20-%20IT-PLN\Dokumen\apenim\Diskusiaza-QE\WEB%20DISKUSIAZA\src\test\resources\web\Login.feature
	at java.base/sun.nio.fs.WindowsPathParser.normalize(WindowsPathParser.java:182)
	at java.base/sun.nio.fs.WindowsPathParser.parse(WindowsPathParser.java:153)
	at java.base/sun.nio.fs.WindowsPathParser.parse(WindowsPathParser.java:77)
	at java.base/sun.nio.fs.WindowsPath.parse(WindowsPath.java:92)
	at java.base/sun.nio.fs.WindowsFileSystem.getPath(WindowsFileSystem.java:232)
	at java.base/java.io.File.toPath(File.java:2387)
	at net.thucydides.core.requirements.RootDirectory.getRelativePathOf(RootDirectory.java:364)
	at net.thucydides.core.requirements.FileSystemRequirementsTagProvider.requirementWithMatchingPath(FileSystemRequirementsTagProvider.java:372)
	at net.thucydides.core.requirements.FileSystemRequirementsTagProvider.getParentRequirementOf(FileSystemRequirementsTagProvider.java:335)
	at net.thucydides.core.requirements.ParentRequirementsProvided.forOutcome(ParentRequirementsProvided.java:26)
	at net.thucydides.core.requirements.BaseRequirementsService.getParentRequirementOf(BaseRequirementsService.java:138)
	at net.thucydides.core.requirements.BaseRequirementsService.getAncestorRequirementsFor(BaseRequirementsService.java:78)
	at net.thucydides.core.reports.html.HtmlAcceptanceTestReporter.addBreadcrumbs(HtmlAcceptanceTestReporter.java:226)
	at net.thucydides.core.reports.html.HtmlAcceptanceTestReporter.addParentRequirmentFieldToContext(HtmlAcceptanceTestReporter.java:214)
	at net.thucydides.core.reports.html.HtmlAcceptanceTestReporter.addTestOutcomeToContext(HtmlAcceptanceTestReporter.java:190)
	at net.thucydides.core.reports.html.HtmlAcceptanceTestReporter.generateReportFor(HtmlAcceptanceTestReporter.java:105)
	at net.thucydides.core.reports.ReportService.generateReportFor(ReportService.java:246)
	at net.thucydides.core.reports.ReportService.lambda$generateReportsFor$0(ReportService.java:184)
	at java.base/java.util.concurrent.Executors$RunnableAdapter.call(Executors.java:539)
	at java.base/java.util.concurrent.FutureTask.run(FutureTask.java:264)
	at java.base/java.util.concurrent.ThreadPoolExecutor.runWorker(ThreadPoolExecutor.java:1136)
	at java.base/java.util.concurrent.ThreadPoolExecutor$Worker.run(ThreadPoolExecutor.java:635)
	at java.base/java.lang.Thread.run(Thread.java:833)

20:13:38.438 [pool-3-thread-3] WARN net.thucydides.core.requirements.RequirementsTagProvider - Failed to load requirements: Illegal char <:> at index 4: file:\C:\Users\LENOVO-PC\OneDrive%20-%20IT-PLN\Dokumen\apenim\Diskusiaza-QE\WEB%20DISKUSIAZA\src\test\resources\web\Login.feature
java.nio.file.InvalidPathException: Illegal char <:> at index 4: file:\C:\Users\LENOVO-PC\OneDrive%20-%20IT-PLN\Dokumen\apenim\Diskusiaza-QE\WEB%20DISKUSIAZA\src\test\resources\web\Login.feature
	at java.base/sun.nio.fs.WindowsPathParser.normalize(WindowsPathParser.java:182)
	at java.base/sun.nio.fs.WindowsPathParser.parse(WindowsPathParser.java:153)
	at java.base/sun.nio.fs.WindowsPathParser.parse(WindowsPathParser.java:77)
	at java.base/sun.nio.fs.WindowsPath.parse(WindowsPath.java:92)
	at java.base/sun.nio.fs.WindowsFileSystem.getPath(WindowsFileSystem.java:232)
	at java.base/java.io.File.toPath(File.java:2387)
	at net.thucydides.core.requirements.RootDirectory.getRelativePathOf(RootDirectory.java:364)
	at net.thucydides.core.requirements.FileSystemRequirementsTagProvider.requirementWithMatchingPath(FileSystemRequirementsTagProvider.java:372)
	at net.thucydides.core.requirements.FileSystemRequirementsTagProvider.getParentRequirementOf(FileSystemRequirementsTagProvider.java:335)
	at net.thucydides.core.requirements.ParentRequirementsProvided.forOutcome(ParentRequirementsProvided.java:26)
	at net.thucydides.core.requirements.BaseRequirementsService.getParentRequirementOf(BaseRequirementsService.java:138)
	at net.thucydides.core.requirements.BaseRequirementsService.getAncestorRequirementsFor(BaseRequirementsService.java:78)
	at net.thucydides.core.tags.BreadcrumbTagFilter.getRequirementBreadcrumbsFrom(BreadcrumbTagFilter.java:51)
	at net.thucydides.core.reports.html.HtmlAcceptanceTestReporter.addBreadcrumbs(HtmlAcceptanceTestReporter.java:227)
	at net.thucydides.core.reports.html.HtmlAcceptanceTestReporter.addParentRequirmentFieldToContext(HtmlAcceptanceTestReporter.java:214)
	at net.thucydides.core.reports.html.HtmlAcceptanceTestReporter.addTestOutcomeToContext(HtmlAcceptanceTestReporter.java:190)
	at net.thucydides.core.reports.html.HtmlAcceptanceTestReporter.generateReportFor(HtmlAcceptanceTestReporter.java:105)
	at net.thucydides.core.reports.ReportService.generateReportFor(ReportService.java:246)
	at net.thucydides.core.reports.ReportService.lambda$generateReportsFor$0(ReportService.java:184)
	at java.base/java.util.concurrent.Executors$RunnableAdapter.call(Executors.java:539)
	at java.base/java.util.concurrent.FutureTask.run(FutureTask.java:264)
	at java.base/java.util.concurrent.ThreadPoolExecutor.runWorker(ThreadPoolExecutor.java:1136)
	at java.base/java.util.concurrent.ThreadPoolExecutor$Worker.run(ThreadPoolExecutor.java:635)
	at java.base/java.lang.Thread.run(Thread.java:833)

20:13:38.446 [pool-3-thread-3] WARN net.thucydides.core.requirements.RequirementsTagProvider - Failed to load requirements: Illegal char <:> at index 4: file:\C:\Users\LENOVO-PC\OneDrive%20-%20IT-PLN\Dokumen\apenim\Diskusiaza-QE\WEB%20DISKUSIAZA\src\test\resources\web\Login.feature
java.nio.file.InvalidPathException: Illegal char <:> at index 4: file:\C:\Users\LENOVO-PC\OneDrive%20-%20IT-PLN\Dokumen\apenim\Diskusiaza-QE\WEB%20DISKUSIAZA\src\test\resources\web\Login.feature
	at java.base/sun.nio.fs.WindowsPathParser.normalize(WindowsPathParser.java:182)
	at java.base/sun.nio.fs.WindowsPathParser.parse(WindowsPathParser.java:153)
	at java.base/sun.nio.fs.WindowsPathParser.parse(WindowsPathParser.java:77)
	at java.base/sun.nio.fs.WindowsPath.parse(WindowsPath.java:92)
	at java.base/sun.nio.fs.WindowsFileSystem.getPath(WindowsFileSystem.java:232)
	at java.base/java.io.File.toPath(File.java:2387)
	at net.thucydides.core.requirements.RootDirectory.getRelativePathOf(RootDirectory.java:364)
	at net.thucydides.core.requirements.FileSystemRequirementsTagProvider.requirementWithMatchingPath(FileSystemRequirementsTagProvider.java:372)
	at net.thucydides.core.requirements.FileSystemRequirementsTagProvider.getParentRequirementOf(FileSystemRequirementsTagProvider.java:335)
	at net.thucydides.core.requirements.ParentRequirementsProvided.forOutcome(ParentRequirementsProvided.java:26)
	at net.thucydides.core.requirements.BaseRequirementsService.getParentRequirementOf(BaseRequirementsService.java:138)
	at net.thucydides.core.requirements.BaseRequirementsService.getParentRequirementFor(BaseRequirementsService.java:48)
	at net.thucydides.core.reports.html.HtmlAcceptanceTestReporter.addParentRequirmentFieldToContext(HtmlAcceptanceTestReporter.java:196)
	at net.thucydides.core.reports.html.HtmlAcceptanceTestReporter.addTestOutcomeToContext(HtmlAcceptanceTestReporter.java:190)
	at net.thucydides.core.reports.html.HtmlAcceptanceTestReporter.generateScreenshotReportsFor(HtmlAcceptanceTestReporter.java:254)
	at net.thucydides.core.reports.html.HtmlAcceptanceTestReporter.generateReportFor(HtmlAcceptanceTestReporter.java:108)
	at net.thucydides.core.reports.ReportService.generateReportFor(ReportService.java:246)
	at net.thucydides.core.reports.ReportService.lambda$generateReportsFor$0(ReportService.java:184)
	at java.base/java.util.concurrent.Executors$RunnableAdapter.call(Executors.java:539)
	at java.base/java.util.concurrent.FutureTask.run(FutureTask.java:264)
	at java.base/java.util.concurrent.ThreadPoolExecutor.runWorker(ThreadPoolExecutor.java:1136)
	at java.base/java.util.concurrent.ThreadPoolExecutor$Worker.run(ThreadPoolExecutor.java:635)
	at java.base/java.lang.Thread.run(Thread.java:833)

20:13:38.446 [pool-3-thread-3] WARN net.thucydides.core.requirements.RequirementsTagProvider - Failed to load requirements: Illegal char <:> at index 4: file:\C:\Users\LENOVO-PC\OneDrive%20-%20IT-PLN\Dokumen\apenim\Diskusiaza-QE\WEB%20DISKUSIAZA\src\test\resources\web\Login.feature
java.nio.file.InvalidPathException: Illegal char <:> at index 4: file:\C:\Users\LENOVO-PC\OneDrive%20-%20IT-PLN\Dokumen\apenim\Diskusiaza-QE\WEB%20DISKUSIAZA\src\test\resources\web\Login.feature
	at java.base/sun.nio.fs.WindowsPathParser.normalize(WindowsPathParser.java:182)
	at java.base/sun.nio.fs.WindowsPathParser.parse(WindowsPathParser.java:153)
	at java.base/sun.nio.fs.WindowsPathParser.parse(WindowsPathParser.java:77)
	at java.base/sun.nio.fs.WindowsPath.parse(WindowsPath.java:92)
	at java.base/sun.nio.fs.WindowsFileSystem.getPath(WindowsFileSystem.java:232)
	at java.base/java.io.File.toPath(File.java:2387)
	at net.thucydides.core.requirements.RootDirectory.getRelativePathOf(RootDirectory.java:364)
	at net.thucydides.core.requirements.FileSystemRequirementsTagProvider.requirementWithMatchingPath(FileSystemRequirementsTagProvider.java:372)
	at net.thucydides.core.requirements.FileSystemRequirementsTagProvider.getParentRequirementOf(FileSystemRequirementsTagProvider.java:335)
	at net.thucydides.core.requirements.ParentRequirementsProvided.forOutcome(ParentRequirementsProvided.java:26)
	at net.thucydides.core.requirements.BaseRequirementsService.getParentRequirementOf(BaseRequirementsService.java:138)
	at net.thucydides.core.requirements.BaseRequirementsService.getAncestorRequirementsFor(BaseRequirementsService.java:78)
	at net.thucydides.core.reports.html.HtmlAcceptanceTestReporter.addBreadcrumbs(HtmlAcceptanceTestReporter.java:226)
	at net.thucydides.core.reports.html.HtmlAcceptanceTestReporter.addParentRequirmentFieldToContext(HtmlAcceptanceTestReporter.java:214)
	at net.thucydides.core.reports.html.HtmlAcceptanceTestReporter.addTestOutcomeToContext(HtmlAcceptanceTestReporter.java:190)
	at net.thucydides.core.reports.html.HtmlAcceptanceTestReporter.generateScreenshotReportsFor(HtmlAcceptanceTestReporter.java:254)
	at net.thucydides.core.reports.html.HtmlAcceptanceTestReporter.generateReportFor(HtmlAcceptanceTestReporter.java:108)
	at net.thucydides.core.reports.ReportService.generateReportFor(ReportService.java:246)
	at net.thucydides.core.reports.ReportService.lambda$generateReportsFor$0(ReportService.java:184)
	at java.base/java.util.concurrent.Executors$RunnableAdapter.call(Executors.java:539)
	at java.base/java.util.concurrent.FutureTask.run(FutureTask.java:264)
	at java.base/java.util.concurrent.ThreadPoolExecutor.runWorker(ThreadPoolExecutor.java:1136)
	at java.base/java.util.concurrent.ThreadPoolExecutor$Worker.run(ThreadPoolExecutor.java:635)
	at java.base/java.lang.Thread.run(Thread.java:833)

20:13:38.446 [pool-3-thread-3] WARN net.thucydides.core.requirements.RequirementsTagProvider - Failed to load requirements: Illegal char <:> at index 4: file:\C:\Users\LENOVO-PC\OneDrive%20-%20IT-PLN\Dokumen\apenim\Diskusiaza-QE\WEB%20DISKUSIAZA\src\test\resources\web\Login.feature
java.nio.file.InvalidPathException: Illegal char <:> at index 4: file:\C:\Users\LENOVO-PC\OneDrive%20-%20IT-PLN\Dokumen\apenim\Diskusiaza-QE\WEB%20DISKUSIAZA\src\test\resources\web\Login.feature
	at java.base/sun.nio.fs.WindowsPathParser.normalize(WindowsPathParser.java:182)
	at java.base/sun.nio.fs.WindowsPathParser.parse(WindowsPathParser.java:153)
	at java.base/sun.nio.fs.WindowsPathParser.parse(WindowsPathParser.java:77)
	at java.base/sun.nio.fs.WindowsPath.parse(WindowsPath.java:92)
	at java.base/sun.nio.fs.WindowsFileSystem.getPath(WindowsFileSystem.java:232)
	at java.base/java.io.File.toPath(File.java:2387)
	at net.thucydides.core.requirements.RootDirectory.getRelativePathOf(RootDirectory.java:364)
	at net.thucydides.core.requirements.FileSystemRequirementsTagProvider.requirementWithMatchingPath(FileSystemRequirementsTagProvider.java:372)
	at net.thucydides.core.requirements.FileSystemRequirementsTagProvider.getParentRequirementOf(FileSystemRequirementsTagProvider.java:335)
	at net.thucydides.core.requirements.ParentRequirementsProvided.forOutcome(ParentRequirementsProvided.java:26)
	at net.thucydides.core.requirements.BaseRequirementsService.getParentRequirementOf(BaseRequirementsService.java:138)
	at net.thucydides.core.requirements.BaseRequirementsService.getAncestorRequirementsFor(BaseRequirementsService.java:78)
	at net.thucydides.core.tags.BreadcrumbTagFilter.getRequirementBreadcrumbsFrom(BreadcrumbTagFilter.java:51)
	at net.thucydides.core.reports.html.HtmlAcceptanceTestReporter.addBreadcrumbs(HtmlAcceptanceTestReporter.java:227)
	at net.thucydides.core.reports.html.HtmlAcceptanceTestReporter.addParentRequirmentFieldToContext(HtmlAcceptanceTestReporter.java:214)
	at net.thucydides.core.reports.html.HtmlAcceptanceTestReporter.addTestOutcomeToContext(HtmlAcceptanceTestReporter.java:190)
	at net.thucydides.core.reports.html.HtmlAcceptanceTestReporter.generateScreenshotReportsFor(HtmlAcceptanceTestReporter.java:254)
	at net.thucydides.core.reports.html.HtmlAcceptanceTestReporter.generateReportFor(HtmlAcceptanceTestReporter.java:108)
	at net.thucydides.core.reports.ReportService.generateReportFor(ReportService.java:246)
	at net.thucydides.core.reports.ReportService.lambda$generateReportsFor$0(ReportService.java:184)
	at java.base/java.util.concurrent.Executors$RunnableAdapter.call(Executors.java:539)
	at java.base/java.util.concurrent.FutureTask.run(FutureTask.java:264)
	at java.base/java.util.concurrent.ThreadPoolExecutor.runWorker(ThreadPoolExecutor.java:1136)
	at java.base/java.util.concurrent.ThreadPoolExecutor$Worker.run(ThreadPoolExecutor.java:635)
	at java.base/java.lang.Thread.run(Thread.java:833)

20:13:38.451 [pool-3-thread-1] DEBUG serenity.reporting - Generated report 429a47232607fc1e00dccde1ac2192369a8754188adfac0e3107628c9536c1b3.html in 54 ms

20:13:38.451 [pool-3-thread-1] DEBUG net.thucydides.core.reports.ReportService - Processing test outcome User on login page:user input invalid email and valid password done

20:13:38.451 [pool-3-thread-1] DEBUG net.thucydides.core.reports.ReportService - Processing test outcome user on page jawaban:User menjawab pertanyaan

20:13:38.451 [pool-3-thread-1] INFO net.thucydides.core.reports.ReportService - net.thucydides.core.reports.html.HtmlAcceptanceTestReporter@3e2432c2: Generating report for test outcome: user on page jawaban:User menjawab pertanyaan

20:13:38.451 [pool-3-thread-1] WARN net.thucydides.core.requirements.RequirementsTagProvider - Failed to load requirements: Illegal char <:> at index 4: file:\C:\Users\LENOVO-PC\OneDrive%20-%20IT-PLN\Dokumen\apenim\Diskusiaza-QE\WEB%20DISKUSIAZA\src\test\resources\web\PageJawab.feature
java.nio.file.InvalidPathException: Illegal char <:> at index 4: file:\C:\Users\LENOVO-PC\OneDrive%20-%20IT-PLN\Dokumen\apenim\Diskusiaza-QE\WEB%20DISKUSIAZA\src\test\resources\web\PageJawab.feature
	at java.base/sun.nio.fs.WindowsPathParser.normalize(WindowsPathParser.java:182)
	at java.base/sun.nio.fs.WindowsPathParser.parse(WindowsPathParser.java:153)
	at java.base/sun.nio.fs.WindowsPathParser.parse(WindowsPathParser.java:77)
	at java.base/sun.nio.fs.WindowsPath.parse(WindowsPath.java:92)
	at java.base/sun.nio.fs.WindowsFileSystem.getPath(WindowsFileSystem.java:232)
	at java.base/java.io.File.toPath(File.java:2387)
	at net.thucydides.core.requirements.RootDirectory.getRelativePathOf(RootDirectory.java:364)
	at net.thucydides.core.requirements.FileSystemRequirementsTagProvider.requirementWithMatchingPath(FileSystemRequirementsTagProvider.java:372)
	at net.thucydides.core.requirements.FileSystemRequirementsTagProvider.getParentRequirementOf(FileSystemRequirementsTagProvider.java:335)
	at net.thucydides.core.requirements.ParentRequirementsProvided.forOutcome(ParentRequirementsProvided.java:26)
	at net.thucydides.core.requirements.BaseRequirementsService.getParentRequirementOf(BaseRequirementsService.java:138)
	at net.thucydides.core.requirements.BaseRequirementsService.getParentRequirementFor(BaseRequirementsService.java:48)
	at net.thucydides.core.reports.html.HtmlAcceptanceTestReporter.addParentRequirmentFieldToContext(HtmlAcceptanceTestReporter.java:196)
	at net.thucydides.core.reports.html.HtmlAcceptanceTestReporter.addTestOutcomeToContext(HtmlAcceptanceTestReporter.java:190)
	at net.thucydides.core.reports.html.HtmlAcceptanceTestReporter.generateReportFor(HtmlAcceptanceTestReporter.java:105)
	at net.thucydides.core.reports.ReportService.generateReportFor(ReportService.java:246)
	at net.thucydides.core.reports.ReportService.lambda$generateReportsFor$0(ReportService.java:184)
	at java.base/java.util.concurrent.Executors$RunnableAdapter.call(Executors.java:539)
	at java.base/java.util.concurrent.FutureTask.run(FutureTask.java:264)
	at java.base/java.util.concurrent.ThreadPoolExecutor.runWorker(ThreadPoolExecutor.java:1136)
	at java.base/java.util.concurrent.ThreadPoolExecutor$Worker.run(ThreadPoolExecutor.java:635)
	at java.base/java.lang.Thread.run(Thread.java:833)

20:13:38.451 [pool-3-thread-3] DEBUG serenity.reporting - Generating report in e4866abacba6a42c5e9d20910431803dfb52611a1e42f8e5cf90f393e7d29c86_screenshots.html

20:13:38.451 [pool-3-thread-1] WARN net.thucydides.core.requirements.RequirementsTagProvider - Failed to load requirements: Illegal char <:> at index 4: file:\C:\Users\LENOVO-PC\OneDrive%20-%20IT-PLN\Dokumen\apenim\Diskusiaza-QE\WEB%20DISKUSIAZA\src\test\resources\web\PageJawab.feature
java.nio.file.InvalidPathException: Illegal char <:> at index 4: file:\C:\Users\LENOVO-PC\OneDrive%20-%20IT-PLN\Dokumen\apenim\Diskusiaza-QE\WEB%20DISKUSIAZA\src\test\resources\web\PageJawab.feature
	at java.base/sun.nio.fs.WindowsPathParser.normalize(WindowsPathParser.java:182)
	at java.base/sun.nio.fs.WindowsPathParser.parse(WindowsPathParser.java:153)
	at java.base/sun.nio.fs.WindowsPathParser.parse(WindowsPathParser.java:77)
	at java.base/sun.nio.fs.WindowsPath.parse(WindowsPath.java:92)
	at java.base/sun.nio.fs.WindowsFileSystem.getPath(WindowsFileSystem.java:232)
	at java.base/java.io.File.toPath(File.java:2387)
	at net.thucydides.core.requirements.RootDirectory.getRelativePathOf(RootDirectory.java:364)
	at net.thucydides.core.requirements.FileSystemRequirementsTagProvider.requirementWithMatchingPath(FileSystemRequirementsTagProvider.java:372)
	at net.thucydides.core.requirements.FileSystemRequirementsTagProvider.getParentRequirementOf(FileSystemRequirementsTagProvider.java:335)
	at net.thucydides.core.requirements.ParentRequirementsProvided.forOutcome(ParentRequirementsProvided.java:26)
	at net.thucydides.core.requirements.BaseRequirementsService.getParentRequirementOf(BaseRequirementsService.java:138)
	at net.thucydides.core.requirements.BaseRequirementsService.getAncestorRequirementsFor(BaseRequirementsService.java:78)
	at net.thucydides.core.reports.html.HtmlAcceptanceTestReporter.addBreadcrumbs(HtmlAcceptanceTestReporter.java:226)
	at net.thucydides.core.reports.html.HtmlAcceptanceTestReporter.addParentRequirmentFieldToContext(HtmlAcceptanceTestReporter.java:214)
	at net.thucydides.core.reports.html.HtmlAcceptanceTestReporter.addTestOutcomeToContext(HtmlAcceptanceTestReporter.java:190)
	at net.thucydides.core.reports.html.HtmlAcceptanceTestReporter.generateReportFor(HtmlAcceptanceTestReporter.java:105)
	at net.thucydides.core.reports.ReportService.generateReportFor(ReportService.java:246)
	at net.thucydides.core.reports.ReportService.lambda$generateReportsFor$0(ReportService.java:184)
	at java.base/java.util.concurrent.Executors$RunnableAdapter.call(Executors.java:539)
	at java.base/java.util.concurrent.FutureTask.run(FutureTask.java:264)
	at java.base/java.util.concurrent.ThreadPoolExecutor.runWorker(ThreadPoolExecutor.java:1136)
	at java.base/java.util.concurrent.ThreadPoolExecutor$Worker.run(ThreadPoolExecutor.java:635)
	at java.base/java.lang.Thread.run(Thread.java:833)

20:13:38.451 [pool-3-thread-1] WARN net.thucydides.core.requirements.RequirementsTagProvider - Failed to load requirements: Illegal char <:> at index 4: file:\C:\Users\LENOVO-PC\OneDrive%20-%20IT-PLN\Dokumen\apenim\Diskusiaza-QE\WEB%20DISKUSIAZA\src\test\resources\web\PageJawab.feature
java.nio.file.InvalidPathException: Illegal char <:> at index 4: file:\C:\Users\LENOVO-PC\OneDrive%20-%20IT-PLN\Dokumen\apenim\Diskusiaza-QE\WEB%20DISKUSIAZA\src\test\resources\web\PageJawab.feature
	at java.base/sun.nio.fs.WindowsPathParser.normalize(WindowsPathParser.java:182)
	at java.base/sun.nio.fs.WindowsPathParser.parse(WindowsPathParser.java:153)
	at java.base/sun.nio.fs.WindowsPathParser.parse(WindowsPathParser.java:77)
	at java.base/sun.nio.fs.WindowsPath.parse(WindowsPath.java:92)
	at java.base/sun.nio.fs.WindowsFileSystem.getPath(WindowsFileSystem.java:232)
	at java.base/java.io.File.toPath(File.java:2387)
	at net.thucydides.core.requirements.RootDirectory.getRelativePathOf(RootDirectory.java:364)
	at net.thucydides.core.requirements.FileSystemRequirementsTagProvider.requirementWithMatchingPath(FileSystemRequirementsTagProvider.java:372)
	at net.thucydides.core.requirements.FileSystemRequirementsTagProvider.getParentRequirementOf(FileSystemRequirementsTagProvider.java:335)
	at net.thucydides.core.requirements.ParentRequirementsProvided.forOutcome(ParentRequirementsProvided.java:26)
	at net.thucydides.core.requirements.BaseRequirementsService.getParentRequirementOf(BaseRequirementsService.java:138)
	at net.thucydides.core.requirements.BaseRequirementsService.getAncestorRequirementsFor(BaseRequirementsService.java:78)
	at net.thucydides.core.tags.BreadcrumbTagFilter.getRequirementBreadcrumbsFrom(BreadcrumbTagFilter.java:51)
	at net.thucydides.core.reports.html.HtmlAcceptanceTestReporter.addBreadcrumbs(HtmlAcceptanceTestReporter.java:227)
	at net.thucydides.core.reports.html.HtmlAcceptanceTestReporter.addParentRequirmentFieldToContext(HtmlAcceptanceTestReporter.java:214)
	at net.thucydides.core.reports.html.HtmlAcceptanceTestReporter.addTestOutcomeToContext(HtmlAcceptanceTestReporter.java:190)
	at net.thucydides.core.reports.html.HtmlAcceptanceTestReporter.generateReportFor(HtmlAcceptanceTestReporter.java:105)
	at net.thucydides.core.reports.ReportService.generateReportFor(ReportService.java:246)
	at net.thucydides.core.reports.ReportService.lambda$generateReportsFor$0(ReportService.java:184)
	at java.base/java.util.concurrent.Executors$RunnableAdapter.call(Executors.java:539)
	at java.base/java.util.concurrent.FutureTask.run(FutureTask.java:264)
	at java.base/java.util.concurrent.ThreadPoolExecutor.runWorker(ThreadPoolExecutor.java:1136)
	at java.base/java.util.concurrent.ThreadPoolExecutor$Worker.run(ThreadPoolExecutor.java:635)
	at java.base/java.lang.Thread.run(Thread.java:833)

20:13:38.451 [pool-3-thread-1] WARN net.thucydides.core.requirements.RequirementsTagProvider - Failed to load requirements: Illegal char <:> at index 4: file:\C:\Users\LENOVO-PC\OneDrive%20-%20IT-PLN\Dokumen\apenim\Diskusiaza-QE\WEB%20DISKUSIAZA\src\test\resources\web\PageJawab.feature
java.nio.file.InvalidPathException: Illegal char <:> at index 4: file:\C:\Users\LENOVO-PC\OneDrive%20-%20IT-PLN\Dokumen\apenim\Diskusiaza-QE\WEB%20DISKUSIAZA\src\test\resources\web\PageJawab.feature
	at java.base/sun.nio.fs.WindowsPathParser.normalize(WindowsPathParser.java:182)
	at java.base/sun.nio.fs.WindowsPathParser.parse(WindowsPathParser.java:153)
	at java.base/sun.nio.fs.WindowsPathParser.parse(WindowsPathParser.java:77)
	at java.base/sun.nio.fs.WindowsPath.parse(WindowsPath.java:92)
	at java.base/sun.nio.fs.WindowsFileSystem.getPath(WindowsFileSystem.java:232)
	at java.base/java.io.File.toPath(File.java:2387)
	at net.thucydides.core.requirements.RootDirectory.getRelativePathOf(RootDirectory.java:364)
	at net.thucydides.core.requirements.FileSystemRequirementsTagProvider.requirementWithMatchingPath(FileSystemRequirementsTagProvider.java:372)
	at net.thucydides.core.requirements.FileSystemRequirementsTagProvider.getParentRequirementOf(FileSystemRequirementsTagProvider.java:335)
	at net.thucydides.core.requirements.ParentRequirementsProvided.forOutcome(ParentRequirementsProvided.java:26)
	at net.thucydides.core.requirements.BaseRequirementsService.getParentRequirementOf(BaseRequirementsService.java:138)
	at net.thucydides.core.requirements.BaseRequirementsService.getParentRequirementFor(BaseRequirementsService.java:48)
	at net.thucydides.core.reports.html.HtmlAcceptanceTestReporter.addParentRequirmentFieldToContext(HtmlAcceptanceTestReporter.java:196)
	at net.thucydides.core.reports.html.HtmlAcceptanceTestReporter.addTestOutcomeToContext(HtmlAcceptanceTestReporter.java:190)
	at net.thucydides.core.reports.html.HtmlAcceptanceTestReporter.generateScreenshotReportsFor(HtmlAcceptanceTestReporter.java:254)
	at net.thucydides.core.reports.html.HtmlAcceptanceTestReporter.generateReportFor(HtmlAcceptanceTestReporter.java:108)
	at net.thucydides.core.reports.ReportService.generateReportFor(ReportService.java:246)
	at net.thucydides.core.reports.ReportService.lambda$generateReportsFor$0(ReportService.java:184)
	at java.base/java.util.concurrent.Executors$RunnableAdapter.call(Executors.java:539)
	at java.base/java.util.concurrent.FutureTask.run(FutureTask.java:264)
	at java.base/java.util.concurrent.ThreadPoolExecutor.runWorker(ThreadPoolExecutor.java:1136)
	at java.base/java.util.concurrent.ThreadPoolExecutor$Worker.run(ThreadPoolExecutor.java:635)
	at java.base/java.lang.Thread.run(Thread.java:833)

20:13:38.451 [pool-3-thread-1] WARN net.thucydides.core.requirements.RequirementsTagProvider - Failed to load requirements: Illegal char <:> at index 4: file:\C:\Users\LENOVO-PC\OneDrive%20-%20IT-PLN\Dokumen\apenim\Diskusiaza-QE\WEB%20DISKUSIAZA\src\test\resources\web\PageJawab.feature
java.nio.file.InvalidPathException: Illegal char <:> at index 4: file:\C:\Users\LENOVO-PC\OneDrive%20-%20IT-PLN\Dokumen\apenim\Diskusiaza-QE\WEB%20DISKUSIAZA\src\test\resources\web\PageJawab.feature
	at java.base/sun.nio.fs.WindowsPathParser.normalize(WindowsPathParser.java:182)
	at java.base/sun.nio.fs.WindowsPathParser.parse(WindowsPathParser.java:153)
	at java.base/sun.nio.fs.WindowsPathParser.parse(WindowsPathParser.java:77)
	at java.base/sun.nio.fs.WindowsPath.parse(WindowsPath.java:92)
	at java.base/sun.nio.fs.WindowsFileSystem.getPath(WindowsFileSystem.java:232)
	at java.base/java.io.File.toPath(File.java:2387)
	at net.thucydides.core.requirements.RootDirectory.getRelativePathOf(RootDirectory.java:364)
	at net.thucydides.core.requirements.FileSystemRequirementsTagProvider.requirementWithMatchingPath(FileSystemRequirementsTagProvider.java:372)
	at net.thucydides.core.requirements.FileSystemRequirementsTagProvider.getParentRequirementOf(FileSystemRequirementsTagProvider.java:335)
	at net.thucydides.core.requirements.ParentRequirementsProvided.forOutcome(ParentRequirementsProvided.java:26)
	at net.thucydides.core.requirements.BaseRequirementsService.getParentRequirementOf(BaseRequirementsService.java:138)
	at net.thucydides.core.requirements.BaseRequirementsService.getAncestorRequirementsFor(BaseRequirementsService.java:78)
	at net.thucydides.core.reports.html.HtmlAcceptanceTestReporter.addBreadcrumbs(HtmlAcceptanceTestReporter.java:226)
	at net.thucydides.core.reports.html.HtmlAcceptanceTestReporter.addParentRequirmentFieldToContext(HtmlAcceptanceTestReporter.java:214)
	at net.thucydides.core.reports.html.HtmlAcceptanceTestReporter.addTestOutcomeToContext(HtmlAcceptanceTestReporter.java:190)
	at net.thucydides.core.reports.html.HtmlAcceptanceTestReporter.generateScreenshotReportsFor(HtmlAcceptanceTestReporter.java:254)
	at net.thucydides.core.reports.html.HtmlAcceptanceTestReporter.generateReportFor(HtmlAcceptanceTestReporter.java:108)
	at net.thucydides.core.reports.ReportService.generateReportFor(ReportService.java:246)
	at net.thucydides.core.reports.ReportService.lambda$generateReportsFor$0(ReportService.java:184)
	at java.base/java.util.concurrent.Executors$RunnableAdapter.call(Executors.java:539)
	at java.base/java.util.concurrent.FutureTask.run(FutureTask.java:264)
	at java.base/java.util.concurrent.ThreadPoolExecutor.runWorker(ThreadPoolExecutor.java:1136)
	at java.base/java.util.concurrent.ThreadPoolExecutor$Worker.run(ThreadPoolExecutor.java:635)
	at java.base/java.lang.Thread.run(Thread.java:833)

20:13:38.451 [pool-3-thread-1] WARN net.thucydides.core.requirements.RequirementsTagProvider - Failed to load requirements: Illegal char <:> at index 4: file:\C:\Users\LENOVO-PC\OneDrive%20-%20IT-PLN\Dokumen\apenim\Diskusiaza-QE\WEB%20DISKUSIAZA\src\test\resources\web\PageJawab.feature
java.nio.file.InvalidPathException: Illegal char <:> at index 4: file:\C:\Users\LENOVO-PC\OneDrive%20-%20IT-PLN\Dokumen\apenim\Diskusiaza-QE\WEB%20DISKUSIAZA\src\test\resources\web\PageJawab.feature
	at java.base/sun.nio.fs.WindowsPathParser.normalize(WindowsPathParser.java:182)
	at java.base/sun.nio.fs.WindowsPathParser.parse(WindowsPathParser.java:153)
	at java.base/sun.nio.fs.WindowsPathParser.parse(WindowsPathParser.java:77)
	at java.base/sun.nio.fs.WindowsPath.parse(WindowsPath.java:92)
	at java.base/sun.nio.fs.WindowsFileSystem.getPath(WindowsFileSystem.java:232)
	at java.base/java.io.File.toPath(File.java:2387)
	at net.thucydides.core.requirements.RootDirectory.getRelativePathOf(RootDirectory.java:364)
	at net.thucydides.core.requirements.FileSystemRequirementsTagProvider.requirementWithMatchingPath(FileSystemRequirementsTagProvider.java:372)
	at net.thucydides.core.requirements.FileSystemRequirementsTagProvider.getParentRequirementOf(FileSystemRequirementsTagProvider.java:335)
	at net.thucydides.core.requirements.ParentRequirementsProvided.forOutcome(ParentRequirementsProvided.java:26)
	at net.thucydides.core.requirements.BaseRequirementsService.getParentRequirementOf(BaseRequirementsService.java:138)
	at net.thucydides.core.requirements.BaseRequirementsService.getAncestorRequirementsFor(BaseRequirementsService.java:78)
	at net.thucydides.core.tags.BreadcrumbTagFilter.getRequirementBreadcrumbsFrom(BreadcrumbTagFilter.java:51)
	at net.thucydides.core.reports.html.HtmlAcceptanceTestReporter.addBreadcrumbs(HtmlAcceptanceTestReporter.java:227)
	at net.thucydides.core.reports.html.HtmlAcceptanceTestReporter.addParentRequirmentFieldToContext(HtmlAcceptanceTestReporter.java:214)
	at net.thucydides.core.reports.html.HtmlAcceptanceTestReporter.addTestOutcomeToContext(HtmlAcceptanceTestReporter.java:190)
	at net.thucydides.core.reports.html.HtmlAcceptanceTestReporter.generateScreenshotReportsFor(HtmlAcceptanceTestReporter.java:254)
	at net.thucydides.core.reports.html.HtmlAcceptanceTestReporter.generateReportFor(HtmlAcceptanceTestReporter.java:108)
	at net.thucydides.core.reports.ReportService.generateReportFor(ReportService.java:246)
	at net.thucydides.core.reports.ReportService.lambda$generateReportsFor$0(ReportService.java:184)
	at java.base/java.util.concurrent.Executors$RunnableAdapter.call(Executors.java:539)
	at java.base/java.util.concurrent.FutureTask.run(FutureTask.java:264)
	at java.base/java.util.concurrent.ThreadPoolExecutor.runWorker(ThreadPoolExecutor.java:1136)
	at java.base/java.util.concurrent.ThreadPoolExecutor$Worker.run(ThreadPoolExecutor.java:635)
	at java.base/java.lang.Thread.run(Thread.java:833)

20:13:38.451 [pool-3-thread-1] DEBUG serenity.reporting - Generating report in 54a9c32c9d5b59337d40e80914f897da5cc2fe76309bf107edb583b9ef07617d_screenshots.html

20:13:38.478 [pool-3-thread-1] DEBUG serenity.reporting - Generated report 54a9c32c9d5b59337d40e80914f897da5cc2fe76309bf107edb583b9ef07617d_screenshots.html in 27 ms

20:13:38.483 [pool-3-thread-1] DEBUG serenity.reporting - Generating report in 54a9c32c9d5b59337d40e80914f897da5cc2fe76309bf107edb583b9ef07617d.html

20:13:38.510 [pool-3-thread-1] DEBUG serenity.reporting - Generated report 54a9c32c9d5b59337d40e80914f897da5cc2fe76309bf107edb583b9ef07617d.html in 27 ms

20:13:38.510 [pool-3-thread-1] DEBUG net.thucydides.core.reports.ReportService - Processing test outcome user on page jawaban:User menjawab pertanyaan done

20:13:38.510 [pool-3-thread-1] DEBUG net.thucydides.core.reports.ReportService - Processing test outcome user on page pertanyaan:User mengirimkan pertanyaan

20:13:38.510 [pool-3-thread-1] INFO net.thucydides.core.reports.ReportService - net.thucydides.core.reports.html.HtmlAcceptanceTestReporter@3e2432c2: Generating report for test outcome: user on page pertanyaan:User mengirimkan pertanyaan

20:13:38.510 [pool-3-thread-1] WARN net.thucydides.core.requirements.RequirementsTagProvider - Failed to load requirements: Illegal char <:> at index 4: file:\C:\Users\LENOVO-PC\OneDrive%20-%20IT-PLN\Dokumen\apenim\Diskusiaza-QE\WEB%20DISKUSIAZA\src\test\resources\web\PagePertanyaan.feature
java.nio.file.InvalidPathException: Illegal char <:> at index 4: file:\C:\Users\LENOVO-PC\OneDrive%20-%20IT-PLN\Dokumen\apenim\Diskusiaza-QE\WEB%20DISKUSIAZA\src\test\resources\web\PagePertanyaan.feature
	at java.base/sun.nio.fs.WindowsPathParser.normalize(WindowsPathParser.java:182)
	at java.base/sun.nio.fs.WindowsPathParser.parse(WindowsPathParser.java:153)
	at java.base/sun.nio.fs.WindowsPathParser.parse(WindowsPathParser.java:77)
	at java.base/sun.nio.fs.WindowsPath.parse(WindowsPath.java:92)
	at java.base/sun.nio.fs.WindowsFileSystem.getPath(WindowsFileSystem.java:232)
	at java.base/java.io.File.toPath(File.java:2387)
	at net.thucydides.core.requirements.RootDirectory.getRelativePathOf(RootDirectory.java:364)
	at net.thucydides.core.requirements.FileSystemRequirementsTagProvider.requirementWithMatchingPath(FileSystemRequirementsTagProvider.java:372)
	at net.thucydides.core.requirements.FileSystemRequirementsTagProvider.getParentRequirementOf(FileSystemRequirementsTagProvider.java:335)
	at net.thucydides.core.requirements.ParentRequirementsProvided.forOutcome(ParentRequirementsProvided.java:26)
	at net.thucydides.core.requirements.BaseRequirementsService.getParentRequirementOf(BaseRequirementsService.java:138)
	at net.thucydides.core.requirements.BaseRequirementsService.getParentRequirementFor(BaseRequirementsService.java:48)
	at net.thucydides.core.reports.html.HtmlAcceptanceTestReporter.addParentRequirmentFieldToContext(HtmlAcceptanceTestReporter.java:196)
	at net.thucydides.core.reports.html.HtmlAcceptanceTestReporter.addTestOutcomeToContext(HtmlAcceptanceTestReporter.java:190)
	at net.thucydides.core.reports.html.HtmlAcceptanceTestReporter.generateReportFor(HtmlAcceptanceTestReporter.java:105)
	at net.thucydides.core.reports.ReportService.generateReportFor(ReportService.java:246)
	at net.thucydides.core.reports.ReportService.lambda$generateReportsFor$0(ReportService.java:184)
	at java.base/java.util.concurrent.Executors$RunnableAdapter.call(Executors.java:539)
	at java.base/java.util.concurrent.FutureTask.run(FutureTask.java:264)
	at java.base/java.util.concurrent.ThreadPoolExecutor.runWorker(ThreadPoolExecutor.java:1136)
	at java.base/java.util.concurrent.ThreadPoolExecutor$Worker.run(ThreadPoolExecutor.java:635)
	at java.base/java.lang.Thread.run(Thread.java:833)

20:13:38.510 [pool-3-thread-1] WARN net.thucydides.core.requirements.RequirementsTagProvider - Failed to load requirements: Illegal char <:> at index 4: file:\C:\Users\LENOVO-PC\OneDrive%20-%20IT-PLN\Dokumen\apenim\Diskusiaza-QE\WEB%20DISKUSIAZA\src\test\resources\web\PagePertanyaan.feature
java.nio.file.InvalidPathException: Illegal char <:> at index 4: file:\C:\Users\LENOVO-PC\OneDrive%20-%20IT-PLN\Dokumen\apenim\Diskusiaza-QE\WEB%20DISKUSIAZA\src\test\resources\web\PagePertanyaan.feature
	at java.base/sun.nio.fs.WindowsPathParser.normalize(WindowsPathParser.java:182)
	at java.base/sun.nio.fs.WindowsPathParser.parse(WindowsPathParser.java:153)
	at java.base/sun.nio.fs.WindowsPathParser.parse(WindowsPathParser.java:77)
	at java.base/sun.nio.fs.WindowsPath.parse(WindowsPath.java:92)
	at java.base/sun.nio.fs.WindowsFileSystem.getPath(WindowsFileSystem.java:232)
	at java.base/java.io.File.toPath(File.java:2387)
	at net.thucydides.core.requirements.RootDirectory.getRelativePathOf(RootDirectory.java:364)
	at net.thucydides.core.requirements.FileSystemRequirementsTagProvider.requirementWithMatchingPath(FileSystemRequirementsTagProvider.java:372)
	at net.thucydides.core.requirements.FileSystemRequirementsTagProvider.getParentRequirementOf(FileSystemRequirementsTagProvider.java:335)
	at net.thucydides.core.requirements.ParentRequirementsProvided.forOutcome(ParentRequirementsProvided.java:26)
	at net.thucydides.core.requirements.BaseRequirementsService.getParentRequirementOf(BaseRequirementsService.java:138)
	at net.thucydides.core.requirements.BaseRequirementsService.getAncestorRequirementsFor(BaseRequirementsService.java:78)
	at net.thucydides.core.reports.html.HtmlAcceptanceTestReporter.addBreadcrumbs(HtmlAcceptanceTestReporter.java:226)
	at net.thucydides.core.reports.html.HtmlAcceptanceTestReporter.addParentRequirmentFieldToContext(HtmlAcceptanceTestReporter.java:214)
	at net.thucydides.core.reports.html.HtmlAcceptanceTestReporter.addTestOutcomeToContext(HtmlAcceptanceTestReporter.java:190)
	at net.thucydides.core.reports.html.HtmlAcceptanceTestReporter.generateReportFor(HtmlAcceptanceTestReporter.java:105)
	at net.thucydides.core.reports.ReportService.generateReportFor(ReportService.java:246)
	at net.thucydides.core.reports.ReportService.lambda$generateReportsFor$0(ReportService.java:184)
	at java.base/java.util.concurrent.Executors$RunnableAdapter.call(Executors.java:539)
	at java.base/java.util.concurrent.FutureTask.run(FutureTask.java:264)
	at java.base/java.util.concurrent.ThreadPoolExecutor.runWorker(ThreadPoolExecutor.java:1136)
	at java.base/java.util.concurrent.ThreadPoolExecutor$Worker.run(ThreadPoolExecutor.java:635)
	at java.base/java.lang.Thread.run(Thread.java:833)

20:13:38.510 [pool-3-thread-1] WARN net.thucydides.core.requirements.RequirementsTagProvider - Failed to load requirements: Illegal char <:> at index 4: file:\C:\Users\LENOVO-PC\OneDrive%20-%20IT-PLN\Dokumen\apenim\Diskusiaza-QE\WEB%20DISKUSIAZA\src\test\resources\web\PagePertanyaan.feature
java.nio.file.InvalidPathException: Illegal char <:> at index 4: file:\C:\Users\LENOVO-PC\OneDrive%20-%20IT-PLN\Dokumen\apenim\Diskusiaza-QE\WEB%20DISKUSIAZA\src\test\resources\web\PagePertanyaan.feature
	at java.base/sun.nio.fs.WindowsPathParser.normalize(WindowsPathParser.java:182)
	at java.base/sun.nio.fs.WindowsPathParser.parse(WindowsPathParser.java:153)
	at java.base/sun.nio.fs.WindowsPathParser.parse(WindowsPathParser.java:77)
	at java.base/sun.nio.fs.WindowsPath.parse(WindowsPath.java:92)
	at java.base/sun.nio.fs.WindowsFileSystem.getPath(WindowsFileSystem.java:232)
	at java.base/java.io.File.toPath(File.java:2387)
	at net.thucydides.core.requirements.RootDirectory.getRelativePathOf(RootDirectory.java:364)
	at net.thucydides.core.requirements.FileSystemRequirementsTagProvider.requirementWithMatchingPath(FileSystemRequirementsTagProvider.java:372)
	at net.thucydides.core.requirements.FileSystemRequirementsTagProvider.getParentRequirementOf(FileSystemRequirementsTagProvider.java:335)
	at net.thucydides.core.requirements.ParentRequirementsProvided.forOutcome(ParentRequirementsProvided.java:26)
	at net.thucydides.core.requirements.BaseRequirementsService.getParentRequirementOf(BaseRequirementsService.java:138)
	at net.thucydides.core.requirements.BaseRequirementsService.getAncestorRequirementsFor(BaseRequirementsService.java:78)
	at net.thucydides.core.tags.BreadcrumbTagFilter.getRequirementBreadcrumbsFrom(BreadcrumbTagFilter.java:51)
	at net.thucydides.core.reports.html.HtmlAcceptanceTestReporter.addBreadcrumbs(HtmlAcceptanceTestReporter.java:227)
	at net.thucydides.core.reports.html.HtmlAcceptanceTestReporter.addParentRequirmentFieldToContext(HtmlAcceptanceTestReporter.java:214)
	at net.thucydides.core.reports.html.HtmlAcceptanceTestReporter.addTestOutcomeToContext(HtmlAcceptanceTestReporter.java:190)
	at net.thucydides.core.reports.html.HtmlAcceptanceTestReporter.generateReportFor(HtmlAcceptanceTestReporter.java:105)
	at net.thucydides.core.reports.ReportService.generateReportFor(ReportService.java:246)
	at net.thucydides.core.reports.ReportService.lambda$generateReportsFor$0(ReportService.java:184)
	at java.base/java.util.concurrent.Executors$RunnableAdapter.call(Executors.java:539)
	at java.base/java.util.concurrent.FutureTask.run(FutureTask.java:264)
	at java.base/java.util.concurrent.ThreadPoolExecutor.runWorker(ThreadPoolExecutor.java:1136)
	at java.base/java.util.concurrent.ThreadPoolExecutor$Worker.run(ThreadPoolExecutor.java:635)
	at java.base/java.lang.Thread.run(Thread.java:833)

20:13:38.510 [pool-3-thread-1] DEBUG serenity.reporting - Generating report in 2d4062a51f1ff10697d0fa3585eb486c01f3b9cc41862548e2e2170f219e07e2.html

20:13:38.520 [pool-3-thread-1] DEBUG serenity.reporting - Generated report 2d4062a51f1ff10697d0fa3585eb486c01f3b9cc41862548e2e2170f219e07e2.html in 10 ms

20:13:38.520 [pool-3-thread-1] DEBUG net.thucydides.core.reports.ReportService - Processing test outcome user on page pertanyaan:User mengirimkan pertanyaan done

20:13:38.520 [pool-3-thread-1] DEBUG net.thucydides.core.reports.ReportService - Processing test outcome user on page ruang admin:User membuat ruang

20:13:38.520 [pool-3-thread-1] INFO net.thucydides.core.reports.ReportService - net.thucydides.core.reports.html.HtmlAcceptanceTestReporter@3e2432c2: Generating report for test outcome: user on page ruang admin:User membuat ruang

20:13:38.520 [pool-3-thread-1] WARN net.thucydides.core.requirements.RequirementsTagProvider - Failed to load requirements: Illegal char <:> at index 4: file:\C:\Users\LENOVO-PC\OneDrive%20-%20IT-PLN\Dokumen\apenim\Diskusiaza-QE\WEB%20DISKUSIAZA\src\test\resources\web\PageRuangAdmin.feature
java.nio.file.InvalidPathException: Illegal char <:> at index 4: file:\C:\Users\LENOVO-PC\OneDrive%20-%20IT-PLN\Dokumen\apenim\Diskusiaza-QE\WEB%20DISKUSIAZA\src\test\resources\web\PageRuangAdmin.feature
	at java.base/sun.nio.fs.WindowsPathParser.normalize(WindowsPathParser.java:182)
	at java.base/sun.nio.fs.WindowsPathParser.parse(WindowsPathParser.java:153)
	at java.base/sun.nio.fs.WindowsPathParser.parse(WindowsPathParser.java:77)
	at java.base/sun.nio.fs.WindowsPath.parse(WindowsPath.java:92)
	at java.base/sun.nio.fs.WindowsFileSystem.getPath(WindowsFileSystem.java:232)
	at java.base/java.io.File.toPath(File.java:2387)
	at net.thucydides.core.requirements.RootDirectory.getRelativePathOf(RootDirectory.java:364)
	at net.thucydides.core.requirements.FileSystemRequirementsTagProvider.requirementWithMatchingPath(FileSystemRequirementsTagProvider.java:372)
	at net.thucydides.core.requirements.FileSystemRequirementsTagProvider.getParentRequirementOf(FileSystemRequirementsTagProvider.java:335)
	at net.thucydides.core.requirements.ParentRequirementsProvided.forOutcome(ParentRequirementsProvided.java:26)
	at net.thucydides.core.requirements.BaseRequirementsService.getParentRequirementOf(BaseRequirementsService.java:138)
	at net.thucydides.core.requirements.BaseRequirementsService.getParentRequirementFor(BaseRequirementsService.java:48)
	at net.thucydides.core.reports.html.HtmlAcceptanceTestReporter.addParentRequirmentFieldToContext(HtmlAcceptanceTestReporter.java:196)
	at net.thucydides.core.reports.html.HtmlAcceptanceTestReporter.addTestOutcomeToContext(HtmlAcceptanceTestReporter.java:190)
	at net.thucydides.core.reports.html.HtmlAcceptanceTestReporter.generateReportFor(HtmlAcceptanceTestReporter.java:105)
	at net.thucydides.core.reports.ReportService.generateReportFor(ReportService.java:246)
	at net.thucydides.core.reports.ReportService.lambda$generateReportsFor$0(ReportService.java:184)
	at java.base/java.util.concurrent.Executors$RunnableAdapter.call(Executors.java:539)
	at java.base/java.util.concurrent.FutureTask.run(FutureTask.java:264)
	at java.base/java.util.concurrent.ThreadPoolExecutor.runWorker(ThreadPoolExecutor.java:1136)
	at java.base/java.util.concurrent.ThreadPoolExecutor$Worker.run(ThreadPoolExecutor.java:635)
	at java.base/java.lang.Thread.run(Thread.java:833)

20:13:38.520 [pool-3-thread-1] WARN net.thucydides.core.requirements.RequirementsTagProvider - Failed to load requirements: Illegal char <:> at index 4: file:\C:\Users\LENOVO-PC\OneDrive%20-%20IT-PLN\Dokumen\apenim\Diskusiaza-QE\WEB%20DISKUSIAZA\src\test\resources\web\PageRuangAdmin.feature
java.nio.file.InvalidPathException: Illegal char <:> at index 4: file:\C:\Users\LENOVO-PC\OneDrive%20-%20IT-PLN\Dokumen\apenim\Diskusiaza-QE\WEB%20DISKUSIAZA\src\test\resources\web\PageRuangAdmin.feature
	at java.base/sun.nio.fs.WindowsPathParser.normalize(WindowsPathParser.java:182)
	at java.base/sun.nio.fs.WindowsPathParser.parse(WindowsPathParser.java:153)
	at java.base/sun.nio.fs.WindowsPathParser.parse(WindowsPathParser.java:77)
	at java.base/sun.nio.fs.WindowsPath.parse(WindowsPath.java:92)
	at java.base/sun.nio.fs.WindowsFileSystem.getPath(WindowsFileSystem.java:232)
	at java.base/java.io.File.toPath(File.java:2387)
	at net.thucydides.core.requirements.RootDirectory.getRelativePathOf(RootDirectory.java:364)
	at net.thucydides.core.requirements.FileSystemRequirementsTagProvider.requirementWithMatchingPath(FileSystemRequirementsTagProvider.java:372)
	at net.thucydides.core.requirements.FileSystemRequirementsTagProvider.getParentRequirementOf(FileSystemRequirementsTagProvider.java:335)
	at net.thucydides.core.requirements.ParentRequirementsProvided.forOutcome(ParentRequirementsProvided.java:26)
	at net.thucydides.core.requirements.BaseRequirementsService.getParentRequirementOf(BaseRequirementsService.java:138)
	at net.thucydides.core.requirements.BaseRequirementsService.getAncestorRequirementsFor(BaseRequirementsService.java:78)
	at net.thucydides.core.reports.html.HtmlAcceptanceTestReporter.addBreadcrumbs(HtmlAcceptanceTestReporter.java:226)
	at net.thucydides.core.reports.html.HtmlAcceptanceTestReporter.addParentRequirmentFieldToContext(HtmlAcceptanceTestReporter.java:214)
	at net.thucydides.core.reports.html.HtmlAcceptanceTestReporter.addTestOutcomeToContext(HtmlAcceptanceTestReporter.java:190)
	at net.thucydides.core.reports.html.HtmlAcceptanceTestReporter.generateReportFor(HtmlAcceptanceTestReporter.java:105)
	at net.thucydides.core.reports.ReportService.generateReportFor(ReportService.java:246)
	at net.thucydides.core.reports.ReportService.lambda$generateReportsFor$0(ReportService.java:184)
	at java.base/java.util.concurrent.Executors$RunnableAdapter.call(Executors.java:539)
	at java.base/java.util.concurrent.FutureTask.run(FutureTask.java:264)
	at java.base/java.util.concurrent.ThreadPoolExecutor.runWorker(ThreadPoolExecutor.java:1136)
	at java.base/java.util.concurrent.ThreadPoolExecutor$Worker.run(ThreadPoolExecutor.java:635)
	at java.base/java.lang.Thread.run(Thread.java:833)

20:13:38.520 [pool-3-thread-1] WARN net.thucydides.core.requirements.RequirementsTagProvider - Failed to load requirements: Illegal char <:> at index 4: file:\C:\Users\LENOVO-PC\OneDrive%20-%20IT-PLN\Dokumen\apenim\Diskusiaza-QE\WEB%20DISKUSIAZA\src\test\resources\web\PageRuangAdmin.feature
java.nio.file.InvalidPathException: Illegal char <:> at index 4: file:\C:\Users\LENOVO-PC\OneDrive%20-%20IT-PLN\Dokumen\apenim\Diskusiaza-QE\WEB%20DISKUSIAZA\src\test\resources\web\PageRuangAdmin.feature
	at java.base/sun.nio.fs.WindowsPathParser.normalize(WindowsPathParser.java:182)
	at java.base/sun.nio.fs.WindowsPathParser.parse(WindowsPathParser.java:153)
	at java.base/sun.nio.fs.WindowsPathParser.parse(WindowsPathParser.java:77)
	at java.base/sun.nio.fs.WindowsPath.parse(WindowsPath.java:92)
	at java.base/sun.nio.fs.WindowsFileSystem.getPath(WindowsFileSystem.java:232)
	at java.base/java.io.File.toPath(File.java:2387)
	at net.thucydides.core.requirements.RootDirectory.getRelativePathOf(RootDirectory.java:364)
	at net.thucydides.core.requirements.FileSystemRequirementsTagProvider.requirementWithMatchingPath(FileSystemRequirementsTagProvider.java:372)
	at net.thucydides.core.requirements.FileSystemRequirementsTagProvider.getParentRequirementOf(FileSystemRequirementsTagProvider.java:335)
	at net.thucydides.core.requirements.ParentRequirementsProvided.forOutcome(ParentRequirementsProvided.java:26)
	at net.thucydides.core.requirements.BaseRequirementsService.getParentRequirementOf(BaseRequirementsService.java:138)
	at net.thucydides.core.requirements.BaseRequirementsService.getAncestorRequirementsFor(BaseRequirementsService.java:78)
	at net.thucydides.core.tags.BreadcrumbTagFilter.getRequirementBreadcrumbsFrom(BreadcrumbTagFilter.java:51)
	at net.thucydides.core.reports.html.HtmlAcceptanceTestReporter.addBreadcrumbs(HtmlAcceptanceTestReporter.java:227)
	at net.thucydides.core.reports.html.HtmlAcceptanceTestReporter.addParentRequirmentFieldToContext(HtmlAcceptanceTestReporter.java:214)
	at net.thucydides.core.reports.html.HtmlAcceptanceTestReporter.addTestOutcomeToContext(HtmlAcceptanceTestReporter.java:190)
	at net.thucydides.core.reports.html.HtmlAcceptanceTestReporter.generateReportFor(HtmlAcceptanceTestReporter.java:105)
	at net.thucydides.core.reports.ReportService.generateReportFor(ReportService.java:246)
	at net.thucydides.core.reports.ReportService.lambda$generateReportsFor$0(ReportService.java:184)
	at java.base/java.util.concurrent.Executors$RunnableAdapter.call(Executors.java:539)
	at java.base/java.util.concurrent.FutureTask.run(FutureTask.java:264)
	at java.base/java.util.concurrent.ThreadPoolExecutor.runWorker(ThreadPoolExecutor.java:1136)
	at java.base/java.util.concurrent.ThreadPoolExecutor$Worker.run(ThreadPoolExecutor.java:635)
	at java.base/java.lang.Thread.run(Thread.java:833)

20:13:38.520 [pool-3-thread-1] DEBUG serenity.reporting - Generating report in 62ba2552a6d03a26d179ad5a9fa937b1602c072e8991488eff664f125ca67d78.html

20:13:38.525 [pool-3-thread-1] DEBUG serenity.reporting - Generated report 62ba2552a6d03a26d179ad5a9fa937b1602c072e8991488eff664f125ca67d78.html in 5 ms

20:13:38.525 [pool-3-thread-1] DEBUG net.thucydides.core.reports.ReportService - Processing test outcome user on page ruang admin:User membuat ruang done

20:13:38.525 [pool-3-thread-1] DEBUG net.thucydides.core.reports.ReportService - Processing test outcome user on page ruang moderator:Moderator membuka ruang

20:13:38.525 [pool-3-thread-1] INFO net.thucydides.core.reports.ReportService - net.thucydides.core.reports.html.HtmlAcceptanceTestReporter@3e2432c2: Generating report for test outcome: user on page ruang moderator:Moderator membuka ruang

20:13:38.531 [pool-3-thread-1] WARN net.thucydides.core.requirements.RequirementsTagProvider - Failed to load requirements: Illegal char <:> at index 4: file:\C:\Users\LENOVO-PC\OneDrive%20-%20IT-PLN\Dokumen\apenim\Diskusiaza-QE\WEB%20DISKUSIAZA\src\test\resources\web\PageRuangModerator.feature
java.nio.file.InvalidPathException: Illegal char <:> at index 4: file:\C:\Users\LENOVO-PC\OneDrive%20-%20IT-PLN\Dokumen\apenim\Diskusiaza-QE\WEB%20DISKUSIAZA\src\test\resources\web\PageRuangModerator.feature
	at java.base/sun.nio.fs.WindowsPathParser.normalize(WindowsPathParser.java:182)
	at java.base/sun.nio.fs.WindowsPathParser.parse(WindowsPathParser.java:153)
	at java.base/sun.nio.fs.WindowsPathParser.parse(WindowsPathParser.java:77)
	at java.base/sun.nio.fs.WindowsPath.parse(WindowsPath.java:92)
	at java.base/sun.nio.fs.WindowsFileSystem.getPath(WindowsFileSystem.java:232)
	at java.base/java.io.File.toPath(File.java:2387)
	at net.thucydides.core.requirements.RootDirectory.getRelativePathOf(RootDirectory.java:364)
	at net.thucydides.core.requirements.FileSystemRequirementsTagProvider.requirementWithMatchingPath(FileSystemRequirementsTagProvider.java:372)
	at net.thucydides.core.requirements.FileSystemRequirementsTagProvider.getParentRequirementOf(FileSystemRequirementsTagProvider.java:335)
	at net.thucydides.core.requirements.ParentRequirementsProvided.forOutcome(ParentRequirementsProvided.java:26)
	at net.thucydides.core.requirements.BaseRequirementsService.getParentRequirementOf(BaseRequirementsService.java:138)
	at net.thucydides.core.requirements.BaseRequirementsService.getParentRequirementFor(BaseRequirementsService.java:48)
	at net.thucydides.core.reports.html.HtmlAcceptanceTestReporter.addParentRequirmentFieldToContext(HtmlAcceptanceTestReporter.java:196)
	at net.thucydides.core.reports.html.HtmlAcceptanceTestReporter.addTestOutcomeToContext(HtmlAcceptanceTestReporter.java:190)
	at net.thucydides.core.reports.html.HtmlAcceptanceTestReporter.generateReportFor(HtmlAcceptanceTestReporter.java:105)
	at net.thucydides.core.reports.ReportService.generateReportFor(ReportService.java:246)
	at net.thucydides.core.reports.ReportService.lambda$generateReportsFor$0(ReportService.java:184)
	at java.base/java.util.concurrent.Executors$RunnableAdapter.call(Executors.java:539)
	at java.base/java.util.concurrent.FutureTask.run(FutureTask.java:264)
	at java.base/java.util.concurrent.ThreadPoolExecutor.runWorker(ThreadPoolExecutor.java:1136)
	at java.base/java.util.concurrent.ThreadPoolExecutor$Worker.run(ThreadPoolExecutor.java:635)
	at java.base/java.lang.Thread.run(Thread.java:833)

20:13:38.531 [pool-3-thread-1] WARN net.thucydides.core.requirements.RequirementsTagProvider - Failed to load requirements: Illegal char <:> at index 4: file:\C:\Users\LENOVO-PC\OneDrive%20-%20IT-PLN\Dokumen\apenim\Diskusiaza-QE\WEB%20DISKUSIAZA\src\test\resources\web\PageRuangModerator.feature
java.nio.file.InvalidPathException: Illegal char <:> at index 4: file:\C:\Users\LENOVO-PC\OneDrive%20-%20IT-PLN\Dokumen\apenim\Diskusiaza-QE\WEB%20DISKUSIAZA\src\test\resources\web\PageRuangModerator.feature
	at java.base/sun.nio.fs.WindowsPathParser.normalize(WindowsPathParser.java:182)
	at java.base/sun.nio.fs.WindowsPathParser.parse(WindowsPathParser.java:153)
	at java.base/sun.nio.fs.WindowsPathParser.parse(WindowsPathParser.java:77)
	at java.base/sun.nio.fs.WindowsPath.parse(WindowsPath.java:92)
	at java.base/sun.nio.fs.WindowsFileSystem.getPath(WindowsFileSystem.java:232)
	at java.base/java.io.File.toPath(File.java:2387)
	at net.thucydides.core.requirements.RootDirectory.getRelativePathOf(RootDirectory.java:364)
	at net.thucydides.core.requirements.FileSystemRequirementsTagProvider.requirementWithMatchingPath(FileSystemRequirementsTagProvider.java:372)
	at net.thucydides.core.requirements.FileSystemRequirementsTagProvider.getParentRequirementOf(FileSystemRequirementsTagProvider.java:335)
	at net.thucydides.core.requirements.ParentRequirementsProvided.forOutcome(ParentRequirementsProvided.java:26)
	at net.thucydides.core.requirements.BaseRequirementsService.getParentRequirementOf(BaseRequirementsService.java:138)
	at net.thucydides.core.requirements.BaseRequirementsService.getAncestorRequirementsFor(BaseRequirementsService.java:78)
	at net.thucydides.core.reports.html.HtmlAcceptanceTestReporter.addBreadcrumbs(HtmlAcceptanceTestReporter.java:226)
	at net.thucydides.core.reports.html.HtmlAcceptanceTestReporter.addParentRequirmentFieldToContext(HtmlAcceptanceTestReporter.java:214)
	at net.thucydides.core.reports.html.HtmlAcceptanceTestReporter.addTestOutcomeToContext(HtmlAcceptanceTestReporter.java:190)
	at net.thucydides.core.reports.html.HtmlAcceptanceTestReporter.generateReportFor(HtmlAcceptanceTestReporter.java:105)
	at net.thucydides.core.reports.ReportService.generateReportFor(ReportService.java:246)
	at net.thucydides.core.reports.ReportService.lambda$generateReportsFor$0(ReportService.java:184)
	at java.base/java.util.concurrent.Executors$RunnableAdapter.call(Executors.java:539)
	at java.base/java.util.concurrent.FutureTask.run(FutureTask.java:264)
	at java.base/java.util.concurrent.ThreadPoolExecutor.runWorker(ThreadPoolExecutor.java:1136)
	at java.base/java.util.concurrent.ThreadPoolExecutor$Worker.run(ThreadPoolExecutor.java:635)
	at java.base/java.lang.Thread.run(Thread.java:833)

20:13:38.531 [pool-3-thread-1] WARN net.thucydides.core.requirements.RequirementsTagProvider - Failed to load requirements: Illegal char <:> at index 4: file:\C:\Users\LENOVO-PC\OneDrive%20-%20IT-PLN\Dokumen\apenim\Diskusiaza-QE\WEB%20DISKUSIAZA\src\test\resources\web\PageRuangModerator.feature
java.nio.file.InvalidPathException: Illegal char <:> at index 4: file:\C:\Users\LENOVO-PC\OneDrive%20-%20IT-PLN\Dokumen\apenim\Diskusiaza-QE\WEB%20DISKUSIAZA\src\test\resources\web\PageRuangModerator.feature
	at java.base/sun.nio.fs.WindowsPathParser.normalize(WindowsPathParser.java:182)
	at java.base/sun.nio.fs.WindowsPathParser.parse(WindowsPathParser.java:153)
	at java.base/sun.nio.fs.WindowsPathParser.parse(WindowsPathParser.java:77)
	at java.base/sun.nio.fs.WindowsPath.parse(WindowsPath.java:92)
	at java.base/sun.nio.fs.WindowsFileSystem.getPath(WindowsFileSystem.java:232)
	at java.base/java.io.File.toPath(File.java:2387)
	at net.thucydides.core.requirements.RootDirectory.getRelativePathOf(RootDirectory.java:364)
	at net.thucydides.core.requirements.FileSystemRequirementsTagProvider.requirementWithMatchingPath(FileSystemRequirementsTagProvider.java:372)
	at net.thucydides.core.requirements.FileSystemRequirementsTagProvider.getParentRequirementOf(FileSystemRequirementsTagProvider.java:335)
	at net.thucydides.core.requirements.ParentRequirementsProvided.forOutcome(ParentRequirementsProvided.java:26)
	at net.thucydides.core.requirements.BaseRequirementsService.getParentRequirementOf(BaseRequirementsService.java:138)
	at net.thucydides.core.requirements.BaseRequirementsService.getAncestorRequirementsFor(BaseRequirementsService.java:78)
	at net.thucydides.core.tags.BreadcrumbTagFilter.getRequirementBreadcrumbsFrom(BreadcrumbTagFilter.java:51)
	at net.thucydides.core.reports.html.HtmlAcceptanceTestReporter.addBreadcrumbs(HtmlAcceptanceTestReporter.java:227)
	at net.thucydides.core.reports.html.HtmlAcceptanceTestReporter.addParentRequirmentFieldToContext(HtmlAcceptanceTestReporter.java:214)
	at net.thucydides.core.reports.html.HtmlAcceptanceTestReporter.addTestOutcomeToContext(HtmlAcceptanceTestReporter.java:190)
	at net.thucydides.core.reports.html.HtmlAcceptanceTestReporter.generateReportFor(HtmlAcceptanceTestReporter.java:105)
	at net.thucydides.core.reports.ReportService.generateReportFor(ReportService.java:246)
	at net.thucydides.core.reports.ReportService.lambda$generateReportsFor$0(ReportService.java:184)
	at java.base/java.util.concurrent.Executors$RunnableAdapter.call(Executors.java:539)
	at java.base/java.util.concurrent.FutureTask.run(FutureTask.java:264)
	at java.base/java.util.concurrent.ThreadPoolExecutor.runWorker(ThreadPoolExecutor.java:1136)
	at java.base/java.util.concurrent.ThreadPoolExecutor$Worker.run(ThreadPoolExecutor.java:635)
	at java.base/java.lang.Thread.run(Thread.java:833)

20:13:38.531 [pool-3-thread-1] DEBUG serenity.reporting - Generating report in 0aa7c5a3ae5d3ea7641cdaaa0700dc6b3abd668b92a10edf0f629a10b543a1f1.html

20:13:38.536 [pool-3-thread-1] DEBUG serenity.reporting - Generated report 0aa7c5a3ae5d3ea7641cdaaa0700dc6b3abd668b92a10edf0f629a10b543a1f1.html in 5 ms

20:13:38.536 [pool-3-thread-1] DEBUG net.thucydides.core.reports.ReportService - Processing test outcome user on page ruang moderator:Moderator membuka ruang done

20:13:38.536 [pool-3-thread-1] DEBUG net.thucydides.core.reports.ReportService - Processing test outcome user on page ruang user:user membuka salah satu ruang

20:13:38.536 [pool-3-thread-1] INFO net.thucydides.core.reports.ReportService - net.thucydides.core.reports.html.HtmlAcceptanceTestReporter@3e2432c2: Generating report for test outcome: user on page ruang user:user membuka salah satu ruang

20:13:38.536 [pool-3-thread-1] WARN net.thucydides.core.requirements.RequirementsTagProvider - Failed to load requirements: Illegal char <:> at index 4: file:\C:\Users\LENOVO-PC\OneDrive%20-%20IT-PLN\Dokumen\apenim\Diskusiaza-QE\WEB%20DISKUSIAZA\src\test\resources\web\PageRuangUser.feature
java.nio.file.InvalidPathException: Illegal char <:> at index 4: file:\C:\Users\LENOVO-PC\OneDrive%20-%20IT-PLN\Dokumen\apenim\Diskusiaza-QE\WEB%20DISKUSIAZA\src\test\resources\web\PageRuangUser.feature
	at java.base/sun.nio.fs.WindowsPathParser.normalize(WindowsPathParser.java:182)
	at java.base/sun.nio.fs.WindowsPathParser.parse(WindowsPathParser.java:153)
	at java.base/sun.nio.fs.WindowsPathParser.parse(WindowsPathParser.java:77)
	at java.base/sun.nio.fs.WindowsPath.parse(WindowsPath.java:92)
	at java.base/sun.nio.fs.WindowsFileSystem.getPath(WindowsFileSystem.java:232)
	at java.base/java.io.File.toPath(File.java:2387)
	at net.thucydides.core.requirements.RootDirectory.getRelativePathOf(RootDirectory.java:364)
	at net.thucydides.core.requirements.FileSystemRequirementsTagProvider.requirementWithMatchingPath(FileSystemRequirementsTagProvider.java:372)
	at net.thucydides.core.requirements.FileSystemRequirementsTagProvider.getParentRequirementOf(FileSystemRequirementsTagProvider.java:335)
	at net.thucydides.core.requirements.ParentRequirementsProvided.forOutcome(ParentRequirementsProvided.java:26)
	at net.thucydides.core.requirements.BaseRequirementsService.getParentRequirementOf(BaseRequirementsService.java:138)
	at net.thucydides.core.requirements.BaseRequirementsService.getParentRequirementFor(BaseRequirementsService.java:48)
	at net.thucydides.core.reports.html.HtmlAcceptanceTestReporter.addParentRequirmentFieldToContext(HtmlAcceptanceTestReporter.java:196)
	at net.thucydides.core.reports.html.HtmlAcceptanceTestReporter.addTestOutcomeToContext(HtmlAcceptanceTestReporter.java:190)
	at net.thucydides.core.reports.html.HtmlAcceptanceTestReporter.generateReportFor(HtmlAcceptanceTestReporter.java:105)
	at net.thucydides.core.reports.ReportService.generateReportFor(ReportService.java:246)
	at net.thucydides.core.reports.ReportService.lambda$generateReportsFor$0(ReportService.java:184)
	at java.base/java.util.concurrent.Executors$RunnableAdapter.call(Executors.java:539)
	at java.base/java.util.concurrent.FutureTask.run(FutureTask.java:264)
	at java.base/java.util.concurrent.ThreadPoolExecutor.runWorker(ThreadPoolExecutor.java:1136)
	at java.base/java.util.concurrent.ThreadPoolExecutor$Worker.run(ThreadPoolExecutor.java:635)
	at java.base/java.lang.Thread.run(Thread.java:833)

20:13:38.536 [pool-3-thread-1] WARN net.thucydides.core.requirements.RequirementsTagProvider - Failed to load requirements: Illegal char <:> at index 4: file:\C:\Users\LENOVO-PC\OneDrive%20-%20IT-PLN\Dokumen\apenim\Diskusiaza-QE\WEB%20DISKUSIAZA\src\test\resources\web\PageRuangUser.feature
java.nio.file.InvalidPathException: Illegal char <:> at index 4: file:\C:\Users\LENOVO-PC\OneDrive%20-%20IT-PLN\Dokumen\apenim\Diskusiaza-QE\WEB%20DISKUSIAZA\src\test\resources\web\PageRuangUser.feature
	at java.base/sun.nio.fs.WindowsPathParser.normalize(WindowsPathParser.java:182)
	at java.base/sun.nio.fs.WindowsPathParser.parse(WindowsPathParser.java:153)
	at java.base/sun.nio.fs.WindowsPathParser.parse(WindowsPathParser.java:77)
	at java.base/sun.nio.fs.WindowsPath.parse(WindowsPath.java:92)
	at java.base/sun.nio.fs.WindowsFileSystem.getPath(WindowsFileSystem.java:232)
	at java.base/java.io.File.toPath(File.java:2387)
	at net.thucydides.core.requirements.RootDirectory.getRelativePathOf(RootDirectory.java:364)
	at net.thucydides.core.requirements.FileSystemRequirementsTagProvider.requirementWithMatchingPath(FileSystemRequirementsTagProvider.java:372)
	at net.thucydides.core.requirements.FileSystemRequirementsTagProvider.getParentRequirementOf(FileSystemRequirementsTagProvider.java:335)
	at net.thucydides.core.requirements.ParentRequirementsProvided.forOutcome(ParentRequirementsProvided.java:26)
	at net.thucydides.core.requirements.BaseRequirementsService.getParentRequirementOf(BaseRequirementsService.java:138)
	at net.thucydides.core.requirements.BaseRequirementsService.getAncestorRequirementsFor(BaseRequirementsService.java:78)
	at net.thucydides.core.reports.html.HtmlAcceptanceTestReporter.addBreadcrumbs(HtmlAcceptanceTestReporter.java:226)
	at net.thucydides.core.reports.html.HtmlAcceptanceTestReporter.addParentRequirmentFieldToContext(HtmlAcceptanceTestReporter.java:214)
	at net.thucydides.core.reports.html.HtmlAcceptanceTestReporter.addTestOutcomeToContext(HtmlAcceptanceTestReporter.java:190)
	at net.thucydides.core.reports.html.HtmlAcceptanceTestReporter.generateReportFor(HtmlAcceptanceTestReporter.java:105)
	at net.thucydides.core.reports.ReportService.generateReportFor(ReportService.java:246)
	at net.thucydides.core.reports.ReportService.lambda$generateReportsFor$0(ReportService.java:184)
	at java.base/java.util.concurrent.Executors$RunnableAdapter.call(Executors.java:539)
	at java.base/java.util.concurrent.FutureTask.run(FutureTask.java:264)
	at java.base/java.util.concurrent.ThreadPoolExecutor.runWorker(ThreadPoolExecutor.java:1136)
	at java.base/java.util.concurrent.ThreadPoolExecutor$Worker.run(ThreadPoolExecutor.java:635)
	at java.base/java.lang.Thread.run(Thread.java:833)

20:13:38.536 [pool-3-thread-1] WARN net.thucydides.core.requirements.RequirementsTagProvider - Failed to load requirements: Illegal char <:> at index 4: file:\C:\Users\LENOVO-PC\OneDrive%20-%20IT-PLN\Dokumen\apenim\Diskusiaza-QE\WEB%20DISKUSIAZA\src\test\resources\web\PageRuangUser.feature
java.nio.file.InvalidPathException: Illegal char <:> at index 4: file:\C:\Users\LENOVO-PC\OneDrive%20-%20IT-PLN\Dokumen\apenim\Diskusiaza-QE\WEB%20DISKUSIAZA\src\test\resources\web\PageRuangUser.feature
	at java.base/sun.nio.fs.WindowsPathParser.normalize(WindowsPathParser.java:182)
	at java.base/sun.nio.fs.WindowsPathParser.parse(WindowsPathParser.java:153)
	at java.base/sun.nio.fs.WindowsPathParser.parse(WindowsPathParser.java:77)
	at java.base/sun.nio.fs.WindowsPath.parse(WindowsPath.java:92)
	at java.base/sun.nio.fs.WindowsFileSystem.getPath(WindowsFileSystem.java:232)
	at java.base/java.io.File.toPath(File.java:2387)
	at net.thucydides.core.requirements.RootDirectory.getRelativePathOf(RootDirectory.java:364)
	at net.thucydides.core.requirements.FileSystemRequirementsTagProvider.requirementWithMatchingPath(FileSystemRequirementsTagProvider.java:372)
	at net.thucydides.core.requirements.FileSystemRequirementsTagProvider.getParentRequirementOf(FileSystemRequirementsTagProvider.java:335)
	at net.thucydides.core.requirements.ParentRequirementsProvided.forOutcome(ParentRequirementsProvided.java:26)
	at net.thucydides.core.requirements.BaseRequirementsService.getParentRequirementOf(BaseRequirementsService.java:138)
	at net.thucydides.core.requirements.BaseRequirementsService.getAncestorRequirementsFor(BaseRequirementsService.java:78)
	at net.thucydides.core.tags.BreadcrumbTagFilter.getRequirementBreadcrumbsFrom(BreadcrumbTagFilter.java:51)
	at net.thucydides.core.reports.html.HtmlAcceptanceTestReporter.addBreadcrumbs(HtmlAcceptanceTestReporter.java:227)
	at net.thucydides.core.reports.html.HtmlAcceptanceTestReporter.addParentRequirmentFieldToContext(HtmlAcceptanceTestReporter.java:214)
	at net.thucydides.core.reports.html.HtmlAcceptanceTestReporter.addTestOutcomeToContext(HtmlAcceptanceTestReporter.java:190)
	at net.thucydides.core.reports.html.HtmlAcceptanceTestReporter.generateReportFor(HtmlAcceptanceTestReporter.java:105)
	at net.thucydides.core.reports.ReportService.generateReportFor(ReportService.java:246)
	at net.thucydides.core.reports.ReportService.lambda$generateReportsFor$0(ReportService.java:184)
	at java.base/java.util.concurrent.Executors$RunnableAdapter.call(Executors.java:539)
	at java.base/java.util.concurrent.FutureTask.run(FutureTask.java:264)
	at java.base/java.util.concurrent.ThreadPoolExecutor.runWorker(ThreadPoolExecutor.java:1136)
	at java.base/java.util.concurrent.ThreadPoolExecutor$Worker.run(ThreadPoolExecutor.java:635)
	at java.base/java.lang.Thread.run(Thread.java:833)

20:13:38.536 [pool-3-thread-1] DEBUG serenity.reporting - Generating report in b6922b973e4b97f724a8d0201dc652438c6cd38fead702489b7763c517d1b8b4.html

20:13:38.544 [pool-3-thread-1] DEBUG serenity.reporting - Generated report b6922b973e4b97f724a8d0201dc652438c6cd38fead702489b7763c517d1b8b4.html in 8 ms

20:13:38.544 [pool-3-thread-1] DEBUG net.thucydides.core.reports.ReportService - Processing test outcome user on page ruang user:user membuka salah satu ruang done

20:13:38.544 [pool-3-thread-1] DEBUG net.thucydides.core.reports.ReportService - Processing test outcome user on register page:User input valid data

20:13:38.544 [pool-3-thread-1] INFO net.thucydides.core.reports.ReportService - net.thucydides.core.reports.html.HtmlAcceptanceTestReporter@3e2432c2: Generating report for test outcome: user on register page:User input valid data

20:13:38.544 [pool-3-thread-1] WARN net.thucydides.core.requirements.RequirementsTagProvider - Failed to load requirements: Illegal char <:> at index 4: file:\C:\Users\LENOVO-PC\OneDrive%20-%20IT-PLN\Dokumen\apenim\Diskusiaza-QE\WEB%20DISKUSIAZA\src\test\resources\web\Register.feature
java.nio.file.InvalidPathException: Illegal char <:> at index 4: file:\C:\Users\LENOVO-PC\OneDrive%20-%20IT-PLN\Dokumen\apenim\Diskusiaza-QE\WEB%20DISKUSIAZA\src\test\resources\web\Register.feature
	at java.base/sun.nio.fs.WindowsPathParser.normalize(WindowsPathParser.java:182)
	at java.base/sun.nio.fs.WindowsPathParser.parse(WindowsPathParser.java:153)
	at java.base/sun.nio.fs.WindowsPathParser.parse(WindowsPathParser.java:77)
	at java.base/sun.nio.fs.WindowsPath.parse(WindowsPath.java:92)
	at java.base/sun.nio.fs.WindowsFileSystem.getPath(WindowsFileSystem.java:232)
	at java.base/java.io.File.toPath(File.java:2387)
	at net.thucydides.core.requirements.RootDirectory.getRelativePathOf(RootDirectory.java:364)
	at net.thucydides.core.requirements.FileSystemRequirementsTagProvider.requirementWithMatchingPath(FileSystemRequirementsTagProvider.java:372)
	at net.thucydides.core.requirements.FileSystemRequirementsTagProvider.getParentRequirementOf(FileSystemRequirementsTagProvider.java:335)
	at net.thucydides.core.requirements.ParentRequirementsProvided.forOutcome(ParentRequirementsProvided.java:26)
	at net.thucydides.core.requirements.BaseRequirementsService.getParentRequirementOf(BaseRequirementsService.java:138)
	at net.thucydides.core.requirements.BaseRequirementsService.getParentRequirementFor(BaseRequirementsService.java:48)
	at net.thucydides.core.reports.html.HtmlAcceptanceTestReporter.addParentRequirmentFieldToContext(HtmlAcceptanceTestReporter.java:196)
	at net.thucydides.core.reports.html.HtmlAcceptanceTestReporter.addTestOutcomeToContext(HtmlAcceptanceTestReporter.java:190)
	at net.thucydides.core.reports.html.HtmlAcceptanceTestReporter.generateReportFor(HtmlAcceptanceTestReporter.java:105)
	at net.thucydides.core.reports.ReportService.generateReportFor(ReportService.java:246)
	at net.thucydides.core.reports.ReportService.lambda$generateReportsFor$0(ReportService.java:184)
	at java.base/java.util.concurrent.Executors$RunnableAdapter.call(Executors.java:539)
	at java.base/java.util.concurrent.FutureTask.run(FutureTask.java:264)
	at java.base/java.util.concurrent.ThreadPoolExecutor.runWorker(ThreadPoolExecutor.java:1136)
	at java.base/java.util.concurrent.ThreadPoolExecutor$Worker.run(ThreadPoolExecutor.java:635)
	at java.base/java.lang.Thread.run(Thread.java:833)

20:13:38.544 [pool-3-thread-1] WARN net.thucydides.core.requirements.RequirementsTagProvider - Failed to load requirements: Illegal char <:> at index 4: file:\C:\Users\LENOVO-PC\OneDrive%20-%20IT-PLN\Dokumen\apenim\Diskusiaza-QE\WEB%20DISKUSIAZA\src\test\resources\web\Register.feature
java.nio.file.InvalidPathException: Illegal char <:> at index 4: file:\C:\Users\LENOVO-PC\OneDrive%20-%20IT-PLN\Dokumen\apenim\Diskusiaza-QE\WEB%20DISKUSIAZA\src\test\resources\web\Register.feature
	at java.base/sun.nio.fs.WindowsPathParser.normalize(WindowsPathParser.java:182)
	at java.base/sun.nio.fs.WindowsPathParser.parse(WindowsPathParser.java:153)
	at java.base/sun.nio.fs.WindowsPathParser.parse(WindowsPathParser.java:77)
	at java.base/sun.nio.fs.WindowsPath.parse(WindowsPath.java:92)
	at java.base/sun.nio.fs.WindowsFileSystem.getPath(WindowsFileSystem.java:232)
	at java.base/java.io.File.toPath(File.java:2387)
	at net.thucydides.core.requirements.RootDirectory.getRelativePathOf(RootDirectory.java:364)
	at net.thucydides.core.requirements.FileSystemRequirementsTagProvider.requirementWithMatchingPath(FileSystemRequirementsTagProvider.java:372)
	at net.thucydides.core.requirements.FileSystemRequirementsTagProvider.getParentRequirementOf(FileSystemRequirementsTagProvider.java:335)
	at net.thucydides.core.requirements.ParentRequirementsProvided.forOutcome(ParentRequirementsProvided.java:26)
	at net.thucydides.core.requirements.BaseRequirementsService.getParentRequirementOf(BaseRequirementsService.java:138)
	at net.thucydides.core.requirements.BaseRequirementsService.getAncestorRequirementsFor(BaseRequirementsService.java:78)
	at net.thucydides.core.reports.html.HtmlAcceptanceTestReporter.addBreadcrumbs(HtmlAcceptanceTestReporter.java:226)
	at net.thucydides.core.reports.html.HtmlAcceptanceTestReporter.addParentRequirmentFieldToContext(HtmlAcceptanceTestReporter.java:214)
	at net.thucydides.core.reports.html.HtmlAcceptanceTestReporter.addTestOutcomeToContext(HtmlAcceptanceTestReporter.java:190)
	at net.thucydides.core.reports.html.HtmlAcceptanceTestReporter.generateReportFor(HtmlAcceptanceTestReporter.java:105)
	at net.thucydides.core.reports.ReportService.generateReportFor(ReportService.java:246)
	at net.thucydides.core.reports.ReportService.lambda$generateReportsFor$0(ReportService.java:184)
	at java.base/java.util.concurrent.Executors$RunnableAdapter.call(Executors.java:539)
	at java.base/java.util.concurrent.FutureTask.run(FutureTask.java:264)
	at java.base/java.util.concurrent.ThreadPoolExecutor.runWorker(ThreadPoolExecutor.java:1136)
	at java.base/java.util.concurrent.ThreadPoolExecutor$Worker.run(ThreadPoolExecutor.java:635)
	at java.base/java.lang.Thread.run(Thread.java:833)

20:13:38.544 [pool-3-thread-1] WARN net.thucydides.core.requirements.RequirementsTagProvider - Failed to load requirements: Illegal char <:> at index 4: file:\C:\Users\LENOVO-PC\OneDrive%20-%20IT-PLN\Dokumen\apenim\Diskusiaza-QE\WEB%20DISKUSIAZA\src\test\resources\web\Register.feature
java.nio.file.InvalidPathException: Illegal char <:> at index 4: file:\C:\Users\LENOVO-PC\OneDrive%20-%20IT-PLN\Dokumen\apenim\Diskusiaza-QE\WEB%20DISKUSIAZA\src\test\resources\web\Register.feature
	at java.base/sun.nio.fs.WindowsPathParser.normalize(WindowsPathParser.java:182)
	at java.base/sun.nio.fs.WindowsPathParser.parse(WindowsPathParser.java:153)
	at java.base/sun.nio.fs.WindowsPathParser.parse(WindowsPathParser.java:77)
	at java.base/sun.nio.fs.WindowsPath.parse(WindowsPath.java:92)
	at java.base/sun.nio.fs.WindowsFileSystem.getPath(WindowsFileSystem.java:232)
	at java.base/java.io.File.toPath(File.java:2387)
	at net.thucydides.core.requirements.RootDirectory.getRelativePathOf(RootDirectory.java:364)
	at net.thucydides.core.requirements.FileSystemRequirementsTagProvider.requirementWithMatchingPath(FileSystemRequirementsTagProvider.java:372)
	at net.thucydides.core.requirements.FileSystemRequirementsTagProvider.getParentRequirementOf(FileSystemRequirementsTagProvider.java:335)
	at net.thucydides.core.requirements.ParentRequirementsProvided.forOutcome(ParentRequirementsProvided.java:26)
	at net.thucydides.core.requirements.BaseRequirementsService.getParentRequirementOf(BaseRequirementsService.java:138)
	at net.thucydides.core.requirements.BaseRequirementsService.getAncestorRequirementsFor(BaseRequirementsService.java:78)
	at net.thucydides.core.tags.BreadcrumbTagFilter.getRequirementBreadcrumbsFrom(BreadcrumbTagFilter.java:51)
	at net.thucydides.core.reports.html.HtmlAcceptanceTestReporter.addBreadcrumbs(HtmlAcceptanceTestReporter.java:227)
	at net.thucydides.core.reports.html.HtmlAcceptanceTestReporter.addParentRequirmentFieldToContext(HtmlAcceptanceTestReporter.java:214)
	at net.thucydides.core.reports.html.HtmlAcceptanceTestReporter.addTestOutcomeToContext(HtmlAcceptanceTestReporter.java:190)
	at net.thucydides.core.reports.html.HtmlAcceptanceTestReporter.generateReportFor(HtmlAcceptanceTestReporter.java:105)
	at net.thucydides.core.reports.ReportService.generateReportFor(ReportService.java:246)
	at net.thucydides.core.reports.ReportService.lambda$generateReportsFor$0(ReportService.java:184)
	at java.base/java.util.concurrent.Executors$RunnableAdapter.call(Executors.java:539)
	at java.base/java.util.concurrent.FutureTask.run(FutureTask.java:264)
	at java.base/java.util.concurrent.ThreadPoolExecutor.runWorker(ThreadPoolExecutor.java:1136)
	at java.base/java.util.concurrent.ThreadPoolExecutor$Worker.run(ThreadPoolExecutor.java:635)
	at java.base/java.lang.Thread.run(Thread.java:833)

20:13:38.546 [pool-3-thread-1] WARN net.thucydides.core.requirements.RequirementsTagProvider - Failed to load requirements: Illegal char <:> at index 4: file:\C:\Users\LENOVO-PC\OneDrive%20-%20IT-PLN\Dokumen\apenim\Diskusiaza-QE\WEB%20DISKUSIAZA\src\test\resources\web\Register.feature
java.nio.file.InvalidPathException: Illegal char <:> at index 4: file:\C:\Users\LENOVO-PC\OneDrive%20-%20IT-PLN\Dokumen\apenim\Diskusiaza-QE\WEB%20DISKUSIAZA\src\test\resources\web\Register.feature
	at java.base/sun.nio.fs.WindowsPathParser.normalize(WindowsPathParser.java:182)
	at java.base/sun.nio.fs.WindowsPathParser.parse(WindowsPathParser.java:153)
	at java.base/sun.nio.fs.WindowsPathParser.parse(WindowsPathParser.java:77)
	at java.base/sun.nio.fs.WindowsPath.parse(WindowsPath.java:92)
	at java.base/sun.nio.fs.WindowsFileSystem.getPath(WindowsFileSystem.java:232)
	at java.base/java.io.File.toPath(File.java:2387)
	at net.thucydides.core.requirements.RootDirectory.getRelativePathOf(RootDirectory.java:364)
	at net.thucydides.core.requirements.FileSystemRequirementsTagProvider.requirementWithMatchingPath(FileSystemRequirementsTagProvider.java:372)
	at net.thucydides.core.requirements.FileSystemRequirementsTagProvider.getParentRequirementOf(FileSystemRequirementsTagProvider.java:335)
	at net.thucydides.core.requirements.ParentRequirementsProvided.forOutcome(ParentRequirementsProvided.java:26)
	at net.thucydides.core.requirements.BaseRequirementsService.getParentRequirementOf(BaseRequirementsService.java:138)
	at net.thucydides.core.requirements.BaseRequirementsService.getParentRequirementFor(BaseRequirementsService.java:48)
	at net.thucydides.core.reports.html.HtmlAcceptanceTestReporter.addParentRequirmentFieldToContext(HtmlAcceptanceTestReporter.java:196)
	at net.thucydides.core.reports.html.HtmlAcceptanceTestReporter.addTestOutcomeToContext(HtmlAcceptanceTestReporter.java:190)
	at net.thucydides.core.reports.html.HtmlAcceptanceTestReporter.generateScreenshotReportsFor(HtmlAcceptanceTestReporter.java:254)
	at net.thucydides.core.reports.html.HtmlAcceptanceTestReporter.generateReportFor(HtmlAcceptanceTestReporter.java:108)
	at net.thucydides.core.reports.ReportService.generateReportFor(ReportService.java:246)
	at net.thucydides.core.reports.ReportService.lambda$generateReportsFor$0(ReportService.java:184)
	at java.base/java.util.concurrent.Executors$RunnableAdapter.call(Executors.java:539)
	at java.base/java.util.concurrent.FutureTask.run(FutureTask.java:264)
	at java.base/java.util.concurrent.ThreadPoolExecutor.runWorker(ThreadPoolExecutor.java:1136)
	at java.base/java.util.concurrent.ThreadPoolExecutor$Worker.run(ThreadPoolExecutor.java:635)
	at java.base/java.lang.Thread.run(Thread.java:833)

20:13:38.546 [pool-3-thread-1] WARN net.thucydides.core.requirements.RequirementsTagProvider - Failed to load requirements: Illegal char <:> at index 4: file:\C:\Users\LENOVO-PC\OneDrive%20-%20IT-PLN\Dokumen\apenim\Diskusiaza-QE\WEB%20DISKUSIAZA\src\test\resources\web\Register.feature
java.nio.file.InvalidPathException: Illegal char <:> at index 4: file:\C:\Users\LENOVO-PC\OneDrive%20-%20IT-PLN\Dokumen\apenim\Diskusiaza-QE\WEB%20DISKUSIAZA\src\test\resources\web\Register.feature
	at java.base/sun.nio.fs.WindowsPathParser.normalize(WindowsPathParser.java:182)
	at java.base/sun.nio.fs.WindowsPathParser.parse(WindowsPathParser.java:153)
	at java.base/sun.nio.fs.WindowsPathParser.parse(WindowsPathParser.java:77)
	at java.base/sun.nio.fs.WindowsPath.parse(WindowsPath.java:92)
	at java.base/sun.nio.fs.WindowsFileSystem.getPath(WindowsFileSystem.java:232)
	at java.base/java.io.File.toPath(File.java:2387)
	at net.thucydides.core.requirements.RootDirectory.getRelativePathOf(RootDirectory.java:364)
	at net.thucydides.core.requirements.FileSystemRequirementsTagProvider.requirementWithMatchingPath(FileSystemRequirementsTagProvider.java:372)
	at net.thucydides.core.requirements.FileSystemRequirementsTagProvider.getParentRequirementOf(FileSystemRequirementsTagProvider.java:335)
	at net.thucydides.core.requirements.ParentRequirementsProvided.forOutcome(ParentRequirementsProvided.java:26)
	at net.thucydides.core.requirements.BaseRequirementsService.getParentRequirementOf(BaseRequirementsService.java:138)
	at net.thucydides.core.requirements.BaseRequirementsService.getAncestorRequirementsFor(BaseRequirementsService.java:78)
	at net.thucydides.core.reports.html.HtmlAcceptanceTestReporter.addBreadcrumbs(HtmlAcceptanceTestReporter.java:226)
	at net.thucydides.core.reports.html.HtmlAcceptanceTestReporter.addParentRequirmentFieldToContext(HtmlAcceptanceTestReporter.java:214)
	at net.thucydides.core.reports.html.HtmlAcceptanceTestReporter.addTestOutcomeToContext(HtmlAcceptanceTestReporter.java:190)
	at net.thucydides.core.reports.html.HtmlAcceptanceTestReporter.generateScreenshotReportsFor(HtmlAcceptanceTestReporter.java:254)
	at net.thucydides.core.reports.html.HtmlAcceptanceTestReporter.generateReportFor(HtmlAcceptanceTestReporter.java:108)
	at net.thucydides.core.reports.ReportService.generateReportFor(ReportService.java:246)
	at net.thucydides.core.reports.ReportService.lambda$generateReportsFor$0(ReportService.java:184)
	at java.base/java.util.concurrent.Executors$RunnableAdapter.call(Executors.java:539)
	at java.base/java.util.concurrent.FutureTask.run(FutureTask.java:264)
	at java.base/java.util.concurrent.ThreadPoolExecutor.runWorker(ThreadPoolExecutor.java:1136)
	at java.base/java.util.concurrent.ThreadPoolExecutor$Worker.run(ThreadPoolExecutor.java:635)
	at java.base/java.lang.Thread.run(Thread.java:833)

20:13:38.546 [pool-3-thread-1] WARN net.thucydides.core.requirements.RequirementsTagProvider - Failed to load requirements: Illegal char <:> at index 4: file:\C:\Users\LENOVO-PC\OneDrive%20-%20IT-PLN\Dokumen\apenim\Diskusiaza-QE\WEB%20DISKUSIAZA\src\test\resources\web\Register.feature
java.nio.file.InvalidPathException: Illegal char <:> at index 4: file:\C:\Users\LENOVO-PC\OneDrive%20-%20IT-PLN\Dokumen\apenim\Diskusiaza-QE\WEB%20DISKUSIAZA\src\test\resources\web\Register.feature
	at java.base/sun.nio.fs.WindowsPathParser.normalize(WindowsPathParser.java:182)
	at java.base/sun.nio.fs.WindowsPathParser.parse(WindowsPathParser.java:153)
	at java.base/sun.nio.fs.WindowsPathParser.parse(WindowsPathParser.java:77)
	at java.base/sun.nio.fs.WindowsPath.parse(WindowsPath.java:92)
	at java.base/sun.nio.fs.WindowsFileSystem.getPath(WindowsFileSystem.java:232)
	at java.base/java.io.File.toPath(File.java:2387)
	at net.thucydides.core.requirements.RootDirectory.getRelativePathOf(RootDirectory.java:364)
	at net.thucydides.core.requirements.FileSystemRequirementsTagProvider.requirementWithMatchingPath(FileSystemRequirementsTagProvider.java:372)
	at net.thucydides.core.requirements.FileSystemRequirementsTagProvider.getParentRequirementOf(FileSystemRequirementsTagProvider.java:335)
	at net.thucydides.core.requirements.ParentRequirementsProvided.forOutcome(ParentRequirementsProvided.java:26)
	at net.thucydides.core.requirements.BaseRequirementsService.getParentRequirementOf(BaseRequirementsService.java:138)
	at net.thucydides.core.requirements.BaseRequirementsService.getAncestorRequirementsFor(BaseRequirementsService.java:78)
	at net.thucydides.core.tags.BreadcrumbTagFilter.getRequirementBreadcrumbsFrom(BreadcrumbTagFilter.java:51)
	at net.thucydides.core.reports.html.HtmlAcceptanceTestReporter.addBreadcrumbs(HtmlAcceptanceTestReporter.java:227)
	at net.thucydides.core.reports.html.HtmlAcceptanceTestReporter.addParentRequirmentFieldToContext(HtmlAcceptanceTestReporter.java:214)
	at net.thucydides.core.reports.html.HtmlAcceptanceTestReporter.addTestOutcomeToContext(HtmlAcceptanceTestReporter.java:190)
	at net.thucydides.core.reports.html.HtmlAcceptanceTestReporter.generateScreenshotReportsFor(HtmlAcceptanceTestReporter.java:254)
	at net.thucydides.core.reports.html.HtmlAcceptanceTestReporter.generateReportFor(HtmlAcceptanceTestReporter.java:108)
	at net.thucydides.core.reports.ReportService.generateReportFor(ReportService.java:246)
	at net.thucydides.core.reports.ReportService.lambda$generateReportsFor$0(ReportService.java:184)
	at java.base/java.util.concurrent.Executors$RunnableAdapter.call(Executors.java:539)
	at java.base/java.util.concurrent.FutureTask.run(FutureTask.java:264)
	at java.base/java.util.concurrent.ThreadPoolExecutor.runWorker(ThreadPoolExecutor.java:1136)
	at java.base/java.util.concurrent.ThreadPoolExecutor$Worker.run(ThreadPoolExecutor.java:635)
	at java.base/java.lang.Thread.run(Thread.java:833)

20:13:38.558 [pool-3-thread-1] DEBUG serenity.reporting - Generating report in 8fc61d68489e671b97fdd5ac99e512f2e60e08e95a14bca1c40461f30f12f183_screenshots.html

20:13:38.563 [pool-3-thread-1] DEBUG serenity.reporting - Generated report 8fc61d68489e671b97fdd5ac99e512f2e60e08e95a14bca1c40461f30f12f183_screenshots.html in 5 ms

20:13:38.563 [pool-3-thread-1] DEBUG serenity.reporting - Generating report in 8fc61d68489e671b97fdd5ac99e512f2e60e08e95a14bca1c40461f30f12f183.html

20:13:38.575 [pool-3-thread-3] DEBUG serenity.reporting - Generated report e4866abacba6a42c5e9d20910431803dfb52611a1e42f8e5cf90f393e7d29c86_screenshots.html in 109 ms

20:13:38.585 [pool-3-thread-3] DEBUG serenity.reporting - Generating report in e4866abacba6a42c5e9d20910431803dfb52611a1e42f8e5cf90f393e7d29c86.html

20:13:38.617 [pool-3-thread-6] DEBUG serenity.reporting - Generating report in a8816166a65d9df0ea7a683c804b825cd9a24bba04a376b184024cb9f792d147.html

20:13:38.617 [pool-3-thread-2] DEBUG serenity.reporting - Generating report in b153fbece3954b54120338ebe71b63d82b0ea84b4d81b4f5f39333bfeda61e57.html

20:13:38.617 [pool-3-thread-5] DEBUG serenity.reporting - Generated report 4c09e39d7af5dbc23557071ed41e0466aabd0dfd1e48629e40c20fde61a2b665.html in 329 ms

20:13:38.617 [pool-3-thread-5] DEBUG net.thucydides.core.reports.ReportService - Processing test outcome User on landing page:User membuka Jawab done

20:13:38.627 [pool-3-thread-5] DEBUG net.thucydides.core.reports.ReportService - Processing test outcome user on register page:user input email tanpa menggunakan '@'

20:13:38.627 [pool-3-thread-5] INFO net.thucydides.core.reports.ReportService - net.thucydides.core.reports.html.HtmlAcceptanceTestReporter@3e2432c2: Generating report for test outcome: user on register page:user input email tanpa menggunakan '@'

20:13:38.627 [pool-3-thread-5] WARN net.thucydides.core.requirements.RequirementsTagProvider - Failed to load requirements: Illegal char <:> at index 4: file:\C:\Users\LENOVO-PC\OneDrive%20-%20IT-PLN\Dokumen\apenim\Diskusiaza-QE\WEB%20DISKUSIAZA\src\test\resources\web\Register.feature
java.nio.file.InvalidPathException: Illegal char <:> at index 4: file:\C:\Users\LENOVO-PC\OneDrive%20-%20IT-PLN\Dokumen\apenim\Diskusiaza-QE\WEB%20DISKUSIAZA\src\test\resources\web\Register.feature
	at java.base/sun.nio.fs.WindowsPathParser.normalize(WindowsPathParser.java:182)
	at java.base/sun.nio.fs.WindowsPathParser.parse(WindowsPathParser.java:153)
	at java.base/sun.nio.fs.WindowsPathParser.parse(WindowsPathParser.java:77)
	at java.base/sun.nio.fs.WindowsPath.parse(WindowsPath.java:92)
	at java.base/sun.nio.fs.WindowsFileSystem.getPath(WindowsFileSystem.java:232)
	at java.base/java.io.File.toPath(File.java:2387)
	at net.thucydides.core.requirements.RootDirectory.getRelativePathOf(RootDirectory.java:364)
	at net.thucydides.core.requirements.FileSystemRequirementsTagProvider.requirementWithMatchingPath(FileSystemRequirementsTagProvider.java:372)
	at net.thucydides.core.requirements.FileSystemRequirementsTagProvider.getParentRequirementOf(FileSystemRequirementsTagProvider.java:335)
	at net.thucydides.core.requirements.ParentRequirementsProvided.forOutcome(ParentRequirementsProvided.java:26)
	at net.thucydides.core.requirements.BaseRequirementsService.getParentRequirementOf(BaseRequirementsService.java:138)
	at net.thucydides.core.requirements.BaseRequirementsService.getParentRequirementFor(BaseRequirementsService.java:48)
	at net.thucydides.core.reports.html.HtmlAcceptanceTestReporter.addParentRequirmentFieldToContext(HtmlAcceptanceTestReporter.java:196)
	at net.thucydides.core.reports.html.HtmlAcceptanceTestReporter.addTestOutcomeToContext(HtmlAcceptanceTestReporter.java:190)
	at net.thucydides.core.reports.html.HtmlAcceptanceTestReporter.generateReportFor(HtmlAcceptanceTestReporter.java:105)
	at net.thucydides.core.reports.ReportService.generateReportFor(ReportService.java:246)
	at net.thucydides.core.reports.ReportService.lambda$generateReportsFor$0(ReportService.java:184)
	at java.base/java.util.concurrent.Executors$RunnableAdapter.call(Executors.java:539)
	at java.base/java.util.concurrent.FutureTask.run(FutureTask.java:264)
	at java.base/java.util.concurrent.ThreadPoolExecutor.runWorker(ThreadPoolExecutor.java:1136)
	at java.base/java.util.concurrent.ThreadPoolExecutor$Worker.run(ThreadPoolExecutor.java:635)
	at java.base/java.lang.Thread.run(Thread.java:833)

20:13:38.627 [pool-3-thread-5] WARN net.thucydides.core.requirements.RequirementsTagProvider - Failed to load requirements: Illegal char <:> at index 4: file:\C:\Users\LENOVO-PC\OneDrive%20-%20IT-PLN\Dokumen\apenim\Diskusiaza-QE\WEB%20DISKUSIAZA\src\test\resources\web\Register.feature
java.nio.file.InvalidPathException: Illegal char <:> at index 4: file:\C:\Users\LENOVO-PC\OneDrive%20-%20IT-PLN\Dokumen\apenim\Diskusiaza-QE\WEB%20DISKUSIAZA\src\test\resources\web\Register.feature
	at java.base/sun.nio.fs.WindowsPathParser.normalize(WindowsPathParser.java:182)
	at java.base/sun.nio.fs.WindowsPathParser.parse(WindowsPathParser.java:153)
	at java.base/sun.nio.fs.WindowsPathParser.parse(WindowsPathParser.java:77)
	at java.base/sun.nio.fs.WindowsPath.parse(WindowsPath.java:92)
	at java.base/sun.nio.fs.WindowsFileSystem.getPath(WindowsFileSystem.java:232)
	at java.base/java.io.File.toPath(File.java:2387)
	at net.thucydides.core.requirements.RootDirectory.getRelativePathOf(RootDirectory.java:364)
	at net.thucydides.core.requirements.FileSystemRequirementsTagProvider.requirementWithMatchingPath(FileSystemRequirementsTagProvider.java:372)
	at net.thucydides.core.requirements.FileSystemRequirementsTagProvider.getParentRequirementOf(FileSystemRequirementsTagProvider.java:335)
	at net.thucydides.core.requirements.ParentRequirementsProvided.forOutcome(ParentRequirementsProvided.java:26)
	at net.thucydides.core.requirements.BaseRequirementsService.getParentRequirementOf(BaseRequirementsService.java:138)
	at net.thucydides.core.requirements.BaseRequirementsService.getAncestorRequirementsFor(BaseRequirementsService.java:78)
	at net.thucydides.core.reports.html.HtmlAcceptanceTestReporter.addBreadcrumbs(HtmlAcceptanceTestReporter.java:226)
	at net.thucydides.core.reports.html.HtmlAcceptanceTestReporter.addParentRequirmentFieldToContext(HtmlAcceptanceTestReporter.java:214)
	at net.thucydides.core.reports.html.HtmlAcceptanceTestReporter.addTestOutcomeToContext(HtmlAcceptanceTestReporter.java:190)
	at net.thucydides.core.reports.html.HtmlAcceptanceTestReporter.generateReportFor(HtmlAcceptanceTestReporter.java:105)
	at net.thucydides.core.reports.ReportService.generateReportFor(ReportService.java:246)
	at net.thucydides.core.reports.ReportService.lambda$generateReportsFor$0(ReportService.java:184)
	at java.base/java.util.concurrent.Executors$RunnableAdapter.call(Executors.java:539)
	at java.base/java.util.concurrent.FutureTask.run(FutureTask.java:264)
	at java.base/java.util.concurrent.ThreadPoolExecutor.runWorker(ThreadPoolExecutor.java:1136)
	at java.base/java.util.concurrent.ThreadPoolExecutor$Worker.run(ThreadPoolExecutor.java:635)
	at java.base/java.lang.Thread.run(Thread.java:833)

20:13:38.627 [pool-3-thread-5] WARN net.thucydides.core.requirements.RequirementsTagProvider - Failed to load requirements: Illegal char <:> at index 4: file:\C:\Users\LENOVO-PC\OneDrive%20-%20IT-PLN\Dokumen\apenim\Diskusiaza-QE\WEB%20DISKUSIAZA\src\test\resources\web\Register.feature
java.nio.file.InvalidPathException: Illegal char <:> at index 4: file:\C:\Users\LENOVO-PC\OneDrive%20-%20IT-PLN\Dokumen\apenim\Diskusiaza-QE\WEB%20DISKUSIAZA\src\test\resources\web\Register.feature
	at java.base/sun.nio.fs.WindowsPathParser.normalize(WindowsPathParser.java:182)
	at java.base/sun.nio.fs.WindowsPathParser.parse(WindowsPathParser.java:153)
	at java.base/sun.nio.fs.WindowsPathParser.parse(WindowsPathParser.java:77)
	at java.base/sun.nio.fs.WindowsPath.parse(WindowsPath.java:92)
	at java.base/sun.nio.fs.WindowsFileSystem.getPath(WindowsFileSystem.java:232)
	at java.base/java.io.File.toPath(File.java:2387)
	at net.thucydides.core.requirements.RootDirectory.getRelativePathOf(RootDirectory.java:364)
	at net.thucydides.core.requirements.FileSystemRequirementsTagProvider.requirementWithMatchingPath(FileSystemRequirementsTagProvider.java:372)
	at net.thucydides.core.requirements.FileSystemRequirementsTagProvider.getParentRequirementOf(FileSystemRequirementsTagProvider.java:335)
	at net.thucydides.core.requirements.ParentRequirementsProvided.forOutcome(ParentRequirementsProvided.java:26)
	at net.thucydides.core.requirements.BaseRequirementsService.getParentRequirementOf(BaseRequirementsService.java:138)
	at net.thucydides.core.requirements.BaseRequirementsService.getAncestorRequirementsFor(BaseRequirementsService.java:78)
	at net.thucydides.core.tags.BreadcrumbTagFilter.getRequirementBreadcrumbsFrom(BreadcrumbTagFilter.java:51)
	at net.thucydides.core.reports.html.HtmlAcceptanceTestReporter.addBreadcrumbs(HtmlAcceptanceTestReporter.java:227)
	at net.thucydides.core.reports.html.HtmlAcceptanceTestReporter.addParentRequirmentFieldToContext(HtmlAcceptanceTestReporter.java:214)
	at net.thucydides.core.reports.html.HtmlAcceptanceTestReporter.addTestOutcomeToContext(HtmlAcceptanceTestReporter.java:190)
	at net.thucydides.core.reports.html.HtmlAcceptanceTestReporter.generateReportFor(HtmlAcceptanceTestReporter.java:105)
	at net.thucydides.core.reports.ReportService.generateReportFor(ReportService.java:246)
	at net.thucydides.core.reports.ReportService.lambda$generateReportsFor$0(ReportService.java:184)
	at java.base/java.util.concurrent.Executors$RunnableAdapter.call(Executors.java:539)
	at java.base/java.util.concurrent.FutureTask.run(FutureTask.java:264)
	at java.base/java.util.concurrent.ThreadPoolExecutor.runWorker(ThreadPoolExecutor.java:1136)
	at java.base/java.util.concurrent.ThreadPoolExecutor$Worker.run(ThreadPoolExecutor.java:635)
	at java.base/java.lang.Thread.run(Thread.java:833)

20:13:38.653 [pool-3-thread-2] DEBUG serenity.reporting - Generated report b153fbece3954b54120338ebe71b63d82b0ea84b4d81b4f5f39333bfeda61e57.html in 36 ms

20:13:38.653 [pool-3-thread-2] DEBUG net.thucydides.core.reports.ReportService - Processing test outcome User on landing page:User membuka tulis jawaban done

20:13:38.653 [pool-3-thread-2] DEBUG net.thucydides.core.reports.ReportService - Processing test outcome user on register page:user tidak memasukkan email

20:13:38.653 [pool-3-thread-2] INFO net.thucydides.core.reports.ReportService - net.thucydides.core.reports.html.HtmlAcceptanceTestReporter@3e2432c2: Generating report for test outcome: user on register page:user tidak memasukkan email

20:13:38.653 [pool-3-thread-2] WARN net.thucydides.core.requirements.RequirementsTagProvider - Failed to load requirements: Illegal char <:> at index 4: file:\C:\Users\LENOVO-PC\OneDrive%20-%20IT-PLN\Dokumen\apenim\Diskusiaza-QE\WEB%20DISKUSIAZA\src\test\resources\web\Register.feature
java.nio.file.InvalidPathException: Illegal char <:> at index 4: file:\C:\Users\LENOVO-PC\OneDrive%20-%20IT-PLN\Dokumen\apenim\Diskusiaza-QE\WEB%20DISKUSIAZA\src\test\resources\web\Register.feature
	at java.base/sun.nio.fs.WindowsPathParser.normalize(WindowsPathParser.java:182)
	at java.base/sun.nio.fs.WindowsPathParser.parse(WindowsPathParser.java:153)
	at java.base/sun.nio.fs.WindowsPathParser.parse(WindowsPathParser.java:77)
	at java.base/sun.nio.fs.WindowsPath.parse(WindowsPath.java:92)
	at java.base/sun.nio.fs.WindowsFileSystem.getPath(WindowsFileSystem.java:232)
	at java.base/java.io.File.toPath(File.java:2387)
	at net.thucydides.core.requirements.RootDirectory.getRelativePathOf(RootDirectory.java:364)
	at net.thucydides.core.requirements.FileSystemRequirementsTagProvider.requirementWithMatchingPath(FileSystemRequirementsTagProvider.java:372)
	at net.thucydides.core.requirements.FileSystemRequirementsTagProvider.getParentRequirementOf(FileSystemRequirementsTagProvider.java:335)
	at net.thucydides.core.requirements.ParentRequirementsProvided.forOutcome(ParentRequirementsProvided.java:26)
	at net.thucydides.core.requirements.BaseRequirementsService.getParentRequirementOf(BaseRequirementsService.java:138)
	at net.thucydides.core.requirements.BaseRequirementsService.getParentRequirementFor(BaseRequirementsService.java:48)
	at net.thucydides.core.reports.html.HtmlAcceptanceTestReporter.addParentRequirmentFieldToContext(HtmlAcceptanceTestReporter.java:196)
	at net.thucydides.core.reports.html.HtmlAcceptanceTestReporter.addTestOutcomeToContext(HtmlAcceptanceTestReporter.java:190)
	at net.thucydides.core.reports.html.HtmlAcceptanceTestReporter.generateReportFor(HtmlAcceptanceTestReporter.java:105)
	at net.thucydides.core.reports.ReportService.generateReportFor(ReportService.java:246)
	at net.thucydides.core.reports.ReportService.lambda$generateReportsFor$0(ReportService.java:184)
	at java.base/java.util.concurrent.Executors$RunnableAdapter.call(Executors.java:539)
	at java.base/java.util.concurrent.FutureTask.run(FutureTask.java:264)
	at java.base/java.util.concurrent.ThreadPoolExecutor.runWorker(ThreadPoolExecutor.java:1136)
	at java.base/java.util.concurrent.ThreadPoolExecutor$Worker.run(ThreadPoolExecutor.java:635)
	at java.base/java.lang.Thread.run(Thread.java:833)

20:13:38.653 [pool-3-thread-2] WARN net.thucydides.core.requirements.RequirementsTagProvider - Failed to load requirements: Illegal char <:> at index 4: file:\C:\Users\LENOVO-PC\OneDrive%20-%20IT-PLN\Dokumen\apenim\Diskusiaza-QE\WEB%20DISKUSIAZA\src\test\resources\web\Register.feature
java.nio.file.InvalidPathException: Illegal char <:> at index 4: file:\C:\Users\LENOVO-PC\OneDrive%20-%20IT-PLN\Dokumen\apenim\Diskusiaza-QE\WEB%20DISKUSIAZA\src\test\resources\web\Register.feature
	at java.base/sun.nio.fs.WindowsPathParser.normalize(WindowsPathParser.java:182)
	at java.base/sun.nio.fs.WindowsPathParser.parse(WindowsPathParser.java:153)
	at java.base/sun.nio.fs.WindowsPathParser.parse(WindowsPathParser.java:77)
	at java.base/sun.nio.fs.WindowsPath.parse(WindowsPath.java:92)
	at java.base/sun.nio.fs.WindowsFileSystem.getPath(WindowsFileSystem.java:232)
	at java.base/java.io.File.toPath(File.java:2387)
	at net.thucydides.core.requirements.RootDirectory.getRelativePathOf(RootDirectory.java:364)
	at net.thucydides.core.requirements.FileSystemRequirementsTagProvider.requirementWithMatchingPath(FileSystemRequirementsTagProvider.java:372)
	at net.thucydides.core.requirements.FileSystemRequirementsTagProvider.getParentRequirementOf(FileSystemRequirementsTagProvider.java:335)
	at net.thucydides.core.requirements.ParentRequirementsProvided.forOutcome(ParentRequirementsProvided.java:26)
	at net.thucydides.core.requirements.BaseRequirementsService.getParentRequirementOf(BaseRequirementsService.java:138)
	at net.thucydides.core.requirements.BaseRequirementsService.getAncestorRequirementsFor(BaseRequirementsService.java:78)
	at net.thucydides.core.reports.html.HtmlAcceptanceTestReporter.addBreadcrumbs(HtmlAcceptanceTestReporter.java:226)
	at net.thucydides.core.reports.html.HtmlAcceptanceTestReporter.addParentRequirmentFieldToContext(HtmlAcceptanceTestReporter.java:214)
	at net.thucydides.core.reports.html.HtmlAcceptanceTestReporter.addTestOutcomeToContext(HtmlAcceptanceTestReporter.java:190)
	at net.thucydides.core.reports.html.HtmlAcceptanceTestReporter.generateReportFor(HtmlAcceptanceTestReporter.java:105)
	at net.thucydides.core.reports.ReportService.generateReportFor(ReportService.java:246)
	at net.thucydides.core.reports.ReportService.lambda$generateReportsFor$0(ReportService.java:184)
	at java.base/java.util.concurrent.Executors$RunnableAdapter.call(Executors.java:539)
	at java.base/java.util.concurrent.FutureTask.run(FutureTask.java:264)
	at java.base/java.util.concurrent.ThreadPoolExecutor.runWorker(ThreadPoolExecutor.java:1136)
	at java.base/java.util.concurrent.ThreadPoolExecutor$Worker.run(ThreadPoolExecutor.java:635)
	at java.base/java.lang.Thread.run(Thread.java:833)

20:13:38.653 [pool-3-thread-2] WARN net.thucydides.core.requirements.RequirementsTagProvider - Failed to load requirements: Illegal char <:> at index 4: file:\C:\Users\LENOVO-PC\OneDrive%20-%20IT-PLN\Dokumen\apenim\Diskusiaza-QE\WEB%20DISKUSIAZA\src\test\resources\web\Register.feature
java.nio.file.InvalidPathException: Illegal char <:> at index 4: file:\C:\Users\LENOVO-PC\OneDrive%20-%20IT-PLN\Dokumen\apenim\Diskusiaza-QE\WEB%20DISKUSIAZA\src\test\resources\web\Register.feature
	at java.base/sun.nio.fs.WindowsPathParser.normalize(WindowsPathParser.java:182)
	at java.base/sun.nio.fs.WindowsPathParser.parse(WindowsPathParser.java:153)
	at java.base/sun.nio.fs.WindowsPathParser.parse(WindowsPathParser.java:77)
	at java.base/sun.nio.fs.WindowsPath.parse(WindowsPath.java:92)
	at java.base/sun.nio.fs.WindowsFileSystem.getPath(WindowsFileSystem.java:232)
	at java.base/java.io.File.toPath(File.java:2387)
	at net.thucydides.core.requirements.RootDirectory.getRelativePathOf(RootDirectory.java:364)
	at net.thucydides.core.requirements.FileSystemRequirementsTagProvider.requirementWithMatchingPath(FileSystemRequirementsTagProvider.java:372)
	at net.thucydides.core.requirements.FileSystemRequirementsTagProvider.getParentRequirementOf(FileSystemRequirementsTagProvider.java:335)
	at net.thucydides.core.requirements.ParentRequirementsProvided.forOutcome(ParentRequirementsProvided.java:26)
	at net.thucydides.core.requirements.BaseRequirementsService.getParentRequirementOf(BaseRequirementsService.java:138)
	at net.thucydides.core.requirements.BaseRequirementsService.getAncestorRequirementsFor(BaseRequirementsService.java:78)
	at net.thucydides.core.tags.BreadcrumbTagFilter.getRequirementBreadcrumbsFrom(BreadcrumbTagFilter.java:51)
	at net.thucydides.core.reports.html.HtmlAcceptanceTestReporter.addBreadcrumbs(HtmlAcceptanceTestReporter.java:227)
	at net.thucydides.core.reports.html.HtmlAcceptanceTestReporter.addParentRequirmentFieldToContext(HtmlAcceptanceTestReporter.java:214)
	at net.thucydides.core.reports.html.HtmlAcceptanceTestReporter.addTestOutcomeToContext(HtmlAcceptanceTestReporter.java:190)
	at net.thucydides.core.reports.html.HtmlAcceptanceTestReporter.generateReportFor(HtmlAcceptanceTestReporter.java:105)
	at net.thucydides.core.reports.ReportService.generateReportFor(ReportService.java:246)
	at net.thucydides.core.reports.ReportService.lambda$generateReportsFor$0(ReportService.java:184)
	at java.base/java.util.concurrent.Executors$RunnableAdapter.call(Executors.java:539)
	at java.base/java.util.concurrent.FutureTask.run(FutureTask.java:264)
	at java.base/java.util.concurrent.ThreadPoolExecutor.runWorker(ThreadPoolExecutor.java:1136)
	at java.base/java.util.concurrent.ThreadPoolExecutor$Worker.run(ThreadPoolExecutor.java:635)
	at java.base/java.lang.Thread.run(Thread.java:833)

20:13:38.664 [pool-3-thread-2] WARN net.thucydides.core.requirements.RequirementsTagProvider - Failed to load requirements: Illegal char <:> at index 4: file:\C:\Users\LENOVO-PC\OneDrive%20-%20IT-PLN\Dokumen\apenim\Diskusiaza-QE\WEB%20DISKUSIAZA\src\test\resources\web\Register.feature
java.nio.file.InvalidPathException: Illegal char <:> at index 4: file:\C:\Users\LENOVO-PC\OneDrive%20-%20IT-PLN\Dokumen\apenim\Diskusiaza-QE\WEB%20DISKUSIAZA\src\test\resources\web\Register.feature
	at java.base/sun.nio.fs.WindowsPathParser.normalize(WindowsPathParser.java:182)
	at java.base/sun.nio.fs.WindowsPathParser.parse(WindowsPathParser.java:153)
	at java.base/sun.nio.fs.WindowsPathParser.parse(WindowsPathParser.java:77)
	at java.base/sun.nio.fs.WindowsPath.parse(WindowsPath.java:92)
	at java.base/sun.nio.fs.WindowsFileSystem.getPath(WindowsFileSystem.java:232)
	at java.base/java.io.File.toPath(File.java:2387)
	at net.thucydides.core.requirements.RootDirectory.getRelativePathOf(RootDirectory.java:364)
	at net.thucydides.core.requirements.FileSystemRequirementsTagProvider.requirementWithMatchingPath(FileSystemRequirementsTagProvider.java:372)
	at net.thucydides.core.requirements.FileSystemRequirementsTagProvider.getParentRequirementOf(FileSystemRequirementsTagProvider.java:335)
	at net.thucydides.core.requirements.ParentRequirementsProvided.forOutcome(ParentRequirementsProvided.java:26)
	at net.thucydides.core.requirements.BaseRequirementsService.getParentRequirementOf(BaseRequirementsService.java:138)
	at net.thucydides.core.requirements.BaseRequirementsService.getParentRequirementFor(BaseRequirementsService.java:48)
	at net.thucydides.core.reports.html.HtmlAcceptanceTestReporter.addParentRequirmentFieldToContext(HtmlAcceptanceTestReporter.java:196)
	at net.thucydides.core.reports.html.HtmlAcceptanceTestReporter.addTestOutcomeToContext(HtmlAcceptanceTestReporter.java:190)
	at net.thucydides.core.reports.html.HtmlAcceptanceTestReporter.generateScreenshotReportsFor(HtmlAcceptanceTestReporter.java:254)
	at net.thucydides.core.reports.html.HtmlAcceptanceTestReporter.generateReportFor(HtmlAcceptanceTestReporter.java:108)
	at net.thucydides.core.reports.ReportService.generateReportFor(ReportService.java:246)
	at net.thucydides.core.reports.ReportService.lambda$generateReportsFor$0(ReportService.java:184)
	at java.base/java.util.concurrent.Executors$RunnableAdapter.call(Executors.java:539)
	at java.base/java.util.concurrent.FutureTask.run(FutureTask.java:264)
	at java.base/java.util.concurrent.ThreadPoolExecutor.runWorker(ThreadPoolExecutor.java:1136)
	at java.base/java.util.concurrent.ThreadPoolExecutor$Worker.run(ThreadPoolExecutor.java:635)
	at java.base/java.lang.Thread.run(Thread.java:833)

20:13:38.664 [pool-3-thread-2] WARN net.thucydides.core.requirements.RequirementsTagProvider - Failed to load requirements: Illegal char <:> at index 4: file:\C:\Users\LENOVO-PC\OneDrive%20-%20IT-PLN\Dokumen\apenim\Diskusiaza-QE\WEB%20DISKUSIAZA\src\test\resources\web\Register.feature
java.nio.file.InvalidPathException: Illegal char <:> at index 4: file:\C:\Users\LENOVO-PC\OneDrive%20-%20IT-PLN\Dokumen\apenim\Diskusiaza-QE\WEB%20DISKUSIAZA\src\test\resources\web\Register.feature
	at java.base/sun.nio.fs.WindowsPathParser.normalize(WindowsPathParser.java:182)
	at java.base/sun.nio.fs.WindowsPathParser.parse(WindowsPathParser.java:153)
	at java.base/sun.nio.fs.WindowsPathParser.parse(WindowsPathParser.java:77)
	at java.base/sun.nio.fs.WindowsPath.parse(WindowsPath.java:92)
	at java.base/sun.nio.fs.WindowsFileSystem.getPath(WindowsFileSystem.java:232)
	at java.base/java.io.File.toPath(File.java:2387)
	at net.thucydides.core.requirements.RootDirectory.getRelativePathOf(RootDirectory.java:364)
	at net.thucydides.core.requirements.FileSystemRequirementsTagProvider.requirementWithMatchingPath(FileSystemRequirementsTagProvider.java:372)
	at net.thucydides.core.requirements.FileSystemRequirementsTagProvider.getParentRequirementOf(FileSystemRequirementsTagProvider.java:335)
	at net.thucydides.core.requirements.ParentRequirementsProvided.forOutcome(ParentRequirementsProvided.java:26)
	at net.thucydides.core.requirements.BaseRequirementsService.getParentRequirementOf(BaseRequirementsService.java:138)
	at net.thucydides.core.requirements.BaseRequirementsService.getAncestorRequirementsFor(BaseRequirementsService.java:78)
	at net.thucydides.core.reports.html.HtmlAcceptanceTestReporter.addBreadcrumbs(HtmlAcceptanceTestReporter.java:226)
	at net.thucydides.core.reports.html.HtmlAcceptanceTestReporter.addParentRequirmentFieldToContext(HtmlAcceptanceTestReporter.java:214)
	at net.thucydides.core.reports.html.HtmlAcceptanceTestReporter.addTestOutcomeToContext(HtmlAcceptanceTestReporter.java:190)
	at net.thucydides.core.reports.html.HtmlAcceptanceTestReporter.generateScreenshotReportsFor(HtmlAcceptanceTestReporter.java:254)
	at net.thucydides.core.reports.html.HtmlAcceptanceTestReporter.generateReportFor(HtmlAcceptanceTestReporter.java:108)
	at net.thucydides.core.reports.ReportService.generateReportFor(ReportService.java:246)
	at net.thucydides.core.reports.ReportService.lambda$generateReportsFor$0(ReportService.java:184)
	at java.base/java.util.concurrent.Executors$RunnableAdapter.call(Executors.java:539)
	at java.base/java.util.concurrent.FutureTask.run(FutureTask.java:264)
	at java.base/java.util.concurrent.ThreadPoolExecutor.runWorker(ThreadPoolExecutor.java:1136)
	at java.base/java.util.concurrent.ThreadPoolExecutor$Worker.run(ThreadPoolExecutor.java:635)
	at java.base/java.lang.Thread.run(Thread.java:833)

20:13:38.664 [pool-3-thread-2] WARN net.thucydides.core.requirements.RequirementsTagProvider - Failed to load requirements: Illegal char <:> at index 4: file:\C:\Users\LENOVO-PC\OneDrive%20-%20IT-PLN\Dokumen\apenim\Diskusiaza-QE\WEB%20DISKUSIAZA\src\test\resources\web\Register.feature
java.nio.file.InvalidPathException: Illegal char <:> at index 4: file:\C:\Users\LENOVO-PC\OneDrive%20-%20IT-PLN\Dokumen\apenim\Diskusiaza-QE\WEB%20DISKUSIAZA\src\test\resources\web\Register.feature
	at java.base/sun.nio.fs.WindowsPathParser.normalize(WindowsPathParser.java:182)
	at java.base/sun.nio.fs.WindowsPathParser.parse(WindowsPathParser.java:153)
	at java.base/sun.nio.fs.WindowsPathParser.parse(WindowsPathParser.java:77)
	at java.base/sun.nio.fs.WindowsPath.parse(WindowsPath.java:92)
	at java.base/sun.nio.fs.WindowsFileSystem.getPath(WindowsFileSystem.java:232)
	at java.base/java.io.File.toPath(File.java:2387)
	at net.thucydides.core.requirements.RootDirectory.getRelativePathOf(RootDirectory.java:364)
	at net.thucydides.core.requirements.FileSystemRequirementsTagProvider.requirementWithMatchingPath(FileSystemRequirementsTagProvider.java:372)
	at net.thucydides.core.requirements.FileSystemRequirementsTagProvider.getParentRequirementOf(FileSystemRequirementsTagProvider.java:335)
	at net.thucydides.core.requirements.ParentRequirementsProvided.forOutcome(ParentRequirementsProvided.java:26)
	at net.thucydides.core.requirements.BaseRequirementsService.getParentRequirementOf(BaseRequirementsService.java:138)
	at net.thucydides.core.requirements.BaseRequirementsService.getAncestorRequirementsFor(BaseRequirementsService.java:78)
	at net.thucydides.core.tags.BreadcrumbTagFilter.getRequirementBreadcrumbsFrom(BreadcrumbTagFilter.java:51)
	at net.thucydides.core.reports.html.HtmlAcceptanceTestReporter.addBreadcrumbs(HtmlAcceptanceTestReporter.java:227)
	at net.thucydides.core.reports.html.HtmlAcceptanceTestReporter.addParentRequirmentFieldToContext(HtmlAcceptanceTestReporter.java:214)
	at net.thucydides.core.reports.html.HtmlAcceptanceTestReporter.addTestOutcomeToContext(HtmlAcceptanceTestReporter.java:190)
	at net.thucydides.core.reports.html.HtmlAcceptanceTestReporter.generateScreenshotReportsFor(HtmlAcceptanceTestReporter.java:254)
	at net.thucydides.core.reports.html.HtmlAcceptanceTestReporter.generateReportFor(HtmlAcceptanceTestReporter.java:108)
	at net.thucydides.core.reports.ReportService.generateReportFor(ReportService.java:246)
	at net.thucydides.core.reports.ReportService.lambda$generateReportsFor$0(ReportService.java:184)
	at java.base/java.util.concurrent.Executors$RunnableAdapter.call(Executors.java:539)
	at java.base/java.util.concurrent.FutureTask.run(FutureTask.java:264)
	at java.base/java.util.concurrent.ThreadPoolExecutor.runWorker(ThreadPoolExecutor.java:1136)
	at java.base/java.util.concurrent.ThreadPoolExecutor$Worker.run(ThreadPoolExecutor.java:635)
	at java.base/java.lang.Thread.run(Thread.java:833)

20:13:38.664 [pool-3-thread-2] DEBUG serenity.reporting - Generating report in 5fdb7e472f21e9c2d2152f78fd39fd98a574861da93943ecdb4192a4ee0ffe0c_screenshots.html

20:13:38.670 [pool-3-thread-2] DEBUG serenity.reporting - Generated report 5fdb7e472f21e9c2d2152f78fd39fd98a574861da93943ecdb4192a4ee0ffe0c_screenshots.html in 6 ms

20:13:38.670 [pool-3-thread-2] DEBUG serenity.reporting - Generating report in 5fdb7e472f21e9c2d2152f78fd39fd98a574861da93943ecdb4192a4ee0ffe0c.html

20:13:38.728 [pool-3-thread-6] DEBUG serenity.reporting - Generated report a8816166a65d9df0ea7a683c804b825cd9a24bba04a376b184024cb9f792d147.html in 111 ms

20:13:38.728 [pool-3-thread-6] DEBUG net.thucydides.core.reports.ReportService - Processing test outcome User on landing page:User membuka Trending done

20:13:38.728 [pool-3-thread-6] DEBUG net.thucydides.core.reports.ReportService - Processing test outcome user on register page:user tidak memasukan nama depan

20:13:38.728 [pool-3-thread-6] INFO net.thucydides.core.reports.ReportService - net.thucydides.core.reports.html.HtmlAcceptanceTestReporter@3e2432c2: Generating report for test outcome: user on register page:user tidak memasukan nama depan

20:13:38.728 [pool-3-thread-6] WARN net.thucydides.core.requirements.RequirementsTagProvider - Failed to load requirements: Illegal char <:> at index 4: file:\C:\Users\LENOVO-PC\OneDrive%20-%20IT-PLN\Dokumen\apenim\Diskusiaza-QE\WEB%20DISKUSIAZA\src\test\resources\web\Register.feature
java.nio.file.InvalidPathException: Illegal char <:> at index 4: file:\C:\Users\LENOVO-PC\OneDrive%20-%20IT-PLN\Dokumen\apenim\Diskusiaza-QE\WEB%20DISKUSIAZA\src\test\resources\web\Register.feature
	at java.base/sun.nio.fs.WindowsPathParser.normalize(WindowsPathParser.java:182)
	at java.base/sun.nio.fs.WindowsPathParser.parse(WindowsPathParser.java:153)
	at java.base/sun.nio.fs.WindowsPathParser.parse(WindowsPathParser.java:77)
	at java.base/sun.nio.fs.WindowsPath.parse(WindowsPath.java:92)
	at java.base/sun.nio.fs.WindowsFileSystem.getPath(WindowsFileSystem.java:232)
	at java.base/java.io.File.toPath(File.java:2387)
	at net.thucydides.core.requirements.RootDirectory.getRelativePathOf(RootDirectory.java:364)
	at net.thucydides.core.requirements.FileSystemRequirementsTagProvider.requirementWithMatchingPath(FileSystemRequirementsTagProvider.java:372)
	at net.thucydides.core.requirements.FileSystemRequirementsTagProvider.getParentRequirementOf(FileSystemRequirementsTagProvider.java:335)
	at net.thucydides.core.requirements.ParentRequirementsProvided.forOutcome(ParentRequirementsProvided.java:26)
	at net.thucydides.core.requirements.BaseRequirementsService.getParentRequirementOf(BaseRequirementsService.java:138)
	at net.thucydides.core.requirements.BaseRequirementsService.getParentRequirementFor(BaseRequirementsService.java:48)
	at net.thucydides.core.reports.html.HtmlAcceptanceTestReporter.addParentRequirmentFieldToContext(HtmlAcceptanceTestReporter.java:196)
	at net.thucydides.core.reports.html.HtmlAcceptanceTestReporter.addTestOutcomeToContext(HtmlAcceptanceTestReporter.java:190)
	at net.thucydides.core.reports.html.HtmlAcceptanceTestReporter.generateReportFor(HtmlAcceptanceTestReporter.java:105)
	at net.thucydides.core.reports.ReportService.generateReportFor(ReportService.java:246)
	at net.thucydides.core.reports.ReportService.lambda$generateReportsFor$0(ReportService.java:184)
	at java.base/java.util.concurrent.Executors$RunnableAdapter.call(Executors.java:539)
	at java.base/java.util.concurrent.FutureTask.run(FutureTask.java:264)
	at java.base/java.util.concurrent.ThreadPoolExecutor.runWorker(ThreadPoolExecutor.java:1136)
	at java.base/java.util.concurrent.ThreadPoolExecutor$Worker.run(ThreadPoolExecutor.java:635)
	at java.base/java.lang.Thread.run(Thread.java:833)

20:13:38.728 [pool-3-thread-6] WARN net.thucydides.core.requirements.RequirementsTagProvider - Failed to load requirements: Illegal char <:> at index 4: file:\C:\Users\LENOVO-PC\OneDrive%20-%20IT-PLN\Dokumen\apenim\Diskusiaza-QE\WEB%20DISKUSIAZA\src\test\resources\web\Register.feature
java.nio.file.InvalidPathException: Illegal char <:> at index 4: file:\C:\Users\LENOVO-PC\OneDrive%20-%20IT-PLN\Dokumen\apenim\Diskusiaza-QE\WEB%20DISKUSIAZA\src\test\resources\web\Register.feature
	at java.base/sun.nio.fs.WindowsPathParser.normalize(WindowsPathParser.java:182)
	at java.base/sun.nio.fs.WindowsPathParser.parse(WindowsPathParser.java:153)
	at java.base/sun.nio.fs.WindowsPathParser.parse(WindowsPathParser.java:77)
	at java.base/sun.nio.fs.WindowsPath.parse(WindowsPath.java:92)
	at java.base/sun.nio.fs.WindowsFileSystem.getPath(WindowsFileSystem.java:232)
	at java.base/java.io.File.toPath(File.java:2387)
	at net.thucydides.core.requirements.RootDirectory.getRelativePathOf(RootDirectory.java:364)
	at net.thucydides.core.requirements.FileSystemRequirementsTagProvider.requirementWithMatchingPath(FileSystemRequirementsTagProvider.java:372)
	at net.thucydides.core.requirements.FileSystemRequirementsTagProvider.getParentRequirementOf(FileSystemRequirementsTagProvider.java:335)
	at net.thucydides.core.requirements.ParentRequirementsProvided.forOutcome(ParentRequirementsProvided.java:26)
	at net.thucydides.core.requirements.BaseRequirementsService.getParentRequirementOf(BaseRequirementsService.java:138)
	at net.thucydides.core.requirements.BaseRequirementsService.getAncestorRequirementsFor(BaseRequirementsService.java:78)
	at net.thucydides.core.reports.html.HtmlAcceptanceTestReporter.addBreadcrumbs(HtmlAcceptanceTestReporter.java:226)
	at net.thucydides.core.reports.html.HtmlAcceptanceTestReporter.addParentRequirmentFieldToContext(HtmlAcceptanceTestReporter.java:214)
	at net.thucydides.core.reports.html.HtmlAcceptanceTestReporter.addTestOutcomeToContext(HtmlAcceptanceTestReporter.java:190)
	at net.thucydides.core.reports.html.HtmlAcceptanceTestReporter.generateReportFor(HtmlAcceptanceTestReporter.java:105)
	at net.thucydides.core.reports.ReportService.generateReportFor(ReportService.java:246)
	at net.thucydides.core.reports.ReportService.lambda$generateReportsFor$0(ReportService.java:184)
	at java.base/java.util.concurrent.Executors$RunnableAdapter.call(Executors.java:539)
	at java.base/java.util.concurrent.FutureTask.run(FutureTask.java:264)
	at java.base/java.util.concurrent.ThreadPoolExecutor.runWorker(ThreadPoolExecutor.java:1136)
	at java.base/java.util.concurrent.ThreadPoolExecutor$Worker.run(ThreadPoolExecutor.java:635)
	at java.base/java.lang.Thread.run(Thread.java:833)

20:13:38.728 [pool-3-thread-6] WARN net.thucydides.core.requirements.RequirementsTagProvider - Failed to load requirements: Illegal char <:> at index 4: file:\C:\Users\LENOVO-PC\OneDrive%20-%20IT-PLN\Dokumen\apenim\Diskusiaza-QE\WEB%20DISKUSIAZA\src\test\resources\web\Register.feature
java.nio.file.InvalidPathException: Illegal char <:> at index 4: file:\C:\Users\LENOVO-PC\OneDrive%20-%20IT-PLN\Dokumen\apenim\Diskusiaza-QE\WEB%20DISKUSIAZA\src\test\resources\web\Register.feature
	at java.base/sun.nio.fs.WindowsPathParser.normalize(WindowsPathParser.java:182)
	at java.base/sun.nio.fs.WindowsPathParser.parse(WindowsPathParser.java:153)
	at java.base/sun.nio.fs.WindowsPathParser.parse(WindowsPathParser.java:77)
	at java.base/sun.nio.fs.WindowsPath.parse(WindowsPath.java:92)
	at java.base/sun.nio.fs.WindowsFileSystem.getPath(WindowsFileSystem.java:232)
	at java.base/java.io.File.toPath(File.java:2387)
	at net.thucydides.core.requirements.RootDirectory.getRelativePathOf(RootDirectory.java:364)
	at net.thucydides.core.requirements.FileSystemRequirementsTagProvider.requirementWithMatchingPath(FileSystemRequirementsTagProvider.java:372)
	at net.thucydides.core.requirements.FileSystemRequirementsTagProvider.getParentRequirementOf(FileSystemRequirementsTagProvider.java:335)
	at net.thucydides.core.requirements.ParentRequirementsProvided.forOutcome(ParentRequirementsProvided.java:26)
	at net.thucydides.core.requirements.BaseRequirementsService.getParentRequirementOf(BaseRequirementsService.java:138)
	at net.thucydides.core.requirements.BaseRequirementsService.getAncestorRequirementsFor(BaseRequirementsService.java:78)
	at net.thucydides.core.tags.BreadcrumbTagFilter.getRequirementBreadcrumbsFrom(BreadcrumbTagFilter.java:51)
	at net.thucydides.core.reports.html.HtmlAcceptanceTestReporter.addBreadcrumbs(HtmlAcceptanceTestReporter.java:227)
	at net.thucydides.core.reports.html.HtmlAcceptanceTestReporter.addParentRequirmentFieldToContext(HtmlAcceptanceTestReporter.java:214)
	at net.thucydides.core.reports.html.HtmlAcceptanceTestReporter.addTestOutcomeToContext(HtmlAcceptanceTestReporter.java:190)
	at net.thucydides.core.reports.html.HtmlAcceptanceTestReporter.generateReportFor(HtmlAcceptanceTestReporter.java:105)
	at net.thucydides.core.reports.ReportService.generateReportFor(ReportService.java:246)
	at net.thucydides.core.reports.ReportService.lambda$generateReportsFor$0(ReportService.java:184)
	at java.base/java.util.concurrent.Executors$RunnableAdapter.call(Executors.java:539)
	at java.base/java.util.concurrent.FutureTask.run(FutureTask.java:264)
	at java.base/java.util.concurrent.ThreadPoolExecutor.runWorker(ThreadPoolExecutor.java:1136)
	at java.base/java.util.concurrent.ThreadPoolExecutor$Worker.run(ThreadPoolExecutor.java:635)
	at java.base/java.lang.Thread.run(Thread.java:833)

20:13:38.734 [pool-3-thread-6] WARN net.thucydides.core.requirements.RequirementsTagProvider - Failed to load requirements: Illegal char <:> at index 4: file:\C:\Users\LENOVO-PC\OneDrive%20-%20IT-PLN\Dokumen\apenim\Diskusiaza-QE\WEB%20DISKUSIAZA\src\test\resources\web\Register.feature
java.nio.file.InvalidPathException: Illegal char <:> at index 4: file:\C:\Users\LENOVO-PC\OneDrive%20-%20IT-PLN\Dokumen\apenim\Diskusiaza-QE\WEB%20DISKUSIAZA\src\test\resources\web\Register.feature
	at java.base/sun.nio.fs.WindowsPathParser.normalize(WindowsPathParser.java:182)
	at java.base/sun.nio.fs.WindowsPathParser.parse(WindowsPathParser.java:153)
	at java.base/sun.nio.fs.WindowsPathParser.parse(WindowsPathParser.java:77)
	at java.base/sun.nio.fs.WindowsPath.parse(WindowsPath.java:92)
	at java.base/sun.nio.fs.WindowsFileSystem.getPath(WindowsFileSystem.java:232)
	at java.base/java.io.File.toPath(File.java:2387)
	at net.thucydides.core.requirements.RootDirectory.getRelativePathOf(RootDirectory.java:364)
	at net.thucydides.core.requirements.FileSystemRequirementsTagProvider.requirementWithMatchingPath(FileSystemRequirementsTagProvider.java:372)
	at net.thucydides.core.requirements.FileSystemRequirementsTagProvider.getParentRequirementOf(FileSystemRequirementsTagProvider.java:335)
	at net.thucydides.core.requirements.ParentRequirementsProvided.forOutcome(ParentRequirementsProvided.java:26)
	at net.thucydides.core.requirements.BaseRequirementsService.getParentRequirementOf(BaseRequirementsService.java:138)
	at net.thucydides.core.requirements.BaseRequirementsService.getParentRequirementFor(BaseRequirementsService.java:48)
	at net.thucydides.core.reports.html.HtmlAcceptanceTestReporter.addParentRequirmentFieldToContext(HtmlAcceptanceTestReporter.java:196)
	at net.thucydides.core.reports.html.HtmlAcceptanceTestReporter.addTestOutcomeToContext(HtmlAcceptanceTestReporter.java:190)
	at net.thucydides.core.reports.html.HtmlAcceptanceTestReporter.generateScreenshotReportsFor(HtmlAcceptanceTestReporter.java:254)
	at net.thucydides.core.reports.html.HtmlAcceptanceTestReporter.generateReportFor(HtmlAcceptanceTestReporter.java:108)
	at net.thucydides.core.reports.ReportService.generateReportFor(ReportService.java:246)
	at net.thucydides.core.reports.ReportService.lambda$generateReportsFor$0(ReportService.java:184)
	at java.base/java.util.concurrent.Executors$RunnableAdapter.call(Executors.java:539)
	at java.base/java.util.concurrent.FutureTask.run(FutureTask.java:264)
	at java.base/java.util.concurrent.ThreadPoolExecutor.runWorker(ThreadPoolExecutor.java:1136)
	at java.base/java.util.concurrent.ThreadPoolExecutor$Worker.run(ThreadPoolExecutor.java:635)
	at java.base/java.lang.Thread.run(Thread.java:833)

20:13:38.734 [pool-3-thread-6] WARN net.thucydides.core.requirements.RequirementsTagProvider - Failed to load requirements: Illegal char <:> at index 4: file:\C:\Users\LENOVO-PC\OneDrive%20-%20IT-PLN\Dokumen\apenim\Diskusiaza-QE\WEB%20DISKUSIAZA\src\test\resources\web\Register.feature
java.nio.file.InvalidPathException: Illegal char <:> at index 4: file:\C:\Users\LENOVO-PC\OneDrive%20-%20IT-PLN\Dokumen\apenim\Diskusiaza-QE\WEB%20DISKUSIAZA\src\test\resources\web\Register.feature
	at java.base/sun.nio.fs.WindowsPathParser.normalize(WindowsPathParser.java:182)
	at java.base/sun.nio.fs.WindowsPathParser.parse(WindowsPathParser.java:153)
	at java.base/sun.nio.fs.WindowsPathParser.parse(WindowsPathParser.java:77)
	at java.base/sun.nio.fs.WindowsPath.parse(WindowsPath.java:92)
	at java.base/sun.nio.fs.WindowsFileSystem.getPath(WindowsFileSystem.java:232)
	at java.base/java.io.File.toPath(File.java:2387)
	at net.thucydides.core.requirements.RootDirectory.getRelativePathOf(RootDirectory.java:364)
	at net.thucydides.core.requirements.FileSystemRequirementsTagProvider.requirementWithMatchingPath(FileSystemRequirementsTagProvider.java:372)
	at net.thucydides.core.requirements.FileSystemRequirementsTagProvider.getParentRequirementOf(FileSystemRequirementsTagProvider.java:335)
	at net.thucydides.core.requirements.ParentRequirementsProvided.forOutcome(ParentRequirementsProvided.java:26)
	at net.thucydides.core.requirements.BaseRequirementsService.getParentRequirementOf(BaseRequirementsService.java:138)
	at net.thucydides.core.requirements.BaseRequirementsService.getAncestorRequirementsFor(BaseRequirementsService.java:78)
	at net.thucydides.core.reports.html.HtmlAcceptanceTestReporter.addBreadcrumbs(HtmlAcceptanceTestReporter.java:226)
	at net.thucydides.core.reports.html.HtmlAcceptanceTestReporter.addParentRequirmentFieldToContext(HtmlAcceptanceTestReporter.java:214)
	at net.thucydides.core.reports.html.HtmlAcceptanceTestReporter.addTestOutcomeToContext(HtmlAcceptanceTestReporter.java:190)
	at net.thucydides.core.reports.html.HtmlAcceptanceTestReporter.generateScreenshotReportsFor(HtmlAcceptanceTestReporter.java:254)
	at net.thucydides.core.reports.html.HtmlAcceptanceTestReporter.generateReportFor(HtmlAcceptanceTestReporter.java:108)
	at net.thucydides.core.reports.ReportService.generateReportFor(ReportService.java:246)
	at net.thucydides.core.reports.ReportService.lambda$generateReportsFor$0(ReportService.java:184)
	at java.base/java.util.concurrent.Executors$RunnableAdapter.call(Executors.java:539)
	at java.base/java.util.concurrent.FutureTask.run(FutureTask.java:264)
	at java.base/java.util.concurrent.ThreadPoolExecutor.runWorker(ThreadPoolExecutor.java:1136)
	at java.base/java.util.concurrent.ThreadPoolExecutor$Worker.run(ThreadPoolExecutor.java:635)
	at java.base/java.lang.Thread.run(Thread.java:833)

20:13:38.734 [pool-3-thread-6] WARN net.thucydides.core.requirements.RequirementsTagProvider - Failed to load requirements: Illegal char <:> at index 4: file:\C:\Users\LENOVO-PC\OneDrive%20-%20IT-PLN\Dokumen\apenim\Diskusiaza-QE\WEB%20DISKUSIAZA\src\test\resources\web\Register.feature
java.nio.file.InvalidPathException: Illegal char <:> at index 4: file:\C:\Users\LENOVO-PC\OneDrive%20-%20IT-PLN\Dokumen\apenim\Diskusiaza-QE\WEB%20DISKUSIAZA\src\test\resources\web\Register.feature
	at java.base/sun.nio.fs.WindowsPathParser.normalize(WindowsPathParser.java:182)
	at java.base/sun.nio.fs.WindowsPathParser.parse(WindowsPathParser.java:153)
	at java.base/sun.nio.fs.WindowsPathParser.parse(WindowsPathParser.java:77)
	at java.base/sun.nio.fs.WindowsPath.parse(WindowsPath.java:92)
	at java.base/sun.nio.fs.WindowsFileSystem.getPath(WindowsFileSystem.java:232)
	at java.base/java.io.File.toPath(File.java:2387)
	at net.thucydides.core.requirements.RootDirectory.getRelativePathOf(RootDirectory.java:364)
	at net.thucydides.core.requirements.FileSystemRequirementsTagProvider.requirementWithMatchingPath(FileSystemRequirementsTagProvider.java:372)
	at net.thucydides.core.requirements.FileSystemRequirementsTagProvider.getParentRequirementOf(FileSystemRequirementsTagProvider.java:335)
	at net.thucydides.core.requirements.ParentRequirementsProvided.forOutcome(ParentRequirementsProvided.java:26)
	at net.thucydides.core.requirements.BaseRequirementsService.getParentRequirementOf(BaseRequirementsService.java:138)
	at net.thucydides.core.requirements.BaseRequirementsService.getAncestorRequirementsFor(BaseRequirementsService.java:78)
	at net.thucydides.core.tags.BreadcrumbTagFilter.getRequirementBreadcrumbsFrom(BreadcrumbTagFilter.java:51)
	at net.thucydides.core.reports.html.HtmlAcceptanceTestReporter.addBreadcrumbs(HtmlAcceptanceTestReporter.java:227)
	at net.thucydides.core.reports.html.HtmlAcceptanceTestReporter.addParentRequirmentFieldToContext(HtmlAcceptanceTestReporter.java:214)
	at net.thucydides.core.reports.html.HtmlAcceptanceTestReporter.addTestOutcomeToContext(HtmlAcceptanceTestReporter.java:190)
	at net.thucydides.core.reports.html.HtmlAcceptanceTestReporter.generateScreenshotReportsFor(HtmlAcceptanceTestReporter.java:254)
	at net.thucydides.core.reports.html.HtmlAcceptanceTestReporter.generateReportFor(HtmlAcceptanceTestReporter.java:108)
	at net.thucydides.core.reports.ReportService.generateReportFor(ReportService.java:246)
	at net.thucydides.core.reports.ReportService.lambda$generateReportsFor$0(ReportService.java:184)
	at java.base/java.util.concurrent.Executors$RunnableAdapter.call(Executors.java:539)
	at java.base/java.util.concurrent.FutureTask.run(FutureTask.java:264)
	at java.base/java.util.concurrent.ThreadPoolExecutor.runWorker(ThreadPoolExecutor.java:1136)
	at java.base/java.util.concurrent.ThreadPoolExecutor$Worker.run(ThreadPoolExecutor.java:635)
	at java.base/java.lang.Thread.run(Thread.java:833)

20:13:38.734 [pool-3-thread-6] DEBUG serenity.reporting - Generating report in 5b102b2638287ebc0ea99542512b605c4b676cfa0324efa67cd3c214405c6f22_screenshots.html

20:13:38.734 [pool-3-thread-4] DEBUG serenity.reporting - Generated report e49ceeae63e5cbe69c66753597a35ef6241d56d43afa593f592fdf900f6d167a.html in 442 ms

20:13:38.734 [pool-3-thread-4] DEBUG net.thucydides.core.reports.ReportService - Processing test outcome User on landing page:User membuka Profil done

20:13:38.734 [pool-3-thread-4] DEBUG net.thucydides.core.reports.ReportService - Processing test outcome user on register page:user tidak memasukkan password

20:13:38.734 [pool-3-thread-4] INFO net.thucydides.core.reports.ReportService - net.thucydides.core.reports.html.HtmlAcceptanceTestReporter@3e2432c2: Generating report for test outcome: user on register page:user tidak memasukkan password

20:13:38.734 [pool-3-thread-4] WARN net.thucydides.core.requirements.RequirementsTagProvider - Failed to load requirements: Illegal char <:> at index 4: file:\C:\Users\LENOVO-PC\OneDrive%20-%20IT-PLN\Dokumen\apenim\Diskusiaza-QE\WEB%20DISKUSIAZA\src\test\resources\web\Register.feature
java.nio.file.InvalidPathException: Illegal char <:> at index 4: file:\C:\Users\LENOVO-PC\OneDrive%20-%20IT-PLN\Dokumen\apenim\Diskusiaza-QE\WEB%20DISKUSIAZA\src\test\resources\web\Register.feature
	at java.base/sun.nio.fs.WindowsPathParser.normalize(WindowsPathParser.java:182)
	at java.base/sun.nio.fs.WindowsPathParser.parse(WindowsPathParser.java:153)
	at java.base/sun.nio.fs.WindowsPathParser.parse(WindowsPathParser.java:77)
	at java.base/sun.nio.fs.WindowsPath.parse(WindowsPath.java:92)
	at java.base/sun.nio.fs.WindowsFileSystem.getPath(WindowsFileSystem.java:232)
	at java.base/java.io.File.toPath(File.java:2387)
	at net.thucydides.core.requirements.RootDirectory.getRelativePathOf(RootDirectory.java:364)
	at net.thucydides.core.requirements.FileSystemRequirementsTagProvider.requirementWithMatchingPath(FileSystemRequirementsTagProvider.java:372)
	at net.thucydides.core.requirements.FileSystemRequirementsTagProvider.getParentRequirementOf(FileSystemRequirementsTagProvider.java:335)
	at net.thucydides.core.requirements.ParentRequirementsProvided.forOutcome(ParentRequirementsProvided.java:26)
	at net.thucydides.core.requirements.BaseRequirementsService.getParentRequirementOf(BaseRequirementsService.java:138)
	at net.thucydides.core.requirements.BaseRequirementsService.getParentRequirementFor(BaseRequirementsService.java:48)
	at net.thucydides.core.reports.html.HtmlAcceptanceTestReporter.addParentRequirmentFieldToContext(HtmlAcceptanceTestReporter.java:196)
	at net.thucydides.core.reports.html.HtmlAcceptanceTestReporter.addTestOutcomeToContext(HtmlAcceptanceTestReporter.java:190)
	at net.thucydides.core.reports.html.HtmlAcceptanceTestReporter.generateReportFor(HtmlAcceptanceTestReporter.java:105)
	at net.thucydides.core.reports.ReportService.generateReportFor(ReportService.java:246)
	at net.thucydides.core.reports.ReportService.lambda$generateReportsFor$0(ReportService.java:184)
	at java.base/java.util.concurrent.Executors$RunnableAdapter.call(Executors.java:539)
	at java.base/java.util.concurrent.FutureTask.run(FutureTask.java:264)
	at java.base/java.util.concurrent.ThreadPoolExecutor.runWorker(ThreadPoolExecutor.java:1136)
	at java.base/java.util.concurrent.ThreadPoolExecutor$Worker.run(ThreadPoolExecutor.java:635)
	at java.base/java.lang.Thread.run(Thread.java:833)

20:13:38.739 [pool-3-thread-6] DEBUG serenity.reporting - Generated report 5b102b2638287ebc0ea99542512b605c4b676cfa0324efa67cd3c214405c6f22_screenshots.html in 5 ms

20:13:38.739 [pool-3-thread-6] DEBUG serenity.reporting - Generating report in 5b102b2638287ebc0ea99542512b605c4b676cfa0324efa67cd3c214405c6f22.html

20:13:38.745 [pool-3-thread-4] WARN net.thucydides.core.requirements.RequirementsTagProvider - Failed to load requirements: Illegal char <:> at index 4: file:\C:\Users\LENOVO-PC\OneDrive%20-%20IT-PLN\Dokumen\apenim\Diskusiaza-QE\WEB%20DISKUSIAZA\src\test\resources\web\Register.feature
java.nio.file.InvalidPathException: Illegal char <:> at index 4: file:\C:\Users\LENOVO-PC\OneDrive%20-%20IT-PLN\Dokumen\apenim\Diskusiaza-QE\WEB%20DISKUSIAZA\src\test\resources\web\Register.feature
	at java.base/sun.nio.fs.WindowsPathParser.normalize(WindowsPathParser.java:182)
	at java.base/sun.nio.fs.WindowsPathParser.parse(WindowsPathParser.java:153)
	at java.base/sun.nio.fs.WindowsPathParser.parse(WindowsPathParser.java:77)
	at java.base/sun.nio.fs.WindowsPath.parse(WindowsPath.java:92)
	at java.base/sun.nio.fs.WindowsFileSystem.getPath(WindowsFileSystem.java:232)
	at java.base/java.io.File.toPath(File.java:2387)
	at net.thucydides.core.requirements.RootDirectory.getRelativePathOf(RootDirectory.java:364)
	at net.thucydides.core.requirements.FileSystemRequirementsTagProvider.requirementWithMatchingPath(FileSystemRequirementsTagProvider.java:372)
	at net.thucydides.core.requirements.FileSystemRequirementsTagProvider.getParentRequirementOf(FileSystemRequirementsTagProvider.java:335)
	at net.thucydides.core.requirements.ParentRequirementsProvided.forOutcome(ParentRequirementsProvided.java:26)
	at net.thucydides.core.requirements.BaseRequirementsService.getParentRequirementOf(BaseRequirementsService.java:138)
	at net.thucydides.core.requirements.BaseRequirementsService.getAncestorRequirementsFor(BaseRequirementsService.java:78)
	at net.thucydides.core.reports.html.HtmlAcceptanceTestReporter.addBreadcrumbs(HtmlAcceptanceTestReporter.java:226)
	at net.thucydides.core.reports.html.HtmlAcceptanceTestReporter.addParentRequirmentFieldToContext(HtmlAcceptanceTestReporter.java:214)
	at net.thucydides.core.reports.html.HtmlAcceptanceTestReporter.addTestOutcomeToContext(HtmlAcceptanceTestReporter.java:190)
	at net.thucydides.core.reports.html.HtmlAcceptanceTestReporter.generateReportFor(HtmlAcceptanceTestReporter.java:105)
	at net.thucydides.core.reports.ReportService.generateReportFor(ReportService.java:246)
	at net.thucydides.core.reports.ReportService.lambda$generateReportsFor$0(ReportService.java:184)
	at java.base/java.util.concurrent.Executors$RunnableAdapter.call(Executors.java:539)
	at java.base/java.util.concurrent.FutureTask.run(FutureTask.java:264)
	at java.base/java.util.concurrent.ThreadPoolExecutor.runWorker(ThreadPoolExecutor.java:1136)
	at java.base/java.util.concurrent.ThreadPoolExecutor$Worker.run(ThreadPoolExecutor.java:635)
	at java.base/java.lang.Thread.run(Thread.java:833)

20:13:38.745 [pool-3-thread-4] WARN net.thucydides.core.requirements.RequirementsTagProvider - Failed to load requirements: Illegal char <:> at index 4: file:\C:\Users\LENOVO-PC\OneDrive%20-%20IT-PLN\Dokumen\apenim\Diskusiaza-QE\WEB%20DISKUSIAZA\src\test\resources\web\Register.feature
java.nio.file.InvalidPathException: Illegal char <:> at index 4: file:\C:\Users\LENOVO-PC\OneDrive%20-%20IT-PLN\Dokumen\apenim\Diskusiaza-QE\WEB%20DISKUSIAZA\src\test\resources\web\Register.feature
	at java.base/sun.nio.fs.WindowsPathParser.normalize(WindowsPathParser.java:182)
	at java.base/sun.nio.fs.WindowsPathParser.parse(WindowsPathParser.java:153)
	at java.base/sun.nio.fs.WindowsPathParser.parse(WindowsPathParser.java:77)
	at java.base/sun.nio.fs.WindowsPath.parse(WindowsPath.java:92)
	at java.base/sun.nio.fs.WindowsFileSystem.getPath(WindowsFileSystem.java:232)
	at java.base/java.io.File.toPath(File.java:2387)
	at net.thucydides.core.requirements.RootDirectory.getRelativePathOf(RootDirectory.java:364)
	at net.thucydides.core.requirements.FileSystemRequirementsTagProvider.requirementWithMatchingPath(FileSystemRequirementsTagProvider.java:372)
	at net.thucydides.core.requirements.FileSystemRequirementsTagProvider.getParentRequirementOf(FileSystemRequirementsTagProvider.java:335)
	at net.thucydides.core.requirements.ParentRequirementsProvided.forOutcome(ParentRequirementsProvided.java:26)
	at net.thucydides.core.requirements.BaseRequirementsService.getParentRequirementOf(BaseRequirementsService.java:138)
	at net.thucydides.core.requirements.BaseRequirementsService.getAncestorRequirementsFor(BaseRequirementsService.java:78)
	at net.thucydides.core.tags.BreadcrumbTagFilter.getRequirementBreadcrumbsFrom(BreadcrumbTagFilter.java:51)
	at net.thucydides.core.reports.html.HtmlAcceptanceTestReporter.addBreadcrumbs(HtmlAcceptanceTestReporter.java:227)
	at net.thucydides.core.reports.html.HtmlAcceptanceTestReporter.addParentRequirmentFieldToContext(HtmlAcceptanceTestReporter.java:214)
	at net.thucydides.core.reports.html.HtmlAcceptanceTestReporter.addTestOutcomeToContext(HtmlAcceptanceTestReporter.java:190)
	at net.thucydides.core.reports.html.HtmlAcceptanceTestReporter.generateReportFor(HtmlAcceptanceTestReporter.java:105)
	at net.thucydides.core.reports.ReportService.generateReportFor(ReportService.java:246)
	at net.thucydides.core.reports.ReportService.lambda$generateReportsFor$0(ReportService.java:184)
	at java.base/java.util.concurrent.Executors$RunnableAdapter.call(Executors.java:539)
	at java.base/java.util.concurrent.FutureTask.run(FutureTask.java:264)
	at java.base/java.util.concurrent.ThreadPoolExecutor.runWorker(ThreadPoolExecutor.java:1136)
	at java.base/java.util.concurrent.ThreadPoolExecutor$Worker.run(ThreadPoolExecutor.java:635)
	at java.base/java.lang.Thread.run(Thread.java:833)

20:13:38.750 [pool-3-thread-4] WARN net.thucydides.core.requirements.RequirementsTagProvider - Failed to load requirements: Illegal char <:> at index 4: file:\C:\Users\LENOVO-PC\OneDrive%20-%20IT-PLN\Dokumen\apenim\Diskusiaza-QE\WEB%20DISKUSIAZA\src\test\resources\web\Register.feature
java.nio.file.InvalidPathException: Illegal char <:> at index 4: file:\C:\Users\LENOVO-PC\OneDrive%20-%20IT-PLN\Dokumen\apenim\Diskusiaza-QE\WEB%20DISKUSIAZA\src\test\resources\web\Register.feature
	at java.base/sun.nio.fs.WindowsPathParser.normalize(WindowsPathParser.java:182)
	at java.base/sun.nio.fs.WindowsPathParser.parse(WindowsPathParser.java:153)
	at java.base/sun.nio.fs.WindowsPathParser.parse(WindowsPathParser.java:77)
	at java.base/sun.nio.fs.WindowsPath.parse(WindowsPath.java:92)
	at java.base/sun.nio.fs.WindowsFileSystem.getPath(WindowsFileSystem.java:232)
	at java.base/java.io.File.toPath(File.java:2387)
	at net.thucydides.core.requirements.RootDirectory.getRelativePathOf(RootDirectory.java:364)
	at net.thucydides.core.requirements.FileSystemRequirementsTagProvider.requirementWithMatchingPath(FileSystemRequirementsTagProvider.java:372)
	at net.thucydides.core.requirements.FileSystemRequirementsTagProvider.getParentRequirementOf(FileSystemRequirementsTagProvider.java:335)
	at net.thucydides.core.requirements.ParentRequirementsProvided.forOutcome(ParentRequirementsProvided.java:26)
	at net.thucydides.core.requirements.BaseRequirementsService.getParentRequirementOf(BaseRequirementsService.java:138)
	at net.thucydides.core.requirements.BaseRequirementsService.getParentRequirementFor(BaseRequirementsService.java:48)
	at net.thucydides.core.reports.html.HtmlAcceptanceTestReporter.addParentRequirmentFieldToContext(HtmlAcceptanceTestReporter.java:196)
	at net.thucydides.core.reports.html.HtmlAcceptanceTestReporter.addTestOutcomeToContext(HtmlAcceptanceTestReporter.java:190)
	at net.thucydides.core.reports.html.HtmlAcceptanceTestReporter.generateScreenshotReportsFor(HtmlAcceptanceTestReporter.java:254)
	at net.thucydides.core.reports.html.HtmlAcceptanceTestReporter.generateReportFor(HtmlAcceptanceTestReporter.java:108)
	at net.thucydides.core.reports.ReportService.generateReportFor(ReportService.java:246)
	at net.thucydides.core.reports.ReportService.lambda$generateReportsFor$0(ReportService.java:184)
	at java.base/java.util.concurrent.Executors$RunnableAdapter.call(Executors.java:539)
	at java.base/java.util.concurrent.FutureTask.run(FutureTask.java:264)
	at java.base/java.util.concurrent.ThreadPoolExecutor.runWorker(ThreadPoolExecutor.java:1136)
	at java.base/java.util.concurrent.ThreadPoolExecutor$Worker.run(ThreadPoolExecutor.java:635)
	at java.base/java.lang.Thread.run(Thread.java:833)

20:13:38.750 [pool-3-thread-4] WARN net.thucydides.core.requirements.RequirementsTagProvider - Failed to load requirements: Illegal char <:> at index 4: file:\C:\Users\LENOVO-PC\OneDrive%20-%20IT-PLN\Dokumen\apenim\Diskusiaza-QE\WEB%20DISKUSIAZA\src\test\resources\web\Register.feature
java.nio.file.InvalidPathException: Illegal char <:> at index 4: file:\C:\Users\LENOVO-PC\OneDrive%20-%20IT-PLN\Dokumen\apenim\Diskusiaza-QE\WEB%20DISKUSIAZA\src\test\resources\web\Register.feature
	at java.base/sun.nio.fs.WindowsPathParser.normalize(WindowsPathParser.java:182)
	at java.base/sun.nio.fs.WindowsPathParser.parse(WindowsPathParser.java:153)
	at java.base/sun.nio.fs.WindowsPathParser.parse(WindowsPathParser.java:77)
	at java.base/sun.nio.fs.WindowsPath.parse(WindowsPath.java:92)
	at java.base/sun.nio.fs.WindowsFileSystem.getPath(WindowsFileSystem.java:232)
	at java.base/java.io.File.toPath(File.java:2387)
	at net.thucydides.core.requirements.RootDirectory.getRelativePathOf(RootDirectory.java:364)
	at net.thucydides.core.requirements.FileSystemRequirementsTagProvider.requirementWithMatchingPath(FileSystemRequirementsTagProvider.java:372)
	at net.thucydides.core.requirements.FileSystemRequirementsTagProvider.getParentRequirementOf(FileSystemRequirementsTagProvider.java:335)
	at net.thucydides.core.requirements.ParentRequirementsProvided.forOutcome(ParentRequirementsProvided.java:26)
	at net.thucydides.core.requirements.BaseRequirementsService.getParentRequirementOf(BaseRequirementsService.java:138)
	at net.thucydides.core.requirements.BaseRequirementsService.getAncestorRequirementsFor(BaseRequirementsService.java:78)
	at net.thucydides.core.reports.html.HtmlAcceptanceTestReporter.addBreadcrumbs(HtmlAcceptanceTestReporter.java:226)
	at net.thucydides.core.reports.html.HtmlAcceptanceTestReporter.addParentRequirmentFieldToContext(HtmlAcceptanceTestReporter.java:214)
	at net.thucydides.core.reports.html.HtmlAcceptanceTestReporter.addTestOutcomeToContext(HtmlAcceptanceTestReporter.java:190)
	at net.thucydides.core.reports.html.HtmlAcceptanceTestReporter.generateScreenshotReportsFor(HtmlAcceptanceTestReporter.java:254)
	at net.thucydides.core.reports.html.HtmlAcceptanceTestReporter.generateReportFor(HtmlAcceptanceTestReporter.java:108)
	at net.thucydides.core.reports.ReportService.generateReportFor(ReportService.java:246)
	at net.thucydides.core.reports.ReportService.lambda$generateReportsFor$0(ReportService.java:184)
	at java.base/java.util.concurrent.Executors$RunnableAdapter.call(Executors.java:539)
	at java.base/java.util.concurrent.FutureTask.run(FutureTask.java:264)
	at java.base/java.util.concurrent.ThreadPoolExecutor.runWorker(ThreadPoolExecutor.java:1136)
	at java.base/java.util.concurrent.ThreadPoolExecutor$Worker.run(ThreadPoolExecutor.java:635)
	at java.base/java.lang.Thread.run(Thread.java:833)

20:13:38.750 [pool-3-thread-4] WARN net.thucydides.core.requirements.RequirementsTagProvider - Failed to load requirements: Illegal char <:> at index 4: file:\C:\Users\LENOVO-PC\OneDrive%20-%20IT-PLN\Dokumen\apenim\Diskusiaza-QE\WEB%20DISKUSIAZA\src\test\resources\web\Register.feature
java.nio.file.InvalidPathException: Illegal char <:> at index 4: file:\C:\Users\LENOVO-PC\OneDrive%20-%20IT-PLN\Dokumen\apenim\Diskusiaza-QE\WEB%20DISKUSIAZA\src\test\resources\web\Register.feature
	at java.base/sun.nio.fs.WindowsPathParser.normalize(WindowsPathParser.java:182)
	at java.base/sun.nio.fs.WindowsPathParser.parse(WindowsPathParser.java:153)
	at java.base/sun.nio.fs.WindowsPathParser.parse(WindowsPathParser.java:77)
	at java.base/sun.nio.fs.WindowsPath.parse(WindowsPath.java:92)
	at java.base/sun.nio.fs.WindowsFileSystem.getPath(WindowsFileSystem.java:232)
	at java.base/java.io.File.toPath(File.java:2387)
	at net.thucydides.core.requirements.RootDirectory.getRelativePathOf(RootDirectory.java:364)
	at net.thucydides.core.requirements.FileSystemRequirementsTagProvider.requirementWithMatchingPath(FileSystemRequirementsTagProvider.java:372)
	at net.thucydides.core.requirements.FileSystemRequirementsTagProvider.getParentRequirementOf(FileSystemRequirementsTagProvider.java:335)
	at net.thucydides.core.requirements.ParentRequirementsProvided.forOutcome(ParentRequirementsProvided.java:26)
	at net.thucydides.core.requirements.BaseRequirementsService.getParentRequirementOf(BaseRequirementsService.java:138)
	at net.thucydides.core.requirements.BaseRequirementsService.getAncestorRequirementsFor(BaseRequirementsService.java:78)
	at net.thucydides.core.tags.BreadcrumbTagFilter.getRequirementBreadcrumbsFrom(BreadcrumbTagFilter.java:51)
	at net.thucydides.core.reports.html.HtmlAcceptanceTestReporter.addBreadcrumbs(HtmlAcceptanceTestReporter.java:227)
	at net.thucydides.core.reports.html.HtmlAcceptanceTestReporter.addParentRequirmentFieldToContext(HtmlAcceptanceTestReporter.java:214)
	at net.thucydides.core.reports.html.HtmlAcceptanceTestReporter.addTestOutcomeToContext(HtmlAcceptanceTestReporter.java:190)
	at net.thucydides.core.reports.html.HtmlAcceptanceTestReporter.generateScreenshotReportsFor(HtmlAcceptanceTestReporter.java:254)
	at net.thucydides.core.reports.html.HtmlAcceptanceTestReporter.generateReportFor(HtmlAcceptanceTestReporter.java:108)
	at net.thucydides.core.reports.ReportService.generateReportFor(ReportService.java:246)
	at net.thucydides.core.reports.ReportService.lambda$generateReportsFor$0(ReportService.java:184)
	at java.base/java.util.concurrent.Executors$RunnableAdapter.call(Executors.java:539)
	at java.base/java.util.concurrent.FutureTask.run(FutureTask.java:264)
	at java.base/java.util.concurrent.ThreadPoolExecutor.runWorker(ThreadPoolExecutor.java:1136)
	at java.base/java.util.concurrent.ThreadPoolExecutor$Worker.run(ThreadPoolExecutor.java:635)
	at java.base/java.lang.Thread.run(Thread.java:833)

20:13:38.755 [pool-3-thread-4] DEBUG serenity.reporting - Generating report in 936f4cba8efd0a35bb1fdc963e1776e4151af3cb8e0a0f6d43fa57821996b722_screenshots.html

20:13:38.766 [pool-3-thread-5] WARN net.thucydides.core.requirements.RequirementsTagProvider - Failed to load requirements: Illegal char <:> at index 4: file:\C:\Users\LENOVO-PC\OneDrive%20-%20IT-PLN\Dokumen\apenim\Diskusiaza-QE\WEB%20DISKUSIAZA\src\test\resources\web\Register.feature
java.nio.file.InvalidPathException: Illegal char <:> at index 4: file:\C:\Users\LENOVO-PC\OneDrive%20-%20IT-PLN\Dokumen\apenim\Diskusiaza-QE\WEB%20DISKUSIAZA\src\test\resources\web\Register.feature
	at java.base/sun.nio.fs.WindowsPathParser.normalize(WindowsPathParser.java:182)
	at java.base/sun.nio.fs.WindowsPathParser.parse(WindowsPathParser.java:153)
	at java.base/sun.nio.fs.WindowsPathParser.parse(WindowsPathParser.java:77)
	at java.base/sun.nio.fs.WindowsPath.parse(WindowsPath.java:92)
	at java.base/sun.nio.fs.WindowsFileSystem.getPath(WindowsFileSystem.java:232)
	at java.base/java.io.File.toPath(File.java:2387)
	at net.thucydides.core.requirements.RootDirectory.getRelativePathOf(RootDirectory.java:364)
	at net.thucydides.core.requirements.FileSystemRequirementsTagProvider.requirementWithMatchingPath(FileSystemRequirementsTagProvider.java:372)
	at net.thucydides.core.requirements.FileSystemRequirementsTagProvider.getParentRequirementOf(FileSystemRequirementsTagProvider.java:335)
	at net.thucydides.core.requirements.ParentRequirementsProvided.forOutcome(ParentRequirementsProvided.java:26)
	at net.thucydides.core.requirements.BaseRequirementsService.getParentRequirementOf(BaseRequirementsService.java:138)
	at net.thucydides.core.requirements.BaseRequirementsService.getParentRequirementFor(BaseRequirementsService.java:48)
	at net.thucydides.core.reports.html.HtmlAcceptanceTestReporter.addParentRequirmentFieldToContext(HtmlAcceptanceTestReporter.java:196)
	at net.thucydides.core.reports.html.HtmlAcceptanceTestReporter.addTestOutcomeToContext(HtmlAcceptanceTestReporter.java:190)
	at net.thucydides.core.reports.html.HtmlAcceptanceTestReporter.generateScreenshotReportsFor(HtmlAcceptanceTestReporter.java:254)
	at net.thucydides.core.reports.html.HtmlAcceptanceTestReporter.generateReportFor(HtmlAcceptanceTestReporter.java:108)
	at net.thucydides.core.reports.ReportService.generateReportFor(ReportService.java:246)
	at net.thucydides.core.reports.ReportService.lambda$generateReportsFor$0(ReportService.java:184)
	at java.base/java.util.concurrent.Executors$RunnableAdapter.call(Executors.java:539)
	at java.base/java.util.concurrent.FutureTask.run(FutureTask.java:264)
	at java.base/java.util.concurrent.ThreadPoolExecutor.runWorker(ThreadPoolExecutor.java:1136)
	at java.base/java.util.concurrent.ThreadPoolExecutor$Worker.run(ThreadPoolExecutor.java:635)
	at java.base/java.lang.Thread.run(Thread.java:833)

20:13:38.766 [pool-3-thread-5] WARN net.thucydides.core.requirements.RequirementsTagProvider - Failed to load requirements: Illegal char <:> at index 4: file:\C:\Users\LENOVO-PC\OneDrive%20-%20IT-PLN\Dokumen\apenim\Diskusiaza-QE\WEB%20DISKUSIAZA\src\test\resources\web\Register.feature
java.nio.file.InvalidPathException: Illegal char <:> at index 4: file:\C:\Users\LENOVO-PC\OneDrive%20-%20IT-PLN\Dokumen\apenim\Diskusiaza-QE\WEB%20DISKUSIAZA\src\test\resources\web\Register.feature
	at java.base/sun.nio.fs.WindowsPathParser.normalize(WindowsPathParser.java:182)
	at java.base/sun.nio.fs.WindowsPathParser.parse(WindowsPathParser.java:153)
	at java.base/sun.nio.fs.WindowsPathParser.parse(WindowsPathParser.java:77)
	at java.base/sun.nio.fs.WindowsPath.parse(WindowsPath.java:92)
	at java.base/sun.nio.fs.WindowsFileSystem.getPath(WindowsFileSystem.java:232)
	at java.base/java.io.File.toPath(File.java:2387)
	at net.thucydides.core.requirements.RootDirectory.getRelativePathOf(RootDirectory.java:364)
	at net.thucydides.core.requirements.FileSystemRequirementsTagProvider.requirementWithMatchingPath(FileSystemRequirementsTagProvider.java:372)
	at net.thucydides.core.requirements.FileSystemRequirementsTagProvider.getParentRequirementOf(FileSystemRequirementsTagProvider.java:335)
	at net.thucydides.core.requirements.ParentRequirementsProvided.forOutcome(ParentRequirementsProvided.java:26)
	at net.thucydides.core.requirements.BaseRequirementsService.getParentRequirementOf(BaseRequirementsService.java:138)
	at net.thucydides.core.requirements.BaseRequirementsService.getAncestorRequirementsFor(BaseRequirementsService.java:78)
	at net.thucydides.core.reports.html.HtmlAcceptanceTestReporter.addBreadcrumbs(HtmlAcceptanceTestReporter.java:226)
	at net.thucydides.core.reports.html.HtmlAcceptanceTestReporter.addParentRequirmentFieldToContext(HtmlAcceptanceTestReporter.java:214)
	at net.thucydides.core.reports.html.HtmlAcceptanceTestReporter.addTestOutcomeToContext(HtmlAcceptanceTestReporter.java:190)
	at net.thucydides.core.reports.html.HtmlAcceptanceTestReporter.generateScreenshotReportsFor(HtmlAcceptanceTestReporter.java:254)
	at net.thucydides.core.reports.html.HtmlAcceptanceTestReporter.generateReportFor(HtmlAcceptanceTestReporter.java:108)
	at net.thucydides.core.reports.ReportService.generateReportFor(ReportService.java:246)
	at net.thucydides.core.reports.ReportService.lambda$generateReportsFor$0(ReportService.java:184)
	at java.base/java.util.concurrent.Executors$RunnableAdapter.call(Executors.java:539)
	at java.base/java.util.concurrent.FutureTask.run(FutureTask.java:264)
	at java.base/java.util.concurrent.ThreadPoolExecutor.runWorker(ThreadPoolExecutor.java:1136)
	at java.base/java.util.concurrent.ThreadPoolExecutor$Worker.run(ThreadPoolExecutor.java:635)
	at java.base/java.lang.Thread.run(Thread.java:833)

20:13:38.766 [pool-3-thread-5] WARN net.thucydides.core.requirements.RequirementsTagProvider - Failed to load requirements: Illegal char <:> at index 4: file:\C:\Users\LENOVO-PC\OneDrive%20-%20IT-PLN\Dokumen\apenim\Diskusiaza-QE\WEB%20DISKUSIAZA\src\test\resources\web\Register.feature
java.nio.file.InvalidPathException: Illegal char <:> at index 4: file:\C:\Users\LENOVO-PC\OneDrive%20-%20IT-PLN\Dokumen\apenim\Diskusiaza-QE\WEB%20DISKUSIAZA\src\test\resources\web\Register.feature
	at java.base/sun.nio.fs.WindowsPathParser.normalize(WindowsPathParser.java:182)
	at java.base/sun.nio.fs.WindowsPathParser.parse(WindowsPathParser.java:153)
	at java.base/sun.nio.fs.WindowsPathParser.parse(WindowsPathParser.java:77)
	at java.base/sun.nio.fs.WindowsPath.parse(WindowsPath.java:92)
	at java.base/sun.nio.fs.WindowsFileSystem.getPath(WindowsFileSystem.java:232)
	at java.base/java.io.File.toPath(File.java:2387)
	at net.thucydides.core.requirements.RootDirectory.getRelativePathOf(RootDirectory.java:364)
	at net.thucydides.core.requirements.FileSystemRequirementsTagProvider.requirementWithMatchingPath(FileSystemRequirementsTagProvider.java:372)
	at net.thucydides.core.requirements.FileSystemRequirementsTagProvider.getParentRequirementOf(FileSystemRequirementsTagProvider.java:335)
	at net.thucydides.core.requirements.ParentRequirementsProvided.forOutcome(ParentRequirementsProvided.java:26)
	at net.thucydides.core.requirements.BaseRequirementsService.getParentRequirementOf(BaseRequirementsService.java:138)
	at net.thucydides.core.requirements.BaseRequirementsService.getAncestorRequirementsFor(BaseRequirementsService.java:78)
	at net.thucydides.core.tags.BreadcrumbTagFilter.getRequirementBreadcrumbsFrom(BreadcrumbTagFilter.java:51)
	at net.thucydides.core.reports.html.HtmlAcceptanceTestReporter.addBreadcrumbs(HtmlAcceptanceTestReporter.java:227)
	at net.thucydides.core.reports.html.HtmlAcceptanceTestReporter.addParentRequirmentFieldToContext(HtmlAcceptanceTestReporter.java:214)
	at net.thucydides.core.reports.html.HtmlAcceptanceTestReporter.addTestOutcomeToContext(HtmlAcceptanceTestReporter.java:190)
	at net.thucydides.core.reports.html.HtmlAcceptanceTestReporter.generateScreenshotReportsFor(HtmlAcceptanceTestReporter.java:254)
	at net.thucydides.core.reports.html.HtmlAcceptanceTestReporter.generateReportFor(HtmlAcceptanceTestReporter.java:108)
	at net.thucydides.core.reports.ReportService.generateReportFor(ReportService.java:246)
	at net.thucydides.core.reports.ReportService.lambda$generateReportsFor$0(ReportService.java:184)
	at java.base/java.util.concurrent.Executors$RunnableAdapter.call(Executors.java:539)
	at java.base/java.util.concurrent.FutureTask.run(FutureTask.java:264)
	at java.base/java.util.concurrent.ThreadPoolExecutor.runWorker(ThreadPoolExecutor.java:1136)
	at java.base/java.util.concurrent.ThreadPoolExecutor$Worker.run(ThreadPoolExecutor.java:635)
	at java.base/java.lang.Thread.run(Thread.java:833)

20:13:38.766 [pool-3-thread-5] DEBUG serenity.reporting - Generating report in 5b1119f4e15d34099703a44666bb035bafe5c5f41540f77abb2292f8f356de26_screenshots.html

20:13:38.802 [pool-3-thread-5] DEBUG serenity.reporting - Generated report 5b1119f4e15d34099703a44666bb035bafe5c5f41540f77abb2292f8f356de26_screenshots.html in 36 ms

20:13:38.802 [pool-3-thread-5] DEBUG serenity.reporting - Generating report in 5b1119f4e15d34099703a44666bb035bafe5c5f41540f77abb2292f8f356de26.html

20:13:38.883 [pool-3-thread-3] DEBUG serenity.reporting - Generated report e4866abacba6a42c5e9d20910431803dfb52611a1e42f8e5cf90f393e7d29c86.html in 298 ms

20:13:38.883 [pool-3-thread-3] DEBUG net.thucydides.core.reports.ReportService - Processing test outcome User on login page:user input invalid email and invalid password done

20:13:38.883 [pool-3-thread-3] DEBUG net.thucydides.core.reports.ReportService - Processing test outcome user on register page:user tidak memasukkan nama belakang

20:13:38.883 [pool-3-thread-3] INFO net.thucydides.core.reports.ReportService - net.thucydides.core.reports.html.HtmlAcceptanceTestReporter@3e2432c2: Generating report for test outcome: user on register page:user tidak memasukkan nama belakang

20:13:38.883 [pool-3-thread-3] WARN net.thucydides.core.requirements.RequirementsTagProvider - Failed to load requirements: Illegal char <:> at index 4: file:\C:\Users\LENOVO-PC\OneDrive%20-%20IT-PLN\Dokumen\apenim\Diskusiaza-QE\WEB%20DISKUSIAZA\src\test\resources\web\Register.feature
java.nio.file.InvalidPathException: Illegal char <:> at index 4: file:\C:\Users\LENOVO-PC\OneDrive%20-%20IT-PLN\Dokumen\apenim\Diskusiaza-QE\WEB%20DISKUSIAZA\src\test\resources\web\Register.feature
	at java.base/sun.nio.fs.WindowsPathParser.normalize(WindowsPathParser.java:182)
	at java.base/sun.nio.fs.WindowsPathParser.parse(WindowsPathParser.java:153)
	at java.base/sun.nio.fs.WindowsPathParser.parse(WindowsPathParser.java:77)
	at java.base/sun.nio.fs.WindowsPath.parse(WindowsPath.java:92)
	at java.base/sun.nio.fs.WindowsFileSystem.getPath(WindowsFileSystem.java:232)
	at java.base/java.io.File.toPath(File.java:2387)
	at net.thucydides.core.requirements.RootDirectory.getRelativePathOf(RootDirectory.java:364)
	at net.thucydides.core.requirements.FileSystemRequirementsTagProvider.requirementWithMatchingPath(FileSystemRequirementsTagProvider.java:372)
	at net.thucydides.core.requirements.FileSystemRequirementsTagProvider.getParentRequirementOf(FileSystemRequirementsTagProvider.java:335)
	at net.thucydides.core.requirements.ParentRequirementsProvided.forOutcome(ParentRequirementsProvided.java:26)
	at net.thucydides.core.requirements.BaseRequirementsService.getParentRequirementOf(BaseRequirementsService.java:138)
	at net.thucydides.core.requirements.BaseRequirementsService.getParentRequirementFor(BaseRequirementsService.java:48)
	at net.thucydides.core.reports.html.HtmlAcceptanceTestReporter.addParentRequirmentFieldToContext(HtmlAcceptanceTestReporter.java:196)
	at net.thucydides.core.reports.html.HtmlAcceptanceTestReporter.addTestOutcomeToContext(HtmlAcceptanceTestReporter.java:190)
	at net.thucydides.core.reports.html.HtmlAcceptanceTestReporter.generateReportFor(HtmlAcceptanceTestReporter.java:105)
	at net.thucydides.core.reports.ReportService.generateReportFor(ReportService.java:246)
	at net.thucydides.core.reports.ReportService.lambda$generateReportsFor$0(ReportService.java:184)
	at java.base/java.util.concurrent.Executors$RunnableAdapter.call(Executors.java:539)
	at java.base/java.util.concurrent.FutureTask.run(FutureTask.java:264)
	at java.base/java.util.concurrent.ThreadPoolExecutor.runWorker(ThreadPoolExecutor.java:1136)
	at java.base/java.util.concurrent.ThreadPoolExecutor$Worker.run(ThreadPoolExecutor.java:635)
	at java.base/java.lang.Thread.run(Thread.java:833)

20:13:38.883 [pool-3-thread-3] WARN net.thucydides.core.requirements.RequirementsTagProvider - Failed to load requirements: Illegal char <:> at index 4: file:\C:\Users\LENOVO-PC\OneDrive%20-%20IT-PLN\Dokumen\apenim\Diskusiaza-QE\WEB%20DISKUSIAZA\src\test\resources\web\Register.feature
java.nio.file.InvalidPathException: Illegal char <:> at index 4: file:\C:\Users\LENOVO-PC\OneDrive%20-%20IT-PLN\Dokumen\apenim\Diskusiaza-QE\WEB%20DISKUSIAZA\src\test\resources\web\Register.feature
	at java.base/sun.nio.fs.WindowsPathParser.normalize(WindowsPathParser.java:182)
	at java.base/sun.nio.fs.WindowsPathParser.parse(WindowsPathParser.java:153)
	at java.base/sun.nio.fs.WindowsPathParser.parse(WindowsPathParser.java:77)
	at java.base/sun.nio.fs.WindowsPath.parse(WindowsPath.java:92)
	at java.base/sun.nio.fs.WindowsFileSystem.getPath(WindowsFileSystem.java:232)
	at java.base/java.io.File.toPath(File.java:2387)
	at net.thucydides.core.requirements.RootDirectory.getRelativePathOf(RootDirectory.java:364)
	at net.thucydides.core.requirements.FileSystemRequirementsTagProvider.requirementWithMatchingPath(FileSystemRequirementsTagProvider.java:372)
	at net.thucydides.core.requirements.FileSystemRequirementsTagProvider.getParentRequirementOf(FileSystemRequirementsTagProvider.java:335)
	at net.thucydides.core.requirements.ParentRequirementsProvided.forOutcome(ParentRequirementsProvided.java:26)
	at net.thucydides.core.requirements.BaseRequirementsService.getParentRequirementOf(BaseRequirementsService.java:138)
	at net.thucydides.core.requirements.BaseRequirementsService.getAncestorRequirementsFor(BaseRequirementsService.java:78)
	at net.thucydides.core.reports.html.HtmlAcceptanceTestReporter.addBreadcrumbs(HtmlAcceptanceTestReporter.java:226)
	at net.thucydides.core.reports.html.HtmlAcceptanceTestReporter.addParentRequirmentFieldToContext(HtmlAcceptanceTestReporter.java:214)
	at net.thucydides.core.reports.html.HtmlAcceptanceTestReporter.addTestOutcomeToContext(HtmlAcceptanceTestReporter.java:190)
	at net.thucydides.core.reports.html.HtmlAcceptanceTestReporter.generateReportFor(HtmlAcceptanceTestReporter.java:105)
	at net.thucydides.core.reports.ReportService.generateReportFor(ReportService.java:246)
	at net.thucydides.core.reports.ReportService.lambda$generateReportsFor$0(ReportService.java:184)
	at java.base/java.util.concurrent.Executors$RunnableAdapter.call(Executors.java:539)
	at java.base/java.util.concurrent.FutureTask.run(FutureTask.java:264)
	at java.base/java.util.concurrent.ThreadPoolExecutor.runWorker(ThreadPoolExecutor.java:1136)
	at java.base/java.util.concurrent.ThreadPoolExecutor$Worker.run(ThreadPoolExecutor.java:635)
	at java.base/java.lang.Thread.run(Thread.java:833)

20:13:38.883 [pool-3-thread-3] WARN net.thucydides.core.requirements.RequirementsTagProvider - Failed to load requirements: Illegal char <:> at index 4: file:\C:\Users\LENOVO-PC\OneDrive%20-%20IT-PLN\Dokumen\apenim\Diskusiaza-QE\WEB%20DISKUSIAZA\src\test\resources\web\Register.feature
java.nio.file.InvalidPathException: Illegal char <:> at index 4: file:\C:\Users\LENOVO-PC\OneDrive%20-%20IT-PLN\Dokumen\apenim\Diskusiaza-QE\WEB%20DISKUSIAZA\src\test\resources\web\Register.feature
	at java.base/sun.nio.fs.WindowsPathParser.normalize(WindowsPathParser.java:182)
	at java.base/sun.nio.fs.WindowsPathParser.parse(WindowsPathParser.java:153)
	at java.base/sun.nio.fs.WindowsPathParser.parse(WindowsPathParser.java:77)
	at java.base/sun.nio.fs.WindowsPath.parse(WindowsPath.java:92)
	at java.base/sun.nio.fs.WindowsFileSystem.getPath(WindowsFileSystem.java:232)
	at java.base/java.io.File.toPath(File.java:2387)
	at net.thucydides.core.requirements.RootDirectory.getRelativePathOf(RootDirectory.java:364)
	at net.thucydides.core.requirements.FileSystemRequirementsTagProvider.requirementWithMatchingPath(FileSystemRequirementsTagProvider.java:372)
	at net.thucydides.core.requirements.FileSystemRequirementsTagProvider.getParentRequirementOf(FileSystemRequirementsTagProvider.java:335)
	at net.thucydides.core.requirements.ParentRequirementsProvided.forOutcome(ParentRequirementsProvided.java:26)
	at net.thucydides.core.requirements.BaseRequirementsService.getParentRequirementOf(BaseRequirementsService.java:138)
	at net.thucydides.core.requirements.BaseRequirementsService.getAncestorRequirementsFor(BaseRequirementsService.java:78)
	at net.thucydides.core.tags.BreadcrumbTagFilter.getRequirementBreadcrumbsFrom(BreadcrumbTagFilter.java:51)
	at net.thucydides.core.reports.html.HtmlAcceptanceTestReporter.addBreadcrumbs(HtmlAcceptanceTestReporter.java:227)
	at net.thucydides.core.reports.html.HtmlAcceptanceTestReporter.addParentRequirmentFieldToContext(HtmlAcceptanceTestReporter.java:214)
	at net.thucydides.core.reports.html.HtmlAcceptanceTestReporter.addTestOutcomeToContext(HtmlAcceptanceTestReporter.java:190)
	at net.thucydides.core.reports.html.HtmlAcceptanceTestReporter.generateReportFor(HtmlAcceptanceTestReporter.java:105)
	at net.thucydides.core.reports.ReportService.generateReportFor(ReportService.java:246)
	at net.thucydides.core.reports.ReportService.lambda$generateReportsFor$0(ReportService.java:184)
	at java.base/java.util.concurrent.Executors$RunnableAdapter.call(Executors.java:539)
	at java.base/java.util.concurrent.FutureTask.run(FutureTask.java:264)
	at java.base/java.util.concurrent.ThreadPoolExecutor.runWorker(ThreadPoolExecutor.java:1136)
	at java.base/java.util.concurrent.ThreadPoolExecutor$Worker.run(ThreadPoolExecutor.java:635)
	at java.base/java.lang.Thread.run(Thread.java:833)

20:13:38.902 [pool-3-thread-4] DEBUG serenity.reporting - Generated report 936f4cba8efd0a35bb1fdc963e1776e4151af3cb8e0a0f6d43fa57821996b722_screenshots.html in 147 ms

20:13:38.905 [pool-3-thread-4] DEBUG serenity.reporting - Generating report in 936f4cba8efd0a35bb1fdc963e1776e4151af3cb8e0a0f6d43fa57821996b722.html

20:13:38.920 [pool-3-thread-3] WARN net.thucydides.core.requirements.RequirementsTagProvider - Failed to load requirements: Illegal char <:> at index 4: file:\C:\Users\LENOVO-PC\OneDrive%20-%20IT-PLN\Dokumen\apenim\Diskusiaza-QE\WEB%20DISKUSIAZA\src\test\resources\web\Register.feature
java.nio.file.InvalidPathException: Illegal char <:> at index 4: file:\C:\Users\LENOVO-PC\OneDrive%20-%20IT-PLN\Dokumen\apenim\Diskusiaza-QE\WEB%20DISKUSIAZA\src\test\resources\web\Register.feature
	at java.base/sun.nio.fs.WindowsPathParser.normalize(WindowsPathParser.java:182)
	at java.base/sun.nio.fs.WindowsPathParser.parse(WindowsPathParser.java:153)
	at java.base/sun.nio.fs.WindowsPathParser.parse(WindowsPathParser.java:77)
	at java.base/sun.nio.fs.WindowsPath.parse(WindowsPath.java:92)
	at java.base/sun.nio.fs.WindowsFileSystem.getPath(WindowsFileSystem.java:232)
	at java.base/java.io.File.toPath(File.java:2387)
	at net.thucydides.core.requirements.RootDirectory.getRelativePathOf(RootDirectory.java:364)
	at net.thucydides.core.requirements.FileSystemRequirementsTagProvider.requirementWithMatchingPath(FileSystemRequirementsTagProvider.java:372)
	at net.thucydides.core.requirements.FileSystemRequirementsTagProvider.getParentRequirementOf(FileSystemRequirementsTagProvider.java:335)
	at net.thucydides.core.requirements.ParentRequirementsProvided.forOutcome(ParentRequirementsProvided.java:26)
	at net.thucydides.core.requirements.BaseRequirementsService.getParentRequirementOf(BaseRequirementsService.java:138)
	at net.thucydides.core.requirements.BaseRequirementsService.getParentRequirementFor(BaseRequirementsService.java:48)
	at net.thucydides.core.reports.html.HtmlAcceptanceTestReporter.addParentRequirmentFieldToContext(HtmlAcceptanceTestReporter.java:196)
	at net.thucydides.core.reports.html.HtmlAcceptanceTestReporter.addTestOutcomeToContext(HtmlAcceptanceTestReporter.java:190)
	at net.thucydides.core.reports.html.HtmlAcceptanceTestReporter.generateScreenshotReportsFor(HtmlAcceptanceTestReporter.java:254)
	at net.thucydides.core.reports.html.HtmlAcceptanceTestReporter.generateReportFor(HtmlAcceptanceTestReporter.java:108)
	at net.thucydides.core.reports.ReportService.generateReportFor(ReportService.java:246)
	at net.thucydides.core.reports.ReportService.lambda$generateReportsFor$0(ReportService.java:184)
	at java.base/java.util.concurrent.Executors$RunnableAdapter.call(Executors.java:539)
	at java.base/java.util.concurrent.FutureTask.run(FutureTask.java:264)
	at java.base/java.util.concurrent.ThreadPoolExecutor.runWorker(ThreadPoolExecutor.java:1136)
	at java.base/java.util.concurrent.ThreadPoolExecutor$Worker.run(ThreadPoolExecutor.java:635)
	at java.base/java.lang.Thread.run(Thread.java:833)

20:13:38.928 [pool-3-thread-3] WARN net.thucydides.core.requirements.RequirementsTagProvider - Failed to load requirements: Illegal char <:> at index 4: file:\C:\Users\LENOVO-PC\OneDrive%20-%20IT-PLN\Dokumen\apenim\Diskusiaza-QE\WEB%20DISKUSIAZA\src\test\resources\web\Register.feature
java.nio.file.InvalidPathException: Illegal char <:> at index 4: file:\C:\Users\LENOVO-PC\OneDrive%20-%20IT-PLN\Dokumen\apenim\Diskusiaza-QE\WEB%20DISKUSIAZA\src\test\resources\web\Register.feature
	at java.base/sun.nio.fs.WindowsPathParser.normalize(WindowsPathParser.java:182)
	at java.base/sun.nio.fs.WindowsPathParser.parse(WindowsPathParser.java:153)
	at java.base/sun.nio.fs.WindowsPathParser.parse(WindowsPathParser.java:77)
	at java.base/sun.nio.fs.WindowsPath.parse(WindowsPath.java:92)
	at java.base/sun.nio.fs.WindowsFileSystem.getPath(WindowsFileSystem.java:232)
	at java.base/java.io.File.toPath(File.java:2387)
	at net.thucydides.core.requirements.RootDirectory.getRelativePathOf(RootDirectory.java:364)
	at net.thucydides.core.requirements.FileSystemRequirementsTagProvider.requirementWithMatchingPath(FileSystemRequirementsTagProvider.java:372)
	at net.thucydides.core.requirements.FileSystemRequirementsTagProvider.getParentRequirementOf(FileSystemRequirementsTagProvider.java:335)
	at net.thucydides.core.requirements.ParentRequirementsProvided.forOutcome(ParentRequirementsProvided.java:26)
	at net.thucydides.core.requirements.BaseRequirementsService.getParentRequirementOf(BaseRequirementsService.java:138)
	at net.thucydides.core.requirements.BaseRequirementsService.getAncestorRequirementsFor(BaseRequirementsService.java:78)
	at net.thucydides.core.reports.html.HtmlAcceptanceTestReporter.addBreadcrumbs(HtmlAcceptanceTestReporter.java:226)
	at net.thucydides.core.reports.html.HtmlAcceptanceTestReporter.addParentRequirmentFieldToContext(HtmlAcceptanceTestReporter.java:214)
	at net.thucydides.core.reports.html.HtmlAcceptanceTestReporter.addTestOutcomeToContext(HtmlAcceptanceTestReporter.java:190)
	at net.thucydides.core.reports.html.HtmlAcceptanceTestReporter.generateScreenshotReportsFor(HtmlAcceptanceTestReporter.java:254)
	at net.thucydides.core.reports.html.HtmlAcceptanceTestReporter.generateReportFor(HtmlAcceptanceTestReporter.java:108)
	at net.thucydides.core.reports.ReportService.generateReportFor(ReportService.java:246)
	at net.thucydides.core.reports.ReportService.lambda$generateReportsFor$0(ReportService.java:184)
	at java.base/java.util.concurrent.Executors$RunnableAdapter.call(Executors.java:539)
	at java.base/java.util.concurrent.FutureTask.run(FutureTask.java:264)
	at java.base/java.util.concurrent.ThreadPoolExecutor.runWorker(ThreadPoolExecutor.java:1136)
	at java.base/java.util.concurrent.ThreadPoolExecutor$Worker.run(ThreadPoolExecutor.java:635)
	at java.base/java.lang.Thread.run(Thread.java:833)

20:13:38.928 [pool-3-thread-3] WARN net.thucydides.core.requirements.RequirementsTagProvider - Failed to load requirements: Illegal char <:> at index 4: file:\C:\Users\LENOVO-PC\OneDrive%20-%20IT-PLN\Dokumen\apenim\Diskusiaza-QE\WEB%20DISKUSIAZA\src\test\resources\web\Register.feature
java.nio.file.InvalidPathException: Illegal char <:> at index 4: file:\C:\Users\LENOVO-PC\OneDrive%20-%20IT-PLN\Dokumen\apenim\Diskusiaza-QE\WEB%20DISKUSIAZA\src\test\resources\web\Register.feature
	at java.base/sun.nio.fs.WindowsPathParser.normalize(WindowsPathParser.java:182)
	at java.base/sun.nio.fs.WindowsPathParser.parse(WindowsPathParser.java:153)
	at java.base/sun.nio.fs.WindowsPathParser.parse(WindowsPathParser.java:77)
	at java.base/sun.nio.fs.WindowsPath.parse(WindowsPath.java:92)
	at java.base/sun.nio.fs.WindowsFileSystem.getPath(WindowsFileSystem.java:232)
	at java.base/java.io.File.toPath(File.java:2387)
	at net.thucydides.core.requirements.RootDirectory.getRelativePathOf(RootDirectory.java:364)
	at net.thucydides.core.requirements.FileSystemRequirementsTagProvider.requirementWithMatchingPath(FileSystemRequirementsTagProvider.java:372)
	at net.thucydides.core.requirements.FileSystemRequirementsTagProvider.getParentRequirementOf(FileSystemRequirementsTagProvider.java:335)
	at net.thucydides.core.requirements.ParentRequirementsProvided.forOutcome(ParentRequirementsProvided.java:26)
	at net.thucydides.core.requirements.BaseRequirementsService.getParentRequirementOf(BaseRequirementsService.java:138)
	at net.thucydides.core.requirements.BaseRequirementsService.getAncestorRequirementsFor(BaseRequirementsService.java:78)
	at net.thucydides.core.tags.BreadcrumbTagFilter.getRequirementBreadcrumbsFrom(BreadcrumbTagFilter.java:51)
	at net.thucydides.core.reports.html.HtmlAcceptanceTestReporter.addBreadcrumbs(HtmlAcceptanceTestReporter.java:227)
	at net.thucydides.core.reports.html.HtmlAcceptanceTestReporter.addParentRequirmentFieldToContext(HtmlAcceptanceTestReporter.java:214)
	at net.thucydides.core.reports.html.HtmlAcceptanceTestReporter.addTestOutcomeToContext(HtmlAcceptanceTestReporter.java:190)
	at net.thucydides.core.reports.html.HtmlAcceptanceTestReporter.generateScreenshotReportsFor(HtmlAcceptanceTestReporter.java:254)
	at net.thucydides.core.reports.html.HtmlAcceptanceTestReporter.generateReportFor(HtmlAcceptanceTestReporter.java:108)
	at net.thucydides.core.reports.ReportService.generateReportFor(ReportService.java:246)
	at net.thucydides.core.reports.ReportService.lambda$generateReportsFor$0(ReportService.java:184)
	at java.base/java.util.concurrent.Executors$RunnableAdapter.call(Executors.java:539)
	at java.base/java.util.concurrent.FutureTask.run(FutureTask.java:264)
	at java.base/java.util.concurrent.ThreadPoolExecutor.runWorker(ThreadPoolExecutor.java:1136)
	at java.base/java.util.concurrent.ThreadPoolExecutor$Worker.run(ThreadPoolExecutor.java:635)
	at java.base/java.lang.Thread.run(Thread.java:833)

20:13:38.928 [pool-3-thread-3] DEBUG serenity.reporting - Generating report in f382969343fd1ebad49413d6be5ce66206b4b5d26e12004e7d8a511ba18f9c65_screenshots.html

20:13:38.974 [pool-3-thread-1] DEBUG serenity.reporting - Generated report 8fc61d68489e671b97fdd5ac99e512f2e60e08e95a14bca1c40461f30f12f183.html in 411 ms

20:13:38.976 [pool-3-thread-1] DEBUG net.thucydides.core.reports.ReportService - Processing test outcome user on register page:User input valid data done

20:13:38.976 [pool-3-thread-1] DEBUG net.thucydides.core.reports.ReportService - Processing test outcome user on register page:user tidak memasukkan jenis kelamin

20:13:38.976 [pool-3-thread-1] INFO net.thucydides.core.reports.ReportService - net.thucydides.core.reports.html.HtmlAcceptanceTestReporter@3e2432c2: Generating report for test outcome: user on register page:user tidak memasukkan jenis kelamin

20:13:38.976 [pool-3-thread-1] WARN net.thucydides.core.requirements.RequirementsTagProvider - Failed to load requirements: Illegal char <:> at index 4: file:\C:\Users\LENOVO-PC\OneDrive%20-%20IT-PLN\Dokumen\apenim\Diskusiaza-QE\WEB%20DISKUSIAZA\src\test\resources\web\Register.feature
java.nio.file.InvalidPathException: Illegal char <:> at index 4: file:\C:\Users\LENOVO-PC\OneDrive%20-%20IT-PLN\Dokumen\apenim\Diskusiaza-QE\WEB%20DISKUSIAZA\src\test\resources\web\Register.feature
	at java.base/sun.nio.fs.WindowsPathParser.normalize(WindowsPathParser.java:182)
	at java.base/sun.nio.fs.WindowsPathParser.parse(WindowsPathParser.java:153)
	at java.base/sun.nio.fs.WindowsPathParser.parse(WindowsPathParser.java:77)
	at java.base/sun.nio.fs.WindowsPath.parse(WindowsPath.java:92)
	at java.base/sun.nio.fs.WindowsFileSystem.getPath(WindowsFileSystem.java:232)
	at java.base/java.io.File.toPath(File.java:2387)
	at net.thucydides.core.requirements.RootDirectory.getRelativePathOf(RootDirectory.java:364)
	at net.thucydides.core.requirements.FileSystemRequirementsTagProvider.requirementWithMatchingPath(FileSystemRequirementsTagProvider.java:372)
	at net.thucydides.core.requirements.FileSystemRequirementsTagProvider.getParentRequirementOf(FileSystemRequirementsTagProvider.java:335)
	at net.thucydides.core.requirements.ParentRequirementsProvided.forOutcome(ParentRequirementsProvided.java:26)
	at net.thucydides.core.requirements.BaseRequirementsService.getParentRequirementOf(BaseRequirementsService.java:138)
	at net.thucydides.core.requirements.BaseRequirementsService.getParentRequirementFor(BaseRequirementsService.java:48)
	at net.thucydides.core.reports.html.HtmlAcceptanceTestReporter.addParentRequirmentFieldToContext(HtmlAcceptanceTestReporter.java:196)
	at net.thucydides.core.reports.html.HtmlAcceptanceTestReporter.addTestOutcomeToContext(HtmlAcceptanceTestReporter.java:190)
	at net.thucydides.core.reports.html.HtmlAcceptanceTestReporter.generateReportFor(HtmlAcceptanceTestReporter.java:105)
	at net.thucydides.core.reports.ReportService.generateReportFor(ReportService.java:246)
	at net.thucydides.core.reports.ReportService.lambda$generateReportsFor$0(ReportService.java:184)
	at java.base/java.util.concurrent.Executors$RunnableAdapter.call(Executors.java:539)
	at java.base/java.util.concurrent.FutureTask.run(FutureTask.java:264)
	at java.base/java.util.concurrent.ThreadPoolExecutor.runWorker(ThreadPoolExecutor.java:1136)
	at java.base/java.util.concurrent.ThreadPoolExecutor$Worker.run(ThreadPoolExecutor.java:635)
	at java.base/java.lang.Thread.run(Thread.java:833)

20:13:38.976 [pool-3-thread-1] WARN net.thucydides.core.requirements.RequirementsTagProvider - Failed to load requirements: Illegal char <:> at index 4: file:\C:\Users\LENOVO-PC\OneDrive%20-%20IT-PLN\Dokumen\apenim\Diskusiaza-QE\WEB%20DISKUSIAZA\src\test\resources\web\Register.feature
java.nio.file.InvalidPathException: Illegal char <:> at index 4: file:\C:\Users\LENOVO-PC\OneDrive%20-%20IT-PLN\Dokumen\apenim\Diskusiaza-QE\WEB%20DISKUSIAZA\src\test\resources\web\Register.feature
	at java.base/sun.nio.fs.WindowsPathParser.normalize(WindowsPathParser.java:182)
	at java.base/sun.nio.fs.WindowsPathParser.parse(WindowsPathParser.java:153)
	at java.base/sun.nio.fs.WindowsPathParser.parse(WindowsPathParser.java:77)
	at java.base/sun.nio.fs.WindowsPath.parse(WindowsPath.java:92)
	at java.base/sun.nio.fs.WindowsFileSystem.getPath(WindowsFileSystem.java:232)
	at java.base/java.io.File.toPath(File.java:2387)
	at net.thucydides.core.requirements.RootDirectory.getRelativePathOf(RootDirectory.java:364)
	at net.thucydides.core.requirements.FileSystemRequirementsTagProvider.requirementWithMatchingPath(FileSystemRequirementsTagProvider.java:372)
	at net.thucydides.core.requirements.FileSystemRequirementsTagProvider.getParentRequirementOf(FileSystemRequirementsTagProvider.java:335)
	at net.thucydides.core.requirements.ParentRequirementsProvided.forOutcome(ParentRequirementsProvided.java:26)
	at net.thucydides.core.requirements.BaseRequirementsService.getParentRequirementOf(BaseRequirementsService.java:138)
	at net.thucydides.core.requirements.BaseRequirementsService.getAncestorRequirementsFor(BaseRequirementsService.java:78)
	at net.thucydides.core.reports.html.HtmlAcceptanceTestReporter.addBreadcrumbs(HtmlAcceptanceTestReporter.java:226)
	at net.thucydides.core.reports.html.HtmlAcceptanceTestReporter.addParentRequirmentFieldToContext(HtmlAcceptanceTestReporter.java:214)
	at net.thucydides.core.reports.html.HtmlAcceptanceTestReporter.addTestOutcomeToContext(HtmlAcceptanceTestReporter.java:190)
	at net.thucydides.core.reports.html.HtmlAcceptanceTestReporter.generateReportFor(HtmlAcceptanceTestReporter.java:105)
	at net.thucydides.core.reports.ReportService.generateReportFor(ReportService.java:246)
	at net.thucydides.core.reports.ReportService.lambda$generateReportsFor$0(ReportService.java:184)
	at java.base/java.util.concurrent.Executors$RunnableAdapter.call(Executors.java:539)
	at java.base/java.util.concurrent.FutureTask.run(FutureTask.java:264)
	at java.base/java.util.concurrent.ThreadPoolExecutor.runWorker(ThreadPoolExecutor.java:1136)
	at java.base/java.util.concurrent.ThreadPoolExecutor$Worker.run(ThreadPoolExecutor.java:635)
	at java.base/java.lang.Thread.run(Thread.java:833)

20:13:38.976 [pool-3-thread-1] WARN net.thucydides.core.requirements.RequirementsTagProvider - Failed to load requirements: Illegal char <:> at index 4: file:\C:\Users\LENOVO-PC\OneDrive%20-%20IT-PLN\Dokumen\apenim\Diskusiaza-QE\WEB%20DISKUSIAZA\src\test\resources\web\Register.feature
java.nio.file.InvalidPathException: Illegal char <:> at index 4: file:\C:\Users\LENOVO-PC\OneDrive%20-%20IT-PLN\Dokumen\apenim\Diskusiaza-QE\WEB%20DISKUSIAZA\src\test\resources\web\Register.feature
	at java.base/sun.nio.fs.WindowsPathParser.normalize(WindowsPathParser.java:182)
	at java.base/sun.nio.fs.WindowsPathParser.parse(WindowsPathParser.java:153)
	at java.base/sun.nio.fs.WindowsPathParser.parse(WindowsPathParser.java:77)
	at java.base/sun.nio.fs.WindowsPath.parse(WindowsPath.java:92)
	at java.base/sun.nio.fs.WindowsFileSystem.getPath(WindowsFileSystem.java:232)
	at java.base/java.io.File.toPath(File.java:2387)
	at net.thucydides.core.requirements.RootDirectory.getRelativePathOf(RootDirectory.java:364)
	at net.thucydides.core.requirements.FileSystemRequirementsTagProvider.requirementWithMatchingPath(FileSystemRequirementsTagProvider.java:372)
	at net.thucydides.core.requirements.FileSystemRequirementsTagProvider.getParentRequirementOf(FileSystemRequirementsTagProvider.java:335)
	at net.thucydides.core.requirements.ParentRequirementsProvided.forOutcome(ParentRequirementsProvided.java:26)
	at net.thucydides.core.requirements.BaseRequirementsService.getParentRequirementOf(BaseRequirementsService.java:138)
	at net.thucydides.core.requirements.BaseRequirementsService.getAncestorRequirementsFor(BaseRequirementsService.java:78)
	at net.thucydides.core.tags.BreadcrumbTagFilter.getRequirementBreadcrumbsFrom(BreadcrumbTagFilter.java:51)
	at net.thucydides.core.reports.html.HtmlAcceptanceTestReporter.addBreadcrumbs(HtmlAcceptanceTestReporter.java:227)
	at net.thucydides.core.reports.html.HtmlAcceptanceTestReporter.addParentRequirmentFieldToContext(HtmlAcceptanceTestReporter.java:214)
	at net.thucydides.core.reports.html.HtmlAcceptanceTestReporter.addTestOutcomeToContext(HtmlAcceptanceTestReporter.java:190)
	at net.thucydides.core.reports.html.HtmlAcceptanceTestReporter.generateReportFor(HtmlAcceptanceTestReporter.java:105)
	at net.thucydides.core.reports.ReportService.generateReportFor(ReportService.java:246)
	at net.thucydides.core.reports.ReportService.lambda$generateReportsFor$0(ReportService.java:184)
	at java.base/java.util.concurrent.Executors$RunnableAdapter.call(Executors.java:539)
	at java.base/java.util.concurrent.FutureTask.run(FutureTask.java:264)
	at java.base/java.util.concurrent.ThreadPoolExecutor.runWorker(ThreadPoolExecutor.java:1136)
	at java.base/java.util.concurrent.ThreadPoolExecutor$Worker.run(ThreadPoolExecutor.java:635)
	at java.base/java.lang.Thread.run(Thread.java:833)

20:13:38.990 [pool-3-thread-1] WARN net.thucydides.core.requirements.RequirementsTagProvider - Failed to load requirements: Illegal char <:> at index 4: file:\C:\Users\LENOVO-PC\OneDrive%20-%20IT-PLN\Dokumen\apenim\Diskusiaza-QE\WEB%20DISKUSIAZA\src\test\resources\web\Register.feature
java.nio.file.InvalidPathException: Illegal char <:> at index 4: file:\C:\Users\LENOVO-PC\OneDrive%20-%20IT-PLN\Dokumen\apenim\Diskusiaza-QE\WEB%20DISKUSIAZA\src\test\resources\web\Register.feature
	at java.base/sun.nio.fs.WindowsPathParser.normalize(WindowsPathParser.java:182)
	at java.base/sun.nio.fs.WindowsPathParser.parse(WindowsPathParser.java:153)
	at java.base/sun.nio.fs.WindowsPathParser.parse(WindowsPathParser.java:77)
	at java.base/sun.nio.fs.WindowsPath.parse(WindowsPath.java:92)
	at java.base/sun.nio.fs.WindowsFileSystem.getPath(WindowsFileSystem.java:232)
	at java.base/java.io.File.toPath(File.java:2387)
	at net.thucydides.core.requirements.RootDirectory.getRelativePathOf(RootDirectory.java:364)
	at net.thucydides.core.requirements.FileSystemRequirementsTagProvider.requirementWithMatchingPath(FileSystemRequirementsTagProvider.java:372)
	at net.thucydides.core.requirements.FileSystemRequirementsTagProvider.getParentRequirementOf(FileSystemRequirementsTagProvider.java:335)
	at net.thucydides.core.requirements.ParentRequirementsProvided.forOutcome(ParentRequirementsProvided.java:26)
	at net.thucydides.core.requirements.BaseRequirementsService.getParentRequirementOf(BaseRequirementsService.java:138)
	at net.thucydides.core.requirements.BaseRequirementsService.getParentRequirementFor(BaseRequirementsService.java:48)
	at net.thucydides.core.reports.html.HtmlAcceptanceTestReporter.addParentRequirmentFieldToContext(HtmlAcceptanceTestReporter.java:196)
	at net.thucydides.core.reports.html.HtmlAcceptanceTestReporter.addTestOutcomeToContext(HtmlAcceptanceTestReporter.java:190)
	at net.thucydides.core.reports.html.HtmlAcceptanceTestReporter.generateScreenshotReportsFor(HtmlAcceptanceTestReporter.java:254)
	at net.thucydides.core.reports.html.HtmlAcceptanceTestReporter.generateReportFor(HtmlAcceptanceTestReporter.java:108)
	at net.thucydides.core.reports.ReportService.generateReportFor(ReportService.java:246)
	at net.thucydides.core.reports.ReportService.lambda$generateReportsFor$0(ReportService.java:184)
	at java.base/java.util.concurrent.Executors$RunnableAdapter.call(Executors.java:539)
	at java.base/java.util.concurrent.FutureTask.run(FutureTask.java:264)
	at java.base/java.util.concurrent.ThreadPoolExecutor.runWorker(ThreadPoolExecutor.java:1136)
	at java.base/java.util.concurrent.ThreadPoolExecutor$Worker.run(ThreadPoolExecutor.java:635)
	at java.base/java.lang.Thread.run(Thread.java:833)

20:13:38.990 [pool-3-thread-1] WARN net.thucydides.core.requirements.RequirementsTagProvider - Failed to load requirements: Illegal char <:> at index 4: file:\C:\Users\LENOVO-PC\OneDrive%20-%20IT-PLN\Dokumen\apenim\Diskusiaza-QE\WEB%20DISKUSIAZA\src\test\resources\web\Register.feature
java.nio.file.InvalidPathException: Illegal char <:> at index 4: file:\C:\Users\LENOVO-PC\OneDrive%20-%20IT-PLN\Dokumen\apenim\Diskusiaza-QE\WEB%20DISKUSIAZA\src\test\resources\web\Register.feature
	at java.base/sun.nio.fs.WindowsPathParser.normalize(WindowsPathParser.java:182)
	at java.base/sun.nio.fs.WindowsPathParser.parse(WindowsPathParser.java:153)
	at java.base/sun.nio.fs.WindowsPathParser.parse(WindowsPathParser.java:77)
	at java.base/sun.nio.fs.WindowsPath.parse(WindowsPath.java:92)
	at java.base/sun.nio.fs.WindowsFileSystem.getPath(WindowsFileSystem.java:232)
	at java.base/java.io.File.toPath(File.java:2387)
	at net.thucydides.core.requirements.RootDirectory.getRelativePathOf(RootDirectory.java:364)
	at net.thucydides.core.requirements.FileSystemRequirementsTagProvider.requirementWithMatchingPath(FileSystemRequirementsTagProvider.java:372)
	at net.thucydides.core.requirements.FileSystemRequirementsTagProvider.getParentRequirementOf(FileSystemRequirementsTagProvider.java:335)
	at net.thucydides.core.requirements.ParentRequirementsProvided.forOutcome(ParentRequirementsProvided.java:26)
	at net.thucydides.core.requirements.BaseRequirementsService.getParentRequirementOf(BaseRequirementsService.java:138)
	at net.thucydides.core.requirements.BaseRequirementsService.getAncestorRequirementsFor(BaseRequirementsService.java:78)
	at net.thucydides.core.reports.html.HtmlAcceptanceTestReporter.addBreadcrumbs(HtmlAcceptanceTestReporter.java:226)
	at net.thucydides.core.reports.html.HtmlAcceptanceTestReporter.addParentRequirmentFieldToContext(HtmlAcceptanceTestReporter.java:214)
	at net.thucydides.core.reports.html.HtmlAcceptanceTestReporter.addTestOutcomeToContext(HtmlAcceptanceTestReporter.java:190)
	at net.thucydides.core.reports.html.HtmlAcceptanceTestReporter.generateScreenshotReportsFor(HtmlAcceptanceTestReporter.java:254)
	at net.thucydides.core.reports.html.HtmlAcceptanceTestReporter.generateReportFor(HtmlAcceptanceTestReporter.java:108)
	at net.thucydides.core.reports.ReportService.generateReportFor(ReportService.java:246)
	at net.thucydides.core.reports.ReportService.lambda$generateReportsFor$0(ReportService.java:184)
	at java.base/java.util.concurrent.Executors$RunnableAdapter.call(Executors.java:539)
	at java.base/java.util.concurrent.FutureTask.run(FutureTask.java:264)
	at java.base/java.util.concurrent.ThreadPoolExecutor.runWorker(ThreadPoolExecutor.java:1136)
	at java.base/java.util.concurrent.ThreadPoolExecutor$Worker.run(ThreadPoolExecutor.java:635)
	at java.base/java.lang.Thread.run(Thread.java:833)

20:13:38.990 [pool-3-thread-1] WARN net.thucydides.core.requirements.RequirementsTagProvider - Failed to load requirements: Illegal char <:> at index 4: file:\C:\Users\LENOVO-PC\OneDrive%20-%20IT-PLN\Dokumen\apenim\Diskusiaza-QE\WEB%20DISKUSIAZA\src\test\resources\web\Register.feature
java.nio.file.InvalidPathException: Illegal char <:> at index 4: file:\C:\Users\LENOVO-PC\OneDrive%20-%20IT-PLN\Dokumen\apenim\Diskusiaza-QE\WEB%20DISKUSIAZA\src\test\resources\web\Register.feature
	at java.base/sun.nio.fs.WindowsPathParser.normalize(WindowsPathParser.java:182)
	at java.base/sun.nio.fs.WindowsPathParser.parse(WindowsPathParser.java:153)
	at java.base/sun.nio.fs.WindowsPathParser.parse(WindowsPathParser.java:77)
	at java.base/sun.nio.fs.WindowsPath.parse(WindowsPath.java:92)
	at java.base/sun.nio.fs.WindowsFileSystem.getPath(WindowsFileSystem.java:232)
	at java.base/java.io.File.toPath(File.java:2387)
	at net.thucydides.core.requirements.RootDirectory.getRelativePathOf(RootDirectory.java:364)
	at net.thucydides.core.requirements.FileSystemRequirementsTagProvider.requirementWithMatchingPath(FileSystemRequirementsTagProvider.java:372)
	at net.thucydides.core.requirements.FileSystemRequirementsTagProvider.getParentRequirementOf(FileSystemRequirementsTagProvider.java:335)
	at net.thucydides.core.requirements.ParentRequirementsProvided.forOutcome(ParentRequirementsProvided.java:26)
	at net.thucydides.core.requirements.BaseRequirementsService.getParentRequirementOf(BaseRequirementsService.java:138)
	at net.thucydides.core.requirements.BaseRequirementsService.getAncestorRequirementsFor(BaseRequirementsService.java:78)
	at net.thucydides.core.tags.BreadcrumbTagFilter.getRequirementBreadcrumbsFrom(BreadcrumbTagFilter.java:51)
	at net.thucydides.core.reports.html.HtmlAcceptanceTestReporter.addBreadcrumbs(HtmlAcceptanceTestReporter.java:227)
	at net.thucydides.core.reports.html.HtmlAcceptanceTestReporter.addParentRequirmentFieldToContext(HtmlAcceptanceTestReporter.java:214)
	at net.thucydides.core.reports.html.HtmlAcceptanceTestReporter.addTestOutcomeToContext(HtmlAcceptanceTestReporter.java:190)
	at net.thucydides.core.reports.html.HtmlAcceptanceTestReporter.generateScreenshotReportsFor(HtmlAcceptanceTestReporter.java:254)
	at net.thucydides.core.reports.html.HtmlAcceptanceTestReporter.generateReportFor(HtmlAcceptanceTestReporter.java:108)
	at net.thucydides.core.reports.ReportService.generateReportFor(ReportService.java:246)
	at net.thucydides.core.reports.ReportService.lambda$generateReportsFor$0(ReportService.java:184)
	at java.base/java.util.concurrent.Executors$RunnableAdapter.call(Executors.java:539)
	at java.base/java.util.concurrent.FutureTask.run(FutureTask.java:264)
	at java.base/java.util.concurrent.ThreadPoolExecutor.runWorker(ThreadPoolExecutor.java:1136)
	at java.base/java.util.concurrent.ThreadPoolExecutor$Worker.run(ThreadPoolExecutor.java:635)
	at java.base/java.lang.Thread.run(Thread.java:833)

20:13:38.992 [pool-3-thread-1] DEBUG serenity.reporting - Generating report in bbc2598324256bbbaa6f1b878f85bb3b3c1d436437698821dd4fa42742fa5abe_screenshots.html

20:13:39.011 [pool-3-thread-2] DEBUG serenity.reporting - Generated report 5fdb7e472f21e9c2d2152f78fd39fd98a574861da93943ecdb4192a4ee0ffe0c.html in 341 ms

20:13:39.011 [pool-3-thread-2] DEBUG net.thucydides.core.reports.ReportService - Processing test outcome user on register page:user tidak memasukkan email done

20:13:39.011 [pool-3-thread-2] DEBUG net.thucydides.core.reports.ReportService - Processing test outcome user on register page:user tidak mengisi confirm password

20:13:39.011 [pool-3-thread-2] INFO net.thucydides.core.reports.ReportService - net.thucydides.core.reports.html.HtmlAcceptanceTestReporter@3e2432c2: Generating report for test outcome: user on register page:user tidak mengisi confirm password

20:13:39.011 [pool-3-thread-2] WARN net.thucydides.core.requirements.RequirementsTagProvider - Failed to load requirements: Illegal char <:> at index 4: file:\C:\Users\LENOVO-PC\OneDrive%20-%20IT-PLN\Dokumen\apenim\Diskusiaza-QE\WEB%20DISKUSIAZA\src\test\resources\web\Register.feature
java.nio.file.InvalidPathException: Illegal char <:> at index 4: file:\C:\Users\LENOVO-PC\OneDrive%20-%20IT-PLN\Dokumen\apenim\Diskusiaza-QE\WEB%20DISKUSIAZA\src\test\resources\web\Register.feature
	at java.base/sun.nio.fs.WindowsPathParser.normalize(WindowsPathParser.java:182)
	at java.base/sun.nio.fs.WindowsPathParser.parse(WindowsPathParser.java:153)
	at java.base/sun.nio.fs.WindowsPathParser.parse(WindowsPathParser.java:77)
	at java.base/sun.nio.fs.WindowsPath.parse(WindowsPath.java:92)
	at java.base/sun.nio.fs.WindowsFileSystem.getPath(WindowsFileSystem.java:232)
	at java.base/java.io.File.toPath(File.java:2387)
	at net.thucydides.core.requirements.RootDirectory.getRelativePathOf(RootDirectory.java:364)
	at net.thucydides.core.requirements.FileSystemRequirementsTagProvider.requirementWithMatchingPath(FileSystemRequirementsTagProvider.java:372)
	at net.thucydides.core.requirements.FileSystemRequirementsTagProvider.getParentRequirementOf(FileSystemRequirementsTagProvider.java:335)
	at net.thucydides.core.requirements.ParentRequirementsProvided.forOutcome(ParentRequirementsProvided.java:26)
	at net.thucydides.core.requirements.BaseRequirementsService.getParentRequirementOf(BaseRequirementsService.java:138)
	at net.thucydides.core.requirements.BaseRequirementsService.getParentRequirementFor(BaseRequirementsService.java:48)
	at net.thucydides.core.reports.html.HtmlAcceptanceTestReporter.addParentRequirmentFieldToContext(HtmlAcceptanceTestReporter.java:196)
	at net.thucydides.core.reports.html.HtmlAcceptanceTestReporter.addTestOutcomeToContext(HtmlAcceptanceTestReporter.java:190)
	at net.thucydides.core.reports.html.HtmlAcceptanceTestReporter.generateReportFor(HtmlAcceptanceTestReporter.java:105)
	at net.thucydides.core.reports.ReportService.generateReportFor(ReportService.java:246)
	at net.thucydides.core.reports.ReportService.lambda$generateReportsFor$0(ReportService.java:184)
	at java.base/java.util.concurrent.Executors$RunnableAdapter.call(Executors.java:539)
	at java.base/java.util.concurrent.FutureTask.run(FutureTask.java:264)
	at java.base/java.util.concurrent.ThreadPoolExecutor.runWorker(ThreadPoolExecutor.java:1136)
	at java.base/java.util.concurrent.ThreadPoolExecutor$Worker.run(ThreadPoolExecutor.java:635)
	at java.base/java.lang.Thread.run(Thread.java:833)

20:13:39.011 [pool-3-thread-2] WARN net.thucydides.core.requirements.RequirementsTagProvider - Failed to load requirements: Illegal char <:> at index 4: file:\C:\Users\LENOVO-PC\OneDrive%20-%20IT-PLN\Dokumen\apenim\Diskusiaza-QE\WEB%20DISKUSIAZA\src\test\resources\web\Register.feature
java.nio.file.InvalidPathException: Illegal char <:> at index 4: file:\C:\Users\LENOVO-PC\OneDrive%20-%20IT-PLN\Dokumen\apenim\Diskusiaza-QE\WEB%20DISKUSIAZA\src\test\resources\web\Register.feature
	at java.base/sun.nio.fs.WindowsPathParser.normalize(WindowsPathParser.java:182)
	at java.base/sun.nio.fs.WindowsPathParser.parse(WindowsPathParser.java:153)
	at java.base/sun.nio.fs.WindowsPathParser.parse(WindowsPathParser.java:77)
	at java.base/sun.nio.fs.WindowsPath.parse(WindowsPath.java:92)
	at java.base/sun.nio.fs.WindowsFileSystem.getPath(WindowsFileSystem.java:232)
	at java.base/java.io.File.toPath(File.java:2387)
	at net.thucydides.core.requirements.RootDirectory.getRelativePathOf(RootDirectory.java:364)
	at net.thucydides.core.requirements.FileSystemRequirementsTagProvider.requirementWithMatchingPath(FileSystemRequirementsTagProvider.java:372)
	at net.thucydides.core.requirements.FileSystemRequirementsTagProvider.getParentRequirementOf(FileSystemRequirementsTagProvider.java:335)
	at net.thucydides.core.requirements.ParentRequirementsProvided.forOutcome(ParentRequirementsProvided.java:26)
	at net.thucydides.core.requirements.BaseRequirementsService.getParentRequirementOf(BaseRequirementsService.java:138)
	at net.thucydides.core.requirements.BaseRequirementsService.getAncestorRequirementsFor(BaseRequirementsService.java:78)
	at net.thucydides.core.reports.html.HtmlAcceptanceTestReporter.addBreadcrumbs(HtmlAcceptanceTestReporter.java:226)
	at net.thucydides.core.reports.html.HtmlAcceptanceTestReporter.addParentRequirmentFieldToContext(HtmlAcceptanceTestReporter.java:214)
	at net.thucydides.core.reports.html.HtmlAcceptanceTestReporter.addTestOutcomeToContext(HtmlAcceptanceTestReporter.java:190)
	at net.thucydides.core.reports.html.HtmlAcceptanceTestReporter.generateReportFor(HtmlAcceptanceTestReporter.java:105)
	at net.thucydides.core.reports.ReportService.generateReportFor(ReportService.java:246)
	at net.thucydides.core.reports.ReportService.lambda$generateReportsFor$0(ReportService.java:184)
	at java.base/java.util.concurrent.Executors$RunnableAdapter.call(Executors.java:539)
	at java.base/java.util.concurrent.FutureTask.run(FutureTask.java:264)
	at java.base/java.util.concurrent.ThreadPoolExecutor.runWorker(ThreadPoolExecutor.java:1136)
	at java.base/java.util.concurrent.ThreadPoolExecutor$Worker.run(ThreadPoolExecutor.java:635)
	at java.base/java.lang.Thread.run(Thread.java:833)

20:13:39.011 [pool-3-thread-2] WARN net.thucydides.core.requirements.RequirementsTagProvider - Failed to load requirements: Illegal char <:> at index 4: file:\C:\Users\LENOVO-PC\OneDrive%20-%20IT-PLN\Dokumen\apenim\Diskusiaza-QE\WEB%20DISKUSIAZA\src\test\resources\web\Register.feature
java.nio.file.InvalidPathException: Illegal char <:> at index 4: file:\C:\Users\LENOVO-PC\OneDrive%20-%20IT-PLN\Dokumen\apenim\Diskusiaza-QE\WEB%20DISKUSIAZA\src\test\resources\web\Register.feature
	at java.base/sun.nio.fs.WindowsPathParser.normalize(WindowsPathParser.java:182)
	at java.base/sun.nio.fs.WindowsPathParser.parse(WindowsPathParser.java:153)
	at java.base/sun.nio.fs.WindowsPathParser.parse(WindowsPathParser.java:77)
	at java.base/sun.nio.fs.WindowsPath.parse(WindowsPath.java:92)
	at java.base/sun.nio.fs.WindowsFileSystem.getPath(WindowsFileSystem.java:232)
	at java.base/java.io.File.toPath(File.java:2387)
	at net.thucydides.core.requirements.RootDirectory.getRelativePathOf(RootDirectory.java:364)
	at net.thucydides.core.requirements.FileSystemRequirementsTagProvider.requirementWithMatchingPath(FileSystemRequirementsTagProvider.java:372)
	at net.thucydides.core.requirements.FileSystemRequirementsTagProvider.getParentRequirementOf(FileSystemRequirementsTagProvider.java:335)
	at net.thucydides.core.requirements.ParentRequirementsProvided.forOutcome(ParentRequirementsProvided.java:26)
	at net.thucydides.core.requirements.BaseRequirementsService.getParentRequirementOf(BaseRequirementsService.java:138)
	at net.thucydides.core.requirements.BaseRequirementsService.getAncestorRequirementsFor(BaseRequirementsService.java:78)
	at net.thucydides.core.tags.BreadcrumbTagFilter.getRequirementBreadcrumbsFrom(BreadcrumbTagFilter.java:51)
	at net.thucydides.core.reports.html.HtmlAcceptanceTestReporter.addBreadcrumbs(HtmlAcceptanceTestReporter.java:227)
	at net.thucydides.core.reports.html.HtmlAcceptanceTestReporter.addParentRequirmentFieldToContext(HtmlAcceptanceTestReporter.java:214)
	at net.thucydides.core.reports.html.HtmlAcceptanceTestReporter.addTestOutcomeToContext(HtmlAcceptanceTestReporter.java:190)
	at net.thucydides.core.reports.html.HtmlAcceptanceTestReporter.generateReportFor(HtmlAcceptanceTestReporter.java:105)
	at net.thucydides.core.reports.ReportService.generateReportFor(ReportService.java:246)
	at net.thucydides.core.reports.ReportService.lambda$generateReportsFor$0(ReportService.java:184)
	at java.base/java.util.concurrent.Executors$RunnableAdapter.call(Executors.java:539)
	at java.base/java.util.concurrent.FutureTask.run(FutureTask.java:264)
	at java.base/java.util.concurrent.ThreadPoolExecutor.runWorker(ThreadPoolExecutor.java:1136)
	at java.base/java.util.concurrent.ThreadPoolExecutor$Worker.run(ThreadPoolExecutor.java:635)
	at java.base/java.lang.Thread.run(Thread.java:833)

20:13:39.016 [pool-3-thread-1] DEBUG serenity.reporting - Generated report bbc2598324256bbbaa6f1b878f85bb3b3c1d436437698821dd4fa42742fa5abe_screenshots.html in 24 ms

20:13:39.016 [pool-3-thread-1] DEBUG serenity.reporting - Generating report in bbc2598324256bbbaa6f1b878f85bb3b3c1d436437698821dd4fa42742fa5abe.html

20:13:39.043 [pool-3-thread-3] DEBUG serenity.reporting - Generated report f382969343fd1ebad49413d6be5ce66206b4b5d26e12004e7d8a511ba18f9c65_screenshots.html in 115 ms

20:13:39.048 [pool-3-thread-3] DEBUG serenity.reporting - Generating report in f382969343fd1ebad49413d6be5ce66206b4b5d26e12004e7d8a511ba18f9c65.html

20:13:39.070 [pool-3-thread-6] DEBUG serenity.reporting - Generated report 5b102b2638287ebc0ea99542512b605c4b676cfa0324efa67cd3c214405c6f22.html in 331 ms

20:13:39.070 [pool-3-thread-6] DEBUG net.thucydides.core.reports.ReportService - Processing test outcome user on register page:user tidak memasukan nama depan done

20:13:39.197 [pool-3-thread-2] WARN net.thucydides.core.requirements.RequirementsTagProvider - Failed to load requirements: Illegal char <:> at index 4: file:\C:\Users\LENOVO-PC\OneDrive%20-%20IT-PLN\Dokumen\apenim\Diskusiaza-QE\WEB%20DISKUSIAZA\src\test\resources\web\Register.feature
java.nio.file.InvalidPathException: Illegal char <:> at index 4: file:\C:\Users\LENOVO-PC\OneDrive%20-%20IT-PLN\Dokumen\apenim\Diskusiaza-QE\WEB%20DISKUSIAZA\src\test\resources\web\Register.feature
	at java.base/sun.nio.fs.WindowsPathParser.normalize(WindowsPathParser.java:182)
	at java.base/sun.nio.fs.WindowsPathParser.parse(WindowsPathParser.java:153)
	at java.base/sun.nio.fs.WindowsPathParser.parse(WindowsPathParser.java:77)
	at java.base/sun.nio.fs.WindowsPath.parse(WindowsPath.java:92)
	at java.base/sun.nio.fs.WindowsFileSystem.getPath(WindowsFileSystem.java:232)
	at java.base/java.io.File.toPath(File.java:2387)
	at net.thucydides.core.requirements.RootDirectory.getRelativePathOf(RootDirectory.java:364)
	at net.thucydides.core.requirements.FileSystemRequirementsTagProvider.requirementWithMatchingPath(FileSystemRequirementsTagProvider.java:372)
	at net.thucydides.core.requirements.FileSystemRequirementsTagProvider.getParentRequirementOf(FileSystemRequirementsTagProvider.java:335)
	at net.thucydides.core.requirements.ParentRequirementsProvided.forOutcome(ParentRequirementsProvided.java:26)
	at net.thucydides.core.requirements.BaseRequirementsService.getParentRequirementOf(BaseRequirementsService.java:138)
	at net.thucydides.core.requirements.BaseRequirementsService.getParentRequirementFor(BaseRequirementsService.java:48)
	at net.thucydides.core.reports.html.HtmlAcceptanceTestReporter.addParentRequirmentFieldToContext(HtmlAcceptanceTestReporter.java:196)
	at net.thucydides.core.reports.html.HtmlAcceptanceTestReporter.addTestOutcomeToContext(HtmlAcceptanceTestReporter.java:190)
	at net.thucydides.core.reports.html.HtmlAcceptanceTestReporter.generateScreenshotReportsFor(HtmlAcceptanceTestReporter.java:254)
	at net.thucydides.core.reports.html.HtmlAcceptanceTestReporter.generateReportFor(HtmlAcceptanceTestReporter.java:108)
	at net.thucydides.core.reports.ReportService.generateReportFor(ReportService.java:246)
	at net.thucydides.core.reports.ReportService.lambda$generateReportsFor$0(ReportService.java:184)
	at java.base/java.util.concurrent.Executors$RunnableAdapter.call(Executors.java:539)
	at java.base/java.util.concurrent.FutureTask.run(FutureTask.java:264)
	at java.base/java.util.concurrent.ThreadPoolExecutor.runWorker(ThreadPoolExecutor.java:1136)
	at java.base/java.util.concurrent.ThreadPoolExecutor$Worker.run(ThreadPoolExecutor.java:635)
	at java.base/java.lang.Thread.run(Thread.java:833)

20:13:39.197 [pool-3-thread-2] WARN net.thucydides.core.requirements.RequirementsTagProvider - Failed to load requirements: Illegal char <:> at index 4: file:\C:\Users\LENOVO-PC\OneDrive%20-%20IT-PLN\Dokumen\apenim\Diskusiaza-QE\WEB%20DISKUSIAZA\src\test\resources\web\Register.feature
java.nio.file.InvalidPathException: Illegal char <:> at index 4: file:\C:\Users\LENOVO-PC\OneDrive%20-%20IT-PLN\Dokumen\apenim\Diskusiaza-QE\WEB%20DISKUSIAZA\src\test\resources\web\Register.feature
	at java.base/sun.nio.fs.WindowsPathParser.normalize(WindowsPathParser.java:182)
	at java.base/sun.nio.fs.WindowsPathParser.parse(WindowsPathParser.java:153)
	at java.base/sun.nio.fs.WindowsPathParser.parse(WindowsPathParser.java:77)
	at java.base/sun.nio.fs.WindowsPath.parse(WindowsPath.java:92)
	at java.base/sun.nio.fs.WindowsFileSystem.getPath(WindowsFileSystem.java:232)
	at java.base/java.io.File.toPath(File.java:2387)
	at net.thucydides.core.requirements.RootDirectory.getRelativePathOf(RootDirectory.java:364)
	at net.thucydides.core.requirements.FileSystemRequirementsTagProvider.requirementWithMatchingPath(FileSystemRequirementsTagProvider.java:372)
	at net.thucydides.core.requirements.FileSystemRequirementsTagProvider.getParentRequirementOf(FileSystemRequirementsTagProvider.java:335)
	at net.thucydides.core.requirements.ParentRequirementsProvided.forOutcome(ParentRequirementsProvided.java:26)
	at net.thucydides.core.requirements.BaseRequirementsService.getParentRequirementOf(BaseRequirementsService.java:138)
	at net.thucydides.core.requirements.BaseRequirementsService.getAncestorRequirementsFor(BaseRequirementsService.java:78)
	at net.thucydides.core.reports.html.HtmlAcceptanceTestReporter.addBreadcrumbs(HtmlAcceptanceTestReporter.java:226)
	at net.thucydides.core.reports.html.HtmlAcceptanceTestReporter.addParentRequirmentFieldToContext(HtmlAcceptanceTestReporter.java:214)
	at net.thucydides.core.reports.html.HtmlAcceptanceTestReporter.addTestOutcomeToContext(HtmlAcceptanceTestReporter.java:190)
	at net.thucydides.core.reports.html.HtmlAcceptanceTestReporter.generateScreenshotReportsFor(HtmlAcceptanceTestReporter.java:254)
	at net.thucydides.core.reports.html.HtmlAcceptanceTestReporter.generateReportFor(HtmlAcceptanceTestReporter.java:108)
	at net.thucydides.core.reports.ReportService.generateReportFor(ReportService.java:246)
	at net.thucydides.core.reports.ReportService.lambda$generateReportsFor$0(ReportService.java:184)
	at java.base/java.util.concurrent.Executors$RunnableAdapter.call(Executors.java:539)
	at java.base/java.util.concurrent.FutureTask.run(FutureTask.java:264)
	at java.base/java.util.concurrent.ThreadPoolExecutor.runWorker(ThreadPoolExecutor.java:1136)
	at java.base/java.util.concurrent.ThreadPoolExecutor$Worker.run(ThreadPoolExecutor.java:635)
	at java.base/java.lang.Thread.run(Thread.java:833)

20:13:39.197 [pool-3-thread-2] WARN net.thucydides.core.requirements.RequirementsTagProvider - Failed to load requirements: Illegal char <:> at index 4: file:\C:\Users\LENOVO-PC\OneDrive%20-%20IT-PLN\Dokumen\apenim\Diskusiaza-QE\WEB%20DISKUSIAZA\src\test\resources\web\Register.feature
java.nio.file.InvalidPathException: Illegal char <:> at index 4: file:\C:\Users\LENOVO-PC\OneDrive%20-%20IT-PLN\Dokumen\apenim\Diskusiaza-QE\WEB%20DISKUSIAZA\src\test\resources\web\Register.feature
	at java.base/sun.nio.fs.WindowsPathParser.normalize(WindowsPathParser.java:182)
	at java.base/sun.nio.fs.WindowsPathParser.parse(WindowsPathParser.java:153)
	at java.base/sun.nio.fs.WindowsPathParser.parse(WindowsPathParser.java:77)
	at java.base/sun.nio.fs.WindowsPath.parse(WindowsPath.java:92)
	at java.base/sun.nio.fs.WindowsFileSystem.getPath(WindowsFileSystem.java:232)
	at java.base/java.io.File.toPath(File.java:2387)
	at net.thucydides.core.requirements.RootDirectory.getRelativePathOf(RootDirectory.java:364)
	at net.thucydides.core.requirements.FileSystemRequirementsTagProvider.requirementWithMatchingPath(FileSystemRequirementsTagProvider.java:372)
	at net.thucydides.core.requirements.FileSystemRequirementsTagProvider.getParentRequirementOf(FileSystemRequirementsTagProvider.java:335)
	at net.thucydides.core.requirements.ParentRequirementsProvided.forOutcome(ParentRequirementsProvided.java:26)
	at net.thucydides.core.requirements.BaseRequirementsService.getParentRequirementOf(BaseRequirementsService.java:138)
	at net.thucydides.core.requirements.BaseRequirementsService.getAncestorRequirementsFor(BaseRequirementsService.java:78)
	at net.thucydides.core.tags.BreadcrumbTagFilter.getRequirementBreadcrumbsFrom(BreadcrumbTagFilter.java:51)
	at net.thucydides.core.reports.html.HtmlAcceptanceTestReporter.addBreadcrumbs(HtmlAcceptanceTestReporter.java:227)
	at net.thucydides.core.reports.html.HtmlAcceptanceTestReporter.addParentRequirmentFieldToContext(HtmlAcceptanceTestReporter.java:214)
	at net.thucydides.core.reports.html.HtmlAcceptanceTestReporter.addTestOutcomeToContext(HtmlAcceptanceTestReporter.java:190)
	at net.thucydides.core.reports.html.HtmlAcceptanceTestReporter.generateScreenshotReportsFor(HtmlAcceptanceTestReporter.java:254)
	at net.thucydides.core.reports.html.HtmlAcceptanceTestReporter.generateReportFor(HtmlAcceptanceTestReporter.java:108)
	at net.thucydides.core.reports.ReportService.generateReportFor(ReportService.java:246)
	at net.thucydides.core.reports.ReportService.lambda$generateReportsFor$0(ReportService.java:184)
	at java.base/java.util.concurrent.Executors$RunnableAdapter.call(Executors.java:539)
	at java.base/java.util.concurrent.FutureTask.run(FutureTask.java:264)
	at java.base/java.util.concurrent.ThreadPoolExecutor.runWorker(ThreadPoolExecutor.java:1136)
	at java.base/java.util.concurrent.ThreadPoolExecutor$Worker.run(ThreadPoolExecutor.java:635)
	at java.base/java.lang.Thread.run(Thread.java:833)

20:13:39.197 [pool-3-thread-2] DEBUG serenity.reporting - Generating report in 813cbb439d50d958d6c4d6982623d66a319ec8a257704edf4ac57788ad0def35_screenshots.html

20:13:39.202 [pool-3-thread-2] DEBUG serenity.reporting - Generated report 813cbb439d50d958d6c4d6982623d66a319ec8a257704edf4ac57788ad0def35_screenshots.html in 5 ms

20:13:39.203 [pool-3-thread-2] DEBUG serenity.reporting - Generating report in 813cbb439d50d958d6c4d6982623d66a319ec8a257704edf4ac57788ad0def35.html

20:13:39.246 [pool-3-thread-1] DEBUG serenity.reporting - Generated report bbc2598324256bbbaa6f1b878f85bb3b3c1d436437698821dd4fa42742fa5abe.html in 230 ms

20:13:39.246 [pool-3-thread-1] DEBUG net.thucydides.core.reports.ReportService - Processing test outcome user on register page:user tidak memasukkan jenis kelamin done

20:13:39.417 [pool-3-thread-5] DEBUG serenity.reporting - Generated report 5b1119f4e15d34099703a44666bb035bafe5c5f41540f77abb2292f8f356de26.html in 615 ms

20:13:39.417 [pool-3-thread-5] DEBUG net.thucydides.core.reports.ReportService - Processing test outcome user on register page:user input email tanpa menggunakan '@' done

20:13:39.432 [pool-3-thread-4] DEBUG serenity.reporting - Generated report 936f4cba8efd0a35bb1fdc963e1776e4151af3cb8e0a0f6d43fa57821996b722.html in 527 ms

20:13:39.432 [pool-3-thread-4] DEBUG net.thucydides.core.reports.ReportService - Processing test outcome user on register page:user tidak memasukkan password done

20:13:39.456 [pool-3-thread-3] DEBUG serenity.reporting - Generated report f382969343fd1ebad49413d6be5ce66206b4b5d26e12004e7d8a511ba18f9c65.html in 408 ms

20:13:39.456 [pool-3-thread-3] DEBUG net.thucydides.core.reports.ReportService - Processing test outcome user on register page:user tidak memasukkan nama belakang done

20:13:39.992 [pool-3-thread-2] DEBUG serenity.reporting - Generated report 813cbb439d50d958d6c4d6982623d66a319ec8a257704edf4ac57788ad0def35.html in 789 ms

20:13:39.992 [pool-3-thread-2] DEBUG net.thucydides.core.reports.ReportService - Processing test outcome user on register page:user tidak mengisi confirm password done

20:13:39.992 [pool-2-thread-1] DEBUG net.thucydides.core.reports.ReportService - Shutting down executor service

20:13:39.992 [pool-2-thread-1] DEBUG net.thucydides.core.reports.ReportService - Reports generated in: 3559 ms

20:13:40.248 [pool-2-thread-1] INFO io.cucumber.core.plugin.SerenityReporter - Cleanup test resources for URI file:///C:/Users/LENOVO-PC/OneDrive%20-%20IT-PLN/Dokumen/apenim/Diskusiaza-QE/WEB%20DISKUSIAZA/src/test/resources/web/LandingPage.feature

20:13:40.248 [pool-2-thread-1] DEBUG net.serenitybdd.core.photography.Darkroom - Closing darkroom

20:13:40.248 [pool-2-thread-1] INFO io.cucumber.core.plugin.SerenityReporter - Cleanup test resources for URI file:///C:/Users/LENOVO-PC/OneDrive%20-%20IT-PLN/Dokumen/apenim/Diskusiaza-QE/WEB%20DISKUSIAZA/src/test/resources/web/Login.feature

20:13:40.248 [pool-2-thread-1] DEBUG net.serenitybdd.core.photography.Darkroom - Closing darkroom

20:13:40.248 [pool-2-thread-1] INFO io.cucumber.core.plugin.SerenityReporter - Cleanup test resources for URI file:///C:/Users/LENOVO-PC/OneDrive%20-%20IT-PLN/Dokumen/apenim/Diskusiaza-QE/WEB%20DISKUSIAZA/src/test/resources/web/PageJawab.feature

20:13:40.248 [pool-2-thread-1] DEBUG net.serenitybdd.core.photography.Darkroom - Closing darkroom

20:13:40.248 [pool-2-thread-1] INFO io.cucumber.core.plugin.SerenityReporter - Cleanup test resources for URI file:///C:/Users/LENOVO-PC/OneDrive%20-%20IT-PLN/Dokumen/apenim/Diskusiaza-QE/WEB%20DISKUSIAZA/src/test/resources/web/PagePertanyaan.feature

20:13:40.248 [pool-2-thread-1] INFO io.cucumber.core.plugin.SerenityReporter - Cleanup test resources for URI file:///C:/Users/LENOVO-PC/OneDrive%20-%20IT-PLN/Dokumen/apenim/Diskusiaza-QE/WEB%20DISKUSIAZA/src/test/resources/web/PageRuangAdmin.feature

20:13:40.259 [pool-2-thread-1] INFO io.cucumber.core.plugin.SerenityReporter - Cleanup test resources for URI file:///C:/Users/LENOVO-PC/OneDrive%20-%20IT-PLN/Dokumen/apenim/Diskusiaza-QE/WEB%20DISKUSIAZA/src/test/resources/web/PageRuangModerator.feature

20:13:40.259 [pool-2-thread-1] INFO io.cucumber.core.plugin.SerenityReporter - Cleanup test resources for URI file:///C:/Users/LENOVO-PC/OneDrive%20-%20IT-PLN/Dokumen/apenim/Diskusiaza-QE/WEB%20DISKUSIAZA/src/test/resources/web/PageRuangUser.feature

20:13:40.259 [pool-2-thread-1] INFO io.cucumber.core.plugin.SerenityReporter - Cleanup test resources for URI file:///C:/Users/LENOVO-PC/OneDrive%20-%20IT-PLN/Dokumen/apenim/Diskusiaza-QE/WEB%20DISKUSIAZA/src/test/resources/web/Register.feature

20:13:40.259 [pool-2-thread-1] DEBUG net.serenitybdd.core.photography.Darkroom - Closing darkroom

20:13:40.259 [pool-2-thread-1] DEBUG net.serenitybdd.core.photography.Darkroom - Closing darkroom


@nyoba
Scenario: User input valid data             &amp#27;[90m# src/test/resources/web/Register.feature:4&amp#27;[0m
20:12:36.803 [pool-2-thread-1] INFO io.cucumber.core.plugin.SerenityReporter - Running feature from file:///C:/Users/LENOVO-PC/OneDrive%20-%20IT-PLN/Dokumen/apenim/Diskusiaza-QE/WEB%20DISKUSIAZA/src/test/resources/web/Register.feature
20:12:36.803 [pool-2-thread-1] WARN io.cucumber.core.plugin.SerenityReporter - Feature from file:///C:/Users/LENOVO-PC/OneDrive%20-%20IT-PLN/Dokumen/apenim/Diskusiaza-QE/WEB%20DISKUSIAZA/src/test/resources/web/Register.feature is not under the 'features' directory. Requirements report will not be correctly generated!
20:12:36.808 [pool-2-thread-1] INFO  - 
=======
    <property name="java.vendor.version" value="18.9"/>
    <property name="localRepository" value="C:\Users\Siti Nurlatipah\.m2\repository"/>
    <property name="java.vendor.url.bug" value="https://bugreport.java.com/bugreport/"/>
    <property name="java.io.tmpdir" value="C:\Users\SITINU~1\AppData\Local\Temp\"/>
    <property name="java.version" value="11.0.14"/>
    <property name="user.dir" value="D:\CAPSTONE PROJECT KELOMPOK 32\WEB DISKUSIAZA"/>
    <property name="os.arch" value="amd64"/>
    <property name="java.vm.specification.name" value="Java Virtual Machine Specification"/>
    <property name="java.awt.printerjob" value="sun.awt.windows.WPrinterJob"/>
    <property name="sun.os.patch.level" value=""/>
    <property name="java.library.path" value="C:\Program Files\Java\jdk-11.0.14\bin;C:\windows\Sun\Java\bin;C:\windows\system32;C:\windows;C:\Program Files\Common Files\Oracle\Java\javapath;C:\windows\system32;C:\windows;C:\windows\System32\Wbem;C:\windows\System32\WindowsPowerShell\v1.0\;C:\windows\System32\OpenSSH\;C:\Program Files\Git\cmd;C:\Program Files\apache-maven-3.8.5\bin;C:\Program Files\Java\jdk1.8.0_221\bin;C:\Users\Siti Nurlatipah\webdriver;C:\Program Files\nodejs\;C:\Users\Siti Nurlatipah\AppData\Local\Android\Sdk\platform-tools;C:\Users\Siti Nurlatipah\AppData\Local\Android\Sdk\emulator;C:\Users\Siti Nurlatipah\AppData\Local\Microsoft\WindowsApps;C:\Users\Siti Nurlatipah\AppData\Local\Programs\Microsoft VS Code\bin;C:\Program Files\Java\jdk-11.0.14;C:\Users\Siti Nurlatipah\AppData\Roaming\npm;C:\Users\Siti Nurlatipah\AppData\Local\Android\Sdk\emulator;C:\Users\Siti Nurlatipah\AppData\Local\Android\Sdk\platform-tools;C:\Program Files\Java\jdk-11.0.14\bin;C:\Program Files\apache-maven-3.8.5\bin;;."/>
    <property name="java.vendor" value="Oracle Corporation"/>
    <property name="java.vm.info" value="mixed mode"/>
    <property name="java.vm.version" value="11.0.14+8-LTS-263"/>
    <property name="sun.io.unicode.encoding" value="UnicodeLittle"/>
    <property name="java.class.version" value="55.0"/>
  </properties>
  <testcase name="User input valid data" classname="user on register page" time="47.434">
    <system-out><![CDATA[
@nyoba
Scenario: User input valid data             &amp#27;[90m# src/test/resources/web/Register.feature:4&amp#27;[0m
19:17:40.976 [pool-2-thread-1] INFO io.cucumber.core.plugin.SerenityReporter - Running feature from file:///D:/CAPSTONE%20PROJECT%20KELOMPOK%2032/WEB%20DISKUSIAZA/src/test/resources/web/Register.feature
19:17:40.977 [pool-2-thread-1] WARN io.cucumber.core.plugin.SerenityReporter - Feature from file:///D:/CAPSTONE%20PROJECT%20KELOMPOK%2032/WEB%20DISKUSIAZA/src/test/resources/web/Register.feature is not under the 'features' directory. Requirements report will not be correctly generated!
19:17:40.982 [pool-2-thread-1] INFO  - 
>>>>>>> 3eb7ed59fd558cd82a68549bb500382e6b35ceb5
  _____   ___   ___   _____     ___   _____     _     ___   _____   ___   ___  
 |_   _| | __| / __| |_   _|   / __| |_   _|   /_\   | _ \ |_   _| | __| |   \ 
   | |   | _|  \__ \   | |     \__ \   | |    / _ \  |   /   | |   | _|  | |) |
   |_|   |___| |___/   |_|     |___/   |_|   /_/ \_\ |_|_\   |_|   |___| |___/ 

User input valid data(user-on-register-page;user-input-valid-data)
--------------------------------------------------------------------------------
<<<<<<< HEAD
20:12:36.857 [pool-2-thread-1] DEBUG net.thucydides.core.steps.StepInterceptor - STARTING STEP: RegisterSteps.onRegisterPage - onRegisterPage
20:12:36.857 [pool-2-thread-1] INFO net.serenitybdd.core.webdriver.driverproviders.ChromeDriverProvider - Using automatically driver download
20:12:36.862 [pool-2-thread-1] DEBUG io.github.bonigarcia.wdm.cache.ResolutionCache - Resolution chrome=103 in cache (valid until 21:11:07 17/07/2022 WIB)
20:12:36.862 [pool-2-thread-1] DEBUG io.github.bonigarcia.wdm.cache.ResolutionCache - Resolution chrome103=103.0.5060.53 in cache (valid until 19:09:45 18/07/2022 WIB)
20:12:36.862 [pool-2-thread-1] INFO io.github.bonigarcia.wdm.WebDriverManager - Using chromedriver 103.0.5060.53 (resolved driver for Chrome 103)
20:12:36.862 [pool-2-thread-1] DEBUG io.github.bonigarcia.wdm.WebDriverManager - Driver chromedriver 103.0.5060.53 found in cache
20:12:36.862 [pool-2-thread-1] INFO io.github.bonigarcia.wdm.WebDriverManager - Exporting webdriver.chrome.driver as C:\Users\LENOVO-PC\.cache\selenium\chromedriver\win32\103.0.5060.53\chromedriver.exe
20:12:37.352 [pool-2-thread-1] INFO net.serenitybdd.core.webdriver.driverproviders.ProvideNewDriver - Instantiating driver
20:12:37.352 [pool-2-thread-1] INFO net.serenitybdd.core.webdriver.driverproviders.ProvideNewDriver - Driver capabilities: Capabilities {acceptInsecureCerts: false, base.url: https://diskusiaza.netlify.app, browserName: chrome, chrome.driver: src/test/resources/webdrive..., driver: chrome, goog:chromeOptions: {args: [], extensions: []}, loggingPrefs: org.openqa.selenium.logging...}
20:12:39.870 [pool-2-thread-1] DEBUG net.serenitybdd.core.photography.Darkroom - Opening darkroom
20:12:39.871 [Darkroom Processing Line] DEBUG net.serenitybdd.core.photography.DarkroomProcessingLine - Darkroom processing line starting up
20:12:40.003 [pool-2-thread-1] DEBUG net.serenitybdd.core.photography.Darkroom - Send negative for processing for target\site\serenity\15885e7a31041ffadaf2b07e916ab328405065fa537efb38dc895ba189c6445a.png
20:12:40.003 [pool-2-thread-1] DEBUG net.thucydides.core.steps.StepInterceptor - STEP DONE: onRegisterPage
  &amp#27;[32mGiven &amp#27;[0m&amp#27;[32muser on register page&amp#27;[0m               &amp#27;[90m# StepDefinition.RegisterSteps.onRegisterPage()&amp#27;[0m
20:12:40.003 [Darkroom Processing Line] DEBUG net.serenitybdd.core.photography.DarkroomProcessingLine - Processing screenshot image in /var/screenshots/screenshot-4817520070572673446
20:12:40.003 [Darkroom Processing Line] DEBUG net.serenitybdd.core.photography.DarkroomProcessingLine - Saving screenshot to target\site\serenity\15885e7a31041ffadaf2b07e916ab328405065fa537efb38dc895ba189c6445a.png
20:12:40.419 [pool-2-thread-1] DEBUG net.serenitybdd.core.photography.Darkroom - Send negative for processing for target\site\serenity\15885e7a31041ffadaf2b07e916ab328405065fa537efb38dc895ba189c6445a.png
20:12:40.419 [pool-2-thread-1] DEBUG net.thucydides.core.steps.StepInterceptor - STARTING STEP: RegisterSteps.inputValidNamaDepan - typeFirstName
20:12:40.808 [pool-2-thread-1] DEBUG net.serenitybdd.core.photography.Darkroom - Send negative for processing for target\site\serenity\9366617e5e5220541b1653ffb43397a74fc11c0dc9c4bd051e69f3edd9736890.png
20:12:40.808 [pool-2-thread-1] DEBUG net.thucydides.core.steps.StepInterceptor - STEP DONE: typeFirstName
  &amp#27;[32mWhen &amp#27;[0m&amp#27;[32muser input valid nama depan&amp#27;[0m          &amp#27;[90m# StepDefinition.RegisterSteps.inputValidNamaDepan()&amp#27;[0m
20:12:40.808 [Darkroom Processing Line] DEBUG net.serenitybdd.core.photography.DarkroomProcessingLine - Processing screenshot image in /var/screenshots/screenshot-2314937896637610469
20:12:40.808 [Darkroom Processing Line] DEBUG net.serenitybdd.core.photography.DarkroomProcessingLine - Saving screenshot to target\site\serenity\9366617e5e5220541b1653ffb43397a74fc11c0dc9c4bd051e69f3edd9736890.png
20:12:41.027 [pool-2-thread-1] DEBUG net.serenitybdd.core.photography.Darkroom - Send negative for processing for target\site\serenity\9366617e5e5220541b1653ffb43397a74fc11c0dc9c4bd051e69f3edd9736890.png
20:12:41.034 [pool-2-thread-1] DEBUG net.thucydides.core.steps.StepInterceptor - STARTING STEP: RegisterSteps.inputValidNamaBelakang - typeLastName
20:12:41.480 [pool-2-thread-1] DEBUG net.serenitybdd.core.photography.Darkroom - Send negative for processing for target\site\serenity\d7927226b741f0ba9a6963767dbbb767946bb64dc119913da6d001740fc2e047.png
20:12:41.480 [pool-2-thread-1] DEBUG net.thucydides.core.steps.StepInterceptor - STEP DONE: typeLastName
  &amp#27;[32mAnd &amp#27;[0m&amp#27;[32muser input valid nama belakang&amp#27;[0m        &amp#27;[90m# StepDefinition.RegisterSteps.inputValidNamaBelakang()&amp#27;[0m
20:12:41.480 [Darkroom Processing Line] DEBUG net.serenitybdd.core.photography.DarkroomProcessingLine - Processing screenshot image in /var/screenshots/screenshot-3882713237883358544
20:12:41.480 [Darkroom Processing Line] DEBUG net.serenitybdd.core.photography.DarkroomProcessingLine - Saving screenshot to target\site\serenity\d7927226b741f0ba9a6963767dbbb767946bb64dc119913da6d001740fc2e047.png
20:12:41.829 [pool-2-thread-1] DEBUG net.serenitybdd.core.photography.Darkroom - Send negative for processing for target\site\serenity\d7927226b741f0ba9a6963767dbbb767946bb64dc119913da6d001740fc2e047.png
20:12:41.829 [pool-2-thread-1] DEBUG net.thucydides.core.steps.StepInterceptor - STARTING STEP: RegisterSteps.inputValidEmail - typeEmail
20:12:42.240 [pool-2-thread-1] DEBUG net.serenitybdd.core.photography.Darkroom - Send negative for processing for target\site\serenity\195285521896bb1b7bcdeeacc5c884cfb25c2b573d0f7d0d5197d8c4d1a38876.png
20:12:42.240 [pool-2-thread-1] DEBUG net.thucydides.core.steps.StepInterceptor - STEP DONE: typeEmail
  &amp#27;[32mAnd &amp#27;[0m&amp#27;[32muser input valid email&amp#27;[0m                &amp#27;[90m# StepDefinition.RegisterSteps.inputValidEmail()&amp#27;[0m
20:12:42.240 [Darkroom Processing Line] DEBUG net.serenitybdd.core.photography.DarkroomProcessingLine - Processing screenshot image in /var/screenshots/screenshot-4217279609954726532
20:12:42.240 [Darkroom Processing Line] DEBUG net.serenitybdd.core.photography.DarkroomProcessingLine - Saving screenshot to target\site\serenity\195285521896bb1b7bcdeeacc5c884cfb25c2b573d0f7d0d5197d8c4d1a38876.png
20:12:42.258 [pool-2-thread-1] DEBUG net.thucydides.core.steps.StepInterceptor - STARTING STEP: RegisterSteps.inputValidPassword - typePassword
20:12:42.620 [pool-2-thread-1] DEBUG net.serenitybdd.core.photography.Darkroom - Send negative for processing for target\site\serenity\3c43ae08ef18362724bedb015750ead8c9f69cac1cd38d7a6f9f675b0924a439.png
20:12:42.620 [pool-2-thread-1] DEBUG net.thucydides.core.steps.StepInterceptor - STEP DONE: typePassword
  &amp#27;[32mAnd &amp#27;[0m&amp#27;[32muser input valid password &amp#27;[0m&amp#27;[32m&amp#27;[1mkatasandi&amp#27;[0m   &amp#27;[90m# StepDefinition.RegisterSteps.inputValidPassword(java.lang.String)&amp#27;[0m
20:12:42.620 [Darkroom Processing Line] DEBUG net.serenitybdd.core.photography.DarkroomProcessingLine - Processing screenshot image in /var/screenshots/screenshot-626536261509317002
20:12:42.620 [Darkroom Processing Line] DEBUG net.serenitybdd.core.photography.DarkroomProcessingLine - Saving screenshot to target\site\serenity\3c43ae08ef18362724bedb015750ead8c9f69cac1cd38d7a6f9f675b0924a439.png
20:12:42.638 [pool-2-thread-1] DEBUG net.thucydides.core.steps.StepInterceptor - STARTING STEP: RegisterSteps.inputConfirmPassword - typeConfirmPassword
20:12:42.985 [pool-2-thread-1] DEBUG net.serenitybdd.core.photography.Darkroom - Send negative for processing for target\site\serenity\955ae6b147e43c8b464feb97d0a2248468c7edde8d22569a480e40a952639310.png
20:12:42.985 [pool-2-thread-1] DEBUG net.thucydides.core.steps.StepInterceptor - STEP DONE: typeConfirmPassword
  &amp#27;[32mAnd &amp#27;[0m&amp#27;[32muser input confirm password &amp#27;[0m&amp#27;[32m&amp#27;[1mkatasandi&amp#27;[0m &amp#27;[90m# StepDefinition.RegisterSteps.inputConfirmPassword(java.lang.String)&amp#27;[0m
20:12:42.985 [Darkroom Processing Line] DEBUG net.serenitybdd.core.photography.DarkroomProcessingLine - Processing screenshot image in /var/screenshots/screenshot-3054144481976231952
20:12:42.985 [Darkroom Processing Line] DEBUG net.serenitybdd.core.photography.DarkroomProcessingLine - Saving screenshot to target\site\serenity\955ae6b147e43c8b464feb97d0a2248468c7edde8d22569a480e40a952639310.png
20:12:42.995 [pool-2-thread-1] DEBUG net.thucydides.core.steps.StepInterceptor - STARTING STEP: RegisterSteps.inputValidTanggalLahir - clickTanggal
20:12:43.362 [pool-2-thread-1] DEBUG net.serenitybdd.core.photography.Darkroom - Send negative for processing for target\site\serenity\d6c52f91932121dc27b573a08b8192cd603e3f2bb22cb0d388047b76e05ef840.png
20:12:43.362 [pool-2-thread-1] DEBUG net.thucydides.core.steps.StepInterceptor - STEP DONE: clickTanggal
20:12:43.363 [Darkroom Processing Line] DEBUG net.serenitybdd.core.photography.DarkroomProcessingLine - Processing screenshot image in /var/screenshots/screenshot-4292406989222959276
20:12:43.363 [Darkroom Processing Line] DEBUG net.serenitybdd.core.photography.DarkroomProcessingLine - Saving screenshot to target\site\serenity\d6c52f91932121dc27b573a08b8192cd603e3f2bb22cb0d388047b76e05ef840.png
20:12:43.366 [pool-2-thread-1] DEBUG net.thucydides.core.steps.StepInterceptor - STARTING STEP: RegisterSteps.inputValidTanggalLahir - pilihTanggal
20:12:43.817 [pool-2-thread-1] DEBUG net.serenitybdd.core.photography.Darkroom - Send negative for processing for target\site\serenity\d6c52f91932121dc27b573a08b8192cd603e3f2bb22cb0d388047b76e05ef840.png
20:12:43.817 [pool-2-thread-1] DEBUG net.thucydides.core.steps.StepInterceptor - STEP DONE: pilihTanggal
20:12:43.822 [pool-2-thread-1] DEBUG net.thucydides.core.steps.StepInterceptor - STARTING STEP: RegisterSteps.inputValidTanggalLahir - clickBulan
20:12:44.065 [pool-2-thread-1] DEBUG net.serenitybdd.core.photography.Darkroom - Send negative for processing for target\site\serenity\79f48222b70e0bfa0601b3fe0f2ca609ec743ad0e87ed0f5a2cd73b86af9c9d6.png
20:12:44.065 [pool-2-thread-1] DEBUG net.thucydides.core.steps.StepInterceptor - STEP DONE: clickBulan
20:12:44.065 [Darkroom Processing Line] DEBUG net.serenitybdd.core.photography.DarkroomProcessingLine - Processing screenshot image in /var/screenshots/screenshot-1256552885385425204
20:12:44.065 [Darkroom Processing Line] DEBUG net.serenitybdd.core.photography.DarkroomProcessingLine - Saving screenshot to target\site\serenity\79f48222b70e0bfa0601b3fe0f2ca609ec743ad0e87ed0f5a2cd73b86af9c9d6.png
20:12:44.068 [pool-2-thread-1] DEBUG net.thucydides.core.steps.StepInterceptor - STARTING STEP: RegisterSteps.inputValidTanggalLahir - pilihBulan
20:12:44.256 [pool-2-thread-1] DEBUG net.serenitybdd.core.photography.Darkroom - Send negative for processing for target\site\serenity\92230a012e0d78900ba82e9d09622d4f51401a34c332d0d5ec4855a93e5b5e43.png
20:12:44.256 [pool-2-thread-1] DEBUG net.thucydides.core.steps.StepInterceptor - STEP DONE: pilihBulan
20:12:44.256 [Darkroom Processing Line] DEBUG net.serenitybdd.core.photography.DarkroomProcessingLine - Processing screenshot image in /var/screenshots/screenshot-5958751961625856792
20:12:44.256 [Darkroom Processing Line] DEBUG net.serenitybdd.core.photography.DarkroomProcessingLine - Saving screenshot to target\site\serenity\92230a012e0d78900ba82e9d09622d4f51401a34c332d0d5ec4855a93e5b5e43.png
20:12:44.264 [pool-2-thread-1] DEBUG net.thucydides.core.steps.StepInterceptor - STARTING STEP: RegisterSteps.inputValidTanggalLahir - clickTahun
20:12:44.518 [pool-2-thread-1] DEBUG net.serenitybdd.core.photography.Darkroom - Send negative for processing for target\site\serenity\134cc7c0b04ae6a546b00acf87af3127525916a6276fd7f433cb406f9ad94af0.png
20:12:44.518 [pool-2-thread-1] DEBUG net.thucydides.core.steps.StepInterceptor - STEP DONE: clickTahun
20:12:44.519 [Darkroom Processing Line] DEBUG net.serenitybdd.core.photography.DarkroomProcessingLine - Processing screenshot image in /var/screenshots/screenshot-3915991134484704924
20:12:44.520 [Darkroom Processing Line] DEBUG net.serenitybdd.core.photography.DarkroomProcessingLine - Saving screenshot to target\site\serenity\134cc7c0b04ae6a546b00acf87af3127525916a6276fd7f433cb406f9ad94af0.png
20:12:44.522 [pool-2-thread-1] DEBUG net.thucydides.core.steps.StepInterceptor - STARTING STEP: RegisterSteps.inputValidTanggalLahir - pilihTahun
20:12:44.713 [pool-2-thread-1] DEBUG net.serenitybdd.core.photography.Darkroom - Send negative for processing for target\site\serenity\c4b923629ef0afc61fd2ef3f1f0d4c55d5a774d7d70fef71a7d9fc5c4e71d456.png
20:12:44.713 [pool-2-thread-1] DEBUG net.thucydides.core.steps.StepInterceptor - STEP DONE: pilihTahun
  &amp#27;[32mAnd &amp#27;[0m&amp#27;[32muser input valid tanggal lahir&amp#27;[0m        &amp#27;[90m# StepDefinition.RegisterSteps.inputValidTanggalLahir()&amp#27;[0m
20:12:44.713 [Darkroom Processing Line] DEBUG net.serenitybdd.core.photography.DarkroomProcessingLine - Processing screenshot image in /var/screenshots/screenshot-18178509541140724542
20:12:44.713 [Darkroom Processing Line] DEBUG net.serenitybdd.core.photography.DarkroomProcessingLine - Saving screenshot to target\site\serenity\c4b923629ef0afc61fd2ef3f1f0d4c55d5a774d7d70fef71a7d9fc5c4e71d456.png
20:12:44.723 [pool-2-thread-1] DEBUG net.thucydides.core.steps.StepInterceptor - STARTING STEP: RegisterSteps.inputJenisKelamin - typeJenisKelamin
20:12:44.942 [pool-2-thread-1] DEBUG net.serenitybdd.core.photography.Darkroom - Send negative for processing for target\site\serenity\34b2021c0ed1fd171bd0900ef5f4be7fcbd0250b8cf331b994f6efc4ddb21184.png
20:12:44.943 [pool-2-thread-1] DEBUG net.thucydides.core.steps.StepInterceptor - STEP DONE: typeJenisKelamin
  &amp#27;[32mAnd &amp#27;[0m&amp#27;[32muser pilih jenis kelamin&amp#27;[0m              &amp#27;[90m# StepDefinition.RegisterSteps.inputJenisKelamin()&amp#27;[0m
20:12:44.943 [Darkroom Processing Line] DEBUG net.serenitybdd.core.photography.DarkroomProcessingLine - Processing screenshot image in /var/screenshots/screenshot-1550554294810607752
20:12:44.944 [Darkroom Processing Line] DEBUG net.serenitybdd.core.photography.DarkroomProcessingLine - Saving screenshot to target\site\serenity\34b2021c0ed1fd171bd0900ef5f4be7fcbd0250b8cf331b994f6efc4ddb21184.png
20:12:44.953 [pool-2-thread-1] DEBUG net.thucydides.core.steps.StepInterceptor - STARTING STEP: RegisterSteps.klikDaftarButton - clickRegisterButton
20:12:45.195 [pool-2-thread-1] DEBUG net.serenitybdd.core.photography.Darkroom - Send negative for processing for target\site\serenity\19a3307d721265b34f015c400b27187709ceedcd1bb6bb4a1ccd97df4ccd54ac.png
20:12:45.195 [pool-2-thread-1] DEBUG net.thucydides.core.steps.StepInterceptor - STEP DONE: clickRegisterButton
  &amp#27;[32mAnd &amp#27;[0m&amp#27;[32muser klik Daftar button&amp#27;[0m               &amp#27;[90m# StepDefinition.RegisterSteps.klikDaftarButton()&amp#27;[0m
20:12:45.195 [Darkroom Processing Line] DEBUG net.serenitybdd.core.photography.DarkroomProcessingLine - Processing screenshot image in /var/screenshots/screenshot-16930339789697271259
20:12:45.195 [Darkroom Processing Line] DEBUG net.serenitybdd.core.photography.DarkroomProcessingLine - Saving screenshot to target\site\serenity\19a3307d721265b34f015c400b27187709ceedcd1bb6bb4a1ccd97df4ccd54ac.png
  &amp#27;[32mThen &amp#27;[0m&amp#27;[32mUser on Login Page&amp#27;[0m                   &amp#27;[90m# StepDefinition.RegisterSteps.LoginPage()&amp#27;[0m
20:12:46.077 [pool-2-thread-1] DEBUG net.serenitybdd.core.photography.Darkroom - Send negative for processing for target\site\serenity\782dc78b0f08bbf214e0ae243b118e25f1cdfbefd79bca6adab077374681cf4e.png
20:12:46.077 [pool-2-thread-1] INFO  - 
=======
19:17:41.208 [pool-2-thread-1] DEBUG net.thucydides.core.steps.StepInterceptor - STARTING STEP: RegisterSteps.onRegisterPage - onRegisterPage
19:17:41.211 [pool-2-thread-1] INFO net.serenitybdd.core.webdriver.driverproviders.ChromeDriverProvider - Using automatically driver download
19:17:41.253 [pool-2-thread-1] DEBUG io.github.bonigarcia.wdm.cache.ResolutionCache - Resolution chrome=103 in cache (valid until 20:04:47 17/07/2022 ICT)
19:17:41.255 [pool-2-thread-1] DEBUG io.github.bonigarcia.wdm.cache.ResolutionCache - Resolution chrome103=103.0.5060.53 in cache (valid until 19:04:47 18/07/2022 ICT)
19:17:41.255 [pool-2-thread-1] INFO io.github.bonigarcia.wdm.WebDriverManager - Using chromedriver 103.0.5060.53 (resolved driver for Chrome 103)
19:17:41.276 [pool-2-thread-1] DEBUG io.github.bonigarcia.wdm.WebDriverManager - Driver chromedriver 103.0.5060.53 found in cache
19:17:41.278 [pool-2-thread-1] INFO io.github.bonigarcia.wdm.WebDriverManager - Exporting webdriver.chrome.driver as C:\Users\Siti Nurlatipah\.cache\selenium\chromedriver\win32\103.0.5060.53\chromedriver.exe
19:17:43.102 [pool-2-thread-1] INFO net.serenitybdd.core.webdriver.driverproviders.ProvideNewDriver - Instantiating driver
19:17:43.102 [pool-2-thread-1] INFO net.serenitybdd.core.webdriver.driverproviders.ProvideNewDriver - Driver capabilities: Capabilities {acceptInsecureCerts: false, base.url: https://diskusiaza.netlify.app, browserName: chrome, chrome.driver: src/test/resources/webdrive..., driver: chrome, goog:chromeOptions: {args: [], extensions: []}, loggingPrefs: org.openqa.selenium.logging...}
19:18:12.896 [pool-2-thread-1] DEBUG net.serenitybdd.core.photography.Darkroom - Opening darkroom
19:18:12.897 [Darkroom Processing Line] DEBUG net.serenitybdd.core.photography.DarkroomProcessingLine - Darkroom processing line starting up
19:18:13.085 [pool-2-thread-1] DEBUG net.serenitybdd.core.photography.Darkroom - Send negative for processing for target\site\serenity\86d2c2a8c82b2b2087f67c5bb0ac792d76b221a9666a6458a43a445bc42e0223.png
19:18:13.085 [pool-2-thread-1] DEBUG net.thucydides.core.steps.StepInterceptor - STEP DONE: onRegisterPage
  &amp#27;[32mGiven &amp#27;[0m&amp#27;[32muser on register page&amp#27;[0m               &amp#27;[90m# StepDefinition.RegisterSteps.onRegisterPage()&amp#27;[0m
19:18:13.086 [Darkroom Processing Line] DEBUG net.serenitybdd.core.photography.DarkroomProcessingLine - Processing screenshot image in /var/screenshots/screenshot-6733015414179305332
19:18:13.086 [Darkroom Processing Line] DEBUG net.serenitybdd.core.photography.DarkroomProcessingLine - Saving screenshot to target\site\serenity\86d2c2a8c82b2b2087f67c5bb0ac792d76b221a9666a6458a43a445bc42e0223.png
19:18:13.941 [pool-2-thread-1] DEBUG net.serenitybdd.core.photography.Darkroom - Send negative for processing for target\site\serenity\86d2c2a8c82b2b2087f67c5bb0ac792d76b221a9666a6458a43a445bc42e0223.png
19:18:13.942 [pool-2-thread-1] DEBUG net.thucydides.core.steps.StepInterceptor - STARTING STEP: RegisterSteps.inputValidNamaDepan - typeFirstName
19:18:14.652 [pool-2-thread-1] DEBUG net.serenitybdd.core.photography.Darkroom - Send negative for processing for target\site\serenity\5bc8c6d1ae202c8edff59f70eae2df7ce49c486f881219071df45ca84c2b8592.png
19:18:14.653 [pool-2-thread-1] DEBUG net.thucydides.core.steps.StepInterceptor - STEP DONE: typeFirstName
  &amp#27;[32mWhen &amp#27;[0m&amp#27;[32muser input valid nama depan&amp#27;[0m          &amp#27;[90m# StepDefinition.RegisterSteps.inputValidNamaDepan()&amp#27;[0m
19:18:14.653 [Darkroom Processing Line] DEBUG net.serenitybdd.core.photography.DarkroomProcessingLine - Processing screenshot image in /var/screenshots/screenshot-2160612270322141383
19:18:14.653 [Darkroom Processing Line] DEBUG net.serenitybdd.core.photography.DarkroomProcessingLine - Saving screenshot to target\site\serenity\5bc8c6d1ae202c8edff59f70eae2df7ce49c486f881219071df45ca84c2b8592.png
19:18:15.145 [pool-2-thread-1] DEBUG net.serenitybdd.core.photography.Darkroom - Send negative for processing for target\site\serenity\5bc8c6d1ae202c8edff59f70eae2df7ce49c486f881219071df45ca84c2b8592.png
19:18:15.145 [pool-2-thread-1] DEBUG net.thucydides.core.steps.StepInterceptor - STARTING STEP: RegisterSteps.inputValidNamaBelakang - typeLastName
19:18:15.891 [pool-2-thread-1] DEBUG net.serenitybdd.core.photography.Darkroom - Send negative for processing for target\site\serenity\256e4c3565d4cab98ba5fa5460f18b7c6fdfec0e4223b4e55dc45726bceee101.png
19:18:15.892 [pool-2-thread-1] DEBUG net.thucydides.core.steps.StepInterceptor - STEP DONE: typeLastName
  &amp#27;[32mAnd &amp#27;[0m&amp#27;[32muser input valid nama belakang&amp#27;[0m        &amp#27;[90m# StepDefinition.RegisterSteps.inputValidNamaBelakang()&amp#27;[0m
19:18:15.892 [Darkroom Processing Line] DEBUG net.serenitybdd.core.photography.DarkroomProcessingLine - Processing screenshot image in /var/screenshots/screenshot-5720139522484096797
19:18:15.892 [Darkroom Processing Line] DEBUG net.serenitybdd.core.photography.DarkroomProcessingLine - Saving screenshot to target\site\serenity\256e4c3565d4cab98ba5fa5460f18b7c6fdfec0e4223b4e55dc45726bceee101.png
19:18:16.340 [pool-2-thread-1] DEBUG net.serenitybdd.core.photography.Darkroom - Send negative for processing for target\site\serenity\256e4c3565d4cab98ba5fa5460f18b7c6fdfec0e4223b4e55dc45726bceee101.png
19:18:16.341 [pool-2-thread-1] DEBUG net.thucydides.core.steps.StepInterceptor - STARTING STEP: RegisterSteps.inputValidEmail - typeEmail
19:18:17.616 [pool-2-thread-1] DEBUG net.serenitybdd.core.photography.Darkroom - Send negative for processing for target\site\serenity\8c48bdd86437c4404c06d06bf17e561d24cd5f0d01030ca8440edcbafa6c9126.png
19:18:17.617 [pool-2-thread-1] DEBUG net.thucydides.core.steps.StepInterceptor - STEP DONE: typeEmail
  &amp#27;[32mAnd &amp#27;[0m&amp#27;[32muser input valid email&amp#27;[0m                &amp#27;[90m# StepDefinition.RegisterSteps.inputValidEmail()&amp#27;[0m
19:18:17.619 [Darkroom Processing Line] DEBUG net.serenitybdd.core.photography.DarkroomProcessingLine - Processing screenshot image in /var/screenshots/screenshot-941084983428770867
19:18:17.619 [Darkroom Processing Line] DEBUG net.serenitybdd.core.photography.DarkroomProcessingLine - Saving screenshot to target\site\serenity\8c48bdd86437c4404c06d06bf17e561d24cd5f0d01030ca8440edcbafa6c9126.png
19:18:17.643 [pool-2-thread-1] DEBUG net.thucydides.core.steps.StepInterceptor - STARTING STEP: RegisterSteps.inputValidPassword - typePassword
19:18:18.252 [pool-2-thread-1] DEBUG net.serenitybdd.core.photography.Darkroom - Send negative for processing for target\site\serenity\8f9511a8de1bd611a1c33ae82271f4681958ff701431e54132e24eb2bd5928f2.png
19:18:18.253 [pool-2-thread-1] DEBUG net.thucydides.core.steps.StepInterceptor - STEP DONE: typePassword
  &amp#27;[32mAnd &amp#27;[0m&amp#27;[32muser input valid password &amp#27;[0m&amp#27;[32m&amp#27;[1mkatasandi&amp#27;[0m   &amp#27;[90m# StepDefinition.RegisterSteps.inputValidPassword(java.lang.String)&amp#27;[0m
19:18:18.253 [Darkroom Processing Line] DEBUG net.serenitybdd.core.photography.DarkroomProcessingLine - Processing screenshot image in /var/screenshots/screenshot-9041619514378581173
19:18:18.253 [Darkroom Processing Line] DEBUG net.serenitybdd.core.photography.DarkroomProcessingLine - Saving screenshot to target\site\serenity\8f9511a8de1bd611a1c33ae82271f4681958ff701431e54132e24eb2bd5928f2.png
19:18:18.272 [pool-2-thread-1] DEBUG net.thucydides.core.steps.StepInterceptor - STARTING STEP: RegisterSteps.inputConfirmPassword - typeConfirmPassword
19:18:18.938 [pool-2-thread-1] DEBUG net.serenitybdd.core.photography.Darkroom - Send negative for processing for target\site\serenity\d986588864eb9453d582d77537959c1c3bc6376c6961885c22a7444859e0ed88.png
19:18:18.938 [pool-2-thread-1] DEBUG net.thucydides.core.steps.StepInterceptor - STEP DONE: typeConfirmPassword
  &amp#27;[32mAnd &amp#27;[0m&amp#27;[32muser input confirm password &amp#27;[0m&amp#27;[32m&amp#27;[1mkatasandi&amp#27;[0m &amp#27;[90m# StepDefinition.RegisterSteps.inputConfirmPassword(java.lang.String)&amp#27;[0m
19:18:18.938 [Darkroom Processing Line] DEBUG net.serenitybdd.core.photography.DarkroomProcessingLine - Processing screenshot image in /var/screenshots/screenshot-2475814896721044285
19:18:18.939 [Darkroom Processing Line] DEBUG net.serenitybdd.core.photography.DarkroomProcessingLine - Saving screenshot to target\site\serenity\d986588864eb9453d582d77537959c1c3bc6376c6961885c22a7444859e0ed88.png
19:18:18.956 [pool-2-thread-1] DEBUG net.thucydides.core.steps.StepInterceptor - STARTING STEP: RegisterSteps.inputValidTanggalLahir - clickTanggal
19:18:19.477 [pool-2-thread-1] DEBUG net.serenitybdd.core.photography.Darkroom - Send negative for processing for target\site\serenity\830df159a4f5320271b961f5d33e59a1130df03b2f02b825ed925e5dd1ed8bc5.png
19:18:19.477 [pool-2-thread-1] DEBUG net.thucydides.core.steps.StepInterceptor - STEP DONE: clickTanggal
19:18:19.477 [Darkroom Processing Line] DEBUG net.serenitybdd.core.photography.DarkroomProcessingLine - Processing screenshot image in /var/screenshots/screenshot-7597014902893959198
19:18:19.477 [Darkroom Processing Line] DEBUG net.serenitybdd.core.photography.DarkroomProcessingLine - Saving screenshot to target\site\serenity\830df159a4f5320271b961f5d33e59a1130df03b2f02b825ed925e5dd1ed8bc5.png
19:18:19.484 [pool-2-thread-1] DEBUG net.thucydides.core.steps.StepInterceptor - STARTING STEP: RegisterSteps.inputValidTanggalLahir - pilihTanggal
19:18:19.842 [pool-2-thread-1] DEBUG net.serenitybdd.core.photography.Darkroom - Send negative for processing for target\site\serenity\830df159a4f5320271b961f5d33e59a1130df03b2f02b825ed925e5dd1ed8bc5.png
19:18:19.842 [pool-2-thread-1] DEBUG net.thucydides.core.steps.StepInterceptor - STEP DONE: pilihTanggal
19:18:19.849 [pool-2-thread-1] DEBUG net.thucydides.core.steps.StepInterceptor - STARTING STEP: RegisterSteps.inputValidTanggalLahir - clickBulan
19:18:20.287 [pool-2-thread-1] DEBUG net.serenitybdd.core.photography.Darkroom - Send negative for processing for target\site\serenity\4a434cc20d961556b4d990c4b4a1e15f1b7b98cb98639074cb164fb8f6441f58.png
19:18:20.288 [pool-2-thread-1] DEBUG net.thucydides.core.steps.StepInterceptor - STEP DONE: clickBulan
19:18:20.288 [Darkroom Processing Line] DEBUG net.serenitybdd.core.photography.DarkroomProcessingLine - Processing screenshot image in /var/screenshots/screenshot-15132225849954042740
19:18:20.288 [Darkroom Processing Line] DEBUG net.serenitybdd.core.photography.DarkroomProcessingLine - Saving screenshot to target\site\serenity\4a434cc20d961556b4d990c4b4a1e15f1b7b98cb98639074cb164fb8f6441f58.png
19:18:20.295 [pool-2-thread-1] DEBUG net.thucydides.core.steps.StepInterceptor - STARTING STEP: RegisterSteps.inputValidTanggalLahir - pilihBulan
19:18:20.624 [pool-2-thread-1] DEBUG net.serenitybdd.core.photography.Darkroom - Send negative for processing for target\site\serenity\4a434cc20d961556b4d990c4b4a1e15f1b7b98cb98639074cb164fb8f6441f58.png
19:18:20.625 [pool-2-thread-1] DEBUG net.thucydides.core.steps.StepInterceptor - STEP DONE: pilihBulan
19:18:20.632 [pool-2-thread-1] DEBUG net.thucydides.core.steps.StepInterceptor - STARTING STEP: RegisterSteps.inputValidTanggalLahir - clickTahun
19:18:21.017 [pool-2-thread-1] DEBUG net.serenitybdd.core.photography.Darkroom - Send negative for processing for target\site\serenity\03d6ede08c2cc65af3bbd35eb6a21647dc1bb7f22bf65657c6e017bade9f51c4.png
19:18:21.018 [pool-2-thread-1] DEBUG net.thucydides.core.steps.StepInterceptor - STEP DONE: clickTahun
19:18:21.018 [Darkroom Processing Line] DEBUG net.serenitybdd.core.photography.DarkroomProcessingLine - Processing screenshot image in /var/screenshots/screenshot-3596650169602142892
19:18:21.018 [Darkroom Processing Line] DEBUG net.serenitybdd.core.photography.DarkroomProcessingLine - Saving screenshot to target\site\serenity\03d6ede08c2cc65af3bbd35eb6a21647dc1bb7f22bf65657c6e017bade9f51c4.png
19:18:21.024 [pool-2-thread-1] DEBUG net.thucydides.core.steps.StepInterceptor - STARTING STEP: RegisterSteps.inputValidTanggalLahir - pilihTahun
19:18:21.328 [pool-2-thread-1] DEBUG net.serenitybdd.core.photography.Darkroom - Send negative for processing for target\site\serenity\826a9406a7ccda4383fb60335a4c488f17956e3b06237b817c9ef0d51e47252b.png
19:18:21.328 [pool-2-thread-1] DEBUG net.thucydides.core.steps.StepInterceptor - STEP DONE: pilihTahun
  &amp#27;[32mAnd &amp#27;[0m&amp#27;[32muser input valid tanggal lahir&amp#27;[0m        &amp#27;[90m# StepDefinition.RegisterSteps.inputValidTanggalLahir()&amp#27;[0m
19:18:21.328 [Darkroom Processing Line] DEBUG net.serenitybdd.core.photography.DarkroomProcessingLine - Processing screenshot image in /var/screenshots/screenshot-8351385733738478856
19:18:21.328 [Darkroom Processing Line] DEBUG net.serenitybdd.core.photography.DarkroomProcessingLine - Saving screenshot to target\site\serenity\826a9406a7ccda4383fb60335a4c488f17956e3b06237b817c9ef0d51e47252b.png
19:18:21.348 [pool-2-thread-1] DEBUG net.thucydides.core.steps.StepInterceptor - STARTING STEP: RegisterSteps.inputJenisKelamin - typeJenisKelamin
19:18:21.753 [pool-2-thread-1] DEBUG net.serenitybdd.core.photography.Darkroom - Send negative for processing for target\site\serenity\7d0a64b46d4a9d88d170d2baef3366a3136109ffb509a214d5f7564add6929dc.png
19:18:21.754 [pool-2-thread-1] DEBUG net.thucydides.core.steps.StepInterceptor - STEP DONE: typeJenisKelamin
  &amp#27;[32mAnd &amp#27;[0m&amp#27;[32muser pilih jenis kelamin&amp#27;[0m              &amp#27;[90m# StepDefinition.RegisterSteps.inputJenisKelamin()&amp#27;[0m
19:18:21.754 [Darkroom Processing Line] DEBUG net.serenitybdd.core.photography.DarkroomProcessingLine - Processing screenshot image in /var/screenshots/screenshot-14180291581183049422
19:18:21.754 [Darkroom Processing Line] DEBUG net.serenitybdd.core.photography.DarkroomProcessingLine - Saving screenshot to target\site\serenity\7d0a64b46d4a9d88d170d2baef3366a3136109ffb509a214d5f7564add6929dc.png
19:18:21.775 [pool-2-thread-1] DEBUG net.thucydides.core.steps.StepInterceptor - STARTING STEP: RegisterSteps.klikDaftarButton - clickRegisterButton
19:18:22.121 [pool-2-thread-1] DEBUG net.serenitybdd.core.photography.Darkroom - Send negative for processing for target\site\serenity\1b64d84656a8036d54196e29926b488cb796ff3b7a06432e6b8da9184c4b9c73.png
19:18:22.122 [pool-2-thread-1] DEBUG net.thucydides.core.steps.StepInterceptor - STEP DONE: clickRegisterButton
  &amp#27;[32mAnd &amp#27;[0m&amp#27;[32muser klik Daftar button&amp#27;[0m               &amp#27;[90m# StepDefinition.RegisterSteps.klikDaftarButton()&amp#27;[0m
19:18:22.122 [Darkroom Processing Line] DEBUG net.serenitybdd.core.photography.DarkroomProcessingLine - Processing screenshot image in /var/screenshots/screenshot-15365109551502084184
19:18:22.122 [Darkroom Processing Line] DEBUG net.serenitybdd.core.photography.DarkroomProcessingLine - Saving screenshot to target\site\serenity\1b64d84656a8036d54196e29926b488cb796ff3b7a06432e6b8da9184c4b9c73.png
  &amp#27;[32mThen &amp#27;[0m&amp#27;[32mUser on Login Page&amp#27;[0m                   &amp#27;[90m# StepDefinition.RegisterSteps.LoginPage()&amp#27;[0m
19:18:26.677 [pool-2-thread-1] DEBUG net.serenitybdd.core.photography.Darkroom - Send negative for processing for target\site\serenity\07909c7d378f905822949adf6d98bae371795aa81880f9fa0ce62ff1a38c5082.png
19:18:26.681 [pool-2-thread-1] INFO  - 
>>>>>>> 3eb7ed59fd558cd82a68549bb500382e6b35ceb5
  _____   ___   ___   _____     ___     _     ___   ___   ___   ___  
 |_   _| | __| / __| |_   _|   | _ \   /_\   / __| / __| | __| |   \ 
   | |   | _|  \__ \   | |     |  _/  / _ \  \__ \ \__ \ | _|  | |) |
   |_|   |___| |___/   |_|     |_|   /_/ \_\ |___/ |___/ |___| |___/ 

User input valid data
----------------------------------------------------------------------
<<<<<<< HEAD
20:12:50.132 [Darkroom Processing Line] DEBUG net.serenitybdd.core.photography.DarkroomProcessingLine - Processing screenshot image in /var/screenshots/screenshot-5997233441796696555
20:12:50.132 [Darkroom Processing Line] DEBUG net.serenitybdd.core.photography.DarkroomProcessingLine - Saving screenshot to target\site\serenity\727c5d4acab8604360951842001ee2a5ebd03569519476eb230acde606eda1b3.png
20:12:50.667 [Darkroom Processing Line] DEBUG net.serenitybdd.core.photography.DarkroomProcessingLine - Processing screenshot image in /var/screenshots/screenshot-4593443096759581177
20:12:50.667 [Darkroom Processing Line] DEBUG net.serenitybdd.core.photography.DarkroomProcessingLine - Saving screenshot to target\site\serenity\db1f9c0e54f22636e0ee565805a74952624c932146af285c71b40cbbb378dc9d.png
20:12:50.998 [Darkroom Processing Line] DEBUG net.serenitybdd.core.photography.DarkroomProcessingLine - Processing screenshot image in /var/screenshots/screenshot-13393081044252323423
20:12:50.998 [Darkroom Processing Line] DEBUG net.serenitybdd.core.photography.DarkroomProcessingLine - Saving screenshot to target\site\serenity\e10cd3f7e7dbd68a11e73c8f29b613b4b720b98a6a02d052e62149249601bc62.png
20:12:51.337 [Darkroom Processing Line] DEBUG net.serenitybdd.core.photography.DarkroomProcessingLine - Processing screenshot image in /var/screenshots/screenshot-11410760899837091621
20:12:51.337 [Darkroom Processing Line] DEBUG net.serenitybdd.core.photography.DarkroomProcessingLine - Saving screenshot to target\site\serenity\3bfd535597f4fa6424a5408ff5d0556aee31e92c3c2b5f0ca6479a792418f84e.png
20:12:51.667 [Darkroom Processing Line] DEBUG net.serenitybdd.core.photography.DarkroomProcessingLine - Processing screenshot image in /var/screenshots/screenshot-17048115754817396874
20:12:51.667 [Darkroom Processing Line] DEBUG net.serenitybdd.core.photography.DarkroomProcessingLine - Saving screenshot to target\site\serenity\4ebe27eff56af0d2664397c99ff3fc8b934493754b470d84d9691ca3ab34c400.png
20:12:51.987 [Darkroom Processing Line] DEBUG net.serenitybdd.core.photography.DarkroomProcessingLine - Processing screenshot image in /var/screenshots/screenshot-15420673409984422058
20:12:51.987 [Darkroom Processing Line] DEBUG net.serenitybdd.core.photography.DarkroomProcessingLine - Saving screenshot to target\site\serenity\f723d191aa52d812973193879e292860b1813fceed5b971fde98588953fac4b5.png
20:12:52.402 [Darkroom Processing Line] DEBUG net.serenitybdd.core.photography.DarkroomProcessingLine - Processing screenshot image in /var/screenshots/screenshot-2846308188100862732
20:12:52.402 [Darkroom Processing Line] DEBUG net.serenitybdd.core.photography.DarkroomProcessingLine - Saving screenshot to target\site\serenity\3bc23dac671773836318ee64ce747c43e9afd55556436ff03c47e173cb47b31c.png
20:12:52.595 [Darkroom Processing Line] DEBUG net.serenitybdd.core.photography.DarkroomProcessingLine - Processing screenshot image in /var/screenshots/screenshot-6833137312350665099
20:12:52.595 [Darkroom Processing Line] DEBUG net.serenitybdd.core.photography.DarkroomProcessingLine - Saving screenshot to target\site\serenity\898b2dee287905ee09616d4f942f9855567773c53064acaf9892bb4df2f08408.png
20:12:52.832 [Darkroom Processing Line] DEBUG net.serenitybdd.core.photography.DarkroomProcessingLine - Processing screenshot image in /var/screenshots/screenshot-9054699704638684603
20:12:52.832 [Darkroom Processing Line] DEBUG net.serenitybdd.core.photography.DarkroomProcessingLine - Saving screenshot to target\site\serenity\e139597a711016c66a0582150325c05b993f4f99abefdc037d3ccc01d2ac2aa7.png
20:12:53.027 [Darkroom Processing Line] DEBUG net.serenitybdd.core.photography.DarkroomProcessingLine - Processing screenshot image in /var/screenshots/screenshot-5136195054005832231
20:12:53.027 [Darkroom Processing Line] DEBUG net.serenitybdd.core.photography.DarkroomProcessingLine - Saving screenshot to target\site\serenity\00d15e17d700b082c643784318d8acbbf506ddda7d647861b43c25f0ae68616f.png
20:12:53.257 [Darkroom Processing Line] DEBUG net.serenitybdd.core.photography.DarkroomProcessingLine - Processing screenshot image in /var/screenshots/screenshot-2038156836619753943
20:12:53.257 [Darkroom Processing Line] DEBUG net.serenitybdd.core.photography.DarkroomProcessingLine - Saving screenshot to target\site\serenity\fbc2fb87c6924d3f011a8393f287be0f7a0dc5c1153ba6ce7f273f4a991150e9.png
20:12:53.761 [Darkroom Processing Line] DEBUG net.serenitybdd.core.photography.DarkroomProcessingLine - Processing screenshot image in /var/screenshots/screenshot-846211360839811967
20:12:53.761 [Darkroom Processing Line] DEBUG net.serenitybdd.core.photography.DarkroomProcessingLine - Saving screenshot to target\site\serenity\61cc4c9feb821d5a3c44508c92f5ce32701ac74eaee75324f7189383425fc931.png
20:12:57.538 [Darkroom Processing Line] DEBUG net.serenitybdd.core.photography.DarkroomProcessingLine - Processing screenshot image in /var/screenshots/screenshot-6202785119833370473
20:12:57.538 [Darkroom Processing Line] DEBUG net.serenitybdd.core.photography.DarkroomProcessingLine - Saving screenshot to target\site\serenity\2aa3f33da54952b8c2fdac0a3425a6eb3764182272bef3816ff860ba047fd75d.png
20:12:58.040 [Darkroom Processing Line] DEBUG net.serenitybdd.core.photography.DarkroomProcessingLine - Processing screenshot image in /var/screenshots/screenshot-3529707328795504654
20:12:58.040 [Darkroom Processing Line] DEBUG net.serenitybdd.core.photography.DarkroomProcessingLine - Saving screenshot to target\site\serenity\f5b87169f505474b8041766807f81cdfa4d1de11b73862c9b22edeba6ec47de8.png
20:12:58.356 [Darkroom Processing Line] DEBUG net.serenitybdd.core.photography.DarkroomProcessingLine - Processing screenshot image in /var/screenshots/screenshot-12867556614007968608
20:12:58.356 [Darkroom Processing Line] DEBUG net.serenitybdd.core.photography.DarkroomProcessingLine - Saving screenshot to target\site\serenity\89564fae6bedb8dfba36003eb283abf2aa2571e67af59a9bbb4d5cc0d79cecff.png
20:12:58.667 [Darkroom Processing Line] DEBUG net.serenitybdd.core.photography.DarkroomProcessingLine - Processing screenshot image in /var/screenshots/screenshot-11899002798574612881
20:12:58.667 [Darkroom Processing Line] DEBUG net.serenitybdd.core.photography.DarkroomProcessingLine - Saving screenshot to target\site\serenity\b6705582afca074c2b2b5b72ef4a8fee48b3ba6c548cee592088483edc973980.png
20:12:58.984 [Darkroom Processing Line] DEBUG net.serenitybdd.core.photography.DarkroomProcessingLine - Processing screenshot image in /var/screenshots/screenshot-17800826366923415872
20:12:58.984 [Darkroom Processing Line] DEBUG net.serenitybdd.core.photography.DarkroomProcessingLine - Saving screenshot to target\site\serenity\94ab5f700073d49e6e232711c7e93595c28e1a52d3656ed2cb05c6df3128652a.png
20:12:59.434 [Darkroom Processing Line] DEBUG net.serenitybdd.core.photography.DarkroomProcessingLine - Processing screenshot image in /var/screenshots/screenshot-8474218377648623382
20:12:59.434 [Darkroom Processing Line] DEBUG net.serenitybdd.core.photography.DarkroomProcessingLine - Saving screenshot to target\site\serenity\506bd92fe5c18741b7bf590f9fab3e11fa284605b64868e2aa18cebda739c016.png
20:12:59.629 [Darkroom Processing Line] DEBUG net.serenitybdd.core.photography.DarkroomProcessingLine - Processing screenshot image in /var/screenshots/screenshot-119640475723037231
20:12:59.629 [Darkroom Processing Line] DEBUG net.serenitybdd.core.photography.DarkroomProcessingLine - Saving screenshot to target\site\serenity\2081d030a3d96621ff88174ff3ec2ca8982221c31411891b476a2429f62e76d8.png
20:12:59.866 [Darkroom Processing Line] DEBUG net.serenitybdd.core.photography.DarkroomProcessingLine - Processing screenshot image in /var/screenshots/screenshot-15005332973496229812
20:12:59.866 [Darkroom Processing Line] DEBUG net.serenitybdd.core.photography.DarkroomProcessingLine - Saving screenshot to target\site\serenity\3ad9e10b4f814b33442496d3662a3f6f1e2137f17228cbff231317a0e3ed9c39.png
20:13:00.062 [Darkroom Processing Line] DEBUG net.serenitybdd.core.photography.DarkroomProcessingLine - Processing screenshot image in /var/screenshots/screenshot-11618463392381998157
20:13:00.062 [Darkroom Processing Line] DEBUG net.serenitybdd.core.photography.DarkroomProcessingLine - Saving screenshot to target\site\serenity\97dabd765a17ca146f8455331c36e7bd45dead956a0bc241188a4d39aed4be17.png
20:13:00.287 [Darkroom Processing Line] DEBUG net.serenitybdd.core.photography.DarkroomProcessingLine - Processing screenshot image in /var/screenshots/screenshot-11039591700084513794
20:13:00.288 [Darkroom Processing Line] DEBUG net.serenitybdd.core.photography.DarkroomProcessingLine - Saving screenshot to target\site\serenity\51ca5a19829ab3883b1911c198410664b547878ed9186bec835be3175d0d35d4.png
20:13:00.680 [Darkroom Processing Line] DEBUG net.serenitybdd.core.photography.DarkroomProcessingLine - Processing screenshot image in /var/screenshots/screenshot-7716449999013668073
20:13:00.680 [Darkroom Processing Line] DEBUG net.serenitybdd.core.photography.DarkroomProcessingLine - Saving screenshot to target\site\serenity\638fd40640825f91300ed44ba66796195b74597e442f61f4a87fe8879da19e50.png
20:13:04.037 [Darkroom Processing Line] DEBUG net.serenitybdd.core.photography.DarkroomProcessingLine - Processing screenshot image in /var/screenshots/screenshot-9788089905183188492
20:13:04.037 [Darkroom Processing Line] DEBUG net.serenitybdd.core.photography.DarkroomProcessingLine - Saving screenshot to target\site\serenity\1245a5f900b6c0b07e4415a66ca86438f6b58c0dde35c3c32ae6e649f6ccdc4b.png
20:13:04.595 [Darkroom Processing Line] DEBUG net.serenitybdd.core.photography.DarkroomProcessingLine - Processing screenshot image in /var/screenshots/screenshot-17624641651831647949
20:13:04.595 [Darkroom Processing Line] DEBUG net.serenitybdd.core.photography.DarkroomProcessingLine - Saving screenshot to target\site\serenity\5b625448f8e026ac649d3b1212d60315e9ccca806b7cdfa82f5cb9d02c407403.png
20:13:04.916 [Darkroom Processing Line] DEBUG net.serenitybdd.core.photography.DarkroomProcessingLine - Processing screenshot image in /var/screenshots/screenshot-320946254529804237
20:13:04.916 [Darkroom Processing Line] DEBUG net.serenitybdd.core.photography.DarkroomProcessingLine - Saving screenshot to target\site\serenity\2949998bd0a8d64b5c13c769a3199c5ade9d68971d2a9e474a8ac5043c776588.png
20:13:05.259 [Darkroom Processing Line] DEBUG net.serenitybdd.core.photography.DarkroomProcessingLine - Processing screenshot image in /var/screenshots/screenshot-13272860353849186646
20:13:05.259 [Darkroom Processing Line] DEBUG net.serenitybdd.core.photography.DarkroomProcessingLine - Saving screenshot to target\site\serenity\c8eaa07078d13a0996f796785428b47ce41b129b3bc3b7f52b3a572176e55e18.png
20:13:05.587 [Darkroom Processing Line] DEBUG net.serenitybdd.core.photography.DarkroomProcessingLine - Processing screenshot image in /var/screenshots/screenshot-3865782157443115340
20:13:05.587 [Darkroom Processing Line] DEBUG net.serenitybdd.core.photography.DarkroomProcessingLine - Saving screenshot to target\site\serenity\68f3995ad1c410946db3ed0521f0f54898dea2bd0136b6a8db16bb2e4e9a7cec.png
20:13:06.014 [Darkroom Processing Line] DEBUG net.serenitybdd.core.photography.DarkroomProcessingLine - Processing screenshot image in /var/screenshots/screenshot-8757546898252542477
20:13:06.014 [Darkroom Processing Line] DEBUG net.serenitybdd.core.photography.DarkroomProcessingLine - Saving screenshot to target\site\serenity\5135ccbbf32bf232f8905211128eaac2f57a59fbae46fa849ccb41474b91bf80.png
20:13:06.211 [Darkroom Processing Line] DEBUG net.serenitybdd.core.photography.DarkroomProcessingLine - Processing screenshot image in /var/screenshots/screenshot-7039453217404992618
20:13:06.211 [Darkroom Processing Line] DEBUG net.serenitybdd.core.photography.DarkroomProcessingLine - Saving screenshot to target\site\serenity\2ab37f4250bb709682a9303a44ac63f490272d0044abaa2643bb58e701f59342.png
20:13:06.450 [Darkroom Processing Line] DEBUG net.serenitybdd.core.photography.DarkroomProcessingLine - Processing screenshot image in /var/screenshots/screenshot-12176592506007941906
20:13:06.450 [Darkroom Processing Line] DEBUG net.serenitybdd.core.photography.DarkroomProcessingLine - Saving screenshot to target\site\serenity\c33706939a19194c74ac08d88000c6d95c3d4c1166a2e0bdaa9f1256dd268b97.png
20:13:06.665 [Darkroom Processing Line] DEBUG net.serenitybdd.core.photography.DarkroomProcessingLine - Processing screenshot image in /var/screenshots/screenshot-618282218100961900
20:13:06.665 [Darkroom Processing Line] DEBUG net.serenitybdd.core.photography.DarkroomProcessingLine - Saving screenshot to target\site\serenity\69159aba86c659a383f1c96002d8d9be4acbd29724aab4a4781d2572439fd75c.png
20:13:06.872 [Darkroom Processing Line] DEBUG net.serenitybdd.core.photography.DarkroomProcessingLine - Processing screenshot image in /var/screenshots/screenshot-8822800144126992777
20:13:06.872 [Darkroom Processing Line] DEBUG net.serenitybdd.core.photography.DarkroomProcessingLine - Saving screenshot to target\site\serenity\16cd0bebc6059d56745a500bc9a172984b2a1a02f6b5665a8365d656a61f8881.png
20:13:07.251 [Darkroom Processing Line] DEBUG net.serenitybdd.core.photography.DarkroomProcessingLine - Processing screenshot image in /var/screenshots/screenshot-14169086948126886425
20:13:07.251 [Darkroom Processing Line] DEBUG net.serenitybdd.core.photography.DarkroomProcessingLine - Saving screenshot to target\site\serenity\4a92329f1dfba448a69498c574df58b4c6e620d641fe45cad1a80348c3909f18.png
20:13:10.889 [Darkroom Processing Line] DEBUG net.serenitybdd.core.photography.DarkroomProcessingLine - Processing screenshot image in /var/screenshots/screenshot-8956588477452752172
20:13:10.889 [Darkroom Processing Line] DEBUG net.serenitybdd.core.photography.DarkroomProcessingLine - Saving screenshot to target\site\serenity\1523fa85b48dfe8c4e5b67c13bbd9287287683e7538e4c1459379298dfd8eed3.png
20:13:11.401 [Darkroom Processing Line] DEBUG net.serenitybdd.core.photography.DarkroomProcessingLine - Processing screenshot image in /var/screenshots/screenshot-7014560384856559682
20:13:11.401 [Darkroom Processing Line] DEBUG net.serenitybdd.core.photography.DarkroomProcessingLine - Saving screenshot to target\site\serenity\241ebbe7180305c60ab0fb0020ae882a7ee404741ec80ecd3e58bc2f4e7c2081.png
20:13:12.006 [Darkroom Processing Line] DEBUG net.serenitybdd.core.photography.DarkroomProcessingLine - Processing screenshot image in /var/screenshots/screenshot-8403785086817233102
20:13:12.006 [Darkroom Processing Line] DEBUG net.serenitybdd.core.photography.DarkroomProcessingLine - Saving screenshot to target\site\serenity\15fae5ba910163dd9f19dd814e0c5bdcd522a426b4684405b4c9bc0c96368f72.png
20:13:12.323 [Darkroom Processing Line] DEBUG net.serenitybdd.core.photography.DarkroomProcessingLine - Processing screenshot image in /var/screenshots/screenshot-5874140871712568713
20:13:12.323 [Darkroom Processing Line] DEBUG net.serenitybdd.core.photography.DarkroomProcessingLine - Saving screenshot to target\site\serenity\768ea17466d4e2e247034f42278715bb86ba9c062bd7fdb9666bccad9367f9f0.png
20:13:12.675 [Darkroom Processing Line] DEBUG net.serenitybdd.core.photography.DarkroomProcessingLine - Processing screenshot image in /var/screenshots/screenshot-5630057018125383202
20:13:12.675 [Darkroom Processing Line] DEBUG net.serenitybdd.core.photography.DarkroomProcessingLine - Saving screenshot to target\site\serenity\0d6643bd9351db3dde6bc6c2f5b6379fde12618cc2615cd90c88cb1b23350049.png
20:13:13.120 [Darkroom Processing Line] DEBUG net.serenitybdd.core.photography.DarkroomProcessingLine - Processing screenshot image in /var/screenshots/screenshot-10298397609923618478
20:13:13.121 [Darkroom Processing Line] DEBUG net.serenitybdd.core.photography.DarkroomProcessingLine - Saving screenshot to target\site\serenity\c076936a35bd697bfcaaac455f93388f894bcd6718caa07540f1926ff7bf0057.png
20:13:13.310 [Darkroom Processing Line] DEBUG net.serenitybdd.core.photography.DarkroomProcessingLine - Processing screenshot image in /var/screenshots/screenshot-15684908977125285156
20:13:13.310 [Darkroom Processing Line] DEBUG net.serenitybdd.core.photography.DarkroomProcessingLine - Saving screenshot to target\site\serenity\5388a2d230788ceebb86c086477daea8eee55fe28d4252fb2420a85158c10f75.png
20:13:13.570 [Darkroom Processing Line] DEBUG net.serenitybdd.core.photography.DarkroomProcessingLine - Processing screenshot image in /var/screenshots/screenshot-4301489085494361897
20:13:13.570 [Darkroom Processing Line] DEBUG net.serenitybdd.core.photography.DarkroomProcessingLine - Saving screenshot to target\site\serenity\309093857e6a075b50c5761642f9dc73e6e2811932c3da0291402823210a9695.png
20:13:13.758 [Darkroom Processing Line] DEBUG net.serenitybdd.core.photography.DarkroomProcessingLine - Processing screenshot image in /var/screenshots/screenshot-9176103314854659778
20:13:13.758 [Darkroom Processing Line] DEBUG net.serenitybdd.core.photography.DarkroomProcessingLine - Saving screenshot to target\site\serenity\56a7107030c3ba5f9aac10c933bbbe7ec1b1a6fa1755b464b8a4e2c4f0fd5ea0.png
20:13:14.009 [Darkroom Processing Line] DEBUG net.serenitybdd.core.photography.DarkroomProcessingLine - Processing screenshot image in /var/screenshots/screenshot-10530588666583322929
20:13:14.009 [Darkroom Processing Line] DEBUG net.serenitybdd.core.photography.DarkroomProcessingLine - Saving screenshot to target\site\serenity\3720d8b6239dd27677122616e533973c3767882903ba26d4a2b8287d773a57aa.png
20:13:14.527 [Darkroom Processing Line] DEBUG net.serenitybdd.core.photography.DarkroomProcessingLine - Processing screenshot image in /var/screenshots/screenshot-9119631420440245418
20:13:14.527 [Darkroom Processing Line] DEBUG net.serenitybdd.core.photography.DarkroomProcessingLine - Saving screenshot to target\site\serenity\4d1daaa794b61eb628d03828b4abd5c258bc242a9b8f0c2864eb496b63bc39ac.png
20:13:18.307 [Darkroom Processing Line] DEBUG net.serenitybdd.core.photography.DarkroomProcessingLine - Processing screenshot image in /var/screenshots/screenshot-17808377807296298222
20:13:18.307 [Darkroom Processing Line] DEBUG net.serenitybdd.core.photography.DarkroomProcessingLine - Saving screenshot to target\site\serenity\29843878ec888490e186e95a378e3de7fb5c13bbcb790bdd51dbf0562b47093b.png
20:13:18.894 [Darkroom Processing Line] DEBUG net.serenitybdd.core.photography.DarkroomProcessingLine - Processing screenshot image in /var/screenshots/screenshot-9552784926087109732
20:13:18.894 [Darkroom Processing Line] DEBUG net.serenitybdd.core.photography.DarkroomProcessingLine - Saving screenshot to target\site\serenity\8c56c77eca8831e18f4bb15fa379506e15181977b64b236974b1ea7c1ae7d696.png
20:13:19.235 [Darkroom Processing Line] DEBUG net.serenitybdd.core.photography.DarkroomProcessingLine - Processing screenshot image in /var/screenshots/screenshot-7682056724446174252
20:13:19.235 [Darkroom Processing Line] DEBUG net.serenitybdd.core.photography.DarkroomProcessingLine - Saving screenshot to target\site\serenity\01a4997529db77b31a7323744d55dfe1a229f96086627b16ea10f4f465eaa387.png
20:13:19.554 [Darkroom Processing Line] DEBUG net.serenitybdd.core.photography.DarkroomProcessingLine - Processing screenshot image in /var/screenshots/screenshot-11284636705595734001
20:13:19.554 [Darkroom Processing Line] DEBUG net.serenitybdd.core.photography.DarkroomProcessingLine - Saving screenshot to target\site\serenity\d257cef0b6023b0de9b89b22d7eb2414af71f24dc786662d1affa4838a9a3c7b.png
20:13:19.886 [Darkroom Processing Line] DEBUG net.serenitybdd.core.photography.DarkroomProcessingLine - Processing screenshot image in /var/screenshots/screenshot-9611557465328923601
20:13:19.886 [Darkroom Processing Line] DEBUG net.serenitybdd.core.photography.DarkroomProcessingLine - Saving screenshot to target\site\serenity\a90a669c2b2bb7342a3d784003b8e48d1d9f9bb4919846c6c0e7ce9d80dfbd47.png
20:13:20.072 [Darkroom Processing Line] DEBUG net.serenitybdd.core.photography.DarkroomProcessingLine - Processing screenshot image in /var/screenshots/screenshot-8798819408275522473
20:13:20.072 [Darkroom Processing Line] DEBUG net.serenitybdd.core.photography.DarkroomProcessingLine - Saving screenshot to target\site\serenity\43976c84fc2f5a3fd1eca6d2fccc91864b8fb25b8e499e520d37a28de8d4a727.png
20:13:20.301 [Darkroom Processing Line] DEBUG net.serenitybdd.core.photography.DarkroomProcessingLine - Processing screenshot image in /var/screenshots/screenshot-1413717327728497813
20:13:20.301 [Darkroom Processing Line] DEBUG net.serenitybdd.core.photography.DarkroomProcessingLine - Saving screenshot to target\site\serenity\8ac28accd26cd80dbd7197ba355f50d048a48f40f413e62911ac276e86d7a008.png
20:13:20.504 [Darkroom Processing Line] DEBUG net.serenitybdd.core.photography.DarkroomProcessingLine - Processing screenshot image in /var/screenshots/screenshot-17077020108055769333
20:13:20.504 [Darkroom Processing Line] DEBUG net.serenitybdd.core.photography.DarkroomProcessingLine - Saving screenshot to target\site\serenity\65bbcfd1632a1234b15e915ffe251789c7b3818dff56851ef25b64903517d05e.png
20:13:20.728 [Darkroom Processing Line] DEBUG net.serenitybdd.core.photography.DarkroomProcessingLine - Processing screenshot image in /var/screenshots/screenshot-4657300536365161127
20:13:20.728 [Darkroom Processing Line] DEBUG net.serenitybdd.core.photography.DarkroomProcessingLine - Saving screenshot to target\site\serenity\defb4fb4e99547c8b2040a1bca8373da50ae05acaf12b5e6d55dea3a906ac172.png
20:13:20.906 [Darkroom Processing Line] DEBUG net.serenitybdd.core.photography.DarkroomProcessingLine - Processing screenshot image in /var/screenshots/screenshot-9736870337166214403
20:13:20.906 [Darkroom Processing Line] DEBUG net.serenitybdd.core.photography.DarkroomProcessingLine - Saving screenshot to target\site\serenity\5d1cbee85fc3de05adad3c63b6d2800676f5c5889218f5a26c81df23ce0c1b34.png
20:13:21.269 [Darkroom Processing Line] DEBUG net.serenitybdd.core.photography.DarkroomProcessingLine - Processing screenshot image in /var/screenshots/screenshot-9219273967181931158
20:13:21.269 [Darkroom Processing Line] DEBUG net.serenitybdd.core.photography.DarkroomProcessingLine - Saving screenshot to target\site\serenity\696496a93e7dc0c3699316eb9d6e116d6dab228ad8711f809dc91583350c3457.png
20:13:21.664 [Darkroom Processing Line] DEBUG net.serenitybdd.core.photography.DarkroomProcessingLine - Processing screenshot image in /var/screenshots/screenshot-17661571589080950068
20:13:21.664 [Darkroom Processing Line] DEBUG net.serenitybdd.core.photography.DarkroomProcessingLine - Saving screenshot to target\site\serenity\0d312f738403de951ec5be4cd16171897c57428c88ccd48b93bf0158ca73ecde.png
20:13:25.154 [Darkroom Processing Line] DEBUG net.serenitybdd.core.photography.DarkroomProcessingLine - Processing screenshot image in /var/screenshots/screenshot-16580843266830076685
20:13:25.154 [Darkroom Processing Line] DEBUG net.serenitybdd.core.photography.DarkroomProcessingLine - Saving screenshot to target\site\serenity\d61c57b48d4af5ff0331dd367d3c6e55b50b3c8ca61fff35c47b483b300a5fec.png
20:13:25.642 [Darkroom Processing Line] DEBUG net.serenitybdd.core.photography.DarkroomProcessingLine - Processing screenshot image in /var/screenshots/screenshot-6192992261714186038
20:13:25.642 [Darkroom Processing Line] DEBUG net.serenitybdd.core.photography.DarkroomProcessingLine - Saving screenshot to target\site\serenity\07324c91b8069043571c1b1ab719198c99c3450f9c3a7247a213552d3b33e433.png
20:13:26.210 [Darkroom Processing Line] DEBUG net.serenitybdd.core.photography.DarkroomProcessingLine - Processing screenshot image in /var/screenshots/screenshot-12871155476576250586
20:13:26.210 [Darkroom Processing Line] DEBUG net.serenitybdd.core.photography.DarkroomProcessingLine - Saving screenshot to target\site\serenity\297ad3751c4abac0ac1f3e520ac980dafd49ed9bd3420bd1f3dbd17951c06a70.png
20:13:26.558 [Darkroom Processing Line] DEBUG net.serenitybdd.core.photography.DarkroomProcessingLine - Processing screenshot image in /var/screenshots/screenshot-16674776534116237820
20:13:26.558 [Darkroom Processing Line] DEBUG net.serenitybdd.core.photography.DarkroomProcessingLine - Saving screenshot to target\site\serenity\f2127ecaa0181fbcb933a45ae992e3c39a3f99be67dc8e8cad1bb4a469cfa1ad.png
20:13:26.888 [Darkroom Processing Line] DEBUG net.serenitybdd.core.photography.DarkroomProcessingLine - Processing screenshot image in /var/screenshots/screenshot-3916413959847032362
20:13:26.888 [Darkroom Processing Line] DEBUG net.serenitybdd.core.photography.DarkroomProcessingLine - Saving screenshot to target\site\serenity\087ae115ffb4a5037ae6b38d7f0afde7bc99836c4641e63cae820834f33ba064.png
20:13:27.209 [Darkroom Processing Line] DEBUG net.serenitybdd.core.photography.DarkroomProcessingLine - Processing screenshot image in /var/screenshots/screenshot-8576836716077702421
20:13:27.209 [Darkroom Processing Line] DEBUG net.serenitybdd.core.photography.DarkroomProcessingLine - Saving screenshot to target\site\serenity\44135b7947e07035096745d99a6c0b0e22025b8deffc455b89de31535340d0eb.png
20:13:27.390 [Darkroom Processing Line] DEBUG net.serenitybdd.core.photography.DarkroomProcessingLine - Processing screenshot image in /var/screenshots/screenshot-8539898253151287812
20:13:27.390 [Darkroom Processing Line] DEBUG net.serenitybdd.core.photography.DarkroomProcessingLine - Saving screenshot to target\site\serenity\ddf8ecae9e6d54d682cef7420350d8ffb4180ab3dc782ee4a0bb31fcae9860dd.png
20:13:27.673 [Darkroom Processing Line] DEBUG net.serenitybdd.core.photography.DarkroomProcessingLine - Processing screenshot image in /var/screenshots/screenshot-11279698370685352651
20:13:27.673 [Darkroom Processing Line] DEBUG net.serenitybdd.core.photography.DarkroomProcessingLine - Saving screenshot to target\site\serenity\f41d565154f34bf30b4ca96aae8496d3f6deef2e30989c4dbf1bdb87b2e6c6db.png
20:13:27.873 [Darkroom Processing Line] DEBUG net.serenitybdd.core.photography.DarkroomProcessingLine - Processing screenshot image in /var/screenshots/screenshot-17856602728924946371
20:13:27.873 [Darkroom Processing Line] DEBUG net.serenitybdd.core.photography.DarkroomProcessingLine - Saving screenshot to target\site\serenity\31cfe304688d64a1be8f28c1cf95926826a3a1d0701434abd8f288bdadceac48.png
20:13:28.096 [Darkroom Processing Line] DEBUG net.serenitybdd.core.photography.DarkroomProcessingLine - Processing screenshot image in /var/screenshots/screenshot-4235544941606504786
20:13:28.096 [Darkroom Processing Line] DEBUG net.serenitybdd.core.photography.DarkroomProcessingLine - Saving screenshot to target\site\serenity\137709bf7d8892c55ac8ded86924c8f35905321c1fcb25990913e9d2988fe331.png
20:13:28.286 [Darkroom Processing Line] DEBUG net.serenitybdd.core.photography.DarkroomProcessingLine - Processing screenshot image in /var/screenshots/screenshot-16511105330299964892
20:13:28.286 [Darkroom Processing Line] DEBUG net.serenitybdd.core.photography.DarkroomProcessingLine - Saving screenshot to target\site\serenity\bd27a48b9fca0dd6c3e07b5b5b6a4381ce9a2e4dc6fd2a7ac1fa12be83c626db.png
20:13:28.723 [Darkroom Processing Line] DEBUG net.serenitybdd.core.photography.DarkroomProcessingLine - Processing screenshot image in /var/screenshots/screenshot-11501618799893589472
20:13:28.723 [Darkroom Processing Line] DEBUG net.serenitybdd.core.photography.DarkroomProcessingLine - Saving screenshot to target\site\serenity\b5155dec01b428dd0f1f99596c04ce10c0478b4e0ce1191f7c7816156784da8e.png
20:13:32.190 [Darkroom Processing Line] DEBUG net.serenitybdd.core.photography.DarkroomProcessingLine - Processing screenshot image in /var/screenshots/screenshot-11424332445318126088
20:13:32.190 [Darkroom Processing Line] DEBUG net.serenitybdd.core.photography.DarkroomProcessingLine - Saving screenshot to target\site\serenity\cd3f64df56ed1935c397bb062c24e09f5dd785611b919ef9a8dc77068300c198.png
20:13:32.691 [Darkroom Processing Line] DEBUG net.serenitybdd.core.photography.DarkroomProcessingLine - Processing screenshot image in /var/screenshots/screenshot-8724254809337905726
20:13:32.691 [Darkroom Processing Line] DEBUG net.serenitybdd.core.photography.DarkroomProcessingLine - Saving screenshot to target\site\serenity\c69693e2e6212ede40624cd3385fdaad5ecbb3d9ce42c1b42d6f5715258682a5.png
20:13:33.267 [Darkroom Processing Line] DEBUG net.serenitybdd.core.photography.DarkroomProcessingLine - Processing screenshot image in /var/screenshots/screenshot-5067692397288470195
20:13:33.267 [Darkroom Processing Line] DEBUG net.serenitybdd.core.photography.DarkroomProcessingLine - Saving screenshot to target\site\serenity\a0d48b1de6f0061e0d9898b6bae2d5f1f5cd2241283df1ff44fbca154d4a09b8.png
20:13:33.592 [Darkroom Processing Line] DEBUG net.serenitybdd.core.photography.DarkroomProcessingLine - Processing screenshot image in /var/screenshots/screenshot-271433398729757075
20:13:33.592 [Darkroom Processing Line] DEBUG net.serenitybdd.core.photography.DarkroomProcessingLine - Saving screenshot to target\site\serenity\89efb9d232578142dbf0f55976c2f77e6e74124f78a3ee544304a04f7f2e0574.png
20:13:33.827 [Darkroom Processing Line] DEBUG net.serenitybdd.core.photography.DarkroomProcessingLine - Processing screenshot image in /var/screenshots/screenshot-12204154096304000694
20:13:33.827 [Darkroom Processing Line] DEBUG net.serenitybdd.core.photography.DarkroomProcessingLine - Saving screenshot to target\site\serenity\cac5c000a17160c5204da2deb1546aa9b5ba85d98286d558f8cfa331b6ba15a7.png
20:13:34.147 [Darkroom Processing Line] DEBUG net.serenitybdd.core.photography.DarkroomProcessingLine - Processing screenshot image in /var/screenshots/screenshot-6215952329098518836
20:13:34.147 [Darkroom Processing Line] DEBUG net.serenitybdd.core.photography.DarkroomProcessingLine - Saving screenshot to target\site\serenity\2475c1b7447334884f911b7230047fafad1c2924da230323eab01d780701793d.png
20:13:34.597 [Darkroom Processing Line] DEBUG net.serenitybdd.core.photography.DarkroomProcessingLine - Processing screenshot image in /var/screenshots/screenshot-11189375432378358104
20:13:34.597 [Darkroom Processing Line] DEBUG net.serenitybdd.core.photography.DarkroomProcessingLine - Saving screenshot to target\site\serenity\af6aaa912f31b1563fc2e74433c4bde4d653d701d6e4b65208c6953dc290833b.png
20:13:34.792 [Darkroom Processing Line] DEBUG net.serenitybdd.core.photography.DarkroomProcessingLine - Processing screenshot image in /var/screenshots/screenshot-8414184258649009553
20:13:34.792 [Darkroom Processing Line] DEBUG net.serenitybdd.core.photography.DarkroomProcessingLine - Saving screenshot to target\site\serenity\1698e8133b2640d50008fdf78be39c6e92b45b44b93b70d518e6691c4dc83c44.png
20:13:35.030 [Darkroom Processing Line] DEBUG net.serenitybdd.core.photography.DarkroomProcessingLine - Processing screenshot image in /var/screenshots/screenshot-14691221895874737692
20:13:35.030 [Darkroom Processing Line] DEBUG net.serenitybdd.core.photography.DarkroomProcessingLine - Saving screenshot to target\site\serenity\f0f0a674b6172c8d7075219e194a82054445674c5d03420dc994de235b313aa4.png
20:13:35.208 [Darkroom Processing Line] DEBUG net.serenitybdd.core.photography.DarkroomProcessingLine - Processing screenshot image in /var/screenshots/screenshot-8775625626790345050
20:13:35.208 [Darkroom Processing Line] DEBUG net.serenitybdd.core.photography.DarkroomProcessingLine - Saving screenshot to target\site\serenity\c40eda1dc43789b8e566ecc215b591cf82843cae12c3753175cf19db2337a1b2.png
20:13:35.802 [Darkroom Processing Line] DEBUG net.serenitybdd.core.photography.DarkroomProcessingLine - Processing screenshot image in /var/screenshots/screenshot-3289014631080642728
20:13:35.802 [Darkroom Processing Line] DEBUG net.serenitybdd.core.photography.DarkroomProcessingLine - Saving screenshot to target\site\serenity\fbbfbec96cdf941272f4e033c251154c0d74244b1fef9371feab2aadd0a345f9.png
20:13:40.259 [Darkroom Processing Line] DEBUG net.serenitybdd.core.photography.DarkroomProcessingLine - Darkroom processing line shutting down
]]></system-out>
    <system-err><![CDATA[Starting ChromeDriver 103.0.5060.53 (a1711811edd74ff1cf2150f36ffa3b0dae40b17f-refs/branch-heads/5060@{#853}) on port 65157
Only local connections are allowed.
Please see https://chromedriver.chromium.org/security-considerations for suggestions on keeping ChromeDriver safe.
ChromeDriver was started successfully.
Jul 17, 2022 8:12:38 PM org.openqa.selenium.remote.ProtocolHandshake createSession
INFO: Detected dialect: W3C
]]></system-err>
  </testcase>
  <testcase name="user input email tanpa menggunakan &apos;@&apos;" classname="user on register page" time="7.629">
    <system-out><![CDATA[
@nyoba
Scenario: user input email tanpa menggunakan '@' &amp#27;[90m# src/test/resources/web/Register.feature:16&amp#27;[0m
20:12:46.509 [pool-2-thread-1] INFO io.cucumber.core.plugin.SerenityReporter - Running feature from file:///C:/Users/LENOVO-PC/OneDrive%20-%20IT-PLN/Dokumen/apenim/Diskusiaza-QE/WEB%20DISKUSIAZA/src/test/resources/web/Register.feature
20:12:46.509 [pool-2-thread-1] WARN io.cucumber.core.plugin.SerenityReporter - Feature from file:///C:/Users/LENOVO-PC/OneDrive%20-%20IT-PLN/Dokumen/apenim/Diskusiaza-QE/WEB%20DISKUSIAZA/src/test/resources/web/Register.feature is not under the 'features' directory. Requirements report will not be correctly generated!
20:12:46.509 [pool-2-thread-1] INFO  - 
=======
19:18:55.611 [Darkroom Processing Line] DEBUG net.serenitybdd.core.photography.DarkroomProcessingLine - Processing screenshot image in /var/screenshots/screenshot-13043888266574279014
19:18:55.611 [Darkroom Processing Line] DEBUG net.serenitybdd.core.photography.DarkroomProcessingLine - Saving screenshot to target\site\serenity\4bd00bc90da7a34c8e6d4cdcc10f4cf71e0a9a7cb370d21ff8bc69087a3feb9b.png
19:18:56.479 [Darkroom Processing Line] DEBUG net.serenitybdd.core.photography.DarkroomProcessingLine - Processing screenshot image in /var/screenshots/screenshot-9546342867897701189
19:18:56.480 [Darkroom Processing Line] DEBUG net.serenitybdd.core.photography.DarkroomProcessingLine - Saving screenshot to target\site\serenity\e35ad4fc14aced3d8bc924f86c523d6cad5eb20c27236b88993b643f72e92ba5.png
19:18:57.122 [Darkroom Processing Line] DEBUG net.serenitybdd.core.photography.DarkroomProcessingLine - Processing screenshot image in /var/screenshots/screenshot-261987092067865902
19:18:57.122 [Darkroom Processing Line] DEBUG net.serenitybdd.core.photography.DarkroomProcessingLine - Saving screenshot to target\site\serenity\6e7c95a09de933a369002a01b910e7654d81c7c195a22e3a594a10b26ee478e1.png
19:18:57.803 [Darkroom Processing Line] DEBUG net.serenitybdd.core.photography.DarkroomProcessingLine - Processing screenshot image in /var/screenshots/screenshot-617534920845972482
19:18:57.803 [Darkroom Processing Line] DEBUG net.serenitybdd.core.photography.DarkroomProcessingLine - Saving screenshot to target\site\serenity\c47863ccc0932056dc25d76d6289f742277103c370d116a28835d6654fb3dd39.png
19:18:58.567 [Darkroom Processing Line] DEBUG net.serenitybdd.core.photography.DarkroomProcessingLine - Processing screenshot image in /var/screenshots/screenshot-491433078570081808
19:18:58.567 [Darkroom Processing Line] DEBUG net.serenitybdd.core.photography.DarkroomProcessingLine - Saving screenshot to target\site\serenity\884e2c340b55d1f1e58bcec2217a987ca057a70dd7709ed272776842f1c0f365.png
19:18:59.210 [Darkroom Processing Line] DEBUG net.serenitybdd.core.photography.DarkroomProcessingLine - Processing screenshot image in /var/screenshots/screenshot-14443444292137791667
19:18:59.211 [Darkroom Processing Line] DEBUG net.serenitybdd.core.photography.DarkroomProcessingLine - Saving screenshot to target\site\serenity\119276e4cd9aa9b6224bbf9a8ddb1fbd7490f8f1f36438f4112e75fb990d8825.png
19:19:00.048 [Darkroom Processing Line] DEBUG net.serenitybdd.core.photography.DarkroomProcessingLine - Processing screenshot image in /var/screenshots/screenshot-6627824353081790900
19:19:00.048 [Darkroom Processing Line] DEBUG net.serenitybdd.core.photography.DarkroomProcessingLine - Saving screenshot to target\site\serenity\2dcf182e7bb9fea338b5b670dc5d5bfd84cc7e761f887b2ce39d21c9a98a9778.png
19:19:00.394 [Darkroom Processing Line] DEBUG net.serenitybdd.core.photography.DarkroomProcessingLine - Processing screenshot image in /var/screenshots/screenshot-248241730539521514
19:19:00.394 [Darkroom Processing Line] DEBUG net.serenitybdd.core.photography.DarkroomProcessingLine - Saving screenshot to target\site\serenity\7eb31b46a32fda11da4eaaf70616badf4787c3df9d595e0ed0f2a4ae99965a9e.png
19:19:00.831 [Darkroom Processing Line] DEBUG net.serenitybdd.core.photography.DarkroomProcessingLine - Processing screenshot image in /var/screenshots/screenshot-14143704425273584084
19:19:00.831 [Darkroom Processing Line] DEBUG net.serenitybdd.core.photography.DarkroomProcessingLine - Saving screenshot to target\site\serenity\1197bddb9ce00211c2c70f795028dcb6ddac3e04a3d3da056cb0bc0ba4f009e4.png
19:19:01.236 [Darkroom Processing Line] DEBUG net.serenitybdd.core.photography.DarkroomProcessingLine - Processing screenshot image in /var/screenshots/screenshot-509030750377660998
19:19:01.236 [Darkroom Processing Line] DEBUG net.serenitybdd.core.photography.DarkroomProcessingLine - Saving screenshot to target\site\serenity\6e4e023a30a537deab2ff04ed4bf67f78f5f63a3dbd56f8607bb36cd44791567.png
19:19:01.696 [Darkroom Processing Line] DEBUG net.serenitybdd.core.photography.DarkroomProcessingLine - Processing screenshot image in /var/screenshots/screenshot-16727021124782667667
19:19:01.697 [Darkroom Processing Line] DEBUG net.serenitybdd.core.photography.DarkroomProcessingLine - Saving screenshot to target\site\serenity\1a200f38a42307efde3b67dec5f31968b463915133da8000989b3062bbc16dea.png
19:19:02.567 [Darkroom Processing Line] DEBUG net.serenitybdd.core.photography.DarkroomProcessingLine - Processing screenshot image in /var/screenshots/screenshot-4201217890224897943
19:19:02.567 [Darkroom Processing Line] DEBUG net.serenitybdd.core.photography.DarkroomProcessingLine - Saving screenshot to target\site\serenity\34bdcfb65e39814ebaf799878c84093c81ae3714b25381a953845f20acb72502.png
19:19:26.647 [Darkroom Processing Line] DEBUG net.serenitybdd.core.photography.DarkroomProcessingLine - Processing screenshot image in /var/screenshots/screenshot-6801976868985023622
19:19:26.647 [Darkroom Processing Line] DEBUG net.serenitybdd.core.photography.DarkroomProcessingLine - Saving screenshot to target\site\serenity\23592e2c49b7a77b1271aee484f74b65fa64f06995f6187e7b506f5c38b73bc3.png
19:19:27.765 [Darkroom Processing Line] DEBUG net.serenitybdd.core.photography.DarkroomProcessingLine - Processing screenshot image in /var/screenshots/screenshot-13783865042812074738
19:19:27.765 [Darkroom Processing Line] DEBUG net.serenitybdd.core.photography.DarkroomProcessingLine - Saving screenshot to target\site\serenity\3e86bb3d8879fd42c5811b561616e9ef2d67c32132adc5ff2991ea90db9b7d9e.png
19:19:28.496 [Darkroom Processing Line] DEBUG net.serenitybdd.core.photography.DarkroomProcessingLine - Processing screenshot image in /var/screenshots/screenshot-4106947901818836245
19:19:28.497 [Darkroom Processing Line] DEBUG net.serenitybdd.core.photography.DarkroomProcessingLine - Saving screenshot to target\site\serenity\d65ecbf70931a448b4fd052a2f8103bdf6d78e50501eb630033bcbdbe602f514.png
19:19:29.199 [Darkroom Processing Line] DEBUG net.serenitybdd.core.photography.DarkroomProcessingLine - Processing screenshot image in /var/screenshots/screenshot-13646840936232036749
19:19:29.199 [Darkroom Processing Line] DEBUG net.serenitybdd.core.photography.DarkroomProcessingLine - Saving screenshot to target\site\serenity\955852176b50db894656ddb3dfe4d3ea78ff2f87631b4c83c895a023fcc3beaa.png
19:19:29.802 [Darkroom Processing Line] DEBUG net.serenitybdd.core.photography.DarkroomProcessingLine - Processing screenshot image in /var/screenshots/screenshot-6769070199721952950
19:19:29.802 [Darkroom Processing Line] DEBUG net.serenitybdd.core.photography.DarkroomProcessingLine - Saving screenshot to target\site\serenity\47fd29047daf06a26e806af540a852448f343d7cc96c8e10cd94df65185823cc.png
19:19:30.579 [Darkroom Processing Line] DEBUG net.serenitybdd.core.photography.DarkroomProcessingLine - Processing screenshot image in /var/screenshots/screenshot-2970021929201549947
19:19:30.579 [Darkroom Processing Line] DEBUG net.serenitybdd.core.photography.DarkroomProcessingLine - Saving screenshot to target\site\serenity\653576ffc815a07326097fb9d7925580dc3aa31e567c6e0e49a1eaadab71cc6f.png
19:19:31.315 [Darkroom Processing Line] DEBUG net.serenitybdd.core.photography.DarkroomProcessingLine - Processing screenshot image in /var/screenshots/screenshot-10912848747098176303
19:19:31.315 [Darkroom Processing Line] DEBUG net.serenitybdd.core.photography.DarkroomProcessingLine - Saving screenshot to target\site\serenity\3f9e93d3ea860146c4f7a580f242dee99f2484624cc4d9cd0f66550f360394c1.png
19:19:31.685 [Darkroom Processing Line] DEBUG net.serenitybdd.core.photography.DarkroomProcessingLine - Processing screenshot image in /var/screenshots/screenshot-13271008626246814728
19:19:31.685 [Darkroom Processing Line] DEBUG net.serenitybdd.core.photography.DarkroomProcessingLine - Saving screenshot to target\site\serenity\a7b404e0b68de5bd16ac32bc7511245caa096977fca01b848cc4314b7475cb10.png
19:19:32.098 [Darkroom Processing Line] DEBUG net.serenitybdd.core.photography.DarkroomProcessingLine - Processing screenshot image in /var/screenshots/screenshot-17883021115402857331
19:19:32.098 [Darkroom Processing Line] DEBUG net.serenitybdd.core.photography.DarkroomProcessingLine - Saving screenshot to target\site\serenity\8917860fc18861a53a42dcc4c55bb26d85ad962ae29c3288beebde7cf1f0bc4a.png
19:19:32.879 [Darkroom Processing Line] DEBUG net.serenitybdd.core.photography.DarkroomProcessingLine - Processing screenshot image in /var/screenshots/screenshot-8928348091929826704
19:19:32.879 [Darkroom Processing Line] DEBUG net.serenitybdd.core.photography.DarkroomProcessingLine - Saving screenshot to target\site\serenity\3d3403c03060be918a8970b73cde87a78ce28d84e6b6d56b307701309244aad7.png
19:20:18.044 [Darkroom Processing Line] DEBUG net.serenitybdd.core.photography.DarkroomProcessingLine - Processing screenshot image in /var/screenshots/screenshot-17421081982460221497
19:20:18.045 [Darkroom Processing Line] DEBUG net.serenitybdd.core.photography.DarkroomProcessingLine - Saving screenshot to target\site\serenity\e992cc5855283a47b4b7b23e3a5f3fd31fc34f9988f6be4575d63c26a5904a09.png
19:20:19.339 [Darkroom Processing Line] DEBUG net.serenitybdd.core.photography.DarkroomProcessingLine - Processing screenshot image in /var/screenshots/screenshot-1075136881975332320
19:20:19.339 [Darkroom Processing Line] DEBUG net.serenitybdd.core.photography.DarkroomProcessingLine - Saving screenshot to target\site\serenity\ff29746281234210cbfc1f7a868b2421c3eef522d5663c28eb56a57afc7391a7.png
19:20:19.922 [Darkroom Processing Line] DEBUG net.serenitybdd.core.photography.DarkroomProcessingLine - Processing screenshot image in /var/screenshots/screenshot-12081087313289363836
19:20:19.922 [Darkroom Processing Line] DEBUG net.serenitybdd.core.photography.DarkroomProcessingLine - Saving screenshot to target\site\serenity\4047910793c77a21e75152ecb38ab32cfe9e67cc294950587ad196f4c5c8de0a.png
19:20:20.555 [Darkroom Processing Line] DEBUG net.serenitybdd.core.photography.DarkroomProcessingLine - Processing screenshot image in /var/screenshots/screenshot-7577840803073990079
19:20:20.555 [Darkroom Processing Line] DEBUG net.serenitybdd.core.photography.DarkroomProcessingLine - Saving screenshot to target\site\serenity\0ed7a0c7d2f666ba83d701ecf85e85ba36eb7bbd04c2fa87b19610884b39817f.png
19:20:21.159 [Darkroom Processing Line] DEBUG net.serenitybdd.core.photography.DarkroomProcessingLine - Processing screenshot image in /var/screenshots/screenshot-14542084893484233645
19:20:21.159 [Darkroom Processing Line] DEBUG net.serenitybdd.core.photography.DarkroomProcessingLine - Saving screenshot to target\site\serenity\c1a6036ef95d8007a627a8fda5557547198d4c33f45f5772f5b6f8f8a766d85a.png
19:20:21.971 [Darkroom Processing Line] DEBUG net.serenitybdd.core.photography.DarkroomProcessingLine - Processing screenshot image in /var/screenshots/screenshot-13974626176129491159
19:20:21.971 [Darkroom Processing Line] DEBUG net.serenitybdd.core.photography.DarkroomProcessingLine - Saving screenshot to target\site\serenity\7ca2f6d102e2c361e125e8aeae11df12ca1b3b91be5eba1e85e2929801ee69f6.png
19:20:22.376 [Darkroom Processing Line] DEBUG net.serenitybdd.core.photography.DarkroomProcessingLine - Processing screenshot image in /var/screenshots/screenshot-14250095490513768501
19:20:22.376 [Darkroom Processing Line] DEBUG net.serenitybdd.core.photography.DarkroomProcessingLine - Saving screenshot to target\site\serenity\99dab6deb247d08beb6ebe789491c52e3be90cfa8288b76dbdb44de6d639fff5.png
19:20:22.828 [Darkroom Processing Line] DEBUG net.serenitybdd.core.photography.DarkroomProcessingLine - Processing screenshot image in /var/screenshots/screenshot-4239148872454423478
19:20:22.829 [Darkroom Processing Line] DEBUG net.serenitybdd.core.photography.DarkroomProcessingLine - Saving screenshot to target\site\serenity\abdd4aa0332ee5935a9e8001a1a69852228c16cf36dd3ce114fb38725e23333f.png
19:20:23.173 [Darkroom Processing Line] DEBUG net.serenitybdd.core.photography.DarkroomProcessingLine - Processing screenshot image in /var/screenshots/screenshot-3921892251821265066
19:20:23.173 [Darkroom Processing Line] DEBUG net.serenitybdd.core.photography.DarkroomProcessingLine - Saving screenshot to target\site\serenity\d6ed7634b286653805d90e76e0bf7c8337c04645967818a32de9ab278b46e976.png
19:20:23.684 [Darkroom Processing Line] DEBUG net.serenitybdd.core.photography.DarkroomProcessingLine - Processing screenshot image in /var/screenshots/screenshot-1475477584279495474
19:20:23.684 [Darkroom Processing Line] DEBUG net.serenitybdd.core.photography.DarkroomProcessingLine - Saving screenshot to target\site\serenity\7ad8c06282856066a27e416904361ebaad5b253149e745045964678463bc66dd.png
19:20:24.596 [Darkroom Processing Line] DEBUG net.serenitybdd.core.photography.DarkroomProcessingLine - Processing screenshot image in /var/screenshots/screenshot-6530052915644958732
19:20:24.596 [Darkroom Processing Line] DEBUG net.serenitybdd.core.photography.DarkroomProcessingLine - Saving screenshot to target\site\serenity\ee9ae3ce5f83a81281a0b40bf235a1bed755ffb629f0c1c81ab3539d3465ee0d.png
19:20:48.611 [Darkroom Processing Line] DEBUG net.serenitybdd.core.photography.DarkroomProcessingLine - Processing screenshot image in /var/screenshots/screenshot-6828788761335594105
19:20:48.611 [Darkroom Processing Line] DEBUG net.serenitybdd.core.photography.DarkroomProcessingLine - Saving screenshot to target\site\serenity\4a8d7ac35e700666a45b2448ebd3c31278969340f52d60d0cdbc56575bab629a.png
19:20:49.714 [Darkroom Processing Line] DEBUG net.serenitybdd.core.photography.DarkroomProcessingLine - Processing screenshot image in /var/screenshots/screenshot-12936614556591127643
19:20:49.714 [Darkroom Processing Line] DEBUG net.serenitybdd.core.photography.DarkroomProcessingLine - Saving screenshot to target\site\serenity\ba1428f5defb3842ab9bb235e1e46fada22db77da5384b01799ead826078653d.png
19:20:50.888 [Darkroom Processing Line] DEBUG net.serenitybdd.core.photography.DarkroomProcessingLine - Processing screenshot image in /var/screenshots/screenshot-4656249883840270061
19:20:50.888 [Darkroom Processing Line] DEBUG net.serenitybdd.core.photography.DarkroomProcessingLine - Saving screenshot to target\site\serenity\6f36ecb8d5161398b0583c4290e7345d9903fb28868db651940d0917846e541e.png
19:20:51.571 [Darkroom Processing Line] DEBUG net.serenitybdd.core.photography.DarkroomProcessingLine - Processing screenshot image in /var/screenshots/screenshot-18203707336994258013
19:20:51.571 [Darkroom Processing Line] DEBUG net.serenitybdd.core.photography.DarkroomProcessingLine - Saving screenshot to target\site\serenity\04eccca45864677df55de491d1b7cdfb55dc1ff7dae1b1568970442ba7641bad.png
19:20:52.168 [Darkroom Processing Line] DEBUG net.serenitybdd.core.photography.DarkroomProcessingLine - Processing screenshot image in /var/screenshots/screenshot-1549010621295507005
19:20:52.168 [Darkroom Processing Line] DEBUG net.serenitybdd.core.photography.DarkroomProcessingLine - Saving screenshot to target\site\serenity\1213fd64addf14247e49362032ae4961edd4968e3a6422eacc2723693562b5cb.png
19:20:52.979 [Darkroom Processing Line] DEBUG net.serenitybdd.core.photography.DarkroomProcessingLine - Processing screenshot image in /var/screenshots/screenshot-5840044686626920221
19:20:52.979 [Darkroom Processing Line] DEBUG net.serenitybdd.core.photography.DarkroomProcessingLine - Saving screenshot to target\site\serenity\02cf64ea5a7aa49e429cbc82f251238ec5605062b6efb7254dba2987f6500e03.png
19:20:53.713 [Darkroom Processing Line] DEBUG net.serenitybdd.core.photography.DarkroomProcessingLine - Processing screenshot image in /var/screenshots/screenshot-11511591962472645484
19:20:53.713 [Darkroom Processing Line] DEBUG net.serenitybdd.core.photography.DarkroomProcessingLine - Saving screenshot to target\site\serenity\aca529ec3f553c32629bfc31766784706ede09efa6362105484a0b574b79f4b2.png
19:20:54.036 [Darkroom Processing Line] DEBUG net.serenitybdd.core.photography.DarkroomProcessingLine - Processing screenshot image in /var/screenshots/screenshot-5005429745458349491
19:20:54.036 [Darkroom Processing Line] DEBUG net.serenitybdd.core.photography.DarkroomProcessingLine - Saving screenshot to target\site\serenity\9c85e0db3342b07586363e27e4ef73cf61261028f1a6a10172b4546653dfe4f0.png
19:20:54.447 [Darkroom Processing Line] DEBUG net.serenitybdd.core.photography.DarkroomProcessingLine - Processing screenshot image in /var/screenshots/screenshot-2654720988617293337
19:20:54.447 [Darkroom Processing Line] DEBUG net.serenitybdd.core.photography.DarkroomProcessingLine - Saving screenshot to target\site\serenity\237ab1dd3d87f758980c641e474ae77b9c192fe2f78a8febc004be52358074d5.png
19:20:55.208 [Darkroom Processing Line] DEBUG net.serenitybdd.core.photography.DarkroomProcessingLine - Processing screenshot image in /var/screenshots/screenshot-4221627633733279080
19:20:55.208 [Darkroom Processing Line] DEBUG net.serenitybdd.core.photography.DarkroomProcessingLine - Saving screenshot to target\site\serenity\3461d0da5343299ce71cc8a6d4354d0fa8ea413c457b947a9c3902de1294b070.png
19:21:14.211 [Darkroom Processing Line] DEBUG net.serenitybdd.core.photography.DarkroomProcessingLine - Processing screenshot image in /var/screenshots/screenshot-11666362086443451183
19:21:14.211 [Darkroom Processing Line] DEBUG net.serenitybdd.core.photography.DarkroomProcessingLine - Saving screenshot to target\site\serenity\1dfed5ef3d94360ad4ad99f4fcee5a629c427ed23f8da51c9f58ac18e0a67047.png
19:21:15.366 [Darkroom Processing Line] DEBUG net.serenitybdd.core.photography.DarkroomProcessingLine - Processing screenshot image in /var/screenshots/screenshot-18045636688776808369
19:21:15.367 [Darkroom Processing Line] DEBUG net.serenitybdd.core.photography.DarkroomProcessingLine - Saving screenshot to target\site\serenity\418f89e2b62dd598e01c0a9cc981b26c73dd51d4c17a65d610a5f23c4e96ab32.png
19:21:16.071 [Darkroom Processing Line] DEBUG net.serenitybdd.core.photography.DarkroomProcessingLine - Processing screenshot image in /var/screenshots/screenshot-15044704396829895523
19:21:16.071 [Darkroom Processing Line] DEBUG net.serenitybdd.core.photography.DarkroomProcessingLine - Saving screenshot to target\site\serenity\244452594d270f115f62b9b8d1fe23f5a1168c43198908c2901186fa71e15eed.png
19:21:16.769 [Darkroom Processing Line] DEBUG net.serenitybdd.core.photography.DarkroomProcessingLine - Processing screenshot image in /var/screenshots/screenshot-12726343320971830575
19:21:16.769 [Darkroom Processing Line] DEBUG net.serenitybdd.core.photography.DarkroomProcessingLine - Saving screenshot to target\site\serenity\70857fa7770dd44659b436a36d186290fdb062a68389f67bea64fbe42b5cd126.png
19:21:17.399 [Darkroom Processing Line] DEBUG net.serenitybdd.core.photography.DarkroomProcessingLine - Processing screenshot image in /var/screenshots/screenshot-1767516905923415161
19:21:17.399 [Darkroom Processing Line] DEBUG net.serenitybdd.core.photography.DarkroomProcessingLine - Saving screenshot to target\site\serenity\422dbafbf8887f2a965895ee7d7550d73dc2f68d0f5a143865c7051c8c5f2a4f.png
19:21:18.255 [Darkroom Processing Line] DEBUG net.serenitybdd.core.photography.DarkroomProcessingLine - Processing screenshot image in /var/screenshots/screenshot-3248373193455031211
19:21:18.255 [Darkroom Processing Line] DEBUG net.serenitybdd.core.photography.DarkroomProcessingLine - Saving screenshot to target\site\serenity\b893dabed751e07262b66dbc07bcc2b3eb3693b05a25f79b8a6b8f79af7454c2.png
19:21:18.975 [Darkroom Processing Line] DEBUG net.serenitybdd.core.photography.DarkroomProcessingLine - Processing screenshot image in /var/screenshots/screenshot-7122559321169130040
19:21:18.975 [Darkroom Processing Line] DEBUG net.serenitybdd.core.photography.DarkroomProcessingLine - Saving screenshot to target\site\serenity\d8eb2113e732ca859d3fcd7c02b234e1d1e18a40ac0286a2b62b6a170863bd3e.png
19:21:19.301 [Darkroom Processing Line] DEBUG net.serenitybdd.core.photography.DarkroomProcessingLine - Processing screenshot image in /var/screenshots/screenshot-264096988927848060
19:21:19.301 [Darkroom Processing Line] DEBUG net.serenitybdd.core.photography.DarkroomProcessingLine - Saving screenshot to target\site\serenity\7f73875991ed1b575da5667926a6f2afbc527f530f2bcf53948c49d88ecb4f8d.png
19:21:19.693 [Darkroom Processing Line] DEBUG net.serenitybdd.core.photography.DarkroomProcessingLine - Processing screenshot image in /var/screenshots/screenshot-11610504393385567328
19:21:19.693 [Darkroom Processing Line] DEBUG net.serenitybdd.core.photography.DarkroomProcessingLine - Saving screenshot to target\site\serenity\8d6b9ea7695dd0cebf6922c78ccaf6d30273944ea905d8c5072314cc49223a33.png
19:21:20.460 [Darkroom Processing Line] DEBUG net.serenitybdd.core.photography.DarkroomProcessingLine - Processing screenshot image in /var/screenshots/screenshot-5465622538240736982
19:21:20.460 [Darkroom Processing Line] DEBUG net.serenitybdd.core.photography.DarkroomProcessingLine - Saving screenshot to target\site\serenity\ef25bf37ad5cf1b844da1b1ecf868dd8ce521ce889c18c7ac6b5668bc1231fe1.png
19:21:49.142 [Darkroom Processing Line] DEBUG net.serenitybdd.core.photography.DarkroomProcessingLine - Processing screenshot image in /var/screenshots/screenshot-15525639951614280245
19:21:49.142 [Darkroom Processing Line] DEBUG net.serenitybdd.core.photography.DarkroomProcessingLine - Saving screenshot to target\site\serenity\c923541e315141a2113a4482968a15fdbd50f0030ea4877c0d39cc6045a991d7.png
19:21:50.041 [Darkroom Processing Line] DEBUG net.serenitybdd.core.photography.DarkroomProcessingLine - Processing screenshot image in /var/screenshots/screenshot-1306034616255362918
19:21:50.041 [Darkroom Processing Line] DEBUG net.serenitybdd.core.photography.DarkroomProcessingLine - Saving screenshot to target\site\serenity\04207b142b99e2f7bb2e43dfed2579ed091f6e58a207a66480600059588bdd55.png
19:21:51.114 [Darkroom Processing Line] DEBUG net.serenitybdd.core.photography.DarkroomProcessingLine - Processing screenshot image in /var/screenshots/screenshot-1334115932198912423
19:21:51.114 [Darkroom Processing Line] DEBUG net.serenitybdd.core.photography.DarkroomProcessingLine - Saving screenshot to target\site\serenity\935caea88b99b3223599cfb3c749508b41c4bf2ec1acbbe830f041f9e804f4d5.png
19:21:51.785 [Darkroom Processing Line] DEBUG net.serenitybdd.core.photography.DarkroomProcessingLine - Processing screenshot image in /var/screenshots/screenshot-11597503453492537162
19:21:51.785 [Darkroom Processing Line] DEBUG net.serenitybdd.core.photography.DarkroomProcessingLine - Saving screenshot to target\site\serenity\e36d1dfa978e422815fa04c098a95cfa3be1d86aa4564ae74058031f47c45a56.png
19:21:52.399 [Darkroom Processing Line] DEBUG net.serenitybdd.core.photography.DarkroomProcessingLine - Processing screenshot image in /var/screenshots/screenshot-3856682644681409407
19:21:52.399 [Darkroom Processing Line] DEBUG net.serenitybdd.core.photography.DarkroomProcessingLine - Saving screenshot to target\site\serenity\18fbdb7a47898a78fa05150bd437bbdc8d74db2106c1620aceb87b035f646120.png
19:21:53.006 [Darkroom Processing Line] DEBUG net.serenitybdd.core.photography.DarkroomProcessingLine - Processing screenshot image in /var/screenshots/screenshot-10297776651789694534
19:21:53.007 [Darkroom Processing Line] DEBUG net.serenitybdd.core.photography.DarkroomProcessingLine - Saving screenshot to target\site\serenity\bdfc8e4c7f760a434d85347e83480f117a1fdb283d5df88f96b1ccb19b0f6ed5.png
19:21:53.872 [Darkroom Processing Line] DEBUG net.serenitybdd.core.photography.DarkroomProcessingLine - Processing screenshot image in /var/screenshots/screenshot-4857686719373737123
19:21:53.872 [Darkroom Processing Line] DEBUG net.serenitybdd.core.photography.DarkroomProcessingLine - Saving screenshot to target\site\serenity\6c1556fc483b36489efa68bc9d179850146e5a0595219dc8804d1b7ef273add3.png
19:21:54.228 [Darkroom Processing Line] DEBUG net.serenitybdd.core.photography.DarkroomProcessingLine - Processing screenshot image in /var/screenshots/screenshot-12697849254067230541
19:21:54.228 [Darkroom Processing Line] DEBUG net.serenitybdd.core.photography.DarkroomProcessingLine - Saving screenshot to target\site\serenity\3257f32e43b53486ff8a164c6bf0198eb3c14e2095eeb23b5ac60baf0336d77d.png
19:21:54.728 [Darkroom Processing Line] DEBUG net.serenitybdd.core.photography.DarkroomProcessingLine - Processing screenshot image in /var/screenshots/screenshot-18397570193601844352
19:21:54.729 [Darkroom Processing Line] DEBUG net.serenitybdd.core.photography.DarkroomProcessingLine - Saving screenshot to target\site\serenity\ba01b8b5c7afa91823d5f316db93f324ceb7deea7147b42429b335b6f2bb6dca.png
19:21:55.102 [Darkroom Processing Line] DEBUG net.serenitybdd.core.photography.DarkroomProcessingLine - Processing screenshot image in /var/screenshots/screenshot-10757095674056505877
19:21:55.102 [Darkroom Processing Line] DEBUG net.serenitybdd.core.photography.DarkroomProcessingLine - Saving screenshot to target\site\serenity\60fa1c9de238e67621da11cca350fe471205144360d9a4558b909ff3f196fd5a.png
19:21:56.059 [Darkroom Processing Line] DEBUG net.serenitybdd.core.photography.DarkroomProcessingLine - Processing screenshot image in /var/screenshots/screenshot-11251705564008837095
19:21:56.059 [Darkroom Processing Line] DEBUG net.serenitybdd.core.photography.DarkroomProcessingLine - Saving screenshot to target\site\serenity\6f16b746c9cbed9d2699c7015d80aa44fcdc576521ef8373a9c6126a2d50b93e.png
19:22:52.891 [Darkroom Processing Line] DEBUG net.serenitybdd.core.photography.DarkroomProcessingLine - Processing screenshot image in /var/screenshots/screenshot-12816590272547414081
19:22:52.892 [Darkroom Processing Line] DEBUG net.serenitybdd.core.photography.DarkroomProcessingLine - Saving screenshot to target\site\serenity\f85dffa8b601583a0e2142bf5b67a83a6d5423edd063e65715b4acb56e319093.png
19:22:53.856 [Darkroom Processing Line] DEBUG net.serenitybdd.core.photography.DarkroomProcessingLine - Processing screenshot image in /var/screenshots/screenshot-8799854034137064530
19:22:53.856 [Darkroom Processing Line] DEBUG net.serenitybdd.core.photography.DarkroomProcessingLine - Saving screenshot to target\site\serenity\ed87d7aa696bf222cd058687ce7a72bbf5656b968553b0c1f46d8db993084e6c.png
19:22:54.748 [Darkroom Processing Line] DEBUG net.serenitybdd.core.photography.DarkroomProcessingLine - Processing screenshot image in /var/screenshots/screenshot-5450523450462679339
19:22:54.748 [Darkroom Processing Line] DEBUG net.serenitybdd.core.photography.DarkroomProcessingLine - Saving screenshot to target\site\serenity\718bd87d488696afa83190690f968efde5cd996867cc0b60f6eb17fafb98d392.png
19:22:55.020 [Darkroom Processing Line] DEBUG net.serenitybdd.core.photography.DarkroomProcessingLine - Processing screenshot image in /var/screenshots/screenshot-5120336615609369952
19:22:55.020 [Darkroom Processing Line] DEBUG net.serenitybdd.core.photography.DarkroomProcessingLine - Saving screenshot to target\site\serenity\a3bf834b0c2dc7f4223ef61d28fd517267ba8a6d5358c8a9e30ee8605970883a.png
19:22:55.820 [Darkroom Processing Line] DEBUG net.serenitybdd.core.photography.DarkroomProcessingLine - Processing screenshot image in /var/screenshots/screenshot-16819042982912734901
19:22:55.821 [Darkroom Processing Line] DEBUG net.serenitybdd.core.photography.DarkroomProcessingLine - Saving screenshot to target\site\serenity\2ecd99ac92df86936bee2e1a54881b8f79b806fdccee2f266b728056222c24f6.png
19:22:56.442 [Darkroom Processing Line] DEBUG net.serenitybdd.core.photography.DarkroomProcessingLine - Processing screenshot image in /var/screenshots/screenshot-8931818223279576144
19:22:56.442 [Darkroom Processing Line] DEBUG net.serenitybdd.core.photography.DarkroomProcessingLine - Saving screenshot to target\site\serenity\2cb2d64b055ff54d35e45bfd5e99b56f6bcbc2345319d5c27b7db30c96fa0676.png
19:22:56.862 [Darkroom Processing Line] DEBUG net.serenitybdd.core.photography.DarkroomProcessingLine - Processing screenshot image in /var/screenshots/screenshot-14769620940914394405
19:22:56.862 [Darkroom Processing Line] DEBUG net.serenitybdd.core.photography.DarkroomProcessingLine - Saving screenshot to target\site\serenity\28bc9b6a71ed9f508a5e0e63e376b16f156e64c531a8c2ee37282c4defb39b13.png
19:22:57.441 [Darkroom Processing Line] DEBUG net.serenitybdd.core.photography.DarkroomProcessingLine - Processing screenshot image in /var/screenshots/screenshot-5480975031035896797
19:22:57.442 [Darkroom Processing Line] DEBUG net.serenitybdd.core.photography.DarkroomProcessingLine - Saving screenshot to target\site\serenity\9bac4563d18c21d09af48c59d130eac3bfcbe7f53e91b1953456fc09e1bc7aac.png
19:22:58.202 [Darkroom Processing Line] DEBUG net.serenitybdd.core.photography.DarkroomProcessingLine - Processing screenshot image in /var/screenshots/screenshot-15761144068786432495
19:22:58.202 [Darkroom Processing Line] DEBUG net.serenitybdd.core.photography.DarkroomProcessingLine - Saving screenshot to target\site\serenity\652c33a7195b5e88efb32da14c75bcd7d9878dcef2d4174768ac76ea62712696.png
19:22:58.538 [Darkroom Processing Line] DEBUG net.serenitybdd.core.photography.DarkroomProcessingLine - Processing screenshot image in /var/screenshots/screenshot-13407953917192951712
19:22:58.538 [Darkroom Processing Line] DEBUG net.serenitybdd.core.photography.DarkroomProcessingLine - Saving screenshot to target\site\serenity\1cb1e731d306d087e54330426512d6310f9b928a0f088658c6ebba6034343954.png
19:22:58.952 [Darkroom Processing Line] DEBUG net.serenitybdd.core.photography.DarkroomProcessingLine - Processing screenshot image in /var/screenshots/screenshot-12193503201414999937
19:22:58.952 [Darkroom Processing Line] DEBUG net.serenitybdd.core.photography.DarkroomProcessingLine - Saving screenshot to target\site\serenity\697fd48017aa5be5197afc9fb15eb027c1120f80dad4f147867be948a3544c6b.png
19:22:59.275 [Darkroom Processing Line] DEBUG net.serenitybdd.core.photography.DarkroomProcessingLine - Processing screenshot image in /var/screenshots/screenshot-9488958833493314793
19:22:59.275 [Darkroom Processing Line] DEBUG net.serenitybdd.core.photography.DarkroomProcessingLine - Saving screenshot to target\site\serenity\ad5e72f95c14b30265d7121a86983f3db0f8bc90eda35a82fe6cf43f8eaabe68.png
19:23:00.116 [Darkroom Processing Line] DEBUG net.serenitybdd.core.photography.DarkroomProcessingLine - Processing screenshot image in /var/screenshots/screenshot-1799822962781017202
19:23:00.116 [Darkroom Processing Line] DEBUG net.serenitybdd.core.photography.DarkroomProcessingLine - Saving screenshot to target\site\serenity\7d858c7f8d9a736f19fc838805d16ea0c37934b99279393a99cd83ef8bde521b.png
19:23:14.910 [Darkroom Processing Line] DEBUG net.serenitybdd.core.photography.DarkroomProcessingLine - Darkroom processing line shutting down
]]></system-out>
    <system-err><![CDATA[Starting ChromeDriver 103.0.5060.53 (a1711811edd74ff1cf2150f36ffa3b0dae40b17f-refs/branch-heads/5060@{#853}) on port 10125
Only local connections are allowed.
Please see https://chromedriver.chromium.org/security-considerations for suggestions on keeping ChromeDriver safe.
ChromeDriver was started successfully.
Jul 17, 2022 7:17:46 PM org.openqa.selenium.remote.ProtocolHandshake createSession
INFO: Detected dialect: W3C
]]></system-err>
  </testcase>
  <testcase name="user input email tanpa menggunakan &apos;@&apos;" classname="user on register page" time="35.455">
    <system-out><![CDATA[
@nyoba
Scenario: user input email tanpa menggunakan '@' &amp#27;[90m# src/test/resources/web/Register.feature:16&amp#27;[0m
19:18:28.401 [pool-2-thread-1] INFO io.cucumber.core.plugin.SerenityReporter - Running feature from file:///D:/CAPSTONE%20PROJECT%20KELOMPOK%2032/WEB%20DISKUSIAZA/src/test/resources/web/Register.feature
19:18:28.401 [pool-2-thread-1] WARN io.cucumber.core.plugin.SerenityReporter - Feature from file:///D:/CAPSTONE%20PROJECT%20KELOMPOK%2032/WEB%20DISKUSIAZA/src/test/resources/web/Register.feature is not under the 'features' directory. Requirements report will not be correctly generated!
19:18:28.410 [pool-2-thread-1] INFO  - 
>>>>>>> 3eb7ed59fd558cd82a68549bb500382e6b35ceb5
  _____   ___   ___   _____     ___   _____     _     ___   _____   ___   ___  
 |_   _| | __| / __| |_   _|   / __| |_   _|   /_\   | _ \ |_   _| | __| |   \ 
   | |   | _|  \__ \   | |     \__ \   | |    / _ \  |   /   | |   | _|  | |) |
   |_|   |___| |___/   |_|     |___/   |_|   /_/ \_\ |_|_\   |_|   |___| |___/ 

user input email tanpa menggunakan '@'(user-on-register-page;user-input-email-tanpa-menggunakan--@-)
--------------------------------------------------------------------------------
<<<<<<< HEAD
20:12:46.515 [pool-2-thread-1] DEBUG net.thucydides.core.steps.StepInterceptor - STARTING STEP: RegisterSteps.onRegisterPage - onRegisterPage
20:12:46.515 [pool-2-thread-1] INFO net.serenitybdd.core.webdriver.driverproviders.ChromeDriverProvider - Using automatically driver download
20:12:46.515 [pool-2-thread-1] DEBUG io.github.bonigarcia.wdm.cache.ResolutionCache - Resolution chrome=103 in cache (valid until 21:11:07 17/07/2022 WIB)
20:12:46.515 [pool-2-thread-1] DEBUG io.github.bonigarcia.wdm.cache.ResolutionCache - Resolution chrome103=103.0.5060.53 in cache (valid until 19:09:45 18/07/2022 WIB)
20:12:46.515 [pool-2-thread-1] INFO io.github.bonigarcia.wdm.WebDriverManager - Using chromedriver 103.0.5060.53 (resolved driver for Chrome 103)
20:12:46.526 [pool-2-thread-1] DEBUG io.github.bonigarcia.wdm.WebDriverManager - Driver chromedriver 103.0.5060.53 found in cache
20:12:46.531 [pool-2-thread-1] INFO io.github.bonigarcia.wdm.WebDriverManager - Exporting webdriver.chrome.driver as C:\Users\LENOVO-PC\.cache\selenium\chromedriver\win32\103.0.5060.53\chromedriver.exe
20:12:46.686 [pool-2-thread-1] INFO net.serenitybdd.core.webdriver.driverproviders.ProvideNewDriver - Instantiating driver
20:12:46.686 [pool-2-thread-1] INFO net.serenitybdd.core.webdriver.driverproviders.ProvideNewDriver - Driver capabilities: Capabilities {acceptInsecureCerts: false, base.url: https://diskusiaza.netlify.app, browserName: chrome, chrome.driver: src/test/resources/webdrive..., driver: chrome, goog:chromeOptions: {args: [], extensions: []}, loggingPrefs: org.openqa.selenium.logging...}
20:12:49.601 [pool-2-thread-1] DEBUG net.serenitybdd.core.photography.Darkroom - Send negative for processing for target\site\serenity\15885e7a31041ffadaf2b07e916ab328405065fa537efb38dc895ba189c6445a.png
20:12:49.601 [pool-2-thread-1] DEBUG net.thucydides.core.steps.StepInterceptor - STEP DONE: onRegisterPage
  &amp#27;[32mGiven &amp#27;[0m&amp#27;[32muser on register page&amp#27;[0m                    &amp#27;[90m# StepDefinition.RegisterSteps.onRegisterPage()&amp#27;[0m
20:12:49.779 [pool-2-thread-1] DEBUG net.serenitybdd.core.photography.Darkroom - Send negative for processing for target\site\serenity\15885e7a31041ffadaf2b07e916ab328405065fa537efb38dc895ba189c6445a.png
20:12:49.779 [pool-2-thread-1] DEBUG net.thucydides.core.steps.StepInterceptor - STARTING STEP: RegisterSteps.inputValidNamaDepan - typeFirstName
20:12:50.132 [pool-2-thread-1] DEBUG net.serenitybdd.core.photography.Darkroom - Send negative for processing for target\site\serenity\727c5d4acab8604360951842001ee2a5ebd03569519476eb230acde606eda1b3.png
20:12:50.132 [pool-2-thread-1] DEBUG net.thucydides.core.steps.StepInterceptor - STEP DONE: typeFirstName
  &amp#27;[32mWhen &amp#27;[0m&amp#27;[32muser input valid nama depan&amp#27;[0m               &amp#27;[90m# StepDefinition.RegisterSteps.inputValidNamaDepan()&amp#27;[0m
20:12:50.315 [pool-2-thread-1] DEBUG net.serenitybdd.core.photography.Darkroom - Send negative for processing for target\site\serenity\727c5d4acab8604360951842001ee2a5ebd03569519476eb230acde606eda1b3.png
20:12:50.315 [pool-2-thread-1] DEBUG net.thucydides.core.steps.StepInterceptor - STARTING STEP: RegisterSteps.inputValidNamaBelakang - typeLastName
20:12:50.667 [pool-2-thread-1] DEBUG net.serenitybdd.core.photography.Darkroom - Send negative for processing for target\site\serenity\db1f9c0e54f22636e0ee565805a74952624c932146af285c71b40cbbb378dc9d.png
20:12:50.667 [pool-2-thread-1] DEBUG net.thucydides.core.steps.StepInterceptor - STEP DONE: typeLastName
  &amp#27;[32mAnd &amp#27;[0m&amp#27;[32muser input valid nama belakang&amp#27;[0m             &amp#27;[90m# StepDefinition.RegisterSteps.inputValidNamaBelakang()&amp#27;[0m
20:12:50.675 [pool-2-thread-1] DEBUG net.thucydides.core.steps.StepInterceptor - STARTING STEP: RegisterSteps.inputInvalidEmail - typeEmail
20:12:50.998 [pool-2-thread-1] DEBUG net.serenitybdd.core.photography.Darkroom - Send negative for processing for target\site\serenity\e10cd3f7e7dbd68a11e73c8f29b613b4b720b98a6a02d052e62149249601bc62.png
20:12:50.998 [pool-2-thread-1] DEBUG net.thucydides.core.steps.StepInterceptor - STEP DONE: typeEmail
  &amp#27;[32mAnd &amp#27;[0m&amp#27;[32muser input email &amp#27;[0m&amp#27;[32m&amp#27;[1miimail&amp#27;[0m                    &amp#27;[90m# StepDefinition.RegisterSteps.inputInvalidEmail(java.lang.String)&amp#27;[0m
20:12:51.006 [pool-2-thread-1] DEBUG net.thucydides.core.steps.StepInterceptor - STARTING STEP: RegisterSteps.inputValidPassword - typePassword
20:12:51.337 [pool-2-thread-1] DEBUG net.serenitybdd.core.photography.Darkroom - Send negative for processing for target\site\serenity\3bfd535597f4fa6424a5408ff5d0556aee31e92c3c2b5f0ca6479a792418f84e.png
20:12:51.337 [pool-2-thread-1] DEBUG net.thucydides.core.steps.StepInterceptor - STEP DONE: typePassword
  &amp#27;[32mAnd &amp#27;[0m&amp#27;[32muser input valid password &amp#27;[0m&amp#27;[32m&amp#27;[1mkatasandi&amp#27;[0m        &amp#27;[90m# StepDefinition.RegisterSteps.inputValidPassword(java.lang.String)&amp#27;[0m
20:12:51.354 [pool-2-thread-1] DEBUG net.thucydides.core.steps.StepInterceptor - STARTING STEP: RegisterSteps.inputConfirmPassword - typeConfirmPassword
20:12:51.667 [pool-2-thread-1] DEBUG net.serenitybdd.core.photography.Darkroom - Send negative for processing for target\site\serenity\4ebe27eff56af0d2664397c99ff3fc8b934493754b470d84d9691ca3ab34c400.png
20:12:51.667 [pool-2-thread-1] DEBUG net.thucydides.core.steps.StepInterceptor - STEP DONE: typeConfirmPassword
  &amp#27;[32mAnd &amp#27;[0m&amp#27;[32muser input confirm password &amp#27;[0m&amp#27;[32m&amp#27;[1mkatasandi&amp#27;[0m      &amp#27;[90m# StepDefinition.RegisterSteps.inputConfirmPassword(java.lang.String)&amp#27;[0m
20:12:51.678 [pool-2-thread-1] DEBUG net.thucydides.core.steps.StepInterceptor - STARTING STEP: RegisterSteps.inputValidTanggalLahir - clickTanggal
20:12:51.987 [pool-2-thread-1] DEBUG net.serenitybdd.core.photography.Darkroom - Send negative for processing for target\site\serenity\f723d191aa52d812973193879e292860b1813fceed5b971fde98588953fac4b5.png
20:12:51.987 [pool-2-thread-1] DEBUG net.thucydides.core.steps.StepInterceptor - STEP DONE: clickTanggal
20:12:51.987 [pool-2-thread-1] DEBUG net.thucydides.core.steps.StepInterceptor - STARTING STEP: RegisterSteps.inputValidTanggalLahir - pilihTanggal
20:12:52.168 [pool-2-thread-1] DEBUG net.serenitybdd.core.photography.Darkroom - Send negative for processing for target\site\serenity\f723d191aa52d812973193879e292860b1813fceed5b971fde98588953fac4b5.png
20:12:52.168 [pool-2-thread-1] DEBUG net.thucydides.core.steps.StepInterceptor - STEP DONE: pilihTanggal
20:12:52.168 [pool-2-thread-1] DEBUG net.thucydides.core.steps.StepInterceptor - STARTING STEP: RegisterSteps.inputValidTanggalLahir - clickBulan
20:12:52.402 [pool-2-thread-1] DEBUG net.serenitybdd.core.photography.Darkroom - Send negative for processing for target\site\serenity\3bc23dac671773836318ee64ce747c43e9afd55556436ff03c47e173cb47b31c.png
20:12:52.402 [pool-2-thread-1] DEBUG net.thucydides.core.steps.StepInterceptor - STEP DONE: clickBulan
20:12:52.407 [pool-2-thread-1] DEBUG net.thucydides.core.steps.StepInterceptor - STARTING STEP: RegisterSteps.inputValidTanggalLahir - pilihBulan
20:12:52.595 [pool-2-thread-1] DEBUG net.serenitybdd.core.photography.Darkroom - Send negative for processing for target\site\serenity\898b2dee287905ee09616d4f942f9855567773c53064acaf9892bb4df2f08408.png
20:12:52.595 [pool-2-thread-1] DEBUG net.thucydides.core.steps.StepInterceptor - STEP DONE: pilihBulan
20:12:52.602 [pool-2-thread-1] DEBUG net.thucydides.core.steps.StepInterceptor - STARTING STEP: RegisterSteps.inputValidTanggalLahir - clickTahun
20:12:52.831 [pool-2-thread-1] DEBUG net.serenitybdd.core.photography.Darkroom - Send negative for processing for target\site\serenity\e139597a711016c66a0582150325c05b993f4f99abefdc037d3ccc01d2ac2aa7.png
20:12:52.832 [pool-2-thread-1] DEBUG net.thucydides.core.steps.StepInterceptor - STEP DONE: clickTahun
20:12:52.835 [pool-2-thread-1] DEBUG net.thucydides.core.steps.StepInterceptor - STARTING STEP: RegisterSteps.inputValidTanggalLahir - pilihTahun
20:12:53.027 [pool-2-thread-1] DEBUG net.serenitybdd.core.photography.Darkroom - Send negative for processing for target\site\serenity\00d15e17d700b082c643784318d8acbbf506ddda7d647861b43c25f0ae68616f.png
20:12:53.027 [pool-2-thread-1] DEBUG net.thucydides.core.steps.StepInterceptor - STEP DONE: pilihTahun
  &amp#27;[32mAnd &amp#27;[0m&amp#27;[32muser input valid tanggal lahir&amp#27;[0m             &amp#27;[90m# StepDefinition.RegisterSteps.inputValidTanggalLahir()&amp#27;[0m
20:12:53.033 [pool-2-thread-1] DEBUG net.thucydides.core.steps.StepInterceptor - STARTING STEP: RegisterSteps.inputJenisKelamin - typeJenisKelamin
20:12:53.256 [pool-2-thread-1] DEBUG net.serenitybdd.core.photography.Darkroom - Send negative for processing for target\site\serenity\fbc2fb87c6924d3f011a8393f287be0f7a0dc5c1153ba6ce7f273f4a991150e9.png
20:12:53.257 [pool-2-thread-1] DEBUG net.thucydides.core.steps.StepInterceptor - STEP DONE: typeJenisKelamin
  &amp#27;[32mAnd &amp#27;[0m&amp#27;[32muser pilih jenis kelamin&amp#27;[0m                   &amp#27;[90m# StepDefinition.RegisterSteps.inputJenisKelamin()&amp#27;[0m
20:12:53.265 [pool-2-thread-1] DEBUG net.thucydides.core.steps.StepInterceptor - STARTING STEP: RegisterSteps.klikDaftarButton - clickRegisterButton
20:12:53.761 [pool-2-thread-1] DEBUG net.serenitybdd.core.photography.Darkroom - Send negative for processing for target\site\serenity\61cc4c9feb821d5a3c44508c92f5ce32701ac74eaee75324f7189383425fc931.png
20:12:53.761 [pool-2-thread-1] DEBUG net.thucydides.core.steps.StepInterceptor - STEP DONE: clickRegisterButton
  &amp#27;[32mAnd &amp#27;[0m&amp#27;[32muser klik Daftar button&amp#27;[0m                    &amp#27;[90m# StepDefinition.RegisterSteps.klikDaftarButton()&amp#27;[0m
  &amp#27;[32mThen &amp#27;[0m&amp#27;[32muser got message2 &amp#27;[0m&amp#27;[32m&amp#27;[1minvalid email&amp#27;[0m           &amp#27;[90m# StepDefinition.RegisterSteps.gotMessage3(java.lang.String)&amp#27;[0m
20:12:53.770 [pool-2-thread-1] INFO  - 
=======
19:18:28.453 [pool-2-thread-1] DEBUG net.thucydides.core.steps.StepInterceptor - STARTING STEP: RegisterSteps.onRegisterPage - onRegisterPage
19:18:28.459 [pool-2-thread-1] INFO net.serenitybdd.core.webdriver.driverproviders.ChromeDriverProvider - Using automatically driver download
19:18:28.479 [pool-2-thread-1] DEBUG io.github.bonigarcia.wdm.cache.ResolutionCache - Resolution chrome=103 in cache (valid until 20:04:47 17/07/2022 ICT)
19:18:28.486 [pool-2-thread-1] DEBUG io.github.bonigarcia.wdm.cache.ResolutionCache - Resolution chrome103=103.0.5060.53 in cache (valid until 19:04:47 18/07/2022 ICT)
19:18:28.486 [pool-2-thread-1] INFO io.github.bonigarcia.wdm.WebDriverManager - Using chromedriver 103.0.5060.53 (resolved driver for Chrome 103)
19:18:28.572 [pool-2-thread-1] DEBUG io.github.bonigarcia.wdm.WebDriverManager - Driver chromedriver 103.0.5060.53 found in cache
19:18:28.626 [pool-2-thread-1] INFO io.github.bonigarcia.wdm.WebDriverManager - Exporting webdriver.chrome.driver as C:\Users\Siti Nurlatipah\.cache\selenium\chromedriver\win32\103.0.5060.53\chromedriver.exe
19:18:29.429 [pool-2-thread-1] INFO net.serenitybdd.core.webdriver.driverproviders.ProvideNewDriver - Instantiating driver
19:18:29.429 [pool-2-thread-1] INFO net.serenitybdd.core.webdriver.driverproviders.ProvideNewDriver - Driver capabilities: Capabilities {acceptInsecureCerts: false, base.url: https://diskusiaza.netlify.app, browserName: chrome, chrome.driver: src/test/resources/webdrive..., driver: chrome, goog:chromeOptions: {args: [], extensions: []}, loggingPrefs: org.openqa.selenium.logging...}
19:18:54.662 [pool-2-thread-1] DEBUG net.serenitybdd.core.photography.Darkroom - Send negative for processing for target\site\serenity\86d2c2a8c82b2b2087f67c5bb0ac792d76b221a9666a6458a43a445bc42e0223.png
19:18:54.662 [pool-2-thread-1] DEBUG net.thucydides.core.steps.StepInterceptor - STEP DONE: onRegisterPage
  &amp#27;[32mGiven &amp#27;[0m&amp#27;[32muser on register page&amp#27;[0m                    &amp#27;[90m# StepDefinition.RegisterSteps.onRegisterPage()&amp#27;[0m
19:18:54.943 [pool-2-thread-1] DEBUG net.serenitybdd.core.photography.Darkroom - Send negative for processing for target\site\serenity\86d2c2a8c82b2b2087f67c5bb0ac792d76b221a9666a6458a43a445bc42e0223.png
19:18:54.944 [pool-2-thread-1] DEBUG net.thucydides.core.steps.StepInterceptor - STARTING STEP: RegisterSteps.inputValidNamaDepan - typeFirstName
19:18:55.603 [pool-2-thread-1] DEBUG net.serenitybdd.core.photography.Darkroom - Send negative for processing for target\site\serenity\4bd00bc90da7a34c8e6d4cdcc10f4cf71e0a9a7cb370d21ff8bc69087a3feb9b.png
19:18:55.604 [pool-2-thread-1] DEBUG net.thucydides.core.steps.StepInterceptor - STEP DONE: typeFirstName
  &amp#27;[32mWhen &amp#27;[0m&amp#27;[32muser input valid nama depan&amp#27;[0m               &amp#27;[90m# StepDefinition.RegisterSteps.inputValidNamaDepan()&amp#27;[0m
19:18:55.895 [pool-2-thread-1] DEBUG net.serenitybdd.core.photography.Darkroom - Send negative for processing for target\site\serenity\4bd00bc90da7a34c8e6d4cdcc10f4cf71e0a9a7cb370d21ff8bc69087a3feb9b.png
19:18:55.896 [pool-2-thread-1] DEBUG net.thucydides.core.steps.StepInterceptor - STARTING STEP: RegisterSteps.inputValidNamaBelakang - typeLastName
19:18:56.478 [pool-2-thread-1] DEBUG net.serenitybdd.core.photography.Darkroom - Send negative for processing for target\site\serenity\e35ad4fc14aced3d8bc924f86c523d6cad5eb20c27236b88993b643f72e92ba5.png
19:18:56.478 [pool-2-thread-1] DEBUG net.thucydides.core.steps.StepInterceptor - STEP DONE: typeLastName
  &amp#27;[32mAnd &amp#27;[0m&amp#27;[32muser input valid nama belakang&amp#27;[0m             &amp#27;[90m# StepDefinition.RegisterSteps.inputValidNamaBelakang()&amp#27;[0m
19:18:56.496 [pool-2-thread-1] DEBUG net.thucydides.core.steps.StepInterceptor - STARTING STEP: RegisterSteps.inputInvalidEmail - typeEmail
19:18:57.121 [pool-2-thread-1] DEBUG net.serenitybdd.core.photography.Darkroom - Send negative for processing for target\site\serenity\6e7c95a09de933a369002a01b910e7654d81c7c195a22e3a594a10b26ee478e1.png
19:18:57.121 [pool-2-thread-1] DEBUG net.thucydides.core.steps.StepInterceptor - STEP DONE: typeEmail
  &amp#27;[32mAnd &amp#27;[0m&amp#27;[32muser input email &amp#27;[0m&amp#27;[32m&amp#27;[1miimail&amp#27;[0m                    &amp#27;[90m# StepDefinition.RegisterSteps.inputInvalidEmail(java.lang.String)&amp#27;[0m
19:18:57.143 [pool-2-thread-1] DEBUG net.thucydides.core.steps.StepInterceptor - STARTING STEP: RegisterSteps.inputValidPassword - typePassword
19:18:57.802 [pool-2-thread-1] DEBUG net.serenitybdd.core.photography.Darkroom - Send negative for processing for target\site\serenity\c47863ccc0932056dc25d76d6289f742277103c370d116a28835d6654fb3dd39.png
19:18:57.802 [pool-2-thread-1] DEBUG net.thucydides.core.steps.StepInterceptor - STEP DONE: typePassword
  &amp#27;[32mAnd &amp#27;[0m&amp#27;[32muser input valid password &amp#27;[0m&amp#27;[32m&amp#27;[1mkatasandi&amp#27;[0m        &amp#27;[90m# StepDefinition.RegisterSteps.inputValidPassword(java.lang.String)&amp#27;[0m
19:18:57.832 [pool-2-thread-1] DEBUG net.thucydides.core.steps.StepInterceptor - STARTING STEP: RegisterSteps.inputConfirmPassword - typeConfirmPassword
19:18:58.566 [pool-2-thread-1] DEBUG net.serenitybdd.core.photography.Darkroom - Send negative for processing for target\site\serenity\884e2c340b55d1f1e58bcec2217a987ca057a70dd7709ed272776842f1c0f365.png
19:18:58.567 [pool-2-thread-1] DEBUG net.thucydides.core.steps.StepInterceptor - STEP DONE: typeConfirmPassword
  &amp#27;[32mAnd &amp#27;[0m&amp#27;[32muser input confirm password &amp#27;[0m&amp#27;[32m&amp#27;[1mkatasandi&amp#27;[0m      &amp#27;[90m# StepDefinition.RegisterSteps.inputConfirmPassword(java.lang.String)&amp#27;[0m
19:18:58.587 [pool-2-thread-1] DEBUG net.thucydides.core.steps.StepInterceptor - STARTING STEP: RegisterSteps.inputValidTanggalLahir - clickTanggal
19:18:59.210 [pool-2-thread-1] DEBUG net.serenitybdd.core.photography.Darkroom - Send negative for processing for target\site\serenity\119276e4cd9aa9b6224bbf9a8ddb1fbd7490f8f1f36438f4112e75fb990d8825.png
19:18:59.210 [pool-2-thread-1] DEBUG net.thucydides.core.steps.StepInterceptor - STEP DONE: clickTanggal
19:18:59.220 [pool-2-thread-1] DEBUG net.thucydides.core.steps.StepInterceptor - STARTING STEP: RegisterSteps.inputValidTanggalLahir - pilihTanggal
19:18:59.553 [pool-2-thread-1] DEBUG net.serenitybdd.core.photography.Darkroom - Send negative for processing for target\site\serenity\119276e4cd9aa9b6224bbf9a8ddb1fbd7490f8f1f36438f4112e75fb990d8825.png
19:18:59.553 [pool-2-thread-1] DEBUG net.thucydides.core.steps.StepInterceptor - STEP DONE: pilihTanggal
19:18:59.560 [pool-2-thread-1] DEBUG net.thucydides.core.steps.StepInterceptor - STARTING STEP: RegisterSteps.inputValidTanggalLahir - clickBulan
19:19:00.047 [pool-2-thread-1] DEBUG net.serenitybdd.core.photography.Darkroom - Send negative for processing for target\site\serenity\2dcf182e7bb9fea338b5b670dc5d5bfd84cc7e761f887b2ce39d21c9a98a9778.png
19:19:00.048 [pool-2-thread-1] DEBUG net.thucydides.core.steps.StepInterceptor - STEP DONE: clickBulan
19:19:00.055 [pool-2-thread-1] DEBUG net.thucydides.core.steps.StepInterceptor - STARTING STEP: RegisterSteps.inputValidTanggalLahir - pilihBulan
19:19:00.393 [pool-2-thread-1] DEBUG net.serenitybdd.core.photography.Darkroom - Send negative for processing for target\site\serenity\7eb31b46a32fda11da4eaaf70616badf4787c3df9d595e0ed0f2a4ae99965a9e.png
19:19:00.393 [pool-2-thread-1] DEBUG net.thucydides.core.steps.StepInterceptor - STEP DONE: pilihBulan
19:19:00.401 [pool-2-thread-1] DEBUG net.thucydides.core.steps.StepInterceptor - STARTING STEP: RegisterSteps.inputValidTanggalLahir - clickTahun
19:19:00.829 [pool-2-thread-1] DEBUG net.serenitybdd.core.photography.Darkroom - Send negative for processing for target\site\serenity\1197bddb9ce00211c2c70f795028dcb6ddac3e04a3d3da056cb0bc0ba4f009e4.png
19:19:00.830 [pool-2-thread-1] DEBUG net.thucydides.core.steps.StepInterceptor - STEP DONE: clickTahun
19:19:00.837 [pool-2-thread-1] DEBUG net.thucydides.core.steps.StepInterceptor - STARTING STEP: RegisterSteps.inputValidTanggalLahir - pilihTahun
19:19:01.235 [pool-2-thread-1] DEBUG net.serenitybdd.core.photography.Darkroom - Send negative for processing for target\site\serenity\6e4e023a30a537deab2ff04ed4bf67f78f5f63a3dbd56f8607bb36cd44791567.png
19:19:01.235 [pool-2-thread-1] DEBUG net.thucydides.core.steps.StepInterceptor - STEP DONE: pilihTahun
  &amp#27;[32mAnd &amp#27;[0m&amp#27;[32muser input valid tanggal lahir&amp#27;[0m             &amp#27;[90m# StepDefinition.RegisterSteps.inputValidTanggalLahir()&amp#27;[0m
19:19:01.256 [pool-2-thread-1] DEBUG net.thucydides.core.steps.StepInterceptor - STARTING STEP: RegisterSteps.inputJenisKelamin - typeJenisKelamin
19:19:01.696 [pool-2-thread-1] DEBUG net.serenitybdd.core.photography.Darkroom - Send negative for processing for target\site\serenity\1a200f38a42307efde3b67dec5f31968b463915133da8000989b3062bbc16dea.png
19:19:01.696 [pool-2-thread-1] DEBUG net.thucydides.core.steps.StepInterceptor - STEP DONE: typeJenisKelamin
  &amp#27;[32mAnd &amp#27;[0m&amp#27;[32muser pilih jenis kelamin&amp#27;[0m                   &amp#27;[90m# StepDefinition.RegisterSteps.inputJenisKelamin()&amp#27;[0m
19:19:01.715 [pool-2-thread-1] DEBUG net.thucydides.core.steps.StepInterceptor - STARTING STEP: RegisterSteps.klikDaftarButton - clickRegisterButton
19:19:02.566 [pool-2-thread-1] DEBUG net.serenitybdd.core.photography.Darkroom - Send negative for processing for target\site\serenity\34bdcfb65e39814ebaf799878c84093c81ae3714b25381a953845f20acb72502.png
19:19:02.566 [pool-2-thread-1] DEBUG net.thucydides.core.steps.StepInterceptor - STEP DONE: clickRegisterButton
  &amp#27;[32mAnd &amp#27;[0m&amp#27;[32muser klik Daftar button&amp#27;[0m                    &amp#27;[90m# StepDefinition.RegisterSteps.klikDaftarButton()&amp#27;[0m
  &amp#27;[32mThen &amp#27;[0m&amp#27;[32muser got message2 &amp#27;[0m&amp#27;[32m&amp#27;[1minvalid email&amp#27;[0m           &amp#27;[90m# StepDefinition.RegisterSteps.gotMessage3(java.lang.String)&amp#27;[0m
19:19:02.591 [pool-2-thread-1] INFO  - 
>>>>>>> 3eb7ed59fd558cd82a68549bb500382e6b35ceb5
  _____   ___   ___   _____     ___     _     ___   ___   ___   ___  
 |_   _| | __| / __| |_   _|   | _ \   /_\   / __| / __| | __| |   \ 
   | |   | _|  \__ \   | |     |  _/  / _ \  \__ \ \__ \ | _|  | |) |
   |_|   |___| |___/   |_|     |_|   /_/ \_\ |___/ |___/ |___| |___/ 

user input email tanpa menggunakan '@'
----------------------------------------------------------------------
]]></system-out>
<<<<<<< HEAD
    <system-err><![CDATA[Starting ChromeDriver 103.0.5060.53 (a1711811edd74ff1cf2150f36ffa3b0dae40b17f-refs/branch-heads/5060@{#853}) on port 64558
Only local connections are allowed.
Please see https://chromedriver.chromium.org/security-considerations for suggestions on keeping ChromeDriver safe.
ChromeDriver was started successfully.
Jul 17, 2022 8:12:48 PM org.openqa.selenium.remote.ProtocolHandshake createSession
INFO: Detected dialect: W3C
]]></system-err>
  </testcase>
  <testcase name="user tidak memasukkan email" classname="user on register page" time="6.868">
    <system-out><![CDATA[
@nyoba
Scenario: user tidak memasukkan email             &amp#27;[90m# src/test/resources/web/Register.feature:28&amp#27;[0m
20:12:54.133 [pool-2-thread-1] INFO io.cucumber.core.plugin.SerenityReporter - Running feature from file:///C:/Users/LENOVO-PC/OneDrive%20-%20IT-PLN/Dokumen/apenim/Diskusiaza-QE/WEB%20DISKUSIAZA/src/test/resources/web/Register.feature
20:12:54.133 [pool-2-thread-1] WARN io.cucumber.core.plugin.SerenityReporter - Feature from file:///C:/Users/LENOVO-PC/OneDrive%20-%20IT-PLN/Dokumen/apenim/Diskusiaza-QE/WEB%20DISKUSIAZA/src/test/resources/web/Register.feature is not under the 'features' directory. Requirements report will not be correctly generated!
20:12:54.133 [pool-2-thread-1] INFO  - 
=======
    <system-err><![CDATA[Starting ChromeDriver 103.0.5060.53 (a1711811edd74ff1cf2150f36ffa3b0dae40b17f-refs/branch-heads/5060@{#853}) on port 17626
Only local connections are allowed.
Please see https://chromedriver.chromium.org/security-considerations for suggestions on keeping ChromeDriver safe.
ChromeDriver was started successfully.
Jul 17, 2022 7:18:32 PM org.openqa.selenium.remote.ProtocolHandshake createSession
INFO: Detected dialect: W3C
]]></system-err>
  </testcase>
  <testcase name="user tidak memasukkan email" classname="user on register page" time="30.245">
    <system-out><![CDATA[
@nyoba
Scenario: user tidak memasukkan email             &amp#27;[90m# src/test/resources/web/Register.feature:28&amp#27;[0m
19:19:03.849 [pool-2-thread-1] INFO io.cucumber.core.plugin.SerenityReporter - Running feature from file:///D:/CAPSTONE%20PROJECT%20KELOMPOK%2032/WEB%20DISKUSIAZA/src/test/resources/web/Register.feature
19:19:03.849 [pool-2-thread-1] WARN io.cucumber.core.plugin.SerenityReporter - Feature from file:///D:/CAPSTONE%20PROJECT%20KELOMPOK%2032/WEB%20DISKUSIAZA/src/test/resources/web/Register.feature is not under the 'features' directory. Requirements report will not be correctly generated!
19:19:03.855 [pool-2-thread-1] INFO  - 
>>>>>>> 3eb7ed59fd558cd82a68549bb500382e6b35ceb5
  _____   ___   ___   _____     ___   _____     _     ___   _____   ___   ___  
 |_   _| | __| / __| |_   _|   / __| |_   _|   /_\   | _ \ |_   _| | __| |   \ 
   | |   | _|  \__ \   | |     \__ \   | |    / _ \  |   /   | |   | _|  | |) |
   |_|   |___| |___/   |_|     |___/   |_|   /_/ \_\ |_|_\   |_|   |___| |___/ 

user tidak memasukkan email(user-on-register-page;user-tidak-memasukkan-email)
--------------------------------------------------------------------------------
<<<<<<< HEAD
20:12:54.144 [pool-2-thread-1] DEBUG net.thucydides.core.steps.StepInterceptor - STARTING STEP: RegisterSteps.onRegisterPage - onRegisterPage
20:12:54.144 [pool-2-thread-1] INFO net.serenitybdd.core.webdriver.driverproviders.ChromeDriverProvider - Using automatically driver download
20:12:54.148 [pool-2-thread-1] DEBUG io.github.bonigarcia.wdm.cache.ResolutionCache - Resolution chrome=103 in cache (valid until 21:11:07 17/07/2022 WIB)
20:12:54.148 [pool-2-thread-1] DEBUG io.github.bonigarcia.wdm.cache.ResolutionCache - Resolution chrome103=103.0.5060.53 in cache (valid until 19:09:45 18/07/2022 WIB)
20:12:54.148 [pool-2-thread-1] INFO io.github.bonigarcia.wdm.WebDriverManager - Using chromedriver 103.0.5060.53 (resolved driver for Chrome 103)
20:12:54.155 [pool-2-thread-1] DEBUG io.github.bonigarcia.wdm.WebDriverManager - Driver chromedriver 103.0.5060.53 found in cache
20:12:54.155 [pool-2-thread-1] INFO io.github.bonigarcia.wdm.WebDriverManager - Exporting webdriver.chrome.driver as C:\Users\LENOVO-PC\.cache\selenium\chromedriver\win32\103.0.5060.53\chromedriver.exe
20:12:54.339 [pool-2-thread-1] INFO net.serenitybdd.core.webdriver.driverproviders.ProvideNewDriver - Instantiating driver
20:12:54.339 [pool-2-thread-1] INFO net.serenitybdd.core.webdriver.driverproviders.ProvideNewDriver - Driver capabilities: Capabilities {acceptInsecureCerts: false, base.url: https://diskusiaza.netlify.app, browserName: chrome, chrome.driver: src/test/resources/webdrive..., driver: chrome, goog:chromeOptions: {args: [], extensions: []}, loggingPrefs: org.openqa.selenium.logging...}
20:12:56.968 [pool-2-thread-1] DEBUG net.serenitybdd.core.photography.Darkroom - Send negative for processing for target\site\serenity\15885e7a31041ffadaf2b07e916ab328405065fa537efb38dc895ba189c6445a.png
20:12:56.968 [pool-2-thread-1] DEBUG net.thucydides.core.steps.StepInterceptor - STEP DONE: onRegisterPage
  &amp#27;[32mGiven &amp#27;[0m&amp#27;[32muser on register page&amp#27;[0m                     &amp#27;[90m# StepDefinition.RegisterSteps.onRegisterPage()&amp#27;[0m
20:12:57.171 [pool-2-thread-1] DEBUG net.serenitybdd.core.photography.Darkroom - Send negative for processing for target\site\serenity\15885e7a31041ffadaf2b07e916ab328405065fa537efb38dc895ba189c6445a.png
20:12:57.171 [pool-2-thread-1] DEBUG net.thucydides.core.steps.StepInterceptor - STARTING STEP: RegisterSteps.inputValidNamaDepan3 - typeFirstName
20:12:57.537 [pool-2-thread-1] DEBUG net.serenitybdd.core.photography.Darkroom - Send negative for processing for target\site\serenity\2aa3f33da54952b8c2fdac0a3425a6eb3764182272bef3816ff860ba047fd75d.png
20:12:57.538 [pool-2-thread-1] DEBUG net.thucydides.core.steps.StepInterceptor - STEP DONE: typeFirstName
  &amp#27;[32mWhen &amp#27;[0m&amp#27;[32muser input valid nama depan3&amp#27;[0m               &amp#27;[90m# StepDefinition.RegisterSteps.inputValidNamaDepan3()&amp#27;[0m
20:12:57.712 [pool-2-thread-1] DEBUG net.serenitybdd.core.photography.Darkroom - Send negative for processing for target\site\serenity\2aa3f33da54952b8c2fdac0a3425a6eb3764182272bef3816ff860ba047fd75d.png
20:12:57.713 [pool-2-thread-1] DEBUG net.thucydides.core.steps.StepInterceptor - STARTING STEP: RegisterSteps.inputValidNamaBelakang3 - typeLastName
20:12:58.039 [pool-2-thread-1] DEBUG net.serenitybdd.core.photography.Darkroom - Send negative for processing for target\site\serenity\f5b87169f505474b8041766807f81cdfa4d1de11b73862c9b22edeba6ec47de8.png
20:12:58.039 [pool-2-thread-1] DEBUG net.thucydides.core.steps.StepInterceptor - STEP DONE: typeLastName
  &amp#27;[32mAnd &amp#27;[0m&amp#27;[32muser input valid nama belakang3&amp#27;[0m             &amp#27;[90m# StepDefinition.RegisterSteps.inputValidNamaBelakang3()&amp#27;[0m
20:12:58.046 [pool-2-thread-1] DEBUG net.thucydides.core.steps.StepInterceptor - STARTING STEP: RegisterSteps.inputValidPassword3 - typePassword
20:12:58.356 [pool-2-thread-1] DEBUG net.serenitybdd.core.photography.Darkroom - Send negative for processing for target\site\serenity\89564fae6bedb8dfba36003eb283abf2aa2571e67af59a9bbb4d5cc0d79cecff.png
20:12:58.356 [pool-2-thread-1] DEBUG net.thucydides.core.steps.StepInterceptor - STEP DONE: typePassword
  &amp#27;[32mAnd &amp#27;[0m&amp#27;[32muser input valid password3 &amp#27;[0m&amp#27;[32m&amp#27;[1mkatasandi&amp#27;[0m        &amp#27;[90m# StepDefinition.RegisterSteps.inputValidPassword3(java.lang.String)&amp#27;[0m
20:12:58.356 [pool-2-thread-1] DEBUG net.thucydides.core.steps.StepInterceptor - STARTING STEP: RegisterSteps.inputConfirmPassword3 - typeConfirmPassword
20:12:58.667 [pool-2-thread-1] DEBUG net.serenitybdd.core.photography.Darkroom - Send negative for processing for target\site\serenity\b6705582afca074c2b2b5b72ef4a8fee48b3ba6c548cee592088483edc973980.png
20:12:58.667 [pool-2-thread-1] DEBUG net.thucydides.core.steps.StepInterceptor - STEP DONE: typeConfirmPassword
  &amp#27;[32mAnd &amp#27;[0m&amp#27;[32muser input confirm password3 &amp#27;[0m&amp#27;[32m&amp#27;[1mkatasandi&amp#27;[0m      &amp#27;[90m# StepDefinition.RegisterSteps.inputConfirmPassword3(java.lang.String)&amp#27;[0m
20:12:58.675 [pool-2-thread-1] DEBUG net.thucydides.core.steps.StepInterceptor - STARTING STEP: RegisterSteps.inputValidTanggalLahir3 - clickTanggal
20:12:58.984 [pool-2-thread-1] DEBUG net.serenitybdd.core.photography.Darkroom - Send negative for processing for target\site\serenity\94ab5f700073d49e6e232711c7e93595c28e1a52d3656ed2cb05c6df3128652a.png
20:12:58.984 [pool-2-thread-1] DEBUG net.thucydides.core.steps.StepInterceptor - STEP DONE: clickTanggal
20:12:58.989 [pool-2-thread-1] DEBUG net.thucydides.core.steps.StepInterceptor - STARTING STEP: RegisterSteps.inputValidTanggalLahir3 - pilihTanggal
20:12:59.170 [pool-2-thread-1] DEBUG net.serenitybdd.core.photography.Darkroom - Send negative for processing for target\site\serenity\94ab5f700073d49e6e232711c7e93595c28e1a52d3656ed2cb05c6df3128652a.png
20:12:59.170 [pool-2-thread-1] DEBUG net.thucydides.core.steps.StepInterceptor - STEP DONE: pilihTanggal
20:12:59.170 [pool-2-thread-1] DEBUG net.thucydides.core.steps.StepInterceptor - STARTING STEP: RegisterSteps.inputValidTanggalLahir3 - clickBulan
20:12:59.434 [pool-2-thread-1] DEBUG net.serenitybdd.core.photography.Darkroom - Send negative for processing for target\site\serenity\506bd92fe5c18741b7bf590f9fab3e11fa284605b64868e2aa18cebda739c016.png
20:12:59.434 [pool-2-thread-1] DEBUG net.thucydides.core.steps.StepInterceptor - STEP DONE: clickBulan
20:12:59.437 [pool-2-thread-1] DEBUG net.thucydides.core.steps.StepInterceptor - STARTING STEP: RegisterSteps.inputValidTanggalLahir3 - pilihBulan
20:12:59.629 [pool-2-thread-1] DEBUG net.serenitybdd.core.photography.Darkroom - Send negative for processing for target\site\serenity\2081d030a3d96621ff88174ff3ec2ca8982221c31411891b476a2429f62e76d8.png
20:12:59.629 [pool-2-thread-1] DEBUG net.thucydides.core.steps.StepInterceptor - STEP DONE: pilihBulan
20:12:59.629 [pool-2-thread-1] DEBUG net.thucydides.core.steps.StepInterceptor - STARTING STEP: RegisterSteps.inputValidTanggalLahir3 - clickTahun
20:12:59.865 [pool-2-thread-1] DEBUG net.serenitybdd.core.photography.Darkroom - Send negative for processing for target\site\serenity\3ad9e10b4f814b33442496d3662a3f6f1e2137f17228cbff231317a0e3ed9c39.png
20:12:59.866 [pool-2-thread-1] DEBUG net.thucydides.core.steps.StepInterceptor - STEP DONE: clickTahun
20:12:59.869 [pool-2-thread-1] DEBUG net.thucydides.core.steps.StepInterceptor - STARTING STEP: RegisterSteps.inputValidTanggalLahir3 - pilihTahun
20:13:00.056 [pool-2-thread-1] DEBUG net.serenitybdd.core.photography.Darkroom - Send negative for processing for target\site\serenity\97dabd765a17ca146f8455331c36e7bd45dead956a0bc241188a4d39aed4be17.png
20:13:00.062 [pool-2-thread-1] DEBUG net.thucydides.core.steps.StepInterceptor - STEP DONE: pilihTahun
  &amp#27;[32mAnd &amp#27;[0m&amp#27;[32muser input valid tanggal lahir3&amp#27;[0m             &amp#27;[90m# StepDefinition.RegisterSteps.inputValidTanggalLahir3()&amp#27;[0m
20:13:00.071 [pool-2-thread-1] DEBUG net.thucydides.core.steps.StepInterceptor - STARTING STEP: RegisterSteps.inputJenisKelamin3 - typeJenisKelamin
20:13:00.286 [pool-2-thread-1] DEBUG net.serenitybdd.core.photography.Darkroom - Send negative for processing for target\site\serenity\51ca5a19829ab3883b1911c198410664b547878ed9186bec835be3175d0d35d4.png
20:13:00.286 [pool-2-thread-1] DEBUG net.thucydides.core.steps.StepInterceptor - STEP DONE: typeJenisKelamin
  &amp#27;[32mAnd &amp#27;[0m&amp#27;[32muser pilih jenis kelamin3&amp#27;[0m                   &amp#27;[90m# StepDefinition.RegisterSteps.inputJenisKelamin3()&amp#27;[0m
20:13:00.295 [pool-2-thread-1] DEBUG net.thucydides.core.steps.StepInterceptor - STARTING STEP: RegisterSteps.klikDaftarButton3 - clickRegisterButton
20:13:00.679 [pool-2-thread-1] DEBUG net.serenitybdd.core.photography.Darkroom - Send negative for processing for target\site\serenity\638fd40640825f91300ed44ba66796195b74597e442f61f4a87fe8879da19e50.png
20:13:00.679 [pool-2-thread-1] DEBUG net.thucydides.core.steps.StepInterceptor - STEP DONE: clickRegisterButton
  &amp#27;[32mAnd &amp#27;[0m&amp#27;[32muser klik Daftar button3&amp#27;[0m                    &amp#27;[90m# StepDefinition.RegisterSteps.klikDaftarButton3()&amp#27;[0m
  &amp#27;[32mThen &amp#27;[0m&amp#27;[32muser got message3 &amp#27;[0m&amp#27;[32m&amp#27;[1memail tidak boleh kosong&amp#27;[0m &amp#27;[90m# StepDefinition.RegisterSteps.gotMessage1(java.lang.String)&amp#27;[0m
20:13:00.688 [pool-2-thread-1] INFO  - 
=======
19:19:03.894 [pool-2-thread-1] DEBUG net.thucydides.core.steps.StepInterceptor - STARTING STEP: RegisterSteps.onRegisterPage - onRegisterPage
19:19:03.896 [pool-2-thread-1] INFO net.serenitybdd.core.webdriver.driverproviders.ChromeDriverProvider - Using automatically driver download
19:19:03.927 [pool-2-thread-1] DEBUG io.github.bonigarcia.wdm.cache.ResolutionCache - Resolution chrome=103 in cache (valid until 20:04:47 17/07/2022 ICT)
19:19:03.941 [pool-2-thread-1] DEBUG io.github.bonigarcia.wdm.cache.ResolutionCache - Resolution chrome103=103.0.5060.53 in cache (valid until 19:04:47 18/07/2022 ICT)
19:19:03.941 [pool-2-thread-1] INFO io.github.bonigarcia.wdm.WebDriverManager - Using chromedriver 103.0.5060.53 (resolved driver for Chrome 103)
19:19:03.955 [pool-2-thread-1] DEBUG io.github.bonigarcia.wdm.WebDriverManager - Driver chromedriver 103.0.5060.53 found in cache
19:19:03.956 [pool-2-thread-1] INFO io.github.bonigarcia.wdm.WebDriverManager - Exporting webdriver.chrome.driver as C:\Users\Siti Nurlatipah\.cache\selenium\chromedriver\win32\103.0.5060.53\chromedriver.exe
19:19:05.139 [pool-2-thread-1] INFO net.serenitybdd.core.webdriver.driverproviders.ProvideNewDriver - Instantiating driver
19:19:05.140 [pool-2-thread-1] INFO net.serenitybdd.core.webdriver.driverproviders.ProvideNewDriver - Driver capabilities: Capabilities {acceptInsecureCerts: false, base.url: https://diskusiaza.netlify.app, browserName: chrome, chrome.driver: src/test/resources/webdrive..., driver: chrome, goog:chromeOptions: {args: [], extensions: []}, loggingPrefs: org.openqa.selenium.logging...}
19:19:25.658 [pool-2-thread-1] DEBUG net.serenitybdd.core.photography.Darkroom - Send negative for processing for target\site\serenity\86d2c2a8c82b2b2087f67c5bb0ac792d76b221a9666a6458a43a445bc42e0223.png
19:19:25.658 [pool-2-thread-1] DEBUG net.thucydides.core.steps.StepInterceptor - STEP DONE: onRegisterPage
  &amp#27;[32mGiven &amp#27;[0m&amp#27;[32muser on register page&amp#27;[0m                     &amp#27;[90m# StepDefinition.RegisterSteps.onRegisterPage()&amp#27;[0m
19:19:25.958 [pool-2-thread-1] DEBUG net.serenitybdd.core.photography.Darkroom - Send negative for processing for target\site\serenity\86d2c2a8c82b2b2087f67c5bb0ac792d76b221a9666a6458a43a445bc42e0223.png
19:19:25.959 [pool-2-thread-1] DEBUG net.thucydides.core.steps.StepInterceptor - STARTING STEP: RegisterSteps.inputValidNamaDepan3 - typeFirstName
19:19:26.646 [pool-2-thread-1] DEBUG net.serenitybdd.core.photography.Darkroom - Send negative for processing for target\site\serenity\23592e2c49b7a77b1271aee484f74b65fa64f06995f6187e7b506f5c38b73bc3.png
19:19:26.646 [pool-2-thread-1] DEBUG net.thucydides.core.steps.StepInterceptor - STEP DONE: typeFirstName
  &amp#27;[32mWhen &amp#27;[0m&amp#27;[32muser input valid nama depan3&amp#27;[0m               &amp#27;[90m# StepDefinition.RegisterSteps.inputValidNamaDepan3()&amp#27;[0m
19:19:26.961 [pool-2-thread-1] DEBUG net.serenitybdd.core.photography.Darkroom - Send negative for processing for target\site\serenity\23592e2c49b7a77b1271aee484f74b65fa64f06995f6187e7b506f5c38b73bc3.png
19:19:26.961 [pool-2-thread-1] DEBUG net.thucydides.core.steps.StepInterceptor - STARTING STEP: RegisterSteps.inputValidNamaBelakang3 - typeLastName
19:19:27.764 [pool-2-thread-1] DEBUG net.serenitybdd.core.photography.Darkroom - Send negative for processing for target\site\serenity\3e86bb3d8879fd42c5811b561616e9ef2d67c32132adc5ff2991ea90db9b7d9e.png
19:19:27.765 [pool-2-thread-1] DEBUG net.thucydides.core.steps.StepInterceptor - STEP DONE: typeLastName
  &amp#27;[32mAnd &amp#27;[0m&amp#27;[32muser input valid nama belakang3&amp#27;[0m             &amp#27;[90m# StepDefinition.RegisterSteps.inputValidNamaBelakang3()&amp#27;[0m
19:19:27.790 [pool-2-thread-1] DEBUG net.thucydides.core.steps.StepInterceptor - STARTING STEP: RegisterSteps.inputValidPassword3 - typePassword
19:19:28.496 [pool-2-thread-1] DEBUG net.serenitybdd.core.photography.Darkroom - Send negative for processing for target\site\serenity\d65ecbf70931a448b4fd052a2f8103bdf6d78e50501eb630033bcbdbe602f514.png
19:19:28.496 [pool-2-thread-1] DEBUG net.thucydides.core.steps.StepInterceptor - STEP DONE: typePassword
  &amp#27;[32mAnd &amp#27;[0m&amp#27;[32muser input valid password3 &amp#27;[0m&amp#27;[32m&amp#27;[1mkatasandi&amp#27;[0m        &amp#27;[90m# StepDefinition.RegisterSteps.inputValidPassword3(java.lang.String)&amp#27;[0m
19:19:28.517 [pool-2-thread-1] DEBUG net.thucydides.core.steps.StepInterceptor - STARTING STEP: RegisterSteps.inputConfirmPassword3 - typeConfirmPassword
19:19:29.199 [pool-2-thread-1] DEBUG net.serenitybdd.core.photography.Darkroom - Send negative for processing for target\site\serenity\955852176b50db894656ddb3dfe4d3ea78ff2f87631b4c83c895a023fcc3beaa.png
19:19:29.199 [pool-2-thread-1] DEBUG net.thucydides.core.steps.StepInterceptor - STEP DONE: typeConfirmPassword
  &amp#27;[32mAnd &amp#27;[0m&amp#27;[32muser input confirm password3 &amp#27;[0m&amp#27;[32m&amp#27;[1mkatasandi&amp#27;[0m      &amp#27;[90m# StepDefinition.RegisterSteps.inputConfirmPassword3(java.lang.String)&amp#27;[0m
19:19:29.218 [pool-2-thread-1] DEBUG net.thucydides.core.steps.StepInterceptor - STARTING STEP: RegisterSteps.inputValidTanggalLahir3 - clickTanggal
19:19:29.801 [pool-2-thread-1] DEBUG net.serenitybdd.core.photography.Darkroom - Send negative for processing for target\site\serenity\47fd29047daf06a26e806af540a852448f343d7cc96c8e10cd94df65185823cc.png
19:19:29.802 [pool-2-thread-1] DEBUG net.thucydides.core.steps.StepInterceptor - STEP DONE: clickTanggal
19:19:29.810 [pool-2-thread-1] DEBUG net.thucydides.core.steps.StepInterceptor - STARTING STEP: RegisterSteps.inputValidTanggalLahir3 - pilihTanggal
19:19:30.115 [pool-2-thread-1] DEBUG net.serenitybdd.core.photography.Darkroom - Send negative for processing for target\site\serenity\47fd29047daf06a26e806af540a852448f343d7cc96c8e10cd94df65185823cc.png
19:19:30.116 [pool-2-thread-1] DEBUG net.thucydides.core.steps.StepInterceptor - STEP DONE: pilihTanggal
19:19:30.121 [pool-2-thread-1] DEBUG net.thucydides.core.steps.StepInterceptor - STARTING STEP: RegisterSteps.inputValidTanggalLahir3 - clickBulan
19:19:30.578 [pool-2-thread-1] DEBUG net.serenitybdd.core.photography.Darkroom - Send negative for processing for target\site\serenity\653576ffc815a07326097fb9d7925580dc3aa31e567c6e0e49a1eaadab71cc6f.png
19:19:30.579 [pool-2-thread-1] DEBUG net.thucydides.core.steps.StepInterceptor - STEP DONE: clickBulan
19:19:30.586 [pool-2-thread-1] DEBUG net.thucydides.core.steps.StepInterceptor - STARTING STEP: RegisterSteps.inputValidTanggalLahir3 - pilihBulan
19:19:30.911 [pool-2-thread-1] DEBUG net.serenitybdd.core.photography.Darkroom - Send negative for processing for target\site\serenity\653576ffc815a07326097fb9d7925580dc3aa31e567c6e0e49a1eaadab71cc6f.png
19:19:30.911 [pool-2-thread-1] DEBUG net.thucydides.core.steps.StepInterceptor - STEP DONE: pilihBulan
19:19:30.917 [pool-2-thread-1] DEBUG net.thucydides.core.steps.StepInterceptor - STARTING STEP: RegisterSteps.inputValidTanggalLahir3 - clickTahun
19:19:31.315 [pool-2-thread-1] DEBUG net.serenitybdd.core.photography.Darkroom - Send negative for processing for target\site\serenity\3f9e93d3ea860146c4f7a580f242dee99f2484624cc4d9cd0f66550f360394c1.png
19:19:31.315 [pool-2-thread-1] DEBUG net.thucydides.core.steps.StepInterceptor - STEP DONE: clickTahun
19:19:31.322 [pool-2-thread-1] DEBUG net.thucydides.core.steps.StepInterceptor - STARTING STEP: RegisterSteps.inputValidTanggalLahir3 - pilihTahun
19:19:31.684 [pool-2-thread-1] DEBUG net.serenitybdd.core.photography.Darkroom - Send negative for processing for target\site\serenity\a7b404e0b68de5bd16ac32bc7511245caa096977fca01b848cc4314b7475cb10.png
19:19:31.685 [pool-2-thread-1] DEBUG net.thucydides.core.steps.StepInterceptor - STEP DONE: pilihTahun
  &amp#27;[32mAnd &amp#27;[0m&amp#27;[32muser input valid tanggal lahir3&amp#27;[0m             &amp#27;[90m# StepDefinition.RegisterSteps.inputValidTanggalLahir3()&amp#27;[0m
19:19:31.701 [pool-2-thread-1] DEBUG net.thucydides.core.steps.StepInterceptor - STARTING STEP: RegisterSteps.inputJenisKelamin3 - typeJenisKelamin
19:19:32.097 [pool-2-thread-1] DEBUG net.serenitybdd.core.photography.Darkroom - Send negative for processing for target\site\serenity\8917860fc18861a53a42dcc4c55bb26d85ad962ae29c3288beebde7cf1f0bc4a.png
19:19:32.097 [pool-2-thread-1] DEBUG net.thucydides.core.steps.StepInterceptor - STEP DONE: typeJenisKelamin
  &amp#27;[32mAnd &amp#27;[0m&amp#27;[32muser pilih jenis kelamin3&amp#27;[0m                   &amp#27;[90m# StepDefinition.RegisterSteps.inputJenisKelamin3()&amp#27;[0m
19:19:32.118 [pool-2-thread-1] DEBUG net.thucydides.core.steps.StepInterceptor - STARTING STEP: RegisterSteps.klikDaftarButton3 - clickRegisterButton
19:19:32.878 [pool-2-thread-1] DEBUG net.serenitybdd.core.photography.Darkroom - Send negative for processing for target\site\serenity\3d3403c03060be918a8970b73cde87a78ce28d84e6b6d56b307701309244aad7.png
19:19:32.878 [pool-2-thread-1] DEBUG net.thucydides.core.steps.StepInterceptor - STEP DONE: clickRegisterButton
  &amp#27;[32mAnd &amp#27;[0m&amp#27;[32muser klik Daftar button3&amp#27;[0m                    &amp#27;[90m# StepDefinition.RegisterSteps.klikDaftarButton3()&amp#27;[0m
  &amp#27;[32mThen &amp#27;[0m&amp#27;[32muser got message3 &amp#27;[0m&amp#27;[32m&amp#27;[1memail tidak boleh kosong&amp#27;[0m &amp#27;[90m# StepDefinition.RegisterSteps.gotMessage1(java.lang.String)&amp#27;[0m
19:19:32.902 [pool-2-thread-1] INFO  - 
>>>>>>> 3eb7ed59fd558cd82a68549bb500382e6b35ceb5
  _____   ___   ___   _____     ___     _     ___   ___   ___   ___  
 |_   _| | __| / __| |_   _|   | _ \   /_\   / __| / __| | __| |   \ 
   | |   | _|  \__ \   | |     |  _/  / _ \  \__ \ \__ \ | _|  | |) |
   |_|   |___| |___/   |_|     |_|   /_/ \_\ |___/ |___/ |___| |___/ 

user tidak memasukkan email
----------------------------------------------------------------------
]]></system-out>
<<<<<<< HEAD
    <system-err><![CDATA[Starting ChromeDriver 103.0.5060.53 (a1711811edd74ff1cf2150f36ffa3b0dae40b17f-refs/branch-heads/5060@{#853}) on port 35924
Only local connections are allowed.
Please see https://chromedriver.chromium.org/security-considerations for suggestions on keeping ChromeDriver safe.
ChromeDriver was started successfully.
Jul 17, 2022 8:12:55 PM org.openqa.selenium.remote.ProtocolHandshake createSession
INFO: Detected dialect: W3C
]]></system-err>
  </testcase>
  <testcase name="user tidak memasukan nama depan" classname="user on register page" time="6.85">
    <system-out><![CDATA[
@nyoba
Scenario: user tidak memasukan nama depan              &amp#27;[90m# src/test/resources/web/Register.feature:39&amp#27;[0m
20:13:01.001 [pool-2-thread-1] INFO io.cucumber.core.plugin.SerenityReporter - Running feature from file:///C:/Users/LENOVO-PC/OneDrive%20-%20IT-PLN/Dokumen/apenim/Diskusiaza-QE/WEB%20DISKUSIAZA/src/test/resources/web/Register.feature
20:13:01.001 [pool-2-thread-1] WARN io.cucumber.core.plugin.SerenityReporter - Feature from file:///C:/Users/LENOVO-PC/OneDrive%20-%20IT-PLN/Dokumen/apenim/Diskusiaza-QE/WEB%20DISKUSIAZA/src/test/resources/web/Register.feature is not under the 'features' directory. Requirements report will not be correctly generated!
20:13:01.006 [pool-2-thread-1] INFO  - 
=======
    <system-err><![CDATA[Starting ChromeDriver 103.0.5060.53 (a1711811edd74ff1cf2150f36ffa3b0dae40b17f-refs/branch-heads/5060@{#853}) on port 37888
Only local connections are allowed.
Please see https://chromedriver.chromium.org/security-considerations for suggestions on keeping ChromeDriver safe.
ChromeDriver was started successfully.
Jul 17, 2022 7:19:07 PM org.openqa.selenium.remote.ProtocolHandshake createSession
INFO: Detected dialect: W3C
]]></system-err>
  </testcase>
  <testcase name="user tidak memasukan nama depan" classname="user on register page" time="51.75">
    <system-out><![CDATA[
@nyoba
Scenario: user tidak memasukan nama depan              &amp#27;[90m# src/test/resources/web/Register.feature:39&amp#27;[0m
19:19:34.098 [pool-2-thread-1] INFO io.cucumber.core.plugin.SerenityReporter - Running feature from file:///D:/CAPSTONE%20PROJECT%20KELOMPOK%2032/WEB%20DISKUSIAZA/src/test/resources/web/Register.feature
19:19:34.098 [pool-2-thread-1] WARN io.cucumber.core.plugin.SerenityReporter - Feature from file:///D:/CAPSTONE%20PROJECT%20KELOMPOK%2032/WEB%20DISKUSIAZA/src/test/resources/web/Register.feature is not under the 'features' directory. Requirements report will not be correctly generated!
19:19:34.104 [pool-2-thread-1] INFO  - 
>>>>>>> 3eb7ed59fd558cd82a68549bb500382e6b35ceb5
  _____   ___   ___   _____     ___   _____     _     ___   _____   ___   ___  
 |_   _| | __| / __| |_   _|   / __| |_   _|   /_\   | _ \ |_   _| | __| |   \ 
   | |   | _|  \__ \   | |     \__ \   | |    / _ \  |   /   | |   | _|  | |) |
   |_|   |___| |___/   |_|     |___/   |_|   /_/ \_\ |_|_\   |_|   |___| |___/ 

user tidak memasukan nama depan(user-on-register-page;user-tidak-memasukan-nama-depan)
--------------------------------------------------------------------------------
<<<<<<< HEAD
20:13:01.011 [pool-2-thread-1] DEBUG net.thucydides.core.steps.StepInterceptor - STARTING STEP: RegisterSteps.onRegisterPage - onRegisterPage
20:13:01.016 [pool-2-thread-1] INFO net.serenitybdd.core.webdriver.driverproviders.ChromeDriverProvider - Using automatically driver download
20:13:01.016 [pool-2-thread-1] DEBUG io.github.bonigarcia.wdm.cache.ResolutionCache - Resolution chrome=103 in cache (valid until 21:11:07 17/07/2022 WIB)
20:13:01.022 [pool-2-thread-1] DEBUG io.github.bonigarcia.wdm.cache.ResolutionCache - Resolution chrome103=103.0.5060.53 in cache (valid until 19:09:45 18/07/2022 WIB)
20:13:01.022 [pool-2-thread-1] INFO io.github.bonigarcia.wdm.WebDriverManager - Using chromedriver 103.0.5060.53 (resolved driver for Chrome 103)
20:13:01.023 [pool-2-thread-1] DEBUG io.github.bonigarcia.wdm.WebDriverManager - Driver chromedriver 103.0.5060.53 found in cache
20:13:01.023 [pool-2-thread-1] INFO io.github.bonigarcia.wdm.WebDriverManager - Exporting webdriver.chrome.driver as C:\Users\LENOVO-PC\.cache\selenium\chromedriver\win32\103.0.5060.53\chromedriver.exe
20:13:01.203 [pool-2-thread-1] INFO net.serenitybdd.core.webdriver.driverproviders.ProvideNewDriver - Instantiating driver
20:13:01.203 [pool-2-thread-1] INFO net.serenitybdd.core.webdriver.driverproviders.ProvideNewDriver - Driver capabilities: Capabilities {acceptInsecureCerts: false, base.url: https://diskusiaza.netlify.app, browserName: chrome, chrome.driver: src/test/resources/webdrive..., driver: chrome, goog:chromeOptions: {args: [], extensions: []}, loggingPrefs: org.openqa.selenium.logging...}
20:13:03.551 [pool-2-thread-1] DEBUG net.serenitybdd.core.photography.Darkroom - Send negative for processing for target\site\serenity\15885e7a31041ffadaf2b07e916ab328405065fa537efb38dc895ba189c6445a.png
20:13:03.551 [pool-2-thread-1] DEBUG net.thucydides.core.steps.StepInterceptor - STEP DONE: onRegisterPage
  &amp#27;[32mGiven &amp#27;[0m&amp#27;[32muser on register page&amp#27;[0m                          &amp#27;[90m# StepDefinition.RegisterSteps.onRegisterPage()&amp#27;[0m
20:13:03.710 [pool-2-thread-1] DEBUG net.serenitybdd.core.photography.Darkroom - Send negative for processing for target\site\serenity\15885e7a31041ffadaf2b07e916ab328405065fa537efb38dc895ba189c6445a.png
20:13:03.710 [pool-2-thread-1] DEBUG net.thucydides.core.steps.StepInterceptor - STARTING STEP: RegisterSteps.inputValidNamaBelakang4 - typeLastName
20:13:04.037 [pool-2-thread-1] DEBUG net.serenitybdd.core.photography.Darkroom - Send negative for processing for target\site\serenity\1245a5f900b6c0b07e4415a66ca86438f6b58c0dde35c3c32ae6e649f6ccdc4b.png
20:13:04.037 [pool-2-thread-1] DEBUG net.thucydides.core.steps.StepInterceptor - STEP DONE: typeLastName
  &amp#27;[32mWhen &amp#27;[0m&amp#27;[32muser input valid nama belakang4&amp#27;[0m                 &amp#27;[90m# StepDefinition.RegisterSteps.inputValidNamaBelakang4()&amp#27;[0m
20:13:04.201 [pool-2-thread-1] DEBUG net.serenitybdd.core.photography.Darkroom - Send negative for processing for target\site\serenity\1245a5f900b6c0b07e4415a66ca86438f6b58c0dde35c3c32ae6e649f6ccdc4b.png
20:13:04.201 [pool-2-thread-1] DEBUG net.thucydides.core.steps.StepInterceptor - STARTING STEP: RegisterSteps.inputValidEmail4 - typeEmail
20:13:04.595 [pool-2-thread-1] DEBUG net.serenitybdd.core.photography.Darkroom - Send negative for processing for target\site\serenity\5b625448f8e026ac649d3b1212d60315e9ccca806b7cdfa82f5cb9d02c407403.png
20:13:04.595 [pool-2-thread-1] DEBUG net.thucydides.core.steps.StepInterceptor - STEP DONE: typeEmail
  &amp#27;[32mAnd &amp#27;[0m&amp#27;[32muser input valid email4&amp#27;[0m                          &amp#27;[90m# StepDefinition.RegisterSteps.inputValidEmail4()&amp#27;[0m
20:13:04.607 [pool-2-thread-1] DEBUG net.thucydides.core.steps.StepInterceptor - STARTING STEP: RegisterSteps.inputValidPassword4 - typePassword
20:13:04.916 [pool-2-thread-1] DEBUG net.serenitybdd.core.photography.Darkroom - Send negative for processing for target\site\serenity\2949998bd0a8d64b5c13c769a3199c5ade9d68971d2a9e474a8ac5043c776588.png
20:13:04.916 [pool-2-thread-1] DEBUG net.thucydides.core.steps.StepInterceptor - STEP DONE: typePassword
  &amp#27;[32mAnd &amp#27;[0m&amp#27;[32muser input valid password4 &amp#27;[0m&amp#27;[32m&amp#27;[1mkatasandi&amp#27;[0m             &amp#27;[90m# StepDefinition.RegisterSteps.inputValidPassword4(java.lang.String)&amp#27;[0m
20:13:04.929 [pool-2-thread-1] DEBUG net.thucydides.core.steps.StepInterceptor - STARTING STEP: RegisterSteps.inputConfirmPassword4 - typeConfirmPassword
20:13:05.259 [pool-2-thread-1] DEBUG net.serenitybdd.core.photography.Darkroom - Send negative for processing for target\site\serenity\c8eaa07078d13a0996f796785428b47ce41b129b3bc3b7f52b3a572176e55e18.png
20:13:05.259 [pool-2-thread-1] DEBUG net.thucydides.core.steps.StepInterceptor - STEP DONE: typeConfirmPassword
  &amp#27;[32mAnd &amp#27;[0m&amp#27;[32muser input confirm password4 &amp#27;[0m&amp#27;[32m&amp#27;[1mkatasandi&amp#27;[0m           &amp#27;[90m# StepDefinition.RegisterSteps.inputConfirmPassword4(java.lang.String)&amp#27;[0m
20:13:05.274 [pool-2-thread-1] DEBUG net.thucydides.core.steps.StepInterceptor - STARTING STEP: RegisterSteps.inputValidTanggalLahir4 - clickTanggal
20:13:05.585 [pool-2-thread-1] DEBUG net.serenitybdd.core.photography.Darkroom - Send negative for processing for target\site\serenity\68f3995ad1c410946db3ed0521f0f54898dea2bd0136b6a8db16bb2e4e9a7cec.png
20:13:05.585 [pool-2-thread-1] DEBUG net.thucydides.core.steps.StepInterceptor - STEP DONE: clickTanggal
20:13:05.589 [pool-2-thread-1] DEBUG net.thucydides.core.steps.StepInterceptor - STARTING STEP: RegisterSteps.inputValidTanggalLahir4 - pilihTanggal
20:13:05.779 [pool-2-thread-1] DEBUG net.serenitybdd.core.photography.Darkroom - Send negative for processing for target\site\serenity\68f3995ad1c410946db3ed0521f0f54898dea2bd0136b6a8db16bb2e4e9a7cec.png
20:13:05.779 [pool-2-thread-1] DEBUG net.thucydides.core.steps.StepInterceptor - STEP DONE: pilihTanggal
20:13:05.779 [pool-2-thread-1] DEBUG net.thucydides.core.steps.StepInterceptor - STARTING STEP: RegisterSteps.inputValidTanggalLahir4 - clickBulan
20:13:06.013 [pool-2-thread-1] DEBUG net.serenitybdd.core.photography.Darkroom - Send negative for processing for target\site\serenity\5135ccbbf32bf232f8905211128eaac2f57a59fbae46fa849ccb41474b91bf80.png
20:13:06.014 [pool-2-thread-1] DEBUG net.thucydides.core.steps.StepInterceptor - STEP DONE: clickBulan
20:13:06.017 [pool-2-thread-1] DEBUG net.thucydides.core.steps.StepInterceptor - STARTING STEP: RegisterSteps.inputValidTanggalLahir4 - pilihBulan
20:13:06.211 [pool-2-thread-1] DEBUG net.serenitybdd.core.photography.Darkroom - Send negative for processing for target\site\serenity\2ab37f4250bb709682a9303a44ac63f490272d0044abaa2643bb58e701f59342.png
20:13:06.211 [pool-2-thread-1] DEBUG net.thucydides.core.steps.StepInterceptor - STEP DONE: pilihBulan
20:13:06.211 [pool-2-thread-1] DEBUG net.thucydides.core.steps.StepInterceptor - STARTING STEP: RegisterSteps.inputValidTanggalLahir4 - clickTahun
20:13:06.449 [pool-2-thread-1] DEBUG net.serenitybdd.core.photography.Darkroom - Send negative for processing for target\site\serenity\c33706939a19194c74ac08d88000c6d95c3d4c1166a2e0bdaa9f1256dd268b97.png
20:13:06.450 [pool-2-thread-1] DEBUG net.thucydides.core.steps.StepInterceptor - STEP DONE: clickTahun
20:13:06.454 [pool-2-thread-1] DEBUG net.thucydides.core.steps.StepInterceptor - STARTING STEP: RegisterSteps.inputValidTanggalLahir4 - pilihTahun
20:13:06.665 [pool-2-thread-1] DEBUG net.serenitybdd.core.photography.Darkroom - Send negative for processing for target\site\serenity\69159aba86c659a383f1c96002d8d9be4acbd29724aab4a4781d2572439fd75c.png
20:13:06.665 [pool-2-thread-1] DEBUG net.thucydides.core.steps.StepInterceptor - STEP DONE: pilihTahun
  &amp#27;[32mAnd &amp#27;[0m&amp#27;[32muser input valid tanggal lahir4&amp#27;[0m                  &amp#27;[90m# StepDefinition.RegisterSteps.inputValidTanggalLahir4()&amp#27;[0m
20:13:06.676 [pool-2-thread-1] DEBUG net.thucydides.core.steps.StepInterceptor - STARTING STEP: RegisterSteps.inputJenisKelamin4 - typeJenisKelamin
20:13:06.871 [pool-2-thread-1] DEBUG net.serenitybdd.core.photography.Darkroom - Send negative for processing for target\site\serenity\16cd0bebc6059d56745a500bc9a172984b2a1a02f6b5665a8365d656a61f8881.png
20:13:06.871 [pool-2-thread-1] DEBUG net.thucydides.core.steps.StepInterceptor - STEP DONE: typeJenisKelamin
  &amp#27;[32mAnd &amp#27;[0m&amp#27;[32muser pilih jenis kelamin4&amp#27;[0m                        &amp#27;[90m# StepDefinition.RegisterSteps.inputJenisKelamin4()&amp#27;[0m
20:13:06.878 [pool-2-thread-1] DEBUG net.thucydides.core.steps.StepInterceptor - STARTING STEP: RegisterSteps.klikDaftarButton4 - clickRegisterButton
20:13:07.250 [pool-2-thread-1] DEBUG net.serenitybdd.core.photography.Darkroom - Send negative for processing for target\site\serenity\4a92329f1dfba448a69498c574df58b4c6e620d641fe45cad1a80348c3909f18.png
20:13:07.250 [pool-2-thread-1] DEBUG net.thucydides.core.steps.StepInterceptor - STEP DONE: clickRegisterButton
  &amp#27;[32mAnd &amp#27;[0m&amp#27;[32muser klik Daftar button4&amp#27;[0m                         &amp#27;[90m# StepDefinition.RegisterSteps.klikDaftarButton4()&amp#27;[0m
  &amp#27;[32mThen &amp#27;[0m&amp#27;[32muser got message4 &amp#27;[0m&amp#27;[32m&amp#27;[1mnama depan tidak boleh kosong&amp#27;[0m &amp#27;[90m# StepDefinition.RegisterSteps.gotMessage4(java.lang.String)&amp#27;[0m
20:13:07.260 [pool-2-thread-1] INFO  - 
=======
19:19:34.172 [pool-2-thread-1] DEBUG net.thucydides.core.steps.StepInterceptor - STARTING STEP: RegisterSteps.onRegisterPage - onRegisterPage
19:19:34.175 [pool-2-thread-1] INFO net.serenitybdd.core.webdriver.driverproviders.ChromeDriverProvider - Using automatically driver download
19:19:34.205 [pool-2-thread-1] DEBUG io.github.bonigarcia.wdm.cache.ResolutionCache - Resolution chrome=103 in cache (valid until 20:04:47 17/07/2022 ICT)
19:19:34.207 [pool-2-thread-1] DEBUG io.github.bonigarcia.wdm.cache.ResolutionCache - Resolution chrome103=103.0.5060.53 in cache (valid until 19:04:47 18/07/2022 ICT)
19:19:34.207 [pool-2-thread-1] INFO io.github.bonigarcia.wdm.WebDriverManager - Using chromedriver 103.0.5060.53 (resolved driver for Chrome 103)
19:19:34.219 [pool-2-thread-1] DEBUG io.github.bonigarcia.wdm.WebDriverManager - Driver chromedriver 103.0.5060.53 found in cache
19:19:34.220 [pool-2-thread-1] INFO io.github.bonigarcia.wdm.WebDriverManager - Exporting webdriver.chrome.driver as C:\Users\Siti Nurlatipah\.cache\selenium\chromedriver\win32\103.0.5060.53\chromedriver.exe
19:19:35.274 [pool-2-thread-1] INFO net.serenitybdd.core.webdriver.driverproviders.ProvideNewDriver - Instantiating driver
19:19:35.274 [pool-2-thread-1] INFO net.serenitybdd.core.webdriver.driverproviders.ProvideNewDriver - Driver capabilities: Capabilities {acceptInsecureCerts: false, base.url: https://diskusiaza.netlify.app, browserName: chrome, chrome.driver: src/test/resources/webdrive..., driver: chrome, goog:chromeOptions: {args: [], extensions: []}, loggingPrefs: org.openqa.selenium.logging...}
19:20:17.078 [pool-2-thread-1] DEBUG net.serenitybdd.core.photography.Darkroom - Send negative for processing for target\site\serenity\86d2c2a8c82b2b2087f67c5bb0ac792d76b221a9666a6458a43a445bc42e0223.png
19:20:17.078 [pool-2-thread-1] DEBUG net.thucydides.core.steps.StepInterceptor - STEP DONE: onRegisterPage
  &amp#27;[32mGiven &amp#27;[0m&amp#27;[32muser on register page&amp#27;[0m                          &amp#27;[90m# StepDefinition.RegisterSteps.onRegisterPage()&amp#27;[0m
19:20:17.412 [pool-2-thread-1] DEBUG net.serenitybdd.core.photography.Darkroom - Send negative for processing for target\site\serenity\86d2c2a8c82b2b2087f67c5bb0ac792d76b221a9666a6458a43a445bc42e0223.png
19:20:17.413 [pool-2-thread-1] DEBUG net.thucydides.core.steps.StepInterceptor - STARTING STEP: RegisterSteps.inputValidNamaBelakang4 - typeLastName
19:20:18.044 [pool-2-thread-1] DEBUG net.serenitybdd.core.photography.Darkroom - Send negative for processing for target\site\serenity\e992cc5855283a47b4b7b23e3a5f3fd31fc34f9988f6be4575d63c26a5904a09.png
19:20:18.044 [pool-2-thread-1] DEBUG net.thucydides.core.steps.StepInterceptor - STEP DONE: typeLastName
  &amp#27;[32mWhen &amp#27;[0m&amp#27;[32muser input valid nama belakang4&amp#27;[0m                 &amp#27;[90m# StepDefinition.RegisterSteps.inputValidNamaBelakang4()&amp#27;[0m
19:20:18.335 [pool-2-thread-1] DEBUG net.serenitybdd.core.photography.Darkroom - Send negative for processing for target\site\serenity\e992cc5855283a47b4b7b23e3a5f3fd31fc34f9988f6be4575d63c26a5904a09.png
19:20:18.335 [pool-2-thread-1] DEBUG net.thucydides.core.steps.StepInterceptor - STARTING STEP: RegisterSteps.inputValidEmail4 - typeEmail
19:20:19.338 [pool-2-thread-1] DEBUG net.serenitybdd.core.photography.Darkroom - Send negative for processing for target\site\serenity\ff29746281234210cbfc1f7a868b2421c3eef522d5663c28eb56a57afc7391a7.png
19:20:19.339 [pool-2-thread-1] DEBUG net.thucydides.core.steps.StepInterceptor - STEP DONE: typeEmail
  &amp#27;[32mAnd &amp#27;[0m&amp#27;[32muser input valid email4&amp#27;[0m                          &amp#27;[90m# StepDefinition.RegisterSteps.inputValidEmail4()&amp#27;[0m
19:20:19.354 [pool-2-thread-1] DEBUG net.thucydides.core.steps.StepInterceptor - STARTING STEP: RegisterSteps.inputValidPassword4 - typePassword
19:20:19.921 [pool-2-thread-1] DEBUG net.serenitybdd.core.photography.Darkroom - Send negative for processing for target\site\serenity\4047910793c77a21e75152ecb38ab32cfe9e67cc294950587ad196f4c5c8de0a.png
19:20:19.921 [pool-2-thread-1] DEBUG net.thucydides.core.steps.StepInterceptor - STEP DONE: typePassword
  &amp#27;[32mAnd &amp#27;[0m&amp#27;[32muser input valid password4 &amp#27;[0m&amp#27;[32m&amp#27;[1mkatasandi&amp#27;[0m             &amp#27;[90m# StepDefinition.RegisterSteps.inputValidPassword4(java.lang.String)&amp#27;[0m
19:20:19.940 [pool-2-thread-1] DEBUG net.thucydides.core.steps.StepInterceptor - STARTING STEP: RegisterSteps.inputConfirmPassword4 - typeConfirmPassword
19:20:20.554 [pool-2-thread-1] DEBUG net.serenitybdd.core.photography.Darkroom - Send negative for processing for target\site\serenity\0ed7a0c7d2f666ba83d701ecf85e85ba36eb7bbd04c2fa87b19610884b39817f.png
19:20:20.554 [pool-2-thread-1] DEBUG net.thucydides.core.steps.StepInterceptor - STEP DONE: typeConfirmPassword
  &amp#27;[32mAnd &amp#27;[0m&amp#27;[32muser input confirm password4 &amp#27;[0m&amp#27;[32m&amp#27;[1mkatasandi&amp#27;[0m           &amp#27;[90m# StepDefinition.RegisterSteps.inputConfirmPassword4(java.lang.String)&amp#27;[0m
19:20:20.576 [pool-2-thread-1] DEBUG net.thucydides.core.steps.StepInterceptor - STARTING STEP: RegisterSteps.inputValidTanggalLahir4 - clickTanggal
19:20:21.157 [pool-2-thread-1] DEBUG net.serenitybdd.core.photography.Darkroom - Send negative for processing for target\site\serenity\c1a6036ef95d8007a627a8fda5557547198d4c33f45f5772f5b6f8f8a766d85a.png
19:20:21.158 [pool-2-thread-1] DEBUG net.thucydides.core.steps.StepInterceptor - STEP DONE: clickTanggal
19:20:21.167 [pool-2-thread-1] DEBUG net.thucydides.core.steps.StepInterceptor - STARTING STEP: RegisterSteps.inputValidTanggalLahir4 - pilihTanggal
19:20:21.532 [pool-2-thread-1] DEBUG net.serenitybdd.core.photography.Darkroom - Send negative for processing for target\site\serenity\c1a6036ef95d8007a627a8fda5557547198d4c33f45f5772f5b6f8f8a766d85a.png
19:20:21.532 [pool-2-thread-1] DEBUG net.thucydides.core.steps.StepInterceptor - STEP DONE: pilihTanggal
19:20:21.541 [pool-2-thread-1] DEBUG net.thucydides.core.steps.StepInterceptor - STARTING STEP: RegisterSteps.inputValidTanggalLahir4 - clickBulan
19:20:21.970 [pool-2-thread-1] DEBUG net.serenitybdd.core.photography.Darkroom - Send negative for processing for target\site\serenity\7ca2f6d102e2c361e125e8aeae11df12ca1b3b91be5eba1e85e2929801ee69f6.png
19:20:21.970 [pool-2-thread-1] DEBUG net.thucydides.core.steps.StepInterceptor - STEP DONE: clickBulan
19:20:21.979 [pool-2-thread-1] DEBUG net.thucydides.core.steps.StepInterceptor - STARTING STEP: RegisterSteps.inputValidTanggalLahir4 - pilihBulan
19:20:22.375 [pool-2-thread-1] DEBUG net.serenitybdd.core.photography.Darkroom - Send negative for processing for target\site\serenity\99dab6deb247d08beb6ebe789491c52e3be90cfa8288b76dbdb44de6d639fff5.png
19:20:22.375 [pool-2-thread-1] DEBUG net.thucydides.core.steps.StepInterceptor - STEP DONE: pilihBulan
19:20:22.383 [pool-2-thread-1] DEBUG net.thucydides.core.steps.StepInterceptor - STARTING STEP: RegisterSteps.inputValidTanggalLahir4 - clickTahun
19:20:22.827 [pool-2-thread-1] DEBUG net.serenitybdd.core.photography.Darkroom - Send negative for processing for target\site\serenity\abdd4aa0332ee5935a9e8001a1a69852228c16cf36dd3ce114fb38725e23333f.png
19:20:22.827 [pool-2-thread-1] DEBUG net.thucydides.core.steps.StepInterceptor - STEP DONE: clickTahun
19:20:22.839 [pool-2-thread-1] DEBUG net.thucydides.core.steps.StepInterceptor - STARTING STEP: RegisterSteps.inputValidTanggalLahir4 - pilihTahun
19:20:23.171 [pool-2-thread-1] DEBUG net.serenitybdd.core.photography.Darkroom - Send negative for processing for target\site\serenity\d6ed7634b286653805d90e76e0bf7c8337c04645967818a32de9ab278b46e976.png
19:20:23.172 [pool-2-thread-1] DEBUG net.thucydides.core.steps.StepInterceptor - STEP DONE: pilihTahun
  &amp#27;[32mAnd &amp#27;[0m&amp#27;[32muser input valid tanggal lahir4&amp#27;[0m                  &amp#27;[90m# StepDefinition.RegisterSteps.inputValidTanggalLahir4()&amp#27;[0m
19:20:23.202 [pool-2-thread-1] DEBUG net.thucydides.core.steps.StepInterceptor - STARTING STEP: RegisterSteps.inputJenisKelamin4 - typeJenisKelamin
19:20:23.683 [pool-2-thread-1] DEBUG net.serenitybdd.core.photography.Darkroom - Send negative for processing for target\site\serenity\7ad8c06282856066a27e416904361ebaad5b253149e745045964678463bc66dd.png
19:20:23.684 [pool-2-thread-1] DEBUG net.thucydides.core.steps.StepInterceptor - STEP DONE: typeJenisKelamin
  &amp#27;[32mAnd &amp#27;[0m&amp#27;[32muser pilih jenis kelamin4&amp#27;[0m                        &amp#27;[90m# StepDefinition.RegisterSteps.inputJenisKelamin4()&amp#27;[0m
19:20:23.706 [pool-2-thread-1] DEBUG net.thucydides.core.steps.StepInterceptor - STARTING STEP: RegisterSteps.klikDaftarButton4 - clickRegisterButton
19:20:24.595 [pool-2-thread-1] DEBUG net.serenitybdd.core.photography.Darkroom - Send negative for processing for target\site\serenity\ee9ae3ce5f83a81281a0b40bf235a1bed755ffb629f0c1c81ab3539d3465ee0d.png
19:20:24.595 [pool-2-thread-1] DEBUG net.thucydides.core.steps.StepInterceptor - STEP DONE: clickRegisterButton
  &amp#27;[32mAnd &amp#27;[0m&amp#27;[32muser klik Daftar button4&amp#27;[0m                         &amp#27;[90m# StepDefinition.RegisterSteps.klikDaftarButton4()&amp#27;[0m
  &amp#27;[32mThen &amp#27;[0m&amp#27;[32muser got message4 &amp#27;[0m&amp#27;[32m&amp#27;[1mnama depan tidak boleh kosong&amp#27;[0m &amp#27;[90m# StepDefinition.RegisterSteps.gotMessage4(java.lang.String)&amp#27;[0m
19:20:24.623 [pool-2-thread-1] INFO  - 
>>>>>>> 3eb7ed59fd558cd82a68549bb500382e6b35ceb5
  _____   ___   ___   _____     ___     _     ___   ___   ___   ___  
 |_   _| | __| / __| |_   _|   | _ \   /_\   / __| / __| | __| |   \ 
   | |   | _|  \__ \   | |     |  _/  / _ \  \__ \ \__ \ | _|  | |) |
   |_|   |___| |___/   |_|     |_|   /_/ \_\ |___/ |___/ |___| |___/ 

user tidak memasukan nama depan
----------------------------------------------------------------------
]]></system-out>
<<<<<<< HEAD
    <system-err><![CDATA[Starting ChromeDriver 103.0.5060.53 (a1711811edd74ff1cf2150f36ffa3b0dae40b17f-refs/branch-heads/5060@{#853}) on port 24994
Only local connections are allowed.
Please see https://chromedriver.chromium.org/security-considerations for suggestions on keeping ChromeDriver safe.
ChromeDriver was started successfully.
Jul 17, 2022 8:13:02 PM org.openqa.selenium.remote.ProtocolHandshake createSession
INFO: Detected dialect: W3C
]]></system-err>
  </testcase>
  <testcase name="user tidak memasukkan password" classname="user on register page" time="7.034">
    <system-out><![CDATA[
@nyoba
Scenario: user tidak memasukkan password             &amp#27;[90m# src/test/resources/web/Register.feature:50&amp#27;[0m
20:13:07.851 [pool-2-thread-1] INFO io.cucumber.core.plugin.SerenityReporter - Running feature from file:///C:/Users/LENOVO-PC/OneDrive%20-%20IT-PLN/Dokumen/apenim/Diskusiaza-QE/WEB%20DISKUSIAZA/src/test/resources/web/Register.feature
20:13:07.851 [pool-2-thread-1] WARN io.cucumber.core.plugin.SerenityReporter - Feature from file:///C:/Users/LENOVO-PC/OneDrive%20-%20IT-PLN/Dokumen/apenim/Diskusiaza-QE/WEB%20DISKUSIAZA/src/test/resources/web/Register.feature is not under the 'features' directory. Requirements report will not be correctly generated!
20:13:07.851 [pool-2-thread-1] INFO  - 
=======
    <system-err><![CDATA[Starting ChromeDriver 103.0.5060.53 (a1711811edd74ff1cf2150f36ffa3b0dae40b17f-refs/branch-heads/5060@{#853}) on port 40020
Only local connections are allowed.
Please see https://chromedriver.chromium.org/security-considerations for suggestions on keeping ChromeDriver safe.
ChromeDriver was started successfully.
Jul 17, 2022 7:19:37 PM org.openqa.selenium.remote.ProtocolHandshake createSession
INFO: Detected dialect: W3C
]]></system-err>
  </testcase>
  <testcase name="user tidak memasukkan password" classname="user on register page" time="30.579">
    <system-out><![CDATA[
@nyoba
Scenario: user tidak memasukkan password             &amp#27;[90m# src/test/resources/web/Register.feature:50&amp#27;[0m
19:20:25.852 [pool-2-thread-1] INFO io.cucumber.core.plugin.SerenityReporter - Running feature from file:///D:/CAPSTONE%20PROJECT%20KELOMPOK%2032/WEB%20DISKUSIAZA/src/test/resources/web/Register.feature
19:20:25.852 [pool-2-thread-1] WARN io.cucumber.core.plugin.SerenityReporter - Feature from file:///D:/CAPSTONE%20PROJECT%20KELOMPOK%2032/WEB%20DISKUSIAZA/src/test/resources/web/Register.feature is not under the 'features' directory. Requirements report will not be correctly generated!
19:20:25.854 [pool-2-thread-1] INFO  - 
>>>>>>> 3eb7ed59fd558cd82a68549bb500382e6b35ceb5
  _____   ___   ___   _____     ___   _____     _     ___   _____   ___   ___  
 |_   _| | __| / __| |_   _|   / __| |_   _|   /_\   | _ \ |_   _| | __| |   \ 
   | |   | _|  \__ \   | |     \__ \   | |    / _ \  |   /   | |   | _|  | |) |
   |_|   |___| |___/   |_|     |___/   |_|   /_/ \_\ |_|_\   |_|   |___| |___/ 

user tidak memasukkan password(user-on-register-page;user-tidak-memasukkan-password)
--------------------------------------------------------------------------------
<<<<<<< HEAD
20:13:07.867 [pool-2-thread-1] DEBUG net.thucydides.core.steps.StepInterceptor - STARTING STEP: RegisterSteps.onRegisterPage - onRegisterPage
20:13:07.867 [pool-2-thread-1] INFO net.serenitybdd.core.webdriver.driverproviders.ChromeDriverProvider - Using automatically driver download
20:13:07.870 [pool-2-thread-1] DEBUG io.github.bonigarcia.wdm.cache.ResolutionCache - Resolution chrome=103 in cache (valid until 21:11:07 17/07/2022 WIB)
20:13:07.870 [pool-2-thread-1] DEBUG io.github.bonigarcia.wdm.cache.ResolutionCache - Resolution chrome103=103.0.5060.53 in cache (valid until 19:09:45 18/07/2022 WIB)
20:13:07.870 [pool-2-thread-1] INFO io.github.bonigarcia.wdm.WebDriverManager - Using chromedriver 103.0.5060.53 (resolved driver for Chrome 103)
20:13:07.875 [pool-2-thread-1] DEBUG io.github.bonigarcia.wdm.WebDriverManager - Driver chromedriver 103.0.5060.53 found in cache
20:13:07.875 [pool-2-thread-1] INFO io.github.bonigarcia.wdm.WebDriverManager - Exporting webdriver.chrome.driver as C:\Users\LENOVO-PC\.cache\selenium\chromedriver\win32\103.0.5060.53\chromedriver.exe
20:13:08.137 [pool-2-thread-1] INFO net.serenitybdd.core.webdriver.driverproviders.ProvideNewDriver - Instantiating driver
20:13:08.137 [pool-2-thread-1] INFO net.serenitybdd.core.webdriver.driverproviders.ProvideNewDriver - Driver capabilities: Capabilities {acceptInsecureCerts: false, base.url: https://diskusiaza.netlify.app, browserName: chrome, chrome.driver: src/test/resources/webdrive..., driver: chrome, goog:chromeOptions: {args: [], extensions: []}, loggingPrefs: org.openqa.selenium.logging...}
20:13:10.367 [pool-2-thread-1] DEBUG net.serenitybdd.core.photography.Darkroom - Send negative for processing for target\site\serenity\15885e7a31041ffadaf2b07e916ab328405065fa537efb38dc895ba189c6445a.png
20:13:10.367 [pool-2-thread-1] DEBUG net.thucydides.core.steps.StepInterceptor - STEP DONE: onRegisterPage
  &amp#27;[32mGiven &amp#27;[0m&amp#27;[32muser on register page&amp#27;[0m                        &amp#27;[90m# StepDefinition.RegisterSteps.onRegisterPage()&amp#27;[0m
20:13:10.526 [pool-2-thread-1] DEBUG net.serenitybdd.core.photography.Darkroom - Send negative for processing for target\site\serenity\15885e7a31041ffadaf2b07e916ab328405065fa537efb38dc895ba189c6445a.png
20:13:10.526 [pool-2-thread-1] DEBUG net.thucydides.core.steps.StepInterceptor - STARTING STEP: RegisterSteps.inputValidNamaDepan5 - typeFirstName
20:13:10.889 [pool-2-thread-1] DEBUG net.serenitybdd.core.photography.Darkroom - Send negative for processing for target\site\serenity\1523fa85b48dfe8c4e5b67c13bbd9287287683e7538e4c1459379298dfd8eed3.png
20:13:10.889 [pool-2-thread-1] DEBUG net.thucydides.core.steps.StepInterceptor - STEP DONE: typeFirstName
  &amp#27;[32mWhen &amp#27;[0m&amp#27;[32muser input valid nama depan5&amp#27;[0m                  &amp#27;[90m# StepDefinition.RegisterSteps.inputValidNamaDepan5()&amp#27;[0m
20:13:11.073 [pool-2-thread-1] DEBUG net.serenitybdd.core.photography.Darkroom - Send negative for processing for target\site\serenity\1523fa85b48dfe8c4e5b67c13bbd9287287683e7538e4c1459379298dfd8eed3.png
20:13:11.073 [pool-2-thread-1] DEBUG net.thucydides.core.steps.StepInterceptor - STARTING STEP: RegisterSteps.inputValidNamaBelakang5 - typeLastName
20:13:11.401 [pool-2-thread-1] DEBUG net.serenitybdd.core.photography.Darkroom - Send negative for processing for target\site\serenity\241ebbe7180305c60ab0fb0020ae882a7ee404741ec80ecd3e58bc2f4e7c2081.png
20:13:11.401 [pool-2-thread-1] DEBUG net.thucydides.core.steps.StepInterceptor - STEP DONE: typeLastName
  &amp#27;[32mAnd &amp#27;[0m&amp#27;[32muser input valid nama belakang5&amp#27;[0m                &amp#27;[90m# StepDefinition.RegisterSteps.inputValidNamaBelakang5()&amp#27;[0m
20:13:11.592 [pool-2-thread-1] DEBUG net.serenitybdd.core.photography.Darkroom - Send negative for processing for target\site\serenity\241ebbe7180305c60ab0fb0020ae882a7ee404741ec80ecd3e58bc2f4e7c2081.png
20:13:11.592 [pool-2-thread-1] DEBUG net.thucydides.core.steps.StepInterceptor - STARTING STEP: RegisterSteps.inputValidEmail5 - typeEmail
20:13:12.005 [pool-2-thread-1] DEBUG net.serenitybdd.core.photography.Darkroom - Send negative for processing for target\site\serenity\15fae5ba910163dd9f19dd814e0c5bdcd522a426b4684405b4c9bc0c96368f72.png
20:13:12.006 [pool-2-thread-1] DEBUG net.thucydides.core.steps.StepInterceptor - STEP DONE: typeEmail
  &amp#27;[32mAnd &amp#27;[0m&amp#27;[32muser input valid email5&amp#27;[0m                        &amp#27;[90m# StepDefinition.RegisterSteps.inputValidEmail5()&amp#27;[0m
20:13:12.013 [pool-2-thread-1] DEBUG net.thucydides.core.steps.StepInterceptor - STARTING STEP: RegisterSteps.inputConfirmPassword5 - typeConfirmPassword
20:13:12.323 [pool-2-thread-1] DEBUG net.serenitybdd.core.photography.Darkroom - Send negative for processing for target\site\serenity\768ea17466d4e2e247034f42278715bb86ba9c062bd7fdb9666bccad9367f9f0.png
20:13:12.323 [pool-2-thread-1] DEBUG net.thucydides.core.steps.StepInterceptor - STEP DONE: typeConfirmPassword
  &amp#27;[32mAnd &amp#27;[0m&amp#27;[32muser input confirm password5 &amp#27;[0m&amp#27;[32m&amp#27;[1mkatasandi&amp#27;[0m         &amp#27;[90m# StepDefinition.RegisterSteps.inputConfirmPassword5(java.lang.String)&amp#27;[0m
20:13:12.329 [pool-2-thread-1] DEBUG net.thucydides.core.steps.StepInterceptor - STARTING STEP: RegisterSteps.inputValidTanggalLahir5 - clickTanggal
20:13:12.674 [pool-2-thread-1] DEBUG net.serenitybdd.core.photography.Darkroom - Send negative for processing for target\site\serenity\0d6643bd9351db3dde6bc6c2f5b6379fde12618cc2615cd90c88cb1b23350049.png
20:13:12.674 [pool-2-thread-1] DEBUG net.thucydides.core.steps.StepInterceptor - STEP DONE: clickTanggal
20:13:12.678 [pool-2-thread-1] DEBUG net.thucydides.core.steps.StepInterceptor - STARTING STEP: RegisterSteps.inputValidTanggalLahir5 - pilihTanggal
20:13:12.873 [pool-2-thread-1] DEBUG net.serenitybdd.core.photography.Darkroom - Send negative for processing for target\site\serenity\0d6643bd9351db3dde6bc6c2f5b6379fde12618cc2615cd90c88cb1b23350049.png
20:13:12.873 [pool-2-thread-1] DEBUG net.thucydides.core.steps.StepInterceptor - STEP DONE: pilihTanggal
20:13:12.885 [pool-2-thread-1] DEBUG net.thucydides.core.steps.StepInterceptor - STARTING STEP: RegisterSteps.inputValidTanggalLahir5 - clickBulan
20:13:13.120 [pool-2-thread-1] DEBUG net.serenitybdd.core.photography.Darkroom - Send negative for processing for target\site\serenity\c076936a35bd697bfcaaac455f93388f894bcd6718caa07540f1926ff7bf0057.png
20:13:13.120 [pool-2-thread-1] DEBUG net.thucydides.core.steps.StepInterceptor - STEP DONE: clickBulan
20:13:13.124 [pool-2-thread-1] DEBUG net.thucydides.core.steps.StepInterceptor - STARTING STEP: RegisterSteps.inputValidTanggalLahir5 - pilihBulan
20:13:13.310 [pool-2-thread-1] DEBUG net.serenitybdd.core.photography.Darkroom - Send negative for processing for target\site\serenity\5388a2d230788ceebb86c086477daea8eee55fe28d4252fb2420a85158c10f75.png
20:13:13.310 [pool-2-thread-1] DEBUG net.thucydides.core.steps.StepInterceptor - STEP DONE: pilihBulan
20:13:13.310 [pool-2-thread-1] DEBUG net.thucydides.core.steps.StepInterceptor - STARTING STEP: RegisterSteps.inputValidTanggalLahir5 - clickTahun
20:13:13.569 [pool-2-thread-1] DEBUG net.serenitybdd.core.photography.Darkroom - Send negative for processing for target\site\serenity\309093857e6a075b50c5761642f9dc73e6e2811932c3da0291402823210a9695.png
20:13:13.570 [pool-2-thread-1] DEBUG net.thucydides.core.steps.StepInterceptor - STEP DONE: clickTahun
20:13:13.573 [pool-2-thread-1] DEBUG net.thucydides.core.steps.StepInterceptor - STARTING STEP: RegisterSteps.inputValidTanggalLahir5 - pilihTahun
20:13:13.758 [pool-2-thread-1] DEBUG net.serenitybdd.core.photography.Darkroom - Send negative for processing for target\site\serenity\56a7107030c3ba5f9aac10c933bbbe7ec1b1a6fa1755b464b8a4e2c4f0fd5ea0.png
20:13:13.758 [pool-2-thread-1] DEBUG net.thucydides.core.steps.StepInterceptor - STEP DONE: pilihTahun
  &amp#27;[32mAnd &amp#27;[0m&amp#27;[32muser input valid tanggal lahir5&amp#27;[0m                &amp#27;[90m# StepDefinition.RegisterSteps.inputValidTanggalLahir5()&amp#27;[0m
20:13:13.769 [pool-2-thread-1] DEBUG net.thucydides.core.steps.StepInterceptor - STARTING STEP: RegisterSteps.inputJenisKelamin5 - typeJenisKelamin
20:13:14.008 [pool-2-thread-1] DEBUG net.serenitybdd.core.photography.Darkroom - Send negative for processing for target\site\serenity\3720d8b6239dd27677122616e533973c3767882903ba26d4a2b8287d773a57aa.png
20:13:14.009 [pool-2-thread-1] DEBUG net.thucydides.core.steps.StepInterceptor - STEP DONE: typeJenisKelamin
  &amp#27;[32mAnd &amp#27;[0m&amp#27;[32muser pilih jenis kelamin5&amp#27;[0m                      &amp#27;[90m# StepDefinition.RegisterSteps.inputJenisKelamin5()&amp#27;[0m
20:13:14.019 [pool-2-thread-1] DEBUG net.thucydides.core.steps.StepInterceptor - STARTING STEP: RegisterSteps.klikDaftarButton5 - clickRegisterButton
20:13:14.527 [pool-2-thread-1] DEBUG net.serenitybdd.core.photography.Darkroom - Send negative for processing for target\site\serenity\4d1daaa794b61eb628d03828b4abd5c258bc242a9b8f0c2864eb496b63bc39ac.png
20:13:14.527 [pool-2-thread-1] DEBUG net.thucydides.core.steps.StepInterceptor - STEP DONE: clickRegisterButton
  &amp#27;[32mAnd &amp#27;[0m&amp#27;[32muser klik Daftar button5&amp#27;[0m                       &amp#27;[90m# StepDefinition.RegisterSteps.klikDaftarButton5()&amp#27;[0m
  &amp#27;[32mThen &amp#27;[0m&amp#27;[32muser got message5 &amp#27;[0m&amp#27;[32m&amp#27;[1mpassword tidak boleh kosong&amp#27;[0m &amp#27;[90m# StepDefinition.RegisterSteps.gotMessage5(java.lang.String)&amp#27;[0m
20:13:14.537 [pool-2-thread-1] INFO  - 
=======
19:20:26.388 [pool-2-thread-1] DEBUG net.thucydides.core.steps.StepInterceptor - STARTING STEP: RegisterSteps.onRegisterPage - onRegisterPage
19:20:26.389 [pool-2-thread-1] INFO net.serenitybdd.core.webdriver.driverproviders.ChromeDriverProvider - Using automatically driver download
19:20:26.446 [pool-2-thread-1] DEBUG io.github.bonigarcia.wdm.cache.ResolutionCache - Resolution chrome=103 in cache (valid until 20:04:47 17/07/2022 ICT)
19:20:26.448 [pool-2-thread-1] DEBUG io.github.bonigarcia.wdm.cache.ResolutionCache - Resolution chrome103=103.0.5060.53 in cache (valid until 19:04:47 18/07/2022 ICT)
19:20:26.448 [pool-2-thread-1] INFO io.github.bonigarcia.wdm.WebDriverManager - Using chromedriver 103.0.5060.53 (resolved driver for Chrome 103)
19:20:26.512 [pool-2-thread-1] DEBUG io.github.bonigarcia.wdm.WebDriverManager - Driver chromedriver 103.0.5060.53 found in cache
19:20:26.513 [pool-2-thread-1] INFO io.github.bonigarcia.wdm.WebDriverManager - Exporting webdriver.chrome.driver as C:\Users\Siti Nurlatipah\.cache\selenium\chromedriver\win32\103.0.5060.53\chromedriver.exe
19:20:27.568 [pool-2-thread-1] INFO net.serenitybdd.core.webdriver.driverproviders.ProvideNewDriver - Instantiating driver
19:20:27.568 [pool-2-thread-1] INFO net.serenitybdd.core.webdriver.driverproviders.ProvideNewDriver - Driver capabilities: Capabilities {acceptInsecureCerts: false, base.url: https://diskusiaza.netlify.app, browserName: chrome, chrome.driver: src/test/resources/webdrive..., driver: chrome, goog:chromeOptions: {args: [], extensions: []}, loggingPrefs: org.openqa.selenium.logging...}
19:20:47.680 [pool-2-thread-1] DEBUG net.serenitybdd.core.photography.Darkroom - Send negative for processing for target\site\serenity\86d2c2a8c82b2b2087f67c5bb0ac792d76b221a9666a6458a43a445bc42e0223.png
19:20:47.680 [pool-2-thread-1] DEBUG net.thucydides.core.steps.StepInterceptor - STEP DONE: onRegisterPage
  &amp#27;[32mGiven &amp#27;[0m&amp#27;[32muser on register page&amp#27;[0m                        &amp#27;[90m# StepDefinition.RegisterSteps.onRegisterPage()&amp#27;[0m
19:20:47.999 [pool-2-thread-1] DEBUG net.serenitybdd.core.photography.Darkroom - Send negative for processing for target\site\serenity\86d2c2a8c82b2b2087f67c5bb0ac792d76b221a9666a6458a43a445bc42e0223.png
19:20:48.000 [pool-2-thread-1] DEBUG net.thucydides.core.steps.StepInterceptor - STARTING STEP: RegisterSteps.inputValidNamaDepan5 - typeFirstName
19:20:48.611 [pool-2-thread-1] DEBUG net.serenitybdd.core.photography.Darkroom - Send negative for processing for target\site\serenity\4a8d7ac35e700666a45b2448ebd3c31278969340f52d60d0cdbc56575bab629a.png
19:20:48.611 [pool-2-thread-1] DEBUG net.thucydides.core.steps.StepInterceptor - STEP DONE: typeFirstName
  &amp#27;[32mWhen &amp#27;[0m&amp#27;[32muser input valid nama depan5&amp#27;[0m                  &amp#27;[90m# StepDefinition.RegisterSteps.inputValidNamaDepan5()&amp#27;[0m
19:20:48.930 [pool-2-thread-1] DEBUG net.serenitybdd.core.photography.Darkroom - Send negative for processing for target\site\serenity\4a8d7ac35e700666a45b2448ebd3c31278969340f52d60d0cdbc56575bab629a.png
19:20:48.931 [pool-2-thread-1] DEBUG net.thucydides.core.steps.StepInterceptor - STARTING STEP: RegisterSteps.inputValidNamaBelakang5 - typeLastName
19:20:49.713 [pool-2-thread-1] DEBUG net.serenitybdd.core.photography.Darkroom - Send negative for processing for target\site\serenity\ba1428f5defb3842ab9bb235e1e46fada22db77da5384b01799ead826078653d.png
19:20:49.714 [pool-2-thread-1] DEBUG net.thucydides.core.steps.StepInterceptor - STEP DONE: typeLastName
  &amp#27;[32mAnd &amp#27;[0m&amp#27;[32muser input valid nama belakang5&amp#27;[0m                &amp#27;[90m# StepDefinition.RegisterSteps.inputValidNamaBelakang5()&amp#27;[0m
19:20:50.024 [pool-2-thread-1] DEBUG net.serenitybdd.core.photography.Darkroom - Send negative for processing for target\site\serenity\ba1428f5defb3842ab9bb235e1e46fada22db77da5384b01799ead826078653d.png
19:20:50.025 [pool-2-thread-1] DEBUG net.thucydides.core.steps.StepInterceptor - STARTING STEP: RegisterSteps.inputValidEmail5 - typeEmail
19:20:50.888 [pool-2-thread-1] DEBUG net.serenitybdd.core.photography.Darkroom - Send negative for processing for target\site\serenity\6f36ecb8d5161398b0583c4290e7345d9903fb28868db651940d0917846e541e.png
19:20:50.888 [pool-2-thread-1] DEBUG net.thucydides.core.steps.StepInterceptor - STEP DONE: typeEmail
  &amp#27;[32mAnd &amp#27;[0m&amp#27;[32muser input valid email5&amp#27;[0m                        &amp#27;[90m# StepDefinition.RegisterSteps.inputValidEmail5()&amp#27;[0m
19:20:50.906 [pool-2-thread-1] DEBUG net.thucydides.core.steps.StepInterceptor - STARTING STEP: RegisterSteps.inputConfirmPassword5 - typeConfirmPassword
19:20:51.570 [pool-2-thread-1] DEBUG net.serenitybdd.core.photography.Darkroom - Send negative for processing for target\site\serenity\04eccca45864677df55de491d1b7cdfb55dc1ff7dae1b1568970442ba7641bad.png
19:20:51.571 [pool-2-thread-1] DEBUG net.thucydides.core.steps.StepInterceptor - STEP DONE: typeConfirmPassword
  &amp#27;[32mAnd &amp#27;[0m&amp#27;[32muser input confirm password5 &amp#27;[0m&amp#27;[32m&amp#27;[1mkatasandi&amp#27;[0m         &amp#27;[90m# StepDefinition.RegisterSteps.inputConfirmPassword5(java.lang.String)&amp#27;[0m
19:20:51.592 [pool-2-thread-1] DEBUG net.thucydides.core.steps.StepInterceptor - STARTING STEP: RegisterSteps.inputValidTanggalLahir5 - clickTanggal
19:20:52.167 [pool-2-thread-1] DEBUG net.serenitybdd.core.photography.Darkroom - Send negative for processing for target\site\serenity\1213fd64addf14247e49362032ae4961edd4968e3a6422eacc2723693562b5cb.png
19:20:52.168 [pool-2-thread-1] DEBUG net.thucydides.core.steps.StepInterceptor - STEP DONE: clickTanggal
19:20:52.174 [pool-2-thread-1] DEBUG net.thucydides.core.steps.StepInterceptor - STARTING STEP: RegisterSteps.inputValidTanggalLahir5 - pilihTanggal
19:20:52.493 [pool-2-thread-1] DEBUG net.serenitybdd.core.photography.Darkroom - Send negative for processing for target\site\serenity\1213fd64addf14247e49362032ae4961edd4968e3a6422eacc2723693562b5cb.png
19:20:52.494 [pool-2-thread-1] DEBUG net.thucydides.core.steps.StepInterceptor - STEP DONE: pilihTanggal
19:20:52.500 [pool-2-thread-1] DEBUG net.thucydides.core.steps.StepInterceptor - STARTING STEP: RegisterSteps.inputValidTanggalLahir5 - clickBulan
19:20:52.978 [pool-2-thread-1] DEBUG net.serenitybdd.core.photography.Darkroom - Send negative for processing for target\site\serenity\02cf64ea5a7aa49e429cbc82f251238ec5605062b6efb7254dba2987f6500e03.png
19:20:52.978 [pool-2-thread-1] DEBUG net.thucydides.core.steps.StepInterceptor - STEP DONE: clickBulan
19:20:52.986 [pool-2-thread-1] DEBUG net.thucydides.core.steps.StepInterceptor - STARTING STEP: RegisterSteps.inputValidTanggalLahir5 - pilihBulan
19:20:53.302 [pool-2-thread-1] DEBUG net.serenitybdd.core.photography.Darkroom - Send negative for processing for target\site\serenity\02cf64ea5a7aa49e429cbc82f251238ec5605062b6efb7254dba2987f6500e03.png
19:20:53.303 [pool-2-thread-1] DEBUG net.thucydides.core.steps.StepInterceptor - STEP DONE: pilihBulan
19:20:53.309 [pool-2-thread-1] DEBUG net.thucydides.core.steps.StepInterceptor - STARTING STEP: RegisterSteps.inputValidTanggalLahir5 - clickTahun
19:20:53.712 [pool-2-thread-1] DEBUG net.serenitybdd.core.photography.Darkroom - Send negative for processing for target\site\serenity\aca529ec3f553c32629bfc31766784706ede09efa6362105484a0b574b79f4b2.png
19:20:53.712 [pool-2-thread-1] DEBUG net.thucydides.core.steps.StepInterceptor - STEP DONE: clickTahun
19:20:53.718 [pool-2-thread-1] DEBUG net.thucydides.core.steps.StepInterceptor - STARTING STEP: RegisterSteps.inputValidTanggalLahir5 - pilihTahun
19:20:54.035 [pool-2-thread-1] DEBUG net.serenitybdd.core.photography.Darkroom - Send negative for processing for target\site\serenity\9c85e0db3342b07586363e27e4ef73cf61261028f1a6a10172b4546653dfe4f0.png
19:20:54.036 [pool-2-thread-1] DEBUG net.thucydides.core.steps.StepInterceptor - STEP DONE: pilihTahun
  &amp#27;[32mAnd &amp#27;[0m&amp#27;[32muser input valid tanggal lahir5&amp#27;[0m                &amp#27;[90m# StepDefinition.RegisterSteps.inputValidTanggalLahir5()&amp#27;[0m
19:20:54.051 [pool-2-thread-1] DEBUG net.thucydides.core.steps.StepInterceptor - STARTING STEP: RegisterSteps.inputJenisKelamin5 - typeJenisKelamin
19:20:54.446 [pool-2-thread-1] DEBUG net.serenitybdd.core.photography.Darkroom - Send negative for processing for target\site\serenity\237ab1dd3d87f758980c641e474ae77b9c192fe2f78a8febc004be52358074d5.png
19:20:54.447 [pool-2-thread-1] DEBUG net.thucydides.core.steps.StepInterceptor - STEP DONE: typeJenisKelamin
  &amp#27;[32mAnd &amp#27;[0m&amp#27;[32muser pilih jenis kelamin5&amp#27;[0m                      &amp#27;[90m# StepDefinition.RegisterSteps.inputJenisKelamin5()&amp#27;[0m
19:20:54.468 [pool-2-thread-1] DEBUG net.thucydides.core.steps.StepInterceptor - STARTING STEP: RegisterSteps.klikDaftarButton5 - clickRegisterButton
19:20:55.207 [pool-2-thread-1] DEBUG net.serenitybdd.core.photography.Darkroom - Send negative for processing for target\site\serenity\3461d0da5343299ce71cc8a6d4354d0fa8ea413c457b947a9c3902de1294b070.png
19:20:55.208 [pool-2-thread-1] DEBUG net.thucydides.core.steps.StepInterceptor - STEP DONE: clickRegisterButton
  &amp#27;[32mAnd &amp#27;[0m&amp#27;[32muser klik Daftar button5&amp#27;[0m                       &amp#27;[90m# StepDefinition.RegisterSteps.klikDaftarButton5()&amp#27;[0m
  &amp#27;[32mThen &amp#27;[0m&amp#27;[32muser got message5 &amp#27;[0m&amp#27;[32m&amp#27;[1mpassword tidak boleh kosong&amp#27;[0m &amp#27;[90m# StepDefinition.RegisterSteps.gotMessage5(java.lang.String)&amp#27;[0m
19:20:55.231 [pool-2-thread-1] INFO  - 
>>>>>>> 3eb7ed59fd558cd82a68549bb500382e6b35ceb5
  _____   ___   ___   _____     ___     _     ___   ___   ___   ___  
 |_   _| | __| / __| |_   _|   | _ \   /_\   / __| / __| | __| |   \ 
   | |   | _|  \__ \   | |     |  _/  / _ \  \__ \ \__ \ | _|  | |) |
   |_|   |___| |___/   |_|     |_|   /_/ \_\ |___/ |___/ |___| |___/ 

user tidak memasukkan password
----------------------------------------------------------------------
]]></system-out>
<<<<<<< HEAD
    <system-err><![CDATA[Starting ChromeDriver 103.0.5060.53 (a1711811edd74ff1cf2150f36ffa3b0dae40b17f-refs/branch-heads/5060@{#853}) on port 42066
Only local connections are allowed.
Please see https://chromedriver.chromium.org/security-considerations for suggestions on keeping ChromeDriver safe.
ChromeDriver was started successfully.
Jul 17, 2022 8:13:09 PM org.openqa.selenium.remote.ProtocolHandshake createSession
INFO: Detected dialect: W3C
]]></system-err>
  </testcase>
  <testcase name="user tidak memasukkan nama belakang" classname="user on register page" time="7.147">
    <system-out><![CDATA[
@nyoba
Scenario: user tidak memasukkan nama belakang             &amp#27;[90m# src/test/resources/web/Register.feature:61&amp#27;[0m
20:13:14.885 [pool-2-thread-1] INFO io.cucumber.core.plugin.SerenityReporter - Running feature from file:///C:/Users/LENOVO-PC/OneDrive%20-%20IT-PLN/Dokumen/apenim/Diskusiaza-QE/WEB%20DISKUSIAZA/src/test/resources/web/Register.feature
20:13:14.885 [pool-2-thread-1] WARN io.cucumber.core.plugin.SerenityReporter - Feature from file:///C:/Users/LENOVO-PC/OneDrive%20-%20IT-PLN/Dokumen/apenim/Diskusiaza-QE/WEB%20DISKUSIAZA/src/test/resources/web/Register.feature is not under the 'features' directory. Requirements report will not be correctly generated!
20:13:14.885 [pool-2-thread-1] INFO  - 
=======
    <system-err><![CDATA[Starting ChromeDriver 103.0.5060.53 (a1711811edd74ff1cf2150f36ffa3b0dae40b17f-refs/branch-heads/5060@{#853}) on port 6997
Only local connections are allowed.
Please see https://chromedriver.chromium.org/security-considerations for suggestions on keeping ChromeDriver safe.
ChromeDriver was started successfully.
Jul 17, 2022 7:20:30 PM org.openqa.selenium.remote.ProtocolHandshake createSession
INFO: Detected dialect: W3C
]]></system-err>
  </testcase>
  <testcase name="user tidak memasukkan nama belakang" classname="user on register page" time="25.047">
    <system-out><![CDATA[
@nyoba
Scenario: user tidak memasukkan nama belakang             &amp#27;[90m# src/test/resources/web/Register.feature:61&amp#27;[0m
19:20:56.426 [pool-2-thread-1] INFO io.cucumber.core.plugin.SerenityReporter - Running feature from file:///D:/CAPSTONE%20PROJECT%20KELOMPOK%2032/WEB%20DISKUSIAZA/src/test/resources/web/Register.feature
19:20:56.426 [pool-2-thread-1] WARN io.cucumber.core.plugin.SerenityReporter - Feature from file:///D:/CAPSTONE%20PROJECT%20KELOMPOK%2032/WEB%20DISKUSIAZA/src/test/resources/web/Register.feature is not under the 'features' directory. Requirements report will not be correctly generated!
19:20:56.431 [pool-2-thread-1] INFO  - 
>>>>>>> 3eb7ed59fd558cd82a68549bb500382e6b35ceb5
  _____   ___   ___   _____     ___   _____     _     ___   _____   ___   ___  
 |_   _| | __| / __| |_   _|   / __| |_   _|   /_\   | _ \ |_   _| | __| |   \ 
   | |   | _|  \__ \   | |     \__ \   | |    / _ \  |   /   | |   | _|  | |) |
   |_|   |___| |___/   |_|     |___/   |_|   /_/ \_\ |_|_\   |_|   |___| |___/ 

user tidak memasukkan nama belakang(user-on-register-page;user-tidak-memasukkan-nama-belakang)
--------------------------------------------------------------------------------
<<<<<<< HEAD
20:13:14.901 [pool-2-thread-1] DEBUG net.thucydides.core.steps.StepInterceptor - STARTING STEP: RegisterSteps.onRegisterPage - onRegisterPage
20:13:14.901 [pool-2-thread-1] INFO net.serenitybdd.core.webdriver.driverproviders.ChromeDriverProvider - Using automatically driver download
20:13:14.906 [pool-2-thread-1] DEBUG io.github.bonigarcia.wdm.cache.ResolutionCache - Resolution chrome=103 in cache (valid until 21:11:07 17/07/2022 WIB)
20:13:14.906 [pool-2-thread-1] DEBUG io.github.bonigarcia.wdm.cache.ResolutionCache - Resolution chrome103=103.0.5060.53 in cache (valid until 19:09:45 18/07/2022 WIB)
20:13:14.906 [pool-2-thread-1] INFO io.github.bonigarcia.wdm.WebDriverManager - Using chromedriver 103.0.5060.53 (resolved driver for Chrome 103)
20:13:14.906 [pool-2-thread-1] DEBUG io.github.bonigarcia.wdm.WebDriverManager - Driver chromedriver 103.0.5060.53 found in cache
20:13:14.906 [pool-2-thread-1] INFO io.github.bonigarcia.wdm.WebDriverManager - Exporting webdriver.chrome.driver as C:\Users\LENOVO-PC\.cache\selenium\chromedriver\win32\103.0.5060.53\chromedriver.exe
20:13:15.087 [pool-2-thread-1] INFO net.serenitybdd.core.webdriver.driverproviders.ProvideNewDriver - Instantiating driver
20:13:15.087 [pool-2-thread-1] INFO net.serenitybdd.core.webdriver.driverproviders.ProvideNewDriver - Driver capabilities: Capabilities {acceptInsecureCerts: false, base.url: https://diskusiaza.netlify.app, browserName: chrome, chrome.driver: src/test/resources/webdrive..., driver: chrome, goog:chromeOptions: {args: [], extensions: []}, loggingPrefs: org.openqa.selenium.logging...}
20:13:17.817 [pool-2-thread-1] DEBUG net.serenitybdd.core.photography.Darkroom - Send negative for processing for target\site\serenity\15885e7a31041ffadaf2b07e916ab328405065fa537efb38dc895ba189c6445a.png
20:13:17.817 [pool-2-thread-1] DEBUG net.thucydides.core.steps.StepInterceptor - STEP DONE: onRegisterPage
  &amp#27;[32mGiven &amp#27;[0m&amp#27;[32muser on register page&amp#27;[0m                             &amp#27;[90m# StepDefinition.RegisterSteps.onRegisterPage()&amp#27;[0m
20:13:17.977 [pool-2-thread-1] DEBUG net.serenitybdd.core.photography.Darkroom - Send negative for processing for target\site\serenity\15885e7a31041ffadaf2b07e916ab328405065fa537efb38dc895ba189c6445a.png
20:13:17.977 [pool-2-thread-1] DEBUG net.thucydides.core.steps.StepInterceptor - STARTING STEP: RegisterSteps.inputValidNamaDepan6 - typeFirstName
20:13:18.307 [pool-2-thread-1] DEBUG net.serenitybdd.core.photography.Darkroom - Send negative for processing for target\site\serenity\29843878ec888490e186e95a378e3de7fb5c13bbcb790bdd51dbf0562b47093b.png
20:13:18.307 [pool-2-thread-1] DEBUG net.thucydides.core.steps.StepInterceptor - STEP DONE: typeFirstName
  &amp#27;[32mWhen &amp#27;[0m&amp#27;[32muser input valid nama depan6&amp#27;[0m                       &amp#27;[90m# StepDefinition.RegisterSteps.inputValidNamaDepan6()&amp#27;[0m
20:13:18.470 [pool-2-thread-1] DEBUG net.serenitybdd.core.photography.Darkroom - Send negative for processing for target\site\serenity\29843878ec888490e186e95a378e3de7fb5c13bbcb790bdd51dbf0562b47093b.png
20:13:18.470 [pool-2-thread-1] DEBUG net.thucydides.core.steps.StepInterceptor - STARTING STEP: RegisterSteps.inputValidEmail6 - typeEmail
20:13:18.894 [pool-2-thread-1] DEBUG net.serenitybdd.core.photography.Darkroom - Send negative for processing for target\site\serenity\8c56c77eca8831e18f4bb15fa379506e15181977b64b236974b1ea7c1ae7d696.png
20:13:18.894 [pool-2-thread-1] DEBUG net.thucydides.core.steps.StepInterceptor - STEP DONE: typeEmail
  &amp#27;[32mAnd &amp#27;[0m&amp#27;[32muser input valid email6&amp#27;[0m                             &amp#27;[90m# StepDefinition.RegisterSteps.inputValidEmail6()&amp#27;[0m
20:13:18.904 [pool-2-thread-1] DEBUG net.thucydides.core.steps.StepInterceptor - STARTING STEP: RegisterSteps.inputValidPassword6 - typePassword
20:13:19.235 [pool-2-thread-1] DEBUG net.serenitybdd.core.photography.Darkroom - Send negative for processing for target\site\serenity\01a4997529db77b31a7323744d55dfe1a229f96086627b16ea10f4f465eaa387.png
20:13:19.235 [pool-2-thread-1] DEBUG net.thucydides.core.steps.StepInterceptor - STEP DONE: typePassword
  &amp#27;[32mAnd &amp#27;[0m&amp#27;[32muser input valid password6 &amp#27;[0m&amp#27;[32m&amp#27;[1mkatasandi&amp#27;[0m                &amp#27;[90m# StepDefinition.RegisterSteps.inputValidPassword6(java.lang.String)&amp#27;[0m
20:13:19.253 [pool-2-thread-1] DEBUG net.thucydides.core.steps.StepInterceptor - STARTING STEP: RegisterSteps.inputConfirmPassword6 - typeConfirmPassword
20:13:19.552 [pool-2-thread-1] DEBUG net.serenitybdd.core.photography.Darkroom - Send negative for processing for target\site\serenity\d257cef0b6023b0de9b89b22d7eb2414af71f24dc786662d1affa4838a9a3c7b.png
20:13:19.552 [pool-2-thread-1] DEBUG net.thucydides.core.steps.StepInterceptor - STEP DONE: typeConfirmPassword
  &amp#27;[32mAnd &amp#27;[0m&amp#27;[32muser input confirm password6 &amp#27;[0m&amp#27;[32m&amp#27;[1mkatasandi&amp#27;[0m              &amp#27;[90m# StepDefinition.RegisterSteps.inputConfirmPassword6(java.lang.String)&amp#27;[0m
20:13:19.562 [pool-2-thread-1] DEBUG net.thucydides.core.steps.StepInterceptor - STARTING STEP: RegisterSteps.inputValidTanggalLahir6 - clickTanggal
20:13:19.886 [pool-2-thread-1] DEBUG net.serenitybdd.core.photography.Darkroom - Send negative for processing for target\site\serenity\a90a669c2b2bb7342a3d784003b8e48d1d9f9bb4919846c6c0e7ce9d80dfbd47.png
20:13:19.886 [pool-2-thread-1] DEBUG net.thucydides.core.steps.StepInterceptor - STEP DONE: clickTanggal
20:13:19.886 [pool-2-thread-1] DEBUG net.thucydides.core.steps.StepInterceptor - STARTING STEP: RegisterSteps.inputValidTanggalLahir6 - pilihTanggal
20:13:20.072 [pool-2-thread-1] DEBUG net.serenitybdd.core.photography.Darkroom - Send negative for processing for target\site\serenity\43976c84fc2f5a3fd1eca6d2fccc91864b8fb25b8e499e520d37a28de8d4a727.png
20:13:20.072 [pool-2-thread-1] DEBUG net.thucydides.core.steps.StepInterceptor - STEP DONE: pilihTanggal
20:13:20.072 [pool-2-thread-1] DEBUG net.thucydides.core.steps.StepInterceptor - STARTING STEP: RegisterSteps.inputValidTanggalLahir6 - clickBulan
20:13:20.300 [pool-2-thread-1] DEBUG net.serenitybdd.core.photography.Darkroom - Send negative for processing for target\site\serenity\8ac28accd26cd80dbd7197ba355f50d048a48f40f413e62911ac276e86d7a008.png
20:13:20.300 [pool-2-thread-1] DEBUG net.thucydides.core.steps.StepInterceptor - STEP DONE: clickBulan
20:13:20.304 [pool-2-thread-1] DEBUG net.thucydides.core.steps.StepInterceptor - STARTING STEP: RegisterSteps.inputValidTanggalLahir6 - pilihBulan
20:13:20.503 [pool-2-thread-1] DEBUG net.serenitybdd.core.photography.Darkroom - Send negative for processing for target\site\serenity\65bbcfd1632a1234b15e915ffe251789c7b3818dff56851ef25b64903517d05e.png
20:13:20.503 [pool-2-thread-1] DEBUG net.thucydides.core.steps.StepInterceptor - STEP DONE: pilihBulan
20:13:20.506 [pool-2-thread-1] DEBUG net.thucydides.core.steps.StepInterceptor - STARTING STEP: RegisterSteps.inputValidTanggalLahir6 - clickTahun
20:13:20.728 [pool-2-thread-1] DEBUG net.serenitybdd.core.photography.Darkroom - Send negative for processing for target\site\serenity\defb4fb4e99547c8b2040a1bca8373da50ae05acaf12b5e6d55dea3a906ac172.png
20:13:20.728 [pool-2-thread-1] DEBUG net.thucydides.core.steps.StepInterceptor - STEP DONE: clickTahun
20:13:20.731 [pool-2-thread-1] DEBUG net.thucydides.core.steps.StepInterceptor - STARTING STEP: RegisterSteps.inputValidTanggalLahir6 - pilihTahun
20:13:20.906 [pool-2-thread-1] DEBUG net.serenitybdd.core.photography.Darkroom - Send negative for processing for target\site\serenity\5d1cbee85fc3de05adad3c63b6d2800676f5c5889218f5a26c81df23ce0c1b34.png
20:13:20.906 [pool-2-thread-1] DEBUG net.thucydides.core.steps.StepInterceptor - STEP DONE: pilihTahun
  &amp#27;[32mAnd &amp#27;[0m&amp#27;[32muser input valid tanggal lahir6&amp#27;[0m                     &amp#27;[90m# StepDefinition.RegisterSteps.inputValidTanggalLahir6()&amp#27;[0m
20:13:20.910 [pool-2-thread-1] DEBUG net.thucydides.core.steps.StepInterceptor - STARTING STEP: RegisterSteps.inputJenisKelamin6 - typeJenisKelamin
20:13:21.269 [pool-2-thread-1] DEBUG net.serenitybdd.core.photography.Darkroom - Send negative for processing for target\site\serenity\696496a93e7dc0c3699316eb9d6e116d6dab228ad8711f809dc91583350c3457.png
20:13:21.269 [pool-2-thread-1] DEBUG net.thucydides.core.steps.StepInterceptor - STEP DONE: typeJenisKelamin
  &amp#27;[32mAnd &amp#27;[0m&amp#27;[32muser pilih jenis kelamin6&amp#27;[0m                           &amp#27;[90m# StepDefinition.RegisterSteps.inputJenisKelamin6()&amp#27;[0m
20:13:21.269 [pool-2-thread-1] DEBUG net.thucydides.core.steps.StepInterceptor - STARTING STEP: RegisterSteps.klikDaftarButton6 - clickRegisterButton
20:13:21.664 [pool-2-thread-1] DEBUG net.serenitybdd.core.photography.Darkroom - Send negative for processing for target\site\serenity\0d312f738403de951ec5be4cd16171897c57428c88ccd48b93bf0158ca73ecde.png
20:13:21.664 [pool-2-thread-1] DEBUG net.thucydides.core.steps.StepInterceptor - STEP DONE: clickRegisterButton
  &amp#27;[32mAnd &amp#27;[0m&amp#27;[32muser klik Daftar button6&amp#27;[0m                            &amp#27;[90m# StepDefinition.RegisterSteps.klikDaftarButton6()&amp#27;[0m
  &amp#27;[32mThen &amp#27;[0m&amp#27;[32muser got message6 &amp#27;[0m&amp#27;[32m&amp#27;[1mnama belakang tidak boleh kosong&amp#27;[0m &amp#27;[90m# StepDefinition.RegisterSteps.gotMessage6(java.lang.String)&amp#27;[0m
20:13:21.674 [pool-2-thread-1] INFO  - 
=======
19:20:56.541 [pool-2-thread-1] DEBUG net.thucydides.core.steps.StepInterceptor - STARTING STEP: RegisterSteps.onRegisterPage - onRegisterPage
19:20:56.544 [pool-2-thread-1] INFO net.serenitybdd.core.webdriver.driverproviders.ChromeDriverProvider - Using automatically driver download
19:20:56.561 [pool-2-thread-1] DEBUG io.github.bonigarcia.wdm.cache.ResolutionCache - Resolution chrome=103 in cache (valid until 20:04:47 17/07/2022 ICT)
19:20:56.593 [pool-2-thread-1] DEBUG io.github.bonigarcia.wdm.cache.ResolutionCache - Resolution chrome103=103.0.5060.53 in cache (valid until 19:04:47 18/07/2022 ICT)
19:20:56.593 [pool-2-thread-1] INFO io.github.bonigarcia.wdm.WebDriverManager - Using chromedriver 103.0.5060.53 (resolved driver for Chrome 103)
19:20:56.605 [pool-2-thread-1] DEBUG io.github.bonigarcia.wdm.WebDriverManager - Driver chromedriver 103.0.5060.53 found in cache
19:20:56.607 [pool-2-thread-1] INFO io.github.bonigarcia.wdm.WebDriverManager - Exporting webdriver.chrome.driver as C:\Users\Siti Nurlatipah\.cache\selenium\chromedriver\win32\103.0.5060.53\chromedriver.exe
19:20:57.907 [pool-2-thread-1] INFO net.serenitybdd.core.webdriver.driverproviders.ProvideNewDriver - Instantiating driver
19:20:57.907 [pool-2-thread-1] INFO net.serenitybdd.core.webdriver.driverproviders.ProvideNewDriver - Driver capabilities: Capabilities {acceptInsecureCerts: false, base.url: https://diskusiaza.netlify.app, browserName: chrome, chrome.driver: src/test/resources/webdrive..., driver: chrome, goog:chromeOptions: {args: [], extensions: []}, loggingPrefs: org.openqa.selenium.logging...}
19:21:13.265 [pool-2-thread-1] DEBUG net.serenitybdd.core.photography.Darkroom - Send negative for processing for target\site\serenity\86d2c2a8c82b2b2087f67c5bb0ac792d76b221a9666a6458a43a445bc42e0223.png
19:21:13.265 [pool-2-thread-1] DEBUG net.thucydides.core.steps.StepInterceptor - STEP DONE: onRegisterPage
  &amp#27;[32mGiven &amp#27;[0m&amp#27;[32muser on register page&amp#27;[0m                             &amp#27;[90m# StepDefinition.RegisterSteps.onRegisterPage()&amp#27;[0m
19:21:13.549 [pool-2-thread-1] DEBUG net.serenitybdd.core.photography.Darkroom - Send negative for processing for target\site\serenity\86d2c2a8c82b2b2087f67c5bb0ac792d76b221a9666a6458a43a445bc42e0223.png
19:21:13.549 [pool-2-thread-1] DEBUG net.thucydides.core.steps.StepInterceptor - STARTING STEP: RegisterSteps.inputValidNamaDepan6 - typeFirstName
19:21:14.210 [pool-2-thread-1] DEBUG net.serenitybdd.core.photography.Darkroom - Send negative for processing for target\site\serenity\1dfed5ef3d94360ad4ad99f4fcee5a629c427ed23f8da51c9f58ac18e0a67047.png
19:21:14.210 [pool-2-thread-1] DEBUG net.thucydides.core.steps.StepInterceptor - STEP DONE: typeFirstName
  &amp#27;[32mWhen &amp#27;[0m&amp#27;[32muser input valid nama depan6&amp#27;[0m                       &amp#27;[90m# StepDefinition.RegisterSteps.inputValidNamaDepan6()&amp#27;[0m
19:21:14.497 [pool-2-thread-1] DEBUG net.serenitybdd.core.photography.Darkroom - Send negative for processing for target\site\serenity\1dfed5ef3d94360ad4ad99f4fcee5a629c427ed23f8da51c9f58ac18e0a67047.png
19:21:14.497 [pool-2-thread-1] DEBUG net.thucydides.core.steps.StepInterceptor - STARTING STEP: RegisterSteps.inputValidEmail6 - typeEmail
19:21:15.366 [pool-2-thread-1] DEBUG net.serenitybdd.core.photography.Darkroom - Send negative for processing for target\site\serenity\418f89e2b62dd598e01c0a9cc981b26c73dd51d4c17a65d610a5f23c4e96ab32.png
19:21:15.366 [pool-2-thread-1] DEBUG net.thucydides.core.steps.StepInterceptor - STEP DONE: typeEmail
  &amp#27;[32mAnd &amp#27;[0m&amp#27;[32muser input valid email6&amp#27;[0m                             &amp#27;[90m# StepDefinition.RegisterSteps.inputValidEmail6()&amp#27;[0m
19:21:15.387 [pool-2-thread-1] DEBUG net.thucydides.core.steps.StepInterceptor - STARTING STEP: RegisterSteps.inputValidPassword6 - typePassword
19:21:16.070 [pool-2-thread-1] DEBUG net.serenitybdd.core.photography.Darkroom - Send negative for processing for target\site\serenity\244452594d270f115f62b9b8d1fe23f5a1168c43198908c2901186fa71e15eed.png
19:21:16.070 [pool-2-thread-1] DEBUG net.thucydides.core.steps.StepInterceptor - STEP DONE: typePassword
  &amp#27;[32mAnd &amp#27;[0m&amp#27;[32muser input valid password6 &amp#27;[0m&amp#27;[32m&amp#27;[1mkatasandi&amp#27;[0m                &amp#27;[90m# StepDefinition.RegisterSteps.inputValidPassword6(java.lang.String)&amp#27;[0m
19:21:16.099 [pool-2-thread-1] DEBUG net.thucydides.core.steps.StepInterceptor - STARTING STEP: RegisterSteps.inputConfirmPassword6 - typeConfirmPassword
19:21:16.768 [pool-2-thread-1] DEBUG net.serenitybdd.core.photography.Darkroom - Send negative for processing for target\site\serenity\70857fa7770dd44659b436a36d186290fdb062a68389f67bea64fbe42b5cd126.png
19:21:16.769 [pool-2-thread-1] DEBUG net.thucydides.core.steps.StepInterceptor - STEP DONE: typeConfirmPassword
  &amp#27;[32mAnd &amp#27;[0m&amp#27;[32muser input confirm password6 &amp#27;[0m&amp#27;[32m&amp#27;[1mkatasandi&amp#27;[0m              &amp#27;[90m# StepDefinition.RegisterSteps.inputConfirmPassword6(java.lang.String)&amp#27;[0m
19:21:16.795 [pool-2-thread-1] DEBUG net.thucydides.core.steps.StepInterceptor - STARTING STEP: RegisterSteps.inputValidTanggalLahir6 - clickTanggal
19:21:17.398 [pool-2-thread-1] DEBUG net.serenitybdd.core.photography.Darkroom - Send negative for processing for target\site\serenity\422dbafbf8887f2a965895ee7d7550d73dc2f68d0f5a143865c7051c8c5f2a4f.png
19:21:17.398 [pool-2-thread-1] DEBUG net.thucydides.core.steps.StepInterceptor - STEP DONE: clickTanggal
19:21:17.406 [pool-2-thread-1] DEBUG net.thucydides.core.steps.StepInterceptor - STARTING STEP: RegisterSteps.inputValidTanggalLahir6 - pilihTanggal
19:21:17.732 [pool-2-thread-1] DEBUG net.serenitybdd.core.photography.Darkroom - Send negative for processing for target\site\serenity\422dbafbf8887f2a965895ee7d7550d73dc2f68d0f5a143865c7051c8c5f2a4f.png
19:21:17.732 [pool-2-thread-1] DEBUG net.thucydides.core.steps.StepInterceptor - STEP DONE: pilihTanggal
19:21:17.740 [pool-2-thread-1] DEBUG net.thucydides.core.steps.StepInterceptor - STARTING STEP: RegisterSteps.inputValidTanggalLahir6 - clickBulan
19:21:18.254 [pool-2-thread-1] DEBUG net.serenitybdd.core.photography.Darkroom - Send negative for processing for target\site\serenity\b893dabed751e07262b66dbc07bcc2b3eb3693b05a25f79b8a6b8f79af7454c2.png
19:21:18.254 [pool-2-thread-1] DEBUG net.thucydides.core.steps.StepInterceptor - STEP DONE: clickBulan
19:21:18.262 [pool-2-thread-1] DEBUG net.thucydides.core.steps.StepInterceptor - STARTING STEP: RegisterSteps.inputValidTanggalLahir6 - pilihBulan
19:21:18.571 [pool-2-thread-1] DEBUG net.serenitybdd.core.photography.Darkroom - Send negative for processing for target\site\serenity\b893dabed751e07262b66dbc07bcc2b3eb3693b05a25f79b8a6b8f79af7454c2.png
19:21:18.571 [pool-2-thread-1] DEBUG net.thucydides.core.steps.StepInterceptor - STEP DONE: pilihBulan
19:21:18.576 [pool-2-thread-1] DEBUG net.thucydides.core.steps.StepInterceptor - STARTING STEP: RegisterSteps.inputValidTanggalLahir6 - clickTahun
19:21:18.974 [pool-2-thread-1] DEBUG net.serenitybdd.core.photography.Darkroom - Send negative for processing for target\site\serenity\d8eb2113e732ca859d3fcd7c02b234e1d1e18a40ac0286a2b62b6a170863bd3e.png
19:21:18.974 [pool-2-thread-1] DEBUG net.thucydides.core.steps.StepInterceptor - STEP DONE: clickTahun
19:21:18.979 [pool-2-thread-1] DEBUG net.thucydides.core.steps.StepInterceptor - STARTING STEP: RegisterSteps.inputValidTanggalLahir6 - pilihTahun
19:21:19.300 [pool-2-thread-1] DEBUG net.serenitybdd.core.photography.Darkroom - Send negative for processing for target\site\serenity\7f73875991ed1b575da5667926a6f2afbc527f530f2bcf53948c49d88ecb4f8d.png
19:21:19.300 [pool-2-thread-1] DEBUG net.thucydides.core.steps.StepInterceptor - STEP DONE: pilihTahun
  &amp#27;[32mAnd &amp#27;[0m&amp#27;[32muser input valid tanggal lahir6&amp#27;[0m                     &amp#27;[90m# StepDefinition.RegisterSteps.inputValidTanggalLahir6()&amp#27;[0m
19:21:19.315 [pool-2-thread-1] DEBUG net.thucydides.core.steps.StepInterceptor - STARTING STEP: RegisterSteps.inputJenisKelamin6 - typeJenisKelamin
19:21:19.692 [pool-2-thread-1] DEBUG net.serenitybdd.core.photography.Darkroom - Send negative for processing for target\site\serenity\8d6b9ea7695dd0cebf6922c78ccaf6d30273944ea905d8c5072314cc49223a33.png
19:21:19.692 [pool-2-thread-1] DEBUG net.thucydides.core.steps.StepInterceptor - STEP DONE: typeJenisKelamin
  &amp#27;[32mAnd &amp#27;[0m&amp#27;[32muser pilih jenis kelamin6&amp#27;[0m                           &amp#27;[90m# StepDefinition.RegisterSteps.inputJenisKelamin6()&amp#27;[0m
19:21:19.710 [pool-2-thread-1] DEBUG net.thucydides.core.steps.StepInterceptor - STARTING STEP: RegisterSteps.klikDaftarButton6 - clickRegisterButton
19:21:20.459 [pool-2-thread-1] DEBUG net.serenitybdd.core.photography.Darkroom - Send negative for processing for target\site\serenity\ef25bf37ad5cf1b844da1b1ecf868dd8ce521ce889c18c7ac6b5668bc1231fe1.png
19:21:20.460 [pool-2-thread-1] DEBUG net.thucydides.core.steps.StepInterceptor - STEP DONE: clickRegisterButton
  &amp#27;[32mAnd &amp#27;[0m&amp#27;[32muser klik Daftar button6&amp#27;[0m                            &amp#27;[90m# StepDefinition.RegisterSteps.klikDaftarButton6()&amp#27;[0m
  &amp#27;[32mThen &amp#27;[0m&amp#27;[32muser got message6 &amp#27;[0m&amp#27;[32m&amp#27;[1mnama belakang tidak boleh kosong&amp#27;[0m &amp#27;[90m# StepDefinition.RegisterSteps.gotMessage6(java.lang.String)&amp#27;[0m
19:21:20.480 [pool-2-thread-1] INFO  - 
>>>>>>> 3eb7ed59fd558cd82a68549bb500382e6b35ceb5
  _____   ___   ___   _____     ___     _     ___   ___   ___   ___  
 |_   _| | __| / __| |_   _|   | _ \   /_\   / __| / __| | __| |   \ 
   | |   | _|  \__ \   | |     |  _/  / _ \  \__ \ \__ \ | _|  | |) |
   |_|   |___| |___/   |_|     |_|   /_/ \_\ |___/ |___/ |___| |___/ 

user tidak memasukkan nama belakang
----------------------------------------------------------------------
]]></system-out>
<<<<<<< HEAD
    <system-err><![CDATA[Starting ChromeDriver 103.0.5060.53 (a1711811edd74ff1cf2150f36ffa3b0dae40b17f-refs/branch-heads/5060@{#853}) on port 33155
Only local connections are allowed.
Please see https://chromedriver.chromium.org/security-considerations for suggestions on keeping ChromeDriver safe.
ChromeDriver was started successfully.
Jul 17, 2022 8:13:16 PM org.openqa.selenium.remote.ProtocolHandshake createSession
INFO: Detected dialect: W3C
]]></system-err>
  </testcase>
  <testcase name="user tidak memasukkan jenis kelamin" classname="user on register page" time="7.064">
    <system-out><![CDATA[
@nyoba
Scenario: user tidak memasukkan jenis kelamin &amp#27;[90m# src/test/resources/web/Register.feature:72&amp#27;[0m
20:13:22.036 [pool-2-thread-1] INFO io.cucumber.core.plugin.SerenityReporter - Running feature from file:///C:/Users/LENOVO-PC/OneDrive%20-%20IT-PLN/Dokumen/apenim/Diskusiaza-QE/WEB%20DISKUSIAZA/src/test/resources/web/Register.feature
20:13:22.036 [pool-2-thread-1] WARN io.cucumber.core.plugin.SerenityReporter - Feature from file:///C:/Users/LENOVO-PC/OneDrive%20-%20IT-PLN/Dokumen/apenim/Diskusiaza-QE/WEB%20DISKUSIAZA/src/test/resources/web/Register.feature is not under the 'features' directory. Requirements report will not be correctly generated!
20:13:22.036 [pool-2-thread-1] INFO  - 
=======
    <system-err><![CDATA[Starting ChromeDriver 103.0.5060.53 (a1711811edd74ff1cf2150f36ffa3b0dae40b17f-refs/branch-heads/5060@{#853}) on port 24627
Only local connections are allowed.
Please see https://chromedriver.chromium.org/security-considerations for suggestions on keeping ChromeDriver safe.
ChromeDriver was started successfully.
Jul 17, 2022 7:21:00 PM org.openqa.selenium.remote.ProtocolHandshake createSession
INFO: Detected dialect: W3C
]]></system-err>
  </testcase>
  <testcase name="user tidak memasukkan jenis kelamin" classname="user on register page" time="35.856">
    <system-out><![CDATA[
@nyoba
Scenario: user tidak memasukkan jenis kelamin &amp#27;[90m# src/test/resources/web/Register.feature:72&amp#27;[0m
19:21:21.473 [pool-2-thread-1] INFO io.cucumber.core.plugin.SerenityReporter - Running feature from file:///D:/CAPSTONE%20PROJECT%20KELOMPOK%2032/WEB%20DISKUSIAZA/src/test/resources/web/Register.feature
19:21:21.473 [pool-2-thread-1] WARN io.cucumber.core.plugin.SerenityReporter - Feature from file:///D:/CAPSTONE%20PROJECT%20KELOMPOK%2032/WEB%20DISKUSIAZA/src/test/resources/web/Register.feature is not under the 'features' directory. Requirements report will not be correctly generated!
19:21:21.479 [pool-2-thread-1] INFO  - 
>>>>>>> 3eb7ed59fd558cd82a68549bb500382e6b35ceb5
  _____   ___   ___   _____     ___   _____     _     ___   _____   ___   ___  
 |_   _| | __| / __| |_   _|   / __| |_   _|   /_\   | _ \ |_   _| | __| |   \ 
   | |   | _|  \__ \   | |     \__ \   | |    / _ \  |   /   | |   | _|  | |) |
   |_|   |___| |___/   |_|     |___/   |_|   /_/ \_\ |_|_\   |_|   |___| |___/ 

user tidak memasukkan jenis kelamin(user-on-register-page;user-tidak-memasukkan-jenis-kelamin)
--------------------------------------------------------------------------------
<<<<<<< HEAD
20:13:22.039 [pool-2-thread-1] DEBUG net.thucydides.core.steps.StepInterceptor - STARTING STEP: RegisterSteps.onRegisterPage - onRegisterPage
20:13:22.039 [pool-2-thread-1] INFO net.serenitybdd.core.webdriver.driverproviders.ChromeDriverProvider - Using automatically driver download
20:13:22.048 [pool-2-thread-1] DEBUG io.github.bonigarcia.wdm.cache.ResolutionCache - Resolution chrome=103 in cache (valid until 21:11:07 17/07/2022 WIB)
20:13:22.048 [pool-2-thread-1] DEBUG io.github.bonigarcia.wdm.cache.ResolutionCache - Resolution chrome103=103.0.5060.53 in cache (valid until 19:09:45 18/07/2022 WIB)
20:13:22.048 [pool-2-thread-1] INFO io.github.bonigarcia.wdm.WebDriverManager - Using chromedriver 103.0.5060.53 (resolved driver for Chrome 103)
20:13:22.048 [pool-2-thread-1] DEBUG io.github.bonigarcia.wdm.WebDriverManager - Driver chromedriver 103.0.5060.53 found in cache
20:13:22.048 [pool-2-thread-1] INFO io.github.bonigarcia.wdm.WebDriverManager - Exporting webdriver.chrome.driver as C:\Users\LENOVO-PC\.cache\selenium\chromedriver\win32\103.0.5060.53\chromedriver.exe
20:13:22.227 [pool-2-thread-1] INFO net.serenitybdd.core.webdriver.driverproviders.ProvideNewDriver - Instantiating driver
20:13:22.227 [pool-2-thread-1] INFO net.serenitybdd.core.webdriver.driverproviders.ProvideNewDriver - Driver capabilities: Capabilities {acceptInsecureCerts: false, base.url: https://diskusiaza.netlify.app, browserName: chrome, chrome.driver: src/test/resources/webdrive..., driver: chrome, goog:chromeOptions: {args: [], extensions: []}, loggingPrefs: org.openqa.selenium.logging...}
20:13:24.659 [pool-2-thread-1] DEBUG net.serenitybdd.core.photography.Darkroom - Send negative for processing for target\site\serenity\15885e7a31041ffadaf2b07e916ab328405065fa537efb38dc895ba189c6445a.png
20:13:24.659 [pool-2-thread-1] DEBUG net.thucydides.core.steps.StepInterceptor - STEP DONE: onRegisterPage
  &amp#27;[32mGiven &amp#27;[0m&amp#27;[32muser on register page&amp#27;[0m                 &amp#27;[90m# StepDefinition.RegisterSteps.onRegisterPage()&amp#27;[0m
20:13:24.819 [pool-2-thread-1] DEBUG net.serenitybdd.core.photography.Darkroom - Send negative for processing for target\site\serenity\15885e7a31041ffadaf2b07e916ab328405065fa537efb38dc895ba189c6445a.png
20:13:24.819 [pool-2-thread-1] DEBUG net.thucydides.core.steps.StepInterceptor - STARTING STEP: RegisterSteps.inputValidNamaDepan7 - typeFirstName
20:13:25.153 [pool-2-thread-1] DEBUG net.serenitybdd.core.photography.Darkroom - Send negative for processing for target\site\serenity\d61c57b48d4af5ff0331dd367d3c6e55b50b3c8ca61fff35c47b483b300a5fec.png
20:13:25.153 [pool-2-thread-1] DEBUG net.thucydides.core.steps.StepInterceptor - STEP DONE: typeFirstName
  &amp#27;[32mWhen &amp#27;[0m&amp#27;[32muser input valid nama depan7&amp#27;[0m           &amp#27;[90m# StepDefinition.RegisterSteps.inputValidNamaDepan7()&amp#27;[0m
20:13:25.310 [pool-2-thread-1] DEBUG net.serenitybdd.core.photography.Darkroom - Send negative for processing for target\site\serenity\d61c57b48d4af5ff0331dd367d3c6e55b50b3c8ca61fff35c47b483b300a5fec.png
20:13:25.310 [pool-2-thread-1] DEBUG net.thucydides.core.steps.StepInterceptor - STARTING STEP: RegisterSteps.inputNamaBelakang7 - typeLastName
20:13:25.642 [pool-2-thread-1] DEBUG net.serenitybdd.core.photography.Darkroom - Send negative for processing for target\site\serenity\07324c91b8069043571c1b1ab719198c99c3450f9c3a7247a213552d3b33e433.png
20:13:25.642 [pool-2-thread-1] DEBUG net.thucydides.core.steps.StepInterceptor - STEP DONE: typeLastName
  &amp#27;[32mAnd &amp#27;[0m&amp#27;[32muser input nama belakang7&amp#27;[0m               &amp#27;[90m# StepDefinition.RegisterSteps.inputNamaBelakang7()&amp#27;[0m
20:13:25.811 [pool-2-thread-1] DEBUG net.serenitybdd.core.photography.Darkroom - Send negative for processing for target\site\serenity\07324c91b8069043571c1b1ab719198c99c3450f9c3a7247a213552d3b33e433.png
20:13:25.811 [pool-2-thread-1] DEBUG net.thucydides.core.steps.StepInterceptor - STARTING STEP: RegisterSteps.inputValidEmail7 - typeEmail
20:13:26.210 [pool-2-thread-1] DEBUG net.serenitybdd.core.photography.Darkroom - Send negative for processing for target\site\serenity\297ad3751c4abac0ac1f3e520ac980dafd49ed9bd3420bd1f3dbd17951c06a70.png
20:13:26.210 [pool-2-thread-1] DEBUG net.thucydides.core.steps.StepInterceptor - STEP DONE: typeEmail
  &amp#27;[32mAnd &amp#27;[0m&amp#27;[32muser input valid email7&amp#27;[0m                 &amp#27;[90m# StepDefinition.RegisterSteps.inputValidEmail7()&amp#27;[0m
20:13:26.218 [pool-2-thread-1] DEBUG net.thucydides.core.steps.StepInterceptor - STARTING STEP: RegisterSteps.inputValidPassword7 - typePassword
20:13:26.558 [pool-2-thread-1] DEBUG net.serenitybdd.core.photography.Darkroom - Send negative for processing for target\site\serenity\f2127ecaa0181fbcb933a45ae992e3c39a3f99be67dc8e8cad1bb4a469cfa1ad.png
20:13:26.558 [pool-2-thread-1] DEBUG net.thucydides.core.steps.StepInterceptor - STEP DONE: typePassword
  &amp#27;[32mAnd &amp#27;[0m&amp#27;[32muser input valid password7 &amp#27;[0m&amp#27;[32m&amp#27;[1mkatasandi&amp#27;[0m    &amp#27;[90m# StepDefinition.RegisterSteps.inputValidPassword7(java.lang.String)&amp#27;[0m
20:13:26.569 [pool-2-thread-1] DEBUG net.thucydides.core.steps.StepInterceptor - STARTING STEP: RegisterSteps.inputConfirmPassword7 - typeConfirmPassword
20:13:26.888 [pool-2-thread-1] DEBUG net.serenitybdd.core.photography.Darkroom - Send negative for processing for target\site\serenity\087ae115ffb4a5037ae6b38d7f0afde7bc99836c4641e63cae820834f33ba064.png
20:13:26.888 [pool-2-thread-1] DEBUG net.thucydides.core.steps.StepInterceptor - STEP DONE: typeConfirmPassword
  &amp#27;[32mAnd &amp#27;[0m&amp#27;[32muser input confirm password7 &amp#27;[0m&amp#27;[32m&amp#27;[1mkatasandi&amp#27;[0m  &amp#27;[90m# StepDefinition.RegisterSteps.inputConfirmPassword7(java.lang.String)&amp#27;[0m
20:13:26.888 [pool-2-thread-1] DEBUG net.thucydides.core.steps.StepInterceptor - STARTING STEP: RegisterSteps.inputValidTanggalLahir7 - clickTanggal
20:13:27.209 [pool-2-thread-1] DEBUG net.serenitybdd.core.photography.Darkroom - Send negative for processing for target\site\serenity\44135b7947e07035096745d99a6c0b0e22025b8deffc455b89de31535340d0eb.png
20:13:27.209 [pool-2-thread-1] DEBUG net.thucydides.core.steps.StepInterceptor - STEP DONE: clickTanggal
20:13:27.209 [pool-2-thread-1] DEBUG net.thucydides.core.steps.StepInterceptor - STARTING STEP: RegisterSteps.inputValidTanggalLahir7 - pilihTanggal
20:13:27.390 [pool-2-thread-1] DEBUG net.serenitybdd.core.photography.Darkroom - Send negative for processing for target\site\serenity\ddf8ecae9e6d54d682cef7420350d8ffb4180ab3dc782ee4a0bb31fcae9860dd.png
20:13:27.390 [pool-2-thread-1] DEBUG net.thucydides.core.steps.StepInterceptor - STEP DONE: pilihTanggal
20:13:27.390 [pool-2-thread-1] DEBUG net.thucydides.core.steps.StepInterceptor - STARTING STEP: RegisterSteps.inputValidTanggalLahir7 - clickBulan
20:13:27.672 [pool-2-thread-1] DEBUG net.serenitybdd.core.photography.Darkroom - Send negative for processing for target\site\serenity\f41d565154f34bf30b4ca96aae8496d3f6deef2e30989c4dbf1bdb87b2e6c6db.png
20:13:27.672 [pool-2-thread-1] DEBUG net.thucydides.core.steps.StepInterceptor - STEP DONE: clickBulan
20:13:27.676 [pool-2-thread-1] DEBUG net.thucydides.core.steps.StepInterceptor - STARTING STEP: RegisterSteps.inputValidTanggalLahir7 - pilihBulan
20:13:27.873 [pool-2-thread-1] DEBUG net.serenitybdd.core.photography.Darkroom - Send negative for processing for target\site\serenity\31cfe304688d64a1be8f28c1cf95926826a3a1d0701434abd8f288bdadceac48.png
20:13:27.873 [pool-2-thread-1] DEBUG net.thucydides.core.steps.StepInterceptor - STEP DONE: pilihBulan
20:13:27.876 [pool-2-thread-1] DEBUG net.thucydides.core.steps.StepInterceptor - STARTING STEP: RegisterSteps.inputValidTanggalLahir7 - clickTahun
20:13:28.096 [pool-2-thread-1] DEBUG net.serenitybdd.core.photography.Darkroom - Send negative for processing for target\site\serenity\137709bf7d8892c55ac8ded86924c8f35905321c1fcb25990913e9d2988fe331.png
20:13:28.096 [pool-2-thread-1] DEBUG net.thucydides.core.steps.StepInterceptor - STEP DONE: clickTahun
20:13:28.099 [pool-2-thread-1] DEBUG net.thucydides.core.steps.StepInterceptor - STARTING STEP: RegisterSteps.inputValidTanggalLahir7 - pilihTahun
20:13:28.286 [pool-2-thread-1] DEBUG net.serenitybdd.core.photography.Darkroom - Send negative for processing for target\site\serenity\bd27a48b9fca0dd6c3e07b5b5b6a4381ce9a2e4dc6fd2a7ac1fa12be83c626db.png
20:13:28.286 [pool-2-thread-1] DEBUG net.thucydides.core.steps.StepInterceptor - STEP DONE: pilihTahun
  &amp#27;[32mAnd &amp#27;[0m&amp#27;[32muser input valid tanggal lahir7&amp#27;[0m         &amp#27;[90m# StepDefinition.RegisterSteps.inputValidTanggalLahir7()&amp#27;[0m
20:13:28.286 [pool-2-thread-1] DEBUG net.thucydides.core.steps.StepInterceptor - STARTING STEP: RegisterSteps.klikDaftarButton7 - clickRegisterButton
20:13:28.723 [pool-2-thread-1] DEBUG net.serenitybdd.core.photography.Darkroom - Send negative for processing for target\site\serenity\b5155dec01b428dd0f1f99596c04ce10c0478b4e0ce1191f7c7816156784da8e.png
20:13:28.723 [pool-2-thread-1] DEBUG net.thucydides.core.steps.StepInterceptor - STEP DONE: clickRegisterButton
  &amp#27;[32mAnd &amp#27;[0m&amp#27;[32muser klik Daftar button7&amp#27;[0m                &amp#27;[90m# StepDefinition.RegisterSteps.klikDaftarButton7()&amp#27;[0m
  &amp#27;[32mThen &amp#27;[0m&amp#27;[32muser got message7 &amp#27;[0m&amp#27;[32m&amp#27;[1mpilih jenis kelamin&amp#27;[0m  &amp#27;[90m# StepDefinition.RegisterSteps.gotMessage7(java.lang.String)&amp#27;[0m
20:13:28.731 [pool-2-thread-1] INFO  - 
=======
19:21:21.511 [pool-2-thread-1] DEBUG net.thucydides.core.steps.StepInterceptor - STARTING STEP: RegisterSteps.onRegisterPage - onRegisterPage
19:21:21.513 [pool-2-thread-1] INFO net.serenitybdd.core.webdriver.driverproviders.ChromeDriverProvider - Using automatically driver download
19:21:21.547 [pool-2-thread-1] DEBUG io.github.bonigarcia.wdm.cache.ResolutionCache - Resolution chrome=103 in cache (valid until 20:04:47 17/07/2022 ICT)
19:21:21.550 [pool-2-thread-1] DEBUG io.github.bonigarcia.wdm.cache.ResolutionCache - Resolution chrome103=103.0.5060.53 in cache (valid until 19:04:47 18/07/2022 ICT)
19:21:21.551 [pool-2-thread-1] INFO io.github.bonigarcia.wdm.WebDriverManager - Using chromedriver 103.0.5060.53 (resolved driver for Chrome 103)
19:21:21.567 [pool-2-thread-1] DEBUG io.github.bonigarcia.wdm.WebDriverManager - Driver chromedriver 103.0.5060.53 found in cache
19:21:21.568 [pool-2-thread-1] INFO io.github.bonigarcia.wdm.WebDriverManager - Exporting webdriver.chrome.driver as C:\Users\Siti Nurlatipah\.cache\selenium\chromedriver\win32\103.0.5060.53\chromedriver.exe
19:21:22.696 [pool-2-thread-1] INFO net.serenitybdd.core.webdriver.driverproviders.ProvideNewDriver - Instantiating driver
19:21:22.696 [pool-2-thread-1] INFO net.serenitybdd.core.webdriver.driverproviders.ProvideNewDriver - Driver capabilities: Capabilities {acceptInsecureCerts: false, base.url: https://diskusiaza.netlify.app, browserName: chrome, chrome.driver: src/test/resources/webdrive..., driver: chrome, goog:chromeOptions: {args: [], extensions: []}, loggingPrefs: org.openqa.selenium.logging...}
19:21:48.246 [pool-2-thread-1] DEBUG net.serenitybdd.core.photography.Darkroom - Send negative for processing for target\site\serenity\86d2c2a8c82b2b2087f67c5bb0ac792d76b221a9666a6458a43a445bc42e0223.png
19:21:48.246 [pool-2-thread-1] DEBUG net.thucydides.core.steps.StepInterceptor - STEP DONE: onRegisterPage
  &amp#27;[32mGiven &amp#27;[0m&amp#27;[32muser on register page&amp#27;[0m                 &amp#27;[90m# StepDefinition.RegisterSteps.onRegisterPage()&amp#27;[0m
19:21:48.524 [pool-2-thread-1] DEBUG net.serenitybdd.core.photography.Darkroom - Send negative for processing for target\site\serenity\86d2c2a8c82b2b2087f67c5bb0ac792d76b221a9666a6458a43a445bc42e0223.png
19:21:48.524 [pool-2-thread-1] DEBUG net.thucydides.core.steps.StepInterceptor - STARTING STEP: RegisterSteps.inputValidNamaDepan7 - typeFirstName
19:21:49.142 [pool-2-thread-1] DEBUG net.serenitybdd.core.photography.Darkroom - Send negative for processing for target\site\serenity\c923541e315141a2113a4482968a15fdbd50f0030ea4877c0d39cc6045a991d7.png
19:21:49.142 [pool-2-thread-1] DEBUG net.thucydides.core.steps.StepInterceptor - STEP DONE: typeFirstName
  &amp#27;[32mWhen &amp#27;[0m&amp#27;[32muser input valid nama depan7&amp#27;[0m           &amp#27;[90m# StepDefinition.RegisterSteps.inputValidNamaDepan7()&amp#27;[0m
19:21:49.425 [pool-2-thread-1] DEBUG net.serenitybdd.core.photography.Darkroom - Send negative for processing for target\site\serenity\c923541e315141a2113a4482968a15fdbd50f0030ea4877c0d39cc6045a991d7.png
19:21:49.425 [pool-2-thread-1] DEBUG net.thucydides.core.steps.StepInterceptor - STARTING STEP: RegisterSteps.inputNamaBelakang7 - typeLastName
19:21:50.041 [pool-2-thread-1] DEBUG net.serenitybdd.core.photography.Darkroom - Send negative for processing for target\site\serenity\04207b142b99e2f7bb2e43dfed2579ed091f6e58a207a66480600059588bdd55.png
19:21:50.041 [pool-2-thread-1] DEBUG net.thucydides.core.steps.StepInterceptor - STEP DONE: typeLastName
  &amp#27;[32mAnd &amp#27;[0m&amp#27;[32muser input nama belakang7&amp#27;[0m               &amp#27;[90m# StepDefinition.RegisterSteps.inputNamaBelakang7()&amp#27;[0m
19:21:50.327 [pool-2-thread-1] DEBUG net.serenitybdd.core.photography.Darkroom - Send negative for processing for target\site\serenity\04207b142b99e2f7bb2e43dfed2579ed091f6e58a207a66480600059588bdd55.png
19:21:50.327 [pool-2-thread-1] DEBUG net.thucydides.core.steps.StepInterceptor - STARTING STEP: RegisterSteps.inputValidEmail7 - typeEmail
19:21:51.113 [pool-2-thread-1] DEBUG net.serenitybdd.core.photography.Darkroom - Send negative for processing for target\site\serenity\935caea88b99b3223599cfb3c749508b41c4bf2ec1acbbe830f041f9e804f4d5.png
19:21:51.113 [pool-2-thread-1] DEBUG net.thucydides.core.steps.StepInterceptor - STEP DONE: typeEmail
  &amp#27;[32mAnd &amp#27;[0m&amp#27;[32muser input valid email7&amp#27;[0m                 &amp#27;[90m# StepDefinition.RegisterSteps.inputValidEmail7()&amp#27;[0m
19:21:51.132 [pool-2-thread-1] DEBUG net.thucydides.core.steps.StepInterceptor - STARTING STEP: RegisterSteps.inputValidPassword7 - typePassword
19:21:51.784 [pool-2-thread-1] DEBUG net.serenitybdd.core.photography.Darkroom - Send negative for processing for target\site\serenity\e36d1dfa978e422815fa04c098a95cfa3be1d86aa4564ae74058031f47c45a56.png
19:21:51.784 [pool-2-thread-1] DEBUG net.thucydides.core.steps.StepInterceptor - STEP DONE: typePassword
  &amp#27;[32mAnd &amp#27;[0m&amp#27;[32muser input valid password7 &amp#27;[0m&amp#27;[32m&amp#27;[1mkatasandi&amp#27;[0m    &amp#27;[90m# StepDefinition.RegisterSteps.inputValidPassword7(java.lang.String)&amp#27;[0m
19:21:51.799 [pool-2-thread-1] DEBUG net.thucydides.core.steps.StepInterceptor - STARTING STEP: RegisterSteps.inputConfirmPassword7 - typeConfirmPassword
19:21:52.398 [pool-2-thread-1] DEBUG net.serenitybdd.core.photography.Darkroom - Send negative for processing for target\site\serenity\18fbdb7a47898a78fa05150bd437bbdc8d74db2106c1620aceb87b035f646120.png
19:21:52.398 [pool-2-thread-1] DEBUG net.thucydides.core.steps.StepInterceptor - STEP DONE: typeConfirmPassword
  &amp#27;[32mAnd &amp#27;[0m&amp#27;[32muser input confirm password7 &amp#27;[0m&amp#27;[32m&amp#27;[1mkatasandi&amp#27;[0m  &amp#27;[90m# StepDefinition.RegisterSteps.inputConfirmPassword7(java.lang.String)&amp#27;[0m
19:21:52.420 [pool-2-thread-1] DEBUG net.thucydides.core.steps.StepInterceptor - STARTING STEP: RegisterSteps.inputValidTanggalLahir7 - clickTanggal
19:21:53.005 [pool-2-thread-1] DEBUG net.serenitybdd.core.photography.Darkroom - Send negative for processing for target\site\serenity\bdfc8e4c7f760a434d85347e83480f117a1fdb283d5df88f96b1ccb19b0f6ed5.png
19:21:53.005 [pool-2-thread-1] DEBUG net.thucydides.core.steps.StepInterceptor - STEP DONE: clickTanggal
19:21:53.014 [pool-2-thread-1] DEBUG net.thucydides.core.steps.StepInterceptor - STARTING STEP: RegisterSteps.inputValidTanggalLahir7 - pilihTanggal
19:21:53.403 [pool-2-thread-1] DEBUG net.serenitybdd.core.photography.Darkroom - Send negative for processing for target\site\serenity\bdfc8e4c7f760a434d85347e83480f117a1fdb283d5df88f96b1ccb19b0f6ed5.png
19:21:53.403 [pool-2-thread-1] DEBUG net.thucydides.core.steps.StepInterceptor - STEP DONE: pilihTanggal
19:21:53.409 [pool-2-thread-1] DEBUG net.thucydides.core.steps.StepInterceptor - STARTING STEP: RegisterSteps.inputValidTanggalLahir7 - clickBulan
19:21:53.871 [pool-2-thread-1] DEBUG net.serenitybdd.core.photography.Darkroom - Send negative for processing for target\site\serenity\6c1556fc483b36489efa68bc9d179850146e5a0595219dc8804d1b7ef273add3.png
19:21:53.871 [pool-2-thread-1] DEBUG net.thucydides.core.steps.StepInterceptor - STEP DONE: clickBulan
19:21:53.876 [pool-2-thread-1] DEBUG net.thucydides.core.steps.StepInterceptor - STARTING STEP: RegisterSteps.inputValidTanggalLahir7 - pilihBulan
19:21:54.227 [pool-2-thread-1] DEBUG net.serenitybdd.core.photography.Darkroom - Send negative for processing for target\site\serenity\3257f32e43b53486ff8a164c6bf0198eb3c14e2095eeb23b5ac60baf0336d77d.png
19:21:54.227 [pool-2-thread-1] DEBUG net.thucydides.core.steps.StepInterceptor - STEP DONE: pilihBulan
19:21:54.236 [pool-2-thread-1] DEBUG net.thucydides.core.steps.StepInterceptor - STARTING STEP: RegisterSteps.inputValidTanggalLahir7 - clickTahun
19:21:54.728 [pool-2-thread-1] DEBUG net.serenitybdd.core.photography.Darkroom - Send negative for processing for target\site\serenity\ba01b8b5c7afa91823d5f316db93f324ceb7deea7147b42429b335b6f2bb6dca.png
19:21:54.728 [pool-2-thread-1] DEBUG net.thucydides.core.steps.StepInterceptor - STEP DONE: clickTahun
19:21:54.736 [pool-2-thread-1] DEBUG net.thucydides.core.steps.StepInterceptor - STARTING STEP: RegisterSteps.inputValidTanggalLahir7 - pilihTahun
19:21:55.102 [pool-2-thread-1] DEBUG net.serenitybdd.core.photography.Darkroom - Send negative for processing for target\site\serenity\60fa1c9de238e67621da11cca350fe471205144360d9a4558b909ff3f196fd5a.png
19:21:55.102 [pool-2-thread-1] DEBUG net.thucydides.core.steps.StepInterceptor - STEP DONE: pilihTahun
  &amp#27;[32mAnd &amp#27;[0m&amp#27;[32muser input valid tanggal lahir7&amp#27;[0m         &amp#27;[90m# StepDefinition.RegisterSteps.inputValidTanggalLahir7()&amp#27;[0m
19:21:55.120 [pool-2-thread-1] DEBUG net.thucydides.core.steps.StepInterceptor - STARTING STEP: RegisterSteps.klikDaftarButton7 - clickRegisterButton
19:21:56.058 [pool-2-thread-1] DEBUG net.serenitybdd.core.photography.Darkroom - Send negative for processing for target\site\serenity\6f16b746c9cbed9d2699c7015d80aa44fcdc576521ef8373a9c6126a2d50b93e.png
19:21:56.059 [pool-2-thread-1] DEBUG net.thucydides.core.steps.StepInterceptor - STEP DONE: clickRegisterButton
  &amp#27;[32mAnd &amp#27;[0m&amp#27;[32muser klik Daftar button7&amp#27;[0m                &amp#27;[90m# StepDefinition.RegisterSteps.klikDaftarButton7()&amp#27;[0m
  &amp#27;[32mThen &amp#27;[0m&amp#27;[32muser got message7 &amp#27;[0m&amp#27;[32m&amp#27;[1mpilih jenis kelamin&amp#27;[0m  &amp#27;[90m# StepDefinition.RegisterSteps.gotMessage7(java.lang.String)&amp#27;[0m
19:21:56.080 [pool-2-thread-1] INFO  - 
>>>>>>> 3eb7ed59fd558cd82a68549bb500382e6b35ceb5
  _____   ___   ___   _____     ___     _     ___   ___   ___   ___  
 |_   _| | __| / __| |_   _|   | _ \   /_\   / __| / __| | __| |   \ 
   | |   | _|  \__ \   | |     |  _/  / _ \  \__ \ \__ \ | _|  | |) |
   |_|   |___| |___/   |_|     |_|   /_/ \_\ |___/ |___/ |___| |___/ 

user tidak memasukkan jenis kelamin
----------------------------------------------------------------------
]]></system-out>
<<<<<<< HEAD
    <system-err><![CDATA[Starting ChromeDriver 103.0.5060.53 (a1711811edd74ff1cf2150f36ffa3b0dae40b17f-refs/branch-heads/5060@{#853}) on port 44887
Only local connections are allowed.
Please see https://chromedriver.chromium.org/security-considerations for suggestions on keeping ChromeDriver safe.
ChromeDriver was started successfully.
Jul 17, 2022 8:13:23 PM org.openqa.selenium.remote.ProtocolHandshake createSession
INFO: Detected dialect: W3C
]]></system-err>
  </testcase>
  <testcase name="user tidak mengisi confirm password" classname="user on register page" time="7.071">
    <system-out><![CDATA[
@nyoba
Scenario: user tidak mengisi confirm password &amp#27;[90m# src/test/resources/web/Register.feature:83&amp#27;[0m
20:13:29.101 [pool-2-thread-1] INFO io.cucumber.core.plugin.SerenityReporter - Running feature from file:///C:/Users/LENOVO-PC/OneDrive%20-%20IT-PLN/Dokumen/apenim/Diskusiaza-QE/WEB%20DISKUSIAZA/src/test/resources/web/Register.feature
20:13:29.101 [pool-2-thread-1] WARN io.cucumber.core.plugin.SerenityReporter - Feature from file:///C:/Users/LENOVO-PC/OneDrive%20-%20IT-PLN/Dokumen/apenim/Diskusiaza-QE/WEB%20DISKUSIAZA/src/test/resources/web/Register.feature is not under the 'features' directory. Requirements report will not be correctly generated!
20:13:29.101 [pool-2-thread-1] INFO  - 
=======
    <system-err><![CDATA[Starting ChromeDriver 103.0.5060.53 (a1711811edd74ff1cf2150f36ffa3b0dae40b17f-refs/branch-heads/5060@{#853}) on port 27530
Only local connections are allowed.
Please see https://chromedriver.chromium.org/security-considerations for suggestions on keeping ChromeDriver safe.
ChromeDriver was started successfully.
Jul 17, 2022 7:21:25 PM org.openqa.selenium.remote.ProtocolHandshake createSession
INFO: Detected dialect: W3C
]]></system-err>
  </testcase>
  <testcase name="user tidak mengisi confirm password" classname="user on register page" time="63.993">
    <system-out><![CDATA[
@nyoba
Scenario: user tidak mengisi confirm password &amp#27;[90m# src/test/resources/web/Register.feature:83&amp#27;[0m
19:21:57.329 [pool-2-thread-1] INFO io.cucumber.core.plugin.SerenityReporter - Running feature from file:///D:/CAPSTONE%20PROJECT%20KELOMPOK%2032/WEB%20DISKUSIAZA/src/test/resources/web/Register.feature
19:21:57.329 [pool-2-thread-1] WARN io.cucumber.core.plugin.SerenityReporter - Feature from file:///D:/CAPSTONE%20PROJECT%20KELOMPOK%2032/WEB%20DISKUSIAZA/src/test/resources/web/Register.feature is not under the 'features' directory. Requirements report will not be correctly generated!
19:21:57.335 [pool-2-thread-1] INFO  - 
>>>>>>> 3eb7ed59fd558cd82a68549bb500382e6b35ceb5
  _____   ___   ___   _____     ___   _____     _     ___   _____   ___   ___  
 |_   _| | __| / __| |_   _|   / __| |_   _|   /_\   | _ \ |_   _| | __| |   \ 
   | |   | _|  \__ \   | |     \__ \   | |    / _ \  |   /   | |   | _|  | |) |
   |_|   |___| |___/   |_|     |___/   |_|   /_/ \_\ |_|_\   |_|   |___| |___/ 

user tidak mengisi confirm password(user-on-register-page;user-tidak-mengisi-confirm-password)
--------------------------------------------------------------------------------
<<<<<<< HEAD
20:13:29.112 [pool-2-thread-1] DEBUG net.thucydides.core.steps.StepInterceptor - STARTING STEP: RegisterSteps.onRegisterPage - onRegisterPage
20:13:29.112 [pool-2-thread-1] INFO net.serenitybdd.core.webdriver.driverproviders.ChromeDriverProvider - Using automatically driver download
20:13:29.118 [pool-2-thread-1] DEBUG io.github.bonigarcia.wdm.cache.ResolutionCache - Resolution chrome=103 in cache (valid until 21:11:07 17/07/2022 WIB)
20:13:29.118 [pool-2-thread-1] DEBUG io.github.bonigarcia.wdm.cache.ResolutionCache - Resolution chrome103=103.0.5060.53 in cache (valid until 19:09:45 18/07/2022 WIB)
20:13:29.118 [pool-2-thread-1] INFO io.github.bonigarcia.wdm.WebDriverManager - Using chromedriver 103.0.5060.53 (resolved driver for Chrome 103)
20:13:29.123 [pool-2-thread-1] DEBUG io.github.bonigarcia.wdm.WebDriverManager - Driver chromedriver 103.0.5060.53 found in cache
20:13:29.123 [pool-2-thread-1] INFO io.github.bonigarcia.wdm.WebDriverManager - Exporting webdriver.chrome.driver as C:\Users\LENOVO-PC\.cache\selenium\chromedriver\win32\103.0.5060.53\chromedriver.exe
20:13:29.299 [pool-2-thread-1] INFO net.serenitybdd.core.webdriver.driverproviders.ProvideNewDriver - Instantiating driver
20:13:29.299 [pool-2-thread-1] INFO net.serenitybdd.core.webdriver.driverproviders.ProvideNewDriver - Driver capabilities: Capabilities {acceptInsecureCerts: false, base.url: https://diskusiaza.netlify.app, browserName: chrome, chrome.driver: src/test/resources/webdrive..., driver: chrome, goog:chromeOptions: {args: [], extensions: []}, loggingPrefs: org.openqa.selenium.logging...}
20:13:31.700 [pool-2-thread-1] DEBUG net.serenitybdd.core.photography.Darkroom - Send negative for processing for target\site\serenity\15885e7a31041ffadaf2b07e916ab328405065fa537efb38dc895ba189c6445a.png
20:13:31.700 [pool-2-thread-1] DEBUG net.thucydides.core.steps.StepInterceptor - STEP DONE: onRegisterPage
  &amp#27;[32mGiven &amp#27;[0m&amp#27;[32muser on register page&amp#27;[0m                 &amp#27;[90m# StepDefinition.RegisterSteps.onRegisterPage()&amp#27;[0m
20:13:31.859 [pool-2-thread-1] DEBUG net.serenitybdd.core.photography.Darkroom - Send negative for processing for target\site\serenity\15885e7a31041ffadaf2b07e916ab328405065fa537efb38dc895ba189c6445a.png
20:13:31.859 [pool-2-thread-1] DEBUG net.thucydides.core.steps.StepInterceptor - STARTING STEP: RegisterSteps.inputValidNamaDepan8 - typeFirstName
20:13:32.190 [pool-2-thread-1] DEBUG net.serenitybdd.core.photography.Darkroom - Send negative for processing for target\site\serenity\cd3f64df56ed1935c397bb062c24e09f5dd785611b919ef9a8dc77068300c198.png
20:13:32.190 [pool-2-thread-1] DEBUG net.thucydides.core.steps.StepInterceptor - STEP DONE: typeFirstName
  &amp#27;[32mWhen &amp#27;[0m&amp#27;[32muser input valid nama depan8&amp#27;[0m           &amp#27;[90m# StepDefinition.RegisterSteps.inputValidNamaDepan8()&amp#27;[0m
20:13:32.360 [pool-2-thread-1] DEBUG net.serenitybdd.core.photography.Darkroom - Send negative for processing for target\site\serenity\cd3f64df56ed1935c397bb062c24e09f5dd785611b919ef9a8dc77068300c198.png
20:13:32.360 [pool-2-thread-1] DEBUG net.thucydides.core.steps.StepInterceptor - STARTING STEP: RegisterSteps.inputNamaBelakang8 - typeLastName
20:13:32.691 [pool-2-thread-1] DEBUG net.serenitybdd.core.photography.Darkroom - Send negative for processing for target\site\serenity\c69693e2e6212ede40624cd3385fdaad5ecbb3d9ce42c1b42d6f5715258682a5.png
20:13:32.691 [pool-2-thread-1] DEBUG net.thucydides.core.steps.StepInterceptor - STEP DONE: typeLastName
  &amp#27;[32mAnd &amp#27;[0m&amp#27;[32muser input nama belakang8&amp#27;[0m               &amp#27;[90m# StepDefinition.RegisterSteps.inputNamaBelakang8()&amp#27;[0m
20:13:32.874 [pool-2-thread-1] DEBUG net.serenitybdd.core.photography.Darkroom - Send negative for processing for target\site\serenity\c69693e2e6212ede40624cd3385fdaad5ecbb3d9ce42c1b42d6f5715258682a5.png
20:13:32.874 [pool-2-thread-1] DEBUG net.thucydides.core.steps.StepInterceptor - STARTING STEP: RegisterSteps.inputValidEmail8 - typeEmail
20:13:33.267 [pool-2-thread-1] DEBUG net.serenitybdd.core.photography.Darkroom - Send negative for processing for target\site\serenity\a0d48b1de6f0061e0d9898b6bae2d5f1f5cd2241283df1ff44fbca154d4a09b8.png
20:13:33.267 [pool-2-thread-1] DEBUG net.thucydides.core.steps.StepInterceptor - STEP DONE: typeEmail
  &amp#27;[32mAnd &amp#27;[0m&amp#27;[32muser input valid email8&amp#27;[0m                 &amp#27;[90m# StepDefinition.RegisterSteps.inputValidEmail8()&amp#27;[0m
20:13:33.278 [pool-2-thread-1] DEBUG net.thucydides.core.steps.StepInterceptor - STARTING STEP: RegisterSteps.inputValidPassword8 - typePassword
20:13:33.592 [pool-2-thread-1] DEBUG net.serenitybdd.core.photography.Darkroom - Send negative for processing for target\site\serenity\89efb9d232578142dbf0f55976c2f77e6e74124f78a3ee544304a04f7f2e0574.png
20:13:33.592 [pool-2-thread-1] DEBUG net.thucydides.core.steps.StepInterceptor - STEP DONE: typePassword
  &amp#27;[32mAnd &amp#27;[0m&amp#27;[32muser input valid password8 &amp#27;[0m&amp#27;[32m&amp#27;[1mkatasandi&amp#27;[0m    &amp#27;[90m# StepDefinition.RegisterSteps.inputValidPassword8(java.lang.String)&amp#27;[0m
20:13:33.599 [pool-2-thread-1] DEBUG net.thucydides.core.steps.StepInterceptor - STARTING STEP: RegisterSteps.inputJenisKelamin8 - typeJenisKelamin
20:13:33.826 [pool-2-thread-1] DEBUG net.serenitybdd.core.photography.Darkroom - Send negative for processing for target\site\serenity\cac5c000a17160c5204da2deb1546aa9b5ba85d98286d558f8cfa331b6ba15a7.png
20:13:33.827 [pool-2-thread-1] DEBUG net.thucydides.core.steps.StepInterceptor - STEP DONE: typeJenisKelamin
  &amp#27;[32mAnd &amp#27;[0m&amp#27;[32muser input jenis kelamin8&amp#27;[0m               &amp#27;[90m# StepDefinition.RegisterSteps.inputJenisKelamin8()&amp#27;[0m
20:13:33.834 [pool-2-thread-1] DEBUG net.thucydides.core.steps.StepInterceptor - STARTING STEP: RegisterSteps.inputValidTanggalLahir8 - clickTanggal
20:13:34.146 [pool-2-thread-1] DEBUG net.serenitybdd.core.photography.Darkroom - Send negative for processing for target\site\serenity\2475c1b7447334884f911b7230047fafad1c2924da230323eab01d780701793d.png
20:13:34.147 [pool-2-thread-1] DEBUG net.thucydides.core.steps.StepInterceptor - STEP DONE: clickTanggal
20:13:34.149 [pool-2-thread-1] DEBUG net.thucydides.core.steps.StepInterceptor - STARTING STEP: RegisterSteps.inputValidTanggalLahir8 - pilihTanggal
20:13:34.350 [pool-2-thread-1] DEBUG net.serenitybdd.core.photography.Darkroom - Send negative for processing for target\site\serenity\2475c1b7447334884f911b7230047fafad1c2924da230323eab01d780701793d.png
20:13:34.350 [pool-2-thread-1] DEBUG net.thucydides.core.steps.StepInterceptor - STEP DONE: pilihTanggal
20:13:34.352 [pool-2-thread-1] DEBUG net.thucydides.core.steps.StepInterceptor - STARTING STEP: RegisterSteps.inputValidTanggalLahir8 - clickBulan
20:13:34.596 [pool-2-thread-1] DEBUG net.serenitybdd.core.photography.Darkroom - Send negative for processing for target\site\serenity\af6aaa912f31b1563fc2e74433c4bde4d653d701d6e4b65208c6953dc290833b.png
20:13:34.596 [pool-2-thread-1] DEBUG net.thucydides.core.steps.StepInterceptor - STEP DONE: clickBulan
20:13:34.599 [pool-2-thread-1] DEBUG net.thucydides.core.steps.StepInterceptor - STARTING STEP: RegisterSteps.inputValidTanggalLahir8 - pilihBulan
20:13:34.792 [pool-2-thread-1] DEBUG net.serenitybdd.core.photography.Darkroom - Send negative for processing for target\site\serenity\1698e8133b2640d50008fdf78be39c6e92b45b44b93b70d518e6691c4dc83c44.png
20:13:34.792 [pool-2-thread-1] DEBUG net.thucydides.core.steps.StepInterceptor - STEP DONE: pilihBulan
20:13:34.800 [pool-2-thread-1] DEBUG net.thucydides.core.steps.StepInterceptor - STARTING STEP: RegisterSteps.inputValidTanggalLahir8 - clickTahun
20:13:35.029 [pool-2-thread-1] DEBUG net.serenitybdd.core.photography.Darkroom - Send negative for processing for target\site\serenity\f0f0a674b6172c8d7075219e194a82054445674c5d03420dc994de235b313aa4.png
20:13:35.029 [pool-2-thread-1] DEBUG net.thucydides.core.steps.StepInterceptor - STEP DONE: clickTahun
20:13:35.032 [pool-2-thread-1] DEBUG net.thucydides.core.steps.StepInterceptor - STARTING STEP: RegisterSteps.inputValidTanggalLahir8 - pilihTahun
20:13:35.208 [pool-2-thread-1] DEBUG net.serenitybdd.core.photography.Darkroom - Send negative for processing for target\site\serenity\c40eda1dc43789b8e566ecc215b591cf82843cae12c3753175cf19db2337a1b2.png
20:13:35.208 [pool-2-thread-1] DEBUG net.thucydides.core.steps.StepInterceptor - STEP DONE: pilihTahun
  &amp#27;[32mAnd &amp#27;[0m&amp#27;[32muser input valid tanggal lahir8&amp#27;[0m         &amp#27;[90m# StepDefinition.RegisterSteps.inputValidTanggalLahir8()&amp#27;[0m
20:13:35.208 [pool-2-thread-1] DEBUG net.thucydides.core.steps.StepInterceptor - STARTING STEP: RegisterSteps.klikDaftarButton8 - clickRegisterButton
20:13:35.799 [pool-2-thread-1] DEBUG net.serenitybdd.core.photography.Darkroom - Send negative for processing for target\site\serenity\fbbfbec96cdf941272f4e033c251154c0d74244b1fef9371feab2aadd0a345f9.png
20:13:35.800 [pool-2-thread-1] DEBUG net.thucydides.core.steps.StepInterceptor - STEP DONE: clickRegisterButton
  &amp#27;[32mAnd &amp#27;[0m&amp#27;[32muser klik Daftar button8&amp#27;[0m                &amp#27;[90m# StepDefinition.RegisterSteps.klikDaftarButton8()&amp#27;[0m
  &amp#27;[32mThen &amp#27;[0m&amp#27;[32muser got message8 &amp#27;[0m&amp#27;[32m&amp#27;[1mpusing&amp#27;[0m               &amp#27;[90m# StepDefinition.RegisterSteps.gotMessage8(java.lang.String)&amp#27;[0m
20:13:35.808 [pool-2-thread-1] INFO  - 
=======
19:21:57.383 [pool-2-thread-1] DEBUG net.thucydides.core.steps.StepInterceptor - STARTING STEP: RegisterSteps.onRegisterPage - onRegisterPage
19:21:57.386 [pool-2-thread-1] INFO net.serenitybdd.core.webdriver.driverproviders.ChromeDriverProvider - Using automatically driver download
19:21:57.431 [pool-2-thread-1] DEBUG io.github.bonigarcia.wdm.cache.ResolutionCache - Resolution chrome=103 in cache (valid until 20:04:47 17/07/2022 ICT)
19:21:57.432 [pool-2-thread-1] DEBUG io.github.bonigarcia.wdm.cache.ResolutionCache - Resolution chrome103=103.0.5060.53 in cache (valid until 19:04:47 18/07/2022 ICT)
19:21:57.432 [pool-2-thread-1] INFO io.github.bonigarcia.wdm.WebDriverManager - Using chromedriver 103.0.5060.53 (resolved driver for Chrome 103)
19:21:57.447 [pool-2-thread-1] DEBUG io.github.bonigarcia.wdm.WebDriverManager - Driver chromedriver 103.0.5060.53 found in cache
19:21:57.450 [pool-2-thread-1] INFO io.github.bonigarcia.wdm.WebDriverManager - Exporting webdriver.chrome.driver as C:\Users\Siti Nurlatipah\.cache\selenium\chromedriver\win32\103.0.5060.53\chromedriver.exe
19:21:58.790 [pool-2-thread-1] INFO net.serenitybdd.core.webdriver.driverproviders.ProvideNewDriver - Instantiating driver
19:21:58.790 [pool-2-thread-1] INFO net.serenitybdd.core.webdriver.driverproviders.ProvideNewDriver - Driver capabilities: Capabilities {acceptInsecureCerts: false, base.url: https://diskusiaza.netlify.app, browserName: chrome, chrome.driver: src/test/resources/webdrive..., driver: chrome, goog:chromeOptions: {args: [], extensions: []}, loggingPrefs: org.openqa.selenium.logging...}
19:22:52.891 [pool-2-thread-1] DEBUG net.serenitybdd.core.photography.Darkroom - Send negative for processing for target\site\serenity\f85dffa8b601583a0e2142bf5b67a83a6d5423edd063e65715b4acb56e319093.png
19:22:52.891 [pool-2-thread-1] DEBUG net.thucydides.core.steps.StepInterceptor - STEP DONE: onRegisterPage
  &amp#27;[32mGiven &amp#27;[0m&amp#27;[32muser on register page&amp#27;[0m                 &amp#27;[90m# StepDefinition.RegisterSteps.onRegisterPage()&amp#27;[0m
19:22:53.160 [pool-2-thread-1] DEBUG net.serenitybdd.core.photography.Darkroom - Send negative for processing for target\site\serenity\f85dffa8b601583a0e2142bf5b67a83a6d5423edd063e65715b4acb56e319093.png
19:22:53.160 [pool-2-thread-1] DEBUG net.thucydides.core.steps.StepInterceptor - STARTING STEP: RegisterSteps.inputValidNamaDepan8 - typeFirstName
19:22:53.855 [pool-2-thread-1] DEBUG net.serenitybdd.core.photography.Darkroom - Send negative for processing for target\site\serenity\ed87d7aa696bf222cd058687ce7a72bbf5656b968553b0c1f46d8db993084e6c.png
19:22:53.856 [pool-2-thread-1] DEBUG net.thucydides.core.steps.StepInterceptor - STEP DONE: typeFirstName
  &amp#27;[32mWhen &amp#27;[0m&amp#27;[32muser input valid nama depan8&amp#27;[0m           &amp#27;[90m# StepDefinition.RegisterSteps.inputValidNamaDepan8()&amp#27;[0m
19:22:54.143 [pool-2-thread-1] DEBUG net.serenitybdd.core.photography.Darkroom - Send negative for processing for target\site\serenity\ed87d7aa696bf222cd058687ce7a72bbf5656b968553b0c1f46d8db993084e6c.png
19:22:54.144 [pool-2-thread-1] DEBUG net.thucydides.core.steps.StepInterceptor - STARTING STEP: RegisterSteps.inputNamaBelakang8 - typeLastName
19:22:54.747 [pool-2-thread-1] DEBUG net.serenitybdd.core.photography.Darkroom - Send negative for processing for target\site\serenity\718bd87d488696afa83190690f968efde5cd996867cc0b60f6eb17fafb98d392.png
19:22:54.747 [pool-2-thread-1] DEBUG net.thucydides.core.steps.StepInterceptor - STEP DONE: typeLastName
  &amp#27;[32mAnd &amp#27;[0m&amp#27;[32muser input nama belakang8&amp#27;[0m               &amp#27;[90m# StepDefinition.RegisterSteps.inputNamaBelakang8()&amp#27;[0m
19:22:55.018 [pool-2-thread-1] DEBUG net.serenitybdd.core.photography.Darkroom - Send negative for processing for target\site\serenity\a3bf834b0c2dc7f4223ef61d28fd517267ba8a6d5358c8a9e30ee8605970883a.png
19:22:55.019 [pool-2-thread-1] DEBUG net.thucydides.core.steps.StepInterceptor - STARTING STEP: RegisterSteps.inputValidEmail8 - typeEmail
19:22:55.819 [pool-2-thread-1] DEBUG net.serenitybdd.core.photography.Darkroom - Send negative for processing for target\site\serenity\2ecd99ac92df86936bee2e1a54881b8f79b806fdccee2f266b728056222c24f6.png
19:22:55.820 [pool-2-thread-1] DEBUG net.thucydides.core.steps.StepInterceptor - STEP DONE: typeEmail
  &amp#27;[32mAnd &amp#27;[0m&amp#27;[32muser input valid email8&amp#27;[0m                 &amp#27;[90m# StepDefinition.RegisterSteps.inputValidEmail8()&amp#27;[0m
19:22:55.839 [pool-2-thread-1] DEBUG net.thucydides.core.steps.StepInterceptor - STARTING STEP: RegisterSteps.inputValidPassword8 - typePassword
19:22:56.441 [pool-2-thread-1] DEBUG net.serenitybdd.core.photography.Darkroom - Send negative for processing for target\site\serenity\2cb2d64b055ff54d35e45bfd5e99b56f6bcbc2345319d5c27b7db30c96fa0676.png
19:22:56.441 [pool-2-thread-1] DEBUG net.thucydides.core.steps.StepInterceptor - STEP DONE: typePassword
  &amp#27;[32mAnd &amp#27;[0m&amp#27;[32muser input valid password8 &amp#27;[0m&amp#27;[32m&amp#27;[1mkatasandi&amp#27;[0m    &amp#27;[90m# StepDefinition.RegisterSteps.inputValidPassword8(java.lang.String)&amp#27;[0m
19:22:56.456 [pool-2-thread-1] DEBUG net.thucydides.core.steps.StepInterceptor - STARTING STEP: RegisterSteps.inputJenisKelamin8 - typeJenisKelamin
19:22:56.861 [pool-2-thread-1] DEBUG net.serenitybdd.core.photography.Darkroom - Send negative for processing for target\site\serenity\28bc9b6a71ed9f508a5e0e63e376b16f156e64c531a8c2ee37282c4defb39b13.png
19:22:56.862 [pool-2-thread-1] DEBUG net.thucydides.core.steps.StepInterceptor - STEP DONE: typeJenisKelamin
  &amp#27;[32mAnd &amp#27;[0m&amp#27;[32muser input jenis kelamin8&amp#27;[0m               &amp#27;[90m# StepDefinition.RegisterSteps.inputJenisKelamin8()&amp#27;[0m
19:22:56.879 [pool-2-thread-1] DEBUG net.thucydides.core.steps.StepInterceptor - STARTING STEP: RegisterSteps.inputValidTanggalLahir8 - clickTanggal
19:22:57.441 [pool-2-thread-1] DEBUG net.serenitybdd.core.photography.Darkroom - Send negative for processing for target\site\serenity\9bac4563d18c21d09af48c59d130eac3bfcbe7f53e91b1953456fc09e1bc7aac.png
19:22:57.441 [pool-2-thread-1] DEBUG net.thucydides.core.steps.StepInterceptor - STEP DONE: clickTanggal
19:22:57.448 [pool-2-thread-1] DEBUG net.thucydides.core.steps.StepInterceptor - STARTING STEP: RegisterSteps.inputValidTanggalLahir8 - pilihTanggal
19:22:57.770 [pool-2-thread-1] DEBUG net.serenitybdd.core.photography.Darkroom - Send negative for processing for target\site\serenity\9bac4563d18c21d09af48c59d130eac3bfcbe7f53e91b1953456fc09e1bc7aac.png
19:22:57.770 [pool-2-thread-1] DEBUG net.thucydides.core.steps.StepInterceptor - STEP DONE: pilihTanggal
19:22:57.775 [pool-2-thread-1] DEBUG net.thucydides.core.steps.StepInterceptor - STARTING STEP: RegisterSteps.inputValidTanggalLahir8 - clickBulan
19:22:58.201 [pool-2-thread-1] DEBUG net.serenitybdd.core.photography.Darkroom - Send negative for processing for target\site\serenity\652c33a7195b5e88efb32da14c75bcd7d9878dcef2d4174768ac76ea62712696.png
19:22:58.201 [pool-2-thread-1] DEBUG net.thucydides.core.steps.StepInterceptor - STEP DONE: clickBulan
19:22:58.209 [pool-2-thread-1] DEBUG net.thucydides.core.steps.StepInterceptor - STARTING STEP: RegisterSteps.inputValidTanggalLahir8 - pilihBulan
19:22:58.537 [pool-2-thread-1] DEBUG net.serenitybdd.core.photography.Darkroom - Send negative for processing for target\site\serenity\1cb1e731d306d087e54330426512d6310f9b928a0f088658c6ebba6034343954.png
19:22:58.537 [pool-2-thread-1] DEBUG net.thucydides.core.steps.StepInterceptor - STEP DONE: pilihBulan
19:22:58.544 [pool-2-thread-1] DEBUG net.thucydides.core.steps.StepInterceptor - STARTING STEP: RegisterSteps.inputValidTanggalLahir8 - clickTahun
19:22:58.951 [pool-2-thread-1] DEBUG net.serenitybdd.core.photography.Darkroom - Send negative for processing for target\site\serenity\697fd48017aa5be5197afc9fb15eb027c1120f80dad4f147867be948a3544c6b.png
19:22:58.951 [pool-2-thread-1] DEBUG net.thucydides.core.steps.StepInterceptor - STEP DONE: clickTahun
19:22:58.959 [pool-2-thread-1] DEBUG net.thucydides.core.steps.StepInterceptor - STARTING STEP: RegisterSteps.inputValidTanggalLahir8 - pilihTahun
19:22:59.274 [pool-2-thread-1] DEBUG net.serenitybdd.core.photography.Darkroom - Send negative for processing for target\site\serenity\ad5e72f95c14b30265d7121a86983f3db0f8bc90eda35a82fe6cf43f8eaabe68.png
19:22:59.275 [pool-2-thread-1] DEBUG net.thucydides.core.steps.StepInterceptor - STEP DONE: pilihTahun
  &amp#27;[32mAnd &amp#27;[0m&amp#27;[32muser input valid tanggal lahir8&amp#27;[0m         &amp#27;[90m# StepDefinition.RegisterSteps.inputValidTanggalLahir8()&amp#27;[0m
19:22:59.291 [pool-2-thread-1] DEBUG net.thucydides.core.steps.StepInterceptor - STARTING STEP: RegisterSteps.klikDaftarButton8 - clickRegisterButton
19:23:00.115 [pool-2-thread-1] DEBUG net.serenitybdd.core.photography.Darkroom - Send negative for processing for target\site\serenity\7d858c7f8d9a736f19fc838805d16ea0c37934b99279393a99cd83ef8bde521b.png
19:23:00.115 [pool-2-thread-1] DEBUG net.thucydides.core.steps.StepInterceptor - STEP DONE: clickRegisterButton
  &amp#27;[32mAnd &amp#27;[0m&amp#27;[32muser klik Daftar button8&amp#27;[0m                &amp#27;[90m# StepDefinition.RegisterSteps.klikDaftarButton8()&amp#27;[0m
  &amp#27;[32mThen &amp#27;[0m&amp#27;[32muser got message8 &amp#27;[0m&amp#27;[32m&amp#27;[1mpusing&amp#27;[0m               &amp#27;[90m# StepDefinition.RegisterSteps.gotMessage8(java.lang.String)&amp#27;[0m
19:23:00.138 [pool-2-thread-1] INFO  - 
>>>>>>> 3eb7ed59fd558cd82a68549bb500382e6b35ceb5
  _____   ___   ___   _____     ___     _     ___   ___   ___   ___  
 |_   _| | __| / __| |_   _|   | _ \   /_\   / __| / __| | __| |   \ 
   | |   | _|  \__ \   | |     |  _/  / _ \  \__ \ \__ \ | _|  | |) |
   |_|   |___| |___/   |_|     |_|   /_/ \_\ |___/ |___/ |___| |___/ 

user tidak mengisi confirm password
----------------------------------------------------------------------
]]></system-out>
<<<<<<< HEAD
    <system-err><![CDATA[Starting ChromeDriver 103.0.5060.53 (a1711811edd74ff1cf2150f36ffa3b0dae40b17f-refs/branch-heads/5060@{#853}) on port 7119
Only local connections are allowed.
Please see https://chromedriver.chromium.org/security-considerations for suggestions on keeping ChromeDriver safe.
ChromeDriver was started successfully.
Jul 17, 2022 8:13:30 PM org.openqa.selenium.remote.ProtocolHandshake createSession
=======
    <system-err><![CDATA[Starting ChromeDriver 103.0.5060.53 (a1711811edd74ff1cf2150f36ffa3b0dae40b17f-refs/branch-heads/5060@{#853}) on port 28099
Only local connections are allowed.
Please see https://chromedriver.chromium.org/security-considerations for suggestions on keeping ChromeDriver safe.
ChromeDriver was started successfully.
Jul 17, 2022 7:22:01 PM org.openqa.selenium.remote.ProtocolHandshake createSession
>>>>>>> 3eb7ed59fd558cd82a68549bb500382e6b35ceb5
INFO: Detected dialect: W3C
]]></system-err>
  </testcase>
</testsuite>