<?xml version="1.0" encoding="UTF-8"?>
<testsuite xmlns:xsi="http://www.w3.org/2001/XMLSchema-instance" xsi:noNamespaceSchemaLocation="https://maven.apache.org/surefire/maven-failsafe-plugin/xsd/failsafe-test-report-3.0.xsd" version="3.0" name="User on login page" time="72.601" tests="4" errors="0" skipped="0" failures="0">
  <properties>
    <property name="sun.desktop" value="windows"/>
    <property name="awt.toolkit" value="sun.awt.windows.WToolkit"/>
    <property name="java.specification.version" value="11"/>
    <property name="webdriver.chrome.driver" value="C:\Users\Siti Nurlatipah\.cache\selenium\chromedriver\win32\103.0.5060.53\chromedriver.exe"/>
    <property name="sun.cpu.isalist" value="amd64"/>
    <property name="sun.jnu.encoding" value="Cp1252"/>
    <property name="java.class.path" value="D:\cicd\web\target\test-classes;C:\Users\Siti Nurlatipah\.m2\repository\ch\qos\logback\logback-classic\1.2.3\logback-classic-1.2.3.jar;C:\Users\Siti Nurlatipah\.m2\repository\ch\qos\logback\logback-core\1.2.3\logback-core-1.2.3.jar;C:\Users\Siti Nurlatipah\.m2\repository\org\slf4j\slf4j-api\1.7.25\slf4j-api-1.7.25.jar;C:\Users\Siti Nurlatipah\.m2\repository\net\serenity-bdd\serenity-core\2.4.51\serenity-core-2.4.51.jar;C:\Users\Siti Nurlatipah\.m2\repository\net\serenity-bdd\serenity-model\2.4.51\serenity-model-2.4.51.jar;C:\Users\Siti Nurlatipah\.m2\repository\org\apache\commons\commons-text\1.9\commons-text-1.9.jar;C:\Users\Siti Nurlatipah\.m2\repository\commons-net\commons-net\3.6\commons-net-3.6.jar;C:\Users\Siti Nurlatipah\.m2\repository\com\google\guava\guava\30.1-jre\guava-30.1-jre.jar;C:\Users\Siti Nurlatipah\.m2\repository\com\google\guava\failureaccess\1.0.1\failureaccess-1.0.1.jar;C:\Users\Siti Nurlatipah\.m2\repository\com\google\guava\listenablefuture\9999.0-empty-to-avoid-conflict-with-guava\listenablefuture-9999.0-empty-to-avoid-conflict-with-guava.jar;C:\Users\Siti Nurlatipah\.m2\repository\com\google\code\findbugs\jsr305\3.0.2\jsr305-3.0.2.jar;C:\Users\Siti Nurlatipah\.m2\repository\org\checkerframework\checker-qual\3.5.0\checker-qual-3.5.0.jar;C:\Users\Siti Nurlatipah\.m2\repository\com\google\errorprone\error_prone_annotations\2.3.4\error_prone_annotations-2.3.4.jar;C:\Users\Siti Nurlatipah\.m2\repository\com\google\j2objc\j2objc-annotations\1.3\j2objc-annotations-1.3.jar;C:\Users\Siti Nurlatipah\.m2\repository\com\google\inject\guice\5.0.1\guice-5.0.1.jar;C:\Users\Siti Nurlatipah\.m2\repository\javax\inject\javax.inject\1\javax.inject-1.jar;C:\Users\Siti Nurlatipah\.m2\repository\aopalliance\aopalliance\1.0\aopalliance-1.0.jar;C:\Users\Siti Nurlatipah\.m2\repository\org\jsoup\jsoup\1.13.1\jsoup-1.13.1.jar;C:\Users\Siti Nurlatipah\.m2\repository\com\thoughtworks\xstream\xstream\1.4.17\xstream-1.4.17.jar;C:\Users\Siti Nurlatipah\.m2\repository\io\github\x-stream\mxparser\1.2.1\mxparser-1.2.1.jar;C:\Users\Siti Nurlatipah\.m2\repository\xmlpull\xmlpull\1.1.3.1\xmlpull-1.1.3.1.jar;C:\Users\Siti Nurlatipah\.m2\repository\io\cucumber\cucumber-core\6.10.2\cucumber-core-6.10.2.jar;C:\Users\Siti Nurlatipah\.m2\repository\io\cucumber\cucumber-gherkin\6.10.2\cucumber-gherkin-6.10.2.jar;C:\Users\Siti Nurlatipah\.m2\repository\io\cucumber\cucumber-gherkin-messages\6.10.2\cucumber-gherkin-messages-6.10.2.jar;C:\Users\Siti Nurlatipah\.m2\repository\io\cucumber\messages\14.0.1\messages-14.0.1.jar;C:\Users\Siti Nurlatipah\.m2\repository\io\cucumber\tag-expressions\3.0.0\tag-expressions-3.0.0.jar;C:\Users\Siti Nurlatipah\.m2\repository\io\cucumber\cucumber-expressions\10.3.0\cucumber-expressions-10.3.0.jar;C:\Users\Siti Nurlatipah\.m2\repository\io\cucumber\cucumber-plugin\6.10.2\cucumber-plugin-6.10.2.jar;C:\Users\Siti Nurlatipah\.m2\repository\io\cucumber\docstring\6.10.2\docstring-6.10.2.jar;C:\Users\Siti Nurlatipah\.m2\repository\io\cucumber\html-formatter\12.0.0\html-formatter-12.0.0.jar;C:\Users\Siti Nurlatipah\.m2\repository\io\cucumber\create-meta\3.0.0\create-meta-3.0.0.jar;C:\Users\Siti Nurlatipah\.m2\repository\com\typesafe\config\1.3.1\config-1.3.1.jar;C:\Users\Siti Nurlatipah\.m2\repository\org\imgscalr\imgscalr-lib\4.2\imgscalr-lib-4.2.jar;C:\Users\Siti Nurlatipah\.m2\repository\org\awaitility\awaitility\4.0.3\awaitility-4.0.3.jar;C:\Users\Siti Nurlatipah\.m2\repository\org\freemarker\freemarker\2.3.29\freemarker-2.3.29.jar;C:\Users\Siti Nurlatipah\.m2\repository\net\sourceforge\jexcelapi\jxl\2.6.12\jxl-2.6.12.jar;C:\Users\Siti Nurlatipah\.m2\repository\org\asciidoctor\asciidoctorj\2.5.1\asciidoctorj-2.5.1.jar;C:\Users\Siti Nurlatipah\.m2\repository\org\asciidoctor\asciidoctorj-api\2.5.1\asciidoctorj-api-2.5.1.jar;C:\Users\Siti Nurlatipah\.m2\repository\org\jruby\jruby\9.2.17.0\jruby-9.2.17.0.jar;C:\Users\Siti Nurlatipah\.m2\repository\org\jruby\jruby-core\9.2.17.0\jruby-core-9.2.17.0.jar;C:\Users\Siti Nurlatipah\.m2\repository\com\github\jnr\jnr-netdb\1.2.0\jnr-netdb-1.2.0.jar;C:\Users\Siti Nurlatipah\.m2\repository\com\github\jnr\jnr-enxio\0.32.3\jnr-enxio-0.32.3.jar;C:\Users\Siti Nurlatipah\.m2\repository\com\github\jnr\jnr-unixsocket\0.38.5\jnr-unixsocket-0.38.5.jar;C:\Users\Siti Nurlatipah\.m2\repository\com\github\jnr\jnr-posix\3.1.4\jnr-posix-3.1.4.jar;C:\Users\Siti Nurlatipah\.m2\repository\com\github\jnr\jnr-constants\0.10.1\jnr-constants-0.10.1.jar;C:\Users\Siti Nurlatipah\.m2\repository\com\github\jnr\jffi\1.3.1\jffi-1.3.1.jar;C:\Users\Siti Nurlatipah\.m2\repository\com\github\jnr\jffi\1.3.1\jffi-1.3.1-native.jar;C:\Users\Siti Nurlatipah\.m2\repository\org\jruby\joni\joni\2.1.31\joni-2.1.31.jar;C:\Users\Siti Nurlatipah\.m2\repository\org\jruby\jcodings\jcodings\1.0.46\jcodings-1.0.46.jar;C:\Users\Siti Nurlatipah\.m2\repository\org\jruby\dirgra\0.3\dirgra-0.3.jar;C:\Users\Siti Nurlatipah\.m2\repository\com\headius\invokebinder\1.11\invokebinder-1.11.jar;C:\Users\Siti Nurlatipah\.m2\repository\com\headius\options\1.4\options-1.4.jar;C:\Users\Siti Nurlatipah\.m2\repository\com\jcraft\jzlib\1.1.3\jzlib-1.1.3.jar;C:\Users\Siti Nurlatipah\.m2\repository\com\martiansoftware\nailgun-server\0.9.1\nailgun-server-0.9.1.jar;C:\Users\Siti Nurlatipah\.m2\repository\com\headius\backport9\1.8\backport9-1.8.jar;C:\Users\Siti Nurlatipah\.m2\repository\javax\annotation\javax.annotation-api\1.3.1\javax.annotation-api-1.3.1.jar;C:\Users\Siti Nurlatipah\.m2\repository\org\jruby\jruby-stdlib\9.2.17.0\jruby-stdlib-9.2.17.0.jar;C:\Users\Siti Nurlatipah\.m2\repository\net\bytebuddy\byte-buddy\1.11.1\byte-buddy-1.11.1.jar;C:\Users\Siti Nurlatipah\.m2\repository\net\bytebuddy\byte-buddy-agent\1.11.1\byte-buddy-agent-1.11.1.jar;C:\Users\Siti Nurlatipah\.m2\repository\org\objenesis\objenesis\3.1\objenesis-3.1.jar;C:\Users\Siti Nurlatipah\.m2\repository\net\serenity-bdd\serenity-reports\2.4.51\serenity-reports-2.4.51.jar;C:\Users\Siti Nurlatipah\.m2\repository\net\serenity-bdd\serenity-stats\2.4.51\serenity-stats-2.4.51.jar;C:\Users\Siti Nurlatipah\.m2\repository\org\jetbrains\kotlin\kotlin-stdlib\1.5.0\kotlin-stdlib-1.5.0.jar;C:\Users\Siti Nurlatipah\.m2\repository\org\jetbrains\annotations\13.0\annotations-13.0.jar;C:\Users\Siti Nurlatipah\.m2\repository\org\jetbrains\kotlin\kotlin-stdlib-common\1.5.0\kotlin-stdlib-common-1.5.0.jar;C:\Users\Siti Nurlatipah\.m2\repository\net\serenity-bdd\serenity-reports-configuration\2.4.51\serenity-reports-configuration-2.4.51.jar;C:\Users\Siti Nurlatipah\.m2\repository\com\vladsch\flexmark\flexmark-all\0.34.30\flexmark-all-0.34.30.jar;C:\Users\Siti Nurlatipah\.m2\repository\com\vladsch\flexmark\flexmark\0.34.30\flexmark-0.34.30.jar;C:\Users\Siti Nurlatipah\.m2\repository\com\vladsch\flexmark\flexmark-ext-abbreviation\0.34.30\flexmark-ext-abbreviation-0.34.30.jar;C:\Users\Siti Nurlatipah\.m2\repository\com\vladsch\flexmark\flexmark-ext-admonition\0.34.30\flexmark-ext-admonition-0.34.30.jar;C:\Users\Siti Nurlatipah\.m2\repository\com\vladsch\flexmark\flexmark-ext-anchorlink\0.34.30\flexmark-ext-anchorlink-0.34.30.jar;C:\Users\Siti Nurlatipah\.m2\repository\com\vladsch\flexmark\flexmark-ext-aside\0.34.30\flexmark-ext-aside-0.34.30.jar;C:\Users\Siti Nurlatipah\.m2\repository\com\vladsch\flexmark\flexmark-ext-attributes\0.34.30\flexmark-ext-attributes-0.34.30.jar;C:\Users\Siti Nurlatipah\.m2\repository\com\vladsch\flexmark\flexmark-ext-autolink\0.34.30\flexmark-ext-autolink-0.34.30.jar;C:\Users\Siti Nurlatipah\.m2\repository\org\nibor\autolink\autolink\0.6.0\autolink-0.6.0.jar;C:\Users\Siti Nurlatipah\.m2\repository\com\vladsch\flexmark\flexmark-ext-definition\0.34.30\flexmark-ext-definition-0.34.30.jar;C:\Users\Siti Nurlatipah\.m2\repository\com\vladsch\flexmark\flexmark-ext-emoji\0.34.30\flexmark-ext-emoji-0.34.30.jar;C:\Users\Siti Nurlatipah\.m2\repository\com\vladsch\flexmark\flexmark-ext-enumerated-reference\0.34.30\flexmark-ext-enumerated-reference-0.34.30.jar;C:\Users\Siti Nurlatipah\.m2\repository\com\vladsch\flexmark\flexmark-ext-escaped-character\0.34.30\flexmark-ext-escaped-character-0.34.30.jar;C:\Users\Siti Nurlatipah\.m2\repository\com\vladsch\flexmark\flexmark-ext-footnotes\0.34.30\flexmark-ext-footnotes-0.34.30.jar;C:\Users\Siti Nurlatipah\.m2\repository\com\vladsch\flexmark\flexmark-ext-gfm-issues\0.34.30\flexmark-ext-gfm-issues-0.34.30.jar;C:\Users\Siti Nurlatipah\.m2\repository\com\vladsch\flexmark\flexmark-ext-gfm-strikethrough\0.34.30\flexmark-ext-gfm-strikethrough-0.34.30.jar;C:\Users\Siti Nurlatipah\.m2\repository\com\vladsch\flexmark\flexmark-ext-gfm-tables\0.34.30\flexmark-ext-gfm-tables-0.34.30.jar;C:\Users\Siti Nurlatipah\.m2\repository\com\vladsch\flexmark\flexmark-ext-gfm-tasklist\0.34.30\flexmark-ext-gfm-tasklist-0.34.30.jar;C:\Users\Siti Nurlatipah\.m2\repository\com\vladsch\flexmark\flexmark-ext-gfm-users\0.34.30\flexmark-ext-gfm-users-0.34.30.jar;C:\Users\Siti Nurlatipah\.m2\repository\com\vladsch\flexmark\flexmark-ext-gitlab\0.34.30\flexmark-ext-gitlab-0.34.30.jar;C:\Users\Siti Nurlatipah\.m2\repository\com\vladsch\flexmark\flexmark-ext-jekyll-front-matter\0.34.30\flexmark-ext-jekyll-front-matter-0.34.30.jar;C:\Users\Siti Nurlatipah\.m2\repository\com\vladsch\flexmark\flexmark-ext-jekyll-tag\0.34.30\flexmark-ext-jekyll-tag-0.34.30.jar;C:\Users\Siti Nurlatipah\.m2\repository\com\vladsch\flexmark\flexmark-ext-media-tags\0.34.30\flexmark-ext-media-tags-0.34.30.jar;C:\Users\Siti Nurlatipah\.m2\repository\com\vladsch\flexmark\flexmark-test-util\0.34.30\flexmark-test-util-0.34.30.jar;C:\Users\Siti Nurlatipah\.m2\repository\com\vladsch\flexmark\flexmark-ext-ins\0.34.30\flexmark-ext-ins-0.34.30.jar;C:\Users\Siti Nurlatipah\.m2\repository\com\vladsch\flexmark\flexmark-ext-xwiki-macros\0.34.30\flexmark-ext-xwiki-macros-0.34.30.jar;C:\Users\Siti Nurlatipah\.m2\repository\com\vladsch\flexmark\flexmark-ext-superscript\0.34.30\flexmark-ext-superscript-0.34.30.jar;C:\Users\Siti Nurlatipah\.m2\repository\com\vladsch\flexmark\flexmark-ext-tables\0.34.30\flexmark-ext-tables-0.34.30.jar;C:\Users\Siti Nurlatipah\.m2\repository\com\vladsch\flexmark\flexmark-ext-toc\0.34.30\flexmark-ext-toc-0.34.30.jar;C:\Users\Siti Nurlatipah\.m2\repository\com\vladsch\flexmark\flexmark-ext-typographic\0.34.30\flexmark-ext-typographic-0.34.30.jar;C:\Users\Siti Nurlatipah\.m2\repository\com\vladsch\flexmark\flexmark-ext-wikilink\0.34.30\flexmark-ext-wikilink-0.34.30.jar;C:\Users\Siti Nurlatipah\.m2\repository\com\vladsch\flexmark\flexmark-ext-yaml-front-matter\0.34.30\flexmark-ext-yaml-front-matter-0.34.30.jar;C:\Users\Siti Nurlatipah\.m2\repository\com\vladsch\flexmark\flexmark-ext-youtube-embedded\0.34.30\flexmark-ext-youtube-embedded-0.34.30.jar;C:\Users\Siti Nurlatipah\.m2\repository\com\vladsch\flexmark\flexmark-formatter\0.34.30\flexmark-formatter-0.34.30.jar;C:\Users\Siti Nurlatipah\.m2\repository\com\vladsch\flexmark\flexmark-html-parser\0.34.30\flexmark-html-parser-0.34.30.jar;C:\Users\Siti Nurlatipah\.m2\repository\com\vladsch\flexmark\flexmark-jira-converter\0.34.30\flexmark-jira-converter-0.34.30.jar;C:\Users\Siti Nurlatipah\.m2\repository\com\vladsch\flexmark\flexmark-pdf-converter\0.34.30\flexmark-pdf-converter-0.34.30.jar;C:\Users\Siti Nurlatipah\.m2\repository\com\openhtmltopdf\openhtmltopdf-core\0.0.1-RC13\openhtmltopdf-core-0.0.1-RC13.jar;C:\Users\Siti Nurlatipah\.m2\repository\com\openhtmltopdf\openhtmltopdf-pdfbox\0.0.1-RC13\openhtmltopdf-pdfbox-0.0.1-RC13.jar;C:\Users\Siti Nurlatipah\.m2\repository\org\apache\pdfbox\pdfbox\2.0.8\pdfbox-2.0.8.jar;C:\Users\Siti Nurlatipah\.m2\repository\org\apache\pdfbox\fontbox\2.0.8\fontbox-2.0.8.jar;C:\Users\Siti Nurlatipah\.m2\repository\org\apache\pdfbox\xmpbox\2.0.8\xmpbox-2.0.8.jar;C:\Users\Siti Nurlatipah\.m2\repository\de\rototor\pdfbox\graphics2d\0.12\graphics2d-0.12.jar;C:\Users\Siti Nurlatipah\.m2\repository\com\openhtmltopdf\openhtmltopdf-rtl-support\0.0.1-RC13\openhtmltopdf-rtl-support-0.0.1-RC13.jar;C:\Users\Siti Nurlatipah\.m2\repository\com\ibm\icu\icu4j\59.1\icu4j-59.1.jar;C:\Users\Siti Nurlatipah\.m2\repository\com\openhtmltopdf\openhtmltopdf-jsoup-dom-converter\0.0.1-RC13\openhtmltopdf-jsoup-dom-converter-0.0.1-RC13.jar;C:\Users\Siti Nurlatipah\.m2\repository\com\vladsch\flexmark\flexmark-profile-pegdown\0.34.30\flexmark-profile-pegdown-0.34.30.jar;C:\Users\Siti Nurlatipah\.m2\repository\com\vladsch\flexmark\flexmark-util\0.34.30\flexmark-util-0.34.30.jar;C:\Users\Siti Nurlatipah\.m2\repository\com\vladsch\flexmark\flexmark-youtrack-converter\0.34.30\flexmark-youtrack-converter-0.34.30.jar;C:\Users\Siti Nurlatipah\.m2\repository\es\nitaur\markdown\txtmark\0.16\txtmark-0.16.jar;C:\Users\Siti Nurlatipah\.m2\repository\net\serenity-bdd\serenity-report-resources\2.4.51\serenity-report-resources-2.4.51.jar;C:\Users\Siti Nurlatipah\.m2\repository\com\google\code\gson\gson\2.8.7\gson-2.8.7.jar;C:\Users\Siti Nurlatipah\.m2\repository\com\fasterxml\jackson\core\jackson-core\2.12.4\jackson-core-2.12.4.jar;C:\Users\Siti Nurlatipah\.m2\repository\com\fasterxml\jackson\core\jackson-databind\2.12.4\jackson-databind-2.12.4.jar;C:\Users\Siti Nurlatipah\.m2\repository\com\fasterxml\jackson\core\jackson-annotations\2.12.4\jackson-annotations-2.12.4.jar;C:\Users\Siti Nurlatipah\.m2\repository\commons-codec\commons-codec\1.15\commons-codec-1.15.jar;C:\Users\Siti Nurlatipah\.m2\repository\commons-io\commons-io\2.8.0\commons-io-2.8.0.jar;C:\Users\Siti Nurlatipah\.m2\repository\org\seleniumhq\selenium\selenium-server\3.141.59\selenium-server-3.141.59.jar;C:\Users\Siti Nurlatipah\.m2\repository\org\seleniumhq\selenium\selenium-opera-driver\3.141.59\selenium-opera-driver-3.141.59.jar;C:\Users\Siti Nurlatipah\.m2\repository\org\seleniumhq\selenium\selenium-remote-driver\3.141.59\selenium-remote-driver-3.141.59.jar;C:\Users\Siti Nurlatipah\.m2\repository\org\seleniumhq\selenium\selenium-safari-driver\3.141.59\selenium-safari-driver-3.141.59.jar;C:\Users\Siti Nurlatipah\.m2\repository\com\beust\jcommander\1.72\jcommander-1.72.jar;C:\Users\Siti Nurlatipah\.m2\repository\org\apache\commons\commons-exec\1.3\commons-exec-1.3.jar;C:\Users\Siti Nurlatipah\.m2\repository\net\jcip\jcip-annotations\1.0\jcip-annotations-1.0.jar;C:\Users\Siti Nurlatipah\.m2\repository\org\seleniumhq\selenium\jetty-repacked\9.4.12.v20180830\jetty-repacked-9.4.12.v20180830.jar;C:\Users\Siti Nurlatipah\.m2\repository\com\squareup\okhttp3\okhttp\3.11.0\okhttp-3.11.0.jar;C:\Users\Siti Nurlatipah\.m2\repository\com\squareup\okio\okio\1.14.0\okio-1.14.0.jar;C:\Users\Siti Nurlatipah\.m2\repository\javax\servlet\javax.servlet-api\3.1.0\javax.servlet-api-3.1.0.jar;C:\Users\Siti Nurlatipah\.m2\repository\org\yaml\snakeyaml\1.19\snakeyaml-1.19.jar;C:\Users\Siti Nurlatipah\.m2\repository\org\seleniumhq\selenium\selenium-java\3.141.59\selenium-java-3.141.59.jar;C:\Users\Siti Nurlatipah\.m2\repository\org\seleniumhq\selenium\selenium-api\3.141.59\selenium-api-3.141.59.jar;C:\Users\Siti Nurlatipah\.m2\repository\org\seleniumhq\selenium\selenium-support\3.141.59\selenium-support-3.141.59.jar;C:\Users\Siti Nurlatipah\.m2\repository\org\seleniumhq\selenium\selenium-chrome-driver\3.141.59\selenium-chrome-driver-3.141.59.jar;C:\Users\Siti Nurlatipah\.m2\repository\org\seleniumhq\selenium\selenium-firefox-driver\3.141.59\selenium-firefox-driver-3.141.59.jar;C:\Users\Siti Nurlatipah\.m2\repository\org\seleniumhq\selenium\selenium-edge-driver\3.141.59\selenium-edge-driver-3.141.59.jar;C:\Users\Siti Nurlatipah\.m2\repository\org\seleniumhq\selenium\selenium-ie-driver\3.141.59\selenium-ie-driver-3.141.59.jar;C:\Users\Siti Nurlatipah\.m2\repository\net\sourceforge\htmlunit\htmlunit\2.47.1\htmlunit-2.47.1.jar;C:\Users\Siti Nurlatipah\.m2\repository\xalan\xalan\2.7.2\xalan-2.7.2.jar;C:\Users\Siti Nurlatipah\.m2\repository\xalan\serializer\2.7.2\serializer-2.7.2.jar;C:\Users\Siti Nurlatipah\.m2\repository\net\sourceforge\htmlunit\htmlunit-core-js\2.47.0\htmlunit-core-js-2.47.0.jar;C:\Users\Siti Nurlatipah\.m2\repository\net\sourceforge\htmlunit\neko-htmlunit\2.47.1\neko-htmlunit-2.47.1.jar;C:\Users\Siti Nurlatipah\.m2\repository\xerces\xercesImpl\2.12.0\xercesImpl-2.12.0.jar;C:\Users\Siti Nurlatipah\.m2\repository\xml-apis\xml-apis\1.4.01\xml-apis-1.4.01.jar;C:\Users\Siti Nurlatipah\.m2\repository\net\sourceforge\htmlunit\htmlunit-cssparser\1.7.0\htmlunit-cssparser-1.7.0.jar;C:\Users\Siti Nurlatipah\.m2\repository\org\brotli\dec\0.1.2\dec-0.1.2.jar;C:\Users\Siti Nurlatipah\.m2\repository\com\shapesecurity\salvation2\3.0.0\salvation2-3.0.0.jar;C:\Users\Siti Nurlatipah\.m2\repository\org\eclipse\jetty\websocket\websocket-client\9.4.36.v20210114\websocket-client-9.4.36.v20210114.jar;C:\Users\Siti Nurlatipah\.m2\repository\org\eclipse\jetty\jetty-client\9.4.36.v20210114\jetty-client-9.4.36.v20210114.jar;C:\Users\Siti Nurlatipah\.m2\repository\org\eclipse\jetty\jetty-http\9.4.36.v20210114\jetty-http-9.4.36.v20210114.jar;C:\Users\Siti Nurlatipah\.m2\repository\org\eclipse\jetty\jetty-util\9.4.36.v20210114\jetty-util-9.4.36.v20210114.jar;C:\Users\Siti Nurlatipah\.m2\repository\org\eclipse\jetty\jetty-io\9.4.36.v20210114\jetty-io-9.4.36.v20210114.jar;C:\Users\Siti Nurlatipah\.m2\repository\org\eclipse\jetty\websocket\websocket-common\9.4.36.v20210114\websocket-common-9.4.36.v20210114.jar;C:\Users\Siti Nurlatipah\.m2\repository\org\eclipse\jetty\websocket\websocket-api\9.4.36.v20210114\websocket-api-9.4.36.v20210114.jar;C:\Users\Siti Nurlatipah\.m2\repository\org\projectlombok\lombok\1.18.20\lombok-1.18.20.jar;C:\Users\Siti Nurlatipah\.m2\repository\org\seleniumhq\selenium\htmlunit-driver\2.47.1\htmlunit-driver-2.47.1.jar;C:\Users\Siti Nurlatipah\.m2\repository\com\codeborne\phantomjsdriver\1.4.4\phantomjsdriver-1.4.4.jar;C:\Users\Siti Nurlatipah\.m2\repository\io\appium\java-client\7.5.1\java-client-7.5.1.jar;C:\Users\Siti Nurlatipah\.m2\repository\commons-validator\commons-validator\1.7\commons-validator-1.7.jar;C:\Users\Siti Nurlatipah\.m2\repository\commons-digester\commons-digester\2.1\commons-digester-2.1.jar;C:\Users\Siti Nurlatipah\.m2\repository\org\aspectj\aspectjweaver\1.9.6\aspectjweaver-1.9.6.jar;C:\Users\Siti Nurlatipah\.m2\repository\net\sf\opencsv\opencsv\2.0\opencsv-2.0.jar;C:\Users\Siti Nurlatipah\.m2\repository\commons-beanutils\commons-beanutils\1.9.4\commons-beanutils-1.9.4.jar;C:\Users\Siti Nurlatipah\.m2\repository\org\apache\commons\commons-lang3\3.11\commons-lang3-3.11.jar;C:\Users\Siti Nurlatipah\.m2\repository\commons-collections\commons-collections\3.2.2\commons-collections-3.2.2.jar;C:\Users\Siti Nurlatipah\.m2\repository\org\fluentlenium\fluentlenium-core\0.10.2\fluentlenium-core-0.10.2.jar;C:\Users\Siti Nurlatipah\.m2\repository\io\github\bonigarcia\webdrivermanager\4.4.1\webdrivermanager-4.4.1.jar;C:\Users\Siti Nurlatipah\.m2\repository\org\apache\httpcomponents\client5\httpclient5\5.0.3\httpclient5-5.0.3.jar;C:\Users\Siti Nurlatipah\.m2\repository\org\apache\httpcomponents\core5\httpcore5\5.0.2\httpcore5-5.0.2.jar;C:\Users\Siti Nurlatipah\.m2\repository\org\apache\httpcomponents\core5\httpcore5-h2\5.0.2\httpcore5-h2-5.0.2.jar;C:\Users\Siti Nurlatipah\.m2\repository\org\rauschig\jarchivelib\1.1.0\jarchivelib-1.1.0.jar;C:\Users\Siti Nurlatipah\.m2\repository\org\apache\commons\commons-compress\1.20\commons-compress-1.20.jar;C:\Users\Siti Nurlatipah\.m2\repository\com\jhlabs\filters\2.0.235\filters-2.0.235.jar;C:\Users\Siti Nurlatipah\.m2\repository\com\paulhammant\ngwebdriver\1.1.5\ngwebdriver-1.1.5.jar;C:\Users\Siti Nurlatipah\.m2\repository\joda-time\joda-time\2.8.2\joda-time-2.8.2.jar;C:\Users\Siti Nurlatipah\.m2\repository\com\google\jimfs\jimfs\1.1\jimfs-1.1.jar;C:\Users\Siti Nurlatipah\.m2\repository\org\mockito\mockito-core\3.3.3\mockito-core-3.3.3.jar;C:\Users\Siti Nurlatipah\.m2\repository\javax\xml\bind\jaxb-api\2.3.1\jaxb-api-2.3.1.jar;C:\Users\Siti Nurlatipah\.m2\repository\javax\activation\javax.activation-api\1.2.0\javax.activation-api-1.2.0.jar;C:\Users\Siti Nurlatipah\.m2\repository\com\sun\xml\bind\jaxb-core\2.3.0.1\jaxb-core-2.3.0.1.jar;C:\Users\Siti Nurlatipah\.m2\repository\com\sun\xml\bind\jaxb-impl\2.3.3\jaxb-impl-2.3.3.jar;C:\Users\Siti Nurlatipah\.m2\repository\com\sun\activation\jakarta.activation\1.2.2\jakarta.activation-1.2.2.jar;C:\Users\Siti Nurlatipah\.m2\repository\javax\activation\activation\1.1.1\activation-1.1.1.jar;C:\Users\Siti Nurlatipah\.m2\repository\net\serenity-bdd\serenity-junit\2.4.51\serenity-junit-2.4.51.jar;C:\Users\Siti Nurlatipah\.m2\repository\com\googlecode\json-simple\json-simple\1.1.1\json-simple-1.1.1.jar;C:\Users\Siti Nurlatipah\.m2\repository\net\serenity-bdd\serenity-rest-assured\2.4.51\serenity-rest-assured-2.4.51.jar;C:\Users\Siti Nurlatipah\.m2\repository\org\codehaus\groovy\groovy-json\3.0.8\groovy-json-3.0.8.jar;C:\Users\Siti Nurlatipah\.m2\repository\org\opentest4j\opentest4j\1.2.0\opentest4j-1.2.0.jar;C:\Users\Siti Nurlatipah\.m2\repository\net\serenity-bdd\serenity-screenplay\2.4.51\serenity-screenplay-2.4.51.jar;C:\Users\Siti Nurlatipah\.m2\repository\net\serenity-bdd\serenity-screenplay-rest\2.4.51\serenity-screenplay-rest-2.4.51.jar;C:\Users\Siti Nurlatipah\.m2\repository\net\serenity-bdd\serenity-cucumber6\2.4.51\serenity-cucumber6-2.4.51.jar;C:\Users\Siti Nurlatipah\.m2\repository\net\serenity-bdd\serenity-screenplay-webdriver\2.4.51\serenity-screenplay-webdriver-2.4.51.jar;C:\Users\Siti Nurlatipah\.m2\repository\io\cucumber\cucumber-java\6.10.4\cucumber-java-6.10.4.jar;C:\Users\Siti Nurlatipah\.m2\repository\org\apiguardian\apiguardian-api\1.1.1\apiguardian-api-1.1.1.jar;C:\Users\Siti Nurlatipah\.m2\repository\io\cucumber\cucumber-junit\6.10.4\cucumber-junit-6.10.4.jar;C:\Users\Siti Nurlatipah\.m2\repository\io\cucumber\datatable-matchers\3.4.0\datatable-matchers-3.4.0.jar;C:\Users\Siti Nurlatipah\.m2\repository\io\cucumber\datatable\3.4.0\datatable-3.4.0.jar;C:\Users\Siti Nurlatipah\.m2\repository\commons-logging\commons-logging\1.2\commons-logging-1.2.jar;C:\Users\Siti Nurlatipah\.m2\repository\org\apache\commons\commons-csv\1.5\commons-csv-1.5.jar;C:\Users\Siti Nurlatipah\.m2\repository\io\rest-assured\rest-assured\4.3.2\rest-assured-4.3.2.jar;C:\Users\Siti Nurlatipah\.m2\repository\org\apache\httpcomponents\httpclient\4.5.3\httpclient-4.5.3.jar;C:\Users\Siti Nurlatipah\.m2\repository\org\apache\httpcomponents\httpcore\4.4.6\httpcore-4.4.6.jar;C:\Users\Siti Nurlatipah\.m2\repository\org\apache\httpcomponents\httpmime\4.5.3\httpmime-4.5.3.jar;C:\Users\Siti Nurlatipah\.m2\repository\org\ccil\cowan\tagsoup\tagsoup\1.2.1\tagsoup-1.2.1.jar;C:\Users\Siti Nurlatipah\.m2\repository\io\rest-assured\json-path\4.3.3\json-path-4.3.3.jar;C:\Users\Siti Nurlatipah\.m2\repository\io\rest-assured\rest-assured-common\4.3.3\rest-assured-common-4.3.3.jar;C:\Users\Siti Nurlatipah\.m2\repository\io\rest-assured\xml-path\4.3.3\xml-path-4.3.3.jar;C:\Users\Siti Nurlatipah\.m2\repository\jakarta\xml\bind\jakarta.xml.bind-api\2.3.3\jakarta.xml.bind-api-2.3.3.jar;C:\Users\Siti Nurlatipah\.m2\repository\jakarta\activation\jakarta.activation-api\1.2.2\jakarta.activation-api-1.2.2.jar;C:\Users\Siti Nurlatipah\.m2\repository\org\codehaus\groovy\groovy\3.0.6\groovy-3.0.6.jar;C:\Users\Siti Nurlatipah\.m2\repository\org\codehaus\groovy\groovy-xml\3.0.6\groovy-xml-3.0.6.jar;C:\Users\Siti Nurlatipah\.m2\repository\junit\junit\4.13.1\junit-4.13.1.jar;C:\Users\Siti Nurlatipah\.m2\repository\org\hamcrest\hamcrest-core\1.3\hamcrest-core-1.3.jar;C:\Users\Siti Nurlatipah\.m2\repository\org\assertj\assertj-core\3.6.2\assertj-core-3.6.2.jar;C:\Users\Siti Nurlatipah\.m2\repository\org\hamcrest\hamcrest\2.2\hamcrest-2.2.jar;C:\Users\Siti Nurlatipah\.m2\repository\com\github\javafaker\javafaker\0.15\javafaker-0.15.jar;C:\Users\Siti Nurlatipah\.m2\repository\org\yaml\snakeyaml\1.20\snakeyaml-1.20-android.jar;C:\Users\Siti Nurlatipah\.m2\repository\com\github\mifmif\generex\1.0.2\generex-1.0.2.jar;C:\Users\Siti Nurlatipah\.m2\repository\dk\brics\automaton\automaton\1.11-8\automaton-1.11-8.jar;"/>
    <property name="java.vm.vendor" value="Oracle Corporation"/>
    <property name="sun.arch.data.model" value="64"/>
    <property name="user.variant" value=""/>
    <property name="java.vendor.url" value="https://openjdk.java.net/"/>
    <property name="user.timezone" value="Asia/Bangkok"/>
    <property name="java.vm.specification.version" value="11"/>
    <property name="os.name" value="Windows 10"/>
    <property name="sun.java.launcher" value="SUN_STANDARD"/>
    <property name="user.country" value="ID"/>
    <property name="sun.boot.library.path" value="C:\Program Files\Java\jdk-11.0.14\bin"/>
    <property name="sun.java.command" value="org.apache.maven.surefire.booter.ForkedBooter C:\Users\Siti Nurlatipah\AppData\Local\Temp\surefire2030225164052265291 2022-07-18T09-35-40_064-jvmRun1 surefire690375952231113704tmp surefire_07352901004705724851tmp"/>
    <property name="jdk.debug" value="release"/>
    <property name="surefire.test.class.path" value="D:\cicd\web\target\test-classes;C:\Users\Siti Nurlatipah\.m2\repository\ch\qos\logback\logback-classic\1.2.3\logback-classic-1.2.3.jar;C:\Users\Siti Nurlatipah\.m2\repository\ch\qos\logback\logback-core\1.2.3\logback-core-1.2.3.jar;C:\Users\Siti Nurlatipah\.m2\repository\org\slf4j\slf4j-api\1.7.25\slf4j-api-1.7.25.jar;C:\Users\Siti Nurlatipah\.m2\repository\net\serenity-bdd\serenity-core\2.4.51\serenity-core-2.4.51.jar;C:\Users\Siti Nurlatipah\.m2\repository\net\serenity-bdd\serenity-model\2.4.51\serenity-model-2.4.51.jar;C:\Users\Siti Nurlatipah\.m2\repository\org\apache\commons\commons-text\1.9\commons-text-1.9.jar;C:\Users\Siti Nurlatipah\.m2\repository\commons-net\commons-net\3.6\commons-net-3.6.jar;C:\Users\Siti Nurlatipah\.m2\repository\com\google\guava\guava\30.1-jre\guava-30.1-jre.jar;C:\Users\Siti Nurlatipah\.m2\repository\com\google\guava\failureaccess\1.0.1\failureaccess-1.0.1.jar;C:\Users\Siti Nurlatipah\.m2\repository\com\google\guava\listenablefuture\9999.0-empty-to-avoid-conflict-with-guava\listenablefuture-9999.0-empty-to-avoid-conflict-with-guava.jar;C:\Users\Siti Nurlatipah\.m2\repository\com\google\code\findbugs\jsr305\3.0.2\jsr305-3.0.2.jar;C:\Users\Siti Nurlatipah\.m2\repository\org\checkerframework\checker-qual\3.5.0\checker-qual-3.5.0.jar;C:\Users\Siti Nurlatipah\.m2\repository\com\google\errorprone\error_prone_annotations\2.3.4\error_prone_annotations-2.3.4.jar;C:\Users\Siti Nurlatipah\.m2\repository\com\google\j2objc\j2objc-annotations\1.3\j2objc-annotations-1.3.jar;C:\Users\Siti Nurlatipah\.m2\repository\com\google\inject\guice\5.0.1\guice-5.0.1.jar;C:\Users\Siti Nurlatipah\.m2\repository\javax\inject\javax.inject\1\javax.inject-1.jar;C:\Users\Siti Nurlatipah\.m2\repository\aopalliance\aopalliance\1.0\aopalliance-1.0.jar;C:\Users\Siti Nurlatipah\.m2\repository\org\jsoup\jsoup\1.13.1\jsoup-1.13.1.jar;C:\Users\Siti Nurlatipah\.m2\repository\com\thoughtworks\xstream\xstream\1.4.17\xstream-1.4.17.jar;C:\Users\Siti Nurlatipah\.m2\repository\io\github\x-stream\mxparser\1.2.1\mxparser-1.2.1.jar;C:\Users\Siti Nurlatipah\.m2\repository\xmlpull\xmlpull\1.1.3.1\xmlpull-1.1.3.1.jar;C:\Users\Siti Nurlatipah\.m2\repository\io\cucumber\cucumber-core\6.10.2\cucumber-core-6.10.2.jar;C:\Users\Siti Nurlatipah\.m2\repository\io\cucumber\cucumber-gherkin\6.10.2\cucumber-gherkin-6.10.2.jar;C:\Users\Siti Nurlatipah\.m2\repository\io\cucumber\cucumber-gherkin-messages\6.10.2\cucumber-gherkin-messages-6.10.2.jar;C:\Users\Siti Nurlatipah\.m2\repository\io\cucumber\messages\14.0.1\messages-14.0.1.jar;C:\Users\Siti Nurlatipah\.m2\repository\io\cucumber\tag-expressions\3.0.0\tag-expressions-3.0.0.jar;C:\Users\Siti Nurlatipah\.m2\repository\io\cucumber\cucumber-expressions\10.3.0\cucumber-expressions-10.3.0.jar;C:\Users\Siti Nurlatipah\.m2\repository\io\cucumber\cucumber-plugin\6.10.2\cucumber-plugin-6.10.2.jar;C:\Users\Siti Nurlatipah\.m2\repository\io\cucumber\docstring\6.10.2\docstring-6.10.2.jar;C:\Users\Siti Nurlatipah\.m2\repository\io\cucumber\html-formatter\12.0.0\html-formatter-12.0.0.jar;C:\Users\Siti Nurlatipah\.m2\repository\io\cucumber\create-meta\3.0.0\create-meta-3.0.0.jar;C:\Users\Siti Nurlatipah\.m2\repository\com\typesafe\config\1.3.1\config-1.3.1.jar;C:\Users\Siti Nurlatipah\.m2\repository\org\imgscalr\imgscalr-lib\4.2\imgscalr-lib-4.2.jar;C:\Users\Siti Nurlatipah\.m2\repository\org\awaitility\awaitility\4.0.3\awaitility-4.0.3.jar;C:\Users\Siti Nurlatipah\.m2\repository\org\freemarker\freemarker\2.3.29\freemarker-2.3.29.jar;C:\Users\Siti Nurlatipah\.m2\repository\net\sourceforge\jexcelapi\jxl\2.6.12\jxl-2.6.12.jar;C:\Users\Siti Nurlatipah\.m2\repository\org\asciidoctor\asciidoctorj\2.5.1\asciidoctorj-2.5.1.jar;C:\Users\Siti Nurlatipah\.m2\repository\org\asciidoctor\asciidoctorj-api\2.5.1\asciidoctorj-api-2.5.1.jar;C:\Users\Siti Nurlatipah\.m2\repository\org\jruby\jruby\9.2.17.0\jruby-9.2.17.0.jar;C:\Users\Siti Nurlatipah\.m2\repository\org\jruby\jruby-core\9.2.17.0\jruby-core-9.2.17.0.jar;C:\Users\Siti Nurlatipah\.m2\repository\com\github\jnr\jnr-netdb\1.2.0\jnr-netdb-1.2.0.jar;C:\Users\Siti Nurlatipah\.m2\repository\com\github\jnr\jnr-enxio\0.32.3\jnr-enxio-0.32.3.jar;C:\Users\Siti Nurlatipah\.m2\repository\com\github\jnr\jnr-unixsocket\0.38.5\jnr-unixsocket-0.38.5.jar;C:\Users\Siti Nurlatipah\.m2\repository\com\github\jnr\jnr-posix\3.1.4\jnr-posix-3.1.4.jar;C:\Users\Siti Nurlatipah\.m2\repository\com\github\jnr\jnr-constants\0.10.1\jnr-constants-0.10.1.jar;C:\Users\Siti Nurlatipah\.m2\repository\com\github\jnr\jffi\1.3.1\jffi-1.3.1.jar;C:\Users\Siti Nurlatipah\.m2\repository\com\github\jnr\jffi\1.3.1\jffi-1.3.1-native.jar;C:\Users\Siti Nurlatipah\.m2\repository\org\jruby\joni\joni\2.1.31\joni-2.1.31.jar;C:\Users\Siti Nurlatipah\.m2\repository\org\jruby\jcodings\jcodings\1.0.46\jcodings-1.0.46.jar;C:\Users\Siti Nurlatipah\.m2\repository\org\jruby\dirgra\0.3\dirgra-0.3.jar;C:\Users\Siti Nurlatipah\.m2\repository\com\headius\invokebinder\1.11\invokebinder-1.11.jar;C:\Users\Siti Nurlatipah\.m2\repository\com\headius\options\1.4\options-1.4.jar;C:\Users\Siti Nurlatipah\.m2\repository\com\jcraft\jzlib\1.1.3\jzlib-1.1.3.jar;C:\Users\Siti Nurlatipah\.m2\repository\com\martiansoftware\nailgun-server\0.9.1\nailgun-server-0.9.1.jar;C:\Users\Siti Nurlatipah\.m2\repository\com\headius\backport9\1.8\backport9-1.8.jar;C:\Users\Siti Nurlatipah\.m2\repository\javax\annotation\javax.annotation-api\1.3.1\javax.annotation-api-1.3.1.jar;C:\Users\Siti Nurlatipah\.m2\repository\org\jruby\jruby-stdlib\9.2.17.0\jruby-stdlib-9.2.17.0.jar;C:\Users\Siti Nurlatipah\.m2\repository\net\bytebuddy\byte-buddy\1.11.1\byte-buddy-1.11.1.jar;C:\Users\Siti Nurlatipah\.m2\repository\net\bytebuddy\byte-buddy-agent\1.11.1\byte-buddy-agent-1.11.1.jar;C:\Users\Siti Nurlatipah\.m2\repository\org\objenesis\objenesis\3.1\objenesis-3.1.jar;C:\Users\Siti Nurlatipah\.m2\repository\net\serenity-bdd\serenity-reports\2.4.51\serenity-reports-2.4.51.jar;C:\Users\Siti Nurlatipah\.m2\repository\net\serenity-bdd\serenity-stats\2.4.51\serenity-stats-2.4.51.jar;C:\Users\Siti Nurlatipah\.m2\repository\org\jetbrains\kotlin\kotlin-stdlib\1.5.0\kotlin-stdlib-1.5.0.jar;C:\Users\Siti Nurlatipah\.m2\repository\org\jetbrains\annotations\13.0\annotations-13.0.jar;C:\Users\Siti Nurlatipah\.m2\repository\org\jetbrains\kotlin\kotlin-stdlib-common\1.5.0\kotlin-stdlib-common-1.5.0.jar;C:\Users\Siti Nurlatipah\.m2\repository\net\serenity-bdd\serenity-reports-configuration\2.4.51\serenity-reports-configuration-2.4.51.jar;C:\Users\Siti Nurlatipah\.m2\repository\com\vladsch\flexmark\flexmark-all\0.34.30\flexmark-all-0.34.30.jar;C:\Users\Siti Nurlatipah\.m2\repository\com\vladsch\flexmark\flexmark\0.34.30\flexmark-0.34.30.jar;C:\Users\Siti Nurlatipah\.m2\repository\com\vladsch\flexmark\flexmark-ext-abbreviation\0.34.30\flexmark-ext-abbreviation-0.34.30.jar;C:\Users\Siti Nurlatipah\.m2\repository\com\vladsch\flexmark\flexmark-ext-admonition\0.34.30\flexmark-ext-admonition-0.34.30.jar;C:\Users\Siti Nurlatipah\.m2\repository\com\vladsch\flexmark\flexmark-ext-anchorlink\0.34.30\flexmark-ext-anchorlink-0.34.30.jar;C:\Users\Siti Nurlatipah\.m2\repository\com\vladsch\flexmark\flexmark-ext-aside\0.34.30\flexmark-ext-aside-0.34.30.jar;C:\Users\Siti Nurlatipah\.m2\repository\com\vladsch\flexmark\flexmark-ext-attributes\0.34.30\flexmark-ext-attributes-0.34.30.jar;C:\Users\Siti Nurlatipah\.m2\repository\com\vladsch\flexmark\flexmark-ext-autolink\0.34.30\flexmark-ext-autolink-0.34.30.jar;C:\Users\Siti Nurlatipah\.m2\repository\org\nibor\autolink\autolink\0.6.0\autolink-0.6.0.jar;C:\Users\Siti Nurlatipah\.m2\repository\com\vladsch\flexmark\flexmark-ext-definition\0.34.30\flexmark-ext-definition-0.34.30.jar;C:\Users\Siti Nurlatipah\.m2\repository\com\vladsch\flexmark\flexmark-ext-emoji\0.34.30\flexmark-ext-emoji-0.34.30.jar;C:\Users\Siti Nurlatipah\.m2\repository\com\vladsch\flexmark\flexmark-ext-enumerated-reference\0.34.30\flexmark-ext-enumerated-reference-0.34.30.jar;C:\Users\Siti Nurlatipah\.m2\repository\com\vladsch\flexmark\flexmark-ext-escaped-character\0.34.30\flexmark-ext-escaped-character-0.34.30.jar;C:\Users\Siti Nurlatipah\.m2\repository\com\vladsch\flexmark\flexmark-ext-footnotes\0.34.30\flexmark-ext-footnotes-0.34.30.jar;C:\Users\Siti Nurlatipah\.m2\repository\com\vladsch\flexmark\flexmark-ext-gfm-issues\0.34.30\flexmark-ext-gfm-issues-0.34.30.jar;C:\Users\Siti Nurlatipah\.m2\repository\com\vladsch\flexmark\flexmark-ext-gfm-strikethrough\0.34.30\flexmark-ext-gfm-strikethrough-0.34.30.jar;C:\Users\Siti Nurlatipah\.m2\repository\com\vladsch\flexmark\flexmark-ext-gfm-tables\0.34.30\flexmark-ext-gfm-tables-0.34.30.jar;C:\Users\Siti Nurlatipah\.m2\repository\com\vladsch\flexmark\flexmark-ext-gfm-tasklist\0.34.30\flexmark-ext-gfm-tasklist-0.34.30.jar;C:\Users\Siti Nurlatipah\.m2\repository\com\vladsch\flexmark\flexmark-ext-gfm-users\0.34.30\flexmark-ext-gfm-users-0.34.30.jar;C:\Users\Siti Nurlatipah\.m2\repository\com\vladsch\flexmark\flexmark-ext-gitlab\0.34.30\flexmark-ext-gitlab-0.34.30.jar;C:\Users\Siti Nurlatipah\.m2\repository\com\vladsch\flexmark\flexmark-ext-jekyll-front-matter\0.34.30\flexmark-ext-jekyll-front-matter-0.34.30.jar;C:\Users\Siti Nurlatipah\.m2\repository\com\vladsch\flexmark\flexmark-ext-jekyll-tag\0.34.30\flexmark-ext-jekyll-tag-0.34.30.jar;C:\Users\Siti Nurlatipah\.m2\repository\com\vladsch\flexmark\flexmark-ext-media-tags\0.34.30\flexmark-ext-media-tags-0.34.30.jar;C:\Users\Siti Nurlatipah\.m2\repository\com\vladsch\flexmark\flexmark-test-util\0.34.30\flexmark-test-util-0.34.30.jar;C:\Users\Siti Nurlatipah\.m2\repository\com\vladsch\flexmark\flexmark-ext-ins\0.34.30\flexmark-ext-ins-0.34.30.jar;C:\Users\Siti Nurlatipah\.m2\repository\com\vladsch\flexmark\flexmark-ext-xwiki-macros\0.34.30\flexmark-ext-xwiki-macros-0.34.30.jar;C:\Users\Siti Nurlatipah\.m2\repository\com\vladsch\flexmark\flexmark-ext-superscript\0.34.30\flexmark-ext-superscript-0.34.30.jar;C:\Users\Siti Nurlatipah\.m2\repository\com\vladsch\flexmark\flexmark-ext-tables\0.34.30\flexmark-ext-tables-0.34.30.jar;C:\Users\Siti Nurlatipah\.m2\repository\com\vladsch\flexmark\flexmark-ext-toc\0.34.30\flexmark-ext-toc-0.34.30.jar;C:\Users\Siti Nurlatipah\.m2\repository\com\vladsch\flexmark\flexmark-ext-typographic\0.34.30\flexmark-ext-typographic-0.34.30.jar;C:\Users\Siti Nurlatipah\.m2\repository\com\vladsch\flexmark\flexmark-ext-wikilink\0.34.30\flexmark-ext-wikilink-0.34.30.jar;C:\Users\Siti Nurlatipah\.m2\repository\com\vladsch\flexmark\flexmark-ext-yaml-front-matter\0.34.30\flexmark-ext-yaml-front-matter-0.34.30.jar;C:\Users\Siti Nurlatipah\.m2\repository\com\vladsch\flexmark\flexmark-ext-youtube-embedded\0.34.30\flexmark-ext-youtube-embedded-0.34.30.jar;C:\Users\Siti Nurlatipah\.m2\repository\com\vladsch\flexmark\flexmark-formatter\0.34.30\flexmark-formatter-0.34.30.jar;C:\Users\Siti Nurlatipah\.m2\repository\com\vladsch\flexmark\flexmark-html-parser\0.34.30\flexmark-html-parser-0.34.30.jar;C:\Users\Siti Nurlatipah\.m2\repository\com\vladsch\flexmark\flexmark-jira-converter\0.34.30\flexmark-jira-converter-0.34.30.jar;C:\Users\Siti Nurlatipah\.m2\repository\com\vladsch\flexmark\flexmark-pdf-converter\0.34.30\flexmark-pdf-converter-0.34.30.jar;C:\Users\Siti Nurlatipah\.m2\repository\com\openhtmltopdf\openhtmltopdf-core\0.0.1-RC13\openhtmltopdf-core-0.0.1-RC13.jar;C:\Users\Siti Nurlatipah\.m2\repository\com\openhtmltopdf\openhtmltopdf-pdfbox\0.0.1-RC13\openhtmltopdf-pdfbox-0.0.1-RC13.jar;C:\Users\Siti Nurlatipah\.m2\repository\org\apache\pdfbox\pdfbox\2.0.8\pdfbox-2.0.8.jar;C:\Users\Siti Nurlatipah\.m2\repository\org\apache\pdfbox\fontbox\2.0.8\fontbox-2.0.8.jar;C:\Users\Siti Nurlatipah\.m2\repository\org\apache\pdfbox\xmpbox\2.0.8\xmpbox-2.0.8.jar;C:\Users\Siti Nurlatipah\.m2\repository\de\rototor\pdfbox\graphics2d\0.12\graphics2d-0.12.jar;C:\Users\Siti Nurlatipah\.m2\repository\com\openhtmltopdf\openhtmltopdf-rtl-support\0.0.1-RC13\openhtmltopdf-rtl-support-0.0.1-RC13.jar;C:\Users\Siti Nurlatipah\.m2\repository\com\ibm\icu\icu4j\59.1\icu4j-59.1.jar;C:\Users\Siti Nurlatipah\.m2\repository\com\openhtmltopdf\openhtmltopdf-jsoup-dom-converter\0.0.1-RC13\openhtmltopdf-jsoup-dom-converter-0.0.1-RC13.jar;C:\Users\Siti Nurlatipah\.m2\repository\com\vladsch\flexmark\flexmark-profile-pegdown\0.34.30\flexmark-profile-pegdown-0.34.30.jar;C:\Users\Siti Nurlatipah\.m2\repository\com\vladsch\flexmark\flexmark-util\0.34.30\flexmark-util-0.34.30.jar;C:\Users\Siti Nurlatipah\.m2\repository\com\vladsch\flexmark\flexmark-youtrack-converter\0.34.30\flexmark-youtrack-converter-0.34.30.jar;C:\Users\Siti Nurlatipah\.m2\repository\es\nitaur\markdown\txtmark\0.16\txtmark-0.16.jar;C:\Users\Siti Nurlatipah\.m2\repository\net\serenity-bdd\serenity-report-resources\2.4.51\serenity-report-resources-2.4.51.jar;C:\Users\Siti Nurlatipah\.m2\repository\com\google\code\gson\gson\2.8.7\gson-2.8.7.jar;C:\Users\Siti Nurlatipah\.m2\repository\com\fasterxml\jackson\core\jackson-core\2.12.4\jackson-core-2.12.4.jar;C:\Users\Siti Nurlatipah\.m2\repository\com\fasterxml\jackson\core\jackson-databind\2.12.4\jackson-databind-2.12.4.jar;C:\Users\Siti Nurlatipah\.m2\repository\com\fasterxml\jackson\core\jackson-annotations\2.12.4\jackson-annotations-2.12.4.jar;C:\Users\Siti Nurlatipah\.m2\repository\commons-codec\commons-codec\1.15\commons-codec-1.15.jar;C:\Users\Siti Nurlatipah\.m2\repository\commons-io\commons-io\2.8.0\commons-io-2.8.0.jar;C:\Users\Siti Nurlatipah\.m2\repository\org\seleniumhq\selenium\selenium-server\3.141.59\selenium-server-3.141.59.jar;C:\Users\Siti Nurlatipah\.m2\repository\org\seleniumhq\selenium\selenium-opera-driver\3.141.59\selenium-opera-driver-3.141.59.jar;C:\Users\Siti Nurlatipah\.m2\repository\org\seleniumhq\selenium\selenium-remote-driver\3.141.59\selenium-remote-driver-3.141.59.jar;C:\Users\Siti Nurlatipah\.m2\repository\org\seleniumhq\selenium\selenium-safari-driver\3.141.59\selenium-safari-driver-3.141.59.jar;C:\Users\Siti Nurlatipah\.m2\repository\com\beust\jcommander\1.72\jcommander-1.72.jar;C:\Users\Siti Nurlatipah\.m2\repository\org\apache\commons\commons-exec\1.3\commons-exec-1.3.jar;C:\Users\Siti Nurlatipah\.m2\repository\net\jcip\jcip-annotations\1.0\jcip-annotations-1.0.jar;C:\Users\Siti Nurlatipah\.m2\repository\org\seleniumhq\selenium\jetty-repacked\9.4.12.v20180830\jetty-repacked-9.4.12.v20180830.jar;C:\Users\Siti Nurlatipah\.m2\repository\com\squareup\okhttp3\okhttp\3.11.0\okhttp-3.11.0.jar;C:\Users\Siti Nurlatipah\.m2\repository\com\squareup\okio\okio\1.14.0\okio-1.14.0.jar;C:\Users\Siti Nurlatipah\.m2\repository\javax\servlet\javax.servlet-api\3.1.0\javax.servlet-api-3.1.0.jar;C:\Users\Siti Nurlatipah\.m2\repository\org\yaml\snakeyaml\1.19\snakeyaml-1.19.jar;C:\Users\Siti Nurlatipah\.m2\repository\org\seleniumhq\selenium\selenium-java\3.141.59\selenium-java-3.141.59.jar;C:\Users\Siti Nurlatipah\.m2\repository\org\seleniumhq\selenium\selenium-api\3.141.59\selenium-api-3.141.59.jar;C:\Users\Siti Nurlatipah\.m2\repository\org\seleniumhq\selenium\selenium-support\3.141.59\selenium-support-3.141.59.jar;C:\Users\Siti Nurlatipah\.m2\repository\org\seleniumhq\selenium\selenium-chrome-driver\3.141.59\selenium-chrome-driver-3.141.59.jar;C:\Users\Siti Nurlatipah\.m2\repository\org\seleniumhq\selenium\selenium-firefox-driver\3.141.59\selenium-firefox-driver-3.141.59.jar;C:\Users\Siti Nurlatipah\.m2\repository\org\seleniumhq\selenium\selenium-edge-driver\3.141.59\selenium-edge-driver-3.141.59.jar;C:\Users\Siti Nurlatipah\.m2\repository\org\seleniumhq\selenium\selenium-ie-driver\3.141.59\selenium-ie-driver-3.141.59.jar;C:\Users\Siti Nurlatipah\.m2\repository\net\sourceforge\htmlunit\htmlunit\2.47.1\htmlunit-2.47.1.jar;C:\Users\Siti Nurlatipah\.m2\repository\xalan\xalan\2.7.2\xalan-2.7.2.jar;C:\Users\Siti Nurlatipah\.m2\repository\xalan\serializer\2.7.2\serializer-2.7.2.jar;C:\Users\Siti Nurlatipah\.m2\repository\net\sourceforge\htmlunit\htmlunit-core-js\2.47.0\htmlunit-core-js-2.47.0.jar;C:\Users\Siti Nurlatipah\.m2\repository\net\sourceforge\htmlunit\neko-htmlunit\2.47.1\neko-htmlunit-2.47.1.jar;C:\Users\Siti Nurlatipah\.m2\repository\xerces\xercesImpl\2.12.0\xercesImpl-2.12.0.jar;C:\Users\Siti Nurlatipah\.m2\repository\xml-apis\xml-apis\1.4.01\xml-apis-1.4.01.jar;C:\Users\Siti Nurlatipah\.m2\repository\net\sourceforge\htmlunit\htmlunit-cssparser\1.7.0\htmlunit-cssparser-1.7.0.jar;C:\Users\Siti Nurlatipah\.m2\repository\org\brotli\dec\0.1.2\dec-0.1.2.jar;C:\Users\Siti Nurlatipah\.m2\repository\com\shapesecurity\salvation2\3.0.0\salvation2-3.0.0.jar;C:\Users\Siti Nurlatipah\.m2\repository\org\eclipse\jetty\websocket\websocket-client\9.4.36.v20210114\websocket-client-9.4.36.v20210114.jar;C:\Users\Siti Nurlatipah\.m2\repository\org\eclipse\jetty\jetty-client\9.4.36.v20210114\jetty-client-9.4.36.v20210114.jar;C:\Users\Siti Nurlatipah\.m2\repository\org\eclipse\jetty\jetty-http\9.4.36.v20210114\jetty-http-9.4.36.v20210114.jar;C:\Users\Siti Nurlatipah\.m2\repository\org\eclipse\jetty\jetty-util\9.4.36.v20210114\jetty-util-9.4.36.v20210114.jar;C:\Users\Siti Nurlatipah\.m2\repository\org\eclipse\jetty\jetty-io\9.4.36.v20210114\jetty-io-9.4.36.v20210114.jar;C:\Users\Siti Nurlatipah\.m2\repository\org\eclipse\jetty\websocket\websocket-common\9.4.36.v20210114\websocket-common-9.4.36.v20210114.jar;C:\Users\Siti Nurlatipah\.m2\repository\org\eclipse\jetty\websocket\websocket-api\9.4.36.v20210114\websocket-api-9.4.36.v20210114.jar;C:\Users\Siti Nurlatipah\.m2\repository\org\projectlombok\lombok\1.18.20\lombok-1.18.20.jar;C:\Users\Siti Nurlatipah\.m2\repository\org\seleniumhq\selenium\htmlunit-driver\2.47.1\htmlunit-driver-2.47.1.jar;C:\Users\Siti Nurlatipah\.m2\repository\com\codeborne\phantomjsdriver\1.4.4\phantomjsdriver-1.4.4.jar;C:\Users\Siti Nurlatipah\.m2\repository\io\appium\java-client\7.5.1\java-client-7.5.1.jar;C:\Users\Siti Nurlatipah\.m2\repository\commons-validator\commons-validator\1.7\commons-validator-1.7.jar;C:\Users\Siti Nurlatipah\.m2\repository\commons-digester\commons-digester\2.1\commons-digester-2.1.jar;C:\Users\Siti Nurlatipah\.m2\repository\org\aspectj\aspectjweaver\1.9.6\aspectjweaver-1.9.6.jar;C:\Users\Siti Nurlatipah\.m2\repository\net\sf\opencsv\opencsv\2.0\opencsv-2.0.jar;C:\Users\Siti Nurlatipah\.m2\repository\commons-beanutils\commons-beanutils\1.9.4\commons-beanutils-1.9.4.jar;C:\Users\Siti Nurlatipah\.m2\repository\org\apache\commons\commons-lang3\3.11\commons-lang3-3.11.jar;C:\Users\Siti Nurlatipah\.m2\repository\commons-collections\commons-collections\3.2.2\commons-collections-3.2.2.jar;C:\Users\Siti Nurlatipah\.m2\repository\org\fluentlenium\fluentlenium-core\0.10.2\fluentlenium-core-0.10.2.jar;C:\Users\Siti Nurlatipah\.m2\repository\io\github\bonigarcia\webdrivermanager\4.4.1\webdrivermanager-4.4.1.jar;C:\Users\Siti Nurlatipah\.m2\repository\org\apache\httpcomponents\client5\httpclient5\5.0.3\httpclient5-5.0.3.jar;C:\Users\Siti Nurlatipah\.m2\repository\org\apache\httpcomponents\core5\httpcore5\5.0.2\httpcore5-5.0.2.jar;C:\Users\Siti Nurlatipah\.m2\repository\org\apache\httpcomponents\core5\httpcore5-h2\5.0.2\httpcore5-h2-5.0.2.jar;C:\Users\Siti Nurlatipah\.m2\repository\org\rauschig\jarchivelib\1.1.0\jarchivelib-1.1.0.jar;C:\Users\Siti Nurlatipah\.m2\repository\org\apache\commons\commons-compress\1.20\commons-compress-1.20.jar;C:\Users\Siti Nurlatipah\.m2\repository\com\jhlabs\filters\2.0.235\filters-2.0.235.jar;C:\Users\Siti Nurlatipah\.m2\repository\com\paulhammant\ngwebdriver\1.1.5\ngwebdriver-1.1.5.jar;C:\Users\Siti Nurlatipah\.m2\repository\joda-time\joda-time\2.8.2\joda-time-2.8.2.jar;C:\Users\Siti Nurlatipah\.m2\repository\com\google\jimfs\jimfs\1.1\jimfs-1.1.jar;C:\Users\Siti Nurlatipah\.m2\repository\org\mockito\mockito-core\3.3.3\mockito-core-3.3.3.jar;C:\Users\Siti Nurlatipah\.m2\repository\javax\xml\bind\jaxb-api\2.3.1\jaxb-api-2.3.1.jar;C:\Users\Siti Nurlatipah\.m2\repository\javax\activation\javax.activation-api\1.2.0\javax.activation-api-1.2.0.jar;C:\Users\Siti Nurlatipah\.m2\repository\com\sun\xml\bind\jaxb-core\2.3.0.1\jaxb-core-2.3.0.1.jar;C:\Users\Siti Nurlatipah\.m2\repository\com\sun\xml\bind\jaxb-impl\2.3.3\jaxb-impl-2.3.3.jar;C:\Users\Siti Nurlatipah\.m2\repository\com\sun\activation\jakarta.activation\1.2.2\jakarta.activation-1.2.2.jar;C:\Users\Siti Nurlatipah\.m2\repository\javax\activation\activation\1.1.1\activation-1.1.1.jar;C:\Users\Siti Nurlatipah\.m2\repository\net\serenity-bdd\serenity-junit\2.4.51\serenity-junit-2.4.51.jar;C:\Users\Siti Nurlatipah\.m2\repository\com\googlecode\json-simple\json-simple\1.1.1\json-simple-1.1.1.jar;C:\Users\Siti Nurlatipah\.m2\repository\net\serenity-bdd\serenity-rest-assured\2.4.51\serenity-rest-assured-2.4.51.jar;C:\Users\Siti Nurlatipah\.m2\repository\org\codehaus\groovy\groovy-json\3.0.8\groovy-json-3.0.8.jar;C:\Users\Siti Nurlatipah\.m2\repository\org\opentest4j\opentest4j\1.2.0\opentest4j-1.2.0.jar;C:\Users\Siti Nurlatipah\.m2\repository\net\serenity-bdd\serenity-screenplay\2.4.51\serenity-screenplay-2.4.51.jar;C:\Users\Siti Nurlatipah\.m2\repository\net\serenity-bdd\serenity-screenplay-rest\2.4.51\serenity-screenplay-rest-2.4.51.jar;C:\Users\Siti Nurlatipah\.m2\repository\net\serenity-bdd\serenity-cucumber6\2.4.51\serenity-cucumber6-2.4.51.jar;C:\Users\Siti Nurlatipah\.m2\repository\net\serenity-bdd\serenity-screenplay-webdriver\2.4.51\serenity-screenplay-webdriver-2.4.51.jar;C:\Users\Siti Nurlatipah\.m2\repository\io\cucumber\cucumber-java\6.10.4\cucumber-java-6.10.4.jar;C:\Users\Siti Nurlatipah\.m2\repository\org\apiguardian\apiguardian-api\1.1.1\apiguardian-api-1.1.1.jar;C:\Users\Siti Nurlatipah\.m2\repository\io\cucumber\cucumber-junit\6.10.4\cucumber-junit-6.10.4.jar;C:\Users\Siti Nurlatipah\.m2\repository\io\cucumber\datatable-matchers\3.4.0\datatable-matchers-3.4.0.jar;C:\Users\Siti Nurlatipah\.m2\repository\io\cucumber\datatable\3.4.0\datatable-3.4.0.jar;C:\Users\Siti Nurlatipah\.m2\repository\commons-logging\commons-logging\1.2\commons-logging-1.2.jar;C:\Users\Siti Nurlatipah\.m2\repository\org\apache\commons\commons-csv\1.5\commons-csv-1.5.jar;C:\Users\Siti Nurlatipah\.m2\repository\io\rest-assured\rest-assured\4.3.2\rest-assured-4.3.2.jar;C:\Users\Siti Nurlatipah\.m2\repository\org\apache\httpcomponents\httpclient\4.5.3\httpclient-4.5.3.jar;C:\Users\Siti Nurlatipah\.m2\repository\org\apache\httpcomponents\httpcore\4.4.6\httpcore-4.4.6.jar;C:\Users\Siti Nurlatipah\.m2\repository\org\apache\httpcomponents\httpmime\4.5.3\httpmime-4.5.3.jar;C:\Users\Siti Nurlatipah\.m2\repository\org\ccil\cowan\tagsoup\tagsoup\1.2.1\tagsoup-1.2.1.jar;C:\Users\Siti Nurlatipah\.m2\repository\io\rest-assured\json-path\4.3.3\json-path-4.3.3.jar;C:\Users\Siti Nurlatipah\.m2\repository\io\rest-assured\rest-assured-common\4.3.3\rest-assured-common-4.3.3.jar;C:\Users\Siti Nurlatipah\.m2\repository\io\rest-assured\xml-path\4.3.3\xml-path-4.3.3.jar;C:\Users\Siti Nurlatipah\.m2\repository\jakarta\xml\bind\jakarta.xml.bind-api\2.3.3\jakarta.xml.bind-api-2.3.3.jar;C:\Users\Siti Nurlatipah\.m2\repository\jakarta\activation\jakarta.activation-api\1.2.2\jakarta.activation-api-1.2.2.jar;C:\Users\Siti Nurlatipah\.m2\repository\org\codehaus\groovy\groovy\3.0.6\groovy-3.0.6.jar;C:\Users\Siti Nurlatipah\.m2\repository\org\codehaus\groovy\groovy-xml\3.0.6\groovy-xml-3.0.6.jar;C:\Users\Siti Nurlatipah\.m2\repository\junit\junit\4.13.1\junit-4.13.1.jar;C:\Users\Siti Nurlatipah\.m2\repository\org\hamcrest\hamcrest-core\1.3\hamcrest-core-1.3.jar;C:\Users\Siti Nurlatipah\.m2\repository\org\assertj\assertj-core\3.6.2\assertj-core-3.6.2.jar;C:\Users\Siti Nurlatipah\.m2\repository\org\hamcrest\hamcrest\2.2\hamcrest-2.2.jar;C:\Users\Siti Nurlatipah\.m2\repository\com\github\javafaker\javafaker\0.15\javafaker-0.15.jar;C:\Users\Siti Nurlatipah\.m2\repository\org\yaml\snakeyaml\1.20\snakeyaml-1.20-android.jar;C:\Users\Siti Nurlatipah\.m2\repository\com\github\mifmif\generex\1.0.2\generex-1.0.2.jar;C:\Users\Siti Nurlatipah\.m2\repository\dk\brics\automaton\automaton\1.11-8\automaton-1.11-8.jar;"/>
    <property name="sun.cpu.endian" value="little"/>
    <property name="user.home" value="C:\Users\Siti Nurlatipah"/>
    <property name="user.language" value="en"/>
    <property name="java.specification.vendor" value="Oracle Corporation"/>
    <property name="jdk.module.path" value="D:\cicd\web\target\rest-api-1.0-SNAPSHOT.jar"/>
    <property name="java.version.date" value="2022-01-18"/>
    <property name="java.home" value="C:\Program Files\Java\jdk-11.0.14"/>
    <property name="file.separator" value="\"/>
    <property name="basedir" value="D:\cicd\web"/>
    <property name="java.vm.compressedOopsMode" value="32-bit"/>
    <property name="line.separator" value="&#10;"/>
    <property name="java.specification.name" value="Java Platform API Specification"/>
    <property name="java.vm.specification.vendor" value="Oracle Corporation"/>
    <property name="java.awt.graphicsenv" value="sun.awt.Win32GraphicsEnvironment"/>
    <property name="surefire.real.class.path" value="C:\Users\Siti Nurlatipah\.m2\repository\org\apache\maven\surefire\surefire-booter\3.0.0-M5\surefire-booter-3.0.0-M5.jar;C:\Users\Siti Nurlatipah\.m2\repository\org\apache\maven\surefire\surefire-api\3.0.0-M5\surefire-api-3.0.0-M5.jar;C:\Users\Siti Nurlatipah\.m2\repository\org\apache\maven\surefire\surefire-logger-api\3.0.0-M5\surefire-logger-api-3.0.0-M5.jar;C:\Users\Siti Nurlatipah\.m2\repository\org\apache\maven\surefire\surefire-shared-utils\3.0.0-M4\surefire-shared-utils-3.0.0-M4.jar;C:\Users\Siti Nurlatipah\.m2\repository\org\apache\maven\surefire\surefire-extensions-spi\3.0.0-M5\surefire-extensions-spi-3.0.0-M5.jar;D:\cicd\web\target\test-classes;C:\Users\Siti Nurlatipah\.m2\repository\ch\qos\logback\logback-classic\1.2.3\logback-classic-1.2.3.jar;C:\Users\Siti Nurlatipah\.m2\repository\ch\qos\logback\logback-core\1.2.3\logback-core-1.2.3.jar;C:\Users\Siti Nurlatipah\.m2\repository\org\slf4j\slf4j-api\1.7.25\slf4j-api-1.7.25.jar;C:\Users\Siti Nurlatipah\.m2\repository\net\serenity-bdd\serenity-core\2.4.51\serenity-core-2.4.51.jar;C:\Users\Siti Nurlatipah\.m2\repository\net\serenity-bdd\serenity-model\2.4.51\serenity-model-2.4.51.jar;C:\Users\Siti Nurlatipah\.m2\repository\org\apache\commons\commons-text\1.9\commons-text-1.9.jar;C:\Users\Siti Nurlatipah\.m2\repository\commons-net\commons-net\3.6\commons-net-3.6.jar;C:\Users\Siti Nurlatipah\.m2\repository\com\google\guava\guava\30.1-jre\guava-30.1-jre.jar;C:\Users\Siti Nurlatipah\.m2\repository\com\google\guava\failureaccess\1.0.1\failureaccess-1.0.1.jar;C:\Users\Siti Nurlatipah\.m2\repository\com\google\guava\listenablefuture\9999.0-empty-to-avoid-conflict-with-guava\listenablefuture-9999.0-empty-to-avoid-conflict-with-guava.jar;C:\Users\Siti Nurlatipah\.m2\repository\com\google\code\findbugs\jsr305\3.0.2\jsr305-3.0.2.jar;C:\Users\Siti Nurlatipah\.m2\repository\org\checkerframework\checker-qual\3.5.0\checker-qual-3.5.0.jar;C:\Users\Siti Nurlatipah\.m2\repository\com\google\errorprone\error_prone_annotations\2.3.4\error_prone_annotations-2.3.4.jar;C:\Users\Siti Nurlatipah\.m2\repository\com\google\j2objc\j2objc-annotations\1.3\j2objc-annotations-1.3.jar;C:\Users\Siti Nurlatipah\.m2\repository\com\google\inject\guice\5.0.1\guice-5.0.1.jar;C:\Users\Siti Nurlatipah\.m2\repository\javax\inject\javax.inject\1\javax.inject-1.jar;C:\Users\Siti Nurlatipah\.m2\repository\aopalliance\aopalliance\1.0\aopalliance-1.0.jar;C:\Users\Siti Nurlatipah\.m2\repository\org\jsoup\jsoup\1.13.1\jsoup-1.13.1.jar;C:\Users\Siti Nurlatipah\.m2\repository\com\thoughtworks\xstream\xstream\1.4.17\xstream-1.4.17.jar;C:\Users\Siti Nurlatipah\.m2\repository\io\github\x-stream\mxparser\1.2.1\mxparser-1.2.1.jar;C:\Users\Siti Nurlatipah\.m2\repository\xmlpull\xmlpull\1.1.3.1\xmlpull-1.1.3.1.jar;C:\Users\Siti Nurlatipah\.m2\repository\io\cucumber\cucumber-core\6.10.2\cucumber-core-6.10.2.jar;C:\Users\Siti Nurlatipah\.m2\repository\io\cucumber\cucumber-gherkin\6.10.2\cucumber-gherkin-6.10.2.jar;C:\Users\Siti Nurlatipah\.m2\repository\io\cucumber\cucumber-gherkin-messages\6.10.2\cucumber-gherkin-messages-6.10.2.jar;C:\Users\Siti Nurlatipah\.m2\repository\io\cucumber\messages\14.0.1\messages-14.0.1.jar;C:\Users\Siti Nurlatipah\.m2\repository\io\cucumber\tag-expressions\3.0.0\tag-expressions-3.0.0.jar;C:\Users\Siti Nurlatipah\.m2\repository\io\cucumber\cucumber-expressions\10.3.0\cucumber-expressions-10.3.0.jar;C:\Users\Siti Nurlatipah\.m2\repository\io\cucumber\cucumber-plugin\6.10.2\cucumber-plugin-6.10.2.jar;C:\Users\Siti Nurlatipah\.m2\repository\io\cucumber\docstring\6.10.2\docstring-6.10.2.jar;C:\Users\Siti Nurlatipah\.m2\repository\io\cucumber\html-formatter\12.0.0\html-formatter-12.0.0.jar;C:\Users\Siti Nurlatipah\.m2\repository\io\cucumber\create-meta\3.0.0\create-meta-3.0.0.jar;C:\Users\Siti Nurlatipah\.m2\repository\com\typesafe\config\1.3.1\config-1.3.1.jar;C:\Users\Siti Nurlatipah\.m2\repository\org\imgscalr\imgscalr-lib\4.2\imgscalr-lib-4.2.jar;C:\Users\Siti Nurlatipah\.m2\repository\org\awaitility\awaitility\4.0.3\awaitility-4.0.3.jar;C:\Users\Siti Nurlatipah\.m2\repository\org\freemarker\freemarker\2.3.29\freemarker-2.3.29.jar;C:\Users\Siti Nurlatipah\.m2\repository\net\sourceforge\jexcelapi\jxl\2.6.12\jxl-2.6.12.jar;C:\Users\Siti Nurlatipah\.m2\repository\org\asciidoctor\asciidoctorj\2.5.1\asciidoctorj-2.5.1.jar;C:\Users\Siti Nurlatipah\.m2\repository\org\asciidoctor\asciidoctorj-api\2.5.1\asciidoctorj-api-2.5.1.jar;C:\Users\Siti Nurlatipah\.m2\repository\org\jruby\jruby\9.2.17.0\jruby-9.2.17.0.jar;C:\Users\Siti Nurlatipah\.m2\repository\org\jruby\jruby-core\9.2.17.0\jruby-core-9.2.17.0.jar;C:\Users\Siti Nurlatipah\.m2\repository\com\github\jnr\jnr-netdb\1.2.0\jnr-netdb-1.2.0.jar;C:\Users\Siti Nurlatipah\.m2\repository\com\github\jnr\jnr-enxio\0.32.3\jnr-enxio-0.32.3.jar;C:\Users\Siti Nurlatipah\.m2\repository\com\github\jnr\jnr-unixsocket\0.38.5\jnr-unixsocket-0.38.5.jar;C:\Users\Siti Nurlatipah\.m2\repository\com\github\jnr\jnr-posix\3.1.4\jnr-posix-3.1.4.jar;C:\Users\Siti Nurlatipah\.m2\repository\com\github\jnr\jnr-constants\0.10.1\jnr-constants-0.10.1.jar;C:\Users\Siti Nurlatipah\.m2\repository\com\github\jnr\jffi\1.3.1\jffi-1.3.1.jar;C:\Users\Siti Nurlatipah\.m2\repository\com\github\jnr\jffi\1.3.1\jffi-1.3.1-native.jar;C:\Users\Siti Nurlatipah\.m2\repository\org\jruby\joni\joni\2.1.31\joni-2.1.31.jar;C:\Users\Siti Nurlatipah\.m2\repository\org\jruby\jcodings\jcodings\1.0.46\jcodings-1.0.46.jar;C:\Users\Siti Nurlatipah\.m2\repository\org\jruby\dirgra\0.3\dirgra-0.3.jar;C:\Users\Siti Nurlatipah\.m2\repository\com\headius\invokebinder\1.11\invokebinder-1.11.jar;C:\Users\Siti Nurlatipah\.m2\repository\com\headius\options\1.4\options-1.4.jar;C:\Users\Siti Nurlatipah\.m2\repository\com\jcraft\jzlib\1.1.3\jzlib-1.1.3.jar;C:\Users\Siti Nurlatipah\.m2\repository\com\martiansoftware\nailgun-server\0.9.1\nailgun-server-0.9.1.jar;C:\Users\Siti Nurlatipah\.m2\repository\com\headius\backport9\1.8\backport9-1.8.jar;C:\Users\Siti Nurlatipah\.m2\repository\javax\annotation\javax.annotation-api\1.3.1\javax.annotation-api-1.3.1.jar;C:\Users\Siti Nurlatipah\.m2\repository\org\jruby\jruby-stdlib\9.2.17.0\jruby-stdlib-9.2.17.0.jar;C:\Users\Siti Nurlatipah\.m2\repository\net\bytebuddy\byte-buddy\1.11.1\byte-buddy-1.11.1.jar;C:\Users\Siti Nurlatipah\.m2\repository\net\bytebuddy\byte-buddy-agent\1.11.1\byte-buddy-agent-1.11.1.jar;C:\Users\Siti Nurlatipah\.m2\repository\org\objenesis\objenesis\3.1\objenesis-3.1.jar;C:\Users\Siti Nurlatipah\.m2\repository\net\serenity-bdd\serenity-reports\2.4.51\serenity-reports-2.4.51.jar;C:\Users\Siti Nurlatipah\.m2\repository\net\serenity-bdd\serenity-stats\2.4.51\serenity-stats-2.4.51.jar;C:\Users\Siti Nurlatipah\.m2\repository\org\jetbrains\kotlin\kotlin-stdlib\1.5.0\kotlin-stdlib-1.5.0.jar;C:\Users\Siti Nurlatipah\.m2\repository\org\jetbrains\annotations\13.0\annotations-13.0.jar;C:\Users\Siti Nurlatipah\.m2\repository\org\jetbrains\kotlin\kotlin-stdlib-common\1.5.0\kotlin-stdlib-common-1.5.0.jar;C:\Users\Siti Nurlatipah\.m2\repository\net\serenity-bdd\serenity-reports-configuration\2.4.51\serenity-reports-configuration-2.4.51.jar;C:\Users\Siti Nurlatipah\.m2\repository\com\vladsch\flexmark\flexmark-all\0.34.30\flexmark-all-0.34.30.jar;C:\Users\Siti Nurlatipah\.m2\repository\com\vladsch\flexmark\flexmark\0.34.30\flexmark-0.34.30.jar;C:\Users\Siti Nurlatipah\.m2\repository\com\vladsch\flexmark\flexmark-ext-abbreviation\0.34.30\flexmark-ext-abbreviation-0.34.30.jar;C:\Users\Siti Nurlatipah\.m2\repository\com\vladsch\flexmark\flexmark-ext-admonition\0.34.30\flexmark-ext-admonition-0.34.30.jar;C:\Users\Siti Nurlatipah\.m2\repository\com\vladsch\flexmark\flexmark-ext-anchorlink\0.34.30\flexmark-ext-anchorlink-0.34.30.jar;C:\Users\Siti Nurlatipah\.m2\repository\com\vladsch\flexmark\flexmark-ext-aside\0.34.30\flexmark-ext-aside-0.34.30.jar;C:\Users\Siti Nurlatipah\.m2\repository\com\vladsch\flexmark\flexmark-ext-attributes\0.34.30\flexmark-ext-attributes-0.34.30.jar;C:\Users\Siti Nurlatipah\.m2\repository\com\vladsch\flexmark\flexmark-ext-autolink\0.34.30\flexmark-ext-autolink-0.34.30.jar;C:\Users\Siti Nurlatipah\.m2\repository\org\nibor\autolink\autolink\0.6.0\autolink-0.6.0.jar;C:\Users\Siti Nurlatipah\.m2\repository\com\vladsch\flexmark\flexmark-ext-definition\0.34.30\flexmark-ext-definition-0.34.30.jar;C:\Users\Siti Nurlatipah\.m2\repository\com\vladsch\flexmark\flexmark-ext-emoji\0.34.30\flexmark-ext-emoji-0.34.30.jar;C:\Users\Siti Nurlatipah\.m2\repository\com\vladsch\flexmark\flexmark-ext-enumerated-reference\0.34.30\flexmark-ext-enumerated-reference-0.34.30.jar;C:\Users\Siti Nurlatipah\.m2\repository\com\vladsch\flexmark\flexmark-ext-escaped-character\0.34.30\flexmark-ext-escaped-character-0.34.30.jar;C:\Users\Siti Nurlatipah\.m2\repository\com\vladsch\flexmark\flexmark-ext-footnotes\0.34.30\flexmark-ext-footnotes-0.34.30.jar;C:\Users\Siti Nurlatipah\.m2\repository\com\vladsch\flexmark\flexmark-ext-gfm-issues\0.34.30\flexmark-ext-gfm-issues-0.34.30.jar;C:\Users\Siti Nurlatipah\.m2\repository\com\vladsch\flexmark\flexmark-ext-gfm-strikethrough\0.34.30\flexmark-ext-gfm-strikethrough-0.34.30.jar;C:\Users\Siti Nurlatipah\.m2\repository\com\vladsch\flexmark\flexmark-ext-gfm-tables\0.34.30\flexmark-ext-gfm-tables-0.34.30.jar;C:\Users\Siti Nurlatipah\.m2\repository\com\vladsch\flexmark\flexmark-ext-gfm-tasklist\0.34.30\flexmark-ext-gfm-tasklist-0.34.30.jar;C:\Users\Siti Nurlatipah\.m2\repository\com\vladsch\flexmark\flexmark-ext-gfm-users\0.34.30\flexmark-ext-gfm-users-0.34.30.jar;C:\Users\Siti Nurlatipah\.m2\repository\com\vladsch\flexmark\flexmark-ext-gitlab\0.34.30\flexmark-ext-gitlab-0.34.30.jar;C:\Users\Siti Nurlatipah\.m2\repository\com\vladsch\flexmark\flexmark-ext-jekyll-front-matter\0.34.30\flexmark-ext-jekyll-front-matter-0.34.30.jar;C:\Users\Siti Nurlatipah\.m2\repository\com\vladsch\flexmark\flexmark-ext-jekyll-tag\0.34.30\flexmark-ext-jekyll-tag-0.34.30.jar;C:\Users\Siti Nurlatipah\.m2\repository\com\vladsch\flexmark\flexmark-ext-media-tags\0.34.30\flexmark-ext-media-tags-0.34.30.jar;C:\Users\Siti Nurlatipah\.m2\repository\com\vladsch\flexmark\flexmark-test-util\0.34.30\flexmark-test-util-0.34.30.jar;C:\Users\Siti Nurlatipah\.m2\repository\com\vladsch\flexmark\flexmark-ext-ins\0.34.30\flexmark-ext-ins-0.34.30.jar;C:\Users\Siti Nurlatipah\.m2\repository\com\vladsch\flexmark\flexmark-ext-xwiki-macros\0.34.30\flexmark-ext-xwiki-macros-0.34.30.jar;C:\Users\Siti Nurlatipah\.m2\repository\com\vladsch\flexmark\flexmark-ext-superscript\0.34.30\flexmark-ext-superscript-0.34.30.jar;C:\Users\Siti Nurlatipah\.m2\repository\com\vladsch\flexmark\flexmark-ext-tables\0.34.30\flexmark-ext-tables-0.34.30.jar;C:\Users\Siti Nurlatipah\.m2\repository\com\vladsch\flexmark\flexmark-ext-toc\0.34.30\flexmark-ext-toc-0.34.30.jar;C:\Users\Siti Nurlatipah\.m2\repository\com\vladsch\flexmark\flexmark-ext-typographic\0.34.30\flexmark-ext-typographic-0.34.30.jar;C:\Users\Siti Nurlatipah\.m2\repository\com\vladsch\flexmark\flexmark-ext-wikilink\0.34.30\flexmark-ext-wikilink-0.34.30.jar;C:\Users\Siti Nurlatipah\.m2\repository\com\vladsch\flexmark\flexmark-ext-yaml-front-matter\0.34.30\flexmark-ext-yaml-front-matter-0.34.30.jar;C:\Users\Siti Nurlatipah\.m2\repository\com\vladsch\flexmark\flexmark-ext-youtube-embedded\0.34.30\flexmark-ext-youtube-embedded-0.34.30.jar;C:\Users\Siti Nurlatipah\.m2\repository\com\vladsch\flexmark\flexmark-formatter\0.34.30\flexmark-formatter-0.34.30.jar;C:\Users\Siti Nurlatipah\.m2\repository\com\vladsch\flexmark\flexmark-html-parser\0.34.30\flexmark-html-parser-0.34.30.jar;C:\Users\Siti Nurlatipah\.m2\repository\com\vladsch\flexmark\flexmark-jira-converter\0.34.30\flexmark-jira-converter-0.34.30.jar;C:\Users\Siti Nurlatipah\.m2\repository\com\vladsch\flexmark\flexmark-pdf-converter\0.34.30\flexmark-pdf-converter-0.34.30.jar;C:\Users\Siti Nurlatipah\.m2\repository\com\openhtmltopdf\openhtmltopdf-core\0.0.1-RC13\openhtmltopdf-core-0.0.1-RC13.jar;C:\Users\Siti Nurlatipah\.m2\repository\com\openhtmltopdf\openhtmltopdf-pdfbox\0.0.1-RC13\openhtmltopdf-pdfbox-0.0.1-RC13.jar;C:\Users\Siti Nurlatipah\.m2\repository\org\apache\pdfbox\pdfbox\2.0.8\pdfbox-2.0.8.jar;C:\Users\Siti Nurlatipah\.m2\repository\org\apache\pdfbox\fontbox\2.0.8\fontbox-2.0.8.jar;C:\Users\Siti Nurlatipah\.m2\repository\org\apache\pdfbox\xmpbox\2.0.8\xmpbox-2.0.8.jar;C:\Users\Siti Nurlatipah\.m2\repository\de\rototor\pdfbox\graphics2d\0.12\graphics2d-0.12.jar;C:\Users\Siti Nurlatipah\.m2\repository\com\openhtmltopdf\openhtmltopdf-rtl-support\0.0.1-RC13\openhtmltopdf-rtl-support-0.0.1-RC13.jar;C:\Users\Siti Nurlatipah\.m2\repository\com\ibm\icu\icu4j\59.1\icu4j-59.1.jar;C:\Users\Siti Nurlatipah\.m2\repository\com\openhtmltopdf\openhtmltopdf-jsoup-dom-converter\0.0.1-RC13\openhtmltopdf-jsoup-dom-converter-0.0.1-RC13.jar;C:\Users\Siti Nurlatipah\.m2\repository\com\vladsch\flexmark\flexmark-profile-pegdown\0.34.30\flexmark-profile-pegdown-0.34.30.jar;C:\Users\Siti Nurlatipah\.m2\repository\com\vladsch\flexmark\flexmark-util\0.34.30\flexmark-util-0.34.30.jar;C:\Users\Siti Nurlatipah\.m2\repository\com\vladsch\flexmark\flexmark-youtrack-converter\0.34.30\flexmark-youtrack-converter-0.34.30.jar;C:\Users\Siti Nurlatipah\.m2\repository\es\nitaur\markdown\txtmark\0.16\txtmark-0.16.jar;C:\Users\Siti Nurlatipah\.m2\repository\net\serenity-bdd\serenity-report-resources\2.4.51\serenity-report-resources-2.4.51.jar;C:\Users\Siti Nurlatipah\.m2\repository\com\google\code\gson\gson\2.8.7\gson-2.8.7.jar;C:\Users\Siti Nurlatipah\.m2\repository\com\fasterxml\jackson\core\jackson-core\2.12.4\jackson-core-2.12.4.jar;C:\Users\Siti Nurlatipah\.m2\repository\com\fasterxml\jackson\core\jackson-databind\2.12.4\jackson-databind-2.12.4.jar;C:\Users\Siti Nurlatipah\.m2\repository\com\fasterxml\jackson\core\jackson-annotations\2.12.4\jackson-annotations-2.12.4.jar;C:\Users\Siti Nurlatipah\.m2\repository\commons-codec\commons-codec\1.15\commons-codec-1.15.jar;C:\Users\Siti Nurlatipah\.m2\repository\commons-io\commons-io\2.8.0\commons-io-2.8.0.jar;C:\Users\Siti Nurlatipah\.m2\repository\org\seleniumhq\selenium\selenium-server\3.141.59\selenium-server-3.141.59.jar;C:\Users\Siti Nurlatipah\.m2\repository\org\seleniumhq\selenium\selenium-opera-driver\3.141.59\selenium-opera-driver-3.141.59.jar;C:\Users\Siti Nurlatipah\.m2\repository\org\seleniumhq\selenium\selenium-remote-driver\3.141.59\selenium-remote-driver-3.141.59.jar;C:\Users\Siti Nurlatipah\.m2\repository\org\seleniumhq\selenium\selenium-safari-driver\3.141.59\selenium-safari-driver-3.141.59.jar;C:\Users\Siti Nurlatipah\.m2\repository\com\beust\jcommander\1.72\jcommander-1.72.jar;C:\Users\Siti Nurlatipah\.m2\repository\org\apache\commons\commons-exec\1.3\commons-exec-1.3.jar;C:\Users\Siti Nurlatipah\.m2\repository\net\jcip\jcip-annotations\1.0\jcip-annotations-1.0.jar;C:\Users\Siti Nurlatipah\.m2\repository\org\seleniumhq\selenium\jetty-repacked\9.4.12.v20180830\jetty-repacked-9.4.12.v20180830.jar;C:\Users\Siti Nurlatipah\.m2\repository\com\squareup\okhttp3\okhttp\3.11.0\okhttp-3.11.0.jar;C:\Users\Siti Nurlatipah\.m2\repository\com\squareup\okio\okio\1.14.0\okio-1.14.0.jar;C:\Users\Siti Nurlatipah\.m2\repository\javax\servlet\javax.servlet-api\3.1.0\javax.servlet-api-3.1.0.jar;C:\Users\Siti Nurlatipah\.m2\repository\org\yaml\snakeyaml\1.19\snakeyaml-1.19.jar;C:\Users\Siti Nurlatipah\.m2\repository\org\seleniumhq\selenium\selenium-java\3.141.59\selenium-java-3.141.59.jar;C:\Users\Siti Nurlatipah\.m2\repository\org\seleniumhq\selenium\selenium-api\3.141.59\selenium-api-3.141.59.jar;C:\Users\Siti Nurlatipah\.m2\repository\org\seleniumhq\selenium\selenium-support\3.141.59\selenium-support-3.141.59.jar;C:\Users\Siti Nurlatipah\.m2\repository\org\seleniumhq\selenium\selenium-chrome-driver\3.141.59\selenium-chrome-driver-3.141.59.jar;C:\Users\Siti Nurlatipah\.m2\repository\org\seleniumhq\selenium\selenium-firefox-driver\3.141.59\selenium-firefox-driver-3.141.59.jar;C:\Users\Siti Nurlatipah\.m2\repository\org\seleniumhq\selenium\selenium-edge-driver\3.141.59\selenium-edge-driver-3.141.59.jar;C:\Users\Siti Nurlatipah\.m2\repository\org\seleniumhq\selenium\selenium-ie-driver\3.141.59\selenium-ie-driver-3.141.59.jar;C:\Users\Siti Nurlatipah\.m2\repository\net\sourceforge\htmlunit\htmlunit\2.47.1\htmlunit-2.47.1.jar;C:\Users\Siti Nurlatipah\.m2\repository\xalan\xalan\2.7.2\xalan-2.7.2.jar;C:\Users\Siti Nurlatipah\.m2\repository\xalan\serializer\2.7.2\serializer-2.7.2.jar;C:\Users\Siti Nurlatipah\.m2\repository\net\sourceforge\htmlunit\htmlunit-core-js\2.47.0\htmlunit-core-js-2.47.0.jar;C:\Users\Siti Nurlatipah\.m2\repository\net\sourceforge\htmlunit\neko-htmlunit\2.47.1\neko-htmlunit-2.47.1.jar;C:\Users\Siti Nurlatipah\.m2\repository\xerces\xercesImpl\2.12.0\xercesImpl-2.12.0.jar;C:\Users\Siti Nurlatipah\.m2\repository\xml-apis\xml-apis\1.4.01\xml-apis-1.4.01.jar;C:\Users\Siti Nurlatipah\.m2\repository\net\sourceforge\htmlunit\htmlunit-cssparser\1.7.0\htmlunit-cssparser-1.7.0.jar;C:\Users\Siti Nurlatipah\.m2\repository\org\brotli\dec\0.1.2\dec-0.1.2.jar;C:\Users\Siti Nurlatipah\.m2\repository\com\shapesecurity\salvation2\3.0.0\salvation2-3.0.0.jar;C:\Users\Siti Nurlatipah\.m2\repository\org\eclipse\jetty\websocket\websocket-client\9.4.36.v20210114\websocket-client-9.4.36.v20210114.jar;C:\Users\Siti Nurlatipah\.m2\repository\org\eclipse\jetty\jetty-client\9.4.36.v20210114\jetty-client-9.4.36.v20210114.jar;C:\Users\Siti Nurlatipah\.m2\repository\org\eclipse\jetty\jetty-http\9.4.36.v20210114\jetty-http-9.4.36.v20210114.jar;C:\Users\Siti Nurlatipah\.m2\repository\org\eclipse\jetty\jetty-util\9.4.36.v20210114\jetty-util-9.4.36.v20210114.jar;C:\Users\Siti Nurlatipah\.m2\repository\org\eclipse\jetty\jetty-io\9.4.36.v20210114\jetty-io-9.4.36.v20210114.jar;C:\Users\Siti Nurlatipah\.m2\repository\org\eclipse\jetty\websocket\websocket-common\9.4.36.v20210114\websocket-common-9.4.36.v20210114.jar;C:\Users\Siti Nurlatipah\.m2\repository\org\eclipse\jetty\websocket\websocket-api\9.4.36.v20210114\websocket-api-9.4.36.v20210114.jar;C:\Users\Siti Nurlatipah\.m2\repository\org\projectlombok\lombok\1.18.20\lombok-1.18.20.jar;C:\Users\Siti Nurlatipah\.m2\repository\org\seleniumhq\selenium\htmlunit-driver\2.47.1\htmlunit-driver-2.47.1.jar;C:\Users\Siti Nurlatipah\.m2\repository\com\codeborne\phantomjsdriver\1.4.4\phantomjsdriver-1.4.4.jar;C:\Users\Siti Nurlatipah\.m2\repository\io\appium\java-client\7.5.1\java-client-7.5.1.jar;C:\Users\Siti Nurlatipah\.m2\repository\commons-validator\commons-validator\1.7\commons-validator-1.7.jar;C:\Users\Siti Nurlatipah\.m2\repository\commons-digester\commons-digester\2.1\commons-digester-2.1.jar;C:\Users\Siti Nurlatipah\.m2\repository\org\aspectj\aspectjweaver\1.9.6\aspectjweaver-1.9.6.jar;C:\Users\Siti Nurlatipah\.m2\repository\net\sf\opencsv\opencsv\2.0\opencsv-2.0.jar;C:\Users\Siti Nurlatipah\.m2\repository\commons-beanutils\commons-beanutils\1.9.4\commons-beanutils-1.9.4.jar;C:\Users\Siti Nurlatipah\.m2\repository\org\apache\commons\commons-lang3\3.11\commons-lang3-3.11.jar;C:\Users\Siti Nurlatipah\.m2\repository\commons-collections\commons-collections\3.2.2\commons-collections-3.2.2.jar;C:\Users\Siti Nurlatipah\.m2\repository\org\fluentlenium\fluentlenium-core\0.10.2\fluentlenium-core-0.10.2.jar;C:\Users\Siti Nurlatipah\.m2\repository\io\github\bonigarcia\webdrivermanager\4.4.1\webdrivermanager-4.4.1.jar;C:\Users\Siti Nurlatipah\.m2\repository\org\apache\httpcomponents\client5\httpclient5\5.0.3\httpclient5-5.0.3.jar;C:\Users\Siti Nurlatipah\.m2\repository\org\apache\httpcomponents\core5\httpcore5\5.0.2\httpcore5-5.0.2.jar;C:\Users\Siti Nurlatipah\.m2\repository\org\apache\httpcomponents\core5\httpcore5-h2\5.0.2\httpcore5-h2-5.0.2.jar;C:\Users\Siti Nurlatipah\.m2\repository\org\rauschig\jarchivelib\1.1.0\jarchivelib-1.1.0.jar;C:\Users\Siti Nurlatipah\.m2\repository\org\apache\commons\commons-compress\1.20\commons-compress-1.20.jar;C:\Users\Siti Nurlatipah\.m2\repository\com\jhlabs\filters\2.0.235\filters-2.0.235.jar;C:\Users\Siti Nurlatipah\.m2\repository\com\paulhammant\ngwebdriver\1.1.5\ngwebdriver-1.1.5.jar;C:\Users\Siti Nurlatipah\.m2\repository\joda-time\joda-time\2.8.2\joda-time-2.8.2.jar;C:\Users\Siti Nurlatipah\.m2\repository\com\google\jimfs\jimfs\1.1\jimfs-1.1.jar;C:\Users\Siti Nurlatipah\.m2\repository\org\mockito\mockito-core\3.3.3\mockito-core-3.3.3.jar;C:\Users\Siti Nurlatipah\.m2\repository\javax\xml\bind\jaxb-api\2.3.1\jaxb-api-2.3.1.jar;C:\Users\Siti Nurlatipah\.m2\repository\javax\activation\javax.activation-api\1.2.0\javax.activation-api-1.2.0.jar;C:\Users\Siti Nurlatipah\.m2\repository\com\sun\xml\bind\jaxb-core\2.3.0.1\jaxb-core-2.3.0.1.jar;C:\Users\Siti Nurlatipah\.m2\repository\com\sun\xml\bind\jaxb-impl\2.3.3\jaxb-impl-2.3.3.jar;C:\Users\Siti Nurlatipah\.m2\repository\com\sun\activation\jakarta.activation\1.2.2\jakarta.activation-1.2.2.jar;C:\Users\Siti Nurlatipah\.m2\repository\javax\activation\activation\1.1.1\activation-1.1.1.jar;C:\Users\Siti Nurlatipah\.m2\repository\net\serenity-bdd\serenity-junit\2.4.51\serenity-junit-2.4.51.jar;C:\Users\Siti Nurlatipah\.m2\repository\com\googlecode\json-simple\json-simple\1.1.1\json-simple-1.1.1.jar;C:\Users\Siti Nurlatipah\.m2\repository\net\serenity-bdd\serenity-rest-assured\2.4.51\serenity-rest-assured-2.4.51.jar;C:\Users\Siti Nurlatipah\.m2\repository\org\codehaus\groovy\groovy-json\3.0.8\groovy-json-3.0.8.jar;C:\Users\Siti Nurlatipah\.m2\repository\org\opentest4j\opentest4j\1.2.0\opentest4j-1.2.0.jar;C:\Users\Siti Nurlatipah\.m2\repository\net\serenity-bdd\serenity-screenplay\2.4.51\serenity-screenplay-2.4.51.jar;C:\Users\Siti Nurlatipah\.m2\repository\net\serenity-bdd\serenity-screenplay-rest\2.4.51\serenity-screenplay-rest-2.4.51.jar;C:\Users\Siti Nurlatipah\.m2\repository\net\serenity-bdd\serenity-cucumber6\2.4.51\serenity-cucumber6-2.4.51.jar;C:\Users\Siti Nurlatipah\.m2\repository\net\serenity-bdd\serenity-screenplay-webdriver\2.4.51\serenity-screenplay-webdriver-2.4.51.jar;C:\Users\Siti Nurlatipah\.m2\repository\io\cucumber\cucumber-java\6.10.4\cucumber-java-6.10.4.jar;C:\Users\Siti Nurlatipah\.m2\repository\org\apiguardian\apiguardian-api\1.1.1\apiguardian-api-1.1.1.jar;C:\Users\Siti Nurlatipah\.m2\repository\io\cucumber\cucumber-junit\6.10.4\cucumber-junit-6.10.4.jar;C:\Users\Siti Nurlatipah\.m2\repository\io\cucumber\datatable-matchers\3.4.0\datatable-matchers-3.4.0.jar;C:\Users\Siti Nurlatipah\.m2\repository\io\cucumber\datatable\3.4.0\datatable-3.4.0.jar;C:\Users\Siti Nurlatipah\.m2\repository\commons-logging\commons-logging\1.2\commons-logging-1.2.jar;C:\Users\Siti Nurlatipah\.m2\repository\org\apache\commons\commons-csv\1.5\commons-csv-1.5.jar;C:\Users\Siti Nurlatipah\.m2\repository\io\rest-assured\rest-assured\4.3.2\rest-assured-4.3.2.jar;C:\Users\Siti Nurlatipah\.m2\repository\org\apache\httpcomponents\httpclient\4.5.3\httpclient-4.5.3.jar;C:\Users\Siti Nurlatipah\.m2\repository\org\apache\httpcomponents\httpcore\4.4.6\httpcore-4.4.6.jar;C:\Users\Siti Nurlatipah\.m2\repository\org\apache\httpcomponents\httpmime\4.5.3\httpmime-4.5.3.jar;C:\Users\Siti Nurlatipah\.m2\repository\org\ccil\cowan\tagsoup\tagsoup\1.2.1\tagsoup-1.2.1.jar;C:\Users\Siti Nurlatipah\.m2\repository\io\rest-assured\json-path\4.3.3\json-path-4.3.3.jar;C:\Users\Siti Nurlatipah\.m2\repository\io\rest-assured\rest-assured-common\4.3.3\rest-assured-common-4.3.3.jar;C:\Users\Siti Nurlatipah\.m2\repository\io\rest-assured\xml-path\4.3.3\xml-path-4.3.3.jar;C:\Users\Siti Nurlatipah\.m2\repository\jakarta\xml\bind\jakarta.xml.bind-api\2.3.3\jakarta.xml.bind-api-2.3.3.jar;C:\Users\Siti Nurlatipah\.m2\repository\jakarta\activation\jakarta.activation-api\1.2.2\jakarta.activation-api-1.2.2.jar;C:\Users\Siti Nurlatipah\.m2\repository\org\codehaus\groovy\groovy\3.0.6\groovy-3.0.6.jar;C:\Users\Siti Nurlatipah\.m2\repository\org\codehaus\groovy\groovy-xml\3.0.6\groovy-xml-3.0.6.jar;C:\Users\Siti Nurlatipah\.m2\repository\junit\junit\4.13.1\junit-4.13.1.jar;C:\Users\Siti Nurlatipah\.m2\repository\org\hamcrest\hamcrest-core\1.3\hamcrest-core-1.3.jar;C:\Users\Siti Nurlatipah\.m2\repository\org\assertj\assertj-core\3.6.2\assertj-core-3.6.2.jar;C:\Users\Siti Nurlatipah\.m2\repository\org\hamcrest\hamcrest\2.2\hamcrest-2.2.jar;C:\Users\Siti Nurlatipah\.m2\repository\com\github\javafaker\javafaker\0.15\javafaker-0.15.jar;C:\Users\Siti Nurlatipah\.m2\repository\org\yaml\snakeyaml\1.20\snakeyaml-1.20-android.jar;C:\Users\Siti Nurlatipah\.m2\repository\com\github\mifmif\generex\1.0.2\generex-1.0.2.jar;C:\Users\Siti Nurlatipah\.m2\repository\dk\brics\automaton\automaton\1.11-8\automaton-1.11-8.jar;C:\Users\Siti Nurlatipah\.m2\repository\org\apache\maven\surefire\surefire-junit47\3.0.0-M5\surefire-junit47-3.0.0-M5.jar;C:\Users\Siti Nurlatipah\.m2\repository\org\apache\maven\surefire\common-java5\3.0.0-M5\common-java5-3.0.0-M5.jar;C:\Users\Siti Nurlatipah\.m2\repository\org\apache\maven\surefire\common-junit3\3.0.0-M5\common-junit3-3.0.0-M5.jar;C:\Users\Siti Nurlatipah\.m2\repository\org\apache\maven\surefire\common-junit4\3.0.0-M5\common-junit4-3.0.0-M5.jar;C:\Users\Siti Nurlatipah\.m2\repository\org\apache\maven\surefire\common-junit48\3.0.0-M5\common-junit48-3.0.0-M5.jar;C:\Users\Siti Nurlatipah\.m2\repository\org\apache\maven\surefire\surefire-grouper\3.0.0-M5\surefire-grouper-3.0.0-M5.jar"/>
    <property name="user.script" value=""/>
    <property name="java.protocol.handler.pkgs" value="com.google.common"/>
    <property name="sun.management.compiler" value="HotSpot 64-Bit Tiered Compilers"/>
    <property name="java.runtime.version" value="11.0.14+8-LTS-263"/>
    <property name="user.name" value="Siti Nurlatipah"/>
    <property name="path.separator" value=";"/>
    <property name="os.version" value="10.0"/>
    <property name="java.runtime.name" value="Java(TM) SE Runtime Environment"/>
    <property name="file.encoding" value="Cp1252"/>
    <property name="java.vm.name" value="Java HotSpot(TM) 64-Bit Server VM"/>
    <property name="java.vendor.version" value="18.9"/>
    <property name="localRepository" value="C:\Users\Siti Nurlatipah\.m2\repository"/>
    <property name="java.vendor.url.bug" value="https://bugreport.java.com/bugreport/"/>
    <property name="java.io.tmpdir" value="C:\Users\SITINU~1\AppData\Local\Temp\"/>
    <property name="java.version" value="11.0.14"/>
    <property name="user.dir" value="D:\cicd\web"/>
    <property name="os.arch" value="amd64"/>
    <property name="java.vm.specification.name" value="Java Virtual Machine Specification"/>
    <property name="java.awt.printerjob" value="sun.awt.windows.WPrinterJob"/>
    <property name="sun.os.patch.level" value=""/>
    <property name="java.library.path" value="C:\Program Files\Java\jdk-11.0.14\bin;C:\windows\Sun\Java\bin;C:\windows\system32;C:\windows;C:\Program Files\Common Files\Oracle\Java\javapath;C:\windows\system32;C:\windows;C:\windows\System32\Wbem;C:\windows\System32\WindowsPowerShell\v1.0\;C:\windows\System32\OpenSSH\;C:\Program Files\Git\cmd;C:\Program Files\apache-maven-3.8.5\bin;C:\Program Files\Java\jdk1.8.0_221\bin;C:\Users\Siti Nurlatipah\webdriver;C:\Program Files\nodejs\;C:\Users\Siti Nurlatipah\AppData\Local\Android\Sdk\platform-tools;C:\Users\Siti Nurlatipah\AppData\Local\Android\Sdk\emulator;C:\Users\Siti Nurlatipah\AppData\Local\Microsoft\WindowsApps;C:\Users\Siti Nurlatipah\AppData\Local\Programs\Microsoft VS Code\bin;C:\Program Files\Java\jdk-11.0.14;C:\Users\Siti Nurlatipah\AppData\Roaming\npm;C:\Users\Siti Nurlatipah\AppData\Local\Android\Sdk\emulator;C:\Users\Siti Nurlatipah\AppData\Local\Android\Sdk\platform-tools;C:\Program Files\Java\jdk-11.0.14\bin;C:\Program Files\apache-maven-3.8.5\bin;;."/>
    <property name="java.vendor" value="Oracle Corporation"/>
    <property name="java.vm.info" value="mixed mode"/>
    <property name="java.vm.version" value="11.0.14+8-LTS-263"/>
    <property name="sun.io.unicode.encoding" value="UnicodeLittle"/>
    <property name="java.class.version" value="55.0"/>
  </properties>
  <testcase name="User input valid email and password" classname="User on login page" time="28.98">
    <system-out><![CDATA[
@login
Scenario: User input valid email and password                     &amp#27;[90m# src/test/resources/web/Login.feature:4&amp#27;[0m
09:39:37.767 [pool-2-thread-1] INFO io.cucumber.core.plugin.SerenityReporter - Running feature from file:///D:/cicd/web/src/test/resources/web/Login.feature
09:39:37.767 [pool-2-thread-1] WARN io.cucumber.core.plugin.SerenityReporter - Feature from file:///D:/cicd/web/src/test/resources/web/Login.feature is not under the 'features' directory. Requirements report will not be correctly generated!
09:39:37.772 [pool-2-thread-1] INFO  - 
  _____   ___   ___   _____     ___   _____     _     ___   _____   ___   ___  
 |_   _| | __| / __| |_   _|   / __| |_   _|   /_\   | _ \ |_   _| | __| |   \ 
   | |   | _|  \__ \   | |     \__ \   | |    / _ \  |   /   | |   | _|  | |) |
   |_|   |___| |___/   |_|     |___/   |_|   /_/ \_\ |_|_\   |_|   |___| |___/ 

User input valid email and password(user-on-login-page;user-input-valid-email-and-password)
--------------------------------------------------------------------------------
09:39:38.310 [pool-2-thread-1] DEBUG net.thucydides.core.steps.StepInterceptor - STARTING STEP: LoginSteps.onLoginPage - openPage
09:39:38.315 [pool-2-thread-1] INFO net.serenitybdd.core.webdriver.driverproviders.ChromeDriverProvider - Using automatically driver download
09:39:38.349 [pool-2-thread-1] DEBUG io.github.bonigarcia.wdm.cache.ResolutionCache - Resolution chrome=103 in cache (valid until 09:53:19 18/07/2022 ICT)
09:39:38.351 [pool-2-thread-1] DEBUG io.github.bonigarcia.wdm.cache.ResolutionCache - Resolution chrome103=103.0.5060.53 in cache (valid until 19:04:47 18/07/2022 ICT)
09:39:38.351 [pool-2-thread-1] INFO io.github.bonigarcia.wdm.WebDriverManager - Using chromedriver 103.0.5060.53 (resolved driver for Chrome 103)
09:39:38.364 [pool-2-thread-1] DEBUG io.github.bonigarcia.wdm.WebDriverManager - Driver chromedriver 103.0.5060.53 found in cache
09:39:38.366 [pool-2-thread-1] INFO io.github.bonigarcia.wdm.WebDriverManager - Exporting webdriver.chrome.driver as C:\Users\Siti Nurlatipah\.cache\selenium\chromedriver\win32\103.0.5060.53\chromedriver.exe
09:39:39.102 [pool-2-thread-1] INFO net.serenitybdd.core.webdriver.driverproviders.ProvideNewDriver - Instantiating driver
09:39:39.102 [pool-2-thread-1] INFO net.serenitybdd.core.webdriver.driverproviders.ProvideNewDriver - Driver capabilities: Capabilities {acceptInsecureCerts: false, base.url: https://diskusiaza.netlify.app, browserName: chrome, chrome.driver: src/test/resources/webdrive..., driver: chrome, goog:chromeOptions: {args: [], extensions: []}, loggingPrefs: org.openqa.selenium.logging...}
09:39:58.604 [pool-2-thread-1] DEBUG net.serenitybdd.core.photography.Darkroom - Opening darkroom
09:39:58.605 [Darkroom Processing Line] DEBUG net.serenitybdd.core.photography.DarkroomProcessingLine - Darkroom processing line starting up
09:39:58.834 [pool-2-thread-1] DEBUG net.serenitybdd.core.photography.Darkroom - Send negative for processing for target\site\serenity\7556db4df44ebef8b767b3aa270c932b8cf2f9f4aff9dd178fa3083dd115384d.png
09:39:58.835 [pool-2-thread-1] DEBUG net.thucydides.core.steps.StepInterceptor - STEP DONE: openPage
  &amp#27;[32mGiven &amp#27;[0m&amp#27;[32muser on login page&amp#27;[0m                                        &amp#27;[90m# StepDefinition.LoginSteps.onLoginPage()&amp#27;[0m
09:39:58.849 [pool-2-thread-1] DEBUG net.thucydides.core.steps.StepInterceptor - STARTING STEP: LoginSteps.inputValidEmail - inputEmail
09:39:59.716 [pool-2-thread-1] DEBUG net.serenitybdd.core.photography.Darkroom - Send negative for processing for target\site\serenity\00c29540f202c1942a591118191d21505873b3ff47ad5b7340126355966841d6.png
09:39:59.716 [pool-2-thread-1] DEBUG net.thucydides.core.steps.StepInterceptor - STEP DONE: inputEmail
09:39:59.717 [Darkroom Processing Line] DEBUG net.serenitybdd.core.photography.DarkroomProcessingLine - Processing screenshot image in /var/screenshots/screenshot-13617554475503337465
09:39:59.717 [Darkroom Processing Line] DEBUG net.serenitybdd.core.photography.DarkroomProcessingLine - Saving screenshot to target\site\serenity\00c29540f202c1942a591118191d21505873b3ff47ad5b7340126355966841d6.png
09:39:59.725 [pool-2-thread-1] DEBUG net.thucydides.core.steps.StepInterceptor - STARTING STEP: LoginSteps.inputValidEmail - inputPassword
09:40:00.487 [pool-2-thread-1] DEBUG net.serenitybdd.core.photography.Darkroom - Send negative for processing for target\site\serenity\720e1c9e328f1a7525375e1f312e577cdce08799fd7fcf32620f811049b27cc9.png
09:40:00.488 [pool-2-thread-1] DEBUG net.thucydides.core.steps.StepInterceptor - STEP DONE: inputPassword
  &amp#27;[32mWhen &amp#27;[0m&amp#27;[32muser input valid email &amp#27;[0m&amp#27;[32m&amp#27;[1mii@gmail.com&amp#27;[0m&amp#27;[32m and valid password &amp#27;[0m&amp#27;[32m&amp#27;[1m123&amp#27;[0m &amp#27;[90m# StepDefinition.LoginSteps.inputValidEmail(java.lang.String,java.lang.String)&amp#27;[0m
09:40:00.488 [Darkroom Processing Line] DEBUG net.serenitybdd.core.photography.DarkroomProcessingLine - Processing screenshot image in /var/screenshots/screenshot-962668395947247990
09:40:00.488 [Darkroom Processing Line] DEBUG net.serenitybdd.core.photography.DarkroomProcessingLine - Saving screenshot to target\site\serenity\720e1c9e328f1a7525375e1f312e577cdce08799fd7fcf32620f811049b27cc9.png
09:40:00.505 [pool-2-thread-1] DEBUG net.thucydides.core.steps.StepInterceptor - STARTING STEP: LoginSteps.clickLoginButton - clickLoginButton
09:40:00.934 [pool-2-thread-1] DEBUG net.serenitybdd.core.photography.Darkroom - Send negative for processing for target\site\serenity\97c1a1cc150de8410c719c882343f1be64f5e536257a8692467d73f1459b3dc9.png
09:40:00.935 [pool-2-thread-1] DEBUG net.thucydides.core.steps.StepInterceptor - STEP DONE: clickLoginButton
  &amp#27;[32mAnd &amp#27;[0m&amp#27;[32muser click button login&amp#27;[0m                                     &amp#27;[90m# StepDefinition.LoginSteps.clickLoginButton()&amp#27;[0m
09:40:00.954 [pool-2-thread-1] DEBUG net.thucydides.core.steps.StepInterceptor - STARTING STEP: LoginSteps.successLogin - validationOnHomepage
09:40:02.336 [pool-2-thread-1] DEBUG net.serenitybdd.core.photography.Darkroom - Send negative for processing for target\site\serenity\01de39f8380861f7e892df310886ac428efa4a0ad8f8ac0e4af8f4b7b3b1d7f4.png
09:40:02.336 [pool-2-thread-1] DEBUG net.thucydides.core.steps.StepInterceptor - STEP DONE: validationOnHomepage
  &amp#27;[32mThen &amp#27;[0m&amp#27;[32muser success to landing page&amp#27;[0m                               &amp#27;[90m# StepDefinition.LoginSteps.successLogin()&amp#27;[0m
09:40:02.343 [pool-2-thread-1] INFO  - 
  _____   ___   ___   _____     ___     _     ___   ___   ___   ___  
 |_   _| | __| / __| |_   _|   | _ \   /_\   / __| / __| | __| |   \ 
   | |   | _|  \__ \   | |     |  _/  / _ \  \__ \ \__ \ | _|  | |) |
   |_|   |___| |___/   |_|     |_|   /_/ \_\ |___/ |___/ |___| |___/ 

User input valid email and password
----------------------------------------------------------------------
09:40:15.862 [Darkroom Processing Line] DEBUG net.serenitybdd.core.photography.DarkroomProcessingLine - Processing screenshot image in /var/screenshots/screenshot-13162614596052987454
09:40:15.862 [Darkroom Processing Line] DEBUG net.serenitybdd.core.photography.DarkroomProcessingLine - Saving screenshot to target\site\serenity\8ce5f148d0417e579561f484319b73910ce5709fb2f1351ae2fd98f012246829.png
09:40:30.423 [Darkroom Processing Line] DEBUG net.serenitybdd.core.photography.DarkroomProcessingLine - Processing screenshot image in /var/screenshots/screenshot-11102689649945616516
09:40:30.423 [Darkroom Processing Line] DEBUG net.serenitybdd.core.photography.DarkroomProcessingLine - Saving screenshot to target\site\serenity\2e5613da94cc4a33cbf6caabb43925752d53644e862ed7785cf0328ccd3b99df.png
09:40:31.081 [Darkroom Processing Line] DEBUG net.serenitybdd.core.photography.DarkroomProcessingLine - Processing screenshot image in /var/screenshots/screenshot-5902161908716146468
09:40:31.082 [Darkroom Processing Line] DEBUG net.serenitybdd.core.photography.DarkroomProcessingLine - Saving screenshot to target\site\serenity\e94829104bc627da0f6cd37c2658c1cbc7117141bb24ab98481cc7c6adf0e35d.png
09:40:31.827 [Darkroom Processing Line] DEBUG net.serenitybdd.core.photography.DarkroomProcessingLine - Processing screenshot image in /var/screenshots/screenshot-6422623012461656010
09:40:31.827 [Darkroom Processing Line] DEBUG net.serenitybdd.core.photography.DarkroomProcessingLine - Saving screenshot to target\site\serenity\9c05bfe307340ab4f92bc34b804061816083a282b71ea37bf7b316097c625000.png
09:40:46.012 [Darkroom Processing Line] DEBUG net.serenitybdd.core.photography.DarkroomProcessingLine - Processing screenshot image in /var/screenshots/screenshot-5792304446465176087
09:40:46.012 [Darkroom Processing Line] DEBUG net.serenitybdd.core.photography.DarkroomProcessingLine - Saving screenshot to target\site\serenity\f9f8f7721db67240e758e3385e83c09f715689f8e1ed8829e4425e7a138b7774.png
09:40:46.628 [Darkroom Processing Line] DEBUG net.serenitybdd.core.photography.DarkroomProcessingLine - Processing screenshot image in /var/screenshots/screenshot-4385426527870312174
09:40:46.628 [Darkroom Processing Line] DEBUG net.serenitybdd.core.photography.DarkroomProcessingLine - Saving screenshot to target\site\serenity\1c7d505d4eb7c9fe2788752ebfabd7a0e1db8f9e51800571cb4c55ca2b877043.png
09:40:47.440 [Darkroom Processing Line] DEBUG net.serenitybdd.core.photography.DarkroomProcessingLine - Processing screenshot image in /var/screenshots/screenshot-11798460982029416072
09:40:47.440 [Darkroom Processing Line] DEBUG net.serenitybdd.core.photography.DarkroomProcessingLine - Saving screenshot to target\site\serenity\7f86e40a575842e15ce0acec30b451a156716cd706d72836915c7848e9172956.png
]]></system-out>
    <system-err><![CDATA[Starting ChromeDriver 103.0.5060.53 (a1711811edd74ff1cf2150f36ffa3b0dae40b17f-refs/branch-heads/5060@{#853}) on port 28986
Only local connections are allowed.
Please see https://chromedriver.chromium.org/security-considerations for suggestions on keeping ChromeDriver safe.
ChromeDriver was started successfully.
Jul 18, 2022 9:39:41 AM org.openqa.selenium.remote.ProtocolHandshake createSession
INFO: Detected dialect: W3C
Jul 18, 2022 9:40:05 AM org.openqa.selenium.os.OsProcess destroy
SEVERE: Unable to kill process Process[pid=15672, exitValue=1]
]]></system-err>
  </testcase>
  <testcase name="user input valid email and invalid password" classname="User on login page" time="12.065">
    <system-out><![CDATA[
@login
Scenario: user input valid email and invalid password               &amp#27;[90m# src/test/resources/web/Login.feature:10&amp#27;[0m
09:40:05.102 [pool-2-thread-1] INFO io.cucumber.core.plugin.SerenityReporter - Running feature from file:///D:/cicd/web/src/test/resources/web/Login.feature
09:40:05.102 [pool-2-thread-1] WARN io.cucumber.core.plugin.SerenityReporter - Feature from file:///D:/cicd/web/src/test/resources/web/Login.feature is not under the 'features' directory. Requirements report will not be correctly generated!
09:40:05.108 [pool-2-thread-1] INFO  - 
  _____   ___   ___   _____     ___   _____     _     ___   _____   ___   ___  
 |_   _| | __| / __| |_   _|   / __| |_   _|   /_\   | _ \ |_   _| | __| |   \ 
   | |   | _|  \__ \   | |     \__ \   | |    / _ \  |   /   | |   | _|  | |) |
   |_|   |___| |___/   |_|     |___/   |_|   /_/ \_\ |_|_\   |_|   |___| |___/ 

user input valid email and invalid password(user-on-login-page;user-input-valid-email-and-invalid-password)
--------------------------------------------------------------------------------
09:40:05.145 [pool-2-thread-1] DEBUG net.thucydides.core.steps.StepInterceptor - STARTING STEP: LoginSteps.onLoginPage - openPage
09:40:05.151 [pool-2-thread-1] INFO net.serenitybdd.core.webdriver.driverproviders.ChromeDriverProvider - Using automatically driver download
09:40:05.170 [pool-2-thread-1] DEBUG io.github.bonigarcia.wdm.cache.ResolutionCache - Resolution chrome=103 in cache (valid until 09:53:19 18/07/2022 ICT)
09:40:05.176 [pool-2-thread-1] DEBUG io.github.bonigarcia.wdm.cache.ResolutionCache - Resolution chrome103=103.0.5060.53 in cache (valid until 19:04:47 18/07/2022 ICT)
09:40:05.176 [pool-2-thread-1] INFO io.github.bonigarcia.wdm.WebDriverManager - Using chromedriver 103.0.5060.53 (resolved driver for Chrome 103)
09:40:05.260 [pool-2-thread-1] DEBUG io.github.bonigarcia.wdm.WebDriverManager - Driver chromedriver 103.0.5060.53 found in cache
09:40:05.262 [pool-2-thread-1] INFO io.github.bonigarcia.wdm.WebDriverManager - Exporting webdriver.chrome.driver as C:\Users\Siti Nurlatipah\.cache\selenium\chromedriver\win32\103.0.5060.53\chromedriver.exe
09:40:05.674 [pool-2-thread-1] INFO net.serenitybdd.core.webdriver.driverproviders.ProvideNewDriver - Instantiating driver
09:40:05.674 [pool-2-thread-1] INFO net.serenitybdd.core.webdriver.driverproviders.ProvideNewDriver - Driver capabilities: Capabilities {acceptInsecureCerts: false, base.url: https://diskusiaza.netlify.app, browserName: chrome, chrome.driver: src/test/resources/webdrive..., driver: chrome, goog:chromeOptions: {args: [], extensions: []}, loggingPrefs: org.openqa.selenium.logging...}
09:40:13.949 [pool-2-thread-1] DEBUG net.serenitybdd.core.photography.Darkroom - Send negative for processing for target\site\serenity\7556db4df44ebef8b767b3aa270c932b8cf2f9f4aff9dd178fa3083dd115384d.png
09:40:13.949 [pool-2-thread-1] DEBUG net.thucydides.core.steps.StepInterceptor - STEP DONE: openPage
  &amp#27;[32mGiven &amp#27;[0m&amp#27;[32muser on login page&amp#27;[0m                                          &amp#27;[90m# StepDefinition.LoginSteps.onLoginPage()&amp#27;[0m
09:40:13.969 [pool-2-thread-1] DEBUG net.thucydides.core.steps.StepInterceptor - STARTING STEP: LoginSteps.inputInvalidPassword - inputEmail
09:40:14.750 [pool-2-thread-1] DEBUG net.serenitybdd.core.photography.Darkroom - Send negative for processing for target\site\serenity\00c29540f202c1942a591118191d21505873b3ff47ad5b7340126355966841d6.png
09:40:14.751 [pool-2-thread-1] DEBUG net.thucydides.core.steps.StepInterceptor - STEP DONE: inputEmail
09:40:14.757 [pool-2-thread-1] DEBUG net.thucydides.core.steps.StepInterceptor - STARTING STEP: LoginSteps.inputInvalidPassword - inputPassword
09:40:15.386 [pool-2-thread-1] DEBUG net.serenitybdd.core.photography.Darkroom - Send negative for processing for target\site\serenity\720e1c9e328f1a7525375e1f312e577cdce08799fd7fcf32620f811049b27cc9.png
09:40:15.387 [pool-2-thread-1] DEBUG net.thucydides.core.steps.StepInterceptor - STEP DONE: inputPassword
  &amp#27;[32mWhen &amp#27;[0m&amp#27;[32muser input valid email &amp#27;[0m&amp#27;[32m&amp#27;[1mii@gmail.com&amp#27;[0m&amp#27;[32m and invalid password &amp#27;[0m&amp#27;[32m&amp#27;[1mabc&amp#27;[0m &amp#27;[90m# StepDefinition.LoginSteps.inputInvalidPassword(java.lang.String,java.lang.String)&amp#27;[0m
09:40:15.408 [pool-2-thread-1] DEBUG net.thucydides.core.steps.StepInterceptor - STARTING STEP: LoginSteps.clickLoginButton2 - clickLoginButton
09:40:15.860 [pool-2-thread-1] DEBUG net.serenitybdd.core.photography.Darkroom - Send negative for processing for target\site\serenity\8ce5f148d0417e579561f484319b73910ce5709fb2f1351ae2fd98f012246829.png
09:40:15.861 [pool-2-thread-1] DEBUG net.thucydides.core.steps.StepInterceptor - STEP DONE: clickLoginButton
  &amp#27;[32mAnd &amp#27;[0m&amp#27;[32muser click button login2&amp#27;[0m                                      &amp#27;[90m# StepDefinition.LoginSteps.clickLoginButton2()&amp#27;[0m
  &amp#27;[32mThen &amp#27;[0m&amp#27;[32mgot massage2 &amp#27;[0m&amp#27;[32m&amp#27;[1memail or password wrong&amp#27;[0m                         &amp#27;[90m# StepDefinition.LoginSteps.iFailedToLoginAndGetErrorMessage2(java.lang.String)&amp#27;[0m
09:40:15.884 [pool-2-thread-1] INFO  - 
  _____   ___   ___   _____     ___     _     ___   ___   ___   ___  
 |_   _| | __| / __| |_   _|   | _ \   /_\   / __| / __| | __| |   \ 
   | |   | _|  \__ \   | |     |  _/  / _ \  \__ \ \__ \ | _|  | |) |
   |_|   |___| |___/   |_|     |_|   /_/ \_\ |___/ |___/ |___| |___/ 

user input valid email and invalid password
----------------------------------------------------------------------
]]></system-out>
    <system-err><![CDATA[Starting ChromeDriver 103.0.5060.53 (a1711811edd74ff1cf2150f36ffa3b0dae40b17f-refs/branch-heads/5060@{#853}) on port 33340
Only local connections are allowed.
Please see https://chromedriver.chromium.org/security-considerations for suggestions on keeping ChromeDriver safe.
ChromeDriver was started successfully.
Jul 18, 2022 9:40:08 AM org.openqa.selenium.remote.ProtocolHandshake createSession
INFO: Detected dialect: W3C
]]></system-err>
  </testcase>
  <testcase name="user input invalid email and valid password" classname="User on login page" time="15.768">
    <system-out><![CDATA[
@login
Scenario: user input invalid email and valid password         &amp#27;[90m# src/test/resources/web/Login.feature:16&amp#27;[0m
09:40:17.605 [pool-2-thread-1] INFO io.cucumber.core.plugin.SerenityReporter - Running feature from file:///D:/cicd/web/src/test/resources/web/Login.feature
09:40:17.605 [pool-2-thread-1] WARN io.cucumber.core.plugin.SerenityReporter - Feature from file:///D:/cicd/web/src/test/resources/web/Login.feature is not under the 'features' directory. Requirements report will not be correctly generated!
09:40:17.673 [pool-2-thread-1] INFO  - 
  _____   ___   ___   _____     ___   _____     _     ___   _____   ___   ___  
 |_   _| | __| / __| |_   _|   / __| |_   _|   /_\   | _ \ |_   _| | __| |   \ 
   | |   | _|  \__ \   | |     \__ \   | |    / _ \  |   /   | |   | _|  | |) |
   |_|   |___| |___/   |_|     |___/   |_|   /_/ \_\ |_|_\   |_|   |___| |___/ 

user input invalid email and valid password(user-on-login-page;user-input-invalid-email-and-valid-password)
--------------------------------------------------------------------------------
09:40:18.032 [pool-2-thread-1] DEBUG net.thucydides.core.steps.StepInterceptor - STARTING STEP: LoginSteps.onLoginPage - openPage
09:40:18.034 [pool-2-thread-1] INFO net.serenitybdd.core.webdriver.driverproviders.ChromeDriverProvider - Using automatically driver download
09:40:18.187 [pool-2-thread-1] DEBUG io.github.bonigarcia.wdm.cache.ResolutionCache - Resolution chrome=103 in cache (valid until 09:53:19 18/07/2022 ICT)
09:40:18.188 [pool-2-thread-1] DEBUG io.github.bonigarcia.wdm.cache.ResolutionCache - Resolution chrome103=103.0.5060.53 in cache (valid until 19:04:47 18/07/2022 ICT)
09:40:18.188 [pool-2-thread-1] INFO io.github.bonigarcia.wdm.WebDriverManager - Using chromedriver 103.0.5060.53 (resolved driver for Chrome 103)
09:40:18.315 [pool-2-thread-1] DEBUG io.github.bonigarcia.wdm.WebDriverManager - Driver chromedriver 103.0.5060.53 found in cache
09:40:18.316 [pool-2-thread-1] INFO io.github.bonigarcia.wdm.WebDriverManager - Exporting webdriver.chrome.driver as C:\Users\Siti Nurlatipah\.cache\selenium\chromedriver\win32\103.0.5060.53\chromedriver.exe
09:40:19.721 [pool-2-thread-1] INFO net.serenitybdd.core.webdriver.driverproviders.ProvideNewDriver - Instantiating driver
09:40:19.721 [pool-2-thread-1] INFO net.serenitybdd.core.webdriver.driverproviders.ProvideNewDriver - Driver capabilities: Capabilities {acceptInsecureCerts: false, base.url: https://diskusiaza.netlify.app, browserName: chrome, chrome.driver: src/test/resources/webdrive..., driver: chrome, goog:chromeOptions: {args: [], extensions: []}, loggingPrefs: org.openqa.selenium.logging...}
09:40:29.732 [pool-2-thread-1] DEBUG net.serenitybdd.core.photography.Darkroom - Send negative for processing for target\site\serenity\7556db4df44ebef8b767b3aa270c932b8cf2f9f4aff9dd178fa3083dd115384d.png
09:40:29.733 [pool-2-thread-1] DEBUG net.thucydides.core.steps.StepInterceptor - STEP DONE: openPage
  &amp#27;[32mGiven &amp#27;[0m&amp#27;[32muser on login page&amp#27;[0m                                    &amp#27;[90m# StepDefinition.LoginSteps.onLoginPage()&amp#27;[0m
09:40:29.749 [pool-2-thread-1] DEBUG net.thucydides.core.steps.StepInterceptor - STARTING STEP: LoginSteps.iInputInvalidEmail - inputEmail
09:40:30.422 [pool-2-thread-1] DEBUG net.serenitybdd.core.photography.Darkroom - Send negative for processing for target\site\serenity\2e5613da94cc4a33cbf6caabb43925752d53644e862ed7785cf0328ccd3b99df.png
09:40:30.422 [pool-2-thread-1] DEBUG net.thucydides.core.steps.StepInterceptor - STEP DONE: inputEmail
09:40:30.433 [pool-2-thread-1] DEBUG net.thucydides.core.steps.StepInterceptor - STARTING STEP: LoginSteps.iInputInvalidEmail - inputPassword
09:40:31.081 [pool-2-thread-1] DEBUG net.serenitybdd.core.photography.Darkroom - Send negative for processing for target\site\serenity\e94829104bc627da0f6cd37c2658c1cbc7117141bb24ab98481cc7c6adf0e35d.png
09:40:31.081 [pool-2-thread-1] DEBUG net.thucydides.core.steps.StepInterceptor - STEP DONE: inputPassword
  &amp#27;[32mWhen &amp#27;[0m&amp#27;[32muser input invalid email &amp#27;[0m&amp#27;[32m&amp#27;[1miimail&amp#27;[0m&amp#27;[32m and valid password &amp#27;[0m&amp#27;[32m&amp#27;[1m123&amp#27;[0m &amp#27;[90m# StepDefinition.LoginSteps.iInputInvalidEmail(java.lang.String,java.lang.String)&amp#27;[0m
09:40:31.099 [pool-2-thread-1] DEBUG net.thucydides.core.steps.StepInterceptor - STARTING STEP: LoginSteps.clickLoginButton3 - clickLoginButton
09:40:31.826 [pool-2-thread-1] DEBUG net.serenitybdd.core.photography.Darkroom - Send negative for processing for target\site\serenity\9c05bfe307340ab4f92bc34b804061816083a282b71ea37bf7b316097c625000.png
09:40:31.827 [pool-2-thread-1] DEBUG net.thucydides.core.steps.StepInterceptor - STEP DONE: clickLoginButton
  &amp#27;[32mAnd &amp#27;[0m&amp#27;[32muser click button login3&amp#27;[0m                                &amp#27;[90m# StepDefinition.LoginSteps.clickLoginButton3()&amp#27;[0m
  &amp#27;[32mThen &amp#27;[0m&amp#27;[32mgot massage3 &amp#27;[0m&amp#27;[32m&amp#27;[1memail or password wrong&amp#27;[0m                   &amp#27;[90m# StepDefinition.LoginSteps.iFailToLoginAndGetErrorMessage(java.lang.String)&amp#27;[0m
09:40:31.851 [pool-2-thread-1] INFO  - 
  _____   ___   ___   _____     ___     _     ___   ___   ___   ___  
 |_   _| | __| / __| |_   _|   | _ \   /_\   / __| / __| | __| |   \ 
   | |   | _|  \__ \   | |     |  _/  / _ \  \__ \ \__ \ | _|  | |) |
   |_|   |___| |___/   |_|     |_|   /_/ \_\ |___/ |___/ |___| |___/ 

user input invalid email and valid password
----------------------------------------------------------------------
]]></system-out>
    <system-err><![CDATA[Starting ChromeDriver 103.0.5060.53 (a1711811edd74ff1cf2150f36ffa3b0dae40b17f-refs/branch-heads/5060@{#853}) on port 20489
Only local connections are allowed.
Please see https://chromedriver.chromium.org/security-considerations for suggestions on keeping ChromeDriver safe.
ChromeDriver was started successfully.
Jul 18, 2022 9:40:22 AM org.openqa.selenium.remote.ProtocolHandshake createSession
INFO: Detected dialect: W3C
]]></system-err>
  </testcase>
  <testcase name="user input invalid email and invalid password" classname="User on login page" time="15.788">
    <system-out><![CDATA[
@login
Scenario: user input invalid email and invalid password     &amp#27;[90m# src/test/resources/web/Login.feature:22&amp#27;[0m
09:40:32.964 [pool-2-thread-1] INFO io.cucumber.core.plugin.SerenityReporter - Running feature from file:///D:/cicd/web/src/test/resources/web/Login.feature
09:40:32.964 [pool-2-thread-1] WARN io.cucumber.core.plugin.SerenityReporter - Feature from file:///D:/cicd/web/src/test/resources/web/Login.feature is not under the 'features' directory. Requirements report will not be correctly generated!
09:40:32.970 [pool-2-thread-1] INFO  - 
  _____   ___   ___   _____     ___   _____     _     ___   _____   ___   ___  
 |_   _| | __| / __| |_   _|   / __| |_   _|   /_\   | _ \ |_   _| | __| |   \ 
   | |   | _|  \__ \   | |     \__ \   | |    / _ \  |   /   | |   | _|  | |) |
   |_|   |___| |___/   |_|     |___/   |_|   /_/ \_\ |_|_\   |_|   |___| |___/ 

user input invalid email and invalid password(user-on-login-page;user-input-invalid-email-and-invalid-password)
--------------------------------------------------------------------------------
09:40:33.012 [pool-2-thread-1] DEBUG net.thucydides.core.steps.StepInterceptor - STARTING STEP: LoginSteps.onLoginPage - openPage
09:40:33.014 [pool-2-thread-1] INFO net.serenitybdd.core.webdriver.driverproviders.ChromeDriverProvider - Using automatically driver download
09:40:33.029 [pool-2-thread-1] DEBUG io.github.bonigarcia.wdm.cache.ResolutionCache - Resolution chrome=103 in cache (valid until 09:53:19 18/07/2022 ICT)
09:40:33.094 [pool-2-thread-1] DEBUG io.github.bonigarcia.wdm.cache.ResolutionCache - Resolution chrome103=103.0.5060.53 in cache (valid until 19:04:47 18/07/2022 ICT)
09:40:33.094 [pool-2-thread-1] INFO io.github.bonigarcia.wdm.WebDriverManager - Using chromedriver 103.0.5060.53 (resolved driver for Chrome 103)
09:40:33.105 [pool-2-thread-1] DEBUG io.github.bonigarcia.wdm.WebDriverManager - Driver chromedriver 103.0.5060.53 found in cache
09:40:33.107 [pool-2-thread-1] INFO io.github.bonigarcia.wdm.WebDriverManager - Exporting webdriver.chrome.driver as C:\Users\Siti Nurlatipah\.cache\selenium\chromedriver\win32\103.0.5060.53\chromedriver.exe
09:40:34.175 [pool-2-thread-1] INFO net.serenitybdd.core.webdriver.driverproviders.ProvideNewDriver - Instantiating driver
09:40:34.175 [pool-2-thread-1] INFO net.serenitybdd.core.webdriver.driverproviders.ProvideNewDriver - Driver capabilities: Capabilities {acceptInsecureCerts: false, base.url: https://diskusiaza.netlify.app, browserName: chrome, chrome.driver: src/test/resources/webdrive..., driver: chrome, goog:chromeOptions: {args: [], extensions: []}, loggingPrefs: org.openqa.selenium.logging...}
09:40:45.360 [pool-2-thread-1] DEBUG net.serenitybdd.core.photography.Darkroom - Send negative for processing for target\site\serenity\7556db4df44ebef8b767b3aa270c932b8cf2f9f4aff9dd178fa3083dd115384d.png
09:40:45.361 [pool-2-thread-1] DEBUG net.thucydides.core.steps.StepInterceptor - STEP DONE: openPage
  &amp#27;[32mGiven &amp#27;[0m&amp#27;[32muser on login page&amp#27;[0m                                  &amp#27;[90m# StepDefinition.LoginSteps.onLoginPage()&amp#27;[0m
09:40:45.380 [pool-2-thread-1] DEBUG net.thucydides.core.steps.StepInterceptor - STARTING STEP: LoginSteps.notInputUsernamePassword4 - inputEmail
09:40:46.011 [pool-2-thread-1] DEBUG net.serenitybdd.core.photography.Darkroom - Send negative for processing for target\site\serenity\f9f8f7721db67240e758e3385e83c09f715689f8e1ed8829e4425e7a138b7774.png
09:40:46.012 [pool-2-thread-1] DEBUG net.thucydides.core.steps.StepInterceptor - STEP DONE: inputEmail
09:40:46.017 [pool-2-thread-1] DEBUG net.thucydides.core.steps.StepInterceptor - STARTING STEP: LoginSteps.notInputUsernamePassword4 - inputPassword
09:40:46.627 [pool-2-thread-1] DEBUG net.serenitybdd.core.photography.Darkroom - Send negative for processing for target\site\serenity\1c7d505d4eb7c9fe2788752ebfabd7a0e1db8f9e51800571cb4c55ca2b877043.png
09:40:46.627 [pool-2-thread-1] DEBUG net.thucydides.core.steps.StepInterceptor - STEP DONE: inputPassword
  &amp#27;[32mWhen &amp#27;[0m&amp#27;[32muser input invalid email &amp#27;[0m&amp#27;[32m&amp#27;[1mii&amp#27;[0m&amp#27;[32m and invalid password &amp#27;[0m&amp#27;[32m&amp#27;[1mxyz&amp#27;[0m &amp#27;[90m# StepDefinition.LoginSteps.notInputUsernamePassword4(java.lang.String,java.lang.String)&amp#27;[0m
09:40:46.647 [pool-2-thread-1] DEBUG net.thucydides.core.steps.StepInterceptor - STARTING STEP: LoginSteps.clickLoginButton4 - clickLoginButton
09:40:47.436 [pool-2-thread-1] DEBUG net.serenitybdd.core.photography.Darkroom - Send negative for processing for target\site\serenity\7f86e40a575842e15ce0acec30b451a156716cd706d72836915c7848e9172956.png
09:40:47.437 [pool-2-thread-1] DEBUG net.thucydides.core.steps.StepInterceptor - STEP DONE: clickLoginButton
  &amp#27;[32mAnd &amp#27;[0m&amp#27;[32muser click button login4&amp#27;[0m                              &amp#27;[90m# StepDefinition.LoginSteps.clickLoginButton4()&amp#27;[0m
  &amp#27;[32mThen &amp#27;[0m&amp#27;[32mgot massage4 &amp#27;[0m&amp#27;[32m&amp#27;[1memail or password wrong&amp#27;[0m                 &amp#27;[90m# StepDefinition.LoginSteps.iGetErrorMessage(java.lang.String)&amp#27;[0m
09:40:47.463 [pool-2-thread-1] INFO  - 
  _____   ___   ___   _____     ___     _     ___   ___   ___   ___  
 |_   _| | __| / __| |_   _|   | _ \   /_\   / __| / __| | __| |   \ 
   | |   | _|  \__ \   | |     |  _/  / _ \  \__ \ \__ \ | _|  | |) |
   |_|   |___| |___/   |_|     |_|   /_/ \_\ |___/ |___/ |___| |___/ 

user input invalid email and invalid password
----------------------------------------------------------------------
]]></system-out>
    <system-err><![CDATA[Starting ChromeDriver 103.0.5060.53 (a1711811edd74ff1cf2150f36ffa3b0dae40b17f-refs/branch-heads/5060@{#853}) on port 25326
Only local connections are allowed.
Please see https://chromedriver.chromium.org/security-considerations for suggestions on keeping ChromeDriver safe.
ChromeDriver was started successfully.
Jul 18, 2022 9:40:36 AM org.openqa.selenium.remote.ProtocolHandshake createSession
INFO: Detected dialect: W3C
]]></system-err>
  </testcase>
</testsuite>